[2024-05-12T02:10:13.750+0000] {local_task_job_runner.py:120} INFO - ::group::Pre task execution logs
[2024-05-12T02:10:13.764+0000] {taskinstance.py:2076} INFO - Dependencies all met for dep_context=non-requeueable deps ti=<TaskInstance: tutorial_v2.second_task scheduled__2024-05-11T00:00:00+00:00 [queued]>
[2024-05-12T02:10:13.767+0000] {taskinstance.py:2076} INFO - Dependencies all met for dep_context=requeueable deps ti=<TaskInstance: tutorial_v2.second_task scheduled__2024-05-11T00:00:00+00:00 [queued]>
[2024-05-12T02:10:13.768+0000] {taskinstance.py:2306} INFO - Starting attempt 2 of 6
[2024-05-12T02:10:13.773+0000] {taskinstance.py:2330} INFO - Executing <Task(BashOperator): second_task> on 2024-05-11 00:00:00+00:00
[2024-05-12T02:10:13.776+0000] {standard_task_runner.py:90} INFO - Running: ['***', 'tasks', 'run', 'tutorial_v2', 'second_task', 'scheduled__2024-05-11T00:00:00+00:00', '--job-id', '7', '--raw', '--subdir', 'DAGS_FOLDER/our_first_dag.py', '--cfg-path', '/tmp/tmpz5hlwe7a']
[2024-05-12T02:10:13.777+0000] {logging_mixin.py:188} WARNING - /home/***/.local/lib/python3.12/site-packages/***/task/task_runner/standard_task_runner.py:61 DeprecationWarning: This process (pid=1032) is multi-threaded, use of fork() may lead to deadlocks in the child.
[2024-05-12T02:10:13.777+0000] {standard_task_runner.py:91} INFO - Job 7: Subtask second_task
[2024-05-12T02:10:13.777+0000] {standard_task_runner.py:63} INFO - Started process 1033 to run task
[2024-05-12T02:10:13.797+0000] {task_command.py:426} INFO - Running <TaskInstance: tutorial_v2.second_task scheduled__2024-05-11T00:00:00+00:00 [running]> on host e768b7f5ee51
[2024-05-12T02:10:13.832+0000] {taskinstance.py:2648} INFO - Exporting env vars: AIRFLOW_CTX_DAG_OWNER='tony arianto' AIRFLOW_CTX_DAG_ID='tutorial_v2' AIRFLOW_CTX_TASK_ID='second_task' AIRFLOW_CTX_EXECUTION_DATE='2024-05-11T00:00:00+00:00' AIRFLOW_CTX_TRY_NUMBER='2' AIRFLOW_CTX_DAG_RUN_ID='scheduled__2024-05-11T00:00:00+00:00'
[2024-05-12T02:10:13.833+0000] {taskinstance.py:430} INFO - ::endgroup::
[2024-05-12T02:10:13.840+0000] {subprocess.py:63} INFO - Tmp dir root location: /tmp
[2024-05-12T02:10:13.840+0000] {subprocess.py:75} INFO - Running command: ['/usr/bin/bash', '-c', 'echo, Hai...ini task2 akan dijalankan setelah task1 !']
[2024-05-12T02:10:13.844+0000] {subprocess.py:86} INFO - Output:
[2024-05-12T02:10:13.845+0000] {subprocess.py:93} INFO - /usr/bin/bash: line 1: echo,: command not found
[2024-05-12T02:10:13.845+0000] {subprocess.py:97} INFO - Command exited with return code 127
[2024-05-12T02:10:13.845+0000] {taskinstance.py:441} INFO - ::group::Post task execution logs
[2024-05-12T02:10:13.850+0000] {taskinstance.py:2905} ERROR - Task failed with exception
Traceback (most recent call last):
  File "/home/airflow/.local/lib/python3.12/site-packages/airflow/models/taskinstance.py", line 465, in _execute_task
    result = _execute_callable(context=context, **execute_callable_kwargs)
             ^^^^^^^^^^^^^^^^^^^^^^^^^^^^^^^^^^^^^^^^^^^^^^^^^^^^^^^^^^^^^
  File "/home/airflow/.local/lib/python3.12/site-packages/airflow/models/taskinstance.py", line 432, in _execute_callable
    return execute_callable(context=context, **execute_callable_kwargs)
           ^^^^^^^^^^^^^^^^^^^^^^^^^^^^^^^^^^^^^^^^^^^^^^^^^^^^^^^^^^^^
  File "/home/airflow/.local/lib/python3.12/site-packages/airflow/models/baseoperator.py", line 400, in wrapper
    return func(self, *args, **kwargs)
           ^^^^^^^^^^^^^^^^^^^^^^^^^^^
  File "/home/airflow/.local/lib/python3.12/site-packages/airflow/operators/bash.py", line 243, in execute
    raise AirflowException(
airflow.exceptions.AirflowException: Bash command failed. The command returned a non-zero exit code 127.
[2024-05-12T02:10:13.852+0000] {taskinstance.py:1206} INFO - Marking task as UP_FOR_RETRY. dag_id=tutorial_v2, task_id=second_task, run_id=scheduled__2024-05-11T00:00:00+00:00, execution_date=20240511T000000, start_date=20240512T021013, end_date=20240512T021013
[2024-05-12T02:10:13.857+0000] {standard_task_runner.py:110} ERROR - Failed to execute job 7 for task second_task (Bash command failed. The command returned a non-zero exit code 127.; 1033)
[2024-05-12T02:10:13.878+0000] {local_task_job_runner.py:240} INFO - Task exited with return code 1
[2024-05-12T02:10:13.886+0000] {taskinstance.py:3498} INFO - 0 downstream tasks scheduled from follow-on schedule check
[2024-05-12T02:10:13.887+0000] {local_task_job_runner.py:222} INFO - ::endgroup::
