[2024-05-12T00:37:44.251+0000] {processor.py:161} INFO - Started process (PID=4570) to work on /home/airflow/.local/lib/python3.12/site-packages/airflow/example_dags/example_complex.py
[2024-05-12T00:37:44.252+0000] {processor.py:830} INFO - Processing file /home/airflow/.local/lib/python3.12/site-packages/airflow/example_dags/example_complex.py for tasks to queue
[2024-05-12T00:37:44.252+0000] {logging_mixin.py:188} INFO - [2024-05-12T00:37:44.252+0000] {dagbag.py:545} INFO - Filling up the DagBag from /home/airflow/.local/lib/python3.12/site-packages/airflow/example_dags/example_complex.py
[2024-05-12T00:37:44.257+0000] {processor.py:840} INFO - DAG(s) 'example_complex' retrieved from /home/airflow/.local/lib/python3.12/site-packages/airflow/example_dags/example_complex.py
[2024-05-12T00:37:44.271+0000] {logging_mixin.py:188} INFO - [2024-05-12T00:37:44.271+0000] {dag.py:3096} INFO - Sync 1 DAGs
[2024-05-12T00:37:44.277+0000] {logging_mixin.py:188} INFO - [2024-05-12T00:37:44.277+0000] {dag.py:3954} INFO - Setting next_dagrun for example_complex to None, run_after=None
[2024-05-12T00:37:44.286+0000] {processor.py:183} INFO - Processing /home/airflow/.local/lib/python3.12/site-packages/airflow/example_dags/example_complex.py took 0.038 seconds
[2024-05-12T00:38:15.011+0000] {processor.py:161} INFO - Started process (PID=4832) to work on /home/airflow/.local/lib/python3.12/site-packages/airflow/example_dags/example_complex.py
[2024-05-12T00:38:15.012+0000] {processor.py:830} INFO - Processing file /home/airflow/.local/lib/python3.12/site-packages/airflow/example_dags/example_complex.py for tasks to queue
[2024-05-12T00:38:15.013+0000] {logging_mixin.py:188} INFO - [2024-05-12T00:38:15.013+0000] {dagbag.py:545} INFO - Filling up the DagBag from /home/airflow/.local/lib/python3.12/site-packages/airflow/example_dags/example_complex.py
[2024-05-12T00:38:15.018+0000] {processor.py:840} INFO - DAG(s) 'example_complex' retrieved from /home/airflow/.local/lib/python3.12/site-packages/airflow/example_dags/example_complex.py
[2024-05-12T00:38:15.032+0000] {logging_mixin.py:188} INFO - [2024-05-12T00:38:15.032+0000] {dag.py:3096} INFO - Sync 1 DAGs
[2024-05-12T00:38:15.038+0000] {logging_mixin.py:188} INFO - [2024-05-12T00:38:15.038+0000] {dag.py:3954} INFO - Setting next_dagrun for example_complex to None, run_after=None
[2024-05-12T00:38:15.046+0000] {processor.py:183} INFO - Processing /home/airflow/.local/lib/python3.12/site-packages/airflow/example_dags/example_complex.py took 0.038 seconds
[2024-05-12T00:38:45.701+0000] {processor.py:161} INFO - Started process (PID=5094) to work on /home/airflow/.local/lib/python3.12/site-packages/airflow/example_dags/example_complex.py
[2024-05-12T00:38:45.702+0000] {processor.py:830} INFO - Processing file /home/airflow/.local/lib/python3.12/site-packages/airflow/example_dags/example_complex.py for tasks to queue
[2024-05-12T00:38:45.703+0000] {logging_mixin.py:188} INFO - [2024-05-12T00:38:45.702+0000] {dagbag.py:545} INFO - Filling up the DagBag from /home/airflow/.local/lib/python3.12/site-packages/airflow/example_dags/example_complex.py
[2024-05-12T00:38:45.708+0000] {processor.py:840} INFO - DAG(s) 'example_complex' retrieved from /home/airflow/.local/lib/python3.12/site-packages/airflow/example_dags/example_complex.py
[2024-05-12T00:38:45.722+0000] {logging_mixin.py:188} INFO - [2024-05-12T00:38:45.722+0000] {dag.py:3096} INFO - Sync 1 DAGs
[2024-05-12T00:38:45.729+0000] {logging_mixin.py:188} INFO - [2024-05-12T00:38:45.729+0000] {dag.py:3954} INFO - Setting next_dagrun for example_complex to None, run_after=None
[2024-05-12T00:38:45.737+0000] {processor.py:183} INFO - Processing /home/airflow/.local/lib/python3.12/site-packages/airflow/example_dags/example_complex.py took 0.039 seconds
[2024-05-12T00:39:16.400+0000] {processor.py:161} INFO - Started process (PID=5355) to work on /home/airflow/.local/lib/python3.12/site-packages/airflow/example_dags/example_complex.py
[2024-05-12T00:39:16.400+0000] {processor.py:830} INFO - Processing file /home/airflow/.local/lib/python3.12/site-packages/airflow/example_dags/example_complex.py for tasks to queue
[2024-05-12T00:39:16.401+0000] {logging_mixin.py:188} INFO - [2024-05-12T00:39:16.401+0000] {dagbag.py:545} INFO - Filling up the DagBag from /home/airflow/.local/lib/python3.12/site-packages/airflow/example_dags/example_complex.py
[2024-05-12T00:39:16.406+0000] {processor.py:840} INFO - DAG(s) 'example_complex' retrieved from /home/airflow/.local/lib/python3.12/site-packages/airflow/example_dags/example_complex.py
[2024-05-12T00:39:16.423+0000] {logging_mixin.py:188} INFO - [2024-05-12T00:39:16.423+0000] {dag.py:3096} INFO - Sync 1 DAGs
[2024-05-12T00:39:16.430+0000] {logging_mixin.py:188} INFO - [2024-05-12T00:39:16.430+0000] {dag.py:3954} INFO - Setting next_dagrun for example_complex to None, run_after=None
[2024-05-12T00:39:16.441+0000] {processor.py:183} INFO - Processing /home/airflow/.local/lib/python3.12/site-packages/airflow/example_dags/example_complex.py took 0.044 seconds
[2024-05-12T00:39:47.186+0000] {processor.py:161} INFO - Started process (PID=5616) to work on /home/airflow/.local/lib/python3.12/site-packages/airflow/example_dags/example_complex.py
[2024-05-12T00:39:47.186+0000] {processor.py:830} INFO - Processing file /home/airflow/.local/lib/python3.12/site-packages/airflow/example_dags/example_complex.py for tasks to queue
[2024-05-12T00:39:47.188+0000] {logging_mixin.py:188} INFO - [2024-05-12T00:39:47.187+0000] {dagbag.py:545} INFO - Filling up the DagBag from /home/airflow/.local/lib/python3.12/site-packages/airflow/example_dags/example_complex.py
[2024-05-12T00:39:47.192+0000] {processor.py:840} INFO - DAG(s) 'example_complex' retrieved from /home/airflow/.local/lib/python3.12/site-packages/airflow/example_dags/example_complex.py
[2024-05-12T00:39:47.207+0000] {logging_mixin.py:188} INFO - [2024-05-12T00:39:47.207+0000] {dag.py:3096} INFO - Sync 1 DAGs
[2024-05-12T00:39:47.213+0000] {logging_mixin.py:188} INFO - [2024-05-12T00:39:47.213+0000] {dag.py:3954} INFO - Setting next_dagrun for example_complex to None, run_after=None
[2024-05-12T00:39:47.223+0000] {processor.py:183} INFO - Processing /home/airflow/.local/lib/python3.12/site-packages/airflow/example_dags/example_complex.py took 0.040 seconds
[2024-05-12T00:40:17.926+0000] {processor.py:161} INFO - Started process (PID=5878) to work on /home/airflow/.local/lib/python3.12/site-packages/airflow/example_dags/example_complex.py
[2024-05-12T00:40:17.927+0000] {processor.py:830} INFO - Processing file /home/airflow/.local/lib/python3.12/site-packages/airflow/example_dags/example_complex.py for tasks to queue
[2024-05-12T00:40:17.928+0000] {logging_mixin.py:188} INFO - [2024-05-12T00:40:17.928+0000] {dagbag.py:545} INFO - Filling up the DagBag from /home/airflow/.local/lib/python3.12/site-packages/airflow/example_dags/example_complex.py
[2024-05-12T00:40:17.933+0000] {processor.py:840} INFO - DAG(s) 'example_complex' retrieved from /home/airflow/.local/lib/python3.12/site-packages/airflow/example_dags/example_complex.py
[2024-05-12T00:40:17.948+0000] {logging_mixin.py:188} INFO - [2024-05-12T00:40:17.948+0000] {dag.py:3096} INFO - Sync 1 DAGs
[2024-05-12T00:40:17.955+0000] {logging_mixin.py:188} INFO - [2024-05-12T00:40:17.954+0000] {dag.py:3954} INFO - Setting next_dagrun for example_complex to None, run_after=None
[2024-05-12T00:40:17.964+0000] {processor.py:183} INFO - Processing /home/airflow/.local/lib/python3.12/site-packages/airflow/example_dags/example_complex.py took 0.041 seconds
[2024-05-12T00:40:48.832+0000] {processor.py:161} INFO - Started process (PID=6142) to work on /home/airflow/.local/lib/python3.12/site-packages/airflow/example_dags/example_complex.py
[2024-05-12T00:40:48.833+0000] {processor.py:830} INFO - Processing file /home/airflow/.local/lib/python3.12/site-packages/airflow/example_dags/example_complex.py for tasks to queue
[2024-05-12T00:40:48.834+0000] {logging_mixin.py:188} INFO - [2024-05-12T00:40:48.834+0000] {dagbag.py:545} INFO - Filling up the DagBag from /home/airflow/.local/lib/python3.12/site-packages/airflow/example_dags/example_complex.py
[2024-05-12T00:40:48.839+0000] {processor.py:840} INFO - DAG(s) 'example_complex' retrieved from /home/airflow/.local/lib/python3.12/site-packages/airflow/example_dags/example_complex.py
[2024-05-12T00:40:48.853+0000] {logging_mixin.py:188} INFO - [2024-05-12T00:40:48.853+0000] {dag.py:3096} INFO - Sync 1 DAGs
[2024-05-12T00:40:48.859+0000] {logging_mixin.py:188} INFO - [2024-05-12T00:40:48.859+0000] {dag.py:3954} INFO - Setting next_dagrun for example_complex to None, run_after=None
[2024-05-12T00:40:48.868+0000] {processor.py:183} INFO - Processing /home/airflow/.local/lib/python3.12/site-packages/airflow/example_dags/example_complex.py took 0.039 seconds
[2024-05-12T00:41:19.511+0000] {processor.py:161} INFO - Started process (PID=6402) to work on /home/airflow/.local/lib/python3.12/site-packages/airflow/example_dags/example_complex.py
[2024-05-12T00:41:19.512+0000] {processor.py:830} INFO - Processing file /home/airflow/.local/lib/python3.12/site-packages/airflow/example_dags/example_complex.py for tasks to queue
[2024-05-12T00:41:19.513+0000] {logging_mixin.py:188} INFO - [2024-05-12T00:41:19.513+0000] {dagbag.py:545} INFO - Filling up the DagBag from /home/airflow/.local/lib/python3.12/site-packages/airflow/example_dags/example_complex.py
[2024-05-12T00:41:19.518+0000] {processor.py:840} INFO - DAG(s) 'example_complex' retrieved from /home/airflow/.local/lib/python3.12/site-packages/airflow/example_dags/example_complex.py
[2024-05-12T00:41:19.533+0000] {logging_mixin.py:188} INFO - [2024-05-12T00:41:19.532+0000] {dag.py:3096} INFO - Sync 1 DAGs
[2024-05-12T00:41:19.538+0000] {logging_mixin.py:188} INFO - [2024-05-12T00:41:19.538+0000] {dag.py:3954} INFO - Setting next_dagrun for example_complex to None, run_after=None
[2024-05-12T00:41:19.547+0000] {processor.py:183} INFO - Processing /home/airflow/.local/lib/python3.12/site-packages/airflow/example_dags/example_complex.py took 0.039 seconds
[2024-05-12T00:41:50.199+0000] {processor.py:161} INFO - Started process (PID=6664) to work on /home/airflow/.local/lib/python3.12/site-packages/airflow/example_dags/example_complex.py
[2024-05-12T00:41:50.199+0000] {processor.py:830} INFO - Processing file /home/airflow/.local/lib/python3.12/site-packages/airflow/example_dags/example_complex.py for tasks to queue
[2024-05-12T00:41:50.200+0000] {logging_mixin.py:188} INFO - [2024-05-12T00:41:50.200+0000] {dagbag.py:545} INFO - Filling up the DagBag from /home/airflow/.local/lib/python3.12/site-packages/airflow/example_dags/example_complex.py
[2024-05-12T00:41:50.205+0000] {processor.py:840} INFO - DAG(s) 'example_complex' retrieved from /home/airflow/.local/lib/python3.12/site-packages/airflow/example_dags/example_complex.py
[2024-05-12T00:41:50.220+0000] {logging_mixin.py:188} INFO - [2024-05-12T00:41:50.220+0000] {dag.py:3096} INFO - Sync 1 DAGs
[2024-05-12T00:41:50.226+0000] {logging_mixin.py:188} INFO - [2024-05-12T00:41:50.226+0000] {dag.py:3954} INFO - Setting next_dagrun for example_complex to None, run_after=None
[2024-05-12T00:41:50.234+0000] {processor.py:183} INFO - Processing /home/airflow/.local/lib/python3.12/site-packages/airflow/example_dags/example_complex.py took 0.039 seconds
[2024-05-12T00:42:20.886+0000] {processor.py:161} INFO - Started process (PID=6926) to work on /home/airflow/.local/lib/python3.12/site-packages/airflow/example_dags/example_complex.py
[2024-05-12T00:42:20.886+0000] {processor.py:830} INFO - Processing file /home/airflow/.local/lib/python3.12/site-packages/airflow/example_dags/example_complex.py for tasks to queue
[2024-05-12T00:42:20.888+0000] {logging_mixin.py:188} INFO - [2024-05-12T00:42:20.887+0000] {dagbag.py:545} INFO - Filling up the DagBag from /home/airflow/.local/lib/python3.12/site-packages/airflow/example_dags/example_complex.py
[2024-05-12T00:42:20.892+0000] {processor.py:840} INFO - DAG(s) 'example_complex' retrieved from /home/airflow/.local/lib/python3.12/site-packages/airflow/example_dags/example_complex.py
[2024-05-12T00:42:20.908+0000] {logging_mixin.py:188} INFO - [2024-05-12T00:42:20.908+0000] {dag.py:3096} INFO - Sync 1 DAGs
[2024-05-12T00:42:20.915+0000] {logging_mixin.py:188} INFO - [2024-05-12T00:42:20.915+0000] {dag.py:3954} INFO - Setting next_dagrun for example_complex to None, run_after=None
[2024-05-12T00:42:20.925+0000] {processor.py:183} INFO - Processing /home/airflow/.local/lib/python3.12/site-packages/airflow/example_dags/example_complex.py took 0.042 seconds
[2024-05-12T00:42:51.670+0000] {processor.py:161} INFO - Started process (PID=7188) to work on /home/airflow/.local/lib/python3.12/site-packages/airflow/example_dags/example_complex.py
[2024-05-12T00:42:51.671+0000] {processor.py:830} INFO - Processing file /home/airflow/.local/lib/python3.12/site-packages/airflow/example_dags/example_complex.py for tasks to queue
[2024-05-12T00:42:51.672+0000] {logging_mixin.py:188} INFO - [2024-05-12T00:42:51.672+0000] {dagbag.py:545} INFO - Filling up the DagBag from /home/airflow/.local/lib/python3.12/site-packages/airflow/example_dags/example_complex.py
[2024-05-12T00:42:51.677+0000] {processor.py:840} INFO - DAG(s) 'example_complex' retrieved from /home/airflow/.local/lib/python3.12/site-packages/airflow/example_dags/example_complex.py
[2024-05-12T00:42:51.691+0000] {logging_mixin.py:188} INFO - [2024-05-12T00:42:51.691+0000] {dag.py:3096} INFO - Sync 1 DAGs
[2024-05-12T00:42:51.697+0000] {logging_mixin.py:188} INFO - [2024-05-12T00:42:51.697+0000] {dag.py:3954} INFO - Setting next_dagrun for example_complex to None, run_after=None
[2024-05-12T00:42:51.706+0000] {processor.py:183} INFO - Processing /home/airflow/.local/lib/python3.12/site-packages/airflow/example_dags/example_complex.py took 0.039 seconds
[2024-05-12T00:43:22.446+0000] {processor.py:161} INFO - Started process (PID=7450) to work on /home/airflow/.local/lib/python3.12/site-packages/airflow/example_dags/example_complex.py
[2024-05-12T00:43:22.446+0000] {processor.py:830} INFO - Processing file /home/airflow/.local/lib/python3.12/site-packages/airflow/example_dags/example_complex.py for tasks to queue
[2024-05-12T00:43:22.448+0000] {logging_mixin.py:188} INFO - [2024-05-12T00:43:22.447+0000] {dagbag.py:545} INFO - Filling up the DagBag from /home/airflow/.local/lib/python3.12/site-packages/airflow/example_dags/example_complex.py
[2024-05-12T00:43:22.452+0000] {processor.py:840} INFO - DAG(s) 'example_complex' retrieved from /home/airflow/.local/lib/python3.12/site-packages/airflow/example_dags/example_complex.py
[2024-05-12T00:43:22.467+0000] {logging_mixin.py:188} INFO - [2024-05-12T00:43:22.467+0000] {dag.py:3096} INFO - Sync 1 DAGs
[2024-05-12T00:43:22.473+0000] {logging_mixin.py:188} INFO - [2024-05-12T00:43:22.473+0000] {dag.py:3954} INFO - Setting next_dagrun for example_complex to None, run_after=None
[2024-05-12T00:43:22.483+0000] {processor.py:183} INFO - Processing /home/airflow/.local/lib/python3.12/site-packages/airflow/example_dags/example_complex.py took 0.040 seconds
[2024-05-12T00:43:53.180+0000] {processor.py:161} INFO - Started process (PID=7712) to work on /home/airflow/.local/lib/python3.12/site-packages/airflow/example_dags/example_complex.py
[2024-05-12T00:43:53.180+0000] {processor.py:830} INFO - Processing file /home/airflow/.local/lib/python3.12/site-packages/airflow/example_dags/example_complex.py for tasks to queue
[2024-05-12T00:43:53.181+0000] {logging_mixin.py:188} INFO - [2024-05-12T00:43:53.181+0000] {dagbag.py:545} INFO - Filling up the DagBag from /home/airflow/.local/lib/python3.12/site-packages/airflow/example_dags/example_complex.py
[2024-05-12T00:43:53.186+0000] {processor.py:840} INFO - DAG(s) 'example_complex' retrieved from /home/airflow/.local/lib/python3.12/site-packages/airflow/example_dags/example_complex.py
[2024-05-12T00:43:53.200+0000] {logging_mixin.py:188} INFO - [2024-05-12T00:43:53.200+0000] {dag.py:3096} INFO - Sync 1 DAGs
[2024-05-12T00:43:53.206+0000] {logging_mixin.py:188} INFO - [2024-05-12T00:43:53.206+0000] {dag.py:3954} INFO - Setting next_dagrun for example_complex to None, run_after=None
[2024-05-12T00:43:53.215+0000] {processor.py:183} INFO - Processing /home/airflow/.local/lib/python3.12/site-packages/airflow/example_dags/example_complex.py took 0.038 seconds
[2024-05-12T00:44:23.916+0000] {processor.py:161} INFO - Started process (PID=7973) to work on /home/airflow/.local/lib/python3.12/site-packages/airflow/example_dags/example_complex.py
[2024-05-12T00:44:23.917+0000] {processor.py:830} INFO - Processing file /home/airflow/.local/lib/python3.12/site-packages/airflow/example_dags/example_complex.py for tasks to queue
[2024-05-12T00:44:23.918+0000] {logging_mixin.py:188} INFO - [2024-05-12T00:44:23.918+0000] {dagbag.py:545} INFO - Filling up the DagBag from /home/airflow/.local/lib/python3.12/site-packages/airflow/example_dags/example_complex.py
[2024-05-12T00:44:23.923+0000] {processor.py:840} INFO - DAG(s) 'example_complex' retrieved from /home/airflow/.local/lib/python3.12/site-packages/airflow/example_dags/example_complex.py
[2024-05-12T00:44:23.937+0000] {logging_mixin.py:188} INFO - [2024-05-12T00:44:23.937+0000] {dag.py:3096} INFO - Sync 1 DAGs
[2024-05-12T00:44:23.944+0000] {logging_mixin.py:188} INFO - [2024-05-12T00:44:23.944+0000] {dag.py:3954} INFO - Setting next_dagrun for example_complex to None, run_after=None
[2024-05-12T00:44:23.953+0000] {processor.py:183} INFO - Processing /home/airflow/.local/lib/python3.12/site-packages/airflow/example_dags/example_complex.py took 0.040 seconds
[2024-05-12T00:44:54.801+0000] {processor.py:161} INFO - Started process (PID=8235) to work on /home/airflow/.local/lib/python3.12/site-packages/airflow/example_dags/example_complex.py
[2024-05-12T00:44:54.802+0000] {processor.py:830} INFO - Processing file /home/airflow/.local/lib/python3.12/site-packages/airflow/example_dags/example_complex.py for tasks to queue
[2024-05-12T00:44:54.803+0000] {logging_mixin.py:188} INFO - [2024-05-12T00:44:54.803+0000] {dagbag.py:545} INFO - Filling up the DagBag from /home/airflow/.local/lib/python3.12/site-packages/airflow/example_dags/example_complex.py
[2024-05-12T00:44:54.808+0000] {processor.py:840} INFO - DAG(s) 'example_complex' retrieved from /home/airflow/.local/lib/python3.12/site-packages/airflow/example_dags/example_complex.py
[2024-05-12T00:44:54.824+0000] {logging_mixin.py:188} INFO - [2024-05-12T00:44:54.824+0000] {dag.py:3096} INFO - Sync 1 DAGs
[2024-05-12T00:44:54.830+0000] {logging_mixin.py:188} INFO - [2024-05-12T00:44:54.830+0000] {dag.py:3954} INFO - Setting next_dagrun for example_complex to None, run_after=None
[2024-05-12T00:44:54.841+0000] {processor.py:183} INFO - Processing /home/airflow/.local/lib/python3.12/site-packages/airflow/example_dags/example_complex.py took 0.043 seconds
[2024-05-12T00:45:25.422+0000] {processor.py:161} INFO - Started process (PID=8496) to work on /home/airflow/.local/lib/python3.12/site-packages/airflow/example_dags/example_complex.py
[2024-05-12T00:45:25.423+0000] {processor.py:830} INFO - Processing file /home/airflow/.local/lib/python3.12/site-packages/airflow/example_dags/example_complex.py for tasks to queue
[2024-05-12T00:45:25.424+0000] {logging_mixin.py:188} INFO - [2024-05-12T00:45:25.424+0000] {dagbag.py:545} INFO - Filling up the DagBag from /home/airflow/.local/lib/python3.12/site-packages/airflow/example_dags/example_complex.py
[2024-05-12T00:45:25.428+0000] {processor.py:840} INFO - DAG(s) 'example_complex' retrieved from /home/airflow/.local/lib/python3.12/site-packages/airflow/example_dags/example_complex.py
[2024-05-12T00:45:25.443+0000] {logging_mixin.py:188} INFO - [2024-05-12T00:45:25.443+0000] {dag.py:3096} INFO - Sync 1 DAGs
[2024-05-12T00:45:25.449+0000] {logging_mixin.py:188} INFO - [2024-05-12T00:45:25.449+0000] {dag.py:3954} INFO - Setting next_dagrun for example_complex to None, run_after=None
[2024-05-12T00:45:25.458+0000] {processor.py:183} INFO - Processing /home/airflow/.local/lib/python3.12/site-packages/airflow/example_dags/example_complex.py took 0.038 seconds
[2024-05-12T00:45:56.137+0000] {processor.py:161} INFO - Started process (PID=8758) to work on /home/airflow/.local/lib/python3.12/site-packages/airflow/example_dags/example_complex.py
[2024-05-12T00:45:56.137+0000] {processor.py:830} INFO - Processing file /home/airflow/.local/lib/python3.12/site-packages/airflow/example_dags/example_complex.py for tasks to queue
[2024-05-12T00:45:56.138+0000] {logging_mixin.py:188} INFO - [2024-05-12T00:45:56.138+0000] {dagbag.py:545} INFO - Filling up the DagBag from /home/airflow/.local/lib/python3.12/site-packages/airflow/example_dags/example_complex.py
[2024-05-12T00:45:56.143+0000] {processor.py:840} INFO - DAG(s) 'example_complex' retrieved from /home/airflow/.local/lib/python3.12/site-packages/airflow/example_dags/example_complex.py
[2024-05-12T00:45:56.158+0000] {logging_mixin.py:188} INFO - [2024-05-12T00:45:56.158+0000] {dag.py:3096} INFO - Sync 1 DAGs
[2024-05-12T00:45:56.164+0000] {logging_mixin.py:188} INFO - [2024-05-12T00:45:56.164+0000] {dag.py:3954} INFO - Setting next_dagrun for example_complex to None, run_after=None
[2024-05-12T00:45:56.174+0000] {processor.py:183} INFO - Processing /home/airflow/.local/lib/python3.12/site-packages/airflow/example_dags/example_complex.py took 0.040 seconds
[2024-05-12T00:46:27.016+0000] {processor.py:161} INFO - Started process (PID=9020) to work on /home/airflow/.local/lib/python3.12/site-packages/airflow/example_dags/example_complex.py
[2024-05-12T00:46:27.017+0000] {processor.py:830} INFO - Processing file /home/airflow/.local/lib/python3.12/site-packages/airflow/example_dags/example_complex.py for tasks to queue
[2024-05-12T00:46:27.018+0000] {logging_mixin.py:188} INFO - [2024-05-12T00:46:27.017+0000] {dagbag.py:545} INFO - Filling up the DagBag from /home/airflow/.local/lib/python3.12/site-packages/airflow/example_dags/example_complex.py
[2024-05-12T00:46:27.023+0000] {processor.py:840} INFO - DAG(s) 'example_complex' retrieved from /home/airflow/.local/lib/python3.12/site-packages/airflow/example_dags/example_complex.py
[2024-05-12T00:46:27.037+0000] {logging_mixin.py:188} INFO - [2024-05-12T00:46:27.037+0000] {dag.py:3096} INFO - Sync 1 DAGs
[2024-05-12T00:46:27.043+0000] {logging_mixin.py:188} INFO - [2024-05-12T00:46:27.043+0000] {dag.py:3954} INFO - Setting next_dagrun for example_complex to None, run_after=None
[2024-05-12T00:46:27.052+0000] {processor.py:183} INFO - Processing /home/airflow/.local/lib/python3.12/site-packages/airflow/example_dags/example_complex.py took 0.039 seconds
[2024-05-12T00:46:57.898+0000] {processor.py:161} INFO - Started process (PID=9282) to work on /home/airflow/.local/lib/python3.12/site-packages/airflow/example_dags/example_complex.py
[2024-05-12T00:46:57.899+0000] {processor.py:830} INFO - Processing file /home/airflow/.local/lib/python3.12/site-packages/airflow/example_dags/example_complex.py for tasks to queue
[2024-05-12T00:46:57.900+0000] {logging_mixin.py:188} INFO - [2024-05-12T00:46:57.899+0000] {dagbag.py:545} INFO - Filling up the DagBag from /home/airflow/.local/lib/python3.12/site-packages/airflow/example_dags/example_complex.py
[2024-05-12T00:46:57.904+0000] {processor.py:840} INFO - DAG(s) 'example_complex' retrieved from /home/airflow/.local/lib/python3.12/site-packages/airflow/example_dags/example_complex.py
[2024-05-12T00:46:57.917+0000] {logging_mixin.py:188} INFO - [2024-05-12T00:46:57.917+0000] {dag.py:3096} INFO - Sync 1 DAGs
[2024-05-12T00:46:57.923+0000] {logging_mixin.py:188} INFO - [2024-05-12T00:46:57.923+0000] {dag.py:3954} INFO - Setting next_dagrun for example_complex to None, run_after=None
[2024-05-12T00:46:57.931+0000] {processor.py:183} INFO - Processing /home/airflow/.local/lib/python3.12/site-packages/airflow/example_dags/example_complex.py took 0.036 seconds
[2024-05-12T00:47:28.831+0000] {processor.py:161} INFO - Started process (PID=9543) to work on /home/airflow/.local/lib/python3.12/site-packages/airflow/example_dags/example_complex.py
[2024-05-12T00:47:28.833+0000] {processor.py:830} INFO - Processing file /home/airflow/.local/lib/python3.12/site-packages/airflow/example_dags/example_complex.py for tasks to queue
[2024-05-12T00:47:28.834+0000] {logging_mixin.py:188} INFO - [2024-05-12T00:47:28.834+0000] {dagbag.py:545} INFO - Filling up the DagBag from /home/airflow/.local/lib/python3.12/site-packages/airflow/example_dags/example_complex.py
[2024-05-12T00:47:28.841+0000] {processor.py:840} INFO - DAG(s) 'example_complex' retrieved from /home/airflow/.local/lib/python3.12/site-packages/airflow/example_dags/example_complex.py
[2024-05-12T00:47:28.855+0000] {logging_mixin.py:188} INFO - [2024-05-12T00:47:28.855+0000] {dag.py:3096} INFO - Sync 1 DAGs
[2024-05-12T00:47:28.861+0000] {logging_mixin.py:188} INFO - [2024-05-12T00:47:28.861+0000] {dag.py:3954} INFO - Setting next_dagrun for example_complex to None, run_after=None
[2024-05-12T00:47:28.870+0000] {processor.py:183} INFO - Processing /home/airflow/.local/lib/python3.12/site-packages/airflow/example_dags/example_complex.py took 0.041 seconds
[2024-05-12T00:47:59.616+0000] {processor.py:161} INFO - Started process (PID=9805) to work on /home/airflow/.local/lib/python3.12/site-packages/airflow/example_dags/example_complex.py
[2024-05-12T00:47:59.616+0000] {processor.py:830} INFO - Processing file /home/airflow/.local/lib/python3.12/site-packages/airflow/example_dags/example_complex.py for tasks to queue
[2024-05-12T00:47:59.617+0000] {logging_mixin.py:188} INFO - [2024-05-12T00:47:59.617+0000] {dagbag.py:545} INFO - Filling up the DagBag from /home/airflow/.local/lib/python3.12/site-packages/airflow/example_dags/example_complex.py
[2024-05-12T00:47:59.622+0000] {processor.py:840} INFO - DAG(s) 'example_complex' retrieved from /home/airflow/.local/lib/python3.12/site-packages/airflow/example_dags/example_complex.py
[2024-05-12T00:47:59.636+0000] {logging_mixin.py:188} INFO - [2024-05-12T00:47:59.636+0000] {dag.py:3096} INFO - Sync 1 DAGs
[2024-05-12T00:47:59.642+0000] {logging_mixin.py:188} INFO - [2024-05-12T00:47:59.642+0000] {dag.py:3954} INFO - Setting next_dagrun for example_complex to None, run_after=None
[2024-05-12T00:47:59.651+0000] {processor.py:183} INFO - Processing /home/airflow/.local/lib/python3.12/site-packages/airflow/example_dags/example_complex.py took 0.039 seconds
[2024-05-12T00:48:30.531+0000] {processor.py:161} INFO - Started process (PID=10069) to work on /home/airflow/.local/lib/python3.12/site-packages/airflow/example_dags/example_complex.py
[2024-05-12T00:48:30.531+0000] {processor.py:830} INFO - Processing file /home/airflow/.local/lib/python3.12/site-packages/airflow/example_dags/example_complex.py for tasks to queue
[2024-05-12T00:48:30.532+0000] {logging_mixin.py:188} INFO - [2024-05-12T00:48:30.532+0000] {dagbag.py:545} INFO - Filling up the DagBag from /home/airflow/.local/lib/python3.12/site-packages/airflow/example_dags/example_complex.py
[2024-05-12T00:48:30.537+0000] {processor.py:840} INFO - DAG(s) 'example_complex' retrieved from /home/airflow/.local/lib/python3.12/site-packages/airflow/example_dags/example_complex.py
[2024-05-12T00:48:30.551+0000] {logging_mixin.py:188} INFO - [2024-05-12T00:48:30.551+0000] {dag.py:3096} INFO - Sync 1 DAGs
[2024-05-12T00:48:30.557+0000] {logging_mixin.py:188} INFO - [2024-05-12T00:48:30.557+0000] {dag.py:3954} INFO - Setting next_dagrun for example_complex to None, run_after=None
[2024-05-12T00:48:30.654+0000] {processor.py:183} INFO - Processing /home/airflow/.local/lib/python3.12/site-packages/airflow/example_dags/example_complex.py took 0.126 seconds
[2024-05-12T00:49:01.554+0000] {processor.py:161} INFO - Started process (PID=10329) to work on /home/airflow/.local/lib/python3.12/site-packages/airflow/example_dags/example_complex.py
[2024-05-12T00:49:01.555+0000] {processor.py:830} INFO - Processing file /home/airflow/.local/lib/python3.12/site-packages/airflow/example_dags/example_complex.py for tasks to queue
[2024-05-12T00:49:01.556+0000] {logging_mixin.py:188} INFO - [2024-05-12T00:49:01.556+0000] {dagbag.py:545} INFO - Filling up the DagBag from /home/airflow/.local/lib/python3.12/site-packages/airflow/example_dags/example_complex.py
[2024-05-12T00:49:01.561+0000] {processor.py:840} INFO - DAG(s) 'example_complex' retrieved from /home/airflow/.local/lib/python3.12/site-packages/airflow/example_dags/example_complex.py
[2024-05-12T00:49:01.576+0000] {logging_mixin.py:188} INFO - [2024-05-12T00:49:01.576+0000] {dag.py:3096} INFO - Sync 1 DAGs
[2024-05-12T00:49:01.583+0000] {logging_mixin.py:188} INFO - [2024-05-12T00:49:01.582+0000] {dag.py:3954} INFO - Setting next_dagrun for example_complex to None, run_after=None
[2024-05-12T00:49:01.592+0000] {processor.py:183} INFO - Processing /home/airflow/.local/lib/python3.12/site-packages/airflow/example_dags/example_complex.py took 0.041 seconds
[2024-05-12T01:06:46.290+0000] {processor.py:161} INFO - Started process (PID=10591) to work on /home/airflow/.local/lib/python3.12/site-packages/airflow/example_dags/example_complex.py
[2024-05-12T01:06:46.290+0000] {processor.py:830} INFO - Processing file /home/airflow/.local/lib/python3.12/site-packages/airflow/example_dags/example_complex.py for tasks to queue
[2024-05-12T01:06:46.291+0000] {logging_mixin.py:188} INFO - [2024-05-12T01:06:46.291+0000] {dagbag.py:545} INFO - Filling up the DagBag from /home/airflow/.local/lib/python3.12/site-packages/airflow/example_dags/example_complex.py
[2024-05-12T01:06:46.296+0000] {processor.py:840} INFO - DAG(s) 'example_complex' retrieved from /home/airflow/.local/lib/python3.12/site-packages/airflow/example_dags/example_complex.py
[2024-05-12T01:06:46.311+0000] {logging_mixin.py:188} INFO - [2024-05-12T01:06:46.311+0000] {dag.py:3096} INFO - Sync 1 DAGs
[2024-05-12T01:06:46.317+0000] {logging_mixin.py:188} INFO - [2024-05-12T01:06:46.317+0000] {dag.py:3954} INFO - Setting next_dagrun for example_complex to None, run_after=None
[2024-05-12T01:06:46.326+0000] {processor.py:183} INFO - Processing /home/airflow/.local/lib/python3.12/site-packages/airflow/example_dags/example_complex.py took 0.039 seconds
[2024-05-12T01:10:18.587+0000] {processor.py:161} INFO - Started process (PID=10852) to work on /home/airflow/.local/lib/python3.12/site-packages/airflow/example_dags/example_complex.py
[2024-05-12T01:10:18.588+0000] {processor.py:830} INFO - Processing file /home/airflow/.local/lib/python3.12/site-packages/airflow/example_dags/example_complex.py for tasks to queue
[2024-05-12T01:10:18.589+0000] {logging_mixin.py:188} INFO - [2024-05-12T01:10:18.589+0000] {dagbag.py:545} INFO - Filling up the DagBag from /home/airflow/.local/lib/python3.12/site-packages/airflow/example_dags/example_complex.py
[2024-05-12T01:10:18.594+0000] {processor.py:840} INFO - DAG(s) 'example_complex' retrieved from /home/airflow/.local/lib/python3.12/site-packages/airflow/example_dags/example_complex.py
[2024-05-12T01:10:18.610+0000] {logging_mixin.py:188} INFO - [2024-05-12T01:10:18.609+0000] {dag.py:3096} INFO - Sync 1 DAGs
[2024-05-12T01:10:18.617+0000] {logging_mixin.py:188} INFO - [2024-05-12T01:10:18.617+0000] {dag.py:3954} INFO - Setting next_dagrun for example_complex to None, run_after=None
[2024-05-12T01:10:18.627+0000] {processor.py:183} INFO - Processing /home/airflow/.local/lib/python3.12/site-packages/airflow/example_dags/example_complex.py took 0.043 seconds
[2024-05-12T01:10:50.102+0000] {processor.py:161} INFO - Started process (PID=11114) to work on /home/airflow/.local/lib/python3.12/site-packages/airflow/example_dags/example_complex.py
[2024-05-12T01:10:50.103+0000] {processor.py:830} INFO - Processing file /home/airflow/.local/lib/python3.12/site-packages/airflow/example_dags/example_complex.py for tasks to queue
[2024-05-12T01:10:50.104+0000] {logging_mixin.py:188} INFO - [2024-05-12T01:10:50.104+0000] {dagbag.py:545} INFO - Filling up the DagBag from /home/airflow/.local/lib/python3.12/site-packages/airflow/example_dags/example_complex.py
[2024-05-12T01:10:50.109+0000] {processor.py:840} INFO - DAG(s) 'example_complex' retrieved from /home/airflow/.local/lib/python3.12/site-packages/airflow/example_dags/example_complex.py
[2024-05-12T01:10:50.125+0000] {logging_mixin.py:188} INFO - [2024-05-12T01:10:50.124+0000] {dag.py:3096} INFO - Sync 1 DAGs
[2024-05-12T01:10:50.131+0000] {logging_mixin.py:188} INFO - [2024-05-12T01:10:50.131+0000] {dag.py:3954} INFO - Setting next_dagrun for example_complex to None, run_after=None
[2024-05-12T01:10:50.141+0000] {processor.py:183} INFO - Processing /home/airflow/.local/lib/python3.12/site-packages/airflow/example_dags/example_complex.py took 0.042 seconds
[2024-05-12T01:11:20.658+0000] {processor.py:161} INFO - Started process (PID=11376) to work on /home/airflow/.local/lib/python3.12/site-packages/airflow/example_dags/example_complex.py
[2024-05-12T01:11:20.658+0000] {processor.py:830} INFO - Processing file /home/airflow/.local/lib/python3.12/site-packages/airflow/example_dags/example_complex.py for tasks to queue
[2024-05-12T01:11:20.660+0000] {logging_mixin.py:188} INFO - [2024-05-12T01:11:20.659+0000] {dagbag.py:545} INFO - Filling up the DagBag from /home/airflow/.local/lib/python3.12/site-packages/airflow/example_dags/example_complex.py
[2024-05-12T01:11:20.770+0000] {processor.py:840} INFO - DAG(s) 'example_complex' retrieved from /home/airflow/.local/lib/python3.12/site-packages/airflow/example_dags/example_complex.py
[2024-05-12T01:11:20.785+0000] {logging_mixin.py:188} INFO - [2024-05-12T01:11:20.785+0000] {dag.py:3096} INFO - Sync 1 DAGs
[2024-05-12T01:11:20.791+0000] {logging_mixin.py:188} INFO - [2024-05-12T01:11:20.791+0000] {dag.py:3954} INFO - Setting next_dagrun for example_complex to None, run_after=None
[2024-05-12T01:11:20.801+0000] {processor.py:183} INFO - Processing /home/airflow/.local/lib/python3.12/site-packages/airflow/example_dags/example_complex.py took 0.146 seconds
[2024-05-12T01:11:51.703+0000] {processor.py:161} INFO - Started process (PID=11638) to work on /home/airflow/.local/lib/python3.12/site-packages/airflow/example_dags/example_complex.py
[2024-05-12T01:11:51.704+0000] {processor.py:830} INFO - Processing file /home/airflow/.local/lib/python3.12/site-packages/airflow/example_dags/example_complex.py for tasks to queue
[2024-05-12T01:11:51.705+0000] {logging_mixin.py:188} INFO - [2024-05-12T01:11:51.705+0000] {dagbag.py:545} INFO - Filling up the DagBag from /home/airflow/.local/lib/python3.12/site-packages/airflow/example_dags/example_complex.py
[2024-05-12T01:11:51.710+0000] {processor.py:840} INFO - DAG(s) 'example_complex' retrieved from /home/airflow/.local/lib/python3.12/site-packages/airflow/example_dags/example_complex.py
[2024-05-12T01:11:51.725+0000] {logging_mixin.py:188} INFO - [2024-05-12T01:11:51.725+0000] {dag.py:3096} INFO - Sync 1 DAGs
[2024-05-12T01:11:51.731+0000] {logging_mixin.py:188} INFO - [2024-05-12T01:11:51.731+0000] {dag.py:3954} INFO - Setting next_dagrun for example_complex to None, run_after=None
[2024-05-12T01:11:51.740+0000] {processor.py:183} INFO - Processing /home/airflow/.local/lib/python3.12/site-packages/airflow/example_dags/example_complex.py took 0.040 seconds
[2024-05-12T01:12:22.637+0000] {processor.py:161} INFO - Started process (PID=11900) to work on /home/airflow/.local/lib/python3.12/site-packages/airflow/example_dags/example_complex.py
[2024-05-12T01:12:22.638+0000] {processor.py:830} INFO - Processing file /home/airflow/.local/lib/python3.12/site-packages/airflow/example_dags/example_complex.py for tasks to queue
[2024-05-12T01:12:22.642+0000] {logging_mixin.py:188} INFO - [2024-05-12T01:12:22.642+0000] {dagbag.py:545} INFO - Filling up the DagBag from /home/airflow/.local/lib/python3.12/site-packages/airflow/example_dags/example_complex.py
[2024-05-12T01:12:22.648+0000] {processor.py:840} INFO - DAG(s) 'example_complex' retrieved from /home/airflow/.local/lib/python3.12/site-packages/airflow/example_dags/example_complex.py
[2024-05-12T01:12:22.663+0000] {logging_mixin.py:188} INFO - [2024-05-12T01:12:22.663+0000] {dag.py:3096} INFO - Sync 1 DAGs
[2024-05-12T01:12:22.670+0000] {logging_mixin.py:188} INFO - [2024-05-12T01:12:22.669+0000] {dag.py:3954} INFO - Setting next_dagrun for example_complex to None, run_after=None
[2024-05-12T01:12:22.678+0000] {processor.py:183} INFO - Processing /home/airflow/.local/lib/python3.12/site-packages/airflow/example_dags/example_complex.py took 0.045 seconds
[2024-05-12T01:12:53.568+0000] {processor.py:161} INFO - Started process (PID=12164) to work on /home/airflow/.local/lib/python3.12/site-packages/airflow/example_dags/example_complex.py
[2024-05-12T01:12:53.569+0000] {processor.py:830} INFO - Processing file /home/airflow/.local/lib/python3.12/site-packages/airflow/example_dags/example_complex.py for tasks to queue
[2024-05-12T01:12:53.570+0000] {logging_mixin.py:188} INFO - [2024-05-12T01:12:53.570+0000] {dagbag.py:545} INFO - Filling up the DagBag from /home/airflow/.local/lib/python3.12/site-packages/airflow/example_dags/example_complex.py
[2024-05-12T01:12:53.575+0000] {processor.py:840} INFO - DAG(s) 'example_complex' retrieved from /home/airflow/.local/lib/python3.12/site-packages/airflow/example_dags/example_complex.py
[2024-05-12T01:12:53.589+0000] {logging_mixin.py:188} INFO - [2024-05-12T01:12:53.589+0000] {dag.py:3096} INFO - Sync 1 DAGs
[2024-05-12T01:12:53.596+0000] {logging_mixin.py:188} INFO - [2024-05-12T01:12:53.596+0000] {dag.py:3954} INFO - Setting next_dagrun for example_complex to None, run_after=None
[2024-05-12T01:12:53.605+0000] {processor.py:183} INFO - Processing /home/airflow/.local/lib/python3.12/site-packages/airflow/example_dags/example_complex.py took 0.040 seconds
[2024-05-12T01:13:24.448+0000] {processor.py:161} INFO - Started process (PID=12423) to work on /home/airflow/.local/lib/python3.12/site-packages/airflow/example_dags/example_complex.py
[2024-05-12T01:13:24.451+0000] {processor.py:830} INFO - Processing file /home/airflow/.local/lib/python3.12/site-packages/airflow/example_dags/example_complex.py for tasks to queue
[2024-05-12T01:13:24.453+0000] {logging_mixin.py:188} INFO - [2024-05-12T01:13:24.452+0000] {dagbag.py:545} INFO - Filling up the DagBag from /home/airflow/.local/lib/python3.12/site-packages/airflow/example_dags/example_complex.py
[2024-05-12T01:13:24.457+0000] {processor.py:840} INFO - DAG(s) 'example_complex' retrieved from /home/airflow/.local/lib/python3.12/site-packages/airflow/example_dags/example_complex.py
[2024-05-12T01:13:24.472+0000] {logging_mixin.py:188} INFO - [2024-05-12T01:13:24.472+0000] {dag.py:3096} INFO - Sync 1 DAGs
[2024-05-12T01:13:24.479+0000] {logging_mixin.py:188} INFO - [2024-05-12T01:13:24.479+0000] {dag.py:3954} INFO - Setting next_dagrun for example_complex to None, run_after=None
[2024-05-12T01:13:24.489+0000] {processor.py:183} INFO - Processing /home/airflow/.local/lib/python3.12/site-packages/airflow/example_dags/example_complex.py took 0.044 seconds
[2024-05-12T01:13:55.343+0000] {processor.py:161} INFO - Started process (PID=12685) to work on /home/airflow/.local/lib/python3.12/site-packages/airflow/example_dags/example_complex.py
[2024-05-12T01:13:55.344+0000] {processor.py:830} INFO - Processing file /home/airflow/.local/lib/python3.12/site-packages/airflow/example_dags/example_complex.py for tasks to queue
[2024-05-12T01:13:55.345+0000] {logging_mixin.py:188} INFO - [2024-05-12T01:13:55.345+0000] {dagbag.py:545} INFO - Filling up the DagBag from /home/airflow/.local/lib/python3.12/site-packages/airflow/example_dags/example_complex.py
[2024-05-12T01:13:55.350+0000] {processor.py:840} INFO - DAG(s) 'example_complex' retrieved from /home/airflow/.local/lib/python3.12/site-packages/airflow/example_dags/example_complex.py
[2024-05-12T01:13:55.365+0000] {logging_mixin.py:188} INFO - [2024-05-12T01:13:55.365+0000] {dag.py:3096} INFO - Sync 1 DAGs
[2024-05-12T01:13:55.371+0000] {logging_mixin.py:188} INFO - [2024-05-12T01:13:55.371+0000] {dag.py:3954} INFO - Setting next_dagrun for example_complex to None, run_after=None
[2024-05-12T01:13:55.379+0000] {processor.py:183} INFO - Processing /home/airflow/.local/lib/python3.12/site-packages/airflow/example_dags/example_complex.py took 0.039 seconds
[2024-05-12T01:14:26.320+0000] {processor.py:161} INFO - Started process (PID=12948) to work on /home/airflow/.local/lib/python3.12/site-packages/airflow/example_dags/example_complex.py
[2024-05-12T01:14:26.321+0000] {processor.py:830} INFO - Processing file /home/airflow/.local/lib/python3.12/site-packages/airflow/example_dags/example_complex.py for tasks to queue
[2024-05-12T01:14:26.322+0000] {logging_mixin.py:188} INFO - [2024-05-12T01:14:26.322+0000] {dagbag.py:545} INFO - Filling up the DagBag from /home/airflow/.local/lib/python3.12/site-packages/airflow/example_dags/example_complex.py
[2024-05-12T01:14:26.327+0000] {processor.py:840} INFO - DAG(s) 'example_complex' retrieved from /home/airflow/.local/lib/python3.12/site-packages/airflow/example_dags/example_complex.py
[2024-05-12T01:14:26.341+0000] {logging_mixin.py:188} INFO - [2024-05-12T01:14:26.341+0000] {dag.py:3096} INFO - Sync 1 DAGs
[2024-05-12T01:14:26.347+0000] {logging_mixin.py:188} INFO - [2024-05-12T01:14:26.347+0000] {dag.py:3954} INFO - Setting next_dagrun for example_complex to None, run_after=None
[2024-05-12T01:14:26.356+0000] {processor.py:183} INFO - Processing /home/airflow/.local/lib/python3.12/site-packages/airflow/example_dags/example_complex.py took 0.039 seconds
[2024-05-12T01:14:57.346+0000] {processor.py:161} INFO - Started process (PID=13210) to work on /home/airflow/.local/lib/python3.12/site-packages/airflow/example_dags/example_complex.py
[2024-05-12T01:14:57.346+0000] {processor.py:830} INFO - Processing file /home/airflow/.local/lib/python3.12/site-packages/airflow/example_dags/example_complex.py for tasks to queue
[2024-05-12T01:14:57.348+0000] {logging_mixin.py:188} INFO - [2024-05-12T01:14:57.347+0000] {dagbag.py:545} INFO - Filling up the DagBag from /home/airflow/.local/lib/python3.12/site-packages/airflow/example_dags/example_complex.py
[2024-05-12T01:14:57.353+0000] {processor.py:840} INFO - DAG(s) 'example_complex' retrieved from /home/airflow/.local/lib/python3.12/site-packages/airflow/example_dags/example_complex.py
[2024-05-12T01:14:57.368+0000] {logging_mixin.py:188} INFO - [2024-05-12T01:14:57.367+0000] {dag.py:3096} INFO - Sync 1 DAGs
[2024-05-12T01:14:57.374+0000] {logging_mixin.py:188} INFO - [2024-05-12T01:14:57.374+0000] {dag.py:3954} INFO - Setting next_dagrun for example_complex to None, run_after=None
[2024-05-12T01:14:57.384+0000] {processor.py:183} INFO - Processing /home/airflow/.local/lib/python3.12/site-packages/airflow/example_dags/example_complex.py took 0.042 seconds
[2024-05-12T01:15:28.266+0000] {processor.py:161} INFO - Started process (PID=13472) to work on /home/airflow/.local/lib/python3.12/site-packages/airflow/example_dags/example_complex.py
[2024-05-12T01:15:28.267+0000] {processor.py:830} INFO - Processing file /home/airflow/.local/lib/python3.12/site-packages/airflow/example_dags/example_complex.py for tasks to queue
[2024-05-12T01:15:28.268+0000] {logging_mixin.py:188} INFO - [2024-05-12T01:15:28.268+0000] {dagbag.py:545} INFO - Filling up the DagBag from /home/airflow/.local/lib/python3.12/site-packages/airflow/example_dags/example_complex.py
[2024-05-12T01:15:28.273+0000] {processor.py:840} INFO - DAG(s) 'example_complex' retrieved from /home/airflow/.local/lib/python3.12/site-packages/airflow/example_dags/example_complex.py
[2024-05-12T01:15:28.288+0000] {logging_mixin.py:188} INFO - [2024-05-12T01:15:28.288+0000] {dag.py:3096} INFO - Sync 1 DAGs
[2024-05-12T01:15:28.294+0000] {logging_mixin.py:188} INFO - [2024-05-12T01:15:28.294+0000] {dag.py:3954} INFO - Setting next_dagrun for example_complex to None, run_after=None
[2024-05-12T01:15:28.302+0000] {processor.py:183} INFO - Processing /home/airflow/.local/lib/python3.12/site-packages/airflow/example_dags/example_complex.py took 0.039 seconds
[2024-05-12T01:15:59.082+0000] {processor.py:161} INFO - Started process (PID=13732) to work on /home/airflow/.local/lib/python3.12/site-packages/airflow/example_dags/example_complex.py
[2024-05-12T01:15:59.082+0000] {processor.py:830} INFO - Processing file /home/airflow/.local/lib/python3.12/site-packages/airflow/example_dags/example_complex.py for tasks to queue
[2024-05-12T01:15:59.083+0000] {logging_mixin.py:188} INFO - [2024-05-12T01:15:59.083+0000] {dagbag.py:545} INFO - Filling up the DagBag from /home/airflow/.local/lib/python3.12/site-packages/airflow/example_dags/example_complex.py
[2024-05-12T01:15:59.088+0000] {processor.py:840} INFO - DAG(s) 'example_complex' retrieved from /home/airflow/.local/lib/python3.12/site-packages/airflow/example_dags/example_complex.py
[2024-05-12T01:15:59.103+0000] {logging_mixin.py:188} INFO - [2024-05-12T01:15:59.103+0000] {dag.py:3096} INFO - Sync 1 DAGs
[2024-05-12T01:15:59.109+0000] {logging_mixin.py:188} INFO - [2024-05-12T01:15:59.109+0000] {dag.py:3954} INFO - Setting next_dagrun for example_complex to None, run_after=None
[2024-05-12T01:15:59.118+0000] {processor.py:183} INFO - Processing /home/airflow/.local/lib/python3.12/site-packages/airflow/example_dags/example_complex.py took 0.039 seconds
[2024-05-12T01:16:29.839+0000] {processor.py:161} INFO - Started process (PID=13994) to work on /home/airflow/.local/lib/python3.12/site-packages/airflow/example_dags/example_complex.py
[2024-05-12T01:16:29.839+0000] {processor.py:830} INFO - Processing file /home/airflow/.local/lib/python3.12/site-packages/airflow/example_dags/example_complex.py for tasks to queue
[2024-05-12T01:16:29.840+0000] {logging_mixin.py:188} INFO - [2024-05-12T01:16:29.840+0000] {dagbag.py:545} INFO - Filling up the DagBag from /home/airflow/.local/lib/python3.12/site-packages/airflow/example_dags/example_complex.py
[2024-05-12T01:16:29.845+0000] {processor.py:840} INFO - DAG(s) 'example_complex' retrieved from /home/airflow/.local/lib/python3.12/site-packages/airflow/example_dags/example_complex.py
[2024-05-12T01:16:29.859+0000] {logging_mixin.py:188} INFO - [2024-05-12T01:16:29.859+0000] {dag.py:3096} INFO - Sync 1 DAGs
[2024-05-12T01:16:29.865+0000] {logging_mixin.py:188} INFO - [2024-05-12T01:16:29.865+0000] {dag.py:3954} INFO - Setting next_dagrun for example_complex to None, run_after=None
[2024-05-12T01:16:29.873+0000] {processor.py:183} INFO - Processing /home/airflow/.local/lib/python3.12/site-packages/airflow/example_dags/example_complex.py took 0.038 seconds
[2024-05-12T01:17:00.573+0000] {processor.py:161} INFO - Started process (PID=14258) to work on /home/airflow/.local/lib/python3.12/site-packages/airflow/example_dags/example_complex.py
[2024-05-12T01:17:00.574+0000] {processor.py:830} INFO - Processing file /home/airflow/.local/lib/python3.12/site-packages/airflow/example_dags/example_complex.py for tasks to queue
[2024-05-12T01:17:00.575+0000] {logging_mixin.py:188} INFO - [2024-05-12T01:17:00.575+0000] {dagbag.py:545} INFO - Filling up the DagBag from /home/airflow/.local/lib/python3.12/site-packages/airflow/example_dags/example_complex.py
[2024-05-12T01:17:00.580+0000] {processor.py:840} INFO - DAG(s) 'example_complex' retrieved from /home/airflow/.local/lib/python3.12/site-packages/airflow/example_dags/example_complex.py
[2024-05-12T01:17:00.596+0000] {logging_mixin.py:188} INFO - [2024-05-12T01:17:00.596+0000] {dag.py:3096} INFO - Sync 1 DAGs
[2024-05-12T01:17:00.602+0000] {logging_mixin.py:188} INFO - [2024-05-12T01:17:00.602+0000] {dag.py:3954} INFO - Setting next_dagrun for example_complex to None, run_after=None
[2024-05-12T01:17:00.611+0000] {processor.py:183} INFO - Processing /home/airflow/.local/lib/python3.12/site-packages/airflow/example_dags/example_complex.py took 0.040 seconds
[2024-05-12T01:17:31.449+0000] {processor.py:161} INFO - Started process (PID=14519) to work on /home/airflow/.local/lib/python3.12/site-packages/airflow/example_dags/example_complex.py
[2024-05-12T01:17:31.450+0000] {processor.py:830} INFO - Processing file /home/airflow/.local/lib/python3.12/site-packages/airflow/example_dags/example_complex.py for tasks to queue
[2024-05-12T01:17:31.451+0000] {logging_mixin.py:188} INFO - [2024-05-12T01:17:31.451+0000] {dagbag.py:545} INFO - Filling up the DagBag from /home/airflow/.local/lib/python3.12/site-packages/airflow/example_dags/example_complex.py
[2024-05-12T01:17:31.456+0000] {processor.py:840} INFO - DAG(s) 'example_complex' retrieved from /home/airflow/.local/lib/python3.12/site-packages/airflow/example_dags/example_complex.py
[2024-05-12T01:17:31.470+0000] {logging_mixin.py:188} INFO - [2024-05-12T01:17:31.470+0000] {dag.py:3096} INFO - Sync 1 DAGs
[2024-05-12T01:17:31.476+0000] {logging_mixin.py:188} INFO - [2024-05-12T01:17:31.476+0000] {dag.py:3954} INFO - Setting next_dagrun for example_complex to None, run_after=None
[2024-05-12T01:17:31.484+0000] {processor.py:183} INFO - Processing /home/airflow/.local/lib/python3.12/site-packages/airflow/example_dags/example_complex.py took 0.038 seconds
[2024-05-12T01:18:02.277+0000] {processor.py:161} INFO - Started process (PID=14780) to work on /home/airflow/.local/lib/python3.12/site-packages/airflow/example_dags/example_complex.py
[2024-05-12T01:18:02.280+0000] {processor.py:830} INFO - Processing file /home/airflow/.local/lib/python3.12/site-packages/airflow/example_dags/example_complex.py for tasks to queue
[2024-05-12T01:18:02.281+0000] {logging_mixin.py:188} INFO - [2024-05-12T01:18:02.281+0000] {dagbag.py:545} INFO - Filling up the DagBag from /home/airflow/.local/lib/python3.12/site-packages/airflow/example_dags/example_complex.py
[2024-05-12T01:18:02.286+0000] {processor.py:840} INFO - DAG(s) 'example_complex' retrieved from /home/airflow/.local/lib/python3.12/site-packages/airflow/example_dags/example_complex.py
[2024-05-12T01:18:02.301+0000] {logging_mixin.py:188} INFO - [2024-05-12T01:18:02.301+0000] {dag.py:3096} INFO - Sync 1 DAGs
[2024-05-12T01:18:02.307+0000] {logging_mixin.py:188} INFO - [2024-05-12T01:18:02.307+0000] {dag.py:3954} INFO - Setting next_dagrun for example_complex to None, run_after=None
[2024-05-12T01:18:02.317+0000] {processor.py:183} INFO - Processing /home/airflow/.local/lib/python3.12/site-packages/airflow/example_dags/example_complex.py took 0.044 seconds
[2024-05-12T01:18:33.019+0000] {processor.py:161} INFO - Started process (PID=15044) to work on /home/airflow/.local/lib/python3.12/site-packages/airflow/example_dags/example_complex.py
[2024-05-12T01:18:33.020+0000] {processor.py:830} INFO - Processing file /home/airflow/.local/lib/python3.12/site-packages/airflow/example_dags/example_complex.py for tasks to queue
[2024-05-12T01:18:33.021+0000] {logging_mixin.py:188} INFO - [2024-05-12T01:18:33.021+0000] {dagbag.py:545} INFO - Filling up the DagBag from /home/airflow/.local/lib/python3.12/site-packages/airflow/example_dags/example_complex.py
[2024-05-12T01:18:33.026+0000] {processor.py:840} INFO - DAG(s) 'example_complex' retrieved from /home/airflow/.local/lib/python3.12/site-packages/airflow/example_dags/example_complex.py
[2024-05-12T01:18:33.040+0000] {logging_mixin.py:188} INFO - [2024-05-12T01:18:33.040+0000] {dag.py:3096} INFO - Sync 1 DAGs
[2024-05-12T01:18:33.045+0000] {logging_mixin.py:188} INFO - [2024-05-12T01:18:33.045+0000] {dag.py:3954} INFO - Setting next_dagrun for example_complex to None, run_after=None
[2024-05-12T01:18:33.054+0000] {processor.py:183} INFO - Processing /home/airflow/.local/lib/python3.12/site-packages/airflow/example_dags/example_complex.py took 0.037 seconds
[2024-05-12T01:19:03.920+0000] {processor.py:161} INFO - Started process (PID=15304) to work on /home/airflow/.local/lib/python3.12/site-packages/airflow/example_dags/example_complex.py
[2024-05-12T01:19:03.920+0000] {processor.py:830} INFO - Processing file /home/airflow/.local/lib/python3.12/site-packages/airflow/example_dags/example_complex.py for tasks to queue
[2024-05-12T01:19:03.922+0000] {logging_mixin.py:188} INFO - [2024-05-12T01:19:03.921+0000] {dagbag.py:545} INFO - Filling up the DagBag from /home/airflow/.local/lib/python3.12/site-packages/airflow/example_dags/example_complex.py
[2024-05-12T01:19:03.927+0000] {processor.py:840} INFO - DAG(s) 'example_complex' retrieved from /home/airflow/.local/lib/python3.12/site-packages/airflow/example_dags/example_complex.py
[2024-05-12T01:19:03.942+0000] {logging_mixin.py:188} INFO - [2024-05-12T01:19:03.942+0000] {dag.py:3096} INFO - Sync 1 DAGs
[2024-05-12T01:19:03.948+0000] {logging_mixin.py:188} INFO - [2024-05-12T01:19:03.948+0000] {dag.py:3954} INFO - Setting next_dagrun for example_complex to None, run_after=None
[2024-05-12T01:19:03.956+0000] {processor.py:183} INFO - Processing /home/airflow/.local/lib/python3.12/site-packages/airflow/example_dags/example_complex.py took 0.040 seconds
[2024-05-12T01:19:34.783+0000] {processor.py:161} INFO - Started process (PID=15568) to work on /home/airflow/.local/lib/python3.12/site-packages/airflow/example_dags/example_complex.py
[2024-05-12T01:19:34.784+0000] {processor.py:830} INFO - Processing file /home/airflow/.local/lib/python3.12/site-packages/airflow/example_dags/example_complex.py for tasks to queue
[2024-05-12T01:19:34.785+0000] {logging_mixin.py:188} INFO - [2024-05-12T01:19:34.784+0000] {dagbag.py:545} INFO - Filling up the DagBag from /home/airflow/.local/lib/python3.12/site-packages/airflow/example_dags/example_complex.py
[2024-05-12T01:19:34.789+0000] {processor.py:840} INFO - DAG(s) 'example_complex' retrieved from /home/airflow/.local/lib/python3.12/site-packages/airflow/example_dags/example_complex.py
[2024-05-12T01:19:34.803+0000] {logging_mixin.py:188} INFO - [2024-05-12T01:19:34.802+0000] {dag.py:3096} INFO - Sync 1 DAGs
[2024-05-12T01:19:34.808+0000] {logging_mixin.py:188} INFO - [2024-05-12T01:19:34.808+0000] {dag.py:3954} INFO - Setting next_dagrun for example_complex to None, run_after=None
[2024-05-12T01:19:34.816+0000] {processor.py:183} INFO - Processing /home/airflow/.local/lib/python3.12/site-packages/airflow/example_dags/example_complex.py took 0.036 seconds
[2024-05-12T01:20:05.604+0000] {processor.py:161} INFO - Started process (PID=15830) to work on /home/airflow/.local/lib/python3.12/site-packages/airflow/example_dags/example_complex.py
[2024-05-12T01:20:05.604+0000] {processor.py:830} INFO - Processing file /home/airflow/.local/lib/python3.12/site-packages/airflow/example_dags/example_complex.py for tasks to queue
[2024-05-12T01:20:05.605+0000] {logging_mixin.py:188} INFO - [2024-05-12T01:20:05.605+0000] {dagbag.py:545} INFO - Filling up the DagBag from /home/airflow/.local/lib/python3.12/site-packages/airflow/example_dags/example_complex.py
[2024-05-12T01:20:05.610+0000] {processor.py:840} INFO - DAG(s) 'example_complex' retrieved from /home/airflow/.local/lib/python3.12/site-packages/airflow/example_dags/example_complex.py
[2024-05-12T01:20:05.631+0000] {logging_mixin.py:188} INFO - [2024-05-12T01:20:05.630+0000] {dag.py:3096} INFO - Sync 1 DAGs
[2024-05-12T01:20:05.637+0000] {logging_mixin.py:188} INFO - [2024-05-12T01:20:05.637+0000] {dag.py:3954} INFO - Setting next_dagrun for example_complex to None, run_after=None
[2024-05-12T01:20:05.645+0000] {processor.py:183} INFO - Processing /home/airflow/.local/lib/python3.12/site-packages/airflow/example_dags/example_complex.py took 0.045 seconds
[2024-05-12T01:20:36.376+0000] {processor.py:161} INFO - Started process (PID=16090) to work on /home/airflow/.local/lib/python3.12/site-packages/airflow/example_dags/example_complex.py
[2024-05-12T01:20:36.376+0000] {processor.py:830} INFO - Processing file /home/airflow/.local/lib/python3.12/site-packages/airflow/example_dags/example_complex.py for tasks to queue
[2024-05-12T01:20:36.377+0000] {logging_mixin.py:188} INFO - [2024-05-12T01:20:36.377+0000] {dagbag.py:545} INFO - Filling up the DagBag from /home/airflow/.local/lib/python3.12/site-packages/airflow/example_dags/example_complex.py
[2024-05-12T01:20:36.383+0000] {processor.py:840} INFO - DAG(s) 'example_complex' retrieved from /home/airflow/.local/lib/python3.12/site-packages/airflow/example_dags/example_complex.py
[2024-05-12T01:20:36.397+0000] {logging_mixin.py:188} INFO - [2024-05-12T01:20:36.397+0000] {dag.py:3096} INFO - Sync 1 DAGs
[2024-05-12T01:20:36.404+0000] {logging_mixin.py:188} INFO - [2024-05-12T01:20:36.404+0000] {dag.py:3954} INFO - Setting next_dagrun for example_complex to None, run_after=None
[2024-05-12T01:20:36.413+0000] {processor.py:183} INFO - Processing /home/airflow/.local/lib/python3.12/site-packages/airflow/example_dags/example_complex.py took 0.040 seconds
[2024-05-12T01:21:07.349+0000] {processor.py:161} INFO - Started process (PID=16354) to work on /home/airflow/.local/lib/python3.12/site-packages/airflow/example_dags/example_complex.py
[2024-05-12T01:21:07.350+0000] {processor.py:830} INFO - Processing file /home/airflow/.local/lib/python3.12/site-packages/airflow/example_dags/example_complex.py for tasks to queue
[2024-05-12T01:21:07.351+0000] {logging_mixin.py:188} INFO - [2024-05-12T01:21:07.351+0000] {dagbag.py:545} INFO - Filling up the DagBag from /home/airflow/.local/lib/python3.12/site-packages/airflow/example_dags/example_complex.py
[2024-05-12T01:21:07.357+0000] {processor.py:840} INFO - DAG(s) 'example_complex' retrieved from /home/airflow/.local/lib/python3.12/site-packages/airflow/example_dags/example_complex.py
[2024-05-12T01:21:07.371+0000] {logging_mixin.py:188} INFO - [2024-05-12T01:21:07.371+0000] {dag.py:3096} INFO - Sync 1 DAGs
[2024-05-12T01:21:07.378+0000] {logging_mixin.py:188} INFO - [2024-05-12T01:21:07.378+0000] {dag.py:3954} INFO - Setting next_dagrun for example_complex to None, run_after=None
[2024-05-12T01:21:07.388+0000] {processor.py:183} INFO - Processing /home/airflow/.local/lib/python3.12/site-packages/airflow/example_dags/example_complex.py took 0.042 seconds
[2024-05-12T01:21:38.152+0000] {processor.py:161} INFO - Started process (PID=16619) to work on /home/airflow/.local/lib/python3.12/site-packages/airflow/example_dags/example_complex.py
[2024-05-12T01:21:38.156+0000] {processor.py:830} INFO - Processing file /home/airflow/.local/lib/python3.12/site-packages/airflow/example_dags/example_complex.py for tasks to queue
[2024-05-12T01:21:38.157+0000] {logging_mixin.py:188} INFO - [2024-05-12T01:21:38.157+0000] {dagbag.py:545} INFO - Filling up the DagBag from /home/airflow/.local/lib/python3.12/site-packages/airflow/example_dags/example_complex.py
[2024-05-12T01:21:38.163+0000] {processor.py:840} INFO - DAG(s) 'example_complex' retrieved from /home/airflow/.local/lib/python3.12/site-packages/airflow/example_dags/example_complex.py
[2024-05-12T01:21:38.181+0000] {logging_mixin.py:188} INFO - [2024-05-12T01:21:38.181+0000] {dag.py:3096} INFO - Sync 1 DAGs
[2024-05-12T01:21:38.188+0000] {logging_mixin.py:188} INFO - [2024-05-12T01:21:38.187+0000] {dag.py:3954} INFO - Setting next_dagrun for example_complex to None, run_after=None
[2024-05-12T01:21:38.196+0000] {processor.py:183} INFO - Processing /home/airflow/.local/lib/python3.12/site-packages/airflow/example_dags/example_complex.py took 0.048 seconds
[2024-05-12T01:22:09.031+0000] {processor.py:161} INFO - Started process (PID=16881) to work on /home/airflow/.local/lib/python3.12/site-packages/airflow/example_dags/example_complex.py
[2024-05-12T01:22:09.031+0000] {processor.py:830} INFO - Processing file /home/airflow/.local/lib/python3.12/site-packages/airflow/example_dags/example_complex.py for tasks to queue
[2024-05-12T01:22:09.032+0000] {logging_mixin.py:188} INFO - [2024-05-12T01:22:09.032+0000] {dagbag.py:545} INFO - Filling up the DagBag from /home/airflow/.local/lib/python3.12/site-packages/airflow/example_dags/example_complex.py
[2024-05-12T01:22:09.037+0000] {processor.py:840} INFO - DAG(s) 'example_complex' retrieved from /home/airflow/.local/lib/python3.12/site-packages/airflow/example_dags/example_complex.py
[2024-05-12T01:22:09.051+0000] {logging_mixin.py:188} INFO - [2024-05-12T01:22:09.051+0000] {dag.py:3096} INFO - Sync 1 DAGs
[2024-05-12T01:22:09.058+0000] {logging_mixin.py:188} INFO - [2024-05-12T01:22:09.057+0000] {dag.py:3954} INFO - Setting next_dagrun for example_complex to None, run_after=None
[2024-05-12T01:22:09.066+0000] {processor.py:183} INFO - Processing /home/airflow/.local/lib/python3.12/site-packages/airflow/example_dags/example_complex.py took 0.038 seconds
