[2024-05-12T00:37:43.297+0000] {processor.py:161} INFO - Started process (PID=4380) to work on /home/airflow/.local/lib/python3.12/site-packages/airflow/example_dags/example_dynamic_task_mapping.py
[2024-05-12T00:37:43.298+0000] {processor.py:830} INFO - Processing file /home/airflow/.local/lib/python3.12/site-packages/airflow/example_dags/example_dynamic_task_mapping.py for tasks to queue
[2024-05-12T00:37:43.299+0000] {logging_mixin.py:188} INFO - [2024-05-12T00:37:43.298+0000] {dagbag.py:545} INFO - Filling up the DagBag from /home/airflow/.local/lib/python3.12/site-packages/airflow/example_dags/example_dynamic_task_mapping.py
[2024-05-12T00:37:43.302+0000] {processor.py:840} INFO - DAG(s) 'example_dynamic_task_mapping' retrieved from /home/airflow/.local/lib/python3.12/site-packages/airflow/example_dags/example_dynamic_task_mapping.py
[2024-05-12T00:37:43.312+0000] {logging_mixin.py:188} INFO - [2024-05-12T00:37:43.312+0000] {dag.py:3096} INFO - Sync 1 DAGs
[2024-05-12T00:37:43.323+0000] {logging_mixin.py:188} INFO - [2024-05-12T00:37:43.323+0000] {dag.py:3954} INFO - Setting next_dagrun for example_dynamic_task_mapping to 2022-03-04 00:00:00+00:00, run_after=2022-03-05 00:00:00+00:00
[2024-05-12T00:37:43.331+0000] {processor.py:183} INFO - Processing /home/airflow/.local/lib/python3.12/site-packages/airflow/example_dags/example_dynamic_task_mapping.py took 0.037 seconds
[2024-05-12T00:38:14.027+0000] {processor.py:161} INFO - Started process (PID=4642) to work on /home/airflow/.local/lib/python3.12/site-packages/airflow/example_dags/example_dynamic_task_mapping.py
[2024-05-12T00:38:14.028+0000] {processor.py:830} INFO - Processing file /home/airflow/.local/lib/python3.12/site-packages/airflow/example_dags/example_dynamic_task_mapping.py for tasks to queue
[2024-05-12T00:38:14.029+0000] {logging_mixin.py:188} INFO - [2024-05-12T00:38:14.029+0000] {dagbag.py:545} INFO - Filling up the DagBag from /home/airflow/.local/lib/python3.12/site-packages/airflow/example_dags/example_dynamic_task_mapping.py
[2024-05-12T00:38:14.032+0000] {processor.py:840} INFO - DAG(s) 'example_dynamic_task_mapping' retrieved from /home/airflow/.local/lib/python3.12/site-packages/airflow/example_dags/example_dynamic_task_mapping.py
[2024-05-12T00:38:14.042+0000] {logging_mixin.py:188} INFO - [2024-05-12T00:38:14.042+0000] {dag.py:3096} INFO - Sync 1 DAGs
[2024-05-12T00:38:14.052+0000] {logging_mixin.py:188} INFO - [2024-05-12T00:38:14.052+0000] {dag.py:3954} INFO - Setting next_dagrun for example_dynamic_task_mapping to 2022-03-04 00:00:00+00:00, run_after=2022-03-05 00:00:00+00:00
[2024-05-12T00:38:14.060+0000] {processor.py:183} INFO - Processing /home/airflow/.local/lib/python3.12/site-packages/airflow/example_dags/example_dynamic_task_mapping.py took 0.036 seconds
[2024-05-12T00:38:44.678+0000] {processor.py:161} INFO - Started process (PID=4904) to work on /home/airflow/.local/lib/python3.12/site-packages/airflow/example_dags/example_dynamic_task_mapping.py
[2024-05-12T00:38:44.678+0000] {processor.py:830} INFO - Processing file /home/airflow/.local/lib/python3.12/site-packages/airflow/example_dags/example_dynamic_task_mapping.py for tasks to queue
[2024-05-12T00:38:44.679+0000] {logging_mixin.py:188} INFO - [2024-05-12T00:38:44.679+0000] {dagbag.py:545} INFO - Filling up the DagBag from /home/airflow/.local/lib/python3.12/site-packages/airflow/example_dags/example_dynamic_task_mapping.py
[2024-05-12T00:38:44.683+0000] {processor.py:840} INFO - DAG(s) 'example_dynamic_task_mapping' retrieved from /home/airflow/.local/lib/python3.12/site-packages/airflow/example_dags/example_dynamic_task_mapping.py
[2024-05-12T00:38:44.693+0000] {logging_mixin.py:188} INFO - [2024-05-12T00:38:44.693+0000] {dag.py:3096} INFO - Sync 1 DAGs
[2024-05-12T00:38:44.703+0000] {logging_mixin.py:188} INFO - [2024-05-12T00:38:44.703+0000] {dag.py:3954} INFO - Setting next_dagrun for example_dynamic_task_mapping to 2022-03-04 00:00:00+00:00, run_after=2022-03-05 00:00:00+00:00
[2024-05-12T00:38:44.711+0000] {processor.py:183} INFO - Processing /home/airflow/.local/lib/python3.12/site-packages/airflow/example_dags/example_dynamic_task_mapping.py took 0.036 seconds
[2024-05-12T00:39:15.300+0000] {processor.py:161} INFO - Started process (PID=5165) to work on /home/airflow/.local/lib/python3.12/site-packages/airflow/example_dags/example_dynamic_task_mapping.py
[2024-05-12T00:39:15.301+0000] {processor.py:830} INFO - Processing file /home/airflow/.local/lib/python3.12/site-packages/airflow/example_dags/example_dynamic_task_mapping.py for tasks to queue
[2024-05-12T00:39:15.302+0000] {logging_mixin.py:188} INFO - [2024-05-12T00:39:15.302+0000] {dagbag.py:545} INFO - Filling up the DagBag from /home/airflow/.local/lib/python3.12/site-packages/airflow/example_dags/example_dynamic_task_mapping.py
[2024-05-12T00:39:15.306+0000] {processor.py:840} INFO - DAG(s) 'example_dynamic_task_mapping' retrieved from /home/airflow/.local/lib/python3.12/site-packages/airflow/example_dags/example_dynamic_task_mapping.py
[2024-05-12T00:39:15.317+0000] {logging_mixin.py:188} INFO - [2024-05-12T00:39:15.317+0000] {dag.py:3096} INFO - Sync 1 DAGs
[2024-05-12T00:39:15.329+0000] {logging_mixin.py:188} INFO - [2024-05-12T00:39:15.329+0000] {dag.py:3954} INFO - Setting next_dagrun for example_dynamic_task_mapping to 2022-03-04 00:00:00+00:00, run_after=2022-03-05 00:00:00+00:00
[2024-05-12T00:39:15.339+0000] {processor.py:183} INFO - Processing /home/airflow/.local/lib/python3.12/site-packages/airflow/example_dags/example_dynamic_task_mapping.py took 0.041 seconds
[2024-05-12T00:39:46.150+0000] {processor.py:161} INFO - Started process (PID=5426) to work on /home/airflow/.local/lib/python3.12/site-packages/airflow/example_dags/example_dynamic_task_mapping.py
[2024-05-12T00:39:46.150+0000] {processor.py:830} INFO - Processing file /home/airflow/.local/lib/python3.12/site-packages/airflow/example_dags/example_dynamic_task_mapping.py for tasks to queue
[2024-05-12T00:39:46.151+0000] {logging_mixin.py:188} INFO - [2024-05-12T00:39:46.151+0000] {dagbag.py:545} INFO - Filling up the DagBag from /home/airflow/.local/lib/python3.12/site-packages/airflow/example_dags/example_dynamic_task_mapping.py
[2024-05-12T00:39:46.156+0000] {processor.py:840} INFO - DAG(s) 'example_dynamic_task_mapping' retrieved from /home/airflow/.local/lib/python3.12/site-packages/airflow/example_dags/example_dynamic_task_mapping.py
[2024-05-12T00:39:46.166+0000] {logging_mixin.py:188} INFO - [2024-05-12T00:39:46.166+0000] {dag.py:3096} INFO - Sync 1 DAGs
[2024-05-12T00:39:46.177+0000] {logging_mixin.py:188} INFO - [2024-05-12T00:39:46.177+0000] {dag.py:3954} INFO - Setting next_dagrun for example_dynamic_task_mapping to 2022-03-04 00:00:00+00:00, run_after=2022-03-05 00:00:00+00:00
[2024-05-12T00:39:46.186+0000] {processor.py:183} INFO - Processing /home/airflow/.local/lib/python3.12/site-packages/airflow/example_dags/example_dynamic_task_mapping.py took 0.040 seconds
[2024-05-12T00:40:16.860+0000] {processor.py:161} INFO - Started process (PID=5688) to work on /home/airflow/.local/lib/python3.12/site-packages/airflow/example_dags/example_dynamic_task_mapping.py
[2024-05-12T00:40:16.861+0000] {processor.py:830} INFO - Processing file /home/airflow/.local/lib/python3.12/site-packages/airflow/example_dags/example_dynamic_task_mapping.py for tasks to queue
[2024-05-12T00:40:16.862+0000] {logging_mixin.py:188} INFO - [2024-05-12T00:40:16.862+0000] {dagbag.py:545} INFO - Filling up the DagBag from /home/airflow/.local/lib/python3.12/site-packages/airflow/example_dags/example_dynamic_task_mapping.py
[2024-05-12T00:40:16.868+0000] {processor.py:840} INFO - DAG(s) 'example_dynamic_task_mapping' retrieved from /home/airflow/.local/lib/python3.12/site-packages/airflow/example_dags/example_dynamic_task_mapping.py
[2024-05-12T00:40:16.878+0000] {logging_mixin.py:188} INFO - [2024-05-12T00:40:16.878+0000] {dag.py:3096} INFO - Sync 1 DAGs
[2024-05-12T00:40:16.889+0000] {logging_mixin.py:188} INFO - [2024-05-12T00:40:16.889+0000] {dag.py:3954} INFO - Setting next_dagrun for example_dynamic_task_mapping to 2022-03-04 00:00:00+00:00, run_after=2022-03-05 00:00:00+00:00
[2024-05-12T00:40:16.900+0000] {processor.py:183} INFO - Processing /home/airflow/.local/lib/python3.12/site-packages/airflow/example_dags/example_dynamic_task_mapping.py took 0.043 seconds
[2024-05-12T00:40:47.566+0000] {processor.py:161} INFO - Started process (PID=5950) to work on /home/airflow/.local/lib/python3.12/site-packages/airflow/example_dags/example_dynamic_task_mapping.py
[2024-05-12T00:40:47.566+0000] {processor.py:830} INFO - Processing file /home/airflow/.local/lib/python3.12/site-packages/airflow/example_dags/example_dynamic_task_mapping.py for tasks to queue
[2024-05-12T00:40:47.567+0000] {logging_mixin.py:188} INFO - [2024-05-12T00:40:47.567+0000] {dagbag.py:545} INFO - Filling up the DagBag from /home/airflow/.local/lib/python3.12/site-packages/airflow/example_dags/example_dynamic_task_mapping.py
[2024-05-12T00:40:47.571+0000] {processor.py:840} INFO - DAG(s) 'example_dynamic_task_mapping' retrieved from /home/airflow/.local/lib/python3.12/site-packages/airflow/example_dags/example_dynamic_task_mapping.py
[2024-05-12T00:40:47.580+0000] {logging_mixin.py:188} INFO - [2024-05-12T00:40:47.580+0000] {dag.py:3096} INFO - Sync 1 DAGs
[2024-05-12T00:40:47.590+0000] {logging_mixin.py:188} INFO - [2024-05-12T00:40:47.590+0000] {dag.py:3954} INFO - Setting next_dagrun for example_dynamic_task_mapping to 2022-03-04 00:00:00+00:00, run_after=2022-03-05 00:00:00+00:00
[2024-05-12T00:40:47.599+0000] {processor.py:183} INFO - Processing /home/airflow/.local/lib/python3.12/site-packages/airflow/example_dags/example_dynamic_task_mapping.py took 0.036 seconds
[2024-05-12T00:41:18.504+0000] {processor.py:161} INFO - Started process (PID=6212) to work on /home/airflow/.local/lib/python3.12/site-packages/airflow/example_dags/example_dynamic_task_mapping.py
[2024-05-12T00:41:18.504+0000] {processor.py:830} INFO - Processing file /home/airflow/.local/lib/python3.12/site-packages/airflow/example_dags/example_dynamic_task_mapping.py for tasks to queue
[2024-05-12T00:41:18.505+0000] {logging_mixin.py:188} INFO - [2024-05-12T00:41:18.505+0000] {dagbag.py:545} INFO - Filling up the DagBag from /home/airflow/.local/lib/python3.12/site-packages/airflow/example_dags/example_dynamic_task_mapping.py
[2024-05-12T00:41:18.509+0000] {processor.py:840} INFO - DAG(s) 'example_dynamic_task_mapping' retrieved from /home/airflow/.local/lib/python3.12/site-packages/airflow/example_dags/example_dynamic_task_mapping.py
[2024-05-12T00:41:18.519+0000] {logging_mixin.py:188} INFO - [2024-05-12T00:41:18.519+0000] {dag.py:3096} INFO - Sync 1 DAGs
[2024-05-12T00:41:18.530+0000] {logging_mixin.py:188} INFO - [2024-05-12T00:41:18.530+0000] {dag.py:3954} INFO - Setting next_dagrun for example_dynamic_task_mapping to 2022-03-04 00:00:00+00:00, run_after=2022-03-05 00:00:00+00:00
[2024-05-12T00:41:18.538+0000] {processor.py:183} INFO - Processing /home/airflow/.local/lib/python3.12/site-packages/airflow/example_dags/example_dynamic_task_mapping.py took 0.037 seconds
[2024-05-12T00:41:49.245+0000] {processor.py:161} INFO - Started process (PID=6474) to work on /home/airflow/.local/lib/python3.12/site-packages/airflow/example_dags/example_dynamic_task_mapping.py
[2024-05-12T00:41:49.246+0000] {processor.py:830} INFO - Processing file /home/airflow/.local/lib/python3.12/site-packages/airflow/example_dags/example_dynamic_task_mapping.py for tasks to queue
[2024-05-12T00:41:49.247+0000] {logging_mixin.py:188} INFO - [2024-05-12T00:41:49.247+0000] {dagbag.py:545} INFO - Filling up the DagBag from /home/airflow/.local/lib/python3.12/site-packages/airflow/example_dags/example_dynamic_task_mapping.py
[2024-05-12T00:41:49.250+0000] {processor.py:840} INFO - DAG(s) 'example_dynamic_task_mapping' retrieved from /home/airflow/.local/lib/python3.12/site-packages/airflow/example_dags/example_dynamic_task_mapping.py
[2024-05-12T00:41:49.261+0000] {logging_mixin.py:188} INFO - [2024-05-12T00:41:49.261+0000] {dag.py:3096} INFO - Sync 1 DAGs
[2024-05-12T00:41:49.271+0000] {logging_mixin.py:188} INFO - [2024-05-12T00:41:49.271+0000] {dag.py:3954} INFO - Setting next_dagrun for example_dynamic_task_mapping to 2022-03-04 00:00:00+00:00, run_after=2022-03-05 00:00:00+00:00
[2024-05-12T00:41:49.280+0000] {processor.py:183} INFO - Processing /home/airflow/.local/lib/python3.12/site-packages/airflow/example_dags/example_dynamic_task_mapping.py took 0.038 seconds
[2024-05-12T00:42:19.877+0000] {processor.py:161} INFO - Started process (PID=6736) to work on /home/airflow/.local/lib/python3.12/site-packages/airflow/example_dags/example_dynamic_task_mapping.py
[2024-05-12T00:42:19.878+0000] {processor.py:830} INFO - Processing file /home/airflow/.local/lib/python3.12/site-packages/airflow/example_dags/example_dynamic_task_mapping.py for tasks to queue
[2024-05-12T00:42:19.879+0000] {logging_mixin.py:188} INFO - [2024-05-12T00:42:19.879+0000] {dagbag.py:545} INFO - Filling up the DagBag from /home/airflow/.local/lib/python3.12/site-packages/airflow/example_dags/example_dynamic_task_mapping.py
[2024-05-12T00:42:19.882+0000] {processor.py:840} INFO - DAG(s) 'example_dynamic_task_mapping' retrieved from /home/airflow/.local/lib/python3.12/site-packages/airflow/example_dags/example_dynamic_task_mapping.py
[2024-05-12T00:42:19.895+0000] {logging_mixin.py:188} INFO - [2024-05-12T00:42:19.895+0000] {dag.py:3096} INFO - Sync 1 DAGs
[2024-05-12T00:42:19.905+0000] {logging_mixin.py:188} INFO - [2024-05-12T00:42:19.905+0000] {dag.py:3954} INFO - Setting next_dagrun for example_dynamic_task_mapping to 2022-03-04 00:00:00+00:00, run_after=2022-03-05 00:00:00+00:00
[2024-05-12T00:42:19.914+0000] {processor.py:183} INFO - Processing /home/airflow/.local/lib/python3.12/site-packages/airflow/example_dags/example_dynamic_task_mapping.py took 0.040 seconds
[2024-05-12T00:42:50.659+0000] {processor.py:161} INFO - Started process (PID=6998) to work on /home/airflow/.local/lib/python3.12/site-packages/airflow/example_dags/example_dynamic_task_mapping.py
[2024-05-12T00:42:50.659+0000] {processor.py:830} INFO - Processing file /home/airflow/.local/lib/python3.12/site-packages/airflow/example_dags/example_dynamic_task_mapping.py for tasks to queue
[2024-05-12T00:42:50.660+0000] {logging_mixin.py:188} INFO - [2024-05-12T00:42:50.660+0000] {dagbag.py:545} INFO - Filling up the DagBag from /home/airflow/.local/lib/python3.12/site-packages/airflow/example_dags/example_dynamic_task_mapping.py
[2024-05-12T00:42:50.664+0000] {processor.py:840} INFO - DAG(s) 'example_dynamic_task_mapping' retrieved from /home/airflow/.local/lib/python3.12/site-packages/airflow/example_dags/example_dynamic_task_mapping.py
[2024-05-12T00:42:50.674+0000] {logging_mixin.py:188} INFO - [2024-05-12T00:42:50.674+0000] {dag.py:3096} INFO - Sync 1 DAGs
[2024-05-12T00:42:50.684+0000] {logging_mixin.py:188} INFO - [2024-05-12T00:42:50.684+0000] {dag.py:3954} INFO - Setting next_dagrun for example_dynamic_task_mapping to 2022-03-04 00:00:00+00:00, run_after=2022-03-05 00:00:00+00:00
[2024-05-12T00:42:50.692+0000] {processor.py:183} INFO - Processing /home/airflow/.local/lib/python3.12/site-packages/airflow/example_dags/example_dynamic_task_mapping.py took 0.037 seconds
[2024-05-12T00:43:21.407+0000] {processor.py:161} INFO - Started process (PID=7260) to work on /home/airflow/.local/lib/python3.12/site-packages/airflow/example_dags/example_dynamic_task_mapping.py
[2024-05-12T00:43:21.407+0000] {processor.py:830} INFO - Processing file /home/airflow/.local/lib/python3.12/site-packages/airflow/example_dags/example_dynamic_task_mapping.py for tasks to queue
[2024-05-12T00:43:21.408+0000] {logging_mixin.py:188} INFO - [2024-05-12T00:43:21.408+0000] {dagbag.py:545} INFO - Filling up the DagBag from /home/airflow/.local/lib/python3.12/site-packages/airflow/example_dags/example_dynamic_task_mapping.py
[2024-05-12T00:43:21.412+0000] {processor.py:840} INFO - DAG(s) 'example_dynamic_task_mapping' retrieved from /home/airflow/.local/lib/python3.12/site-packages/airflow/example_dags/example_dynamic_task_mapping.py
[2024-05-12T00:43:21.423+0000] {logging_mixin.py:188} INFO - [2024-05-12T00:43:21.423+0000] {dag.py:3096} INFO - Sync 1 DAGs
[2024-05-12T00:43:21.433+0000] {logging_mixin.py:188} INFO - [2024-05-12T00:43:21.433+0000] {dag.py:3954} INFO - Setting next_dagrun for example_dynamic_task_mapping to 2022-03-04 00:00:00+00:00, run_after=2022-03-05 00:00:00+00:00
[2024-05-12T00:43:21.442+0000] {processor.py:183} INFO - Processing /home/airflow/.local/lib/python3.12/site-packages/airflow/example_dags/example_dynamic_task_mapping.py took 0.039 seconds
[2024-05-12T00:43:52.181+0000] {processor.py:161} INFO - Started process (PID=7522) to work on /home/airflow/.local/lib/python3.12/site-packages/airflow/example_dags/example_dynamic_task_mapping.py
[2024-05-12T00:43:52.182+0000] {processor.py:830} INFO - Processing file /home/airflow/.local/lib/python3.12/site-packages/airflow/example_dags/example_dynamic_task_mapping.py for tasks to queue
[2024-05-12T00:43:52.183+0000] {logging_mixin.py:188} INFO - [2024-05-12T00:43:52.183+0000] {dagbag.py:545} INFO - Filling up the DagBag from /home/airflow/.local/lib/python3.12/site-packages/airflow/example_dags/example_dynamic_task_mapping.py
[2024-05-12T00:43:52.187+0000] {processor.py:840} INFO - DAG(s) 'example_dynamic_task_mapping' retrieved from /home/airflow/.local/lib/python3.12/site-packages/airflow/example_dags/example_dynamic_task_mapping.py
[2024-05-12T00:43:52.196+0000] {logging_mixin.py:188} INFO - [2024-05-12T00:43:52.196+0000] {dag.py:3096} INFO - Sync 1 DAGs
[2024-05-12T00:43:52.209+0000] {logging_mixin.py:188} INFO - [2024-05-12T00:43:52.209+0000] {dag.py:3954} INFO - Setting next_dagrun for example_dynamic_task_mapping to 2022-03-04 00:00:00+00:00, run_after=2022-03-05 00:00:00+00:00
[2024-05-12T00:43:52.217+0000] {processor.py:183} INFO - Processing /home/airflow/.local/lib/python3.12/site-packages/airflow/example_dags/example_dynamic_task_mapping.py took 0.039 seconds
[2024-05-12T00:44:22.901+0000] {processor.py:161} INFO - Started process (PID=7783) to work on /home/airflow/.local/lib/python3.12/site-packages/airflow/example_dags/example_dynamic_task_mapping.py
[2024-05-12T00:44:22.902+0000] {processor.py:830} INFO - Processing file /home/airflow/.local/lib/python3.12/site-packages/airflow/example_dags/example_dynamic_task_mapping.py for tasks to queue
[2024-05-12T00:44:22.903+0000] {logging_mixin.py:188} INFO - [2024-05-12T00:44:22.903+0000] {dagbag.py:545} INFO - Filling up the DagBag from /home/airflow/.local/lib/python3.12/site-packages/airflow/example_dags/example_dynamic_task_mapping.py
[2024-05-12T00:44:22.906+0000] {processor.py:840} INFO - DAG(s) 'example_dynamic_task_mapping' retrieved from /home/airflow/.local/lib/python3.12/site-packages/airflow/example_dags/example_dynamic_task_mapping.py
[2024-05-12T00:44:22.916+0000] {logging_mixin.py:188} INFO - [2024-05-12T00:44:22.916+0000] {dag.py:3096} INFO - Sync 1 DAGs
[2024-05-12T00:44:22.926+0000] {logging_mixin.py:188} INFO - [2024-05-12T00:44:22.926+0000] {dag.py:3954} INFO - Setting next_dagrun for example_dynamic_task_mapping to 2022-03-04 00:00:00+00:00, run_after=2022-03-05 00:00:00+00:00
[2024-05-12T00:44:22.935+0000] {processor.py:183} INFO - Processing /home/airflow/.local/lib/python3.12/site-packages/airflow/example_dags/example_dynamic_task_mapping.py took 0.036 seconds
[2024-05-12T00:44:53.667+0000] {processor.py:161} INFO - Started process (PID=8045) to work on /home/airflow/.local/lib/python3.12/site-packages/airflow/example_dags/example_dynamic_task_mapping.py
[2024-05-12T00:44:53.668+0000] {processor.py:830} INFO - Processing file /home/airflow/.local/lib/python3.12/site-packages/airflow/example_dags/example_dynamic_task_mapping.py for tasks to queue
[2024-05-12T00:44:53.669+0000] {logging_mixin.py:188} INFO - [2024-05-12T00:44:53.668+0000] {dagbag.py:545} INFO - Filling up the DagBag from /home/airflow/.local/lib/python3.12/site-packages/airflow/example_dags/example_dynamic_task_mapping.py
[2024-05-12T00:44:53.673+0000] {processor.py:840} INFO - DAG(s) 'example_dynamic_task_mapping' retrieved from /home/airflow/.local/lib/python3.12/site-packages/airflow/example_dags/example_dynamic_task_mapping.py
[2024-05-12T00:44:53.684+0000] {logging_mixin.py:188} INFO - [2024-05-12T00:44:53.684+0000] {dag.py:3096} INFO - Sync 1 DAGs
[2024-05-12T00:44:53.696+0000] {logging_mixin.py:188} INFO - [2024-05-12T00:44:53.695+0000] {dag.py:3954} INFO - Setting next_dagrun for example_dynamic_task_mapping to 2022-03-04 00:00:00+00:00, run_after=2022-03-05 00:00:00+00:00
[2024-05-12T00:44:53.705+0000] {processor.py:183} INFO - Processing /home/airflow/.local/lib/python3.12/site-packages/airflow/example_dags/example_dynamic_task_mapping.py took 0.041 seconds
[2024-05-12T00:45:24.394+0000] {processor.py:161} INFO - Started process (PID=8306) to work on /home/airflow/.local/lib/python3.12/site-packages/airflow/example_dags/example_dynamic_task_mapping.py
[2024-05-12T00:45:24.395+0000] {processor.py:830} INFO - Processing file /home/airflow/.local/lib/python3.12/site-packages/airflow/example_dags/example_dynamic_task_mapping.py for tasks to queue
[2024-05-12T00:45:24.396+0000] {logging_mixin.py:188} INFO - [2024-05-12T00:45:24.396+0000] {dagbag.py:545} INFO - Filling up the DagBag from /home/airflow/.local/lib/python3.12/site-packages/airflow/example_dags/example_dynamic_task_mapping.py
[2024-05-12T00:45:24.400+0000] {processor.py:840} INFO - DAG(s) 'example_dynamic_task_mapping' retrieved from /home/airflow/.local/lib/python3.12/site-packages/airflow/example_dags/example_dynamic_task_mapping.py
[2024-05-12T00:45:24.411+0000] {logging_mixin.py:188} INFO - [2024-05-12T00:45:24.411+0000] {dag.py:3096} INFO - Sync 1 DAGs
[2024-05-12T00:45:24.422+0000] {logging_mixin.py:188} INFO - [2024-05-12T00:45:24.422+0000] {dag.py:3954} INFO - Setting next_dagrun for example_dynamic_task_mapping to 2022-03-04 00:00:00+00:00, run_after=2022-03-05 00:00:00+00:00
[2024-05-12T00:45:24.431+0000] {processor.py:183} INFO - Processing /home/airflow/.local/lib/python3.12/site-packages/airflow/example_dags/example_dynamic_task_mapping.py took 0.040 seconds
[2024-05-12T00:45:55.104+0000] {processor.py:161} INFO - Started process (PID=8568) to work on /home/airflow/.local/lib/python3.12/site-packages/airflow/example_dags/example_dynamic_task_mapping.py
[2024-05-12T00:45:55.105+0000] {processor.py:830} INFO - Processing file /home/airflow/.local/lib/python3.12/site-packages/airflow/example_dags/example_dynamic_task_mapping.py for tasks to queue
[2024-05-12T00:45:55.106+0000] {logging_mixin.py:188} INFO - [2024-05-12T00:45:55.106+0000] {dagbag.py:545} INFO - Filling up the DagBag from /home/airflow/.local/lib/python3.12/site-packages/airflow/example_dags/example_dynamic_task_mapping.py
[2024-05-12T00:45:55.110+0000] {processor.py:840} INFO - DAG(s) 'example_dynamic_task_mapping' retrieved from /home/airflow/.local/lib/python3.12/site-packages/airflow/example_dags/example_dynamic_task_mapping.py
[2024-05-12T00:45:55.120+0000] {logging_mixin.py:188} INFO - [2024-05-12T00:45:55.120+0000] {dag.py:3096} INFO - Sync 1 DAGs
[2024-05-12T00:45:55.131+0000] {logging_mixin.py:188} INFO - [2024-05-12T00:45:55.131+0000] {dag.py:3954} INFO - Setting next_dagrun for example_dynamic_task_mapping to 2022-03-04 00:00:00+00:00, run_after=2022-03-05 00:00:00+00:00
[2024-05-12T00:45:55.140+0000] {processor.py:183} INFO - Processing /home/airflow/.local/lib/python3.12/site-packages/airflow/example_dags/example_dynamic_task_mapping.py took 0.039 seconds
[2024-05-12T00:46:25.935+0000] {processor.py:161} INFO - Started process (PID=8830) to work on /home/airflow/.local/lib/python3.12/site-packages/airflow/example_dags/example_dynamic_task_mapping.py
[2024-05-12T00:46:25.936+0000] {processor.py:830} INFO - Processing file /home/airflow/.local/lib/python3.12/site-packages/airflow/example_dags/example_dynamic_task_mapping.py for tasks to queue
[2024-05-12T00:46:25.937+0000] {logging_mixin.py:188} INFO - [2024-05-12T00:46:25.937+0000] {dagbag.py:545} INFO - Filling up the DagBag from /home/airflow/.local/lib/python3.12/site-packages/airflow/example_dags/example_dynamic_task_mapping.py
[2024-05-12T00:46:25.941+0000] {processor.py:840} INFO - DAG(s) 'example_dynamic_task_mapping' retrieved from /home/airflow/.local/lib/python3.12/site-packages/airflow/example_dags/example_dynamic_task_mapping.py
[2024-05-12T00:46:25.951+0000] {logging_mixin.py:188} INFO - [2024-05-12T00:46:25.951+0000] {dag.py:3096} INFO - Sync 1 DAGs
[2024-05-12T00:46:25.961+0000] {logging_mixin.py:188} INFO - [2024-05-12T00:46:25.961+0000] {dag.py:3954} INFO - Setting next_dagrun for example_dynamic_task_mapping to 2022-03-04 00:00:00+00:00, run_after=2022-03-05 00:00:00+00:00
[2024-05-12T00:46:25.971+0000] {processor.py:183} INFO - Processing /home/airflow/.local/lib/python3.12/site-packages/airflow/example_dags/example_dynamic_task_mapping.py took 0.039 seconds
[2024-05-12T00:46:56.700+0000] {processor.py:161} INFO - Started process (PID=9092) to work on /home/airflow/.local/lib/python3.12/site-packages/airflow/example_dags/example_dynamic_task_mapping.py
[2024-05-12T00:46:56.700+0000] {processor.py:830} INFO - Processing file /home/airflow/.local/lib/python3.12/site-packages/airflow/example_dags/example_dynamic_task_mapping.py for tasks to queue
[2024-05-12T00:46:56.702+0000] {logging_mixin.py:188} INFO - [2024-05-12T00:46:56.701+0000] {dagbag.py:545} INFO - Filling up the DagBag from /home/airflow/.local/lib/python3.12/site-packages/airflow/example_dags/example_dynamic_task_mapping.py
[2024-05-12T00:46:56.705+0000] {processor.py:840} INFO - DAG(s) 'example_dynamic_task_mapping' retrieved from /home/airflow/.local/lib/python3.12/site-packages/airflow/example_dags/example_dynamic_task_mapping.py
[2024-05-12T00:46:56.716+0000] {logging_mixin.py:188} INFO - [2024-05-12T00:46:56.716+0000] {dag.py:3096} INFO - Sync 1 DAGs
[2024-05-12T00:46:56.729+0000] {logging_mixin.py:188} INFO - [2024-05-12T00:46:56.729+0000] {dag.py:3954} INFO - Setting next_dagrun for example_dynamic_task_mapping to 2022-03-04 00:00:00+00:00, run_after=2022-03-05 00:00:00+00:00
[2024-05-12T00:46:56.737+0000] {processor.py:183} INFO - Processing /home/airflow/.local/lib/python3.12/site-packages/airflow/example_dags/example_dynamic_task_mapping.py took 0.041 seconds
[2024-05-12T00:47:27.657+0000] {processor.py:161} INFO - Started process (PID=9353) to work on /home/airflow/.local/lib/python3.12/site-packages/airflow/example_dags/example_dynamic_task_mapping.py
[2024-05-12T00:47:27.657+0000] {processor.py:830} INFO - Processing file /home/airflow/.local/lib/python3.12/site-packages/airflow/example_dags/example_dynamic_task_mapping.py for tasks to queue
[2024-05-12T00:47:27.658+0000] {logging_mixin.py:188} INFO - [2024-05-12T00:47:27.658+0000] {dagbag.py:545} INFO - Filling up the DagBag from /home/airflow/.local/lib/python3.12/site-packages/airflow/example_dags/example_dynamic_task_mapping.py
[2024-05-12T00:47:27.662+0000] {processor.py:840} INFO - DAG(s) 'example_dynamic_task_mapping' retrieved from /home/airflow/.local/lib/python3.12/site-packages/airflow/example_dags/example_dynamic_task_mapping.py
[2024-05-12T00:47:27.673+0000] {logging_mixin.py:188} INFO - [2024-05-12T00:47:27.673+0000] {dag.py:3096} INFO - Sync 1 DAGs
[2024-05-12T00:47:27.684+0000] {logging_mixin.py:188} INFO - [2024-05-12T00:47:27.683+0000] {dag.py:3954} INFO - Setting next_dagrun for example_dynamic_task_mapping to 2022-03-04 00:00:00+00:00, run_after=2022-03-05 00:00:00+00:00
[2024-05-12T00:47:27.693+0000] {processor.py:183} INFO - Processing /home/airflow/.local/lib/python3.12/site-packages/airflow/example_dags/example_dynamic_task_mapping.py took 0.040 seconds
[2024-05-12T00:47:58.513+0000] {processor.py:161} INFO - Started process (PID=9615) to work on /home/airflow/.local/lib/python3.12/site-packages/airflow/example_dags/example_dynamic_task_mapping.py
[2024-05-12T00:47:58.514+0000] {processor.py:830} INFO - Processing file /home/airflow/.local/lib/python3.12/site-packages/airflow/example_dags/example_dynamic_task_mapping.py for tasks to queue
[2024-05-12T00:47:58.515+0000] {logging_mixin.py:188} INFO - [2024-05-12T00:47:58.515+0000] {dagbag.py:545} INFO - Filling up the DagBag from /home/airflow/.local/lib/python3.12/site-packages/airflow/example_dags/example_dynamic_task_mapping.py
[2024-05-12T00:47:58.519+0000] {processor.py:840} INFO - DAG(s) 'example_dynamic_task_mapping' retrieved from /home/airflow/.local/lib/python3.12/site-packages/airflow/example_dags/example_dynamic_task_mapping.py
[2024-05-12T00:47:58.530+0000] {logging_mixin.py:188} INFO - [2024-05-12T00:47:58.530+0000] {dag.py:3096} INFO - Sync 1 DAGs
[2024-05-12T00:47:58.540+0000] {logging_mixin.py:188} INFO - [2024-05-12T00:47:58.540+0000] {dag.py:3954} INFO - Setting next_dagrun for example_dynamic_task_mapping to 2022-03-04 00:00:00+00:00, run_after=2022-03-05 00:00:00+00:00
[2024-05-12T00:47:58.549+0000] {processor.py:183} INFO - Processing /home/airflow/.local/lib/python3.12/site-packages/airflow/example_dags/example_dynamic_task_mapping.py took 0.039 seconds
[2024-05-12T00:48:29.344+0000] {processor.py:161} INFO - Started process (PID=9877) to work on /home/airflow/.local/lib/python3.12/site-packages/airflow/example_dags/example_dynamic_task_mapping.py
[2024-05-12T00:48:29.344+0000] {processor.py:830} INFO - Processing file /home/airflow/.local/lib/python3.12/site-packages/airflow/example_dags/example_dynamic_task_mapping.py for tasks to queue
[2024-05-12T00:48:29.345+0000] {logging_mixin.py:188} INFO - [2024-05-12T00:48:29.345+0000] {dagbag.py:545} INFO - Filling up the DagBag from /home/airflow/.local/lib/python3.12/site-packages/airflow/example_dags/example_dynamic_task_mapping.py
[2024-05-12T00:48:29.349+0000] {processor.py:840} INFO - DAG(s) 'example_dynamic_task_mapping' retrieved from /home/airflow/.local/lib/python3.12/site-packages/airflow/example_dags/example_dynamic_task_mapping.py
[2024-05-12T00:48:29.358+0000] {logging_mixin.py:188} INFO - [2024-05-12T00:48:29.358+0000] {dag.py:3096} INFO - Sync 1 DAGs
[2024-05-12T00:48:29.368+0000] {logging_mixin.py:188} INFO - [2024-05-12T00:48:29.368+0000] {dag.py:3954} INFO - Setting next_dagrun for example_dynamic_task_mapping to 2022-03-04 00:00:00+00:00, run_after=2022-03-05 00:00:00+00:00
[2024-05-12T00:48:29.377+0000] {processor.py:183} INFO - Processing /home/airflow/.local/lib/python3.12/site-packages/airflow/example_dags/example_dynamic_task_mapping.py took 0.036 seconds
[2024-05-12T00:48:59.523+0000] {processor.py:161} INFO - Started process (PID=10139) to work on /home/airflow/.local/lib/python3.12/site-packages/airflow/example_dags/example_dynamic_task_mapping.py
[2024-05-12T00:48:59.523+0000] {processor.py:830} INFO - Processing file /home/airflow/.local/lib/python3.12/site-packages/airflow/example_dags/example_dynamic_task_mapping.py for tasks to queue
[2024-05-12T00:48:59.524+0000] {logging_mixin.py:188} INFO - [2024-05-12T00:48:59.524+0000] {dagbag.py:545} INFO - Filling up the DagBag from /home/airflow/.local/lib/python3.12/site-packages/airflow/example_dags/example_dynamic_task_mapping.py
[2024-05-12T00:48:59.528+0000] {processor.py:840} INFO - DAG(s) 'example_dynamic_task_mapping' retrieved from /home/airflow/.local/lib/python3.12/site-packages/airflow/example_dags/example_dynamic_task_mapping.py
[2024-05-12T00:48:59.538+0000] {logging_mixin.py:188} INFO - [2024-05-12T00:48:59.538+0000] {dag.py:3096} INFO - Sync 1 DAGs
[2024-05-12T00:48:59.548+0000] {logging_mixin.py:188} INFO - [2024-05-12T00:48:59.548+0000] {dag.py:3954} INFO - Setting next_dagrun for example_dynamic_task_mapping to 2022-03-04 00:00:00+00:00, run_after=2022-03-05 00:00:00+00:00
[2024-05-12T00:48:59.556+0000] {processor.py:183} INFO - Processing /home/airflow/.local/lib/python3.12/site-packages/airflow/example_dags/example_dynamic_task_mapping.py took 0.037 seconds
[2024-05-12T01:06:45.238+0000] {processor.py:161} INFO - Started process (PID=10401) to work on /home/airflow/.local/lib/python3.12/site-packages/airflow/example_dags/example_dynamic_task_mapping.py
[2024-05-12T01:06:45.245+0000] {processor.py:830} INFO - Processing file /home/airflow/.local/lib/python3.12/site-packages/airflow/example_dags/example_dynamic_task_mapping.py for tasks to queue
[2024-05-12T01:06:45.249+0000] {logging_mixin.py:188} INFO - [2024-05-12T01:06:45.249+0000] {dagbag.py:545} INFO - Filling up the DagBag from /home/airflow/.local/lib/python3.12/site-packages/airflow/example_dags/example_dynamic_task_mapping.py
[2024-05-12T01:06:45.254+0000] {processor.py:840} INFO - DAG(s) 'example_dynamic_task_mapping' retrieved from /home/airflow/.local/lib/python3.12/site-packages/airflow/example_dags/example_dynamic_task_mapping.py
[2024-05-12T01:06:45.264+0000] {logging_mixin.py:188} INFO - [2024-05-12T01:06:45.264+0000] {dag.py:3096} INFO - Sync 1 DAGs
[2024-05-12T01:06:45.274+0000] {logging_mixin.py:188} INFO - [2024-05-12T01:06:45.274+0000] {dag.py:3954} INFO - Setting next_dagrun for example_dynamic_task_mapping to 2022-03-04 00:00:00+00:00, run_after=2022-03-05 00:00:00+00:00
[2024-05-12T01:06:45.286+0000] {processor.py:183} INFO - Processing /home/airflow/.local/lib/python3.12/site-packages/airflow/example_dags/example_dynamic_task_mapping.py took 0.051 seconds
[2024-05-12T01:10:16.637+0000] {processor.py:161} INFO - Started process (PID=10662) to work on /home/airflow/.local/lib/python3.12/site-packages/airflow/example_dags/example_dynamic_task_mapping.py
[2024-05-12T01:10:16.638+0000] {processor.py:830} INFO - Processing file /home/airflow/.local/lib/python3.12/site-packages/airflow/example_dags/example_dynamic_task_mapping.py for tasks to queue
[2024-05-12T01:10:16.639+0000] {logging_mixin.py:188} INFO - [2024-05-12T01:10:16.639+0000] {dagbag.py:545} INFO - Filling up the DagBag from /home/airflow/.local/lib/python3.12/site-packages/airflow/example_dags/example_dynamic_task_mapping.py
[2024-05-12T01:10:16.643+0000] {processor.py:840} INFO - DAG(s) 'example_dynamic_task_mapping' retrieved from /home/airflow/.local/lib/python3.12/site-packages/airflow/example_dags/example_dynamic_task_mapping.py
[2024-05-12T01:10:16.654+0000] {logging_mixin.py:188} INFO - [2024-05-12T01:10:16.654+0000] {dag.py:3096} INFO - Sync 1 DAGs
[2024-05-12T01:10:16.751+0000] {logging_mixin.py:188} INFO - [2024-05-12T01:10:16.751+0000] {dag.py:3954} INFO - Setting next_dagrun for example_dynamic_task_mapping to 2022-03-04 00:00:00+00:00, run_after=2022-03-05 00:00:00+00:00
[2024-05-12T01:10:16.761+0000] {processor.py:183} INFO - Processing /home/airflow/.local/lib/python3.12/site-packages/airflow/example_dags/example_dynamic_task_mapping.py took 0.127 seconds
[2024-05-12T01:10:47.415+0000] {processor.py:161} INFO - Started process (PID=10924) to work on /home/airflow/.local/lib/python3.12/site-packages/airflow/example_dags/example_dynamic_task_mapping.py
[2024-05-12T01:10:47.416+0000] {processor.py:830} INFO - Processing file /home/airflow/.local/lib/python3.12/site-packages/airflow/example_dags/example_dynamic_task_mapping.py for tasks to queue
[2024-05-12T01:10:47.417+0000] {logging_mixin.py:188} INFO - [2024-05-12T01:10:47.417+0000] {dagbag.py:545} INFO - Filling up the DagBag from /home/airflow/.local/lib/python3.12/site-packages/airflow/example_dags/example_dynamic_task_mapping.py
[2024-05-12T01:10:47.421+0000] {processor.py:840} INFO - DAG(s) 'example_dynamic_task_mapping' retrieved from /home/airflow/.local/lib/python3.12/site-packages/airflow/example_dags/example_dynamic_task_mapping.py
[2024-05-12T01:10:47.432+0000] {logging_mixin.py:188} INFO - [2024-05-12T01:10:47.432+0000] {dag.py:3096} INFO - Sync 1 DAGs
[2024-05-12T01:10:47.531+0000] {logging_mixin.py:188} INFO - [2024-05-12T01:10:47.531+0000] {dag.py:3954} INFO - Setting next_dagrun for example_dynamic_task_mapping to 2022-03-04 00:00:00+00:00, run_after=2022-03-05 00:00:00+00:00
[2024-05-12T01:10:47.540+0000] {processor.py:183} INFO - Processing /home/airflow/.local/lib/python3.12/site-packages/airflow/example_dags/example_dynamic_task_mapping.py took 0.128 seconds
[2024-05-12T01:11:17.894+0000] {processor.py:161} INFO - Started process (PID=11186) to work on /home/airflow/.local/lib/python3.12/site-packages/airflow/example_dags/example_dynamic_task_mapping.py
[2024-05-12T01:11:17.895+0000] {processor.py:830} INFO - Processing file /home/airflow/.local/lib/python3.12/site-packages/airflow/example_dags/example_dynamic_task_mapping.py for tasks to queue
[2024-05-12T01:11:17.896+0000] {logging_mixin.py:188} INFO - [2024-05-12T01:11:17.896+0000] {dagbag.py:545} INFO - Filling up the DagBag from /home/airflow/.local/lib/python3.12/site-packages/airflow/example_dags/example_dynamic_task_mapping.py
[2024-05-12T01:11:17.899+0000] {processor.py:840} INFO - DAG(s) 'example_dynamic_task_mapping' retrieved from /home/airflow/.local/lib/python3.12/site-packages/airflow/example_dags/example_dynamic_task_mapping.py
[2024-05-12T01:11:17.909+0000] {logging_mixin.py:188} INFO - [2024-05-12T01:11:17.909+0000] {dag.py:3096} INFO - Sync 1 DAGs
[2024-05-12T01:11:17.920+0000] {logging_mixin.py:188} INFO - [2024-05-12T01:11:17.920+0000] {dag.py:3954} INFO - Setting next_dagrun for example_dynamic_task_mapping to 2022-03-04 00:00:00+00:00, run_after=2022-03-05 00:00:00+00:00
[2024-05-12T01:11:18.012+0000] {processor.py:183} INFO - Processing /home/airflow/.local/lib/python3.12/site-packages/airflow/example_dags/example_dynamic_task_mapping.py took 0.121 seconds
[2024-05-12T01:11:48.626+0000] {processor.py:161} INFO - Started process (PID=11448) to work on /home/airflow/.local/lib/python3.12/site-packages/airflow/example_dags/example_dynamic_task_mapping.py
[2024-05-12T01:11:48.627+0000] {processor.py:830} INFO - Processing file /home/airflow/.local/lib/python3.12/site-packages/airflow/example_dags/example_dynamic_task_mapping.py for tasks to queue
[2024-05-12T01:11:48.628+0000] {logging_mixin.py:188} INFO - [2024-05-12T01:11:48.628+0000] {dagbag.py:545} INFO - Filling up the DagBag from /home/airflow/.local/lib/python3.12/site-packages/airflow/example_dags/example_dynamic_task_mapping.py
[2024-05-12T01:11:48.632+0000] {processor.py:840} INFO - DAG(s) 'example_dynamic_task_mapping' retrieved from /home/airflow/.local/lib/python3.12/site-packages/airflow/example_dags/example_dynamic_task_mapping.py
[2024-05-12T01:11:48.641+0000] {logging_mixin.py:188} INFO - [2024-05-12T01:11:48.641+0000] {dag.py:3096} INFO - Sync 1 DAGs
[2024-05-12T01:11:48.653+0000] {logging_mixin.py:188} INFO - [2024-05-12T01:11:48.653+0000] {dag.py:3954} INFO - Setting next_dagrun for example_dynamic_task_mapping to 2022-03-04 00:00:00+00:00, run_after=2022-03-05 00:00:00+00:00
[2024-05-12T01:11:48.660+0000] {processor.py:183} INFO - Processing /home/airflow/.local/lib/python3.12/site-packages/airflow/example_dags/example_dynamic_task_mapping.py took 0.037 seconds
[2024-05-12T01:12:19.532+0000] {processor.py:161} INFO - Started process (PID=11710) to work on /home/airflow/.local/lib/python3.12/site-packages/airflow/example_dags/example_dynamic_task_mapping.py
[2024-05-12T01:12:19.532+0000] {processor.py:830} INFO - Processing file /home/airflow/.local/lib/python3.12/site-packages/airflow/example_dags/example_dynamic_task_mapping.py for tasks to queue
[2024-05-12T01:12:19.534+0000] {logging_mixin.py:188} INFO - [2024-05-12T01:12:19.533+0000] {dagbag.py:545} INFO - Filling up the DagBag from /home/airflow/.local/lib/python3.12/site-packages/airflow/example_dags/example_dynamic_task_mapping.py
[2024-05-12T01:12:19.537+0000] {processor.py:840} INFO - DAG(s) 'example_dynamic_task_mapping' retrieved from /home/airflow/.local/lib/python3.12/site-packages/airflow/example_dags/example_dynamic_task_mapping.py
[2024-05-12T01:12:19.548+0000] {logging_mixin.py:188} INFO - [2024-05-12T01:12:19.547+0000] {dag.py:3096} INFO - Sync 1 DAGs
[2024-05-12T01:12:19.558+0000] {logging_mixin.py:188} INFO - [2024-05-12T01:12:19.558+0000] {dag.py:3954} INFO - Setting next_dagrun for example_dynamic_task_mapping to 2022-03-04 00:00:00+00:00, run_after=2022-03-05 00:00:00+00:00
[2024-05-12T01:12:19.567+0000] {processor.py:183} INFO - Processing /home/airflow/.local/lib/python3.12/site-packages/airflow/example_dags/example_dynamic_task_mapping.py took 0.039 seconds
[2024-05-12T01:12:50.452+0000] {processor.py:161} INFO - Started process (PID=11972) to work on /home/airflow/.local/lib/python3.12/site-packages/airflow/example_dags/example_dynamic_task_mapping.py
[2024-05-12T01:12:50.453+0000] {processor.py:830} INFO - Processing file /home/airflow/.local/lib/python3.12/site-packages/airflow/example_dags/example_dynamic_task_mapping.py for tasks to queue
[2024-05-12T01:12:50.454+0000] {logging_mixin.py:188} INFO - [2024-05-12T01:12:50.454+0000] {dagbag.py:545} INFO - Filling up the DagBag from /home/airflow/.local/lib/python3.12/site-packages/airflow/example_dags/example_dynamic_task_mapping.py
[2024-05-12T01:12:50.458+0000] {processor.py:840} INFO - DAG(s) 'example_dynamic_task_mapping' retrieved from /home/airflow/.local/lib/python3.12/site-packages/airflow/example_dags/example_dynamic_task_mapping.py
[2024-05-12T01:12:50.468+0000] {logging_mixin.py:188} INFO - [2024-05-12T01:12:50.468+0000] {dag.py:3096} INFO - Sync 1 DAGs
[2024-05-12T01:12:50.479+0000] {logging_mixin.py:188} INFO - [2024-05-12T01:12:50.479+0000] {dag.py:3954} INFO - Setting next_dagrun for example_dynamic_task_mapping to 2022-03-04 00:00:00+00:00, run_after=2022-03-05 00:00:00+00:00
[2024-05-12T01:12:50.488+0000] {processor.py:183} INFO - Processing /home/airflow/.local/lib/python3.12/site-packages/airflow/example_dags/example_dynamic_task_mapping.py took 0.039 seconds
[2024-05-12T01:13:21.337+0000] {processor.py:161} INFO - Started process (PID=12233) to work on /home/airflow/.local/lib/python3.12/site-packages/airflow/example_dags/example_dynamic_task_mapping.py
[2024-05-12T01:13:21.338+0000] {processor.py:830} INFO - Processing file /home/airflow/.local/lib/python3.12/site-packages/airflow/example_dags/example_dynamic_task_mapping.py for tasks to queue
[2024-05-12T01:13:21.339+0000] {logging_mixin.py:188} INFO - [2024-05-12T01:13:21.339+0000] {dagbag.py:545} INFO - Filling up the DagBag from /home/airflow/.local/lib/python3.12/site-packages/airflow/example_dags/example_dynamic_task_mapping.py
[2024-05-12T01:13:21.343+0000] {processor.py:840} INFO - DAG(s) 'example_dynamic_task_mapping' retrieved from /home/airflow/.local/lib/python3.12/site-packages/airflow/example_dags/example_dynamic_task_mapping.py
[2024-05-12T01:13:21.354+0000] {logging_mixin.py:188} INFO - [2024-05-12T01:13:21.354+0000] {dag.py:3096} INFO - Sync 1 DAGs
[2024-05-12T01:13:21.365+0000] {logging_mixin.py:188} INFO - [2024-05-12T01:13:21.365+0000] {dag.py:3954} INFO - Setting next_dagrun for example_dynamic_task_mapping to 2022-03-04 00:00:00+00:00, run_after=2022-03-05 00:00:00+00:00
[2024-05-12T01:13:21.373+0000] {processor.py:183} INFO - Processing /home/airflow/.local/lib/python3.12/site-packages/airflow/example_dags/example_dynamic_task_mapping.py took 0.039 seconds
[2024-05-12T01:13:52.256+0000] {processor.py:161} INFO - Started process (PID=12495) to work on /home/airflow/.local/lib/python3.12/site-packages/airflow/example_dags/example_dynamic_task_mapping.py
[2024-05-12T01:13:52.257+0000] {processor.py:830} INFO - Processing file /home/airflow/.local/lib/python3.12/site-packages/airflow/example_dags/example_dynamic_task_mapping.py for tasks to queue
[2024-05-12T01:13:52.258+0000] {logging_mixin.py:188} INFO - [2024-05-12T01:13:52.258+0000] {dagbag.py:545} INFO - Filling up the DagBag from /home/airflow/.local/lib/python3.12/site-packages/airflow/example_dags/example_dynamic_task_mapping.py
[2024-05-12T01:13:52.262+0000] {processor.py:840} INFO - DAG(s) 'example_dynamic_task_mapping' retrieved from /home/airflow/.local/lib/python3.12/site-packages/airflow/example_dags/example_dynamic_task_mapping.py
[2024-05-12T01:13:52.273+0000] {logging_mixin.py:188} INFO - [2024-05-12T01:13:52.273+0000] {dag.py:3096} INFO - Sync 1 DAGs
[2024-05-12T01:13:52.284+0000] {logging_mixin.py:188} INFO - [2024-05-12T01:13:52.284+0000] {dag.py:3954} INFO - Setting next_dagrun for example_dynamic_task_mapping to 2022-03-04 00:00:00+00:00, run_after=2022-03-05 00:00:00+00:00
[2024-05-12T01:13:52.293+0000] {processor.py:183} INFO - Processing /home/airflow/.local/lib/python3.12/site-packages/airflow/example_dags/example_dynamic_task_mapping.py took 0.040 seconds
[2024-05-12T01:14:23.132+0000] {processor.py:161} INFO - Started process (PID=12758) to work on /home/airflow/.local/lib/python3.12/site-packages/airflow/example_dags/example_dynamic_task_mapping.py
[2024-05-12T01:14:23.133+0000] {processor.py:830} INFO - Processing file /home/airflow/.local/lib/python3.12/site-packages/airflow/example_dags/example_dynamic_task_mapping.py for tasks to queue
[2024-05-12T01:14:23.134+0000] {logging_mixin.py:188} INFO - [2024-05-12T01:14:23.134+0000] {dagbag.py:545} INFO - Filling up the DagBag from /home/airflow/.local/lib/python3.12/site-packages/airflow/example_dags/example_dynamic_task_mapping.py
[2024-05-12T01:14:23.137+0000] {processor.py:840} INFO - DAG(s) 'example_dynamic_task_mapping' retrieved from /home/airflow/.local/lib/python3.12/site-packages/airflow/example_dags/example_dynamic_task_mapping.py
[2024-05-12T01:14:23.148+0000] {logging_mixin.py:188} INFO - [2024-05-12T01:14:23.148+0000] {dag.py:3096} INFO - Sync 1 DAGs
[2024-05-12T01:14:23.158+0000] {logging_mixin.py:188} INFO - [2024-05-12T01:14:23.158+0000] {dag.py:3954} INFO - Setting next_dagrun for example_dynamic_task_mapping to 2022-03-04 00:00:00+00:00, run_after=2022-03-05 00:00:00+00:00
[2024-05-12T01:14:23.166+0000] {processor.py:183} INFO - Processing /home/airflow/.local/lib/python3.12/site-packages/airflow/example_dags/example_dynamic_task_mapping.py took 0.037 seconds
[2024-05-12T01:14:54.096+0000] {processor.py:161} INFO - Started process (PID=13018) to work on /home/airflow/.local/lib/python3.12/site-packages/airflow/example_dags/example_dynamic_task_mapping.py
[2024-05-12T01:14:54.097+0000] {processor.py:830} INFO - Processing file /home/airflow/.local/lib/python3.12/site-packages/airflow/example_dags/example_dynamic_task_mapping.py for tasks to queue
[2024-05-12T01:14:54.098+0000] {logging_mixin.py:188} INFO - [2024-05-12T01:14:54.098+0000] {dagbag.py:545} INFO - Filling up the DagBag from /home/airflow/.local/lib/python3.12/site-packages/airflow/example_dags/example_dynamic_task_mapping.py
[2024-05-12T01:14:54.102+0000] {processor.py:840} INFO - DAG(s) 'example_dynamic_task_mapping' retrieved from /home/airflow/.local/lib/python3.12/site-packages/airflow/example_dags/example_dynamic_task_mapping.py
[2024-05-12T01:14:54.112+0000] {logging_mixin.py:188} INFO - [2024-05-12T01:14:54.112+0000] {dag.py:3096} INFO - Sync 1 DAGs
[2024-05-12T01:14:54.123+0000] {logging_mixin.py:188} INFO - [2024-05-12T01:14:54.123+0000] {dag.py:3954} INFO - Setting next_dagrun for example_dynamic_task_mapping to 2022-03-04 00:00:00+00:00, run_after=2022-03-05 00:00:00+00:00
[2024-05-12T01:14:54.131+0000] {processor.py:183} INFO - Processing /home/airflow/.local/lib/python3.12/site-packages/airflow/example_dags/example_dynamic_task_mapping.py took 0.039 seconds
[2024-05-12T01:15:25.102+0000] {processor.py:161} INFO - Started process (PID=13280) to work on /home/airflow/.local/lib/python3.12/site-packages/airflow/example_dags/example_dynamic_task_mapping.py
[2024-05-12T01:15:25.103+0000] {processor.py:830} INFO - Processing file /home/airflow/.local/lib/python3.12/site-packages/airflow/example_dags/example_dynamic_task_mapping.py for tasks to queue
[2024-05-12T01:15:25.104+0000] {logging_mixin.py:188} INFO - [2024-05-12T01:15:25.104+0000] {dagbag.py:545} INFO - Filling up the DagBag from /home/airflow/.local/lib/python3.12/site-packages/airflow/example_dags/example_dynamic_task_mapping.py
[2024-05-12T01:15:25.108+0000] {processor.py:840} INFO - DAG(s) 'example_dynamic_task_mapping' retrieved from /home/airflow/.local/lib/python3.12/site-packages/airflow/example_dags/example_dynamic_task_mapping.py
[2024-05-12T01:15:25.118+0000] {logging_mixin.py:188} INFO - [2024-05-12T01:15:25.118+0000] {dag.py:3096} INFO - Sync 1 DAGs
[2024-05-12T01:15:25.128+0000] {logging_mixin.py:188} INFO - [2024-05-12T01:15:25.128+0000] {dag.py:3954} INFO - Setting next_dagrun for example_dynamic_task_mapping to 2022-03-04 00:00:00+00:00, run_after=2022-03-05 00:00:00+00:00
[2024-05-12T01:15:25.137+0000] {processor.py:183} INFO - Processing /home/airflow/.local/lib/python3.12/site-packages/airflow/example_dags/example_dynamic_task_mapping.py took 0.038 seconds
[2024-05-12T01:15:56.006+0000] {processor.py:161} INFO - Started process (PID=13542) to work on /home/airflow/.local/lib/python3.12/site-packages/airflow/example_dags/example_dynamic_task_mapping.py
[2024-05-12T01:15:56.007+0000] {processor.py:830} INFO - Processing file /home/airflow/.local/lib/python3.12/site-packages/airflow/example_dags/example_dynamic_task_mapping.py for tasks to queue
[2024-05-12T01:15:56.008+0000] {logging_mixin.py:188} INFO - [2024-05-12T01:15:56.008+0000] {dagbag.py:545} INFO - Filling up the DagBag from /home/airflow/.local/lib/python3.12/site-packages/airflow/example_dags/example_dynamic_task_mapping.py
[2024-05-12T01:15:56.011+0000] {processor.py:840} INFO - DAG(s) 'example_dynamic_task_mapping' retrieved from /home/airflow/.local/lib/python3.12/site-packages/airflow/example_dags/example_dynamic_task_mapping.py
[2024-05-12T01:15:56.022+0000] {logging_mixin.py:188} INFO - [2024-05-12T01:15:56.022+0000] {dag.py:3096} INFO - Sync 1 DAGs
[2024-05-12T01:15:56.033+0000] {logging_mixin.py:188} INFO - [2024-05-12T01:15:56.033+0000] {dag.py:3954} INFO - Setting next_dagrun for example_dynamic_task_mapping to 2022-03-04 00:00:00+00:00, run_after=2022-03-05 00:00:00+00:00
[2024-05-12T01:15:56.042+0000] {processor.py:183} INFO - Processing /home/airflow/.local/lib/python3.12/site-packages/airflow/example_dags/example_dynamic_task_mapping.py took 0.040 seconds
[2024-05-12T01:16:26.795+0000] {processor.py:161} INFO - Started process (PID=13804) to work on /home/airflow/.local/lib/python3.12/site-packages/airflow/example_dags/example_dynamic_task_mapping.py
[2024-05-12T01:16:26.795+0000] {processor.py:830} INFO - Processing file /home/airflow/.local/lib/python3.12/site-packages/airflow/example_dags/example_dynamic_task_mapping.py for tasks to queue
[2024-05-12T01:16:26.796+0000] {logging_mixin.py:188} INFO - [2024-05-12T01:16:26.796+0000] {dagbag.py:545} INFO - Filling up the DagBag from /home/airflow/.local/lib/python3.12/site-packages/airflow/example_dags/example_dynamic_task_mapping.py
[2024-05-12T01:16:26.800+0000] {processor.py:840} INFO - DAG(s) 'example_dynamic_task_mapping' retrieved from /home/airflow/.local/lib/python3.12/site-packages/airflow/example_dags/example_dynamic_task_mapping.py
[2024-05-12T01:16:26.810+0000] {logging_mixin.py:188} INFO - [2024-05-12T01:16:26.810+0000] {dag.py:3096} INFO - Sync 1 DAGs
[2024-05-12T01:16:26.820+0000] {logging_mixin.py:188} INFO - [2024-05-12T01:16:26.820+0000] {dag.py:3954} INFO - Setting next_dagrun for example_dynamic_task_mapping to 2022-03-04 00:00:00+00:00, run_after=2022-03-05 00:00:00+00:00
[2024-05-12T01:16:26.828+0000] {processor.py:183} INFO - Processing /home/airflow/.local/lib/python3.12/site-packages/airflow/example_dags/example_dynamic_task_mapping.py took 0.036 seconds
[2024-05-12T01:16:57.514+0000] {processor.py:161} INFO - Started process (PID=14066) to work on /home/airflow/.local/lib/python3.12/site-packages/airflow/example_dags/example_dynamic_task_mapping.py
[2024-05-12T01:16:57.515+0000] {processor.py:830} INFO - Processing file /home/airflow/.local/lib/python3.12/site-packages/airflow/example_dags/example_dynamic_task_mapping.py for tasks to queue
[2024-05-12T01:16:57.516+0000] {logging_mixin.py:188} INFO - [2024-05-12T01:16:57.516+0000] {dagbag.py:545} INFO - Filling up the DagBag from /home/airflow/.local/lib/python3.12/site-packages/airflow/example_dags/example_dynamic_task_mapping.py
[2024-05-12T01:16:57.520+0000] {processor.py:840} INFO - DAG(s) 'example_dynamic_task_mapping' retrieved from /home/airflow/.local/lib/python3.12/site-packages/airflow/example_dags/example_dynamic_task_mapping.py
[2024-05-12T01:16:57.530+0000] {logging_mixin.py:188} INFO - [2024-05-12T01:16:57.530+0000] {dag.py:3096} INFO - Sync 1 DAGs
[2024-05-12T01:16:57.541+0000] {logging_mixin.py:188} INFO - [2024-05-12T01:16:57.541+0000] {dag.py:3954} INFO - Setting next_dagrun for example_dynamic_task_mapping to 2022-03-04 00:00:00+00:00, run_after=2022-03-05 00:00:00+00:00
[2024-05-12T01:16:57.549+0000] {processor.py:183} INFO - Processing /home/airflow/.local/lib/python3.12/site-packages/airflow/example_dags/example_dynamic_task_mapping.py took 0.039 seconds
[2024-05-12T01:17:28.302+0000] {processor.py:161} INFO - Started process (PID=14328) to work on /home/airflow/.local/lib/python3.12/site-packages/airflow/example_dags/example_dynamic_task_mapping.py
[2024-05-12T01:17:28.303+0000] {processor.py:830} INFO - Processing file /home/airflow/.local/lib/python3.12/site-packages/airflow/example_dags/example_dynamic_task_mapping.py for tasks to queue
[2024-05-12T01:17:28.304+0000] {logging_mixin.py:188} INFO - [2024-05-12T01:17:28.304+0000] {dagbag.py:545} INFO - Filling up the DagBag from /home/airflow/.local/lib/python3.12/site-packages/airflow/example_dags/example_dynamic_task_mapping.py
[2024-05-12T01:17:28.308+0000] {processor.py:840} INFO - DAG(s) 'example_dynamic_task_mapping' retrieved from /home/airflow/.local/lib/python3.12/site-packages/airflow/example_dags/example_dynamic_task_mapping.py
[2024-05-12T01:17:28.317+0000] {logging_mixin.py:188} INFO - [2024-05-12T01:17:28.317+0000] {dag.py:3096} INFO - Sync 1 DAGs
[2024-05-12T01:17:28.327+0000] {logging_mixin.py:188} INFO - [2024-05-12T01:17:28.327+0000] {dag.py:3954} INFO - Setting next_dagrun for example_dynamic_task_mapping to 2022-03-04 00:00:00+00:00, run_after=2022-03-05 00:00:00+00:00
[2024-05-12T01:17:28.335+0000] {processor.py:183} INFO - Processing /home/airflow/.local/lib/python3.12/site-packages/airflow/example_dags/example_dynamic_task_mapping.py took 0.035 seconds
[2024-05-12T01:17:59.128+0000] {processor.py:161} INFO - Started process (PID=14590) to work on /home/airflow/.local/lib/python3.12/site-packages/airflow/example_dags/example_dynamic_task_mapping.py
[2024-05-12T01:17:59.128+0000] {processor.py:830} INFO - Processing file /home/airflow/.local/lib/python3.12/site-packages/airflow/example_dags/example_dynamic_task_mapping.py for tasks to queue
[2024-05-12T01:17:59.130+0000] {logging_mixin.py:188} INFO - [2024-05-12T01:17:59.130+0000] {dagbag.py:545} INFO - Filling up the DagBag from /home/airflow/.local/lib/python3.12/site-packages/airflow/example_dags/example_dynamic_task_mapping.py
[2024-05-12T01:17:59.134+0000] {processor.py:840} INFO - DAG(s) 'example_dynamic_task_mapping' retrieved from /home/airflow/.local/lib/python3.12/site-packages/airflow/example_dags/example_dynamic_task_mapping.py
[2024-05-12T01:17:59.144+0000] {logging_mixin.py:188} INFO - [2024-05-12T01:17:59.144+0000] {dag.py:3096} INFO - Sync 1 DAGs
[2024-05-12T01:17:59.155+0000] {logging_mixin.py:188} INFO - [2024-05-12T01:17:59.155+0000] {dag.py:3954} INFO - Setting next_dagrun for example_dynamic_task_mapping to 2022-03-04 00:00:00+00:00, run_after=2022-03-05 00:00:00+00:00
[2024-05-12T01:17:59.164+0000] {processor.py:183} INFO - Processing /home/airflow/.local/lib/python3.12/site-packages/airflow/example_dags/example_dynamic_task_mapping.py took 0.039 seconds
[2024-05-12T01:18:30.016+0000] {processor.py:161} INFO - Started process (PID=14852) to work on /home/airflow/.local/lib/python3.12/site-packages/airflow/example_dags/example_dynamic_task_mapping.py
[2024-05-12T01:18:30.016+0000] {processor.py:830} INFO - Processing file /home/airflow/.local/lib/python3.12/site-packages/airflow/example_dags/example_dynamic_task_mapping.py for tasks to queue
[2024-05-12T01:18:30.018+0000] {logging_mixin.py:188} INFO - [2024-05-12T01:18:30.017+0000] {dagbag.py:545} INFO - Filling up the DagBag from /home/airflow/.local/lib/python3.12/site-packages/airflow/example_dags/example_dynamic_task_mapping.py
[2024-05-12T01:18:30.021+0000] {processor.py:840} INFO - DAG(s) 'example_dynamic_task_mapping' retrieved from /home/airflow/.local/lib/python3.12/site-packages/airflow/example_dags/example_dynamic_task_mapping.py
[2024-05-12T01:18:30.031+0000] {logging_mixin.py:188} INFO - [2024-05-12T01:18:30.031+0000] {dag.py:3096} INFO - Sync 1 DAGs
[2024-05-12T01:18:30.041+0000] {logging_mixin.py:188} INFO - [2024-05-12T01:18:30.041+0000] {dag.py:3954} INFO - Setting next_dagrun for example_dynamic_task_mapping to 2022-03-04 00:00:00+00:00, run_after=2022-03-05 00:00:00+00:00
[2024-05-12T01:18:30.049+0000] {processor.py:183} INFO - Processing /home/airflow/.local/lib/python3.12/site-packages/airflow/example_dags/example_dynamic_task_mapping.py took 0.036 seconds
[2024-05-12T01:19:00.764+0000] {processor.py:161} INFO - Started process (PID=15114) to work on /home/airflow/.local/lib/python3.12/site-packages/airflow/example_dags/example_dynamic_task_mapping.py
[2024-05-12T01:19:00.765+0000] {processor.py:830} INFO - Processing file /home/airflow/.local/lib/python3.12/site-packages/airflow/example_dags/example_dynamic_task_mapping.py for tasks to queue
[2024-05-12T01:19:00.766+0000] {logging_mixin.py:188} INFO - [2024-05-12T01:19:00.765+0000] {dagbag.py:545} INFO - Filling up the DagBag from /home/airflow/.local/lib/python3.12/site-packages/airflow/example_dags/example_dynamic_task_mapping.py
[2024-05-12T01:19:00.769+0000] {processor.py:840} INFO - DAG(s) 'example_dynamic_task_mapping' retrieved from /home/airflow/.local/lib/python3.12/site-packages/airflow/example_dags/example_dynamic_task_mapping.py
[2024-05-12T01:19:00.780+0000] {logging_mixin.py:188} INFO - [2024-05-12T01:19:00.780+0000] {dag.py:3096} INFO - Sync 1 DAGs
[2024-05-12T01:19:00.791+0000] {logging_mixin.py:188} INFO - [2024-05-12T01:19:00.791+0000] {dag.py:3954} INFO - Setting next_dagrun for example_dynamic_task_mapping to 2022-03-04 00:00:00+00:00, run_after=2022-03-05 00:00:00+00:00
[2024-05-12T01:19:00.801+0000] {processor.py:183} INFO - Processing /home/airflow/.local/lib/python3.12/site-packages/airflow/example_dags/example_dynamic_task_mapping.py took 0.040 seconds
[2024-05-12T01:19:31.724+0000] {processor.py:161} INFO - Started process (PID=15376) to work on /home/airflow/.local/lib/python3.12/site-packages/airflow/example_dags/example_dynamic_task_mapping.py
[2024-05-12T01:19:31.725+0000] {processor.py:830} INFO - Processing file /home/airflow/.local/lib/python3.12/site-packages/airflow/example_dags/example_dynamic_task_mapping.py for tasks to queue
[2024-05-12T01:19:31.726+0000] {logging_mixin.py:188} INFO - [2024-05-12T01:19:31.725+0000] {dagbag.py:545} INFO - Filling up the DagBag from /home/airflow/.local/lib/python3.12/site-packages/airflow/example_dags/example_dynamic_task_mapping.py
[2024-05-12T01:19:31.729+0000] {processor.py:840} INFO - DAG(s) 'example_dynamic_task_mapping' retrieved from /home/airflow/.local/lib/python3.12/site-packages/airflow/example_dags/example_dynamic_task_mapping.py
[2024-05-12T01:19:31.739+0000] {logging_mixin.py:188} INFO - [2024-05-12T01:19:31.739+0000] {dag.py:3096} INFO - Sync 1 DAGs
[2024-05-12T01:19:31.749+0000] {logging_mixin.py:188} INFO - [2024-05-12T01:19:31.749+0000] {dag.py:3954} INFO - Setting next_dagrun for example_dynamic_task_mapping to 2022-03-04 00:00:00+00:00, run_after=2022-03-05 00:00:00+00:00
[2024-05-12T01:19:31.757+0000] {processor.py:183} INFO - Processing /home/airflow/.local/lib/python3.12/site-packages/airflow/example_dags/example_dynamic_task_mapping.py took 0.036 seconds
[2024-05-12T01:20:02.495+0000] {processor.py:161} INFO - Started process (PID=15638) to work on /home/airflow/.local/lib/python3.12/site-packages/airflow/example_dags/example_dynamic_task_mapping.py
[2024-05-12T01:20:02.495+0000] {processor.py:830} INFO - Processing file /home/airflow/.local/lib/python3.12/site-packages/airflow/example_dags/example_dynamic_task_mapping.py for tasks to queue
[2024-05-12T01:20:02.497+0000] {logging_mixin.py:188} INFO - [2024-05-12T01:20:02.497+0000] {dagbag.py:545} INFO - Filling up the DagBag from /home/airflow/.local/lib/python3.12/site-packages/airflow/example_dags/example_dynamic_task_mapping.py
[2024-05-12T01:20:02.501+0000] {processor.py:840} INFO - DAG(s) 'example_dynamic_task_mapping' retrieved from /home/airflow/.local/lib/python3.12/site-packages/airflow/example_dags/example_dynamic_task_mapping.py
[2024-05-12T01:20:02.511+0000] {logging_mixin.py:188} INFO - [2024-05-12T01:20:02.511+0000] {dag.py:3096} INFO - Sync 1 DAGs
[2024-05-12T01:20:02.523+0000] {logging_mixin.py:188} INFO - [2024-05-12T01:20:02.523+0000] {dag.py:3954} INFO - Setting next_dagrun for example_dynamic_task_mapping to 2022-03-04 00:00:00+00:00, run_after=2022-03-05 00:00:00+00:00
[2024-05-12T01:20:02.531+0000] {processor.py:183} INFO - Processing /home/airflow/.local/lib/python3.12/site-packages/airflow/example_dags/example_dynamic_task_mapping.py took 0.040 seconds
[2024-05-12T01:20:33.310+0000] {processor.py:161} INFO - Started process (PID=15900) to work on /home/airflow/.local/lib/python3.12/site-packages/airflow/example_dags/example_dynamic_task_mapping.py
[2024-05-12T01:20:33.311+0000] {processor.py:830} INFO - Processing file /home/airflow/.local/lib/python3.12/site-packages/airflow/example_dags/example_dynamic_task_mapping.py for tasks to queue
[2024-05-12T01:20:33.312+0000] {logging_mixin.py:188} INFO - [2024-05-12T01:20:33.311+0000] {dagbag.py:545} INFO - Filling up the DagBag from /home/airflow/.local/lib/python3.12/site-packages/airflow/example_dags/example_dynamic_task_mapping.py
[2024-05-12T01:20:33.315+0000] {processor.py:840} INFO - DAG(s) 'example_dynamic_task_mapping' retrieved from /home/airflow/.local/lib/python3.12/site-packages/airflow/example_dags/example_dynamic_task_mapping.py
[2024-05-12T01:20:33.325+0000] {logging_mixin.py:188} INFO - [2024-05-12T01:20:33.325+0000] {dag.py:3096} INFO - Sync 1 DAGs
[2024-05-12T01:20:33.335+0000] {logging_mixin.py:188} INFO - [2024-05-12T01:20:33.335+0000] {dag.py:3954} INFO - Setting next_dagrun for example_dynamic_task_mapping to 2022-03-04 00:00:00+00:00, run_after=2022-03-05 00:00:00+00:00
[2024-05-12T01:20:33.343+0000] {processor.py:183} INFO - Processing /home/airflow/.local/lib/python3.12/site-packages/airflow/example_dags/example_dynamic_task_mapping.py took 0.037 seconds
[2024-05-12T01:21:04.135+0000] {processor.py:161} INFO - Started process (PID=16162) to work on /home/airflow/.local/lib/python3.12/site-packages/airflow/example_dags/example_dynamic_task_mapping.py
[2024-05-12T01:21:04.136+0000] {processor.py:830} INFO - Processing file /home/airflow/.local/lib/python3.12/site-packages/airflow/example_dags/example_dynamic_task_mapping.py for tasks to queue
[2024-05-12T01:21:04.137+0000] {logging_mixin.py:188} INFO - [2024-05-12T01:21:04.137+0000] {dagbag.py:545} INFO - Filling up the DagBag from /home/airflow/.local/lib/python3.12/site-packages/airflow/example_dags/example_dynamic_task_mapping.py
[2024-05-12T01:21:04.140+0000] {processor.py:840} INFO - DAG(s) 'example_dynamic_task_mapping' retrieved from /home/airflow/.local/lib/python3.12/site-packages/airflow/example_dags/example_dynamic_task_mapping.py
[2024-05-12T01:21:04.151+0000] {logging_mixin.py:188} INFO - [2024-05-12T01:21:04.151+0000] {dag.py:3096} INFO - Sync 1 DAGs
[2024-05-12T01:21:04.162+0000] {logging_mixin.py:188} INFO - [2024-05-12T01:21:04.161+0000] {dag.py:3954} INFO - Setting next_dagrun for example_dynamic_task_mapping to 2022-03-04 00:00:00+00:00, run_after=2022-03-05 00:00:00+00:00
[2024-05-12T01:21:04.170+0000] {processor.py:183} INFO - Processing /home/airflow/.local/lib/python3.12/site-packages/airflow/example_dags/example_dynamic_task_mapping.py took 0.038 seconds
[2024-05-12T01:21:35.083+0000] {processor.py:161} INFO - Started process (PID=16423) to work on /home/airflow/.local/lib/python3.12/site-packages/airflow/example_dags/example_dynamic_task_mapping.py
[2024-05-12T01:21:35.084+0000] {processor.py:830} INFO - Processing file /home/airflow/.local/lib/python3.12/site-packages/airflow/example_dags/example_dynamic_task_mapping.py for tasks to queue
[2024-05-12T01:21:35.085+0000] {logging_mixin.py:188} INFO - [2024-05-12T01:21:35.085+0000] {dagbag.py:545} INFO - Filling up the DagBag from /home/airflow/.local/lib/python3.12/site-packages/airflow/example_dags/example_dynamic_task_mapping.py
[2024-05-12T01:21:35.089+0000] {processor.py:840} INFO - DAG(s) 'example_dynamic_task_mapping' retrieved from /home/airflow/.local/lib/python3.12/site-packages/airflow/example_dags/example_dynamic_task_mapping.py
[2024-05-12T01:21:35.100+0000] {logging_mixin.py:188} INFO - [2024-05-12T01:21:35.100+0000] {dag.py:3096} INFO - Sync 1 DAGs
[2024-05-12T01:21:35.111+0000] {logging_mixin.py:188} INFO - [2024-05-12T01:21:35.111+0000] {dag.py:3954} INFO - Setting next_dagrun for example_dynamic_task_mapping to 2022-03-04 00:00:00+00:00, run_after=2022-03-05 00:00:00+00:00
[2024-05-12T01:21:35.120+0000] {processor.py:183} INFO - Processing /home/airflow/.local/lib/python3.12/site-packages/airflow/example_dags/example_dynamic_task_mapping.py took 0.040 seconds
[2024-05-12T01:22:05.885+0000] {processor.py:161} INFO - Started process (PID=16685) to work on /home/airflow/.local/lib/python3.12/site-packages/airflow/example_dags/example_dynamic_task_mapping.py
[2024-05-12T01:22:05.886+0000] {processor.py:830} INFO - Processing file /home/airflow/.local/lib/python3.12/site-packages/airflow/example_dags/example_dynamic_task_mapping.py for tasks to queue
[2024-05-12T01:22:05.887+0000] {logging_mixin.py:188} INFO - [2024-05-12T01:22:05.887+0000] {dagbag.py:545} INFO - Filling up the DagBag from /home/airflow/.local/lib/python3.12/site-packages/airflow/example_dags/example_dynamic_task_mapping.py
[2024-05-12T01:22:05.890+0000] {processor.py:840} INFO - DAG(s) 'example_dynamic_task_mapping' retrieved from /home/airflow/.local/lib/python3.12/site-packages/airflow/example_dags/example_dynamic_task_mapping.py
[2024-05-12T01:22:05.901+0000] {logging_mixin.py:188} INFO - [2024-05-12T01:22:05.900+0000] {dag.py:3096} INFO - Sync 1 DAGs
[2024-05-12T01:22:05.911+0000] {logging_mixin.py:188} INFO - [2024-05-12T01:22:05.911+0000] {dag.py:3954} INFO - Setting next_dagrun for example_dynamic_task_mapping to 2022-03-04 00:00:00+00:00, run_after=2022-03-05 00:00:00+00:00
[2024-05-12T01:22:05.919+0000] {processor.py:183} INFO - Processing /home/airflow/.local/lib/python3.12/site-packages/airflow/example_dags/example_dynamic_task_mapping.py took 0.036 seconds
