[2024-05-12T00:37:43.463+0000] {processor.py:161} INFO - Started process (PID=4415) to work on /home/airflow/.local/lib/python3.12/site-packages/airflow/example_dags/example_trigger_controller_dag.py
[2024-05-12T00:37:43.464+0000] {processor.py:830} INFO - Processing file /home/airflow/.local/lib/python3.12/site-packages/airflow/example_dags/example_trigger_controller_dag.py for tasks to queue
[2024-05-12T00:37:43.465+0000] {logging_mixin.py:188} INFO - [2024-05-12T00:37:43.465+0000] {dagbag.py:545} INFO - Filling up the DagBag from /home/airflow/.local/lib/python3.12/site-packages/airflow/example_dags/example_trigger_controller_dag.py
[2024-05-12T00:37:43.468+0000] {processor.py:840} INFO - DAG(s) 'example_trigger_controller_dag' retrieved from /home/airflow/.local/lib/python3.12/site-packages/airflow/example_dags/example_trigger_controller_dag.py
[2024-05-12T00:37:43.479+0000] {logging_mixin.py:188} INFO - [2024-05-12T00:37:43.478+0000] {dag.py:3096} INFO - Sync 1 DAGs
[2024-05-12T00:37:43.489+0000] {logging_mixin.py:188} INFO - [2024-05-12T00:37:43.489+0000] {dag.py:3954} INFO - Setting next_dagrun for example_trigger_controller_dag to 2021-01-01 00:00:00+00:00, run_after=2021-01-01 00:00:00+00:00
[2024-05-12T00:37:43.498+0000] {processor.py:183} INFO - Processing /home/airflow/.local/lib/python3.12/site-packages/airflow/example_dags/example_trigger_controller_dag.py took 0.038 seconds
[2024-05-12T00:38:14.184+0000] {processor.py:161} INFO - Started process (PID=4677) to work on /home/airflow/.local/lib/python3.12/site-packages/airflow/example_dags/example_trigger_controller_dag.py
[2024-05-12T00:38:14.184+0000] {processor.py:830} INFO - Processing file /home/airflow/.local/lib/python3.12/site-packages/airflow/example_dags/example_trigger_controller_dag.py for tasks to queue
[2024-05-12T00:38:14.185+0000] {logging_mixin.py:188} INFO - [2024-05-12T00:38:14.185+0000] {dagbag.py:545} INFO - Filling up the DagBag from /home/airflow/.local/lib/python3.12/site-packages/airflow/example_dags/example_trigger_controller_dag.py
[2024-05-12T00:38:14.188+0000] {processor.py:840} INFO - DAG(s) 'example_trigger_controller_dag' retrieved from /home/airflow/.local/lib/python3.12/site-packages/airflow/example_dags/example_trigger_controller_dag.py
[2024-05-12T00:38:14.198+0000] {logging_mixin.py:188} INFO - [2024-05-12T00:38:14.198+0000] {dag.py:3096} INFO - Sync 1 DAGs
[2024-05-12T00:38:14.208+0000] {logging_mixin.py:188} INFO - [2024-05-12T00:38:14.208+0000] {dag.py:3954} INFO - Setting next_dagrun for example_trigger_controller_dag to 2021-01-01 00:00:00+00:00, run_after=2021-01-01 00:00:00+00:00
[2024-05-12T00:38:14.216+0000] {processor.py:183} INFO - Processing /home/airflow/.local/lib/python3.12/site-packages/airflow/example_dags/example_trigger_controller_dag.py took 0.036 seconds
[2024-05-12T00:38:44.859+0000] {processor.py:161} INFO - Started process (PID=4939) to work on /home/airflow/.local/lib/python3.12/site-packages/airflow/example_dags/example_trigger_controller_dag.py
[2024-05-12T00:38:44.859+0000] {processor.py:830} INFO - Processing file /home/airflow/.local/lib/python3.12/site-packages/airflow/example_dags/example_trigger_controller_dag.py for tasks to queue
[2024-05-12T00:38:44.861+0000] {logging_mixin.py:188} INFO - [2024-05-12T00:38:44.860+0000] {dagbag.py:545} INFO - Filling up the DagBag from /home/airflow/.local/lib/python3.12/site-packages/airflow/example_dags/example_trigger_controller_dag.py
[2024-05-12T00:38:44.864+0000] {processor.py:840} INFO - DAG(s) 'example_trigger_controller_dag' retrieved from /home/airflow/.local/lib/python3.12/site-packages/airflow/example_dags/example_trigger_controller_dag.py
[2024-05-12T00:38:44.875+0000] {logging_mixin.py:188} INFO - [2024-05-12T00:38:44.875+0000] {dag.py:3096} INFO - Sync 1 DAGs
[2024-05-12T00:38:44.886+0000] {logging_mixin.py:188} INFO - [2024-05-12T00:38:44.886+0000] {dag.py:3954} INFO - Setting next_dagrun for example_trigger_controller_dag to 2021-01-01 00:00:00+00:00, run_after=2021-01-01 00:00:00+00:00
[2024-05-12T00:38:44.896+0000] {processor.py:183} INFO - Processing /home/airflow/.local/lib/python3.12/site-packages/airflow/example_dags/example_trigger_controller_dag.py took 0.041 seconds
[2024-05-12T00:39:15.473+0000] {processor.py:161} INFO - Started process (PID=5200) to work on /home/airflow/.local/lib/python3.12/site-packages/airflow/example_dags/example_trigger_controller_dag.py
[2024-05-12T00:39:15.474+0000] {processor.py:830} INFO - Processing file /home/airflow/.local/lib/python3.12/site-packages/airflow/example_dags/example_trigger_controller_dag.py for tasks to queue
[2024-05-12T00:39:15.475+0000] {logging_mixin.py:188} INFO - [2024-05-12T00:39:15.475+0000] {dagbag.py:545} INFO - Filling up the DagBag from /home/airflow/.local/lib/python3.12/site-packages/airflow/example_dags/example_trigger_controller_dag.py
[2024-05-12T00:39:15.478+0000] {processor.py:840} INFO - DAG(s) 'example_trigger_controller_dag' retrieved from /home/airflow/.local/lib/python3.12/site-packages/airflow/example_dags/example_trigger_controller_dag.py
[2024-05-12T00:39:15.489+0000] {logging_mixin.py:188} INFO - [2024-05-12T00:39:15.489+0000] {dag.py:3096} INFO - Sync 1 DAGs
[2024-05-12T00:39:15.499+0000] {logging_mixin.py:188} INFO - [2024-05-12T00:39:15.499+0000] {dag.py:3954} INFO - Setting next_dagrun for example_trigger_controller_dag to 2021-01-01 00:00:00+00:00, run_after=2021-01-01 00:00:00+00:00
[2024-05-12T00:39:15.509+0000] {processor.py:183} INFO - Processing /home/airflow/.local/lib/python3.12/site-packages/airflow/example_dags/example_trigger_controller_dag.py took 0.039 seconds
[2024-05-12T00:39:46.316+0000] {processor.py:161} INFO - Started process (PID=5461) to work on /home/airflow/.local/lib/python3.12/site-packages/airflow/example_dags/example_trigger_controller_dag.py
[2024-05-12T00:39:46.317+0000] {processor.py:830} INFO - Processing file /home/airflow/.local/lib/python3.12/site-packages/airflow/example_dags/example_trigger_controller_dag.py for tasks to queue
[2024-05-12T00:39:46.318+0000] {logging_mixin.py:188} INFO - [2024-05-12T00:39:46.318+0000] {dagbag.py:545} INFO - Filling up the DagBag from /home/airflow/.local/lib/python3.12/site-packages/airflow/example_dags/example_trigger_controller_dag.py
[2024-05-12T00:39:46.321+0000] {processor.py:840} INFO - DAG(s) 'example_trigger_controller_dag' retrieved from /home/airflow/.local/lib/python3.12/site-packages/airflow/example_dags/example_trigger_controller_dag.py
[2024-05-12T00:39:46.332+0000] {logging_mixin.py:188} INFO - [2024-05-12T00:39:46.332+0000] {dag.py:3096} INFO - Sync 1 DAGs
[2024-05-12T00:39:46.342+0000] {logging_mixin.py:188} INFO - [2024-05-12T00:39:46.342+0000] {dag.py:3954} INFO - Setting next_dagrun for example_trigger_controller_dag to 2021-01-01 00:00:00+00:00, run_after=2021-01-01 00:00:00+00:00
[2024-05-12T00:39:46.351+0000] {processor.py:183} INFO - Processing /home/airflow/.local/lib/python3.12/site-packages/airflow/example_dags/example_trigger_controller_dag.py took 0.038 seconds
[2024-05-12T00:40:17.040+0000] {processor.py:161} INFO - Started process (PID=5723) to work on /home/airflow/.local/lib/python3.12/site-packages/airflow/example_dags/example_trigger_controller_dag.py
[2024-05-12T00:40:17.040+0000] {processor.py:830} INFO - Processing file /home/airflow/.local/lib/python3.12/site-packages/airflow/example_dags/example_trigger_controller_dag.py for tasks to queue
[2024-05-12T00:40:17.042+0000] {logging_mixin.py:188} INFO - [2024-05-12T00:40:17.041+0000] {dagbag.py:545} INFO - Filling up the DagBag from /home/airflow/.local/lib/python3.12/site-packages/airflow/example_dags/example_trigger_controller_dag.py
[2024-05-12T00:40:17.044+0000] {processor.py:840} INFO - DAG(s) 'example_trigger_controller_dag' retrieved from /home/airflow/.local/lib/python3.12/site-packages/airflow/example_dags/example_trigger_controller_dag.py
[2024-05-12T00:40:17.055+0000] {logging_mixin.py:188} INFO - [2024-05-12T00:40:17.054+0000] {dag.py:3096} INFO - Sync 1 DAGs
[2024-05-12T00:40:17.065+0000] {logging_mixin.py:188} INFO - [2024-05-12T00:40:17.065+0000] {dag.py:3954} INFO - Setting next_dagrun for example_trigger_controller_dag to 2021-01-01 00:00:00+00:00, run_after=2021-01-01 00:00:00+00:00
[2024-05-12T00:40:17.075+0000] {processor.py:183} INFO - Processing /home/airflow/.local/lib/python3.12/site-packages/airflow/example_dags/example_trigger_controller_dag.py took 0.039 seconds
[2024-05-12T00:40:47.754+0000] {processor.py:161} INFO - Started process (PID=5987) to work on /home/airflow/.local/lib/python3.12/site-packages/airflow/example_dags/example_trigger_controller_dag.py
[2024-05-12T00:40:47.754+0000] {processor.py:830} INFO - Processing file /home/airflow/.local/lib/python3.12/site-packages/airflow/example_dags/example_trigger_controller_dag.py for tasks to queue
[2024-05-12T00:40:47.755+0000] {logging_mixin.py:188} INFO - [2024-05-12T00:40:47.755+0000] {dagbag.py:545} INFO - Filling up the DagBag from /home/airflow/.local/lib/python3.12/site-packages/airflow/example_dags/example_trigger_controller_dag.py
[2024-05-12T00:40:47.758+0000] {processor.py:840} INFO - DAG(s) 'example_trigger_controller_dag' retrieved from /home/airflow/.local/lib/python3.12/site-packages/airflow/example_dags/example_trigger_controller_dag.py
[2024-05-12T00:40:47.768+0000] {logging_mixin.py:188} INFO - [2024-05-12T00:40:47.768+0000] {dag.py:3096} INFO - Sync 1 DAGs
[2024-05-12T00:40:47.776+0000] {logging_mixin.py:188} INFO - [2024-05-12T00:40:47.776+0000] {dag.py:3954} INFO - Setting next_dagrun for example_trigger_controller_dag to 2021-01-01 00:00:00+00:00, run_after=2021-01-01 00:00:00+00:00
[2024-05-12T00:40:47.785+0000] {processor.py:183} INFO - Processing /home/airflow/.local/lib/python3.12/site-packages/airflow/example_dags/example_trigger_controller_dag.py took 0.035 seconds
[2024-05-12T00:41:18.667+0000] {processor.py:161} INFO - Started process (PID=6247) to work on /home/airflow/.local/lib/python3.12/site-packages/airflow/example_dags/example_trigger_controller_dag.py
[2024-05-12T00:41:18.668+0000] {processor.py:830} INFO - Processing file /home/airflow/.local/lib/python3.12/site-packages/airflow/example_dags/example_trigger_controller_dag.py for tasks to queue
[2024-05-12T00:41:18.669+0000] {logging_mixin.py:188} INFO - [2024-05-12T00:41:18.669+0000] {dagbag.py:545} INFO - Filling up the DagBag from /home/airflow/.local/lib/python3.12/site-packages/airflow/example_dags/example_trigger_controller_dag.py
[2024-05-12T00:41:18.672+0000] {processor.py:840} INFO - DAG(s) 'example_trigger_controller_dag' retrieved from /home/airflow/.local/lib/python3.12/site-packages/airflow/example_dags/example_trigger_controller_dag.py
[2024-05-12T00:41:18.682+0000] {logging_mixin.py:188} INFO - [2024-05-12T00:41:18.681+0000] {dag.py:3096} INFO - Sync 1 DAGs
[2024-05-12T00:41:18.692+0000] {logging_mixin.py:188} INFO - [2024-05-12T00:41:18.692+0000] {dag.py:3954} INFO - Setting next_dagrun for example_trigger_controller_dag to 2021-01-01 00:00:00+00:00, run_after=2021-01-01 00:00:00+00:00
[2024-05-12T00:41:18.702+0000] {processor.py:183} INFO - Processing /home/airflow/.local/lib/python3.12/site-packages/airflow/example_dags/example_trigger_controller_dag.py took 0.038 seconds
[2024-05-12T00:41:49.414+0000] {processor.py:161} INFO - Started process (PID=6509) to work on /home/airflow/.local/lib/python3.12/site-packages/airflow/example_dags/example_trigger_controller_dag.py
[2024-05-12T00:41:49.414+0000] {processor.py:830} INFO - Processing file /home/airflow/.local/lib/python3.12/site-packages/airflow/example_dags/example_trigger_controller_dag.py for tasks to queue
[2024-05-12T00:41:49.415+0000] {logging_mixin.py:188} INFO - [2024-05-12T00:41:49.415+0000] {dagbag.py:545} INFO - Filling up the DagBag from /home/airflow/.local/lib/python3.12/site-packages/airflow/example_dags/example_trigger_controller_dag.py
[2024-05-12T00:41:49.418+0000] {processor.py:840} INFO - DAG(s) 'example_trigger_controller_dag' retrieved from /home/airflow/.local/lib/python3.12/site-packages/airflow/example_dags/example_trigger_controller_dag.py
[2024-05-12T00:41:49.428+0000] {logging_mixin.py:188} INFO - [2024-05-12T00:41:49.428+0000] {dag.py:3096} INFO - Sync 1 DAGs
[2024-05-12T00:41:49.438+0000] {logging_mixin.py:188} INFO - [2024-05-12T00:41:49.438+0000] {dag.py:3954} INFO - Setting next_dagrun for example_trigger_controller_dag to 2021-01-01 00:00:00+00:00, run_after=2021-01-01 00:00:00+00:00
[2024-05-12T00:41:49.447+0000] {processor.py:183} INFO - Processing /home/airflow/.local/lib/python3.12/site-packages/airflow/example_dags/example_trigger_controller_dag.py took 0.037 seconds
[2024-05-12T00:42:20.046+0000] {processor.py:161} INFO - Started process (PID=6771) to work on /home/airflow/.local/lib/python3.12/site-packages/airflow/example_dags/example_trigger_controller_dag.py
[2024-05-12T00:42:20.047+0000] {processor.py:830} INFO - Processing file /home/airflow/.local/lib/python3.12/site-packages/airflow/example_dags/example_trigger_controller_dag.py for tasks to queue
[2024-05-12T00:42:20.048+0000] {logging_mixin.py:188} INFO - [2024-05-12T00:42:20.048+0000] {dagbag.py:545} INFO - Filling up the DagBag from /home/airflow/.local/lib/python3.12/site-packages/airflow/example_dags/example_trigger_controller_dag.py
[2024-05-12T00:42:20.050+0000] {processor.py:840} INFO - DAG(s) 'example_trigger_controller_dag' retrieved from /home/airflow/.local/lib/python3.12/site-packages/airflow/example_dags/example_trigger_controller_dag.py
[2024-05-12T00:42:20.060+0000] {logging_mixin.py:188} INFO - [2024-05-12T00:42:20.060+0000] {dag.py:3096} INFO - Sync 1 DAGs
[2024-05-12T00:42:20.070+0000] {logging_mixin.py:188} INFO - [2024-05-12T00:42:20.070+0000] {dag.py:3954} INFO - Setting next_dagrun for example_trigger_controller_dag to 2021-01-01 00:00:00+00:00, run_after=2021-01-01 00:00:00+00:00
[2024-05-12T00:42:20.079+0000] {processor.py:183} INFO - Processing /home/airflow/.local/lib/python3.12/site-packages/airflow/example_dags/example_trigger_controller_dag.py took 0.036 seconds
[2024-05-12T00:42:50.818+0000] {processor.py:161} INFO - Started process (PID=7033) to work on /home/airflow/.local/lib/python3.12/site-packages/airflow/example_dags/example_trigger_controller_dag.py
[2024-05-12T00:42:50.819+0000] {processor.py:830} INFO - Processing file /home/airflow/.local/lib/python3.12/site-packages/airflow/example_dags/example_trigger_controller_dag.py for tasks to queue
[2024-05-12T00:42:50.820+0000] {logging_mixin.py:188} INFO - [2024-05-12T00:42:50.820+0000] {dagbag.py:545} INFO - Filling up the DagBag from /home/airflow/.local/lib/python3.12/site-packages/airflow/example_dags/example_trigger_controller_dag.py
[2024-05-12T00:42:50.823+0000] {processor.py:840} INFO - DAG(s) 'example_trigger_controller_dag' retrieved from /home/airflow/.local/lib/python3.12/site-packages/airflow/example_dags/example_trigger_controller_dag.py
[2024-05-12T00:42:50.833+0000] {logging_mixin.py:188} INFO - [2024-05-12T00:42:50.832+0000] {dag.py:3096} INFO - Sync 1 DAGs
[2024-05-12T00:42:50.843+0000] {logging_mixin.py:188} INFO - [2024-05-12T00:42:50.842+0000] {dag.py:3954} INFO - Setting next_dagrun for example_trigger_controller_dag to 2021-01-01 00:00:00+00:00, run_after=2021-01-01 00:00:00+00:00
[2024-05-12T00:42:50.851+0000] {processor.py:183} INFO - Processing /home/airflow/.local/lib/python3.12/site-packages/airflow/example_dags/example_trigger_controller_dag.py took 0.036 seconds
[2024-05-12T00:43:21.573+0000] {processor.py:161} INFO - Started process (PID=7295) to work on /home/airflow/.local/lib/python3.12/site-packages/airflow/example_dags/example_trigger_controller_dag.py
[2024-05-12T00:43:21.574+0000] {processor.py:830} INFO - Processing file /home/airflow/.local/lib/python3.12/site-packages/airflow/example_dags/example_trigger_controller_dag.py for tasks to queue
[2024-05-12T00:43:21.575+0000] {logging_mixin.py:188} INFO - [2024-05-12T00:43:21.574+0000] {dagbag.py:545} INFO - Filling up the DagBag from /home/airflow/.local/lib/python3.12/site-packages/airflow/example_dags/example_trigger_controller_dag.py
[2024-05-12T00:43:21.577+0000] {processor.py:840} INFO - DAG(s) 'example_trigger_controller_dag' retrieved from /home/airflow/.local/lib/python3.12/site-packages/airflow/example_dags/example_trigger_controller_dag.py
[2024-05-12T00:43:21.588+0000] {logging_mixin.py:188} INFO - [2024-05-12T00:43:21.588+0000] {dag.py:3096} INFO - Sync 1 DAGs
[2024-05-12T00:43:21.599+0000] {logging_mixin.py:188} INFO - [2024-05-12T00:43:21.599+0000] {dag.py:3954} INFO - Setting next_dagrun for example_trigger_controller_dag to 2021-01-01 00:00:00+00:00, run_after=2021-01-01 00:00:00+00:00
[2024-05-12T00:43:21.608+0000] {processor.py:183} INFO - Processing /home/airflow/.local/lib/python3.12/site-packages/airflow/example_dags/example_trigger_controller_dag.py took 0.038 seconds
[2024-05-12T00:43:52.345+0000] {processor.py:161} INFO - Started process (PID=7557) to work on /home/airflow/.local/lib/python3.12/site-packages/airflow/example_dags/example_trigger_controller_dag.py
[2024-05-12T00:43:52.345+0000] {processor.py:830} INFO - Processing file /home/airflow/.local/lib/python3.12/site-packages/airflow/example_dags/example_trigger_controller_dag.py for tasks to queue
[2024-05-12T00:43:52.346+0000] {logging_mixin.py:188} INFO - [2024-05-12T00:43:52.346+0000] {dagbag.py:545} INFO - Filling up the DagBag from /home/airflow/.local/lib/python3.12/site-packages/airflow/example_dags/example_trigger_controller_dag.py
[2024-05-12T00:43:52.349+0000] {processor.py:840} INFO - DAG(s) 'example_trigger_controller_dag' retrieved from /home/airflow/.local/lib/python3.12/site-packages/airflow/example_dags/example_trigger_controller_dag.py
[2024-05-12T00:43:52.358+0000] {logging_mixin.py:188} INFO - [2024-05-12T00:43:52.358+0000] {dag.py:3096} INFO - Sync 1 DAGs
[2024-05-12T00:43:52.368+0000] {logging_mixin.py:188} INFO - [2024-05-12T00:43:52.368+0000] {dag.py:3954} INFO - Setting next_dagrun for example_trigger_controller_dag to 2021-01-01 00:00:00+00:00, run_after=2021-01-01 00:00:00+00:00
[2024-05-12T00:43:52.377+0000] {processor.py:183} INFO - Processing /home/airflow/.local/lib/python3.12/site-packages/airflow/example_dags/example_trigger_controller_dag.py took 0.035 seconds
[2024-05-12T00:44:23.060+0000] {processor.py:161} INFO - Started process (PID=7818) to work on /home/airflow/.local/lib/python3.12/site-packages/airflow/example_dags/example_trigger_controller_dag.py
[2024-05-12T00:44:23.061+0000] {processor.py:830} INFO - Processing file /home/airflow/.local/lib/python3.12/site-packages/airflow/example_dags/example_trigger_controller_dag.py for tasks to queue
[2024-05-12T00:44:23.062+0000] {logging_mixin.py:188} INFO - [2024-05-12T00:44:23.062+0000] {dagbag.py:545} INFO - Filling up the DagBag from /home/airflow/.local/lib/python3.12/site-packages/airflow/example_dags/example_trigger_controller_dag.py
[2024-05-12T00:44:23.065+0000] {processor.py:840} INFO - DAG(s) 'example_trigger_controller_dag' retrieved from /home/airflow/.local/lib/python3.12/site-packages/airflow/example_dags/example_trigger_controller_dag.py
[2024-05-12T00:44:23.075+0000] {logging_mixin.py:188} INFO - [2024-05-12T00:44:23.075+0000] {dag.py:3096} INFO - Sync 1 DAGs
[2024-05-12T00:44:23.085+0000] {logging_mixin.py:188} INFO - [2024-05-12T00:44:23.084+0000] {dag.py:3954} INFO - Setting next_dagrun for example_trigger_controller_dag to 2021-01-01 00:00:00+00:00, run_after=2021-01-01 00:00:00+00:00
[2024-05-12T00:44:23.093+0000] {processor.py:183} INFO - Processing /home/airflow/.local/lib/python3.12/site-packages/airflow/example_dags/example_trigger_controller_dag.py took 0.036 seconds
[2024-05-12T00:44:53.846+0000] {processor.py:161} INFO - Started process (PID=8080) to work on /home/airflow/.local/lib/python3.12/site-packages/airflow/example_dags/example_trigger_controller_dag.py
[2024-05-12T00:44:53.846+0000] {processor.py:830} INFO - Processing file /home/airflow/.local/lib/python3.12/site-packages/airflow/example_dags/example_trigger_controller_dag.py for tasks to queue
[2024-05-12T00:44:53.847+0000] {logging_mixin.py:188} INFO - [2024-05-12T00:44:53.847+0000] {dagbag.py:545} INFO - Filling up the DagBag from /home/airflow/.local/lib/python3.12/site-packages/airflow/example_dags/example_trigger_controller_dag.py
[2024-05-12T00:44:53.850+0000] {processor.py:840} INFO - DAG(s) 'example_trigger_controller_dag' retrieved from /home/airflow/.local/lib/python3.12/site-packages/airflow/example_dags/example_trigger_controller_dag.py
[2024-05-12T00:44:53.862+0000] {logging_mixin.py:188} INFO - [2024-05-12T00:44:53.862+0000] {dag.py:3096} INFO - Sync 1 DAGs
[2024-05-12T00:44:53.873+0000] {logging_mixin.py:188} INFO - [2024-05-12T00:44:53.873+0000] {dag.py:3954} INFO - Setting next_dagrun for example_trigger_controller_dag to 2021-01-01 00:00:00+00:00, run_after=2021-01-01 00:00:00+00:00
[2024-05-12T00:44:53.884+0000] {processor.py:183} INFO - Processing /home/airflow/.local/lib/python3.12/site-packages/airflow/example_dags/example_trigger_controller_dag.py took 0.041 seconds
[2024-05-12T00:45:24.568+0000] {processor.py:161} INFO - Started process (PID=8341) to work on /home/airflow/.local/lib/python3.12/site-packages/airflow/example_dags/example_trigger_controller_dag.py
[2024-05-12T00:45:24.569+0000] {processor.py:830} INFO - Processing file /home/airflow/.local/lib/python3.12/site-packages/airflow/example_dags/example_trigger_controller_dag.py for tasks to queue
[2024-05-12T00:45:24.570+0000] {logging_mixin.py:188} INFO - [2024-05-12T00:45:24.570+0000] {dagbag.py:545} INFO - Filling up the DagBag from /home/airflow/.local/lib/python3.12/site-packages/airflow/example_dags/example_trigger_controller_dag.py
[2024-05-12T00:45:24.573+0000] {processor.py:840} INFO - DAG(s) 'example_trigger_controller_dag' retrieved from /home/airflow/.local/lib/python3.12/site-packages/airflow/example_dags/example_trigger_controller_dag.py
[2024-05-12T00:45:24.582+0000] {logging_mixin.py:188} INFO - [2024-05-12T00:45:24.582+0000] {dag.py:3096} INFO - Sync 1 DAGs
[2024-05-12T00:45:24.593+0000] {logging_mixin.py:188} INFO - [2024-05-12T00:45:24.592+0000] {dag.py:3954} INFO - Setting next_dagrun for example_trigger_controller_dag to 2021-01-01 00:00:00+00:00, run_after=2021-01-01 00:00:00+00:00
[2024-05-12T00:45:24.602+0000] {processor.py:183} INFO - Processing /home/airflow/.local/lib/python3.12/site-packages/airflow/example_dags/example_trigger_controller_dag.py took 0.036 seconds
[2024-05-12T00:45:55.274+0000] {processor.py:161} INFO - Started process (PID=8603) to work on /home/airflow/.local/lib/python3.12/site-packages/airflow/example_dags/example_trigger_controller_dag.py
[2024-05-12T00:45:55.275+0000] {processor.py:830} INFO - Processing file /home/airflow/.local/lib/python3.12/site-packages/airflow/example_dags/example_trigger_controller_dag.py for tasks to queue
[2024-05-12T00:45:55.276+0000] {logging_mixin.py:188} INFO - [2024-05-12T00:45:55.276+0000] {dagbag.py:545} INFO - Filling up the DagBag from /home/airflow/.local/lib/python3.12/site-packages/airflow/example_dags/example_trigger_controller_dag.py
[2024-05-12T00:45:55.278+0000] {processor.py:840} INFO - DAG(s) 'example_trigger_controller_dag' retrieved from /home/airflow/.local/lib/python3.12/site-packages/airflow/example_dags/example_trigger_controller_dag.py
[2024-05-12T00:45:55.288+0000] {logging_mixin.py:188} INFO - [2024-05-12T00:45:55.288+0000] {dag.py:3096} INFO - Sync 1 DAGs
[2024-05-12T00:45:55.299+0000] {logging_mixin.py:188} INFO - [2024-05-12T00:45:55.299+0000] {dag.py:3954} INFO - Setting next_dagrun for example_trigger_controller_dag to 2021-01-01 00:00:00+00:00, run_after=2021-01-01 00:00:00+00:00
[2024-05-12T00:45:55.308+0000] {processor.py:183} INFO - Processing /home/airflow/.local/lib/python3.12/site-packages/airflow/example_dags/example_trigger_controller_dag.py took 0.037 seconds
[2024-05-12T00:46:26.106+0000] {processor.py:161} INFO - Started process (PID=8865) to work on /home/airflow/.local/lib/python3.12/site-packages/airflow/example_dags/example_trigger_controller_dag.py
[2024-05-12T00:46:26.107+0000] {processor.py:830} INFO - Processing file /home/airflow/.local/lib/python3.12/site-packages/airflow/example_dags/example_trigger_controller_dag.py for tasks to queue
[2024-05-12T00:46:26.108+0000] {logging_mixin.py:188} INFO - [2024-05-12T00:46:26.107+0000] {dagbag.py:545} INFO - Filling up the DagBag from /home/airflow/.local/lib/python3.12/site-packages/airflow/example_dags/example_trigger_controller_dag.py
[2024-05-12T00:46:26.110+0000] {processor.py:840} INFO - DAG(s) 'example_trigger_controller_dag' retrieved from /home/airflow/.local/lib/python3.12/site-packages/airflow/example_dags/example_trigger_controller_dag.py
[2024-05-12T00:46:26.121+0000] {logging_mixin.py:188} INFO - [2024-05-12T00:46:26.121+0000] {dag.py:3096} INFO - Sync 1 DAGs
[2024-05-12T00:46:26.132+0000] {logging_mixin.py:188} INFO - [2024-05-12T00:46:26.132+0000] {dag.py:3954} INFO - Setting next_dagrun for example_trigger_controller_dag to 2021-01-01 00:00:00+00:00, run_after=2021-01-01 00:00:00+00:00
[2024-05-12T00:46:26.142+0000] {processor.py:183} INFO - Processing /home/airflow/.local/lib/python3.12/site-packages/airflow/example_dags/example_trigger_controller_dag.py took 0.039 seconds
[2024-05-12T00:46:56.893+0000] {processor.py:161} INFO - Started process (PID=9129) to work on /home/airflow/.local/lib/python3.12/site-packages/airflow/example_dags/example_trigger_controller_dag.py
[2024-05-12T00:46:56.894+0000] {processor.py:830} INFO - Processing file /home/airflow/.local/lib/python3.12/site-packages/airflow/example_dags/example_trigger_controller_dag.py for tasks to queue
[2024-05-12T00:46:56.894+0000] {logging_mixin.py:188} INFO - [2024-05-12T00:46:56.894+0000] {dagbag.py:545} INFO - Filling up the DagBag from /home/airflow/.local/lib/python3.12/site-packages/airflow/example_dags/example_trigger_controller_dag.py
[2024-05-12T00:46:56.897+0000] {processor.py:840} INFO - DAG(s) 'example_trigger_controller_dag' retrieved from /home/airflow/.local/lib/python3.12/site-packages/airflow/example_dags/example_trigger_controller_dag.py
[2024-05-12T00:46:56.907+0000] {logging_mixin.py:188} INFO - [2024-05-12T00:46:56.907+0000] {dag.py:3096} INFO - Sync 1 DAGs
[2024-05-12T00:46:56.916+0000] {logging_mixin.py:188} INFO - [2024-05-12T00:46:56.916+0000] {dag.py:3954} INFO - Setting next_dagrun for example_trigger_controller_dag to 2021-01-01 00:00:00+00:00, run_after=2021-01-01 00:00:00+00:00
[2024-05-12T00:46:56.924+0000] {processor.py:183} INFO - Processing /home/airflow/.local/lib/python3.12/site-packages/airflow/example_dags/example_trigger_controller_dag.py took 0.034 seconds
[2024-05-12T00:47:27.848+0000] {processor.py:161} INFO - Started process (PID=9388) to work on /home/airflow/.local/lib/python3.12/site-packages/airflow/example_dags/example_trigger_controller_dag.py
[2024-05-12T00:47:27.848+0000] {processor.py:830} INFO - Processing file /home/airflow/.local/lib/python3.12/site-packages/airflow/example_dags/example_trigger_controller_dag.py for tasks to queue
[2024-05-12T00:47:27.849+0000] {logging_mixin.py:188} INFO - [2024-05-12T00:47:27.849+0000] {dagbag.py:545} INFO - Filling up the DagBag from /home/airflow/.local/lib/python3.12/site-packages/airflow/example_dags/example_trigger_controller_dag.py
[2024-05-12T00:47:27.852+0000] {processor.py:840} INFO - DAG(s) 'example_trigger_controller_dag' retrieved from /home/airflow/.local/lib/python3.12/site-packages/airflow/example_dags/example_trigger_controller_dag.py
[2024-05-12T00:47:27.862+0000] {logging_mixin.py:188} INFO - [2024-05-12T00:47:27.862+0000] {dag.py:3096} INFO - Sync 1 DAGs
[2024-05-12T00:47:27.872+0000] {logging_mixin.py:188} INFO - [2024-05-12T00:47:27.872+0000] {dag.py:3954} INFO - Setting next_dagrun for example_trigger_controller_dag to 2021-01-01 00:00:00+00:00, run_after=2021-01-01 00:00:00+00:00
[2024-05-12T00:47:27.880+0000] {processor.py:183} INFO - Processing /home/airflow/.local/lib/python3.12/site-packages/airflow/example_dags/example_trigger_controller_dag.py took 0.035 seconds
[2024-05-12T00:47:58.701+0000] {processor.py:161} INFO - Started process (PID=9650) to work on /home/airflow/.local/lib/python3.12/site-packages/airflow/example_dags/example_trigger_controller_dag.py
[2024-05-12T00:47:58.702+0000] {processor.py:830} INFO - Processing file /home/airflow/.local/lib/python3.12/site-packages/airflow/example_dags/example_trigger_controller_dag.py for tasks to queue
[2024-05-12T00:47:58.703+0000] {logging_mixin.py:188} INFO - [2024-05-12T00:47:58.703+0000] {dagbag.py:545} INFO - Filling up the DagBag from /home/airflow/.local/lib/python3.12/site-packages/airflow/example_dags/example_trigger_controller_dag.py
[2024-05-12T00:47:58.706+0000] {processor.py:840} INFO - DAG(s) 'example_trigger_controller_dag' retrieved from /home/airflow/.local/lib/python3.12/site-packages/airflow/example_dags/example_trigger_controller_dag.py
[2024-05-12T00:47:58.716+0000] {logging_mixin.py:188} INFO - [2024-05-12T00:47:58.716+0000] {dag.py:3096} INFO - Sync 1 DAGs
[2024-05-12T00:47:58.725+0000] {logging_mixin.py:188} INFO - [2024-05-12T00:47:58.725+0000] {dag.py:3954} INFO - Setting next_dagrun for example_trigger_controller_dag to 2021-01-01 00:00:00+00:00, run_after=2021-01-01 00:00:00+00:00
[2024-05-12T00:47:58.733+0000] {processor.py:183} INFO - Processing /home/airflow/.local/lib/python3.12/site-packages/airflow/example_dags/example_trigger_controller_dag.py took 0.035 seconds
[2024-05-12T00:48:29.511+0000] {processor.py:161} INFO - Started process (PID=9912) to work on /home/airflow/.local/lib/python3.12/site-packages/airflow/example_dags/example_trigger_controller_dag.py
[2024-05-12T00:48:29.511+0000] {processor.py:830} INFO - Processing file /home/airflow/.local/lib/python3.12/site-packages/airflow/example_dags/example_trigger_controller_dag.py for tasks to queue
[2024-05-12T00:48:29.512+0000] {logging_mixin.py:188} INFO - [2024-05-12T00:48:29.512+0000] {dagbag.py:545} INFO - Filling up the DagBag from /home/airflow/.local/lib/python3.12/site-packages/airflow/example_dags/example_trigger_controller_dag.py
[2024-05-12T00:48:29.515+0000] {processor.py:840} INFO - DAG(s) 'example_trigger_controller_dag' retrieved from /home/airflow/.local/lib/python3.12/site-packages/airflow/example_dags/example_trigger_controller_dag.py
[2024-05-12T00:48:29.525+0000] {logging_mixin.py:188} INFO - [2024-05-12T00:48:29.524+0000] {dag.py:3096} INFO - Sync 1 DAGs
[2024-05-12T00:48:29.534+0000] {logging_mixin.py:188} INFO - [2024-05-12T00:48:29.534+0000] {dag.py:3954} INFO - Setting next_dagrun for example_trigger_controller_dag to 2021-01-01 00:00:00+00:00, run_after=2021-01-01 00:00:00+00:00
[2024-05-12T00:48:29.543+0000] {processor.py:183} INFO - Processing /home/airflow/.local/lib/python3.12/site-packages/airflow/example_dags/example_trigger_controller_dag.py took 0.036 seconds
[2024-05-12T00:48:59.681+0000] {processor.py:161} INFO - Started process (PID=10174) to work on /home/airflow/.local/lib/python3.12/site-packages/airflow/example_dags/example_trigger_controller_dag.py
[2024-05-12T00:48:59.682+0000] {processor.py:830} INFO - Processing file /home/airflow/.local/lib/python3.12/site-packages/airflow/example_dags/example_trigger_controller_dag.py for tasks to queue
[2024-05-12T00:48:59.682+0000] {logging_mixin.py:188} INFO - [2024-05-12T00:48:59.682+0000] {dagbag.py:545} INFO - Filling up the DagBag from /home/airflow/.local/lib/python3.12/site-packages/airflow/example_dags/example_trigger_controller_dag.py
[2024-05-12T00:48:59.685+0000] {processor.py:840} INFO - DAG(s) 'example_trigger_controller_dag' retrieved from /home/airflow/.local/lib/python3.12/site-packages/airflow/example_dags/example_trigger_controller_dag.py
[2024-05-12T00:48:59.695+0000] {logging_mixin.py:188} INFO - [2024-05-12T00:48:59.695+0000] {dag.py:3096} INFO - Sync 1 DAGs
[2024-05-12T00:48:59.704+0000] {logging_mixin.py:188} INFO - [2024-05-12T00:48:59.704+0000] {dag.py:3954} INFO - Setting next_dagrun for example_trigger_controller_dag to 2021-01-01 00:00:00+00:00, run_after=2021-01-01 00:00:00+00:00
[2024-05-12T00:48:59.713+0000] {processor.py:183} INFO - Processing /home/airflow/.local/lib/python3.12/site-packages/airflow/example_dags/example_trigger_controller_dag.py took 0.035 seconds
[2024-05-12T01:06:45.419+0000] {processor.py:161} INFO - Started process (PID=10436) to work on /home/airflow/.local/lib/python3.12/site-packages/airflow/example_dags/example_trigger_controller_dag.py
[2024-05-12T01:06:45.420+0000] {processor.py:830} INFO - Processing file /home/airflow/.local/lib/python3.12/site-packages/airflow/example_dags/example_trigger_controller_dag.py for tasks to queue
[2024-05-12T01:06:45.420+0000] {logging_mixin.py:188} INFO - [2024-05-12T01:06:45.420+0000] {dagbag.py:545} INFO - Filling up the DagBag from /home/airflow/.local/lib/python3.12/site-packages/airflow/example_dags/example_trigger_controller_dag.py
[2024-05-12T01:06:45.423+0000] {processor.py:840} INFO - DAG(s) 'example_trigger_controller_dag' retrieved from /home/airflow/.local/lib/python3.12/site-packages/airflow/example_dags/example_trigger_controller_dag.py
[2024-05-12T01:06:45.433+0000] {logging_mixin.py:188} INFO - [2024-05-12T01:06:45.433+0000] {dag.py:3096} INFO - Sync 1 DAGs
[2024-05-12T01:06:45.443+0000] {logging_mixin.py:188} INFO - [2024-05-12T01:06:45.443+0000] {dag.py:3954} INFO - Setting next_dagrun for example_trigger_controller_dag to 2021-01-01 00:00:00+00:00, run_after=2021-01-01 00:00:00+00:00
[2024-05-12T01:06:45.451+0000] {processor.py:183} INFO - Processing /home/airflow/.local/lib/python3.12/site-packages/airflow/example_dags/example_trigger_controller_dag.py took 0.035 seconds
[2024-05-12T01:10:17.084+0000] {processor.py:161} INFO - Started process (PID=10697) to work on /home/airflow/.local/lib/python3.12/site-packages/airflow/example_dags/example_trigger_controller_dag.py
[2024-05-12T01:10:17.085+0000] {processor.py:830} INFO - Processing file /home/airflow/.local/lib/python3.12/site-packages/airflow/example_dags/example_trigger_controller_dag.py for tasks to queue
[2024-05-12T01:10:17.086+0000] {logging_mixin.py:188} INFO - [2024-05-12T01:10:17.086+0000] {dagbag.py:545} INFO - Filling up the DagBag from /home/airflow/.local/lib/python3.12/site-packages/airflow/example_dags/example_trigger_controller_dag.py
[2024-05-12T01:10:17.089+0000] {processor.py:840} INFO - DAG(s) 'example_trigger_controller_dag' retrieved from /home/airflow/.local/lib/python3.12/site-packages/airflow/example_dags/example_trigger_controller_dag.py
[2024-05-12T01:10:17.100+0000] {logging_mixin.py:188} INFO - [2024-05-12T01:10:17.100+0000] {dag.py:3096} INFO - Sync 1 DAGs
[2024-05-12T01:10:17.195+0000] {logging_mixin.py:188} INFO - [2024-05-12T01:10:17.195+0000] {dag.py:3954} INFO - Setting next_dagrun for example_trigger_controller_dag to 2021-01-01 00:00:00+00:00, run_after=2021-01-01 00:00:00+00:00
[2024-05-12T01:10:17.205+0000] {processor.py:183} INFO - Processing /home/airflow/.local/lib/python3.12/site-packages/airflow/example_dags/example_trigger_controller_dag.py took 0.123 seconds
[2024-05-12T01:10:47.862+0000] {processor.py:161} INFO - Started process (PID=10959) to work on /home/airflow/.local/lib/python3.12/site-packages/airflow/example_dags/example_trigger_controller_dag.py
[2024-05-12T01:10:47.863+0000] {processor.py:830} INFO - Processing file /home/airflow/.local/lib/python3.12/site-packages/airflow/example_dags/example_trigger_controller_dag.py for tasks to queue
[2024-05-12T01:10:47.864+0000] {logging_mixin.py:188} INFO - [2024-05-12T01:10:47.864+0000] {dagbag.py:545} INFO - Filling up the DagBag from /home/airflow/.local/lib/python3.12/site-packages/airflow/example_dags/example_trigger_controller_dag.py
[2024-05-12T01:10:47.867+0000] {processor.py:840} INFO - DAG(s) 'example_trigger_controller_dag' retrieved from /home/airflow/.local/lib/python3.12/site-packages/airflow/example_dags/example_trigger_controller_dag.py
[2024-05-12T01:10:47.877+0000] {logging_mixin.py:188} INFO - [2024-05-12T01:10:47.877+0000] {dag.py:3096} INFO - Sync 1 DAGs
[2024-05-12T01:10:47.975+0000] {logging_mixin.py:188} INFO - [2024-05-12T01:10:47.975+0000] {dag.py:3954} INFO - Setting next_dagrun for example_trigger_controller_dag to 2021-01-01 00:00:00+00:00, run_after=2021-01-01 00:00:00+00:00
[2024-05-12T01:10:47.984+0000] {processor.py:183} INFO - Processing /home/airflow/.local/lib/python3.12/site-packages/airflow/example_dags/example_trigger_controller_dag.py took 0.125 seconds
[2024-05-12T01:11:18.307+0000] {processor.py:161} INFO - Started process (PID=11221) to work on /home/airflow/.local/lib/python3.12/site-packages/airflow/example_dags/example_trigger_controller_dag.py
[2024-05-12T01:11:18.307+0000] {processor.py:830} INFO - Processing file /home/airflow/.local/lib/python3.12/site-packages/airflow/example_dags/example_trigger_controller_dag.py for tasks to queue
[2024-05-12T01:11:18.308+0000] {logging_mixin.py:188} INFO - [2024-05-12T01:11:18.308+0000] {dagbag.py:545} INFO - Filling up the DagBag from /home/airflow/.local/lib/python3.12/site-packages/airflow/example_dags/example_trigger_controller_dag.py
[2024-05-12T01:11:18.311+0000] {processor.py:840} INFO - DAG(s) 'example_trigger_controller_dag' retrieved from /home/airflow/.local/lib/python3.12/site-packages/airflow/example_dags/example_trigger_controller_dag.py
[2024-05-12T01:11:18.321+0000] {logging_mixin.py:188} INFO - [2024-05-12T01:11:18.321+0000] {dag.py:3096} INFO - Sync 1 DAGs
[2024-05-12T01:11:18.331+0000] {logging_mixin.py:188} INFO - [2024-05-12T01:11:18.330+0000] {dag.py:3954} INFO - Setting next_dagrun for example_trigger_controller_dag to 2021-01-01 00:00:00+00:00, run_after=2021-01-01 00:00:00+00:00
[2024-05-12T01:11:18.424+0000] {processor.py:183} INFO - Processing /home/airflow/.local/lib/python3.12/site-packages/airflow/example_dags/example_trigger_controller_dag.py took 0.121 seconds
[2024-05-12T01:11:48.792+0000] {processor.py:161} INFO - Started process (PID=11483) to work on /home/airflow/.local/lib/python3.12/site-packages/airflow/example_dags/example_trigger_controller_dag.py
[2024-05-12T01:11:48.793+0000] {processor.py:830} INFO - Processing file /home/airflow/.local/lib/python3.12/site-packages/airflow/example_dags/example_trigger_controller_dag.py for tasks to queue
[2024-05-12T01:11:48.794+0000] {logging_mixin.py:188} INFO - [2024-05-12T01:11:48.793+0000] {dagbag.py:545} INFO - Filling up the DagBag from /home/airflow/.local/lib/python3.12/site-packages/airflow/example_dags/example_trigger_controller_dag.py
[2024-05-12T01:11:48.796+0000] {processor.py:840} INFO - DAG(s) 'example_trigger_controller_dag' retrieved from /home/airflow/.local/lib/python3.12/site-packages/airflow/example_dags/example_trigger_controller_dag.py
[2024-05-12T01:11:48.806+0000] {logging_mixin.py:188} INFO - [2024-05-12T01:11:48.806+0000] {dag.py:3096} INFO - Sync 1 DAGs
[2024-05-12T01:11:48.817+0000] {logging_mixin.py:188} INFO - [2024-05-12T01:11:48.817+0000] {dag.py:3954} INFO - Setting next_dagrun for example_trigger_controller_dag to 2021-01-01 00:00:00+00:00, run_after=2021-01-01 00:00:00+00:00
[2024-05-12T01:11:48.826+0000] {processor.py:183} INFO - Processing /home/airflow/.local/lib/python3.12/site-packages/airflow/example_dags/example_trigger_controller_dag.py took 0.037 seconds
[2024-05-12T01:12:19.711+0000] {processor.py:161} INFO - Started process (PID=11745) to work on /home/airflow/.local/lib/python3.12/site-packages/airflow/example_dags/example_trigger_controller_dag.py
[2024-05-12T01:12:19.712+0000] {processor.py:830} INFO - Processing file /home/airflow/.local/lib/python3.12/site-packages/airflow/example_dags/example_trigger_controller_dag.py for tasks to queue
[2024-05-12T01:12:19.713+0000] {logging_mixin.py:188} INFO - [2024-05-12T01:12:19.713+0000] {dagbag.py:545} INFO - Filling up the DagBag from /home/airflow/.local/lib/python3.12/site-packages/airflow/example_dags/example_trigger_controller_dag.py
[2024-05-12T01:12:19.716+0000] {processor.py:840} INFO - DAG(s) 'example_trigger_controller_dag' retrieved from /home/airflow/.local/lib/python3.12/site-packages/airflow/example_dags/example_trigger_controller_dag.py
[2024-05-12T01:12:19.726+0000] {logging_mixin.py:188} INFO - [2024-05-12T01:12:19.726+0000] {dag.py:3096} INFO - Sync 1 DAGs
[2024-05-12T01:12:19.737+0000] {logging_mixin.py:188} INFO - [2024-05-12T01:12:19.737+0000] {dag.py:3954} INFO - Setting next_dagrun for example_trigger_controller_dag to 2021-01-01 00:00:00+00:00, run_after=2021-01-01 00:00:00+00:00
[2024-05-12T01:12:19.745+0000] {processor.py:183} INFO - Processing /home/airflow/.local/lib/python3.12/site-packages/airflow/example_dags/example_trigger_controller_dag.py took 0.037 seconds
[2024-05-12T01:12:50.622+0000] {processor.py:161} INFO - Started process (PID=12007) to work on /home/airflow/.local/lib/python3.12/site-packages/airflow/example_dags/example_trigger_controller_dag.py
[2024-05-12T01:12:50.622+0000] {processor.py:830} INFO - Processing file /home/airflow/.local/lib/python3.12/site-packages/airflow/example_dags/example_trigger_controller_dag.py for tasks to queue
[2024-05-12T01:12:50.623+0000] {logging_mixin.py:188} INFO - [2024-05-12T01:12:50.623+0000] {dagbag.py:545} INFO - Filling up the DagBag from /home/airflow/.local/lib/python3.12/site-packages/airflow/example_dags/example_trigger_controller_dag.py
[2024-05-12T01:12:50.626+0000] {processor.py:840} INFO - DAG(s) 'example_trigger_controller_dag' retrieved from /home/airflow/.local/lib/python3.12/site-packages/airflow/example_dags/example_trigger_controller_dag.py
[2024-05-12T01:12:50.637+0000] {logging_mixin.py:188} INFO - [2024-05-12T01:12:50.637+0000] {dag.py:3096} INFO - Sync 1 DAGs
[2024-05-12T01:12:50.647+0000] {logging_mixin.py:188} INFO - [2024-05-12T01:12:50.647+0000] {dag.py:3954} INFO - Setting next_dagrun for example_trigger_controller_dag to 2021-01-01 00:00:00+00:00, run_after=2021-01-01 00:00:00+00:00
[2024-05-12T01:12:50.656+0000] {processor.py:183} INFO - Processing /home/airflow/.local/lib/python3.12/site-packages/airflow/example_dags/example_trigger_controller_dag.py took 0.038 seconds
[2024-05-12T01:13:21.505+0000] {processor.py:161} INFO - Started process (PID=12268) to work on /home/airflow/.local/lib/python3.12/site-packages/airflow/example_dags/example_trigger_controller_dag.py
[2024-05-12T01:13:21.505+0000] {processor.py:830} INFO - Processing file /home/airflow/.local/lib/python3.12/site-packages/airflow/example_dags/example_trigger_controller_dag.py for tasks to queue
[2024-05-12T01:13:21.506+0000] {logging_mixin.py:188} INFO - [2024-05-12T01:13:21.506+0000] {dagbag.py:545} INFO - Filling up the DagBag from /home/airflow/.local/lib/python3.12/site-packages/airflow/example_dags/example_trigger_controller_dag.py
[2024-05-12T01:13:21.509+0000] {processor.py:840} INFO - DAG(s) 'example_trigger_controller_dag' retrieved from /home/airflow/.local/lib/python3.12/site-packages/airflow/example_dags/example_trigger_controller_dag.py
[2024-05-12T01:13:21.520+0000] {logging_mixin.py:188} INFO - [2024-05-12T01:13:21.520+0000] {dag.py:3096} INFO - Sync 1 DAGs
[2024-05-12T01:13:21.530+0000] {logging_mixin.py:188} INFO - [2024-05-12T01:13:21.530+0000] {dag.py:3954} INFO - Setting next_dagrun for example_trigger_controller_dag to 2021-01-01 00:00:00+00:00, run_after=2021-01-01 00:00:00+00:00
[2024-05-12T01:13:21.539+0000] {processor.py:183} INFO - Processing /home/airflow/.local/lib/python3.12/site-packages/airflow/example_dags/example_trigger_controller_dag.py took 0.038 seconds
[2024-05-12T01:13:52.425+0000] {processor.py:161} INFO - Started process (PID=12530) to work on /home/airflow/.local/lib/python3.12/site-packages/airflow/example_dags/example_trigger_controller_dag.py
[2024-05-12T01:13:52.426+0000] {processor.py:830} INFO - Processing file /home/airflow/.local/lib/python3.12/site-packages/airflow/example_dags/example_trigger_controller_dag.py for tasks to queue
[2024-05-12T01:13:52.427+0000] {logging_mixin.py:188} INFO - [2024-05-12T01:13:52.427+0000] {dagbag.py:545} INFO - Filling up the DagBag from /home/airflow/.local/lib/python3.12/site-packages/airflow/example_dags/example_trigger_controller_dag.py
[2024-05-12T01:13:52.430+0000] {processor.py:840} INFO - DAG(s) 'example_trigger_controller_dag' retrieved from /home/airflow/.local/lib/python3.12/site-packages/airflow/example_dags/example_trigger_controller_dag.py
[2024-05-12T01:13:52.440+0000] {logging_mixin.py:188} INFO - [2024-05-12T01:13:52.440+0000] {dag.py:3096} INFO - Sync 1 DAGs
[2024-05-12T01:13:52.450+0000] {logging_mixin.py:188} INFO - [2024-05-12T01:13:52.450+0000] {dag.py:3954} INFO - Setting next_dagrun for example_trigger_controller_dag to 2021-01-01 00:00:00+00:00, run_after=2021-01-01 00:00:00+00:00
[2024-05-12T01:13:52.459+0000] {processor.py:183} INFO - Processing /home/airflow/.local/lib/python3.12/site-packages/airflow/example_dags/example_trigger_controller_dag.py took 0.037 seconds
[2024-05-12T01:14:23.327+0000] {processor.py:161} INFO - Started process (PID=12793) to work on /home/airflow/.local/lib/python3.12/site-packages/airflow/example_dags/example_trigger_controller_dag.py
[2024-05-12T01:14:23.328+0000] {processor.py:830} INFO - Processing file /home/airflow/.local/lib/python3.12/site-packages/airflow/example_dags/example_trigger_controller_dag.py for tasks to queue
[2024-05-12T01:14:23.329+0000] {logging_mixin.py:188} INFO - [2024-05-12T01:14:23.329+0000] {dagbag.py:545} INFO - Filling up the DagBag from /home/airflow/.local/lib/python3.12/site-packages/airflow/example_dags/example_trigger_controller_dag.py
[2024-05-12T01:14:23.332+0000] {processor.py:840} INFO - DAG(s) 'example_trigger_controller_dag' retrieved from /home/airflow/.local/lib/python3.12/site-packages/airflow/example_dags/example_trigger_controller_dag.py
[2024-05-12T01:14:23.342+0000] {logging_mixin.py:188} INFO - [2024-05-12T01:14:23.342+0000] {dag.py:3096} INFO - Sync 1 DAGs
[2024-05-12T01:14:23.352+0000] {logging_mixin.py:188} INFO - [2024-05-12T01:14:23.352+0000] {dag.py:3954} INFO - Setting next_dagrun for example_trigger_controller_dag to 2021-01-01 00:00:00+00:00, run_after=2021-01-01 00:00:00+00:00
[2024-05-12T01:14:23.360+0000] {processor.py:183} INFO - Processing /home/airflow/.local/lib/python3.12/site-packages/airflow/example_dags/example_trigger_controller_dag.py took 0.036 seconds
[2024-05-12T01:14:54.266+0000] {processor.py:161} INFO - Started process (PID=13053) to work on /home/airflow/.local/lib/python3.12/site-packages/airflow/example_dags/example_trigger_controller_dag.py
[2024-05-12T01:14:54.266+0000] {processor.py:830} INFO - Processing file /home/airflow/.local/lib/python3.12/site-packages/airflow/example_dags/example_trigger_controller_dag.py for tasks to queue
[2024-05-12T01:14:54.268+0000] {logging_mixin.py:188} INFO - [2024-05-12T01:14:54.267+0000] {dagbag.py:545} INFO - Filling up the DagBag from /home/airflow/.local/lib/python3.12/site-packages/airflow/example_dags/example_trigger_controller_dag.py
[2024-05-12T01:14:54.270+0000] {processor.py:840} INFO - DAG(s) 'example_trigger_controller_dag' retrieved from /home/airflow/.local/lib/python3.12/site-packages/airflow/example_dags/example_trigger_controller_dag.py
[2024-05-12T01:14:54.281+0000] {logging_mixin.py:188} INFO - [2024-05-12T01:14:54.280+0000] {dag.py:3096} INFO - Sync 1 DAGs
[2024-05-12T01:14:54.291+0000] {logging_mixin.py:188} INFO - [2024-05-12T01:14:54.290+0000] {dag.py:3954} INFO - Setting next_dagrun for example_trigger_controller_dag to 2021-01-01 00:00:00+00:00, run_after=2021-01-01 00:00:00+00:00
[2024-05-12T01:14:54.299+0000] {processor.py:183} INFO - Processing /home/airflow/.local/lib/python3.12/site-packages/airflow/example_dags/example_trigger_controller_dag.py took 0.037 seconds
[2024-05-12T01:15:25.267+0000] {processor.py:161} INFO - Started process (PID=13315) to work on /home/airflow/.local/lib/python3.12/site-packages/airflow/example_dags/example_trigger_controller_dag.py
[2024-05-12T01:15:25.268+0000] {processor.py:830} INFO - Processing file /home/airflow/.local/lib/python3.12/site-packages/airflow/example_dags/example_trigger_controller_dag.py for tasks to queue
[2024-05-12T01:15:25.269+0000] {logging_mixin.py:188} INFO - [2024-05-12T01:15:25.269+0000] {dagbag.py:545} INFO - Filling up the DagBag from /home/airflow/.local/lib/python3.12/site-packages/airflow/example_dags/example_trigger_controller_dag.py
[2024-05-12T01:15:25.273+0000] {processor.py:840} INFO - DAG(s) 'example_trigger_controller_dag' retrieved from /home/airflow/.local/lib/python3.12/site-packages/airflow/example_dags/example_trigger_controller_dag.py
[2024-05-12T01:15:25.283+0000] {logging_mixin.py:188} INFO - [2024-05-12T01:15:25.283+0000] {dag.py:3096} INFO - Sync 1 DAGs
[2024-05-12T01:15:25.293+0000] {logging_mixin.py:188} INFO - [2024-05-12T01:15:25.293+0000] {dag.py:3954} INFO - Setting next_dagrun for example_trigger_controller_dag to 2021-01-01 00:00:00+00:00, run_after=2021-01-01 00:00:00+00:00
[2024-05-12T01:15:25.302+0000] {processor.py:183} INFO - Processing /home/airflow/.local/lib/python3.12/site-packages/airflow/example_dags/example_trigger_controller_dag.py took 0.038 seconds
[2024-05-12T01:15:56.179+0000] {processor.py:161} INFO - Started process (PID=13577) to work on /home/airflow/.local/lib/python3.12/site-packages/airflow/example_dags/example_trigger_controller_dag.py
[2024-05-12T01:15:56.179+0000] {processor.py:830} INFO - Processing file /home/airflow/.local/lib/python3.12/site-packages/airflow/example_dags/example_trigger_controller_dag.py for tasks to queue
[2024-05-12T01:15:56.180+0000] {logging_mixin.py:188} INFO - [2024-05-12T01:15:56.180+0000] {dagbag.py:545} INFO - Filling up the DagBag from /home/airflow/.local/lib/python3.12/site-packages/airflow/example_dags/example_trigger_controller_dag.py
[2024-05-12T01:15:56.183+0000] {processor.py:840} INFO - DAG(s) 'example_trigger_controller_dag' retrieved from /home/airflow/.local/lib/python3.12/site-packages/airflow/example_dags/example_trigger_controller_dag.py
[2024-05-12T01:15:56.194+0000] {logging_mixin.py:188} INFO - [2024-05-12T01:15:56.194+0000] {dag.py:3096} INFO - Sync 1 DAGs
[2024-05-12T01:15:56.205+0000] {logging_mixin.py:188} INFO - [2024-05-12T01:15:56.205+0000] {dag.py:3954} INFO - Setting next_dagrun for example_trigger_controller_dag to 2021-01-01 00:00:00+00:00, run_after=2021-01-01 00:00:00+00:00
[2024-05-12T01:15:56.214+0000] {processor.py:183} INFO - Processing /home/airflow/.local/lib/python3.12/site-packages/airflow/example_dags/example_trigger_controller_dag.py took 0.039 seconds
[2024-05-12T01:16:26.952+0000] {processor.py:161} INFO - Started process (PID=13839) to work on /home/airflow/.local/lib/python3.12/site-packages/airflow/example_dags/example_trigger_controller_dag.py
[2024-05-12T01:16:26.952+0000] {processor.py:830} INFO - Processing file /home/airflow/.local/lib/python3.12/site-packages/airflow/example_dags/example_trigger_controller_dag.py for tasks to queue
[2024-05-12T01:16:26.953+0000] {logging_mixin.py:188} INFO - [2024-05-12T01:16:26.953+0000] {dagbag.py:545} INFO - Filling up the DagBag from /home/airflow/.local/lib/python3.12/site-packages/airflow/example_dags/example_trigger_controller_dag.py
[2024-05-12T01:16:26.956+0000] {processor.py:840} INFO - DAG(s) 'example_trigger_controller_dag' retrieved from /home/airflow/.local/lib/python3.12/site-packages/airflow/example_dags/example_trigger_controller_dag.py
[2024-05-12T01:16:26.966+0000] {logging_mixin.py:188} INFO - [2024-05-12T01:16:26.966+0000] {dag.py:3096} INFO - Sync 1 DAGs
[2024-05-12T01:16:26.976+0000] {logging_mixin.py:188} INFO - [2024-05-12T01:16:26.976+0000] {dag.py:3954} INFO - Setting next_dagrun for example_trigger_controller_dag to 2021-01-01 00:00:00+00:00, run_after=2021-01-01 00:00:00+00:00
[2024-05-12T01:16:26.984+0000] {processor.py:183} INFO - Processing /home/airflow/.local/lib/python3.12/site-packages/airflow/example_dags/example_trigger_controller_dag.py took 0.035 seconds
[2024-05-12T01:16:57.670+0000] {processor.py:161} INFO - Started process (PID=14101) to work on /home/airflow/.local/lib/python3.12/site-packages/airflow/example_dags/example_trigger_controller_dag.py
[2024-05-12T01:16:57.670+0000] {processor.py:830} INFO - Processing file /home/airflow/.local/lib/python3.12/site-packages/airflow/example_dags/example_trigger_controller_dag.py for tasks to queue
[2024-05-12T01:16:57.671+0000] {logging_mixin.py:188} INFO - [2024-05-12T01:16:57.671+0000] {dagbag.py:545} INFO - Filling up the DagBag from /home/airflow/.local/lib/python3.12/site-packages/airflow/example_dags/example_trigger_controller_dag.py
[2024-05-12T01:16:57.674+0000] {processor.py:840} INFO - DAG(s) 'example_trigger_controller_dag' retrieved from /home/airflow/.local/lib/python3.12/site-packages/airflow/example_dags/example_trigger_controller_dag.py
[2024-05-12T01:16:57.683+0000] {logging_mixin.py:188} INFO - [2024-05-12T01:16:57.683+0000] {dag.py:3096} INFO - Sync 1 DAGs
[2024-05-12T01:16:57.692+0000] {logging_mixin.py:188} INFO - [2024-05-12T01:16:57.692+0000] {dag.py:3954} INFO - Setting next_dagrun for example_trigger_controller_dag to 2021-01-01 00:00:00+00:00, run_after=2021-01-01 00:00:00+00:00
[2024-05-12T01:16:57.700+0000] {processor.py:183} INFO - Processing /home/airflow/.local/lib/python3.12/site-packages/airflow/example_dags/example_trigger_controller_dag.py took 0.033 seconds
[2024-05-12T01:17:28.461+0000] {processor.py:161} INFO - Started process (PID=14363) to work on /home/airflow/.local/lib/python3.12/site-packages/airflow/example_dags/example_trigger_controller_dag.py
[2024-05-12T01:17:28.461+0000] {processor.py:830} INFO - Processing file /home/airflow/.local/lib/python3.12/site-packages/airflow/example_dags/example_trigger_controller_dag.py for tasks to queue
[2024-05-12T01:17:28.462+0000] {logging_mixin.py:188} INFO - [2024-05-12T01:17:28.462+0000] {dagbag.py:545} INFO - Filling up the DagBag from /home/airflow/.local/lib/python3.12/site-packages/airflow/example_dags/example_trigger_controller_dag.py
[2024-05-12T01:17:28.465+0000] {processor.py:840} INFO - DAG(s) 'example_trigger_controller_dag' retrieved from /home/airflow/.local/lib/python3.12/site-packages/airflow/example_dags/example_trigger_controller_dag.py
[2024-05-12T01:17:28.475+0000] {logging_mixin.py:188} INFO - [2024-05-12T01:17:28.475+0000] {dag.py:3096} INFO - Sync 1 DAGs
[2024-05-12T01:17:28.485+0000] {logging_mixin.py:188} INFO - [2024-05-12T01:17:28.485+0000] {dag.py:3954} INFO - Setting next_dagrun for example_trigger_controller_dag to 2021-01-01 00:00:00+00:00, run_after=2021-01-01 00:00:00+00:00
[2024-05-12T01:17:28.493+0000] {processor.py:183} INFO - Processing /home/airflow/.local/lib/python3.12/site-packages/airflow/example_dags/example_trigger_controller_dag.py took 0.035 seconds
[2024-05-12T01:17:59.280+0000] {processor.py:161} INFO - Started process (PID=14625) to work on /home/airflow/.local/lib/python3.12/site-packages/airflow/example_dags/example_trigger_controller_dag.py
[2024-05-12T01:17:59.280+0000] {processor.py:830} INFO - Processing file /home/airflow/.local/lib/python3.12/site-packages/airflow/example_dags/example_trigger_controller_dag.py for tasks to queue
[2024-05-12T01:17:59.281+0000] {logging_mixin.py:188} INFO - [2024-05-12T01:17:59.281+0000] {dagbag.py:545} INFO - Filling up the DagBag from /home/airflow/.local/lib/python3.12/site-packages/airflow/example_dags/example_trigger_controller_dag.py
[2024-05-12T01:17:59.284+0000] {processor.py:840} INFO - DAG(s) 'example_trigger_controller_dag' retrieved from /home/airflow/.local/lib/python3.12/site-packages/airflow/example_dags/example_trigger_controller_dag.py
[2024-05-12T01:17:59.293+0000] {logging_mixin.py:188} INFO - [2024-05-12T01:17:59.293+0000] {dag.py:3096} INFO - Sync 1 DAGs
[2024-05-12T01:17:59.303+0000] {logging_mixin.py:188} INFO - [2024-05-12T01:17:59.303+0000] {dag.py:3954} INFO - Setting next_dagrun for example_trigger_controller_dag to 2021-01-01 00:00:00+00:00, run_after=2021-01-01 00:00:00+00:00
[2024-05-12T01:17:59.311+0000] {processor.py:183} INFO - Processing /home/airflow/.local/lib/python3.12/site-packages/airflow/example_dags/example_trigger_controller_dag.py took 0.035 seconds
[2024-05-12T01:18:30.170+0000] {processor.py:161} INFO - Started process (PID=14887) to work on /home/airflow/.local/lib/python3.12/site-packages/airflow/example_dags/example_trigger_controller_dag.py
[2024-05-12T01:18:30.170+0000] {processor.py:830} INFO - Processing file /home/airflow/.local/lib/python3.12/site-packages/airflow/example_dags/example_trigger_controller_dag.py for tasks to queue
[2024-05-12T01:18:30.171+0000] {logging_mixin.py:188} INFO - [2024-05-12T01:18:30.171+0000] {dagbag.py:545} INFO - Filling up the DagBag from /home/airflow/.local/lib/python3.12/site-packages/airflow/example_dags/example_trigger_controller_dag.py
[2024-05-12T01:18:30.174+0000] {processor.py:840} INFO - DAG(s) 'example_trigger_controller_dag' retrieved from /home/airflow/.local/lib/python3.12/site-packages/airflow/example_dags/example_trigger_controller_dag.py
[2024-05-12T01:18:30.184+0000] {logging_mixin.py:188} INFO - [2024-05-12T01:18:30.183+0000] {dag.py:3096} INFO - Sync 1 DAGs
[2024-05-12T01:18:30.193+0000] {logging_mixin.py:188} INFO - [2024-05-12T01:18:30.193+0000] {dag.py:3954} INFO - Setting next_dagrun for example_trigger_controller_dag to 2021-01-01 00:00:00+00:00, run_after=2021-01-01 00:00:00+00:00
[2024-05-12T01:18:30.203+0000] {processor.py:183} INFO - Processing /home/airflow/.local/lib/python3.12/site-packages/airflow/example_dags/example_trigger_controller_dag.py took 0.036 seconds
[2024-05-12T01:19:00.936+0000] {processor.py:161} INFO - Started process (PID=15149) to work on /home/airflow/.local/lib/python3.12/site-packages/airflow/example_dags/example_trigger_controller_dag.py
[2024-05-12T01:19:00.937+0000] {processor.py:830} INFO - Processing file /home/airflow/.local/lib/python3.12/site-packages/airflow/example_dags/example_trigger_controller_dag.py for tasks to queue
[2024-05-12T01:19:00.938+0000] {logging_mixin.py:188} INFO - [2024-05-12T01:19:00.938+0000] {dagbag.py:545} INFO - Filling up the DagBag from /home/airflow/.local/lib/python3.12/site-packages/airflow/example_dags/example_trigger_controller_dag.py
[2024-05-12T01:19:00.941+0000] {processor.py:840} INFO - DAG(s) 'example_trigger_controller_dag' retrieved from /home/airflow/.local/lib/python3.12/site-packages/airflow/example_dags/example_trigger_controller_dag.py
[2024-05-12T01:19:00.951+0000] {logging_mixin.py:188} INFO - [2024-05-12T01:19:00.951+0000] {dag.py:3096} INFO - Sync 1 DAGs
[2024-05-12T01:19:00.962+0000] {logging_mixin.py:188} INFO - [2024-05-12T01:19:00.962+0000] {dag.py:3954} INFO - Setting next_dagrun for example_trigger_controller_dag to 2021-01-01 00:00:00+00:00, run_after=2021-01-01 00:00:00+00:00
[2024-05-12T01:19:00.971+0000] {processor.py:183} INFO - Processing /home/airflow/.local/lib/python3.12/site-packages/airflow/example_dags/example_trigger_controller_dag.py took 0.037 seconds
[2024-05-12T01:19:31.875+0000] {processor.py:161} INFO - Started process (PID=15411) to work on /home/airflow/.local/lib/python3.12/site-packages/airflow/example_dags/example_trigger_controller_dag.py
[2024-05-12T01:19:31.876+0000] {processor.py:830} INFO - Processing file /home/airflow/.local/lib/python3.12/site-packages/airflow/example_dags/example_trigger_controller_dag.py for tasks to queue
[2024-05-12T01:19:31.877+0000] {logging_mixin.py:188} INFO - [2024-05-12T01:19:31.877+0000] {dagbag.py:545} INFO - Filling up the DagBag from /home/airflow/.local/lib/python3.12/site-packages/airflow/example_dags/example_trigger_controller_dag.py
[2024-05-12T01:19:31.880+0000] {processor.py:840} INFO - DAG(s) 'example_trigger_controller_dag' retrieved from /home/airflow/.local/lib/python3.12/site-packages/airflow/example_dags/example_trigger_controller_dag.py
[2024-05-12T01:19:31.890+0000] {logging_mixin.py:188} INFO - [2024-05-12T01:19:31.889+0000] {dag.py:3096} INFO - Sync 1 DAGs
[2024-05-12T01:19:31.900+0000] {logging_mixin.py:188} INFO - [2024-05-12T01:19:31.899+0000] {dag.py:3954} INFO - Setting next_dagrun for example_trigger_controller_dag to 2021-01-01 00:00:00+00:00, run_after=2021-01-01 00:00:00+00:00
[2024-05-12T01:19:31.908+0000] {processor.py:183} INFO - Processing /home/airflow/.local/lib/python3.12/site-packages/airflow/example_dags/example_trigger_controller_dag.py took 0.036 seconds
[2024-05-12T01:20:02.667+0000] {processor.py:161} INFO - Started process (PID=15673) to work on /home/airflow/.local/lib/python3.12/site-packages/airflow/example_dags/example_trigger_controller_dag.py
[2024-05-12T01:20:02.668+0000] {processor.py:830} INFO - Processing file /home/airflow/.local/lib/python3.12/site-packages/airflow/example_dags/example_trigger_controller_dag.py for tasks to queue
[2024-05-12T01:20:02.669+0000] {logging_mixin.py:188} INFO - [2024-05-12T01:20:02.669+0000] {dagbag.py:545} INFO - Filling up the DagBag from /home/airflow/.local/lib/python3.12/site-packages/airflow/example_dags/example_trigger_controller_dag.py
[2024-05-12T01:20:02.672+0000] {processor.py:840} INFO - DAG(s) 'example_trigger_controller_dag' retrieved from /home/airflow/.local/lib/python3.12/site-packages/airflow/example_dags/example_trigger_controller_dag.py
[2024-05-12T01:20:02.682+0000] {logging_mixin.py:188} INFO - [2024-05-12T01:20:02.682+0000] {dag.py:3096} INFO - Sync 1 DAGs
[2024-05-12T01:20:02.693+0000] {logging_mixin.py:188} INFO - [2024-05-12T01:20:02.692+0000] {dag.py:3954} INFO - Setting next_dagrun for example_trigger_controller_dag to 2021-01-01 00:00:00+00:00, run_after=2021-01-01 00:00:00+00:00
[2024-05-12T01:20:02.702+0000] {processor.py:183} INFO - Processing /home/airflow/.local/lib/python3.12/site-packages/airflow/example_dags/example_trigger_controller_dag.py took 0.038 seconds
[2024-05-12T01:20:33.474+0000] {processor.py:161} INFO - Started process (PID=15935) to work on /home/airflow/.local/lib/python3.12/site-packages/airflow/example_dags/example_trigger_controller_dag.py
[2024-05-12T01:20:33.475+0000] {processor.py:830} INFO - Processing file /home/airflow/.local/lib/python3.12/site-packages/airflow/example_dags/example_trigger_controller_dag.py for tasks to queue
[2024-05-12T01:20:33.476+0000] {logging_mixin.py:188} INFO - [2024-05-12T01:20:33.476+0000] {dagbag.py:545} INFO - Filling up the DagBag from /home/airflow/.local/lib/python3.12/site-packages/airflow/example_dags/example_trigger_controller_dag.py
[2024-05-12T01:20:33.479+0000] {processor.py:840} INFO - DAG(s) 'example_trigger_controller_dag' retrieved from /home/airflow/.local/lib/python3.12/site-packages/airflow/example_dags/example_trigger_controller_dag.py
[2024-05-12T01:20:33.488+0000] {logging_mixin.py:188} INFO - [2024-05-12T01:20:33.488+0000] {dag.py:3096} INFO - Sync 1 DAGs
[2024-05-12T01:20:33.499+0000] {logging_mixin.py:188} INFO - [2024-05-12T01:20:33.498+0000] {dag.py:3954} INFO - Setting next_dagrun for example_trigger_controller_dag to 2021-01-01 00:00:00+00:00, run_after=2021-01-01 00:00:00+00:00
[2024-05-12T01:20:33.507+0000] {processor.py:183} INFO - Processing /home/airflow/.local/lib/python3.12/site-packages/airflow/example_dags/example_trigger_controller_dag.py took 0.036 seconds
[2024-05-12T01:21:04.319+0000] {processor.py:161} INFO - Started process (PID=16199) to work on /home/airflow/.local/lib/python3.12/site-packages/airflow/example_dags/example_trigger_controller_dag.py
[2024-05-12T01:21:04.320+0000] {processor.py:830} INFO - Processing file /home/airflow/.local/lib/python3.12/site-packages/airflow/example_dags/example_trigger_controller_dag.py for tasks to queue
[2024-05-12T01:21:04.321+0000] {logging_mixin.py:188} INFO - [2024-05-12T01:21:04.321+0000] {dagbag.py:545} INFO - Filling up the DagBag from /home/airflow/.local/lib/python3.12/site-packages/airflow/example_dags/example_trigger_controller_dag.py
[2024-05-12T01:21:04.324+0000] {processor.py:840} INFO - DAG(s) 'example_trigger_controller_dag' retrieved from /home/airflow/.local/lib/python3.12/site-packages/airflow/example_dags/example_trigger_controller_dag.py
[2024-05-12T01:21:04.334+0000] {logging_mixin.py:188} INFO - [2024-05-12T01:21:04.333+0000] {dag.py:3096} INFO - Sync 1 DAGs
[2024-05-12T01:21:04.343+0000] {logging_mixin.py:188} INFO - [2024-05-12T01:21:04.343+0000] {dag.py:3954} INFO - Setting next_dagrun for example_trigger_controller_dag to 2021-01-01 00:00:00+00:00, run_after=2021-01-01 00:00:00+00:00
[2024-05-12T01:21:04.352+0000] {processor.py:183} INFO - Processing /home/airflow/.local/lib/python3.12/site-packages/airflow/example_dags/example_trigger_controller_dag.py took 0.036 seconds
[2024-05-12T01:21:35.258+0000] {processor.py:161} INFO - Started process (PID=16458) to work on /home/airflow/.local/lib/python3.12/site-packages/airflow/example_dags/example_trigger_controller_dag.py
[2024-05-12T01:21:35.258+0000] {processor.py:830} INFO - Processing file /home/airflow/.local/lib/python3.12/site-packages/airflow/example_dags/example_trigger_controller_dag.py for tasks to queue
[2024-05-12T01:21:35.259+0000] {logging_mixin.py:188} INFO - [2024-05-12T01:21:35.259+0000] {dagbag.py:545} INFO - Filling up the DagBag from /home/airflow/.local/lib/python3.12/site-packages/airflow/example_dags/example_trigger_controller_dag.py
[2024-05-12T01:21:35.262+0000] {processor.py:840} INFO - DAG(s) 'example_trigger_controller_dag' retrieved from /home/airflow/.local/lib/python3.12/site-packages/airflow/example_dags/example_trigger_controller_dag.py
[2024-05-12T01:21:35.273+0000] {logging_mixin.py:188} INFO - [2024-05-12T01:21:35.273+0000] {dag.py:3096} INFO - Sync 1 DAGs
[2024-05-12T01:21:35.284+0000] {logging_mixin.py:188} INFO - [2024-05-12T01:21:35.284+0000] {dag.py:3954} INFO - Setting next_dagrun for example_trigger_controller_dag to 2021-01-01 00:00:00+00:00, run_after=2021-01-01 00:00:00+00:00
[2024-05-12T01:21:35.293+0000] {processor.py:183} INFO - Processing /home/airflow/.local/lib/python3.12/site-packages/airflow/example_dags/example_trigger_controller_dag.py took 0.039 seconds
[2024-05-12T01:22:06.046+0000] {processor.py:161} INFO - Started process (PID=16720) to work on /home/airflow/.local/lib/python3.12/site-packages/airflow/example_dags/example_trigger_controller_dag.py
[2024-05-12T01:22:06.046+0000] {processor.py:830} INFO - Processing file /home/airflow/.local/lib/python3.12/site-packages/airflow/example_dags/example_trigger_controller_dag.py for tasks to queue
[2024-05-12T01:22:06.047+0000] {logging_mixin.py:188} INFO - [2024-05-12T01:22:06.047+0000] {dagbag.py:545} INFO - Filling up the DagBag from /home/airflow/.local/lib/python3.12/site-packages/airflow/example_dags/example_trigger_controller_dag.py
[2024-05-12T01:22:06.050+0000] {processor.py:840} INFO - DAG(s) 'example_trigger_controller_dag' retrieved from /home/airflow/.local/lib/python3.12/site-packages/airflow/example_dags/example_trigger_controller_dag.py
[2024-05-12T01:22:06.060+0000] {logging_mixin.py:188} INFO - [2024-05-12T01:22:06.060+0000] {dag.py:3096} INFO - Sync 1 DAGs
[2024-05-12T01:22:06.070+0000] {logging_mixin.py:188} INFO - [2024-05-12T01:22:06.070+0000] {dag.py:3954} INFO - Setting next_dagrun for example_trigger_controller_dag to 2021-01-01 00:00:00+00:00, run_after=2021-01-01 00:00:00+00:00
[2024-05-12T01:22:06.078+0000] {processor.py:183} INFO - Processing /home/airflow/.local/lib/python3.12/site-packages/airflow/example_dags/example_trigger_controller_dag.py took 0.036 seconds
