[2024-05-12T00:37:43.703+0000] {processor.py:161} INFO - Started process (PID=4465) to work on /home/airflow/.local/lib/python3.12/site-packages/airflow/example_dags/example_short_circuit_operator.py
[2024-05-12T00:37:43.704+0000] {processor.py:830} INFO - Processing file /home/airflow/.local/lib/python3.12/site-packages/airflow/example_dags/example_short_circuit_operator.py for tasks to queue
[2024-05-12T00:37:43.705+0000] {logging_mixin.py:188} INFO - [2024-05-12T00:37:43.705+0000] {dagbag.py:545} INFO - Filling up the DagBag from /home/airflow/.local/lib/python3.12/site-packages/airflow/example_dags/example_short_circuit_operator.py
[2024-05-12T00:37:43.709+0000] {processor.py:840} INFO - DAG(s) 'example_short_circuit_operator' retrieved from /home/airflow/.local/lib/python3.12/site-packages/airflow/example_dags/example_short_circuit_operator.py
[2024-05-12T00:37:43.720+0000] {logging_mixin.py:188} INFO - [2024-05-12T00:37:43.720+0000] {dag.py:3096} INFO - Sync 1 DAGs
[2024-05-12T00:37:43.730+0000] {logging_mixin.py:188} INFO - [2024-05-12T00:37:43.730+0000] {dag.py:3954} INFO - Setting next_dagrun for example_short_circuit_operator to 2024-05-11 00:00:00+00:00, run_after=2024-05-12 00:00:00+00:00
[2024-05-12T00:37:43.739+0000] {processor.py:183} INFO - Processing /home/airflow/.local/lib/python3.12/site-packages/airflow/example_dags/example_short_circuit_operator.py took 0.038 seconds
[2024-05-12T00:38:14.430+0000] {processor.py:161} INFO - Started process (PID=4727) to work on /home/airflow/.local/lib/python3.12/site-packages/airflow/example_dags/example_short_circuit_operator.py
[2024-05-12T00:38:14.430+0000] {processor.py:830} INFO - Processing file /home/airflow/.local/lib/python3.12/site-packages/airflow/example_dags/example_short_circuit_operator.py for tasks to queue
[2024-05-12T00:38:14.431+0000] {logging_mixin.py:188} INFO - [2024-05-12T00:38:14.431+0000] {dagbag.py:545} INFO - Filling up the DagBag from /home/airflow/.local/lib/python3.12/site-packages/airflow/example_dags/example_short_circuit_operator.py
[2024-05-12T00:38:14.435+0000] {processor.py:840} INFO - DAG(s) 'example_short_circuit_operator' retrieved from /home/airflow/.local/lib/python3.12/site-packages/airflow/example_dags/example_short_circuit_operator.py
[2024-05-12T00:38:14.447+0000] {logging_mixin.py:188} INFO - [2024-05-12T00:38:14.447+0000] {dag.py:3096} INFO - Sync 1 DAGs
[2024-05-12T00:38:14.458+0000] {logging_mixin.py:188} INFO - [2024-05-12T00:38:14.457+0000] {dag.py:3954} INFO - Setting next_dagrun for example_short_circuit_operator to 2024-05-11 00:00:00+00:00, run_after=2024-05-12 00:00:00+00:00
[2024-05-12T00:38:14.466+0000] {processor.py:183} INFO - Processing /home/airflow/.local/lib/python3.12/site-packages/airflow/example_dags/example_short_circuit_operator.py took 0.039 seconds
[2024-05-12T00:38:45.112+0000] {processor.py:161} INFO - Started process (PID=4989) to work on /home/airflow/.local/lib/python3.12/site-packages/airflow/example_dags/example_short_circuit_operator.py
[2024-05-12T00:38:45.112+0000] {processor.py:830} INFO - Processing file /home/airflow/.local/lib/python3.12/site-packages/airflow/example_dags/example_short_circuit_operator.py for tasks to queue
[2024-05-12T00:38:45.114+0000] {logging_mixin.py:188} INFO - [2024-05-12T00:38:45.113+0000] {dagbag.py:545} INFO - Filling up the DagBag from /home/airflow/.local/lib/python3.12/site-packages/airflow/example_dags/example_short_circuit_operator.py
[2024-05-12T00:38:45.118+0000] {processor.py:840} INFO - DAG(s) 'example_short_circuit_operator' retrieved from /home/airflow/.local/lib/python3.12/site-packages/airflow/example_dags/example_short_circuit_operator.py
[2024-05-12T00:38:45.130+0000] {logging_mixin.py:188} INFO - [2024-05-12T00:38:45.130+0000] {dag.py:3096} INFO - Sync 1 DAGs
[2024-05-12T00:38:45.141+0000] {logging_mixin.py:188} INFO - [2024-05-12T00:38:45.140+0000] {dag.py:3954} INFO - Setting next_dagrun for example_short_circuit_operator to 2024-05-11 00:00:00+00:00, run_after=2024-05-12 00:00:00+00:00
[2024-05-12T00:38:45.149+0000] {processor.py:183} INFO - Processing /home/airflow/.local/lib/python3.12/site-packages/airflow/example_dags/example_short_circuit_operator.py took 0.041 seconds
[2024-05-12T00:39:15.736+0000] {processor.py:161} INFO - Started process (PID=5250) to work on /home/airflow/.local/lib/python3.12/site-packages/airflow/example_dags/example_short_circuit_operator.py
[2024-05-12T00:39:15.736+0000] {processor.py:830} INFO - Processing file /home/airflow/.local/lib/python3.12/site-packages/airflow/example_dags/example_short_circuit_operator.py for tasks to queue
[2024-05-12T00:39:15.738+0000] {logging_mixin.py:188} INFO - [2024-05-12T00:39:15.737+0000] {dagbag.py:545} INFO - Filling up the DagBag from /home/airflow/.local/lib/python3.12/site-packages/airflow/example_dags/example_short_circuit_operator.py
[2024-05-12T00:39:15.741+0000] {processor.py:840} INFO - DAG(s) 'example_short_circuit_operator' retrieved from /home/airflow/.local/lib/python3.12/site-packages/airflow/example_dags/example_short_circuit_operator.py
[2024-05-12T00:39:15.754+0000] {logging_mixin.py:188} INFO - [2024-05-12T00:39:15.754+0000] {dag.py:3096} INFO - Sync 1 DAGs
[2024-05-12T00:39:15.765+0000] {logging_mixin.py:188} INFO - [2024-05-12T00:39:15.765+0000] {dag.py:3954} INFO - Setting next_dagrun for example_short_circuit_operator to 2024-05-11 00:00:00+00:00, run_after=2024-05-12 00:00:00+00:00
[2024-05-12T00:39:15.776+0000] {processor.py:183} INFO - Processing /home/airflow/.local/lib/python3.12/site-packages/airflow/example_dags/example_short_circuit_operator.py took 0.043 seconds
[2024-05-12T00:39:46.576+0000] {processor.py:161} INFO - Started process (PID=5511) to work on /home/airflow/.local/lib/python3.12/site-packages/airflow/example_dags/example_short_circuit_operator.py
[2024-05-12T00:39:46.577+0000] {processor.py:830} INFO - Processing file /home/airflow/.local/lib/python3.12/site-packages/airflow/example_dags/example_short_circuit_operator.py for tasks to queue
[2024-05-12T00:39:46.578+0000] {logging_mixin.py:188} INFO - [2024-05-12T00:39:46.578+0000] {dagbag.py:545} INFO - Filling up the DagBag from /home/airflow/.local/lib/python3.12/site-packages/airflow/example_dags/example_short_circuit_operator.py
[2024-05-12T00:39:46.582+0000] {processor.py:840} INFO - DAG(s) 'example_short_circuit_operator' retrieved from /home/airflow/.local/lib/python3.12/site-packages/airflow/example_dags/example_short_circuit_operator.py
[2024-05-12T00:39:46.594+0000] {logging_mixin.py:188} INFO - [2024-05-12T00:39:46.594+0000] {dag.py:3096} INFO - Sync 1 DAGs
[2024-05-12T00:39:46.605+0000] {logging_mixin.py:188} INFO - [2024-05-12T00:39:46.605+0000] {dag.py:3954} INFO - Setting next_dagrun for example_short_circuit_operator to 2024-05-11 00:00:00+00:00, run_after=2024-05-12 00:00:00+00:00
[2024-05-12T00:39:46.617+0000] {processor.py:183} INFO - Processing /home/airflow/.local/lib/python3.12/site-packages/airflow/example_dags/example_short_circuit_operator.py took 0.045 seconds
[2024-05-12T00:40:17.290+0000] {processor.py:161} INFO - Started process (PID=5773) to work on /home/airflow/.local/lib/python3.12/site-packages/airflow/example_dags/example_short_circuit_operator.py
[2024-05-12T00:40:17.291+0000] {processor.py:830} INFO - Processing file /home/airflow/.local/lib/python3.12/site-packages/airflow/example_dags/example_short_circuit_operator.py for tasks to queue
[2024-05-12T00:40:17.292+0000] {logging_mixin.py:188} INFO - [2024-05-12T00:40:17.292+0000] {dagbag.py:545} INFO - Filling up the DagBag from /home/airflow/.local/lib/python3.12/site-packages/airflow/example_dags/example_short_circuit_operator.py
[2024-05-12T00:40:17.296+0000] {processor.py:840} INFO - DAG(s) 'example_short_circuit_operator' retrieved from /home/airflow/.local/lib/python3.12/site-packages/airflow/example_dags/example_short_circuit_operator.py
[2024-05-12T00:40:17.307+0000] {logging_mixin.py:188} INFO - [2024-05-12T00:40:17.307+0000] {dag.py:3096} INFO - Sync 1 DAGs
[2024-05-12T00:40:17.319+0000] {logging_mixin.py:188} INFO - [2024-05-12T00:40:17.319+0000] {dag.py:3954} INFO - Setting next_dagrun for example_short_circuit_operator to 2024-05-11 00:00:00+00:00, run_after=2024-05-12 00:00:00+00:00
[2024-05-12T00:40:17.329+0000] {processor.py:183} INFO - Processing /home/airflow/.local/lib/python3.12/site-packages/airflow/example_dags/example_short_circuit_operator.py took 0.042 seconds
[2024-05-12T00:40:48.023+0000] {processor.py:161} INFO - Started process (PID=6037) to work on /home/airflow/.local/lib/python3.12/site-packages/airflow/example_dags/example_short_circuit_operator.py
[2024-05-12T00:40:48.023+0000] {processor.py:830} INFO - Processing file /home/airflow/.local/lib/python3.12/site-packages/airflow/example_dags/example_short_circuit_operator.py for tasks to queue
[2024-05-12T00:40:48.024+0000] {logging_mixin.py:188} INFO - [2024-05-12T00:40:48.024+0000] {dagbag.py:545} INFO - Filling up the DagBag from /home/airflow/.local/lib/python3.12/site-packages/airflow/example_dags/example_short_circuit_operator.py
[2024-05-12T00:40:48.028+0000] {processor.py:840} INFO - DAG(s) 'example_short_circuit_operator' retrieved from /home/airflow/.local/lib/python3.12/site-packages/airflow/example_dags/example_short_circuit_operator.py
[2024-05-12T00:40:48.040+0000] {logging_mixin.py:188} INFO - [2024-05-12T00:40:48.039+0000] {dag.py:3096} INFO - Sync 1 DAGs
[2024-05-12T00:40:48.050+0000] {logging_mixin.py:188} INFO - [2024-05-12T00:40:48.050+0000] {dag.py:3954} INFO - Setting next_dagrun for example_short_circuit_operator to 2024-05-11 00:00:00+00:00, run_after=2024-05-12 00:00:00+00:00
[2024-05-12T00:40:48.058+0000] {processor.py:183} INFO - Processing /home/airflow/.local/lib/python3.12/site-packages/airflow/example_dags/example_short_circuit_operator.py took 0.038 seconds
[2024-05-12T00:41:18.920+0000] {processor.py:161} INFO - Started process (PID=6297) to work on /home/airflow/.local/lib/python3.12/site-packages/airflow/example_dags/example_short_circuit_operator.py
[2024-05-12T00:41:18.921+0000] {processor.py:830} INFO - Processing file /home/airflow/.local/lib/python3.12/site-packages/airflow/example_dags/example_short_circuit_operator.py for tasks to queue
[2024-05-12T00:41:18.922+0000] {logging_mixin.py:188} INFO - [2024-05-12T00:41:18.921+0000] {dagbag.py:545} INFO - Filling up the DagBag from /home/airflow/.local/lib/python3.12/site-packages/airflow/example_dags/example_short_circuit_operator.py
[2024-05-12T00:41:18.926+0000] {processor.py:840} INFO - DAG(s) 'example_short_circuit_operator' retrieved from /home/airflow/.local/lib/python3.12/site-packages/airflow/example_dags/example_short_circuit_operator.py
[2024-05-12T00:41:18.937+0000] {logging_mixin.py:188} INFO - [2024-05-12T00:41:18.937+0000] {dag.py:3096} INFO - Sync 1 DAGs
[2024-05-12T00:41:18.949+0000] {logging_mixin.py:188} INFO - [2024-05-12T00:41:18.949+0000] {dag.py:3954} INFO - Setting next_dagrun for example_short_circuit_operator to 2024-05-11 00:00:00+00:00, run_after=2024-05-12 00:00:00+00:00
[2024-05-12T00:41:18.959+0000] {processor.py:183} INFO - Processing /home/airflow/.local/lib/python3.12/site-packages/airflow/example_dags/example_short_circuit_operator.py took 0.043 seconds
[2024-05-12T00:41:49.659+0000] {processor.py:161} INFO - Started process (PID=6559) to work on /home/airflow/.local/lib/python3.12/site-packages/airflow/example_dags/example_short_circuit_operator.py
[2024-05-12T00:41:49.659+0000] {processor.py:830} INFO - Processing file /home/airflow/.local/lib/python3.12/site-packages/airflow/example_dags/example_short_circuit_operator.py for tasks to queue
[2024-05-12T00:41:49.660+0000] {logging_mixin.py:188} INFO - [2024-05-12T00:41:49.660+0000] {dagbag.py:545} INFO - Filling up the DagBag from /home/airflow/.local/lib/python3.12/site-packages/airflow/example_dags/example_short_circuit_operator.py
[2024-05-12T00:41:49.664+0000] {processor.py:840} INFO - DAG(s) 'example_short_circuit_operator' retrieved from /home/airflow/.local/lib/python3.12/site-packages/airflow/example_dags/example_short_circuit_operator.py
[2024-05-12T00:41:49.675+0000] {logging_mixin.py:188} INFO - [2024-05-12T00:41:49.675+0000] {dag.py:3096} INFO - Sync 1 DAGs
[2024-05-12T00:41:49.685+0000] {logging_mixin.py:188} INFO - [2024-05-12T00:41:49.685+0000] {dag.py:3954} INFO - Setting next_dagrun for example_short_circuit_operator to 2024-05-11 00:00:00+00:00, run_after=2024-05-12 00:00:00+00:00
[2024-05-12T00:41:49.694+0000] {processor.py:183} INFO - Processing /home/airflow/.local/lib/python3.12/site-packages/airflow/example_dags/example_short_circuit_operator.py took 0.039 seconds
[2024-05-12T00:42:20.282+0000] {processor.py:161} INFO - Started process (PID=6821) to work on /home/airflow/.local/lib/python3.12/site-packages/airflow/example_dags/example_short_circuit_operator.py
[2024-05-12T00:42:20.283+0000] {processor.py:830} INFO - Processing file /home/airflow/.local/lib/python3.12/site-packages/airflow/example_dags/example_short_circuit_operator.py for tasks to queue
[2024-05-12T00:42:20.283+0000] {logging_mixin.py:188} INFO - [2024-05-12T00:42:20.283+0000] {dagbag.py:545} INFO - Filling up the DagBag from /home/airflow/.local/lib/python3.12/site-packages/airflow/example_dags/example_short_circuit_operator.py
[2024-05-12T00:42:20.287+0000] {processor.py:840} INFO - DAG(s) 'example_short_circuit_operator' retrieved from /home/airflow/.local/lib/python3.12/site-packages/airflow/example_dags/example_short_circuit_operator.py
[2024-05-12T00:42:20.298+0000] {logging_mixin.py:188} INFO - [2024-05-12T00:42:20.298+0000] {dag.py:3096} INFO - Sync 1 DAGs
[2024-05-12T00:42:20.308+0000] {logging_mixin.py:188} INFO - [2024-05-12T00:42:20.308+0000] {dag.py:3954} INFO - Setting next_dagrun for example_short_circuit_operator to 2024-05-11 00:00:00+00:00, run_after=2024-05-12 00:00:00+00:00
[2024-05-12T00:42:20.317+0000] {processor.py:183} INFO - Processing /home/airflow/.local/lib/python3.12/site-packages/airflow/example_dags/example_short_circuit_operator.py took 0.038 seconds
[2024-05-12T00:42:51.054+0000] {processor.py:161} INFO - Started process (PID=7083) to work on /home/airflow/.local/lib/python3.12/site-packages/airflow/example_dags/example_short_circuit_operator.py
[2024-05-12T00:42:51.055+0000] {processor.py:830} INFO - Processing file /home/airflow/.local/lib/python3.12/site-packages/airflow/example_dags/example_short_circuit_operator.py for tasks to queue
[2024-05-12T00:42:51.056+0000] {logging_mixin.py:188} INFO - [2024-05-12T00:42:51.056+0000] {dagbag.py:545} INFO - Filling up the DagBag from /home/airflow/.local/lib/python3.12/site-packages/airflow/example_dags/example_short_circuit_operator.py
[2024-05-12T00:42:51.060+0000] {processor.py:840} INFO - DAG(s) 'example_short_circuit_operator' retrieved from /home/airflow/.local/lib/python3.12/site-packages/airflow/example_dags/example_short_circuit_operator.py
[2024-05-12T00:42:51.071+0000] {logging_mixin.py:188} INFO - [2024-05-12T00:42:51.071+0000] {dag.py:3096} INFO - Sync 1 DAGs
[2024-05-12T00:42:51.081+0000] {logging_mixin.py:188} INFO - [2024-05-12T00:42:51.081+0000] {dag.py:3954} INFO - Setting next_dagrun for example_short_circuit_operator to 2024-05-11 00:00:00+00:00, run_after=2024-05-12 00:00:00+00:00
[2024-05-12T00:42:51.090+0000] {processor.py:183} INFO - Processing /home/airflow/.local/lib/python3.12/site-packages/airflow/example_dags/example_short_circuit_operator.py took 0.039 seconds
[2024-05-12T00:43:21.824+0000] {processor.py:161} INFO - Started process (PID=7345) to work on /home/airflow/.local/lib/python3.12/site-packages/airflow/example_dags/example_short_circuit_operator.py
[2024-05-12T00:43:21.825+0000] {processor.py:830} INFO - Processing file /home/airflow/.local/lib/python3.12/site-packages/airflow/example_dags/example_short_circuit_operator.py for tasks to queue
[2024-05-12T00:43:21.826+0000] {logging_mixin.py:188} INFO - [2024-05-12T00:43:21.825+0000] {dagbag.py:545} INFO - Filling up the DagBag from /home/airflow/.local/lib/python3.12/site-packages/airflow/example_dags/example_short_circuit_operator.py
[2024-05-12T00:43:21.829+0000] {processor.py:840} INFO - DAG(s) 'example_short_circuit_operator' retrieved from /home/airflow/.local/lib/python3.12/site-packages/airflow/example_dags/example_short_circuit_operator.py
[2024-05-12T00:43:21.841+0000] {logging_mixin.py:188} INFO - [2024-05-12T00:43:21.841+0000] {dag.py:3096} INFO - Sync 1 DAGs
[2024-05-12T00:43:21.851+0000] {logging_mixin.py:188} INFO - [2024-05-12T00:43:21.851+0000] {dag.py:3954} INFO - Setting next_dagrun for example_short_circuit_operator to 2024-05-11 00:00:00+00:00, run_after=2024-05-12 00:00:00+00:00
[2024-05-12T00:43:21.861+0000] {processor.py:183} INFO - Processing /home/airflow/.local/lib/python3.12/site-packages/airflow/example_dags/example_short_circuit_operator.py took 0.041 seconds
[2024-05-12T00:43:52.579+0000] {processor.py:161} INFO - Started process (PID=7607) to work on /home/airflow/.local/lib/python3.12/site-packages/airflow/example_dags/example_short_circuit_operator.py
[2024-05-12T00:43:52.579+0000] {processor.py:830} INFO - Processing file /home/airflow/.local/lib/python3.12/site-packages/airflow/example_dags/example_short_circuit_operator.py for tasks to queue
[2024-05-12T00:43:52.580+0000] {logging_mixin.py:188} INFO - [2024-05-12T00:43:52.580+0000] {dagbag.py:545} INFO - Filling up the DagBag from /home/airflow/.local/lib/python3.12/site-packages/airflow/example_dags/example_short_circuit_operator.py
[2024-05-12T00:43:52.584+0000] {processor.py:840} INFO - DAG(s) 'example_short_circuit_operator' retrieved from /home/airflow/.local/lib/python3.12/site-packages/airflow/example_dags/example_short_circuit_operator.py
[2024-05-12T00:43:52.595+0000] {logging_mixin.py:188} INFO - [2024-05-12T00:43:52.595+0000] {dag.py:3096} INFO - Sync 1 DAGs
[2024-05-12T00:43:52.605+0000] {logging_mixin.py:188} INFO - [2024-05-12T00:43:52.605+0000] {dag.py:3954} INFO - Setting next_dagrun for example_short_circuit_operator to 2024-05-11 00:00:00+00:00, run_after=2024-05-12 00:00:00+00:00
[2024-05-12T00:43:52.614+0000] {processor.py:183} INFO - Processing /home/airflow/.local/lib/python3.12/site-packages/airflow/example_dags/example_short_circuit_operator.py took 0.038 seconds
[2024-05-12T00:44:23.300+0000] {processor.py:161} INFO - Started process (PID=7868) to work on /home/airflow/.local/lib/python3.12/site-packages/airflow/example_dags/example_short_circuit_operator.py
[2024-05-12T00:44:23.300+0000] {processor.py:830} INFO - Processing file /home/airflow/.local/lib/python3.12/site-packages/airflow/example_dags/example_short_circuit_operator.py for tasks to queue
[2024-05-12T00:44:23.301+0000] {logging_mixin.py:188} INFO - [2024-05-12T00:44:23.301+0000] {dagbag.py:545} INFO - Filling up the DagBag from /home/airflow/.local/lib/python3.12/site-packages/airflow/example_dags/example_short_circuit_operator.py
[2024-05-12T00:44:23.305+0000] {processor.py:840} INFO - DAG(s) 'example_short_circuit_operator' retrieved from /home/airflow/.local/lib/python3.12/site-packages/airflow/example_dags/example_short_circuit_operator.py
[2024-05-12T00:44:23.316+0000] {logging_mixin.py:188} INFO - [2024-05-12T00:44:23.316+0000] {dag.py:3096} INFO - Sync 1 DAGs
[2024-05-12T00:44:23.326+0000] {logging_mixin.py:188} INFO - [2024-05-12T00:44:23.326+0000] {dag.py:3954} INFO - Setting next_dagrun for example_short_circuit_operator to 2024-05-11 00:00:00+00:00, run_after=2024-05-12 00:00:00+00:00
[2024-05-12T00:44:23.335+0000] {processor.py:183} INFO - Processing /home/airflow/.local/lib/python3.12/site-packages/airflow/example_dags/example_short_circuit_operator.py took 0.038 seconds
[2024-05-12T00:44:54.123+0000] {processor.py:161} INFO - Started process (PID=8130) to work on /home/airflow/.local/lib/python3.12/site-packages/airflow/example_dags/example_short_circuit_operator.py
[2024-05-12T00:44:54.124+0000] {processor.py:830} INFO - Processing file /home/airflow/.local/lib/python3.12/site-packages/airflow/example_dags/example_short_circuit_operator.py for tasks to queue
[2024-05-12T00:44:54.125+0000] {logging_mixin.py:188} INFO - [2024-05-12T00:44:54.125+0000] {dagbag.py:545} INFO - Filling up the DagBag from /home/airflow/.local/lib/python3.12/site-packages/airflow/example_dags/example_short_circuit_operator.py
[2024-05-12T00:44:54.130+0000] {processor.py:840} INFO - DAG(s) 'example_short_circuit_operator' retrieved from /home/airflow/.local/lib/python3.12/site-packages/airflow/example_dags/example_short_circuit_operator.py
[2024-05-12T00:44:54.144+0000] {logging_mixin.py:188} INFO - [2024-05-12T00:44:54.144+0000] {dag.py:3096} INFO - Sync 1 DAGs
[2024-05-12T00:44:54.155+0000] {logging_mixin.py:188} INFO - [2024-05-12T00:44:54.155+0000] {dag.py:3954} INFO - Setting next_dagrun for example_short_circuit_operator to 2024-05-11 00:00:00+00:00, run_after=2024-05-12 00:00:00+00:00
[2024-05-12T00:44:54.165+0000] {processor.py:183} INFO - Processing /home/airflow/.local/lib/python3.12/site-packages/airflow/example_dags/example_short_circuit_operator.py took 0.045 seconds
[2024-05-12T00:45:24.817+0000] {processor.py:161} INFO - Started process (PID=8391) to work on /home/airflow/.local/lib/python3.12/site-packages/airflow/example_dags/example_short_circuit_operator.py
[2024-05-12T00:45:24.818+0000] {processor.py:830} INFO - Processing file /home/airflow/.local/lib/python3.12/site-packages/airflow/example_dags/example_short_circuit_operator.py for tasks to queue
[2024-05-12T00:45:24.819+0000] {logging_mixin.py:188} INFO - [2024-05-12T00:45:24.819+0000] {dagbag.py:545} INFO - Filling up the DagBag from /home/airflow/.local/lib/python3.12/site-packages/airflow/example_dags/example_short_circuit_operator.py
[2024-05-12T00:45:24.823+0000] {processor.py:840} INFO - DAG(s) 'example_short_circuit_operator' retrieved from /home/airflow/.local/lib/python3.12/site-packages/airflow/example_dags/example_short_circuit_operator.py
[2024-05-12T00:45:24.835+0000] {logging_mixin.py:188} INFO - [2024-05-12T00:45:24.835+0000] {dag.py:3096} INFO - Sync 1 DAGs
[2024-05-12T00:45:24.845+0000] {logging_mixin.py:188} INFO - [2024-05-12T00:45:24.845+0000] {dag.py:3954} INFO - Setting next_dagrun for example_short_circuit_operator to 2024-05-11 00:00:00+00:00, run_after=2024-05-12 00:00:00+00:00
[2024-05-12T00:45:24.854+0000] {processor.py:183} INFO - Processing /home/airflow/.local/lib/python3.12/site-packages/airflow/example_dags/example_short_circuit_operator.py took 0.041 seconds
[2024-05-12T00:45:55.521+0000] {processor.py:161} INFO - Started process (PID=8653) to work on /home/airflow/.local/lib/python3.12/site-packages/airflow/example_dags/example_short_circuit_operator.py
[2024-05-12T00:45:55.521+0000] {processor.py:830} INFO - Processing file /home/airflow/.local/lib/python3.12/site-packages/airflow/example_dags/example_short_circuit_operator.py for tasks to queue
[2024-05-12T00:45:55.522+0000] {logging_mixin.py:188} INFO - [2024-05-12T00:45:55.522+0000] {dagbag.py:545} INFO - Filling up the DagBag from /home/airflow/.local/lib/python3.12/site-packages/airflow/example_dags/example_short_circuit_operator.py
[2024-05-12T00:45:55.526+0000] {processor.py:840} INFO - DAG(s) 'example_short_circuit_operator' retrieved from /home/airflow/.local/lib/python3.12/site-packages/airflow/example_dags/example_short_circuit_operator.py
[2024-05-12T00:45:55.538+0000] {logging_mixin.py:188} INFO - [2024-05-12T00:45:55.538+0000] {dag.py:3096} INFO - Sync 1 DAGs
[2024-05-12T00:45:55.549+0000] {logging_mixin.py:188} INFO - [2024-05-12T00:45:55.549+0000] {dag.py:3954} INFO - Setting next_dagrun for example_short_circuit_operator to 2024-05-11 00:00:00+00:00, run_after=2024-05-12 00:00:00+00:00
[2024-05-12T00:45:55.558+0000] {processor.py:183} INFO - Processing /home/airflow/.local/lib/python3.12/site-packages/airflow/example_dags/example_short_circuit_operator.py took 0.040 seconds
[2024-05-12T00:46:26.359+0000] {processor.py:161} INFO - Started process (PID=8915) to work on /home/airflow/.local/lib/python3.12/site-packages/airflow/example_dags/example_short_circuit_operator.py
[2024-05-12T00:46:26.360+0000] {processor.py:830} INFO - Processing file /home/airflow/.local/lib/python3.12/site-packages/airflow/example_dags/example_short_circuit_operator.py for tasks to queue
[2024-05-12T00:46:26.361+0000] {logging_mixin.py:188} INFO - [2024-05-12T00:46:26.360+0000] {dagbag.py:545} INFO - Filling up the DagBag from /home/airflow/.local/lib/python3.12/site-packages/airflow/example_dags/example_short_circuit_operator.py
[2024-05-12T00:46:26.365+0000] {processor.py:840} INFO - DAG(s) 'example_short_circuit_operator' retrieved from /home/airflow/.local/lib/python3.12/site-packages/airflow/example_dags/example_short_circuit_operator.py
[2024-05-12T00:46:26.376+0000] {logging_mixin.py:188} INFO - [2024-05-12T00:46:26.376+0000] {dag.py:3096} INFO - Sync 1 DAGs
[2024-05-12T00:46:26.388+0000] {logging_mixin.py:188} INFO - [2024-05-12T00:46:26.388+0000] {dag.py:3954} INFO - Setting next_dagrun for example_short_circuit_operator to 2024-05-11 00:00:00+00:00, run_after=2024-05-12 00:00:00+00:00
[2024-05-12T00:46:26.397+0000] {processor.py:183} INFO - Processing /home/airflow/.local/lib/python3.12/site-packages/airflow/example_dags/example_short_circuit_operator.py took 0.041 seconds
[2024-05-12T00:46:57.169+0000] {processor.py:161} INFO - Started process (PID=9179) to work on /home/airflow/.local/lib/python3.12/site-packages/airflow/example_dags/example_short_circuit_operator.py
[2024-05-12T00:46:57.170+0000] {processor.py:830} INFO - Processing file /home/airflow/.local/lib/python3.12/site-packages/airflow/example_dags/example_short_circuit_operator.py for tasks to queue
[2024-05-12T00:46:57.171+0000] {logging_mixin.py:188} INFO - [2024-05-12T00:46:57.171+0000] {dagbag.py:545} INFO - Filling up the DagBag from /home/airflow/.local/lib/python3.12/site-packages/airflow/example_dags/example_short_circuit_operator.py
[2024-05-12T00:46:57.174+0000] {processor.py:840} INFO - DAG(s) 'example_short_circuit_operator' retrieved from /home/airflow/.local/lib/python3.12/site-packages/airflow/example_dags/example_short_circuit_operator.py
[2024-05-12T00:46:57.186+0000] {logging_mixin.py:188} INFO - [2024-05-12T00:46:57.186+0000] {dag.py:3096} INFO - Sync 1 DAGs
[2024-05-12T00:46:57.195+0000] {logging_mixin.py:188} INFO - [2024-05-12T00:46:57.195+0000] {dag.py:3954} INFO - Setting next_dagrun for example_short_circuit_operator to 2024-05-11 00:00:00+00:00, run_after=2024-05-12 00:00:00+00:00
[2024-05-12T00:46:57.288+0000] {processor.py:183} INFO - Processing /home/airflow/.local/lib/python3.12/site-packages/airflow/example_dags/example_short_circuit_operator.py took 0.122 seconds
[2024-05-12T00:47:28.081+0000] {processor.py:161} INFO - Started process (PID=9438) to work on /home/airflow/.local/lib/python3.12/site-packages/airflow/example_dags/example_short_circuit_operator.py
[2024-05-12T00:47:28.081+0000] {processor.py:830} INFO - Processing file /home/airflow/.local/lib/python3.12/site-packages/airflow/example_dags/example_short_circuit_operator.py for tasks to queue
[2024-05-12T00:47:28.082+0000] {logging_mixin.py:188} INFO - [2024-05-12T00:47:28.082+0000] {dagbag.py:545} INFO - Filling up the DagBag from /home/airflow/.local/lib/python3.12/site-packages/airflow/example_dags/example_short_circuit_operator.py
[2024-05-12T00:47:28.086+0000] {processor.py:840} INFO - DAG(s) 'example_short_circuit_operator' retrieved from /home/airflow/.local/lib/python3.12/site-packages/airflow/example_dags/example_short_circuit_operator.py
[2024-05-12T00:47:28.097+0000] {logging_mixin.py:188} INFO - [2024-05-12T00:47:28.097+0000] {dag.py:3096} INFO - Sync 1 DAGs
[2024-05-12T00:47:28.107+0000] {logging_mixin.py:188} INFO - [2024-05-12T00:47:28.107+0000] {dag.py:3954} INFO - Setting next_dagrun for example_short_circuit_operator to 2024-05-11 00:00:00+00:00, run_after=2024-05-12 00:00:00+00:00
[2024-05-12T00:47:28.116+0000] {processor.py:183} INFO - Processing /home/airflow/.local/lib/python3.12/site-packages/airflow/example_dags/example_short_circuit_operator.py took 0.038 seconds
[2024-05-12T00:47:58.933+0000] {processor.py:161} INFO - Started process (PID=9700) to work on /home/airflow/.local/lib/python3.12/site-packages/airflow/example_dags/example_short_circuit_operator.py
[2024-05-12T00:47:58.933+0000] {processor.py:830} INFO - Processing file /home/airflow/.local/lib/python3.12/site-packages/airflow/example_dags/example_short_circuit_operator.py for tasks to queue
[2024-05-12T00:47:58.934+0000] {logging_mixin.py:188} INFO - [2024-05-12T00:47:58.934+0000] {dagbag.py:545} INFO - Filling up the DagBag from /home/airflow/.local/lib/python3.12/site-packages/airflow/example_dags/example_short_circuit_operator.py
[2024-05-12T00:47:58.938+0000] {processor.py:840} INFO - DAG(s) 'example_short_circuit_operator' retrieved from /home/airflow/.local/lib/python3.12/site-packages/airflow/example_dags/example_short_circuit_operator.py
[2024-05-12T00:47:58.949+0000] {logging_mixin.py:188} INFO - [2024-05-12T00:47:58.949+0000] {dag.py:3096} INFO - Sync 1 DAGs
[2024-05-12T00:47:58.959+0000] {logging_mixin.py:188} INFO - [2024-05-12T00:47:58.959+0000] {dag.py:3954} INFO - Setting next_dagrun for example_short_circuit_operator to 2024-05-11 00:00:00+00:00, run_after=2024-05-12 00:00:00+00:00
[2024-05-12T00:47:58.968+0000] {processor.py:183} INFO - Processing /home/airflow/.local/lib/python3.12/site-packages/airflow/example_dags/example_short_circuit_operator.py took 0.038 seconds
[2024-05-12T00:48:29.744+0000] {processor.py:161} INFO - Started process (PID=9962) to work on /home/airflow/.local/lib/python3.12/site-packages/airflow/example_dags/example_short_circuit_operator.py
[2024-05-12T00:48:29.745+0000] {processor.py:830} INFO - Processing file /home/airflow/.local/lib/python3.12/site-packages/airflow/example_dags/example_short_circuit_operator.py for tasks to queue
[2024-05-12T00:48:29.746+0000] {logging_mixin.py:188} INFO - [2024-05-12T00:48:29.745+0000] {dagbag.py:545} INFO - Filling up the DagBag from /home/airflow/.local/lib/python3.12/site-packages/airflow/example_dags/example_short_circuit_operator.py
[2024-05-12T00:48:29.749+0000] {processor.py:840} INFO - DAG(s) 'example_short_circuit_operator' retrieved from /home/airflow/.local/lib/python3.12/site-packages/airflow/example_dags/example_short_circuit_operator.py
[2024-05-12T00:48:29.760+0000] {logging_mixin.py:188} INFO - [2024-05-12T00:48:29.760+0000] {dag.py:3096} INFO - Sync 1 DAGs
[2024-05-12T00:48:29.771+0000] {logging_mixin.py:188} INFO - [2024-05-12T00:48:29.770+0000] {dag.py:3954} INFO - Setting next_dagrun for example_short_circuit_operator to 2024-05-11 00:00:00+00:00, run_after=2024-05-12 00:00:00+00:00
[2024-05-12T00:48:29.779+0000] {processor.py:183} INFO - Processing /home/airflow/.local/lib/python3.12/site-packages/airflow/example_dags/example_short_circuit_operator.py took 0.038 seconds
[2024-05-12T00:48:59.915+0000] {processor.py:161} INFO - Started process (PID=10224) to work on /home/airflow/.local/lib/python3.12/site-packages/airflow/example_dags/example_short_circuit_operator.py
[2024-05-12T00:48:59.916+0000] {processor.py:830} INFO - Processing file /home/airflow/.local/lib/python3.12/site-packages/airflow/example_dags/example_short_circuit_operator.py for tasks to queue
[2024-05-12T00:48:59.917+0000] {logging_mixin.py:188} INFO - [2024-05-12T00:48:59.917+0000] {dagbag.py:545} INFO - Filling up the DagBag from /home/airflow/.local/lib/python3.12/site-packages/airflow/example_dags/example_short_circuit_operator.py
[2024-05-12T00:48:59.921+0000] {processor.py:840} INFO - DAG(s) 'example_short_circuit_operator' retrieved from /home/airflow/.local/lib/python3.12/site-packages/airflow/example_dags/example_short_circuit_operator.py
[2024-05-12T00:48:59.932+0000] {logging_mixin.py:188} INFO - [2024-05-12T00:48:59.932+0000] {dag.py:3096} INFO - Sync 1 DAGs
[2024-05-12T00:48:59.942+0000] {logging_mixin.py:188} INFO - [2024-05-12T00:48:59.942+0000] {dag.py:3954} INFO - Setting next_dagrun for example_short_circuit_operator to 2024-05-11 00:00:00+00:00, run_after=2024-05-12 00:00:00+00:00
[2024-05-12T00:48:59.950+0000] {processor.py:183} INFO - Processing /home/airflow/.local/lib/python3.12/site-packages/airflow/example_dags/example_short_circuit_operator.py took 0.038 seconds
[2024-05-12T01:06:45.659+0000] {processor.py:161} INFO - Started process (PID=10486) to work on /home/airflow/.local/lib/python3.12/site-packages/airflow/example_dags/example_short_circuit_operator.py
[2024-05-12T01:06:45.660+0000] {processor.py:830} INFO - Processing file /home/airflow/.local/lib/python3.12/site-packages/airflow/example_dags/example_short_circuit_operator.py for tasks to queue
[2024-05-12T01:06:45.661+0000] {logging_mixin.py:188} INFO - [2024-05-12T01:06:45.661+0000] {dagbag.py:545} INFO - Filling up the DagBag from /home/airflow/.local/lib/python3.12/site-packages/airflow/example_dags/example_short_circuit_operator.py
[2024-05-12T01:06:45.665+0000] {processor.py:840} INFO - DAG(s) 'example_short_circuit_operator' retrieved from /home/airflow/.local/lib/python3.12/site-packages/airflow/example_dags/example_short_circuit_operator.py
[2024-05-12T01:06:45.676+0000] {logging_mixin.py:188} INFO - [2024-05-12T01:06:45.676+0000] {dag.py:3096} INFO - Sync 1 DAGs
[2024-05-12T01:06:45.686+0000] {logging_mixin.py:188} INFO - [2024-05-12T01:06:45.686+0000] {dag.py:3954} INFO - Setting next_dagrun for example_short_circuit_operator to 2024-05-11 00:00:00+00:00, run_after=2024-05-12 00:00:00+00:00
[2024-05-12T01:06:45.695+0000] {processor.py:183} INFO - Processing /home/airflow/.local/lib/python3.12/site-packages/airflow/example_dags/example_short_circuit_operator.py took 0.039 seconds
[2024-05-12T01:10:17.733+0000] {processor.py:161} INFO - Started process (PID=10749) to work on /home/airflow/.local/lib/python3.12/site-packages/airflow/example_dags/example_short_circuit_operator.py
[2024-05-12T01:10:17.733+0000] {processor.py:830} INFO - Processing file /home/airflow/.local/lib/python3.12/site-packages/airflow/example_dags/example_short_circuit_operator.py for tasks to queue
[2024-05-12T01:10:17.734+0000] {logging_mixin.py:188} INFO - [2024-05-12T01:10:17.734+0000] {dagbag.py:545} INFO - Filling up the DagBag from /home/airflow/.local/lib/python3.12/site-packages/airflow/example_dags/example_short_circuit_operator.py
[2024-05-12T01:10:17.738+0000] {processor.py:840} INFO - DAG(s) 'example_short_circuit_operator' retrieved from /home/airflow/.local/lib/python3.12/site-packages/airflow/example_dags/example_short_circuit_operator.py
[2024-05-12T01:10:17.750+0000] {logging_mixin.py:188} INFO - [2024-05-12T01:10:17.750+0000] {dag.py:3096} INFO - Sync 1 DAGs
[2024-05-12T01:10:17.761+0000] {logging_mixin.py:188} INFO - [2024-05-12T01:10:17.761+0000] {dag.py:3954} INFO - Setting next_dagrun for example_short_circuit_operator to 2024-05-11 00:00:00+00:00, run_after=2024-05-12 00:00:00+00:00
[2024-05-12T01:10:17.771+0000] {processor.py:183} INFO - Processing /home/airflow/.local/lib/python3.12/site-packages/airflow/example_dags/example_short_circuit_operator.py took 0.041 seconds
[2024-05-12T01:10:48.701+0000] {processor.py:161} INFO - Started process (PID=11011) to work on /home/airflow/.local/lib/python3.12/site-packages/airflow/example_dags/example_short_circuit_operator.py
[2024-05-12T01:10:48.701+0000] {processor.py:830} INFO - Processing file /home/airflow/.local/lib/python3.12/site-packages/airflow/example_dags/example_short_circuit_operator.py for tasks to queue
[2024-05-12T01:10:48.702+0000] {logging_mixin.py:188} INFO - [2024-05-12T01:10:48.702+0000] {dagbag.py:545} INFO - Filling up the DagBag from /home/airflow/.local/lib/python3.12/site-packages/airflow/example_dags/example_short_circuit_operator.py
[2024-05-12T01:10:48.706+0000] {processor.py:840} INFO - DAG(s) 'example_short_circuit_operator' retrieved from /home/airflow/.local/lib/python3.12/site-packages/airflow/example_dags/example_short_circuit_operator.py
[2024-05-12T01:10:48.719+0000] {logging_mixin.py:188} INFO - [2024-05-12T01:10:48.719+0000] {dag.py:3096} INFO - Sync 1 DAGs
[2024-05-12T01:10:48.814+0000] {logging_mixin.py:188} INFO - [2024-05-12T01:10:48.814+0000] {dag.py:3954} INFO - Setting next_dagrun for example_short_circuit_operator to 2024-05-11 00:00:00+00:00, run_after=2024-05-12 00:00:00+00:00
[2024-05-12T01:10:48.823+0000] {processor.py:183} INFO - Processing /home/airflow/.local/lib/python3.12/site-packages/airflow/example_dags/example_short_circuit_operator.py took 0.126 seconds
[2024-05-12T01:11:18.991+0000] {processor.py:161} INFO - Started process (PID=11273) to work on /home/airflow/.local/lib/python3.12/site-packages/airflow/example_dags/example_short_circuit_operator.py
[2024-05-12T01:11:18.991+0000] {processor.py:830} INFO - Processing file /home/airflow/.local/lib/python3.12/site-packages/airflow/example_dags/example_short_circuit_operator.py for tasks to queue
[2024-05-12T01:11:18.992+0000] {logging_mixin.py:188} INFO - [2024-05-12T01:11:18.992+0000] {dagbag.py:545} INFO - Filling up the DagBag from /home/airflow/.local/lib/python3.12/site-packages/airflow/example_dags/example_short_circuit_operator.py
[2024-05-12T01:11:18.996+0000] {processor.py:840} INFO - DAG(s) 'example_short_circuit_operator' retrieved from /home/airflow/.local/lib/python3.12/site-packages/airflow/example_dags/example_short_circuit_operator.py
[2024-05-12T01:11:19.008+0000] {logging_mixin.py:188} INFO - [2024-05-12T01:11:19.008+0000] {dag.py:3096} INFO - Sync 1 DAGs
[2024-05-12T01:11:19.089+0000] {logging_mixin.py:188} INFO - [2024-05-12T01:11:19.089+0000] {dag.py:3954} INFO - Setting next_dagrun for example_short_circuit_operator to 2024-05-11 00:00:00+00:00, run_after=2024-05-12 00:00:00+00:00
[2024-05-12T01:11:19.097+0000] {processor.py:183} INFO - Processing /home/airflow/.local/lib/python3.12/site-packages/airflow/example_dags/example_short_circuit_operator.py took 0.109 seconds
[2024-05-12T01:11:50.071+0000] {processor.py:161} INFO - Started process (PID=11535) to work on /home/airflow/.local/lib/python3.12/site-packages/airflow/example_dags/example_short_circuit_operator.py
[2024-05-12T01:11:50.072+0000] {processor.py:830} INFO - Processing file /home/airflow/.local/lib/python3.12/site-packages/airflow/example_dags/example_short_circuit_operator.py for tasks to queue
[2024-05-12T01:11:50.074+0000] {logging_mixin.py:188} INFO - [2024-05-12T01:11:50.073+0000] {dagbag.py:545} INFO - Filling up the DagBag from /home/airflow/.local/lib/python3.12/site-packages/airflow/example_dags/example_short_circuit_operator.py
[2024-05-12T01:11:50.081+0000] {processor.py:840} INFO - DAG(s) 'example_short_circuit_operator' retrieved from /home/airflow/.local/lib/python3.12/site-packages/airflow/example_dags/example_short_circuit_operator.py
[2024-05-12T01:11:50.098+0000] {logging_mixin.py:188} INFO - [2024-05-12T01:11:50.098+0000] {dag.py:3096} INFO - Sync 1 DAGs
[2024-05-12T01:11:50.111+0000] {logging_mixin.py:188} INFO - [2024-05-12T01:11:50.111+0000] {dag.py:3954} INFO - Setting next_dagrun for example_short_circuit_operator to 2024-05-11 00:00:00+00:00, run_after=2024-05-12 00:00:00+00:00
[2024-05-12T01:11:50.121+0000] {processor.py:183} INFO - Processing /home/airflow/.local/lib/python3.12/site-packages/airflow/example_dags/example_short_circuit_operator.py took 0.055 seconds
[2024-05-12T01:12:21.006+0000] {processor.py:161} INFO - Started process (PID=11797) to work on /home/airflow/.local/lib/python3.12/site-packages/airflow/example_dags/example_short_circuit_operator.py
[2024-05-12T01:12:21.008+0000] {processor.py:830} INFO - Processing file /home/airflow/.local/lib/python3.12/site-packages/airflow/example_dags/example_short_circuit_operator.py for tasks to queue
[2024-05-12T01:12:21.011+0000] {logging_mixin.py:188} INFO - [2024-05-12T01:12:21.010+0000] {dagbag.py:545} INFO - Filling up the DagBag from /home/airflow/.local/lib/python3.12/site-packages/airflow/example_dags/example_short_circuit_operator.py
[2024-05-12T01:12:21.019+0000] {processor.py:840} INFO - DAG(s) 'example_short_circuit_operator' retrieved from /home/airflow/.local/lib/python3.12/site-packages/airflow/example_dags/example_short_circuit_operator.py
[2024-05-12T01:12:21.038+0000] {logging_mixin.py:188} INFO - [2024-05-12T01:12:21.037+0000] {dag.py:3096} INFO - Sync 1 DAGs
[2024-05-12T01:12:21.050+0000] {logging_mixin.py:188} INFO - [2024-05-12T01:12:21.050+0000] {dag.py:3954} INFO - Setting next_dagrun for example_short_circuit_operator to 2024-05-11 00:00:00+00:00, run_after=2024-05-12 00:00:00+00:00
[2024-05-12T01:12:21.060+0000] {processor.py:183} INFO - Processing /home/airflow/.local/lib/python3.12/site-packages/airflow/example_dags/example_short_circuit_operator.py took 0.061 seconds
[2024-05-12T01:12:51.910+0000] {processor.py:161} INFO - Started process (PID=12059) to work on /home/airflow/.local/lib/python3.12/site-packages/airflow/example_dags/example_short_circuit_operator.py
[2024-05-12T01:12:51.912+0000] {processor.py:830} INFO - Processing file /home/airflow/.local/lib/python3.12/site-packages/airflow/example_dags/example_short_circuit_operator.py for tasks to queue
[2024-05-12T01:12:51.915+0000] {logging_mixin.py:188} INFO - [2024-05-12T01:12:51.914+0000] {dagbag.py:545} INFO - Filling up the DagBag from /home/airflow/.local/lib/python3.12/site-packages/airflow/example_dags/example_short_circuit_operator.py
[2024-05-12T01:12:51.924+0000] {processor.py:840} INFO - DAG(s) 'example_short_circuit_operator' retrieved from /home/airflow/.local/lib/python3.12/site-packages/airflow/example_dags/example_short_circuit_operator.py
[2024-05-12T01:12:51.946+0000] {logging_mixin.py:188} INFO - [2024-05-12T01:12:51.946+0000] {dag.py:3096} INFO - Sync 1 DAGs
[2024-05-12T01:12:51.958+0000] {logging_mixin.py:188} INFO - [2024-05-12T01:12:51.958+0000] {dag.py:3954} INFO - Setting next_dagrun for example_short_circuit_operator to 2024-05-11 00:00:00+00:00, run_after=2024-05-12 00:00:00+00:00
[2024-05-12T01:12:51.967+0000] {processor.py:183} INFO - Processing /home/airflow/.local/lib/python3.12/site-packages/airflow/example_dags/example_short_circuit_operator.py took 0.065 seconds
[2024-05-12T01:13:22.762+0000] {processor.py:161} INFO - Started process (PID=12320) to work on /home/airflow/.local/lib/python3.12/site-packages/airflow/example_dags/example_short_circuit_operator.py
[2024-05-12T01:13:22.763+0000] {processor.py:830} INFO - Processing file /home/airflow/.local/lib/python3.12/site-packages/airflow/example_dags/example_short_circuit_operator.py for tasks to queue
[2024-05-12T01:13:22.764+0000] {logging_mixin.py:188} INFO - [2024-05-12T01:13:22.764+0000] {dagbag.py:545} INFO - Filling up the DagBag from /home/airflow/.local/lib/python3.12/site-packages/airflow/example_dags/example_short_circuit_operator.py
[2024-05-12T01:13:22.769+0000] {processor.py:840} INFO - DAG(s) 'example_short_circuit_operator' retrieved from /home/airflow/.local/lib/python3.12/site-packages/airflow/example_dags/example_short_circuit_operator.py
[2024-05-12T01:13:22.781+0000] {logging_mixin.py:188} INFO - [2024-05-12T01:13:22.781+0000] {dag.py:3096} INFO - Sync 1 DAGs
[2024-05-12T01:13:22.792+0000] {logging_mixin.py:188} INFO - [2024-05-12T01:13:22.792+0000] {dag.py:3954} INFO - Setting next_dagrun for example_short_circuit_operator to 2024-05-11 00:00:00+00:00, run_after=2024-05-12 00:00:00+00:00
[2024-05-12T01:13:22.800+0000] {processor.py:183} INFO - Processing /home/airflow/.local/lib/python3.12/site-packages/airflow/example_dags/example_short_circuit_operator.py took 0.042 seconds
[2024-05-12T01:13:53.718+0000] {processor.py:161} INFO - Started process (PID=12582) to work on /home/airflow/.local/lib/python3.12/site-packages/airflow/example_dags/example_short_circuit_operator.py
[2024-05-12T01:13:53.720+0000] {processor.py:830} INFO - Processing file /home/airflow/.local/lib/python3.12/site-packages/airflow/example_dags/example_short_circuit_operator.py for tasks to queue
[2024-05-12T01:13:53.722+0000] {logging_mixin.py:188} INFO - [2024-05-12T01:13:53.722+0000] {dagbag.py:545} INFO - Filling up the DagBag from /home/airflow/.local/lib/python3.12/site-packages/airflow/example_dags/example_short_circuit_operator.py
[2024-05-12T01:13:53.729+0000] {processor.py:840} INFO - DAG(s) 'example_short_circuit_operator' retrieved from /home/airflow/.local/lib/python3.12/site-packages/airflow/example_dags/example_short_circuit_operator.py
[2024-05-12T01:13:53.749+0000] {logging_mixin.py:188} INFO - [2024-05-12T01:13:53.749+0000] {dag.py:3096} INFO - Sync 1 DAGs
[2024-05-12T01:13:53.763+0000] {logging_mixin.py:188} INFO - [2024-05-12T01:13:53.763+0000] {dag.py:3954} INFO - Setting next_dagrun for example_short_circuit_operator to 2024-05-11 00:00:00+00:00, run_after=2024-05-12 00:00:00+00:00
[2024-05-12T01:13:53.773+0000] {processor.py:183} INFO - Processing /home/airflow/.local/lib/python3.12/site-packages/airflow/example_dags/example_short_circuit_operator.py took 0.060 seconds
[2024-05-12T01:14:24.689+0000] {processor.py:161} INFO - Started process (PID=12843) to work on /home/airflow/.local/lib/python3.12/site-packages/airflow/example_dags/example_short_circuit_operator.py
[2024-05-12T01:14:24.693+0000] {processor.py:830} INFO - Processing file /home/airflow/.local/lib/python3.12/site-packages/airflow/example_dags/example_short_circuit_operator.py for tasks to queue
[2024-05-12T01:14:24.695+0000] {logging_mixin.py:188} INFO - [2024-05-12T01:14:24.695+0000] {dagbag.py:545} INFO - Filling up the DagBag from /home/airflow/.local/lib/python3.12/site-packages/airflow/example_dags/example_short_circuit_operator.py
[2024-05-12T01:14:24.703+0000] {processor.py:840} INFO - DAG(s) 'example_short_circuit_operator' retrieved from /home/airflow/.local/lib/python3.12/site-packages/airflow/example_dags/example_short_circuit_operator.py
[2024-05-12T01:14:24.720+0000] {logging_mixin.py:188} INFO - [2024-05-12T01:14:24.719+0000] {dag.py:3096} INFO - Sync 1 DAGs
[2024-05-12T01:14:24.733+0000] {logging_mixin.py:188} INFO - [2024-05-12T01:14:24.733+0000] {dag.py:3954} INFO - Setting next_dagrun for example_short_circuit_operator to 2024-05-11 00:00:00+00:00, run_after=2024-05-12 00:00:00+00:00
[2024-05-12T01:14:24.742+0000] {processor.py:183} INFO - Processing /home/airflow/.local/lib/python3.12/site-packages/airflow/example_dags/example_short_circuit_operator.py took 0.060 seconds
[2024-05-12T01:14:55.563+0000] {processor.py:161} INFO - Started process (PID=13105) to work on /home/airflow/.local/lib/python3.12/site-packages/airflow/example_dags/example_short_circuit_operator.py
[2024-05-12T01:14:55.564+0000] {processor.py:830} INFO - Processing file /home/airflow/.local/lib/python3.12/site-packages/airflow/example_dags/example_short_circuit_operator.py for tasks to queue
[2024-05-12T01:14:55.567+0000] {logging_mixin.py:188} INFO - [2024-05-12T01:14:55.567+0000] {dagbag.py:545} INFO - Filling up the DagBag from /home/airflow/.local/lib/python3.12/site-packages/airflow/example_dags/example_short_circuit_operator.py
[2024-05-12T01:14:55.576+0000] {processor.py:840} INFO - DAG(s) 'example_short_circuit_operator' retrieved from /home/airflow/.local/lib/python3.12/site-packages/airflow/example_dags/example_short_circuit_operator.py
[2024-05-12T01:14:55.599+0000] {logging_mixin.py:188} INFO - [2024-05-12T01:14:55.599+0000] {dag.py:3096} INFO - Sync 1 DAGs
[2024-05-12T01:14:55.612+0000] {logging_mixin.py:188} INFO - [2024-05-12T01:14:55.611+0000] {dag.py:3954} INFO - Setting next_dagrun for example_short_circuit_operator to 2024-05-11 00:00:00+00:00, run_after=2024-05-12 00:00:00+00:00
[2024-05-12T01:14:55.621+0000] {processor.py:183} INFO - Processing /home/airflow/.local/lib/python3.12/site-packages/airflow/example_dags/example_short_circuit_operator.py took 0.067 seconds
[2024-05-12T01:15:26.549+0000] {processor.py:161} INFO - Started process (PID=13367) to work on /home/airflow/.local/lib/python3.12/site-packages/airflow/example_dags/example_short_circuit_operator.py
[2024-05-12T01:15:26.550+0000] {processor.py:830} INFO - Processing file /home/airflow/.local/lib/python3.12/site-packages/airflow/example_dags/example_short_circuit_operator.py for tasks to queue
[2024-05-12T01:15:26.552+0000] {logging_mixin.py:188} INFO - [2024-05-12T01:15:26.551+0000] {dagbag.py:545} INFO - Filling up the DagBag from /home/airflow/.local/lib/python3.12/site-packages/airflow/example_dags/example_short_circuit_operator.py
[2024-05-12T01:15:26.558+0000] {processor.py:840} INFO - DAG(s) 'example_short_circuit_operator' retrieved from /home/airflow/.local/lib/python3.12/site-packages/airflow/example_dags/example_short_circuit_operator.py
[2024-05-12T01:15:26.575+0000] {logging_mixin.py:188} INFO - [2024-05-12T01:15:26.575+0000] {dag.py:3096} INFO - Sync 1 DAGs
[2024-05-12T01:15:26.588+0000] {logging_mixin.py:188} INFO - [2024-05-12T01:15:26.588+0000] {dag.py:3954} INFO - Setting next_dagrun for example_short_circuit_operator to 2024-05-11 00:00:00+00:00, run_after=2024-05-12 00:00:00+00:00
[2024-05-12T01:15:26.597+0000] {processor.py:183} INFO - Processing /home/airflow/.local/lib/python3.12/site-packages/airflow/example_dags/example_short_circuit_operator.py took 0.056 seconds
[2024-05-12T01:15:57.469+0000] {processor.py:161} INFO - Started process (PID=13629) to work on /home/airflow/.local/lib/python3.12/site-packages/airflow/example_dags/example_short_circuit_operator.py
[2024-05-12T01:15:57.470+0000] {processor.py:830} INFO - Processing file /home/airflow/.local/lib/python3.12/site-packages/airflow/example_dags/example_short_circuit_operator.py for tasks to queue
[2024-05-12T01:15:57.473+0000] {logging_mixin.py:188} INFO - [2024-05-12T01:15:57.472+0000] {dagbag.py:545} INFO - Filling up the DagBag from /home/airflow/.local/lib/python3.12/site-packages/airflow/example_dags/example_short_circuit_operator.py
[2024-05-12T01:15:57.482+0000] {processor.py:840} INFO - DAG(s) 'example_short_circuit_operator' retrieved from /home/airflow/.local/lib/python3.12/site-packages/airflow/example_dags/example_short_circuit_operator.py
[2024-05-12T01:15:57.498+0000] {logging_mixin.py:188} INFO - [2024-05-12T01:15:57.497+0000] {dag.py:3096} INFO - Sync 1 DAGs
[2024-05-12T01:15:57.509+0000] {logging_mixin.py:188} INFO - [2024-05-12T01:15:57.509+0000] {dag.py:3954} INFO - Setting next_dagrun for example_short_circuit_operator to 2024-05-11 00:00:00+00:00, run_after=2024-05-12 00:00:00+00:00
[2024-05-12T01:15:57.518+0000] {processor.py:183} INFO - Processing /home/airflow/.local/lib/python3.12/site-packages/airflow/example_dags/example_short_circuit_operator.py took 0.058 seconds
[2024-05-12T01:16:28.224+0000] {processor.py:161} INFO - Started process (PID=13891) to work on /home/airflow/.local/lib/python3.12/site-packages/airflow/example_dags/example_short_circuit_operator.py
[2024-05-12T01:16:28.226+0000] {processor.py:830} INFO - Processing file /home/airflow/.local/lib/python3.12/site-packages/airflow/example_dags/example_short_circuit_operator.py for tasks to queue
[2024-05-12T01:16:28.228+0000] {logging_mixin.py:188} INFO - [2024-05-12T01:16:28.227+0000] {dagbag.py:545} INFO - Filling up the DagBag from /home/airflow/.local/lib/python3.12/site-packages/airflow/example_dags/example_short_circuit_operator.py
[2024-05-12T01:16:28.236+0000] {processor.py:840} INFO - DAG(s) 'example_short_circuit_operator' retrieved from /home/airflow/.local/lib/python3.12/site-packages/airflow/example_dags/example_short_circuit_operator.py
[2024-05-12T01:16:28.251+0000] {logging_mixin.py:188} INFO - [2024-05-12T01:16:28.251+0000] {dag.py:3096} INFO - Sync 1 DAGs
[2024-05-12T01:16:28.262+0000] {logging_mixin.py:188} INFO - [2024-05-12T01:16:28.262+0000] {dag.py:3954} INFO - Setting next_dagrun for example_short_circuit_operator to 2024-05-11 00:00:00+00:00, run_after=2024-05-12 00:00:00+00:00
[2024-05-12T01:16:28.271+0000] {processor.py:183} INFO - Processing /home/airflow/.local/lib/python3.12/site-packages/airflow/example_dags/example_short_circuit_operator.py took 0.054 seconds
[2024-05-12T01:16:58.940+0000] {processor.py:161} INFO - Started process (PID=14153) to work on /home/airflow/.local/lib/python3.12/site-packages/airflow/example_dags/example_short_circuit_operator.py
[2024-05-12T01:16:58.940+0000] {processor.py:830} INFO - Processing file /home/airflow/.local/lib/python3.12/site-packages/airflow/example_dags/example_short_circuit_operator.py for tasks to queue
[2024-05-12T01:16:58.942+0000] {logging_mixin.py:188} INFO - [2024-05-12T01:16:58.941+0000] {dagbag.py:545} INFO - Filling up the DagBag from /home/airflow/.local/lib/python3.12/site-packages/airflow/example_dags/example_short_circuit_operator.py
[2024-05-12T01:16:58.947+0000] {processor.py:840} INFO - DAG(s) 'example_short_circuit_operator' retrieved from /home/airflow/.local/lib/python3.12/site-packages/airflow/example_dags/example_short_circuit_operator.py
[2024-05-12T01:16:58.962+0000] {logging_mixin.py:188} INFO - [2024-05-12T01:16:58.962+0000] {dag.py:3096} INFO - Sync 1 DAGs
[2024-05-12T01:16:58.976+0000] {logging_mixin.py:188} INFO - [2024-05-12T01:16:58.976+0000] {dag.py:3954} INFO - Setting next_dagrun for example_short_circuit_operator to 2024-05-11 00:00:00+00:00, run_after=2024-05-12 00:00:00+00:00
[2024-05-12T01:16:58.986+0000] {processor.py:183} INFO - Processing /home/airflow/.local/lib/python3.12/site-packages/airflow/example_dags/example_short_circuit_operator.py took 0.052 seconds
[2024-05-12T01:17:29.733+0000] {processor.py:161} INFO - Started process (PID=14415) to work on /home/airflow/.local/lib/python3.12/site-packages/airflow/example_dags/example_short_circuit_operator.py
[2024-05-12T01:17:29.735+0000] {processor.py:830} INFO - Processing file /home/airflow/.local/lib/python3.12/site-packages/airflow/example_dags/example_short_circuit_operator.py for tasks to queue
[2024-05-12T01:17:29.737+0000] {logging_mixin.py:188} INFO - [2024-05-12T01:17:29.737+0000] {dagbag.py:545} INFO - Filling up the DagBag from /home/airflow/.local/lib/python3.12/site-packages/airflow/example_dags/example_short_circuit_operator.py
[2024-05-12T01:17:29.746+0000] {processor.py:840} INFO - DAG(s) 'example_short_circuit_operator' retrieved from /home/airflow/.local/lib/python3.12/site-packages/airflow/example_dags/example_short_circuit_operator.py
[2024-05-12T01:17:29.767+0000] {logging_mixin.py:188} INFO - [2024-05-12T01:17:29.767+0000] {dag.py:3096} INFO - Sync 1 DAGs
[2024-05-12T01:17:29.778+0000] {logging_mixin.py:188} INFO - [2024-05-12T01:17:29.778+0000] {dag.py:3954} INFO - Setting next_dagrun for example_short_circuit_operator to 2024-05-11 00:00:00+00:00, run_after=2024-05-12 00:00:00+00:00
[2024-05-12T01:17:29.787+0000] {processor.py:183} INFO - Processing /home/airflow/.local/lib/python3.12/site-packages/airflow/example_dags/example_short_circuit_operator.py took 0.062 seconds
[2024-05-12T01:18:00.597+0000] {processor.py:161} INFO - Started process (PID=14677) to work on /home/airflow/.local/lib/python3.12/site-packages/airflow/example_dags/example_short_circuit_operator.py
[2024-05-12T01:18:00.598+0000] {processor.py:830} INFO - Processing file /home/airflow/.local/lib/python3.12/site-packages/airflow/example_dags/example_short_circuit_operator.py for tasks to queue
[2024-05-12T01:18:00.601+0000] {logging_mixin.py:188} INFO - [2024-05-12T01:18:00.600+0000] {dagbag.py:545} INFO - Filling up the DagBag from /home/airflow/.local/lib/python3.12/site-packages/airflow/example_dags/example_short_circuit_operator.py
[2024-05-12T01:18:00.608+0000] {processor.py:840} INFO - DAG(s) 'example_short_circuit_operator' retrieved from /home/airflow/.local/lib/python3.12/site-packages/airflow/example_dags/example_short_circuit_operator.py
[2024-05-12T01:18:00.624+0000] {logging_mixin.py:188} INFO - [2024-05-12T01:18:00.624+0000] {dag.py:3096} INFO - Sync 1 DAGs
[2024-05-12T01:18:00.636+0000] {logging_mixin.py:188} INFO - [2024-05-12T01:18:00.636+0000] {dag.py:3954} INFO - Setting next_dagrun for example_short_circuit_operator to 2024-05-11 00:00:00+00:00, run_after=2024-05-12 00:00:00+00:00
[2024-05-12T01:18:00.645+0000] {processor.py:183} INFO - Processing /home/airflow/.local/lib/python3.12/site-packages/airflow/example_dags/example_short_circuit_operator.py took 0.056 seconds
[2024-05-12T01:18:31.449+0000] {processor.py:161} INFO - Started process (PID=14939) to work on /home/airflow/.local/lib/python3.12/site-packages/airflow/example_dags/example_short_circuit_operator.py
[2024-05-12T01:18:31.450+0000] {processor.py:830} INFO - Processing file /home/airflow/.local/lib/python3.12/site-packages/airflow/example_dags/example_short_circuit_operator.py for tasks to queue
[2024-05-12T01:18:31.452+0000] {logging_mixin.py:188} INFO - [2024-05-12T01:18:31.452+0000] {dagbag.py:545} INFO - Filling up the DagBag from /home/airflow/.local/lib/python3.12/site-packages/airflow/example_dags/example_short_circuit_operator.py
[2024-05-12T01:18:31.461+0000] {processor.py:840} INFO - DAG(s) 'example_short_circuit_operator' retrieved from /home/airflow/.local/lib/python3.12/site-packages/airflow/example_dags/example_short_circuit_operator.py
[2024-05-12T01:18:31.476+0000] {logging_mixin.py:188} INFO - [2024-05-12T01:18:31.476+0000] {dag.py:3096} INFO - Sync 1 DAGs
[2024-05-12T01:18:31.488+0000] {logging_mixin.py:188} INFO - [2024-05-12T01:18:31.488+0000] {dag.py:3954} INFO - Setting next_dagrun for example_short_circuit_operator to 2024-05-11 00:00:00+00:00, run_after=2024-05-12 00:00:00+00:00
[2024-05-12T01:18:31.498+0000] {processor.py:183} INFO - Processing /home/airflow/.local/lib/python3.12/site-packages/airflow/example_dags/example_short_circuit_operator.py took 0.057 seconds
[2024-05-12T01:19:02.228+0000] {processor.py:161} INFO - Started process (PID=15201) to work on /home/airflow/.local/lib/python3.12/site-packages/airflow/example_dags/example_short_circuit_operator.py
[2024-05-12T01:19:02.230+0000] {processor.py:830} INFO - Processing file /home/airflow/.local/lib/python3.12/site-packages/airflow/example_dags/example_short_circuit_operator.py for tasks to queue
[2024-05-12T01:19:02.232+0000] {logging_mixin.py:188} INFO - [2024-05-12T01:19:02.231+0000] {dagbag.py:545} INFO - Filling up the DagBag from /home/airflow/.local/lib/python3.12/site-packages/airflow/example_dags/example_short_circuit_operator.py
[2024-05-12T01:19:02.240+0000] {processor.py:840} INFO - DAG(s) 'example_short_circuit_operator' retrieved from /home/airflow/.local/lib/python3.12/site-packages/airflow/example_dags/example_short_circuit_operator.py
[2024-05-12T01:19:02.260+0000] {logging_mixin.py:188} INFO - [2024-05-12T01:19:02.260+0000] {dag.py:3096} INFO - Sync 1 DAGs
[2024-05-12T01:19:02.272+0000] {logging_mixin.py:188} INFO - [2024-05-12T01:19:02.272+0000] {dag.py:3954} INFO - Setting next_dagrun for example_short_circuit_operator to 2024-05-11 00:00:00+00:00, run_after=2024-05-12 00:00:00+00:00
[2024-05-12T01:19:02.283+0000] {processor.py:183} INFO - Processing /home/airflow/.local/lib/python3.12/site-packages/airflow/example_dags/example_short_circuit_operator.py took 0.063 seconds
[2024-05-12T01:19:33.140+0000] {processor.py:161} INFO - Started process (PID=15463) to work on /home/airflow/.local/lib/python3.12/site-packages/airflow/example_dags/example_short_circuit_operator.py
[2024-05-12T01:19:33.142+0000] {processor.py:830} INFO - Processing file /home/airflow/.local/lib/python3.12/site-packages/airflow/example_dags/example_short_circuit_operator.py for tasks to queue
[2024-05-12T01:19:33.144+0000] {logging_mixin.py:188} INFO - [2024-05-12T01:19:33.144+0000] {dagbag.py:545} INFO - Filling up the DagBag from /home/airflow/.local/lib/python3.12/site-packages/airflow/example_dags/example_short_circuit_operator.py
[2024-05-12T01:19:33.153+0000] {processor.py:840} INFO - DAG(s) 'example_short_circuit_operator' retrieved from /home/airflow/.local/lib/python3.12/site-packages/airflow/example_dags/example_short_circuit_operator.py
[2024-05-12T01:19:33.168+0000] {logging_mixin.py:188} INFO - [2024-05-12T01:19:33.168+0000] {dag.py:3096} INFO - Sync 1 DAGs
[2024-05-12T01:19:33.180+0000] {logging_mixin.py:188} INFO - [2024-05-12T01:19:33.180+0000] {dag.py:3954} INFO - Setting next_dagrun for example_short_circuit_operator to 2024-05-11 00:00:00+00:00, run_after=2024-05-12 00:00:00+00:00
[2024-05-12T01:19:33.189+0000] {processor.py:183} INFO - Processing /home/airflow/.local/lib/python3.12/site-packages/airflow/example_dags/example_short_circuit_operator.py took 0.056 seconds
[2024-05-12T01:20:03.969+0000] {processor.py:161} INFO - Started process (PID=15725) to work on /home/airflow/.local/lib/python3.12/site-packages/airflow/example_dags/example_short_circuit_operator.py
[2024-05-12T01:20:03.970+0000] {processor.py:830} INFO - Processing file /home/airflow/.local/lib/python3.12/site-packages/airflow/example_dags/example_short_circuit_operator.py for tasks to queue
[2024-05-12T01:20:03.973+0000] {logging_mixin.py:188} INFO - [2024-05-12T01:20:03.972+0000] {dagbag.py:545} INFO - Filling up the DagBag from /home/airflow/.local/lib/python3.12/site-packages/airflow/example_dags/example_short_circuit_operator.py
[2024-05-12T01:20:03.982+0000] {processor.py:840} INFO - DAG(s) 'example_short_circuit_operator' retrieved from /home/airflow/.local/lib/python3.12/site-packages/airflow/example_dags/example_short_circuit_operator.py
[2024-05-12T01:20:04.001+0000] {logging_mixin.py:188} INFO - [2024-05-12T01:20:04.001+0000] {dag.py:3096} INFO - Sync 1 DAGs
[2024-05-12T01:20:04.013+0000] {logging_mixin.py:188} INFO - [2024-05-12T01:20:04.013+0000] {dag.py:3954} INFO - Setting next_dagrun for example_short_circuit_operator to 2024-05-11 00:00:00+00:00, run_after=2024-05-12 00:00:00+00:00
[2024-05-12T01:20:04.022+0000] {processor.py:183} INFO - Processing /home/airflow/.local/lib/python3.12/site-packages/airflow/example_dags/example_short_circuit_operator.py took 0.060 seconds
[2024-05-12T01:20:34.736+0000] {processor.py:161} INFO - Started process (PID=15987) to work on /home/airflow/.local/lib/python3.12/site-packages/airflow/example_dags/example_short_circuit_operator.py
[2024-05-12T01:20:34.737+0000] {processor.py:830} INFO - Processing file /home/airflow/.local/lib/python3.12/site-packages/airflow/example_dags/example_short_circuit_operator.py for tasks to queue
[2024-05-12T01:20:34.738+0000] {logging_mixin.py:188} INFO - [2024-05-12T01:20:34.738+0000] {dagbag.py:545} INFO - Filling up the DagBag from /home/airflow/.local/lib/python3.12/site-packages/airflow/example_dags/example_short_circuit_operator.py
[2024-05-12T01:20:34.744+0000] {processor.py:840} INFO - DAG(s) 'example_short_circuit_operator' retrieved from /home/airflow/.local/lib/python3.12/site-packages/airflow/example_dags/example_short_circuit_operator.py
[2024-05-12T01:20:34.763+0000] {logging_mixin.py:188} INFO - [2024-05-12T01:20:34.762+0000] {dag.py:3096} INFO - Sync 1 DAGs
[2024-05-12T01:20:34.777+0000] {logging_mixin.py:188} INFO - [2024-05-12T01:20:34.777+0000] {dag.py:3954} INFO - Setting next_dagrun for example_short_circuit_operator to 2024-05-11 00:00:00+00:00, run_after=2024-05-12 00:00:00+00:00
[2024-05-12T01:20:34.788+0000] {processor.py:183} INFO - Processing /home/airflow/.local/lib/python3.12/site-packages/airflow/example_dags/example_short_circuit_operator.py took 0.058 seconds
[2024-05-12T01:21:05.582+0000] {processor.py:161} INFO - Started process (PID=16249) to work on /home/airflow/.local/lib/python3.12/site-packages/airflow/example_dags/example_short_circuit_operator.py
[2024-05-12T01:21:05.583+0000] {processor.py:830} INFO - Processing file /home/airflow/.local/lib/python3.12/site-packages/airflow/example_dags/example_short_circuit_operator.py for tasks to queue
[2024-05-12T01:21:05.584+0000] {logging_mixin.py:188} INFO - [2024-05-12T01:21:05.584+0000] {dagbag.py:545} INFO - Filling up the DagBag from /home/airflow/.local/lib/python3.12/site-packages/airflow/example_dags/example_short_circuit_operator.py
[2024-05-12T01:21:05.588+0000] {processor.py:840} INFO - DAG(s) 'example_short_circuit_operator' retrieved from /home/airflow/.local/lib/python3.12/site-packages/airflow/example_dags/example_short_circuit_operator.py
[2024-05-12T01:21:05.601+0000] {logging_mixin.py:188} INFO - [2024-05-12T01:21:05.601+0000] {dag.py:3096} INFO - Sync 1 DAGs
[2024-05-12T01:21:05.613+0000] {logging_mixin.py:188} INFO - [2024-05-12T01:21:05.613+0000] {dag.py:3954} INFO - Setting next_dagrun for example_short_circuit_operator to 2024-05-11 00:00:00+00:00, run_after=2024-05-12 00:00:00+00:00
[2024-05-12T01:21:05.624+0000] {processor.py:183} INFO - Processing /home/airflow/.local/lib/python3.12/site-packages/airflow/example_dags/example_short_circuit_operator.py took 0.046 seconds
[2024-05-12T01:21:36.551+0000] {processor.py:161} INFO - Started process (PID=16510) to work on /home/airflow/.local/lib/python3.12/site-packages/airflow/example_dags/example_short_circuit_operator.py
[2024-05-12T01:21:36.552+0000] {processor.py:830} INFO - Processing file /home/airflow/.local/lib/python3.12/site-packages/airflow/example_dags/example_short_circuit_operator.py for tasks to queue
[2024-05-12T01:21:36.554+0000] {logging_mixin.py:188} INFO - [2024-05-12T01:21:36.554+0000] {dagbag.py:545} INFO - Filling up the DagBag from /home/airflow/.local/lib/python3.12/site-packages/airflow/example_dags/example_short_circuit_operator.py
[2024-05-12T01:21:36.563+0000] {processor.py:840} INFO - DAG(s) 'example_short_circuit_operator' retrieved from /home/airflow/.local/lib/python3.12/site-packages/airflow/example_dags/example_short_circuit_operator.py
[2024-05-12T01:21:36.579+0000] {logging_mixin.py:188} INFO - [2024-05-12T01:21:36.579+0000] {dag.py:3096} INFO - Sync 1 DAGs
[2024-05-12T01:21:36.594+0000] {logging_mixin.py:188} INFO - [2024-05-12T01:21:36.594+0000] {dag.py:3954} INFO - Setting next_dagrun for example_short_circuit_operator to 2024-05-11 00:00:00+00:00, run_after=2024-05-12 00:00:00+00:00
[2024-05-12T01:21:36.603+0000] {processor.py:183} INFO - Processing /home/airflow/.local/lib/python3.12/site-packages/airflow/example_dags/example_short_circuit_operator.py took 0.061 seconds
[2024-05-12T01:22:07.326+0000] {processor.py:161} INFO - Started process (PID=16772) to work on /home/airflow/.local/lib/python3.12/site-packages/airflow/example_dags/example_short_circuit_operator.py
[2024-05-12T01:22:07.328+0000] {processor.py:830} INFO - Processing file /home/airflow/.local/lib/python3.12/site-packages/airflow/example_dags/example_short_circuit_operator.py for tasks to queue
[2024-05-12T01:22:07.331+0000] {logging_mixin.py:188} INFO - [2024-05-12T01:22:07.330+0000] {dagbag.py:545} INFO - Filling up the DagBag from /home/airflow/.local/lib/python3.12/site-packages/airflow/example_dags/example_short_circuit_operator.py
[2024-05-12T01:22:07.336+0000] {processor.py:840} INFO - DAG(s) 'example_short_circuit_operator' retrieved from /home/airflow/.local/lib/python3.12/site-packages/airflow/example_dags/example_short_circuit_operator.py
[2024-05-12T01:22:07.351+0000] {logging_mixin.py:188} INFO - [2024-05-12T01:22:07.351+0000] {dag.py:3096} INFO - Sync 1 DAGs
[2024-05-12T01:22:07.362+0000] {logging_mixin.py:188} INFO - [2024-05-12T01:22:07.362+0000] {dag.py:3954} INFO - Setting next_dagrun for example_short_circuit_operator to 2024-05-11 00:00:00+00:00, run_after=2024-05-12 00:00:00+00:00
[2024-05-12T01:22:07.370+0000] {processor.py:183} INFO - Processing /home/airflow/.local/lib/python3.12/site-packages/airflow/example_dags/example_short_circuit_operator.py took 0.051 seconds
