[2024-05-12T00:37:43.488+0000] {processor.py:161} INFO - Started process (PID=4420) to work on /home/airflow/.local/lib/python3.12/site-packages/airflow/example_dags/example_setup_teardown.py
[2024-05-12T00:37:43.488+0000] {processor.py:830} INFO - Processing file /home/airflow/.local/lib/python3.12/site-packages/airflow/example_dags/example_setup_teardown.py for tasks to queue
[2024-05-12T00:37:43.489+0000] {logging_mixin.py:188} INFO - [2024-05-12T00:37:43.489+0000] {dagbag.py:545} INFO - Filling up the DagBag from /home/airflow/.local/lib/python3.12/site-packages/airflow/example_dags/example_setup_teardown.py
[2024-05-12T00:37:43.493+0000] {processor.py:840} INFO - DAG(s) 'example_setup_teardown' retrieved from /home/airflow/.local/lib/python3.12/site-packages/airflow/example_dags/example_setup_teardown.py
[2024-05-12T00:37:43.503+0000] {logging_mixin.py:188} INFO - [2024-05-12T00:37:43.503+0000] {dag.py:3096} INFO - Sync 1 DAGs
[2024-05-12T00:37:43.514+0000] {logging_mixin.py:188} INFO - [2024-05-12T00:37:43.514+0000] {dag.py:3954} INFO - Setting next_dagrun for example_setup_teardown to 2024-05-11 00:00:00+00:00, run_after=2024-05-12 00:00:00+00:00
[2024-05-12T00:37:43.523+0000] {processor.py:183} INFO - Processing /home/airflow/.local/lib/python3.12/site-packages/airflow/example_dags/example_setup_teardown.py took 0.038 seconds
[2024-05-12T00:38:14.214+0000] {processor.py:161} INFO - Started process (PID=4682) to work on /home/airflow/.local/lib/python3.12/site-packages/airflow/example_dags/example_setup_teardown.py
[2024-05-12T00:38:14.214+0000] {processor.py:830} INFO - Processing file /home/airflow/.local/lib/python3.12/site-packages/airflow/example_dags/example_setup_teardown.py for tasks to queue
[2024-05-12T00:38:14.215+0000] {logging_mixin.py:188} INFO - [2024-05-12T00:38:14.215+0000] {dagbag.py:545} INFO - Filling up the DagBag from /home/airflow/.local/lib/python3.12/site-packages/airflow/example_dags/example_setup_teardown.py
[2024-05-12T00:38:14.219+0000] {processor.py:840} INFO - DAG(s) 'example_setup_teardown' retrieved from /home/airflow/.local/lib/python3.12/site-packages/airflow/example_dags/example_setup_teardown.py
[2024-05-12T00:38:14.229+0000] {logging_mixin.py:188} INFO - [2024-05-12T00:38:14.229+0000] {dag.py:3096} INFO - Sync 1 DAGs
[2024-05-12T00:38:14.239+0000] {logging_mixin.py:188} INFO - [2024-05-12T00:38:14.239+0000] {dag.py:3954} INFO - Setting next_dagrun for example_setup_teardown to 2024-05-11 00:00:00+00:00, run_after=2024-05-12 00:00:00+00:00
[2024-05-12T00:38:14.247+0000] {processor.py:183} INFO - Processing /home/airflow/.local/lib/python3.12/site-packages/airflow/example_dags/example_setup_teardown.py took 0.037 seconds
[2024-05-12T00:38:44.882+0000] {processor.py:161} INFO - Started process (PID=4944) to work on /home/airflow/.local/lib/python3.12/site-packages/airflow/example_dags/example_setup_teardown.py
[2024-05-12T00:38:44.883+0000] {processor.py:830} INFO - Processing file /home/airflow/.local/lib/python3.12/site-packages/airflow/example_dags/example_setup_teardown.py for tasks to queue
[2024-05-12T00:38:44.884+0000] {logging_mixin.py:188} INFO - [2024-05-12T00:38:44.884+0000] {dagbag.py:545} INFO - Filling up the DagBag from /home/airflow/.local/lib/python3.12/site-packages/airflow/example_dags/example_setup_teardown.py
[2024-05-12T00:38:44.888+0000] {processor.py:840} INFO - DAG(s) 'example_setup_teardown' retrieved from /home/airflow/.local/lib/python3.12/site-packages/airflow/example_dags/example_setup_teardown.py
[2024-05-12T00:38:44.899+0000] {logging_mixin.py:188} INFO - [2024-05-12T00:38:44.899+0000] {dag.py:3096} INFO - Sync 1 DAGs
[2024-05-12T00:38:44.910+0000] {logging_mixin.py:188} INFO - [2024-05-12T00:38:44.910+0000] {dag.py:3954} INFO - Setting next_dagrun for example_setup_teardown to 2024-05-11 00:00:00+00:00, run_after=2024-05-12 00:00:00+00:00
[2024-05-12T00:38:44.920+0000] {processor.py:183} INFO - Processing /home/airflow/.local/lib/python3.12/site-packages/airflow/example_dags/example_setup_teardown.py took 0.041 seconds
[2024-05-12T00:39:15.510+0000] {processor.py:161} INFO - Started process (PID=5205) to work on /home/airflow/.local/lib/python3.12/site-packages/airflow/example_dags/example_setup_teardown.py
[2024-05-12T00:39:15.510+0000] {processor.py:830} INFO - Processing file /home/airflow/.local/lib/python3.12/site-packages/airflow/example_dags/example_setup_teardown.py for tasks to queue
[2024-05-12T00:39:15.512+0000] {logging_mixin.py:188} INFO - [2024-05-12T00:39:15.511+0000] {dagbag.py:545} INFO - Filling up the DagBag from /home/airflow/.local/lib/python3.12/site-packages/airflow/example_dags/example_setup_teardown.py
[2024-05-12T00:39:15.516+0000] {processor.py:840} INFO - DAG(s) 'example_setup_teardown' retrieved from /home/airflow/.local/lib/python3.12/site-packages/airflow/example_dags/example_setup_teardown.py
[2024-05-12T00:39:15.527+0000] {logging_mixin.py:188} INFO - [2024-05-12T00:39:15.527+0000] {dag.py:3096} INFO - Sync 1 DAGs
[2024-05-12T00:39:15.538+0000] {logging_mixin.py:188} INFO - [2024-05-12T00:39:15.538+0000] {dag.py:3954} INFO - Setting next_dagrun for example_setup_teardown to 2024-05-11 00:00:00+00:00, run_after=2024-05-12 00:00:00+00:00
[2024-05-12T00:39:15.548+0000] {processor.py:183} INFO - Processing /home/airflow/.local/lib/python3.12/site-packages/airflow/example_dags/example_setup_teardown.py took 0.041 seconds
[2024-05-12T00:39:46.351+0000] {processor.py:161} INFO - Started process (PID=5466) to work on /home/airflow/.local/lib/python3.12/site-packages/airflow/example_dags/example_setup_teardown.py
[2024-05-12T00:39:46.351+0000] {processor.py:830} INFO - Processing file /home/airflow/.local/lib/python3.12/site-packages/airflow/example_dags/example_setup_teardown.py for tasks to queue
[2024-05-12T00:39:46.352+0000] {logging_mixin.py:188} INFO - [2024-05-12T00:39:46.352+0000] {dagbag.py:545} INFO - Filling up the DagBag from /home/airflow/.local/lib/python3.12/site-packages/airflow/example_dags/example_setup_teardown.py
[2024-05-12T00:39:46.357+0000] {processor.py:840} INFO - DAG(s) 'example_setup_teardown' retrieved from /home/airflow/.local/lib/python3.12/site-packages/airflow/example_dags/example_setup_teardown.py
[2024-05-12T00:39:46.368+0000] {logging_mixin.py:188} INFO - [2024-05-12T00:39:46.367+0000] {dag.py:3096} INFO - Sync 1 DAGs
[2024-05-12T00:39:46.379+0000] {logging_mixin.py:188} INFO - [2024-05-12T00:39:46.379+0000] {dag.py:3954} INFO - Setting next_dagrun for example_setup_teardown to 2024-05-11 00:00:00+00:00, run_after=2024-05-12 00:00:00+00:00
[2024-05-12T00:39:46.389+0000] {processor.py:183} INFO - Processing /home/airflow/.local/lib/python3.12/site-packages/airflow/example_dags/example_setup_teardown.py took 0.042 seconds
[2024-05-12T00:40:17.070+0000] {processor.py:161} INFO - Started process (PID=5728) to work on /home/airflow/.local/lib/python3.12/site-packages/airflow/example_dags/example_setup_teardown.py
[2024-05-12T00:40:17.071+0000] {processor.py:830} INFO - Processing file /home/airflow/.local/lib/python3.12/site-packages/airflow/example_dags/example_setup_teardown.py for tasks to queue
[2024-05-12T00:40:17.072+0000] {logging_mixin.py:188} INFO - [2024-05-12T00:40:17.072+0000] {dagbag.py:545} INFO - Filling up the DagBag from /home/airflow/.local/lib/python3.12/site-packages/airflow/example_dags/example_setup_teardown.py
[2024-05-12T00:40:17.075+0000] {processor.py:840} INFO - DAG(s) 'example_setup_teardown' retrieved from /home/airflow/.local/lib/python3.12/site-packages/airflow/example_dags/example_setup_teardown.py
[2024-05-12T00:40:17.086+0000] {logging_mixin.py:188} INFO - [2024-05-12T00:40:17.086+0000] {dag.py:3096} INFO - Sync 1 DAGs
[2024-05-12T00:40:17.097+0000] {logging_mixin.py:188} INFO - [2024-05-12T00:40:17.097+0000] {dag.py:3954} INFO - Setting next_dagrun for example_setup_teardown to 2024-05-11 00:00:00+00:00, run_after=2024-05-12 00:00:00+00:00
[2024-05-12T00:40:17.106+0000] {processor.py:183} INFO - Processing /home/airflow/.local/lib/python3.12/site-packages/airflow/example_dags/example_setup_teardown.py took 0.039 seconds
[2024-05-12T00:40:47.755+0000] {processor.py:161} INFO - Started process (PID=5990) to work on /home/airflow/.local/lib/python3.12/site-packages/airflow/example_dags/example_setup_teardown.py
[2024-05-12T00:40:47.755+0000] {processor.py:830} INFO - Processing file /home/airflow/.local/lib/python3.12/site-packages/airflow/example_dags/example_setup_teardown.py for tasks to queue
[2024-05-12T00:40:47.756+0000] {logging_mixin.py:188} INFO - [2024-05-12T00:40:47.756+0000] {dagbag.py:545} INFO - Filling up the DagBag from /home/airflow/.local/lib/python3.12/site-packages/airflow/example_dags/example_setup_teardown.py
[2024-05-12T00:40:47.760+0000] {processor.py:840} INFO - DAG(s) 'example_setup_teardown' retrieved from /home/airflow/.local/lib/python3.12/site-packages/airflow/example_dags/example_setup_teardown.py
[2024-05-12T00:40:47.769+0000] {logging_mixin.py:188} INFO - [2024-05-12T00:40:47.769+0000] {dag.py:3096} INFO - Sync 1 DAGs
[2024-05-12T00:40:47.778+0000] {logging_mixin.py:188} INFO - [2024-05-12T00:40:47.778+0000] {dag.py:3954} INFO - Setting next_dagrun for example_setup_teardown to 2024-05-11 00:00:00+00:00, run_after=2024-05-12 00:00:00+00:00
[2024-05-12T00:40:47.785+0000] {processor.py:183} INFO - Processing /home/airflow/.local/lib/python3.12/site-packages/airflow/example_dags/example_setup_teardown.py took 0.033 seconds
[2024-05-12T00:41:18.698+0000] {processor.py:161} INFO - Started process (PID=6252) to work on /home/airflow/.local/lib/python3.12/site-packages/airflow/example_dags/example_setup_teardown.py
[2024-05-12T00:41:18.699+0000] {processor.py:830} INFO - Processing file /home/airflow/.local/lib/python3.12/site-packages/airflow/example_dags/example_setup_teardown.py for tasks to queue
[2024-05-12T00:41:18.700+0000] {logging_mixin.py:188} INFO - [2024-05-12T00:41:18.700+0000] {dagbag.py:545} INFO - Filling up the DagBag from /home/airflow/.local/lib/python3.12/site-packages/airflow/example_dags/example_setup_teardown.py
[2024-05-12T00:41:18.704+0000] {processor.py:840} INFO - DAG(s) 'example_setup_teardown' retrieved from /home/airflow/.local/lib/python3.12/site-packages/airflow/example_dags/example_setup_teardown.py
[2024-05-12T00:41:18.715+0000] {logging_mixin.py:188} INFO - [2024-05-12T00:41:18.715+0000] {dag.py:3096} INFO - Sync 1 DAGs
[2024-05-12T00:41:18.726+0000] {logging_mixin.py:188} INFO - [2024-05-12T00:41:18.726+0000] {dag.py:3954} INFO - Setting next_dagrun for example_setup_teardown to 2024-05-11 00:00:00+00:00, run_after=2024-05-12 00:00:00+00:00
[2024-05-12T00:41:18.735+0000] {processor.py:183} INFO - Processing /home/airflow/.local/lib/python3.12/site-packages/airflow/example_dags/example_setup_teardown.py took 0.041 seconds
[2024-05-12T00:41:49.442+0000] {processor.py:161} INFO - Started process (PID=6514) to work on /home/airflow/.local/lib/python3.12/site-packages/airflow/example_dags/example_setup_teardown.py
[2024-05-12T00:41:49.442+0000] {processor.py:830} INFO - Processing file /home/airflow/.local/lib/python3.12/site-packages/airflow/example_dags/example_setup_teardown.py for tasks to queue
[2024-05-12T00:41:49.443+0000] {logging_mixin.py:188} INFO - [2024-05-12T00:41:49.443+0000] {dagbag.py:545} INFO - Filling up the DagBag from /home/airflow/.local/lib/python3.12/site-packages/airflow/example_dags/example_setup_teardown.py
[2024-05-12T00:41:49.447+0000] {processor.py:840} INFO - DAG(s) 'example_setup_teardown' retrieved from /home/airflow/.local/lib/python3.12/site-packages/airflow/example_dags/example_setup_teardown.py
[2024-05-12T00:41:49.457+0000] {logging_mixin.py:188} INFO - [2024-05-12T00:41:49.457+0000] {dag.py:3096} INFO - Sync 1 DAGs
[2024-05-12T00:41:49.468+0000] {logging_mixin.py:188} INFO - [2024-05-12T00:41:49.468+0000] {dag.py:3954} INFO - Setting next_dagrun for example_setup_teardown to 2024-05-11 00:00:00+00:00, run_after=2024-05-12 00:00:00+00:00
[2024-05-12T00:41:49.477+0000] {processor.py:183} INFO - Processing /home/airflow/.local/lib/python3.12/site-packages/airflow/example_dags/example_setup_teardown.py took 0.038 seconds
[2024-05-12T00:42:20.074+0000] {processor.py:161} INFO - Started process (PID=6776) to work on /home/airflow/.local/lib/python3.12/site-packages/airflow/example_dags/example_setup_teardown.py
[2024-05-12T00:42:20.075+0000] {processor.py:830} INFO - Processing file /home/airflow/.local/lib/python3.12/site-packages/airflow/example_dags/example_setup_teardown.py for tasks to queue
[2024-05-12T00:42:20.076+0000] {logging_mixin.py:188} INFO - [2024-05-12T00:42:20.076+0000] {dagbag.py:545} INFO - Filling up the DagBag from /home/airflow/.local/lib/python3.12/site-packages/airflow/example_dags/example_setup_teardown.py
[2024-05-12T00:42:20.080+0000] {processor.py:840} INFO - DAG(s) 'example_setup_teardown' retrieved from /home/airflow/.local/lib/python3.12/site-packages/airflow/example_dags/example_setup_teardown.py
[2024-05-12T00:42:20.089+0000] {logging_mixin.py:188} INFO - [2024-05-12T00:42:20.089+0000] {dag.py:3096} INFO - Sync 1 DAGs
[2024-05-12T00:42:20.099+0000] {logging_mixin.py:188} INFO - [2024-05-12T00:42:20.099+0000] {dag.py:3954} INFO - Setting next_dagrun for example_setup_teardown to 2024-05-11 00:00:00+00:00, run_after=2024-05-12 00:00:00+00:00
[2024-05-12T00:42:20.108+0000] {processor.py:183} INFO - Processing /home/airflow/.local/lib/python3.12/site-packages/airflow/example_dags/example_setup_teardown.py took 0.036 seconds
[2024-05-12T00:42:50.847+0000] {processor.py:161} INFO - Started process (PID=7038) to work on /home/airflow/.local/lib/python3.12/site-packages/airflow/example_dags/example_setup_teardown.py
[2024-05-12T00:42:50.848+0000] {processor.py:830} INFO - Processing file /home/airflow/.local/lib/python3.12/site-packages/airflow/example_dags/example_setup_teardown.py for tasks to queue
[2024-05-12T00:42:50.849+0000] {logging_mixin.py:188} INFO - [2024-05-12T00:42:50.848+0000] {dagbag.py:545} INFO - Filling up the DagBag from /home/airflow/.local/lib/python3.12/site-packages/airflow/example_dags/example_setup_teardown.py
[2024-05-12T00:42:50.852+0000] {processor.py:840} INFO - DAG(s) 'example_setup_teardown' retrieved from /home/airflow/.local/lib/python3.12/site-packages/airflow/example_dags/example_setup_teardown.py
[2024-05-12T00:42:50.863+0000] {logging_mixin.py:188} INFO - [2024-05-12T00:42:50.863+0000] {dag.py:3096} INFO - Sync 1 DAGs
[2024-05-12T00:42:50.873+0000] {logging_mixin.py:188} INFO - [2024-05-12T00:42:50.873+0000] {dag.py:3954} INFO - Setting next_dagrun for example_setup_teardown to 2024-05-11 00:00:00+00:00, run_after=2024-05-12 00:00:00+00:00
[2024-05-12T00:42:50.882+0000] {processor.py:183} INFO - Processing /home/airflow/.local/lib/python3.12/site-packages/airflow/example_dags/example_setup_teardown.py took 0.038 seconds
[2024-05-12T00:43:21.604+0000] {processor.py:161} INFO - Started process (PID=7300) to work on /home/airflow/.local/lib/python3.12/site-packages/airflow/example_dags/example_setup_teardown.py
[2024-05-12T00:43:21.605+0000] {processor.py:830} INFO - Processing file /home/airflow/.local/lib/python3.12/site-packages/airflow/example_dags/example_setup_teardown.py for tasks to queue
[2024-05-12T00:43:21.606+0000] {logging_mixin.py:188} INFO - [2024-05-12T00:43:21.606+0000] {dagbag.py:545} INFO - Filling up the DagBag from /home/airflow/.local/lib/python3.12/site-packages/airflow/example_dags/example_setup_teardown.py
[2024-05-12T00:43:21.609+0000] {processor.py:840} INFO - DAG(s) 'example_setup_teardown' retrieved from /home/airflow/.local/lib/python3.12/site-packages/airflow/example_dags/example_setup_teardown.py
[2024-05-12T00:43:21.620+0000] {logging_mixin.py:188} INFO - [2024-05-12T00:43:21.620+0000] {dag.py:3096} INFO - Sync 1 DAGs
[2024-05-12T00:43:21.631+0000] {logging_mixin.py:188} INFO - [2024-05-12T00:43:21.631+0000] {dag.py:3954} INFO - Setting next_dagrun for example_setup_teardown to 2024-05-11 00:00:00+00:00, run_after=2024-05-12 00:00:00+00:00
[2024-05-12T00:43:21.640+0000] {processor.py:183} INFO - Processing /home/airflow/.local/lib/python3.12/site-packages/airflow/example_dags/example_setup_teardown.py took 0.039 seconds
[2024-05-12T00:43:52.371+0000] {processor.py:161} INFO - Started process (PID=7562) to work on /home/airflow/.local/lib/python3.12/site-packages/airflow/example_dags/example_setup_teardown.py
[2024-05-12T00:43:52.371+0000] {processor.py:830} INFO - Processing file /home/airflow/.local/lib/python3.12/site-packages/airflow/example_dags/example_setup_teardown.py for tasks to queue
[2024-05-12T00:43:52.372+0000] {logging_mixin.py:188} INFO - [2024-05-12T00:43:52.372+0000] {dagbag.py:545} INFO - Filling up the DagBag from /home/airflow/.local/lib/python3.12/site-packages/airflow/example_dags/example_setup_teardown.py
[2024-05-12T00:43:52.376+0000] {processor.py:840} INFO - DAG(s) 'example_setup_teardown' retrieved from /home/airflow/.local/lib/python3.12/site-packages/airflow/example_dags/example_setup_teardown.py
[2024-05-12T00:43:52.386+0000] {logging_mixin.py:188} INFO - [2024-05-12T00:43:52.386+0000] {dag.py:3096} INFO - Sync 1 DAGs
[2024-05-12T00:43:52.397+0000] {logging_mixin.py:188} INFO - [2024-05-12T00:43:52.397+0000] {dag.py:3954} INFO - Setting next_dagrun for example_setup_teardown to 2024-05-11 00:00:00+00:00, run_after=2024-05-12 00:00:00+00:00
[2024-05-12T00:43:52.405+0000] {processor.py:183} INFO - Processing /home/airflow/.local/lib/python3.12/site-packages/airflow/example_dags/example_setup_teardown.py took 0.037 seconds
[2024-05-12T00:44:23.086+0000] {processor.py:161} INFO - Started process (PID=7823) to work on /home/airflow/.local/lib/python3.12/site-packages/airflow/example_dags/example_setup_teardown.py
[2024-05-12T00:44:23.087+0000] {processor.py:830} INFO - Processing file /home/airflow/.local/lib/python3.12/site-packages/airflow/example_dags/example_setup_teardown.py for tasks to queue
[2024-05-12T00:44:23.088+0000] {logging_mixin.py:188} INFO - [2024-05-12T00:44:23.088+0000] {dagbag.py:545} INFO - Filling up the DagBag from /home/airflow/.local/lib/python3.12/site-packages/airflow/example_dags/example_setup_teardown.py
[2024-05-12T00:44:23.091+0000] {processor.py:840} INFO - DAG(s) 'example_setup_teardown' retrieved from /home/airflow/.local/lib/python3.12/site-packages/airflow/example_dags/example_setup_teardown.py
[2024-05-12T00:44:23.102+0000] {logging_mixin.py:188} INFO - [2024-05-12T00:44:23.102+0000] {dag.py:3096} INFO - Sync 1 DAGs
[2024-05-12T00:44:23.112+0000] {logging_mixin.py:188} INFO - [2024-05-12T00:44:23.112+0000] {dag.py:3954} INFO - Setting next_dagrun for example_setup_teardown to 2024-05-11 00:00:00+00:00, run_after=2024-05-12 00:00:00+00:00
[2024-05-12T00:44:23.120+0000] {processor.py:183} INFO - Processing /home/airflow/.local/lib/python3.12/site-packages/airflow/example_dags/example_setup_teardown.py took 0.037 seconds
[2024-05-12T00:44:53.877+0000] {processor.py:161} INFO - Started process (PID=8085) to work on /home/airflow/.local/lib/python3.12/site-packages/airflow/example_dags/example_setup_teardown.py
[2024-05-12T00:44:53.877+0000] {processor.py:830} INFO - Processing file /home/airflow/.local/lib/python3.12/site-packages/airflow/example_dags/example_setup_teardown.py for tasks to queue
[2024-05-12T00:44:53.879+0000] {logging_mixin.py:188} INFO - [2024-05-12T00:44:53.879+0000] {dagbag.py:545} INFO - Filling up the DagBag from /home/airflow/.local/lib/python3.12/site-packages/airflow/example_dags/example_setup_teardown.py
[2024-05-12T00:44:53.883+0000] {processor.py:840} INFO - DAG(s) 'example_setup_teardown' retrieved from /home/airflow/.local/lib/python3.12/site-packages/airflow/example_dags/example_setup_teardown.py
[2024-05-12T00:44:53.894+0000] {logging_mixin.py:188} INFO - [2024-05-12T00:44:53.894+0000] {dag.py:3096} INFO - Sync 1 DAGs
[2024-05-12T00:44:53.905+0000] {logging_mixin.py:188} INFO - [2024-05-12T00:44:53.905+0000] {dag.py:3954} INFO - Setting next_dagrun for example_setup_teardown to 2024-05-11 00:00:00+00:00, run_after=2024-05-12 00:00:00+00:00
[2024-05-12T00:44:53.915+0000] {processor.py:183} INFO - Processing /home/airflow/.local/lib/python3.12/site-packages/airflow/example_dags/example_setup_teardown.py took 0.042 seconds
[2024-05-12T00:45:24.592+0000] {processor.py:161} INFO - Started process (PID=8346) to work on /home/airflow/.local/lib/python3.12/site-packages/airflow/example_dags/example_setup_teardown.py
[2024-05-12T00:45:24.593+0000] {processor.py:830} INFO - Processing file /home/airflow/.local/lib/python3.12/site-packages/airflow/example_dags/example_setup_teardown.py for tasks to queue
[2024-05-12T00:45:24.594+0000] {logging_mixin.py:188} INFO - [2024-05-12T00:45:24.594+0000] {dagbag.py:545} INFO - Filling up the DagBag from /home/airflow/.local/lib/python3.12/site-packages/airflow/example_dags/example_setup_teardown.py
[2024-05-12T00:45:24.598+0000] {processor.py:840} INFO - DAG(s) 'example_setup_teardown' retrieved from /home/airflow/.local/lib/python3.12/site-packages/airflow/example_dags/example_setup_teardown.py
[2024-05-12T00:45:24.608+0000] {logging_mixin.py:188} INFO - [2024-05-12T00:45:24.608+0000] {dag.py:3096} INFO - Sync 1 DAGs
[2024-05-12T00:45:24.619+0000] {logging_mixin.py:188} INFO - [2024-05-12T00:45:24.619+0000] {dag.py:3954} INFO - Setting next_dagrun for example_setup_teardown to 2024-05-11 00:00:00+00:00, run_after=2024-05-12 00:00:00+00:00
[2024-05-12T00:45:24.628+0000] {processor.py:183} INFO - Processing /home/airflow/.local/lib/python3.12/site-packages/airflow/example_dags/example_setup_teardown.py took 0.039 seconds
[2024-05-12T00:45:55.302+0000] {processor.py:161} INFO - Started process (PID=8608) to work on /home/airflow/.local/lib/python3.12/site-packages/airflow/example_dags/example_setup_teardown.py
[2024-05-12T00:45:55.303+0000] {processor.py:830} INFO - Processing file /home/airflow/.local/lib/python3.12/site-packages/airflow/example_dags/example_setup_teardown.py for tasks to queue
[2024-05-12T00:45:55.304+0000] {logging_mixin.py:188} INFO - [2024-05-12T00:45:55.303+0000] {dagbag.py:545} INFO - Filling up the DagBag from /home/airflow/.local/lib/python3.12/site-packages/airflow/example_dags/example_setup_teardown.py
[2024-05-12T00:45:55.307+0000] {processor.py:840} INFO - DAG(s) 'example_setup_teardown' retrieved from /home/airflow/.local/lib/python3.12/site-packages/airflow/example_dags/example_setup_teardown.py
[2024-05-12T00:45:55.318+0000] {logging_mixin.py:188} INFO - [2024-05-12T00:45:55.318+0000] {dag.py:3096} INFO - Sync 1 DAGs
[2024-05-12T00:45:55.329+0000] {logging_mixin.py:188} INFO - [2024-05-12T00:45:55.329+0000] {dag.py:3954} INFO - Setting next_dagrun for example_setup_teardown to 2024-05-11 00:00:00+00:00, run_after=2024-05-12 00:00:00+00:00
[2024-05-12T00:45:55.338+0000] {processor.py:183} INFO - Processing /home/airflow/.local/lib/python3.12/site-packages/airflow/example_dags/example_setup_teardown.py took 0.040 seconds
[2024-05-12T00:46:26.133+0000] {processor.py:161} INFO - Started process (PID=8870) to work on /home/airflow/.local/lib/python3.12/site-packages/airflow/example_dags/example_setup_teardown.py
[2024-05-12T00:46:26.133+0000] {processor.py:830} INFO - Processing file /home/airflow/.local/lib/python3.12/site-packages/airflow/example_dags/example_setup_teardown.py for tasks to queue
[2024-05-12T00:46:26.135+0000] {logging_mixin.py:188} INFO - [2024-05-12T00:46:26.134+0000] {dagbag.py:545} INFO - Filling up the DagBag from /home/airflow/.local/lib/python3.12/site-packages/airflow/example_dags/example_setup_teardown.py
[2024-05-12T00:46:26.138+0000] {processor.py:840} INFO - DAG(s) 'example_setup_teardown' retrieved from /home/airflow/.local/lib/python3.12/site-packages/airflow/example_dags/example_setup_teardown.py
[2024-05-12T00:46:26.149+0000] {logging_mixin.py:188} INFO - [2024-05-12T00:46:26.149+0000] {dag.py:3096} INFO - Sync 1 DAGs
[2024-05-12T00:46:26.160+0000] {logging_mixin.py:188} INFO - [2024-05-12T00:46:26.160+0000] {dag.py:3954} INFO - Setting next_dagrun for example_setup_teardown to 2024-05-11 00:00:00+00:00, run_after=2024-05-12 00:00:00+00:00
[2024-05-12T00:46:26.170+0000] {processor.py:183} INFO - Processing /home/airflow/.local/lib/python3.12/site-packages/airflow/example_dags/example_setup_teardown.py took 0.040 seconds
[2024-05-12T00:46:56.937+0000] {processor.py:161} INFO - Started process (PID=9134) to work on /home/airflow/.local/lib/python3.12/site-packages/airflow/example_dags/example_setup_teardown.py
[2024-05-12T00:46:56.938+0000] {processor.py:830} INFO - Processing file /home/airflow/.local/lib/python3.12/site-packages/airflow/example_dags/example_setup_teardown.py for tasks to queue
[2024-05-12T00:46:56.939+0000] {logging_mixin.py:188} INFO - [2024-05-12T00:46:56.938+0000] {dagbag.py:545} INFO - Filling up the DagBag from /home/airflow/.local/lib/python3.12/site-packages/airflow/example_dags/example_setup_teardown.py
[2024-05-12T00:46:56.942+0000] {processor.py:840} INFO - DAG(s) 'example_setup_teardown' retrieved from /home/airflow/.local/lib/python3.12/site-packages/airflow/example_dags/example_setup_teardown.py
[2024-05-12T00:46:56.953+0000] {logging_mixin.py:188} INFO - [2024-05-12T00:46:56.952+0000] {dag.py:3096} INFO - Sync 1 DAGs
[2024-05-12T00:46:56.962+0000] {logging_mixin.py:188} INFO - [2024-05-12T00:46:56.962+0000] {dag.py:3954} INFO - Setting next_dagrun for example_setup_teardown to 2024-05-11 00:00:00+00:00, run_after=2024-05-12 00:00:00+00:00
[2024-05-12T00:46:56.971+0000] {processor.py:183} INFO - Processing /home/airflow/.local/lib/python3.12/site-packages/airflow/example_dags/example_setup_teardown.py took 0.037 seconds
[2024-05-12T00:47:27.864+0000] {processor.py:161} INFO - Started process (PID=9393) to work on /home/airflow/.local/lib/python3.12/site-packages/airflow/example_dags/example_setup_teardown.py
[2024-05-12T00:47:27.865+0000] {processor.py:830} INFO - Processing file /home/airflow/.local/lib/python3.12/site-packages/airflow/example_dags/example_setup_teardown.py for tasks to queue
[2024-05-12T00:47:27.866+0000] {logging_mixin.py:188} INFO - [2024-05-12T00:47:27.865+0000] {dagbag.py:545} INFO - Filling up the DagBag from /home/airflow/.local/lib/python3.12/site-packages/airflow/example_dags/example_setup_teardown.py
[2024-05-12T00:47:27.869+0000] {processor.py:840} INFO - DAG(s) 'example_setup_teardown' retrieved from /home/airflow/.local/lib/python3.12/site-packages/airflow/example_dags/example_setup_teardown.py
[2024-05-12T00:47:27.879+0000] {logging_mixin.py:188} INFO - [2024-05-12T00:47:27.879+0000] {dag.py:3096} INFO - Sync 1 DAGs
[2024-05-12T00:47:27.890+0000] {logging_mixin.py:188} INFO - [2024-05-12T00:47:27.890+0000] {dag.py:3954} INFO - Setting next_dagrun for example_setup_teardown to 2024-05-11 00:00:00+00:00, run_after=2024-05-12 00:00:00+00:00
[2024-05-12T00:47:27.898+0000] {processor.py:183} INFO - Processing /home/airflow/.local/lib/python3.12/site-packages/airflow/example_dags/example_setup_teardown.py took 0.037 seconds
[2024-05-12T00:47:58.714+0000] {processor.py:161} INFO - Started process (PID=9655) to work on /home/airflow/.local/lib/python3.12/site-packages/airflow/example_dags/example_setup_teardown.py
[2024-05-12T00:47:58.715+0000] {processor.py:830} INFO - Processing file /home/airflow/.local/lib/python3.12/site-packages/airflow/example_dags/example_setup_teardown.py for tasks to queue
[2024-05-12T00:47:58.716+0000] {logging_mixin.py:188} INFO - [2024-05-12T00:47:58.716+0000] {dagbag.py:545} INFO - Filling up the DagBag from /home/airflow/.local/lib/python3.12/site-packages/airflow/example_dags/example_setup_teardown.py
[2024-05-12T00:47:58.719+0000] {processor.py:840} INFO - DAG(s) 'example_setup_teardown' retrieved from /home/airflow/.local/lib/python3.12/site-packages/airflow/example_dags/example_setup_teardown.py
[2024-05-12T00:47:58.729+0000] {logging_mixin.py:188} INFO - [2024-05-12T00:47:58.729+0000] {dag.py:3096} INFO - Sync 1 DAGs
[2024-05-12T00:47:58.739+0000] {logging_mixin.py:188} INFO - [2024-05-12T00:47:58.738+0000] {dag.py:3954} INFO - Setting next_dagrun for example_setup_teardown to 2024-05-11 00:00:00+00:00, run_after=2024-05-12 00:00:00+00:00
[2024-05-12T00:47:58.747+0000] {processor.py:183} INFO - Processing /home/airflow/.local/lib/python3.12/site-packages/airflow/example_dags/example_setup_teardown.py took 0.036 seconds
[2024-05-12T00:48:29.538+0000] {processor.py:161} INFO - Started process (PID=9917) to work on /home/airflow/.local/lib/python3.12/site-packages/airflow/example_dags/example_setup_teardown.py
[2024-05-12T00:48:29.538+0000] {processor.py:830} INFO - Processing file /home/airflow/.local/lib/python3.12/site-packages/airflow/example_dags/example_setup_teardown.py for tasks to queue
[2024-05-12T00:48:29.539+0000] {logging_mixin.py:188} INFO - [2024-05-12T00:48:29.539+0000] {dagbag.py:545} INFO - Filling up the DagBag from /home/airflow/.local/lib/python3.12/site-packages/airflow/example_dags/example_setup_teardown.py
[2024-05-12T00:48:29.543+0000] {processor.py:840} INFO - DAG(s) 'example_setup_teardown' retrieved from /home/airflow/.local/lib/python3.12/site-packages/airflow/example_dags/example_setup_teardown.py
[2024-05-12T00:48:29.553+0000] {logging_mixin.py:188} INFO - [2024-05-12T00:48:29.553+0000] {dag.py:3096} INFO - Sync 1 DAGs
[2024-05-12T00:48:29.563+0000] {logging_mixin.py:188} INFO - [2024-05-12T00:48:29.563+0000] {dag.py:3954} INFO - Setting next_dagrun for example_setup_teardown to 2024-05-11 00:00:00+00:00, run_after=2024-05-12 00:00:00+00:00
[2024-05-12T00:48:29.571+0000] {processor.py:183} INFO - Processing /home/airflow/.local/lib/python3.12/site-packages/airflow/example_dags/example_setup_teardown.py took 0.036 seconds
[2024-05-12T00:48:59.709+0000] {processor.py:161} INFO - Started process (PID=10179) to work on /home/airflow/.local/lib/python3.12/site-packages/airflow/example_dags/example_setup_teardown.py
[2024-05-12T00:48:59.710+0000] {processor.py:830} INFO - Processing file /home/airflow/.local/lib/python3.12/site-packages/airflow/example_dags/example_setup_teardown.py for tasks to queue
[2024-05-12T00:48:59.711+0000] {logging_mixin.py:188} INFO - [2024-05-12T00:48:59.710+0000] {dagbag.py:545} INFO - Filling up the DagBag from /home/airflow/.local/lib/python3.12/site-packages/airflow/example_dags/example_setup_teardown.py
[2024-05-12T00:48:59.714+0000] {processor.py:840} INFO - DAG(s) 'example_setup_teardown' retrieved from /home/airflow/.local/lib/python3.12/site-packages/airflow/example_dags/example_setup_teardown.py
[2024-05-12T00:48:59.724+0000] {logging_mixin.py:188} INFO - [2024-05-12T00:48:59.724+0000] {dag.py:3096} INFO - Sync 1 DAGs
[2024-05-12T00:48:59.734+0000] {logging_mixin.py:188} INFO - [2024-05-12T00:48:59.734+0000] {dag.py:3954} INFO - Setting next_dagrun for example_setup_teardown to 2024-05-11 00:00:00+00:00, run_after=2024-05-12 00:00:00+00:00
[2024-05-12T00:48:59.743+0000] {processor.py:183} INFO - Processing /home/airflow/.local/lib/python3.12/site-packages/airflow/example_dags/example_setup_teardown.py took 0.036 seconds
[2024-05-12T01:06:45.442+0000] {processor.py:161} INFO - Started process (PID=10441) to work on /home/airflow/.local/lib/python3.12/site-packages/airflow/example_dags/example_setup_teardown.py
[2024-05-12T01:06:45.443+0000] {processor.py:830} INFO - Processing file /home/airflow/.local/lib/python3.12/site-packages/airflow/example_dags/example_setup_teardown.py for tasks to queue
[2024-05-12T01:06:45.444+0000] {logging_mixin.py:188} INFO - [2024-05-12T01:06:45.444+0000] {dagbag.py:545} INFO - Filling up the DagBag from /home/airflow/.local/lib/python3.12/site-packages/airflow/example_dags/example_setup_teardown.py
[2024-05-12T01:06:45.447+0000] {processor.py:840} INFO - DAG(s) 'example_setup_teardown' retrieved from /home/airflow/.local/lib/python3.12/site-packages/airflow/example_dags/example_setup_teardown.py
[2024-05-12T01:06:45.458+0000] {logging_mixin.py:188} INFO - [2024-05-12T01:06:45.458+0000] {dag.py:3096} INFO - Sync 1 DAGs
[2024-05-12T01:06:45.468+0000] {logging_mixin.py:188} INFO - [2024-05-12T01:06:45.468+0000] {dag.py:3954} INFO - Setting next_dagrun for example_setup_teardown to 2024-05-11 00:00:00+00:00, run_after=2024-05-12 00:00:00+00:00
[2024-05-12T01:06:45.476+0000] {processor.py:183} INFO - Processing /home/airflow/.local/lib/python3.12/site-packages/airflow/example_dags/example_setup_teardown.py took 0.037 seconds
[2024-05-12T01:10:17.210+0000] {processor.py:161} INFO - Started process (PID=10702) to work on /home/airflow/.local/lib/python3.12/site-packages/airflow/example_dags/example_setup_teardown.py
[2024-05-12T01:10:17.210+0000] {processor.py:830} INFO - Processing file /home/airflow/.local/lib/python3.12/site-packages/airflow/example_dags/example_setup_teardown.py for tasks to queue
[2024-05-12T01:10:17.212+0000] {logging_mixin.py:188} INFO - [2024-05-12T01:10:17.211+0000] {dagbag.py:545} INFO - Filling up the DagBag from /home/airflow/.local/lib/python3.12/site-packages/airflow/example_dags/example_setup_teardown.py
[2024-05-12T01:10:17.216+0000] {processor.py:840} INFO - DAG(s) 'example_setup_teardown' retrieved from /home/airflow/.local/lib/python3.12/site-packages/airflow/example_dags/example_setup_teardown.py
[2024-05-12T01:10:17.227+0000] {logging_mixin.py:188} INFO - [2024-05-12T01:10:17.227+0000] {dag.py:3096} INFO - Sync 1 DAGs
[2024-05-12T01:10:17.327+0000] {logging_mixin.py:188} INFO - [2024-05-12T01:10:17.327+0000] {dag.py:3954} INFO - Setting next_dagrun for example_setup_teardown to 2024-05-11 00:00:00+00:00, run_after=2024-05-12 00:00:00+00:00
[2024-05-12T01:10:17.336+0000] {processor.py:183} INFO - Processing /home/airflow/.local/lib/python3.12/site-packages/airflow/example_dags/example_setup_teardown.py took 0.130 seconds
[2024-05-12T01:10:47.989+0000] {processor.py:161} INFO - Started process (PID=10964) to work on /home/airflow/.local/lib/python3.12/site-packages/airflow/example_dags/example_setup_teardown.py
[2024-05-12T01:10:47.990+0000] {processor.py:830} INFO - Processing file /home/airflow/.local/lib/python3.12/site-packages/airflow/example_dags/example_setup_teardown.py for tasks to queue
[2024-05-12T01:10:47.991+0000] {logging_mixin.py:188} INFO - [2024-05-12T01:10:47.991+0000] {dagbag.py:545} INFO - Filling up the DagBag from /home/airflow/.local/lib/python3.12/site-packages/airflow/example_dags/example_setup_teardown.py
[2024-05-12T01:10:47.995+0000] {processor.py:840} INFO - DAG(s) 'example_setup_teardown' retrieved from /home/airflow/.local/lib/python3.12/site-packages/airflow/example_dags/example_setup_teardown.py
[2024-05-12T01:10:48.006+0000] {logging_mixin.py:188} INFO - [2024-05-12T01:10:48.006+0000] {dag.py:3096} INFO - Sync 1 DAGs
[2024-05-12T01:10:48.108+0000] {logging_mixin.py:188} INFO - [2024-05-12T01:10:48.108+0000] {dag.py:3954} INFO - Setting next_dagrun for example_setup_teardown to 2024-05-11 00:00:00+00:00, run_after=2024-05-12 00:00:00+00:00
[2024-05-12T01:10:48.118+0000] {processor.py:183} INFO - Processing /home/airflow/.local/lib/python3.12/site-packages/airflow/example_dags/example_setup_teardown.py took 0.132 seconds
[2024-05-12T01:11:18.342+0000] {processor.py:161} INFO - Started process (PID=11226) to work on /home/airflow/.local/lib/python3.12/site-packages/airflow/example_dags/example_setup_teardown.py
[2024-05-12T01:11:18.343+0000] {processor.py:830} INFO - Processing file /home/airflow/.local/lib/python3.12/site-packages/airflow/example_dags/example_setup_teardown.py for tasks to queue
[2024-05-12T01:11:18.344+0000] {logging_mixin.py:188} INFO - [2024-05-12T01:11:18.344+0000] {dagbag.py:545} INFO - Filling up the DagBag from /home/airflow/.local/lib/python3.12/site-packages/airflow/example_dags/example_setup_teardown.py
[2024-05-12T01:11:18.348+0000] {processor.py:840} INFO - DAG(s) 'example_setup_teardown' retrieved from /home/airflow/.local/lib/python3.12/site-packages/airflow/example_dags/example_setup_teardown.py
[2024-05-12T01:11:18.359+0000] {logging_mixin.py:188} INFO - [2024-05-12T01:11:18.359+0000] {dag.py:3096} INFO - Sync 1 DAGs
[2024-05-12T01:11:18.369+0000] {logging_mixin.py:188} INFO - [2024-05-12T01:11:18.369+0000] {dag.py:3954} INFO - Setting next_dagrun for example_setup_teardown to 2024-05-11 00:00:00+00:00, run_after=2024-05-12 00:00:00+00:00
[2024-05-12T01:11:18.461+0000] {processor.py:183} INFO - Processing /home/airflow/.local/lib/python3.12/site-packages/airflow/example_dags/example_setup_teardown.py took 0.122 seconds
[2024-05-12T01:11:48.821+0000] {processor.py:161} INFO - Started process (PID=11488) to work on /home/airflow/.local/lib/python3.12/site-packages/airflow/example_dags/example_setup_teardown.py
[2024-05-12T01:11:48.822+0000] {processor.py:830} INFO - Processing file /home/airflow/.local/lib/python3.12/site-packages/airflow/example_dags/example_setup_teardown.py for tasks to queue
[2024-05-12T01:11:48.823+0000] {logging_mixin.py:188} INFO - [2024-05-12T01:11:48.823+0000] {dagbag.py:545} INFO - Filling up the DagBag from /home/airflow/.local/lib/python3.12/site-packages/airflow/example_dags/example_setup_teardown.py
[2024-05-12T01:11:48.827+0000] {processor.py:840} INFO - DAG(s) 'example_setup_teardown' retrieved from /home/airflow/.local/lib/python3.12/site-packages/airflow/example_dags/example_setup_teardown.py
[2024-05-12T01:11:48.837+0000] {logging_mixin.py:188} INFO - [2024-05-12T01:11:48.837+0000] {dag.py:3096} INFO - Sync 1 DAGs
[2024-05-12T01:11:48.848+0000] {logging_mixin.py:188} INFO - [2024-05-12T01:11:48.848+0000] {dag.py:3954} INFO - Setting next_dagrun for example_setup_teardown to 2024-05-11 00:00:00+00:00, run_after=2024-05-12 00:00:00+00:00
[2024-05-12T01:11:48.856+0000] {processor.py:183} INFO - Processing /home/airflow/.local/lib/python3.12/site-packages/airflow/example_dags/example_setup_teardown.py took 0.038 seconds
[2024-05-12T01:12:19.734+0000] {processor.py:161} INFO - Started process (PID=11750) to work on /home/airflow/.local/lib/python3.12/site-packages/airflow/example_dags/example_setup_teardown.py
[2024-05-12T01:12:19.735+0000] {processor.py:830} INFO - Processing file /home/airflow/.local/lib/python3.12/site-packages/airflow/example_dags/example_setup_teardown.py for tasks to queue
[2024-05-12T01:12:19.736+0000] {logging_mixin.py:188} INFO - [2024-05-12T01:12:19.736+0000] {dagbag.py:545} INFO - Filling up the DagBag from /home/airflow/.local/lib/python3.12/site-packages/airflow/example_dags/example_setup_teardown.py
[2024-05-12T01:12:19.740+0000] {processor.py:840} INFO - DAG(s) 'example_setup_teardown' retrieved from /home/airflow/.local/lib/python3.12/site-packages/airflow/example_dags/example_setup_teardown.py
[2024-05-12T01:12:19.751+0000] {logging_mixin.py:188} INFO - [2024-05-12T01:12:19.751+0000] {dag.py:3096} INFO - Sync 1 DAGs
[2024-05-12T01:12:19.763+0000] {logging_mixin.py:188} INFO - [2024-05-12T01:12:19.763+0000] {dag.py:3954} INFO - Setting next_dagrun for example_setup_teardown to 2024-05-11 00:00:00+00:00, run_after=2024-05-12 00:00:00+00:00
[2024-05-12T01:12:19.774+0000] {processor.py:183} INFO - Processing /home/airflow/.local/lib/python3.12/site-packages/airflow/example_dags/example_setup_teardown.py took 0.044 seconds
[2024-05-12T01:12:50.651+0000] {processor.py:161} INFO - Started process (PID=12012) to work on /home/airflow/.local/lib/python3.12/site-packages/airflow/example_dags/example_setup_teardown.py
[2024-05-12T01:12:50.652+0000] {processor.py:830} INFO - Processing file /home/airflow/.local/lib/python3.12/site-packages/airflow/example_dags/example_setup_teardown.py for tasks to queue
[2024-05-12T01:12:50.653+0000] {logging_mixin.py:188} INFO - [2024-05-12T01:12:50.653+0000] {dagbag.py:545} INFO - Filling up the DagBag from /home/airflow/.local/lib/python3.12/site-packages/airflow/example_dags/example_setup_teardown.py
[2024-05-12T01:12:50.656+0000] {processor.py:840} INFO - DAG(s) 'example_setup_teardown' retrieved from /home/airflow/.local/lib/python3.12/site-packages/airflow/example_dags/example_setup_teardown.py
[2024-05-12T01:12:50.667+0000] {logging_mixin.py:188} INFO - [2024-05-12T01:12:50.667+0000] {dag.py:3096} INFO - Sync 1 DAGs
[2024-05-12T01:12:50.678+0000] {logging_mixin.py:188} INFO - [2024-05-12T01:12:50.678+0000] {dag.py:3954} INFO - Setting next_dagrun for example_setup_teardown to 2024-05-11 00:00:00+00:00, run_after=2024-05-12 00:00:00+00:00
[2024-05-12T01:12:50.687+0000] {processor.py:183} INFO - Processing /home/airflow/.local/lib/python3.12/site-packages/airflow/example_dags/example_setup_teardown.py took 0.039 seconds
[2024-05-12T01:13:21.536+0000] {processor.py:161} INFO - Started process (PID=12273) to work on /home/airflow/.local/lib/python3.12/site-packages/airflow/example_dags/example_setup_teardown.py
[2024-05-12T01:13:21.536+0000] {processor.py:830} INFO - Processing file /home/airflow/.local/lib/python3.12/site-packages/airflow/example_dags/example_setup_teardown.py for tasks to queue
[2024-05-12T01:13:21.537+0000] {logging_mixin.py:188} INFO - [2024-05-12T01:13:21.537+0000] {dagbag.py:545} INFO - Filling up the DagBag from /home/airflow/.local/lib/python3.12/site-packages/airflow/example_dags/example_setup_teardown.py
[2024-05-12T01:13:21.541+0000] {processor.py:840} INFO - DAG(s) 'example_setup_teardown' retrieved from /home/airflow/.local/lib/python3.12/site-packages/airflow/example_dags/example_setup_teardown.py
[2024-05-12T01:13:21.552+0000] {logging_mixin.py:188} INFO - [2024-05-12T01:13:21.552+0000] {dag.py:3096} INFO - Sync 1 DAGs
[2024-05-12T01:13:21.563+0000] {logging_mixin.py:188} INFO - [2024-05-12T01:13:21.563+0000] {dag.py:3954} INFO - Setting next_dagrun for example_setup_teardown to 2024-05-11 00:00:00+00:00, run_after=2024-05-12 00:00:00+00:00
[2024-05-12T01:13:21.571+0000] {processor.py:183} INFO - Processing /home/airflow/.local/lib/python3.12/site-packages/airflow/example_dags/example_setup_teardown.py took 0.039 seconds
[2024-05-12T01:13:52.457+0000] {processor.py:161} INFO - Started process (PID=12535) to work on /home/airflow/.local/lib/python3.12/site-packages/airflow/example_dags/example_setup_teardown.py
[2024-05-12T01:13:52.457+0000] {processor.py:830} INFO - Processing file /home/airflow/.local/lib/python3.12/site-packages/airflow/example_dags/example_setup_teardown.py for tasks to queue
[2024-05-12T01:13:52.458+0000] {logging_mixin.py:188} INFO - [2024-05-12T01:13:52.458+0000] {dagbag.py:545} INFO - Filling up the DagBag from /home/airflow/.local/lib/python3.12/site-packages/airflow/example_dags/example_setup_teardown.py
[2024-05-12T01:13:52.462+0000] {processor.py:840} INFO - DAG(s) 'example_setup_teardown' retrieved from /home/airflow/.local/lib/python3.12/site-packages/airflow/example_dags/example_setup_teardown.py
[2024-05-12T01:13:52.473+0000] {logging_mixin.py:188} INFO - [2024-05-12T01:13:52.473+0000] {dag.py:3096} INFO - Sync 1 DAGs
[2024-05-12T01:13:52.484+0000] {logging_mixin.py:188} INFO - [2024-05-12T01:13:52.484+0000] {dag.py:3954} INFO - Setting next_dagrun for example_setup_teardown to 2024-05-11 00:00:00+00:00, run_after=2024-05-12 00:00:00+00:00
[2024-05-12T01:13:52.492+0000] {processor.py:183} INFO - Processing /home/airflow/.local/lib/python3.12/site-packages/airflow/example_dags/example_setup_teardown.py took 0.039 seconds
[2024-05-12T01:14:23.332+0000] {processor.py:161} INFO - Started process (PID=12796) to work on /home/airflow/.local/lib/python3.12/site-packages/airflow/example_dags/example_setup_teardown.py
[2024-05-12T01:14:23.333+0000] {processor.py:830} INFO - Processing file /home/airflow/.local/lib/python3.12/site-packages/airflow/example_dags/example_setup_teardown.py for tasks to queue
[2024-05-12T01:14:23.334+0000] {logging_mixin.py:188} INFO - [2024-05-12T01:14:23.334+0000] {dagbag.py:545} INFO - Filling up the DagBag from /home/airflow/.local/lib/python3.12/site-packages/airflow/example_dags/example_setup_teardown.py
[2024-05-12T01:14:23.338+0000] {processor.py:840} INFO - DAG(s) 'example_setup_teardown' retrieved from /home/airflow/.local/lib/python3.12/site-packages/airflow/example_dags/example_setup_teardown.py
[2024-05-12T01:14:23.348+0000] {logging_mixin.py:188} INFO - [2024-05-12T01:14:23.348+0000] {dag.py:3096} INFO - Sync 1 DAGs
[2024-05-12T01:14:23.358+0000] {logging_mixin.py:188} INFO - [2024-05-12T01:14:23.358+0000] {dag.py:3954} INFO - Setting next_dagrun for example_setup_teardown to 2024-05-11 00:00:00+00:00, run_after=2024-05-12 00:00:00+00:00
[2024-05-12T01:14:23.366+0000] {processor.py:183} INFO - Processing /home/airflow/.local/lib/python3.12/site-packages/airflow/example_dags/example_setup_teardown.py took 0.037 seconds
[2024-05-12T01:14:54.300+0000] {processor.py:161} INFO - Started process (PID=13058) to work on /home/airflow/.local/lib/python3.12/site-packages/airflow/example_dags/example_setup_teardown.py
[2024-05-12T01:14:54.301+0000] {processor.py:830} INFO - Processing file /home/airflow/.local/lib/python3.12/site-packages/airflow/example_dags/example_setup_teardown.py for tasks to queue
[2024-05-12T01:14:54.302+0000] {logging_mixin.py:188} INFO - [2024-05-12T01:14:54.302+0000] {dagbag.py:545} INFO - Filling up the DagBag from /home/airflow/.local/lib/python3.12/site-packages/airflow/example_dags/example_setup_teardown.py
[2024-05-12T01:14:54.306+0000] {processor.py:840} INFO - DAG(s) 'example_setup_teardown' retrieved from /home/airflow/.local/lib/python3.12/site-packages/airflow/example_dags/example_setup_teardown.py
[2024-05-12T01:14:54.319+0000] {logging_mixin.py:188} INFO - [2024-05-12T01:14:54.319+0000] {dag.py:3096} INFO - Sync 1 DAGs
[2024-05-12T01:14:54.329+0000] {logging_mixin.py:188} INFO - [2024-05-12T01:14:54.329+0000] {dag.py:3954} INFO - Setting next_dagrun for example_setup_teardown to 2024-05-11 00:00:00+00:00, run_after=2024-05-12 00:00:00+00:00
[2024-05-12T01:14:54.337+0000] {processor.py:183} INFO - Processing /home/airflow/.local/lib/python3.12/site-packages/airflow/example_dags/example_setup_teardown.py took 0.041 seconds
[2024-05-12T01:15:25.293+0000] {processor.py:161} INFO - Started process (PID=13320) to work on /home/airflow/.local/lib/python3.12/site-packages/airflow/example_dags/example_setup_teardown.py
[2024-05-12T01:15:25.294+0000] {processor.py:830} INFO - Processing file /home/airflow/.local/lib/python3.12/site-packages/airflow/example_dags/example_setup_teardown.py for tasks to queue
[2024-05-12T01:15:25.295+0000] {logging_mixin.py:188} INFO - [2024-05-12T01:15:25.295+0000] {dagbag.py:545} INFO - Filling up the DagBag from /home/airflow/.local/lib/python3.12/site-packages/airflow/example_dags/example_setup_teardown.py
[2024-05-12T01:15:25.298+0000] {processor.py:840} INFO - DAG(s) 'example_setup_teardown' retrieved from /home/airflow/.local/lib/python3.12/site-packages/airflow/example_dags/example_setup_teardown.py
[2024-05-12T01:15:25.309+0000] {logging_mixin.py:188} INFO - [2024-05-12T01:15:25.308+0000] {dag.py:3096} INFO - Sync 1 DAGs
[2024-05-12T01:15:25.319+0000] {logging_mixin.py:188} INFO - [2024-05-12T01:15:25.319+0000] {dag.py:3954} INFO - Setting next_dagrun for example_setup_teardown to 2024-05-11 00:00:00+00:00, run_after=2024-05-12 00:00:00+00:00
[2024-05-12T01:15:25.328+0000] {processor.py:183} INFO - Processing /home/airflow/.local/lib/python3.12/site-packages/airflow/example_dags/example_setup_teardown.py took 0.037 seconds
[2024-05-12T01:15:56.207+0000] {processor.py:161} INFO - Started process (PID=13582) to work on /home/airflow/.local/lib/python3.12/site-packages/airflow/example_dags/example_setup_teardown.py
[2024-05-12T01:15:56.207+0000] {processor.py:830} INFO - Processing file /home/airflow/.local/lib/python3.12/site-packages/airflow/example_dags/example_setup_teardown.py for tasks to queue
[2024-05-12T01:15:56.209+0000] {logging_mixin.py:188} INFO - [2024-05-12T01:15:56.208+0000] {dagbag.py:545} INFO - Filling up the DagBag from /home/airflow/.local/lib/python3.12/site-packages/airflow/example_dags/example_setup_teardown.py
[2024-05-12T01:15:56.212+0000] {processor.py:840} INFO - DAG(s) 'example_setup_teardown' retrieved from /home/airflow/.local/lib/python3.12/site-packages/airflow/example_dags/example_setup_teardown.py
[2024-05-12T01:15:56.223+0000] {logging_mixin.py:188} INFO - [2024-05-12T01:15:56.223+0000] {dag.py:3096} INFO - Sync 1 DAGs
[2024-05-12T01:15:56.234+0000] {logging_mixin.py:188} INFO - [2024-05-12T01:15:56.233+0000] {dag.py:3954} INFO - Setting next_dagrun for example_setup_teardown to 2024-05-11 00:00:00+00:00, run_after=2024-05-12 00:00:00+00:00
[2024-05-12T01:15:56.242+0000] {processor.py:183} INFO - Processing /home/airflow/.local/lib/python3.12/site-packages/airflow/example_dags/example_setup_teardown.py took 0.038 seconds
[2024-05-12T01:16:26.980+0000] {processor.py:161} INFO - Started process (PID=13844) to work on /home/airflow/.local/lib/python3.12/site-packages/airflow/example_dags/example_setup_teardown.py
[2024-05-12T01:16:26.981+0000] {processor.py:830} INFO - Processing file /home/airflow/.local/lib/python3.12/site-packages/airflow/example_dags/example_setup_teardown.py for tasks to queue
[2024-05-12T01:16:26.982+0000] {logging_mixin.py:188} INFO - [2024-05-12T01:16:26.982+0000] {dagbag.py:545} INFO - Filling up the DagBag from /home/airflow/.local/lib/python3.12/site-packages/airflow/example_dags/example_setup_teardown.py
[2024-05-12T01:16:26.985+0000] {processor.py:840} INFO - DAG(s) 'example_setup_teardown' retrieved from /home/airflow/.local/lib/python3.12/site-packages/airflow/example_dags/example_setup_teardown.py
[2024-05-12T01:16:26.996+0000] {logging_mixin.py:188} INFO - [2024-05-12T01:16:26.996+0000] {dag.py:3096} INFO - Sync 1 DAGs
[2024-05-12T01:16:27.006+0000] {logging_mixin.py:188} INFO - [2024-05-12T01:16:27.006+0000] {dag.py:3954} INFO - Setting next_dagrun for example_setup_teardown to 2024-05-11 00:00:00+00:00, run_after=2024-05-12 00:00:00+00:00
[2024-05-12T01:16:27.014+0000] {processor.py:183} INFO - Processing /home/airflow/.local/lib/python3.12/site-packages/airflow/example_dags/example_setup_teardown.py took 0.037 seconds
[2024-05-12T01:16:57.706+0000] {processor.py:161} INFO - Started process (PID=14106) to work on /home/airflow/.local/lib/python3.12/site-packages/airflow/example_dags/example_setup_teardown.py
[2024-05-12T01:16:57.707+0000] {processor.py:830} INFO - Processing file /home/airflow/.local/lib/python3.12/site-packages/airflow/example_dags/example_setup_teardown.py for tasks to queue
[2024-05-12T01:16:57.708+0000] {logging_mixin.py:188} INFO - [2024-05-12T01:16:57.708+0000] {dagbag.py:545} INFO - Filling up the DagBag from /home/airflow/.local/lib/python3.12/site-packages/airflow/example_dags/example_setup_teardown.py
[2024-05-12T01:16:57.711+0000] {processor.py:840} INFO - DAG(s) 'example_setup_teardown' retrieved from /home/airflow/.local/lib/python3.12/site-packages/airflow/example_dags/example_setup_teardown.py
[2024-05-12T01:16:57.722+0000] {logging_mixin.py:188} INFO - [2024-05-12T01:16:57.721+0000] {dag.py:3096} INFO - Sync 1 DAGs
[2024-05-12T01:16:57.732+0000] {logging_mixin.py:188} INFO - [2024-05-12T01:16:57.732+0000] {dag.py:3954} INFO - Setting next_dagrun for example_setup_teardown to 2024-05-11 00:00:00+00:00, run_after=2024-05-12 00:00:00+00:00
[2024-05-12T01:16:57.741+0000] {processor.py:183} INFO - Processing /home/airflow/.local/lib/python3.12/site-packages/airflow/example_dags/example_setup_teardown.py took 0.038 seconds
[2024-05-12T01:17:28.487+0000] {processor.py:161} INFO - Started process (PID=14368) to work on /home/airflow/.local/lib/python3.12/site-packages/airflow/example_dags/example_setup_teardown.py
[2024-05-12T01:17:28.487+0000] {processor.py:830} INFO - Processing file /home/airflow/.local/lib/python3.12/site-packages/airflow/example_dags/example_setup_teardown.py for tasks to queue
[2024-05-12T01:17:28.488+0000] {logging_mixin.py:188} INFO - [2024-05-12T01:17:28.488+0000] {dagbag.py:545} INFO - Filling up the DagBag from /home/airflow/.local/lib/python3.12/site-packages/airflow/example_dags/example_setup_teardown.py
[2024-05-12T01:17:28.492+0000] {processor.py:840} INFO - DAG(s) 'example_setup_teardown' retrieved from /home/airflow/.local/lib/python3.12/site-packages/airflow/example_dags/example_setup_teardown.py
[2024-05-12T01:17:28.502+0000] {logging_mixin.py:188} INFO - [2024-05-12T01:17:28.502+0000] {dag.py:3096} INFO - Sync 1 DAGs
[2024-05-12T01:17:28.512+0000] {logging_mixin.py:188} INFO - [2024-05-12T01:17:28.512+0000] {dag.py:3954} INFO - Setting next_dagrun for example_setup_teardown to 2024-05-11 00:00:00+00:00, run_after=2024-05-12 00:00:00+00:00
[2024-05-12T01:17:28.521+0000] {processor.py:183} INFO - Processing /home/airflow/.local/lib/python3.12/site-packages/airflow/example_dags/example_setup_teardown.py took 0.037 seconds
[2024-05-12T01:17:59.314+0000] {processor.py:161} INFO - Started process (PID=14630) to work on /home/airflow/.local/lib/python3.12/site-packages/airflow/example_dags/example_setup_teardown.py
[2024-05-12T01:17:59.316+0000] {processor.py:830} INFO - Processing file /home/airflow/.local/lib/python3.12/site-packages/airflow/example_dags/example_setup_teardown.py for tasks to queue
[2024-05-12T01:17:59.320+0000] {logging_mixin.py:188} INFO - [2024-05-12T01:17:59.320+0000] {dagbag.py:545} INFO - Filling up the DagBag from /home/airflow/.local/lib/python3.12/site-packages/airflow/example_dags/example_setup_teardown.py
[2024-05-12T01:17:59.323+0000] {processor.py:840} INFO - DAG(s) 'example_setup_teardown' retrieved from /home/airflow/.local/lib/python3.12/site-packages/airflow/example_dags/example_setup_teardown.py
[2024-05-12T01:17:59.335+0000] {logging_mixin.py:188} INFO - [2024-05-12T01:17:59.335+0000] {dag.py:3096} INFO - Sync 1 DAGs
[2024-05-12T01:17:59.345+0000] {logging_mixin.py:188} INFO - [2024-05-12T01:17:59.345+0000] {dag.py:3954} INFO - Setting next_dagrun for example_setup_teardown to 2024-05-11 00:00:00+00:00, run_after=2024-05-12 00:00:00+00:00
[2024-05-12T01:17:59.353+0000] {processor.py:183} INFO - Processing /home/airflow/.local/lib/python3.12/site-packages/airflow/example_dags/example_setup_teardown.py took 0.042 seconds
[2024-05-12T01:18:30.203+0000] {processor.py:161} INFO - Started process (PID=14892) to work on /home/airflow/.local/lib/python3.12/site-packages/airflow/example_dags/example_setup_teardown.py
[2024-05-12T01:18:30.205+0000] {processor.py:830} INFO - Processing file /home/airflow/.local/lib/python3.12/site-packages/airflow/example_dags/example_setup_teardown.py for tasks to queue
[2024-05-12T01:18:30.206+0000] {logging_mixin.py:188} INFO - [2024-05-12T01:18:30.206+0000] {dagbag.py:545} INFO - Filling up the DagBag from /home/airflow/.local/lib/python3.12/site-packages/airflow/example_dags/example_setup_teardown.py
[2024-05-12T01:18:30.210+0000] {processor.py:840} INFO - DAG(s) 'example_setup_teardown' retrieved from /home/airflow/.local/lib/python3.12/site-packages/airflow/example_dags/example_setup_teardown.py
[2024-05-12T01:18:30.221+0000] {logging_mixin.py:188} INFO - [2024-05-12T01:18:30.221+0000] {dag.py:3096} INFO - Sync 1 DAGs
[2024-05-12T01:18:30.231+0000] {logging_mixin.py:188} INFO - [2024-05-12T01:18:30.231+0000] {dag.py:3954} INFO - Setting next_dagrun for example_setup_teardown to 2024-05-11 00:00:00+00:00, run_after=2024-05-12 00:00:00+00:00
[2024-05-12T01:18:30.239+0000] {processor.py:183} INFO - Processing /home/airflow/.local/lib/python3.12/site-packages/airflow/example_dags/example_setup_teardown.py took 0.039 seconds
[2024-05-12T01:19:00.966+0000] {processor.py:161} INFO - Started process (PID=15154) to work on /home/airflow/.local/lib/python3.12/site-packages/airflow/example_dags/example_setup_teardown.py
[2024-05-12T01:19:00.966+0000] {processor.py:830} INFO - Processing file /home/airflow/.local/lib/python3.12/site-packages/airflow/example_dags/example_setup_teardown.py for tasks to queue
[2024-05-12T01:19:00.967+0000] {logging_mixin.py:188} INFO - [2024-05-12T01:19:00.967+0000] {dagbag.py:545} INFO - Filling up the DagBag from /home/airflow/.local/lib/python3.12/site-packages/airflow/example_dags/example_setup_teardown.py
[2024-05-12T01:19:00.971+0000] {processor.py:840} INFO - DAG(s) 'example_setup_teardown' retrieved from /home/airflow/.local/lib/python3.12/site-packages/airflow/example_dags/example_setup_teardown.py
[2024-05-12T01:19:00.982+0000] {logging_mixin.py:188} INFO - [2024-05-12T01:19:00.981+0000] {dag.py:3096} INFO - Sync 1 DAGs
[2024-05-12T01:19:00.993+0000] {logging_mixin.py:188} INFO - [2024-05-12T01:19:00.992+0000] {dag.py:3954} INFO - Setting next_dagrun for example_setup_teardown to 2024-05-11 00:00:00+00:00, run_after=2024-05-12 00:00:00+00:00
[2024-05-12T01:19:01.001+0000] {processor.py:183} INFO - Processing /home/airflow/.local/lib/python3.12/site-packages/airflow/example_dags/example_setup_teardown.py took 0.039 seconds
[2024-05-12T01:19:31.910+0000] {processor.py:161} INFO - Started process (PID=15416) to work on /home/airflow/.local/lib/python3.12/site-packages/airflow/example_dags/example_setup_teardown.py
[2024-05-12T01:19:31.911+0000] {processor.py:830} INFO - Processing file /home/airflow/.local/lib/python3.12/site-packages/airflow/example_dags/example_setup_teardown.py for tasks to queue
[2024-05-12T01:19:31.912+0000] {logging_mixin.py:188} INFO - [2024-05-12T01:19:31.912+0000] {dagbag.py:545} INFO - Filling up the DagBag from /home/airflow/.local/lib/python3.12/site-packages/airflow/example_dags/example_setup_teardown.py
[2024-05-12T01:19:31.916+0000] {processor.py:840} INFO - DAG(s) 'example_setup_teardown' retrieved from /home/airflow/.local/lib/python3.12/site-packages/airflow/example_dags/example_setup_teardown.py
[2024-05-12T01:19:31.926+0000] {logging_mixin.py:188} INFO - [2024-05-12T01:19:31.925+0000] {dag.py:3096} INFO - Sync 1 DAGs
[2024-05-12T01:19:31.936+0000] {logging_mixin.py:188} INFO - [2024-05-12T01:19:31.936+0000] {dag.py:3954} INFO - Setting next_dagrun for example_setup_teardown to 2024-05-11 00:00:00+00:00, run_after=2024-05-12 00:00:00+00:00
[2024-05-12T01:19:31.944+0000] {processor.py:183} INFO - Processing /home/airflow/.local/lib/python3.12/site-packages/airflow/example_dags/example_setup_teardown.py took 0.037 seconds
[2024-05-12T01:20:02.699+0000] {processor.py:161} INFO - Started process (PID=15678) to work on /home/airflow/.local/lib/python3.12/site-packages/airflow/example_dags/example_setup_teardown.py
[2024-05-12T01:20:02.700+0000] {processor.py:830} INFO - Processing file /home/airflow/.local/lib/python3.12/site-packages/airflow/example_dags/example_setup_teardown.py for tasks to queue
[2024-05-12T01:20:02.701+0000] {logging_mixin.py:188} INFO - [2024-05-12T01:20:02.701+0000] {dagbag.py:545} INFO - Filling up the DagBag from /home/airflow/.local/lib/python3.12/site-packages/airflow/example_dags/example_setup_teardown.py
[2024-05-12T01:20:02.705+0000] {processor.py:840} INFO - DAG(s) 'example_setup_teardown' retrieved from /home/airflow/.local/lib/python3.12/site-packages/airflow/example_dags/example_setup_teardown.py
[2024-05-12T01:20:02.716+0000] {logging_mixin.py:188} INFO - [2024-05-12T01:20:02.716+0000] {dag.py:3096} INFO - Sync 1 DAGs
[2024-05-12T01:20:02.727+0000] {logging_mixin.py:188} INFO - [2024-05-12T01:20:02.727+0000] {dag.py:3954} INFO - Setting next_dagrun for example_setup_teardown to 2024-05-11 00:00:00+00:00, run_after=2024-05-12 00:00:00+00:00
[2024-05-12T01:20:02.736+0000] {processor.py:183} INFO - Processing /home/airflow/.local/lib/python3.12/site-packages/airflow/example_dags/example_setup_teardown.py took 0.040 seconds
[2024-05-12T01:20:33.505+0000] {processor.py:161} INFO - Started process (PID=15940) to work on /home/airflow/.local/lib/python3.12/site-packages/airflow/example_dags/example_setup_teardown.py
[2024-05-12T01:20:33.505+0000] {processor.py:830} INFO - Processing file /home/airflow/.local/lib/python3.12/site-packages/airflow/example_dags/example_setup_teardown.py for tasks to queue
[2024-05-12T01:20:33.506+0000] {logging_mixin.py:188} INFO - [2024-05-12T01:20:33.506+0000] {dagbag.py:545} INFO - Filling up the DagBag from /home/airflow/.local/lib/python3.12/site-packages/airflow/example_dags/example_setup_teardown.py
[2024-05-12T01:20:33.510+0000] {processor.py:840} INFO - DAG(s) 'example_setup_teardown' retrieved from /home/airflow/.local/lib/python3.12/site-packages/airflow/example_dags/example_setup_teardown.py
[2024-05-12T01:20:33.520+0000] {logging_mixin.py:188} INFO - [2024-05-12T01:20:33.520+0000] {dag.py:3096} INFO - Sync 1 DAGs
[2024-05-12T01:20:33.531+0000] {logging_mixin.py:188} INFO - [2024-05-12T01:20:33.531+0000] {dag.py:3954} INFO - Setting next_dagrun for example_setup_teardown to 2024-05-11 00:00:00+00:00, run_after=2024-05-12 00:00:00+00:00
[2024-05-12T01:20:33.539+0000] {processor.py:183} INFO - Processing /home/airflow/.local/lib/python3.12/site-packages/airflow/example_dags/example_setup_teardown.py took 0.037 seconds
[2024-05-12T01:21:04.326+0000] {processor.py:161} INFO - Started process (PID=16202) to work on /home/airflow/.local/lib/python3.12/site-packages/airflow/example_dags/example_setup_teardown.py
[2024-05-12T01:21:04.327+0000] {processor.py:830} INFO - Processing file /home/airflow/.local/lib/python3.12/site-packages/airflow/example_dags/example_setup_teardown.py for tasks to queue
[2024-05-12T01:21:04.328+0000] {logging_mixin.py:188} INFO - [2024-05-12T01:21:04.328+0000] {dagbag.py:545} INFO - Filling up the DagBag from /home/airflow/.local/lib/python3.12/site-packages/airflow/example_dags/example_setup_teardown.py
[2024-05-12T01:21:04.331+0000] {processor.py:840} INFO - DAG(s) 'example_setup_teardown' retrieved from /home/airflow/.local/lib/python3.12/site-packages/airflow/example_dags/example_setup_teardown.py
[2024-05-12T01:21:04.342+0000] {logging_mixin.py:188} INFO - [2024-05-12T01:21:04.342+0000] {dag.py:3096} INFO - Sync 1 DAGs
[2024-05-12T01:21:04.351+0000] {logging_mixin.py:188} INFO - [2024-05-12T01:21:04.351+0000] {dag.py:3954} INFO - Setting next_dagrun for example_setup_teardown to 2024-05-11 00:00:00+00:00, run_after=2024-05-12 00:00:00+00:00
[2024-05-12T01:21:04.360+0000] {processor.py:183} INFO - Processing /home/airflow/.local/lib/python3.12/site-packages/airflow/example_dags/example_setup_teardown.py took 0.037 seconds
[2024-05-12T01:21:35.285+0000] {processor.py:161} INFO - Started process (PID=16463) to work on /home/airflow/.local/lib/python3.12/site-packages/airflow/example_dags/example_setup_teardown.py
[2024-05-12T01:21:35.286+0000] {processor.py:830} INFO - Processing file /home/airflow/.local/lib/python3.12/site-packages/airflow/example_dags/example_setup_teardown.py for tasks to queue
[2024-05-12T01:21:35.287+0000] {logging_mixin.py:188} INFO - [2024-05-12T01:21:35.287+0000] {dagbag.py:545} INFO - Filling up the DagBag from /home/airflow/.local/lib/python3.12/site-packages/airflow/example_dags/example_setup_teardown.py
[2024-05-12T01:21:35.291+0000] {processor.py:840} INFO - DAG(s) 'example_setup_teardown' retrieved from /home/airflow/.local/lib/python3.12/site-packages/airflow/example_dags/example_setup_teardown.py
[2024-05-12T01:21:35.301+0000] {logging_mixin.py:188} INFO - [2024-05-12T01:21:35.301+0000] {dag.py:3096} INFO - Sync 1 DAGs
[2024-05-12T01:21:35.313+0000] {logging_mixin.py:188} INFO - [2024-05-12T01:21:35.313+0000] {dag.py:3954} INFO - Setting next_dagrun for example_setup_teardown to 2024-05-11 00:00:00+00:00, run_after=2024-05-12 00:00:00+00:00
[2024-05-12T01:21:35.321+0000] {processor.py:183} INFO - Processing /home/airflow/.local/lib/python3.12/site-packages/airflow/example_dags/example_setup_teardown.py took 0.039 seconds
[2024-05-12T01:22:06.081+0000] {processor.py:161} INFO - Started process (PID=16725) to work on /home/airflow/.local/lib/python3.12/site-packages/airflow/example_dags/example_setup_teardown.py
[2024-05-12T01:22:06.082+0000] {processor.py:830} INFO - Processing file /home/airflow/.local/lib/python3.12/site-packages/airflow/example_dags/example_setup_teardown.py for tasks to queue
[2024-05-12T01:22:06.083+0000] {logging_mixin.py:188} INFO - [2024-05-12T01:22:06.083+0000] {dagbag.py:545} INFO - Filling up the DagBag from /home/airflow/.local/lib/python3.12/site-packages/airflow/example_dags/example_setup_teardown.py
[2024-05-12T01:22:06.087+0000] {processor.py:840} INFO - DAG(s) 'example_setup_teardown' retrieved from /home/airflow/.local/lib/python3.12/site-packages/airflow/example_dags/example_setup_teardown.py
[2024-05-12T01:22:06.103+0000] {logging_mixin.py:188} INFO - [2024-05-12T01:22:06.102+0000] {dag.py:3096} INFO - Sync 1 DAGs
[2024-05-12T01:22:06.118+0000] {logging_mixin.py:188} INFO - [2024-05-12T01:22:06.118+0000] {dag.py:3954} INFO - Setting next_dagrun for example_setup_teardown to 2024-05-11 00:00:00+00:00, run_after=2024-05-12 00:00:00+00:00
[2024-05-12T01:22:06.127+0000] {processor.py:183} INFO - Processing /home/airflow/.local/lib/python3.12/site-packages/airflow/example_dags/example_setup_teardown.py took 0.049 seconds
