[2024-05-12T00:37:43.536+0000] {processor.py:161} INFO - Started process (PID=4430) to work on /home/airflow/.local/lib/python3.12/site-packages/airflow/example_dags/example_sla_dag.py
[2024-05-12T00:37:43.537+0000] {processor.py:830} INFO - Processing file /home/airflow/.local/lib/python3.12/site-packages/airflow/example_dags/example_sla_dag.py for tasks to queue
[2024-05-12T00:37:43.538+0000] {logging_mixin.py:188} INFO - [2024-05-12T00:37:43.538+0000] {dagbag.py:545} INFO - Filling up the DagBag from /home/airflow/.local/lib/python3.12/site-packages/airflow/example_dags/example_sla_dag.py
[2024-05-12T00:37:43.542+0000] {processor.py:840} INFO - DAG(s) 'example_sla_dag' retrieved from /home/airflow/.local/lib/python3.12/site-packages/airflow/example_dags/example_sla_dag.py
[2024-05-12T00:37:43.552+0000] {logging_mixin.py:188} INFO - [2024-05-12T00:37:43.552+0000] {dag.py:3096} INFO - Sync 1 DAGs
[2024-05-12T00:37:43.563+0000] {logging_mixin.py:188} INFO - [2024-05-12T00:37:43.563+0000] {dag.py:3954} INFO - Setting next_dagrun for example_sla_dag to 2024-05-12 00:34:00+00:00, run_after=2024-05-12 00:36:00+00:00
[2024-05-12T00:37:43.571+0000] {processor.py:183} INFO - Processing /home/airflow/.local/lib/python3.12/site-packages/airflow/example_dags/example_sla_dag.py took 0.038 seconds
[2024-05-12T00:38:14.262+0000] {processor.py:161} INFO - Started process (PID=4692) to work on /home/airflow/.local/lib/python3.12/site-packages/airflow/example_dags/example_sla_dag.py
[2024-05-12T00:38:14.263+0000] {processor.py:830} INFO - Processing file /home/airflow/.local/lib/python3.12/site-packages/airflow/example_dags/example_sla_dag.py for tasks to queue
[2024-05-12T00:38:14.264+0000] {logging_mixin.py:188} INFO - [2024-05-12T00:38:14.264+0000] {dagbag.py:545} INFO - Filling up the DagBag from /home/airflow/.local/lib/python3.12/site-packages/airflow/example_dags/example_sla_dag.py
[2024-05-12T00:38:14.268+0000] {processor.py:840} INFO - DAG(s) 'example_sla_dag' retrieved from /home/airflow/.local/lib/python3.12/site-packages/airflow/example_dags/example_sla_dag.py
[2024-05-12T00:38:14.278+0000] {logging_mixin.py:188} INFO - [2024-05-12T00:38:14.278+0000] {dag.py:3096} INFO - Sync 1 DAGs
[2024-05-12T00:38:14.289+0000] {logging_mixin.py:188} INFO - [2024-05-12T00:38:14.289+0000] {dag.py:3954} INFO - Setting next_dagrun for example_sla_dag to 2024-05-12 00:36:00+00:00, run_after=2024-05-12 00:38:00+00:00
[2024-05-12T00:38:14.298+0000] {processor.py:183} INFO - Processing /home/airflow/.local/lib/python3.12/site-packages/airflow/example_dags/example_sla_dag.py took 0.038 seconds
[2024-05-12T00:38:44.934+0000] {processor.py:161} INFO - Started process (PID=4954) to work on /home/airflow/.local/lib/python3.12/site-packages/airflow/example_dags/example_sla_dag.py
[2024-05-12T00:38:44.935+0000] {processor.py:830} INFO - Processing file /home/airflow/.local/lib/python3.12/site-packages/airflow/example_dags/example_sla_dag.py for tasks to queue
[2024-05-12T00:38:44.936+0000] {logging_mixin.py:188} INFO - [2024-05-12T00:38:44.936+0000] {dagbag.py:545} INFO - Filling up the DagBag from /home/airflow/.local/lib/python3.12/site-packages/airflow/example_dags/example_sla_dag.py
[2024-05-12T00:38:44.940+0000] {processor.py:840} INFO - DAG(s) 'example_sla_dag' retrieved from /home/airflow/.local/lib/python3.12/site-packages/airflow/example_dags/example_sla_dag.py
[2024-05-12T00:38:44.951+0000] {logging_mixin.py:188} INFO - [2024-05-12T00:38:44.951+0000] {dag.py:3096} INFO - Sync 1 DAGs
[2024-05-12T00:38:44.962+0000] {logging_mixin.py:188} INFO - [2024-05-12T00:38:44.962+0000] {dag.py:3954} INFO - Setting next_dagrun for example_sla_dag to 2024-05-12 00:36:00+00:00, run_after=2024-05-12 00:38:00+00:00
[2024-05-12T00:38:44.972+0000] {processor.py:183} INFO - Processing /home/airflow/.local/lib/python3.12/site-packages/airflow/example_dags/example_sla_dag.py took 0.041 seconds
[2024-05-12T00:39:15.563+0000] {processor.py:161} INFO - Started process (PID=5215) to work on /home/airflow/.local/lib/python3.12/site-packages/airflow/example_dags/example_sla_dag.py
[2024-05-12T00:39:15.564+0000] {processor.py:830} INFO - Processing file /home/airflow/.local/lib/python3.12/site-packages/airflow/example_dags/example_sla_dag.py for tasks to queue
[2024-05-12T00:39:15.565+0000] {logging_mixin.py:188} INFO - [2024-05-12T00:39:15.565+0000] {dagbag.py:545} INFO - Filling up the DagBag from /home/airflow/.local/lib/python3.12/site-packages/airflow/example_dags/example_sla_dag.py
[2024-05-12T00:39:15.570+0000] {processor.py:840} INFO - DAG(s) 'example_sla_dag' retrieved from /home/airflow/.local/lib/python3.12/site-packages/airflow/example_dags/example_sla_dag.py
[2024-05-12T00:39:15.581+0000] {logging_mixin.py:188} INFO - [2024-05-12T00:39:15.581+0000] {dag.py:3096} INFO - Sync 1 DAGs
[2024-05-12T00:39:15.593+0000] {logging_mixin.py:188} INFO - [2024-05-12T00:39:15.592+0000] {dag.py:3954} INFO - Setting next_dagrun for example_sla_dag to 2024-05-12 00:36:00+00:00, run_after=2024-05-12 00:38:00+00:00
[2024-05-12T00:39:15.602+0000] {processor.py:183} INFO - Processing /home/airflow/.local/lib/python3.12/site-packages/airflow/example_dags/example_sla_dag.py took 0.042 seconds
[2024-05-12T00:39:46.404+0000] {processor.py:161} INFO - Started process (PID=5476) to work on /home/airflow/.local/lib/python3.12/site-packages/airflow/example_dags/example_sla_dag.py
[2024-05-12T00:39:46.405+0000] {processor.py:830} INFO - Processing file /home/airflow/.local/lib/python3.12/site-packages/airflow/example_dags/example_sla_dag.py for tasks to queue
[2024-05-12T00:39:46.406+0000] {logging_mixin.py:188} INFO - [2024-05-12T00:39:46.406+0000] {dagbag.py:545} INFO - Filling up the DagBag from /home/airflow/.local/lib/python3.12/site-packages/airflow/example_dags/example_sla_dag.py
[2024-05-12T00:39:46.410+0000] {processor.py:840} INFO - DAG(s) 'example_sla_dag' retrieved from /home/airflow/.local/lib/python3.12/site-packages/airflow/example_dags/example_sla_dag.py
[2024-05-12T00:39:46.422+0000] {logging_mixin.py:188} INFO - [2024-05-12T00:39:46.422+0000] {dag.py:3096} INFO - Sync 1 DAGs
[2024-05-12T00:39:46.433+0000] {logging_mixin.py:188} INFO - [2024-05-12T00:39:46.433+0000] {dag.py:3954} INFO - Setting next_dagrun for example_sla_dag to 2024-05-12 00:36:00+00:00, run_after=2024-05-12 00:38:00+00:00
[2024-05-12T00:39:46.443+0000] {processor.py:183} INFO - Processing /home/airflow/.local/lib/python3.12/site-packages/airflow/example_dags/example_sla_dag.py took 0.042 seconds
[2024-05-12T00:40:17.120+0000] {processor.py:161} INFO - Started process (PID=5738) to work on /home/airflow/.local/lib/python3.12/site-packages/airflow/example_dags/example_sla_dag.py
[2024-05-12T00:40:17.120+0000] {processor.py:830} INFO - Processing file /home/airflow/.local/lib/python3.12/site-packages/airflow/example_dags/example_sla_dag.py for tasks to queue
[2024-05-12T00:40:17.121+0000] {logging_mixin.py:188} INFO - [2024-05-12T00:40:17.121+0000] {dagbag.py:545} INFO - Filling up the DagBag from /home/airflow/.local/lib/python3.12/site-packages/airflow/example_dags/example_sla_dag.py
[2024-05-12T00:40:17.126+0000] {processor.py:840} INFO - DAG(s) 'example_sla_dag' retrieved from /home/airflow/.local/lib/python3.12/site-packages/airflow/example_dags/example_sla_dag.py
[2024-05-12T00:40:17.136+0000] {logging_mixin.py:188} INFO - [2024-05-12T00:40:17.136+0000] {dag.py:3096} INFO - Sync 1 DAGs
[2024-05-12T00:40:17.148+0000] {logging_mixin.py:188} INFO - [2024-05-12T00:40:17.148+0000] {dag.py:3954} INFO - Setting next_dagrun for example_sla_dag to 2024-05-12 00:38:00+00:00, run_after=2024-05-12 00:40:00+00:00
[2024-05-12T00:40:17.156+0000] {processor.py:183} INFO - Processing /home/airflow/.local/lib/python3.12/site-packages/airflow/example_dags/example_sla_dag.py took 0.039 seconds
[2024-05-12T00:40:47.801+0000] {processor.py:161} INFO - Started process (PID=6000) to work on /home/airflow/.local/lib/python3.12/site-packages/airflow/example_dags/example_sla_dag.py
[2024-05-12T00:40:47.801+0000] {processor.py:830} INFO - Processing file /home/airflow/.local/lib/python3.12/site-packages/airflow/example_dags/example_sla_dag.py for tasks to queue
[2024-05-12T00:40:47.802+0000] {logging_mixin.py:188} INFO - [2024-05-12T00:40:47.802+0000] {dagbag.py:545} INFO - Filling up the DagBag from /home/airflow/.local/lib/python3.12/site-packages/airflow/example_dags/example_sla_dag.py
[2024-05-12T00:40:47.806+0000] {processor.py:840} INFO - DAG(s) 'example_sla_dag' retrieved from /home/airflow/.local/lib/python3.12/site-packages/airflow/example_dags/example_sla_dag.py
[2024-05-12T00:40:47.815+0000] {logging_mixin.py:188} INFO - [2024-05-12T00:40:47.815+0000] {dag.py:3096} INFO - Sync 1 DAGs
[2024-05-12T00:40:47.826+0000] {logging_mixin.py:188} INFO - [2024-05-12T00:40:47.826+0000] {dag.py:3954} INFO - Setting next_dagrun for example_sla_dag to 2024-05-12 00:38:00+00:00, run_after=2024-05-12 00:40:00+00:00
[2024-05-12T00:40:47.834+0000] {processor.py:183} INFO - Processing /home/airflow/.local/lib/python3.12/site-packages/airflow/example_dags/example_sla_dag.py took 0.036 seconds
[2024-05-12T00:41:18.749+0000] {processor.py:161} INFO - Started process (PID=6262) to work on /home/airflow/.local/lib/python3.12/site-packages/airflow/example_dags/example_sla_dag.py
[2024-05-12T00:41:18.749+0000] {processor.py:830} INFO - Processing file /home/airflow/.local/lib/python3.12/site-packages/airflow/example_dags/example_sla_dag.py for tasks to queue
[2024-05-12T00:41:18.750+0000] {logging_mixin.py:188} INFO - [2024-05-12T00:41:18.750+0000] {dagbag.py:545} INFO - Filling up the DagBag from /home/airflow/.local/lib/python3.12/site-packages/airflow/example_dags/example_sla_dag.py
[2024-05-12T00:41:18.755+0000] {processor.py:840} INFO - DAG(s) 'example_sla_dag' retrieved from /home/airflow/.local/lib/python3.12/site-packages/airflow/example_dags/example_sla_dag.py
[2024-05-12T00:41:18.765+0000] {logging_mixin.py:188} INFO - [2024-05-12T00:41:18.765+0000] {dag.py:3096} INFO - Sync 1 DAGs
[2024-05-12T00:41:18.777+0000] {logging_mixin.py:188} INFO - [2024-05-12T00:41:18.777+0000] {dag.py:3954} INFO - Setting next_dagrun for example_sla_dag to 2024-05-12 00:38:00+00:00, run_after=2024-05-12 00:40:00+00:00
[2024-05-12T00:41:18.787+0000] {processor.py:183} INFO - Processing /home/airflow/.local/lib/python3.12/site-packages/airflow/example_dags/example_sla_dag.py took 0.041 seconds
[2024-05-12T00:41:49.490+0000] {processor.py:161} INFO - Started process (PID=6524) to work on /home/airflow/.local/lib/python3.12/site-packages/airflow/example_dags/example_sla_dag.py
[2024-05-12T00:41:49.491+0000] {processor.py:830} INFO - Processing file /home/airflow/.local/lib/python3.12/site-packages/airflow/example_dags/example_sla_dag.py for tasks to queue
[2024-05-12T00:41:49.492+0000] {logging_mixin.py:188} INFO - [2024-05-12T00:41:49.492+0000] {dagbag.py:545} INFO - Filling up the DagBag from /home/airflow/.local/lib/python3.12/site-packages/airflow/example_dags/example_sla_dag.py
[2024-05-12T00:41:49.497+0000] {processor.py:840} INFO - DAG(s) 'example_sla_dag' retrieved from /home/airflow/.local/lib/python3.12/site-packages/airflow/example_dags/example_sla_dag.py
[2024-05-12T00:41:49.507+0000] {logging_mixin.py:188} INFO - [2024-05-12T00:41:49.507+0000] {dag.py:3096} INFO - Sync 1 DAGs
[2024-05-12T00:41:49.518+0000] {logging_mixin.py:188} INFO - [2024-05-12T00:41:49.518+0000] {dag.py:3954} INFO - Setting next_dagrun for example_sla_dag to 2024-05-12 00:38:00+00:00, run_after=2024-05-12 00:40:00+00:00
[2024-05-12T00:41:49.527+0000] {processor.py:183} INFO - Processing /home/airflow/.local/lib/python3.12/site-packages/airflow/example_dags/example_sla_dag.py took 0.039 seconds
[2024-05-12T00:42:20.121+0000] {processor.py:161} INFO - Started process (PID=6786) to work on /home/airflow/.local/lib/python3.12/site-packages/airflow/example_dags/example_sla_dag.py
[2024-05-12T00:42:20.122+0000] {processor.py:830} INFO - Processing file /home/airflow/.local/lib/python3.12/site-packages/airflow/example_dags/example_sla_dag.py for tasks to queue
[2024-05-12T00:42:20.123+0000] {logging_mixin.py:188} INFO - [2024-05-12T00:42:20.123+0000] {dagbag.py:545} INFO - Filling up the DagBag from /home/airflow/.local/lib/python3.12/site-packages/airflow/example_dags/example_sla_dag.py
[2024-05-12T00:42:20.127+0000] {processor.py:840} INFO - DAG(s) 'example_sla_dag' retrieved from /home/airflow/.local/lib/python3.12/site-packages/airflow/example_dags/example_sla_dag.py
[2024-05-12T00:42:20.137+0000] {logging_mixin.py:188} INFO - [2024-05-12T00:42:20.137+0000] {dag.py:3096} INFO - Sync 1 DAGs
[2024-05-12T00:42:20.148+0000] {logging_mixin.py:188} INFO - [2024-05-12T00:42:20.148+0000] {dag.py:3954} INFO - Setting next_dagrun for example_sla_dag to 2024-05-12 00:40:00+00:00, run_after=2024-05-12 00:42:00+00:00
[2024-05-12T00:42:20.156+0000] {processor.py:183} INFO - Processing /home/airflow/.local/lib/python3.12/site-packages/airflow/example_dags/example_sla_dag.py took 0.038 seconds
[2024-05-12T00:42:50.895+0000] {processor.py:161} INFO - Started process (PID=7048) to work on /home/airflow/.local/lib/python3.12/site-packages/airflow/example_dags/example_sla_dag.py
[2024-05-12T00:42:50.895+0000] {processor.py:830} INFO - Processing file /home/airflow/.local/lib/python3.12/site-packages/airflow/example_dags/example_sla_dag.py for tasks to queue
[2024-05-12T00:42:50.896+0000] {logging_mixin.py:188} INFO - [2024-05-12T00:42:50.896+0000] {dagbag.py:545} INFO - Filling up the DagBag from /home/airflow/.local/lib/python3.12/site-packages/airflow/example_dags/example_sla_dag.py
[2024-05-12T00:42:50.901+0000] {processor.py:840} INFO - DAG(s) 'example_sla_dag' retrieved from /home/airflow/.local/lib/python3.12/site-packages/airflow/example_dags/example_sla_dag.py
[2024-05-12T00:42:50.911+0000] {logging_mixin.py:188} INFO - [2024-05-12T00:42:50.911+0000] {dag.py:3096} INFO - Sync 1 DAGs
[2024-05-12T00:42:50.922+0000] {logging_mixin.py:188} INFO - [2024-05-12T00:42:50.922+0000] {dag.py:3954} INFO - Setting next_dagrun for example_sla_dag to 2024-05-12 00:40:00+00:00, run_after=2024-05-12 00:42:00+00:00
[2024-05-12T00:42:50.930+0000] {processor.py:183} INFO - Processing /home/airflow/.local/lib/python3.12/site-packages/airflow/example_dags/example_sla_dag.py took 0.038 seconds
[2024-05-12T00:43:21.654+0000] {processor.py:161} INFO - Started process (PID=7310) to work on /home/airflow/.local/lib/python3.12/site-packages/airflow/example_dags/example_sla_dag.py
[2024-05-12T00:43:21.655+0000] {processor.py:830} INFO - Processing file /home/airflow/.local/lib/python3.12/site-packages/airflow/example_dags/example_sla_dag.py for tasks to queue
[2024-05-12T00:43:21.656+0000] {logging_mixin.py:188} INFO - [2024-05-12T00:43:21.656+0000] {dagbag.py:545} INFO - Filling up the DagBag from /home/airflow/.local/lib/python3.12/site-packages/airflow/example_dags/example_sla_dag.py
[2024-05-12T00:43:21.661+0000] {processor.py:840} INFO - DAG(s) 'example_sla_dag' retrieved from /home/airflow/.local/lib/python3.12/site-packages/airflow/example_dags/example_sla_dag.py
[2024-05-12T00:43:21.671+0000] {logging_mixin.py:188} INFO - [2024-05-12T00:43:21.671+0000] {dag.py:3096} INFO - Sync 1 DAGs
[2024-05-12T00:43:21.683+0000] {logging_mixin.py:188} INFO - [2024-05-12T00:43:21.683+0000] {dag.py:3954} INFO - Setting next_dagrun for example_sla_dag to 2024-05-12 00:40:00+00:00, run_after=2024-05-12 00:42:00+00:00
[2024-05-12T00:43:21.692+0000] {processor.py:183} INFO - Processing /home/airflow/.local/lib/python3.12/site-packages/airflow/example_dags/example_sla_dag.py took 0.041 seconds
[2024-05-12T00:43:52.418+0000] {processor.py:161} INFO - Started process (PID=7572) to work on /home/airflow/.local/lib/python3.12/site-packages/airflow/example_dags/example_sla_dag.py
[2024-05-12T00:43:52.419+0000] {processor.py:830} INFO - Processing file /home/airflow/.local/lib/python3.12/site-packages/airflow/example_dags/example_sla_dag.py for tasks to queue
[2024-05-12T00:43:52.420+0000] {logging_mixin.py:188} INFO - [2024-05-12T00:43:52.419+0000] {dagbag.py:545} INFO - Filling up the DagBag from /home/airflow/.local/lib/python3.12/site-packages/airflow/example_dags/example_sla_dag.py
[2024-05-12T00:43:52.424+0000] {processor.py:840} INFO - DAG(s) 'example_sla_dag' retrieved from /home/airflow/.local/lib/python3.12/site-packages/airflow/example_dags/example_sla_dag.py
[2024-05-12T00:43:52.434+0000] {logging_mixin.py:188} INFO - [2024-05-12T00:43:52.434+0000] {dag.py:3096} INFO - Sync 1 DAGs
[2024-05-12T00:43:52.445+0000] {logging_mixin.py:188} INFO - [2024-05-12T00:43:52.445+0000] {dag.py:3954} INFO - Setting next_dagrun for example_sla_dag to 2024-05-12 00:40:00+00:00, run_after=2024-05-12 00:42:00+00:00
[2024-05-12T00:43:52.453+0000] {processor.py:183} INFO - Processing /home/airflow/.local/lib/python3.12/site-packages/airflow/example_dags/example_sla_dag.py took 0.038 seconds
[2024-05-12T00:44:23.134+0000] {processor.py:161} INFO - Started process (PID=7833) to work on /home/airflow/.local/lib/python3.12/site-packages/airflow/example_dags/example_sla_dag.py
[2024-05-12T00:44:23.135+0000] {processor.py:830} INFO - Processing file /home/airflow/.local/lib/python3.12/site-packages/airflow/example_dags/example_sla_dag.py for tasks to queue
[2024-05-12T00:44:23.136+0000] {logging_mixin.py:188} INFO - [2024-05-12T00:44:23.136+0000] {dagbag.py:545} INFO - Filling up the DagBag from /home/airflow/.local/lib/python3.12/site-packages/airflow/example_dags/example_sla_dag.py
[2024-05-12T00:44:23.141+0000] {processor.py:840} INFO - DAG(s) 'example_sla_dag' retrieved from /home/airflow/.local/lib/python3.12/site-packages/airflow/example_dags/example_sla_dag.py
[2024-05-12T00:44:23.151+0000] {logging_mixin.py:188} INFO - [2024-05-12T00:44:23.151+0000] {dag.py:3096} INFO - Sync 1 DAGs
[2024-05-12T00:44:23.164+0000] {logging_mixin.py:188} INFO - [2024-05-12T00:44:23.164+0000] {dag.py:3954} INFO - Setting next_dagrun for example_sla_dag to 2024-05-12 00:42:00+00:00, run_after=2024-05-12 00:44:00+00:00
[2024-05-12T00:44:23.173+0000] {processor.py:183} INFO - Processing /home/airflow/.local/lib/python3.12/site-packages/airflow/example_dags/example_sla_dag.py took 0.041 seconds
[2024-05-12T00:44:53.930+0000] {processor.py:161} INFO - Started process (PID=8095) to work on /home/airflow/.local/lib/python3.12/site-packages/airflow/example_dags/example_sla_dag.py
[2024-05-12T00:44:53.931+0000] {processor.py:830} INFO - Processing file /home/airflow/.local/lib/python3.12/site-packages/airflow/example_dags/example_sla_dag.py for tasks to queue
[2024-05-12T00:44:53.932+0000] {logging_mixin.py:188} INFO - [2024-05-12T00:44:53.932+0000] {dagbag.py:545} INFO - Filling up the DagBag from /home/airflow/.local/lib/python3.12/site-packages/airflow/example_dags/example_sla_dag.py
[2024-05-12T00:44:53.937+0000] {processor.py:840} INFO - DAG(s) 'example_sla_dag' retrieved from /home/airflow/.local/lib/python3.12/site-packages/airflow/example_dags/example_sla_dag.py
[2024-05-12T00:44:53.948+0000] {logging_mixin.py:188} INFO - [2024-05-12T00:44:53.948+0000] {dag.py:3096} INFO - Sync 1 DAGs
[2024-05-12T00:44:53.960+0000] {logging_mixin.py:188} INFO - [2024-05-12T00:44:53.960+0000] {dag.py:3954} INFO - Setting next_dagrun for example_sla_dag to 2024-05-12 00:42:00+00:00, run_after=2024-05-12 00:44:00+00:00
[2024-05-12T00:44:53.970+0000] {processor.py:183} INFO - Processing /home/airflow/.local/lib/python3.12/site-packages/airflow/example_dags/example_sla_dag.py took 0.042 seconds
[2024-05-12T00:45:24.643+0000] {processor.py:161} INFO - Started process (PID=8356) to work on /home/airflow/.local/lib/python3.12/site-packages/airflow/example_dags/example_sla_dag.py
[2024-05-12T00:45:24.644+0000] {processor.py:830} INFO - Processing file /home/airflow/.local/lib/python3.12/site-packages/airflow/example_dags/example_sla_dag.py for tasks to queue
[2024-05-12T00:45:24.645+0000] {logging_mixin.py:188} INFO - [2024-05-12T00:45:24.644+0000] {dagbag.py:545} INFO - Filling up the DagBag from /home/airflow/.local/lib/python3.12/site-packages/airflow/example_dags/example_sla_dag.py
[2024-05-12T00:45:24.649+0000] {processor.py:840} INFO - DAG(s) 'example_sla_dag' retrieved from /home/airflow/.local/lib/python3.12/site-packages/airflow/example_dags/example_sla_dag.py
[2024-05-12T00:45:24.659+0000] {logging_mixin.py:188} INFO - [2024-05-12T00:45:24.659+0000] {dag.py:3096} INFO - Sync 1 DAGs
[2024-05-12T00:45:24.673+0000] {logging_mixin.py:188} INFO - [2024-05-12T00:45:24.673+0000] {dag.py:3954} INFO - Setting next_dagrun for example_sla_dag to 2024-05-12 00:42:00+00:00, run_after=2024-05-12 00:44:00+00:00
[2024-05-12T00:45:24.682+0000] {processor.py:183} INFO - Processing /home/airflow/.local/lib/python3.12/site-packages/airflow/example_dags/example_sla_dag.py took 0.042 seconds
[2024-05-12T00:45:55.353+0000] {processor.py:161} INFO - Started process (PID=8618) to work on /home/airflow/.local/lib/python3.12/site-packages/airflow/example_dags/example_sla_dag.py
[2024-05-12T00:45:55.353+0000] {processor.py:830} INFO - Processing file /home/airflow/.local/lib/python3.12/site-packages/airflow/example_dags/example_sla_dag.py for tasks to queue
[2024-05-12T00:45:55.354+0000] {logging_mixin.py:188} INFO - [2024-05-12T00:45:55.354+0000] {dagbag.py:545} INFO - Filling up the DagBag from /home/airflow/.local/lib/python3.12/site-packages/airflow/example_dags/example_sla_dag.py
[2024-05-12T00:45:55.359+0000] {processor.py:840} INFO - DAG(s) 'example_sla_dag' retrieved from /home/airflow/.local/lib/python3.12/site-packages/airflow/example_dags/example_sla_dag.py
[2024-05-12T00:45:55.369+0000] {logging_mixin.py:188} INFO - [2024-05-12T00:45:55.369+0000] {dag.py:3096} INFO - Sync 1 DAGs
[2024-05-12T00:45:55.381+0000] {logging_mixin.py:188} INFO - [2024-05-12T00:45:55.381+0000] {dag.py:3954} INFO - Setting next_dagrun for example_sla_dag to 2024-05-12 00:42:00+00:00, run_after=2024-05-12 00:44:00+00:00
[2024-05-12T00:45:55.390+0000] {processor.py:183} INFO - Processing /home/airflow/.local/lib/python3.12/site-packages/airflow/example_dags/example_sla_dag.py took 0.041 seconds
[2024-05-12T00:46:26.184+0000] {processor.py:161} INFO - Started process (PID=8880) to work on /home/airflow/.local/lib/python3.12/site-packages/airflow/example_dags/example_sla_dag.py
[2024-05-12T00:46:26.185+0000] {processor.py:830} INFO - Processing file /home/airflow/.local/lib/python3.12/site-packages/airflow/example_dags/example_sla_dag.py for tasks to queue
[2024-05-12T00:46:26.186+0000] {logging_mixin.py:188} INFO - [2024-05-12T00:46:26.186+0000] {dagbag.py:545} INFO - Filling up the DagBag from /home/airflow/.local/lib/python3.12/site-packages/airflow/example_dags/example_sla_dag.py
[2024-05-12T00:46:26.190+0000] {processor.py:840} INFO - DAG(s) 'example_sla_dag' retrieved from /home/airflow/.local/lib/python3.12/site-packages/airflow/example_dags/example_sla_dag.py
[2024-05-12T00:46:26.201+0000] {logging_mixin.py:188} INFO - [2024-05-12T00:46:26.200+0000] {dag.py:3096} INFO - Sync 1 DAGs
[2024-05-12T00:46:26.212+0000] {logging_mixin.py:188} INFO - [2024-05-12T00:46:26.212+0000] {dag.py:3954} INFO - Setting next_dagrun for example_sla_dag to 2024-05-12 00:44:00+00:00, run_after=2024-05-12 00:46:00+00:00
[2024-05-12T00:46:26.222+0000] {processor.py:183} INFO - Processing /home/airflow/.local/lib/python3.12/site-packages/airflow/example_dags/example_sla_dag.py took 0.041 seconds
[2024-05-12T00:46:56.985+0000] {processor.py:161} INFO - Started process (PID=9144) to work on /home/airflow/.local/lib/python3.12/site-packages/airflow/example_dags/example_sla_dag.py
[2024-05-12T00:46:56.986+0000] {processor.py:830} INFO - Processing file /home/airflow/.local/lib/python3.12/site-packages/airflow/example_dags/example_sla_dag.py for tasks to queue
[2024-05-12T00:46:56.987+0000] {logging_mixin.py:188} INFO - [2024-05-12T00:46:56.986+0000] {dagbag.py:545} INFO - Filling up the DagBag from /home/airflow/.local/lib/python3.12/site-packages/airflow/example_dags/example_sla_dag.py
[2024-05-12T00:46:56.991+0000] {processor.py:840} INFO - DAG(s) 'example_sla_dag' retrieved from /home/airflow/.local/lib/python3.12/site-packages/airflow/example_dags/example_sla_dag.py
[2024-05-12T00:46:57.002+0000] {logging_mixin.py:188} INFO - [2024-05-12T00:46:57.001+0000] {dag.py:3096} INFO - Sync 1 DAGs
[2024-05-12T00:46:57.012+0000] {logging_mixin.py:188} INFO - [2024-05-12T00:46:57.012+0000] {dag.py:3954} INFO - Setting next_dagrun for example_sla_dag to 2024-05-12 00:44:00+00:00, run_after=2024-05-12 00:46:00+00:00
[2024-05-12T00:46:57.020+0000] {processor.py:183} INFO - Processing /home/airflow/.local/lib/python3.12/site-packages/airflow/example_dags/example_sla_dag.py took 0.038 seconds
[2024-05-12T00:47:27.911+0000] {processor.py:161} INFO - Started process (PID=9403) to work on /home/airflow/.local/lib/python3.12/site-packages/airflow/example_dags/example_sla_dag.py
[2024-05-12T00:47:27.912+0000] {processor.py:830} INFO - Processing file /home/airflow/.local/lib/python3.12/site-packages/airflow/example_dags/example_sla_dag.py for tasks to queue
[2024-05-12T00:47:27.913+0000] {logging_mixin.py:188} INFO - [2024-05-12T00:47:27.913+0000] {dagbag.py:545} INFO - Filling up the DagBag from /home/airflow/.local/lib/python3.12/site-packages/airflow/example_dags/example_sla_dag.py
[2024-05-12T00:47:27.917+0000] {processor.py:840} INFO - DAG(s) 'example_sla_dag' retrieved from /home/airflow/.local/lib/python3.12/site-packages/airflow/example_dags/example_sla_dag.py
[2024-05-12T00:47:27.926+0000] {logging_mixin.py:188} INFO - [2024-05-12T00:47:27.926+0000] {dag.py:3096} INFO - Sync 1 DAGs
[2024-05-12T00:47:27.937+0000] {logging_mixin.py:188} INFO - [2024-05-12T00:47:27.937+0000] {dag.py:3954} INFO - Setting next_dagrun for example_sla_dag to 2024-05-12 00:44:00+00:00, run_after=2024-05-12 00:46:00+00:00
[2024-05-12T00:47:27.946+0000] {processor.py:183} INFO - Processing /home/airflow/.local/lib/python3.12/site-packages/airflow/example_dags/example_sla_dag.py took 0.038 seconds
[2024-05-12T00:47:58.760+0000] {processor.py:161} INFO - Started process (PID=9665) to work on /home/airflow/.local/lib/python3.12/site-packages/airflow/example_dags/example_sla_dag.py
[2024-05-12T00:47:58.761+0000] {processor.py:830} INFO - Processing file /home/airflow/.local/lib/python3.12/site-packages/airflow/example_dags/example_sla_dag.py for tasks to queue
[2024-05-12T00:47:58.762+0000] {logging_mixin.py:188} INFO - [2024-05-12T00:47:58.762+0000] {dagbag.py:545} INFO - Filling up the DagBag from /home/airflow/.local/lib/python3.12/site-packages/airflow/example_dags/example_sla_dag.py
[2024-05-12T00:47:58.766+0000] {processor.py:840} INFO - DAG(s) 'example_sla_dag' retrieved from /home/airflow/.local/lib/python3.12/site-packages/airflow/example_dags/example_sla_dag.py
[2024-05-12T00:47:58.776+0000] {logging_mixin.py:188} INFO - [2024-05-12T00:47:58.776+0000] {dag.py:3096} INFO - Sync 1 DAGs
[2024-05-12T00:47:58.786+0000] {logging_mixin.py:188} INFO - [2024-05-12T00:47:58.786+0000] {dag.py:3954} INFO - Setting next_dagrun for example_sla_dag to 2024-05-12 00:44:00+00:00, run_after=2024-05-12 00:46:00+00:00
[2024-05-12T00:47:58.795+0000] {processor.py:183} INFO - Processing /home/airflow/.local/lib/python3.12/site-packages/airflow/example_dags/example_sla_dag.py took 0.037 seconds
[2024-05-12T00:48:29.584+0000] {processor.py:161} INFO - Started process (PID=9927) to work on /home/airflow/.local/lib/python3.12/site-packages/airflow/example_dags/example_sla_dag.py
[2024-05-12T00:48:29.585+0000] {processor.py:830} INFO - Processing file /home/airflow/.local/lib/python3.12/site-packages/airflow/example_dags/example_sla_dag.py for tasks to queue
[2024-05-12T00:48:29.586+0000] {logging_mixin.py:188} INFO - [2024-05-12T00:48:29.585+0000] {dagbag.py:545} INFO - Filling up the DagBag from /home/airflow/.local/lib/python3.12/site-packages/airflow/example_dags/example_sla_dag.py
[2024-05-12T00:48:29.590+0000] {processor.py:840} INFO - DAG(s) 'example_sla_dag' retrieved from /home/airflow/.local/lib/python3.12/site-packages/airflow/example_dags/example_sla_dag.py
[2024-05-12T00:48:29.600+0000] {logging_mixin.py:188} INFO - [2024-05-12T00:48:29.599+0000] {dag.py:3096} INFO - Sync 1 DAGs
[2024-05-12T00:48:29.611+0000] {logging_mixin.py:188} INFO - [2024-05-12T00:48:29.611+0000] {dag.py:3954} INFO - Setting next_dagrun for example_sla_dag to 2024-05-12 00:46:00+00:00, run_after=2024-05-12 00:48:00+00:00
[2024-05-12T00:48:29.619+0000] {processor.py:183} INFO - Processing /home/airflow/.local/lib/python3.12/site-packages/airflow/example_dags/example_sla_dag.py took 0.038 seconds
[2024-05-12T00:48:59.755+0000] {processor.py:161} INFO - Started process (PID=10189) to work on /home/airflow/.local/lib/python3.12/site-packages/airflow/example_dags/example_sla_dag.py
[2024-05-12T00:48:59.756+0000] {processor.py:830} INFO - Processing file /home/airflow/.local/lib/python3.12/site-packages/airflow/example_dags/example_sla_dag.py for tasks to queue
[2024-05-12T00:48:59.757+0000] {logging_mixin.py:188} INFO - [2024-05-12T00:48:59.757+0000] {dagbag.py:545} INFO - Filling up the DagBag from /home/airflow/.local/lib/python3.12/site-packages/airflow/example_dags/example_sla_dag.py
[2024-05-12T00:48:59.761+0000] {processor.py:840} INFO - DAG(s) 'example_sla_dag' retrieved from /home/airflow/.local/lib/python3.12/site-packages/airflow/example_dags/example_sla_dag.py
[2024-05-12T00:48:59.771+0000] {logging_mixin.py:188} INFO - [2024-05-12T00:48:59.771+0000] {dag.py:3096} INFO - Sync 1 DAGs
[2024-05-12T00:48:59.781+0000] {logging_mixin.py:188} INFO - [2024-05-12T00:48:59.781+0000] {dag.py:3954} INFO - Setting next_dagrun for example_sla_dag to 2024-05-12 00:46:00+00:00, run_after=2024-05-12 00:48:00+00:00
[2024-05-12T00:48:59.790+0000] {processor.py:183} INFO - Processing /home/airflow/.local/lib/python3.12/site-packages/airflow/example_dags/example_sla_dag.py took 0.038 seconds
[2024-05-12T01:06:45.489+0000] {processor.py:161} INFO - Started process (PID=10451) to work on /home/airflow/.local/lib/python3.12/site-packages/airflow/example_dags/example_sla_dag.py
[2024-05-12T01:06:45.490+0000] {processor.py:830} INFO - Processing file /home/airflow/.local/lib/python3.12/site-packages/airflow/example_dags/example_sla_dag.py for tasks to queue
[2024-05-12T01:06:45.491+0000] {logging_mixin.py:188} INFO - [2024-05-12T01:06:45.491+0000] {dagbag.py:545} INFO - Filling up the DagBag from /home/airflow/.local/lib/python3.12/site-packages/airflow/example_dags/example_sla_dag.py
[2024-05-12T01:06:45.495+0000] {processor.py:840} INFO - DAG(s) 'example_sla_dag' retrieved from /home/airflow/.local/lib/python3.12/site-packages/airflow/example_dags/example_sla_dag.py
[2024-05-12T01:06:45.505+0000] {logging_mixin.py:188} INFO - [2024-05-12T01:06:45.505+0000] {dag.py:3096} INFO - Sync 1 DAGs
[2024-05-12T01:06:45.515+0000] {logging_mixin.py:188} INFO - [2024-05-12T01:06:45.515+0000] {dag.py:3954} INFO - Setting next_dagrun for example_sla_dag to 2024-05-12 01:04:00+00:00, run_after=2024-05-12 01:06:00+00:00
[2024-05-12T01:06:45.524+0000] {processor.py:183} INFO - Processing /home/airflow/.local/lib/python3.12/site-packages/airflow/example_dags/example_sla_dag.py took 0.038 seconds
[2024-05-12T01:10:17.353+0000] {processor.py:161} INFO - Started process (PID=10713) to work on /home/airflow/.local/lib/python3.12/site-packages/airflow/example_dags/example_sla_dag.py
[2024-05-12T01:10:17.354+0000] {processor.py:830} INFO - Processing file /home/airflow/.local/lib/python3.12/site-packages/airflow/example_dags/example_sla_dag.py for tasks to queue
[2024-05-12T01:10:17.355+0000] {logging_mixin.py:188} INFO - [2024-05-12T01:10:17.355+0000] {dagbag.py:545} INFO - Filling up the DagBag from /home/airflow/.local/lib/python3.12/site-packages/airflow/example_dags/example_sla_dag.py
[2024-05-12T01:10:17.360+0000] {processor.py:840} INFO - DAG(s) 'example_sla_dag' retrieved from /home/airflow/.local/lib/python3.12/site-packages/airflow/example_dags/example_sla_dag.py
[2024-05-12T01:10:17.370+0000] {logging_mixin.py:188} INFO - [2024-05-12T01:10:17.370+0000] {dag.py:3096} INFO - Sync 1 DAGs
[2024-05-12T01:10:17.467+0000] {logging_mixin.py:188} INFO - [2024-05-12T01:10:17.466+0000] {dag.py:3954} INFO - Setting next_dagrun for example_sla_dag to 2024-05-12 01:08:00+00:00, run_after=2024-05-12 01:10:00+00:00
[2024-05-12T01:10:17.476+0000] {processor.py:183} INFO - Processing /home/airflow/.local/lib/python3.12/site-packages/airflow/example_dags/example_sla_dag.py took 0.126 seconds
[2024-05-12T01:10:48.136+0000] {processor.py:161} INFO - Started process (PID=10974) to work on /home/airflow/.local/lib/python3.12/site-packages/airflow/example_dags/example_sla_dag.py
[2024-05-12T01:10:48.137+0000] {processor.py:830} INFO - Processing file /home/airflow/.local/lib/python3.12/site-packages/airflow/example_dags/example_sla_dag.py for tasks to queue
[2024-05-12T01:10:48.138+0000] {logging_mixin.py:188} INFO - [2024-05-12T01:10:48.138+0000] {dagbag.py:545} INFO - Filling up the DagBag from /home/airflow/.local/lib/python3.12/site-packages/airflow/example_dags/example_sla_dag.py
[2024-05-12T01:10:48.142+0000] {processor.py:840} INFO - DAG(s) 'example_sla_dag' retrieved from /home/airflow/.local/lib/python3.12/site-packages/airflow/example_dags/example_sla_dag.py
[2024-05-12T01:10:48.154+0000] {logging_mixin.py:188} INFO - [2024-05-12T01:10:48.153+0000] {dag.py:3096} INFO - Sync 1 DAGs
[2024-05-12T01:10:48.253+0000] {logging_mixin.py:188} INFO - [2024-05-12T01:10:48.253+0000] {dag.py:3954} INFO - Setting next_dagrun for example_sla_dag to 2024-05-12 01:08:00+00:00, run_after=2024-05-12 01:10:00+00:00
[2024-05-12T01:10:48.262+0000] {processor.py:183} INFO - Processing /home/airflow/.local/lib/python3.12/site-packages/airflow/example_dags/example_sla_dag.py took 0.129 seconds
[2024-05-12T01:11:18.476+0000] {processor.py:161} INFO - Started process (PID=11236) to work on /home/airflow/.local/lib/python3.12/site-packages/airflow/example_dags/example_sla_dag.py
[2024-05-12T01:11:18.477+0000] {processor.py:830} INFO - Processing file /home/airflow/.local/lib/python3.12/site-packages/airflow/example_dags/example_sla_dag.py for tasks to queue
[2024-05-12T01:11:18.478+0000] {logging_mixin.py:188} INFO - [2024-05-12T01:11:18.477+0000] {dagbag.py:545} INFO - Filling up the DagBag from /home/airflow/.local/lib/python3.12/site-packages/airflow/example_dags/example_sla_dag.py
[2024-05-12T01:11:18.482+0000] {processor.py:840} INFO - DAG(s) 'example_sla_dag' retrieved from /home/airflow/.local/lib/python3.12/site-packages/airflow/example_dags/example_sla_dag.py
[2024-05-12T01:11:18.493+0000] {logging_mixin.py:188} INFO - [2024-05-12T01:11:18.492+0000] {dag.py:3096} INFO - Sync 1 DAGs
[2024-05-12T01:11:18.503+0000] {logging_mixin.py:188} INFO - [2024-05-12T01:11:18.503+0000] {dag.py:3954} INFO - Setting next_dagrun for example_sla_dag to 2024-05-12 01:08:00+00:00, run_after=2024-05-12 01:10:00+00:00
[2024-05-12T01:11:18.594+0000] {processor.py:183} INFO - Processing /home/airflow/.local/lib/python3.12/site-packages/airflow/example_dags/example_sla_dag.py took 0.121 seconds
[2024-05-12T01:11:48.871+0000] {processor.py:161} INFO - Started process (PID=11498) to work on /home/airflow/.local/lib/python3.12/site-packages/airflow/example_dags/example_sla_dag.py
[2024-05-12T01:11:48.871+0000] {processor.py:830} INFO - Processing file /home/airflow/.local/lib/python3.12/site-packages/airflow/example_dags/example_sla_dag.py for tasks to queue
[2024-05-12T01:11:48.872+0000] {logging_mixin.py:188} INFO - [2024-05-12T01:11:48.872+0000] {dagbag.py:545} INFO - Filling up the DagBag from /home/airflow/.local/lib/python3.12/site-packages/airflow/example_dags/example_sla_dag.py
[2024-05-12T01:11:48.877+0000] {processor.py:840} INFO - DAG(s) 'example_sla_dag' retrieved from /home/airflow/.local/lib/python3.12/site-packages/airflow/example_dags/example_sla_dag.py
[2024-05-12T01:11:48.887+0000] {logging_mixin.py:188} INFO - [2024-05-12T01:11:48.887+0000] {dag.py:3096} INFO - Sync 1 DAGs
[2024-05-12T01:11:48.899+0000] {logging_mixin.py:188} INFO - [2024-05-12T01:11:48.899+0000] {dag.py:3954} INFO - Setting next_dagrun for example_sla_dag to 2024-05-12 01:08:00+00:00, run_after=2024-05-12 01:10:00+00:00
[2024-05-12T01:11:48.907+0000] {processor.py:183} INFO - Processing /home/airflow/.local/lib/python3.12/site-packages/airflow/example_dags/example_sla_dag.py took 0.040 seconds
[2024-05-12T01:12:19.790+0000] {processor.py:161} INFO - Started process (PID=11760) to work on /home/airflow/.local/lib/python3.12/site-packages/airflow/example_dags/example_sla_dag.py
[2024-05-12T01:12:19.792+0000] {processor.py:830} INFO - Processing file /home/airflow/.local/lib/python3.12/site-packages/airflow/example_dags/example_sla_dag.py for tasks to queue
[2024-05-12T01:12:19.794+0000] {logging_mixin.py:188} INFO - [2024-05-12T01:12:19.794+0000] {dagbag.py:545} INFO - Filling up the DagBag from /home/airflow/.local/lib/python3.12/site-packages/airflow/example_dags/example_sla_dag.py
[2024-05-12T01:12:19.798+0000] {processor.py:840} INFO - DAG(s) 'example_sla_dag' retrieved from /home/airflow/.local/lib/python3.12/site-packages/airflow/example_dags/example_sla_dag.py
[2024-05-12T01:12:19.810+0000] {logging_mixin.py:188} INFO - [2024-05-12T01:12:19.810+0000] {dag.py:3096} INFO - Sync 1 DAGs
[2024-05-12T01:12:19.822+0000] {logging_mixin.py:188} INFO - [2024-05-12T01:12:19.822+0000] {dag.py:3954} INFO - Setting next_dagrun for example_sla_dag to 2024-05-12 01:10:00+00:00, run_after=2024-05-12 01:12:00+00:00
[2024-05-12T01:12:19.830+0000] {processor.py:183} INFO - Processing /home/airflow/.local/lib/python3.12/site-packages/airflow/example_dags/example_sla_dag.py took 0.044 seconds
[2024-05-12T01:12:50.701+0000] {processor.py:161} INFO - Started process (PID=12022) to work on /home/airflow/.local/lib/python3.12/site-packages/airflow/example_dags/example_sla_dag.py
[2024-05-12T01:12:50.701+0000] {processor.py:830} INFO - Processing file /home/airflow/.local/lib/python3.12/site-packages/airflow/example_dags/example_sla_dag.py for tasks to queue
[2024-05-12T01:12:50.702+0000] {logging_mixin.py:188} INFO - [2024-05-12T01:12:50.702+0000] {dagbag.py:545} INFO - Filling up the DagBag from /home/airflow/.local/lib/python3.12/site-packages/airflow/example_dags/example_sla_dag.py
[2024-05-12T01:12:50.707+0000] {processor.py:840} INFO - DAG(s) 'example_sla_dag' retrieved from /home/airflow/.local/lib/python3.12/site-packages/airflow/example_dags/example_sla_dag.py
[2024-05-12T01:12:50.717+0000] {logging_mixin.py:188} INFO - [2024-05-12T01:12:50.717+0000] {dag.py:3096} INFO - Sync 1 DAGs
[2024-05-12T01:12:50.729+0000] {logging_mixin.py:188} INFO - [2024-05-12T01:12:50.729+0000] {dag.py:3954} INFO - Setting next_dagrun for example_sla_dag to 2024-05-12 01:10:00+00:00, run_after=2024-05-12 01:12:00+00:00
[2024-05-12T01:12:50.737+0000] {processor.py:183} INFO - Processing /home/airflow/.local/lib/python3.12/site-packages/airflow/example_dags/example_sla_dag.py took 0.040 seconds
[2024-05-12T01:13:21.586+0000] {processor.py:161} INFO - Started process (PID=12283) to work on /home/airflow/.local/lib/python3.12/site-packages/airflow/example_dags/example_sla_dag.py
[2024-05-12T01:13:21.587+0000] {processor.py:830} INFO - Processing file /home/airflow/.local/lib/python3.12/site-packages/airflow/example_dags/example_sla_dag.py for tasks to queue
[2024-05-12T01:13:21.588+0000] {logging_mixin.py:188} INFO - [2024-05-12T01:13:21.588+0000] {dagbag.py:545} INFO - Filling up the DagBag from /home/airflow/.local/lib/python3.12/site-packages/airflow/example_dags/example_sla_dag.py
[2024-05-12T01:13:21.593+0000] {processor.py:840} INFO - DAG(s) 'example_sla_dag' retrieved from /home/airflow/.local/lib/python3.12/site-packages/airflow/example_dags/example_sla_dag.py
[2024-05-12T01:13:21.603+0000] {logging_mixin.py:188} INFO - [2024-05-12T01:13:21.603+0000] {dag.py:3096} INFO - Sync 1 DAGs
[2024-05-12T01:13:21.615+0000] {logging_mixin.py:188} INFO - [2024-05-12T01:13:21.615+0000] {dag.py:3954} INFO - Setting next_dagrun for example_sla_dag to 2024-05-12 01:10:00+00:00, run_after=2024-05-12 01:12:00+00:00
[2024-05-12T01:13:21.623+0000] {processor.py:183} INFO - Processing /home/airflow/.local/lib/python3.12/site-packages/airflow/example_dags/example_sla_dag.py took 0.040 seconds
[2024-05-12T01:13:52.506+0000] {processor.py:161} INFO - Started process (PID=12545) to work on /home/airflow/.local/lib/python3.12/site-packages/airflow/example_dags/example_sla_dag.py
[2024-05-12T01:13:52.507+0000] {processor.py:830} INFO - Processing file /home/airflow/.local/lib/python3.12/site-packages/airflow/example_dags/example_sla_dag.py for tasks to queue
[2024-05-12T01:13:52.508+0000] {logging_mixin.py:188} INFO - [2024-05-12T01:13:52.508+0000] {dagbag.py:545} INFO - Filling up the DagBag from /home/airflow/.local/lib/python3.12/site-packages/airflow/example_dags/example_sla_dag.py
[2024-05-12T01:13:52.513+0000] {processor.py:840} INFO - DAG(s) 'example_sla_dag' retrieved from /home/airflow/.local/lib/python3.12/site-packages/airflow/example_dags/example_sla_dag.py
[2024-05-12T01:13:52.523+0000] {logging_mixin.py:188} INFO - [2024-05-12T01:13:52.523+0000] {dag.py:3096} INFO - Sync 1 DAGs
[2024-05-12T01:13:52.535+0000] {logging_mixin.py:188} INFO - [2024-05-12T01:13:52.535+0000] {dag.py:3954} INFO - Setting next_dagrun for example_sla_dag to 2024-05-12 01:10:00+00:00, run_after=2024-05-12 01:12:00+00:00
[2024-05-12T01:13:52.544+0000] {processor.py:183} INFO - Processing /home/airflow/.local/lib/python3.12/site-packages/airflow/example_dags/example_sla_dag.py took 0.041 seconds
[2024-05-12T01:14:23.381+0000] {processor.py:161} INFO - Started process (PID=12806) to work on /home/airflow/.local/lib/python3.12/site-packages/airflow/example_dags/example_sla_dag.py
[2024-05-12T01:14:23.382+0000] {processor.py:830} INFO - Processing file /home/airflow/.local/lib/python3.12/site-packages/airflow/example_dags/example_sla_dag.py for tasks to queue
[2024-05-12T01:14:23.383+0000] {logging_mixin.py:188} INFO - [2024-05-12T01:14:23.383+0000] {dagbag.py:545} INFO - Filling up the DagBag from /home/airflow/.local/lib/python3.12/site-packages/airflow/example_dags/example_sla_dag.py
[2024-05-12T01:14:23.388+0000] {processor.py:840} INFO - DAG(s) 'example_sla_dag' retrieved from /home/airflow/.local/lib/python3.12/site-packages/airflow/example_dags/example_sla_dag.py
[2024-05-12T01:14:23.398+0000] {logging_mixin.py:188} INFO - [2024-05-12T01:14:23.398+0000] {dag.py:3096} INFO - Sync 1 DAGs
[2024-05-12T01:14:23.409+0000] {logging_mixin.py:188} INFO - [2024-05-12T01:14:23.409+0000] {dag.py:3954} INFO - Setting next_dagrun for example_sla_dag to 2024-05-12 01:12:00+00:00, run_after=2024-05-12 01:14:00+00:00
[2024-05-12T01:14:23.417+0000] {processor.py:183} INFO - Processing /home/airflow/.local/lib/python3.12/site-packages/airflow/example_dags/example_sla_dag.py took 0.039 seconds
[2024-05-12T01:14:54.352+0000] {processor.py:161} INFO - Started process (PID=13068) to work on /home/airflow/.local/lib/python3.12/site-packages/airflow/example_dags/example_sla_dag.py
[2024-05-12T01:14:54.352+0000] {processor.py:830} INFO - Processing file /home/airflow/.local/lib/python3.12/site-packages/airflow/example_dags/example_sla_dag.py for tasks to queue
[2024-05-12T01:14:54.353+0000] {logging_mixin.py:188} INFO - [2024-05-12T01:14:54.353+0000] {dagbag.py:545} INFO - Filling up the DagBag from /home/airflow/.local/lib/python3.12/site-packages/airflow/example_dags/example_sla_dag.py
[2024-05-12T01:14:54.358+0000] {processor.py:840} INFO - DAG(s) 'example_sla_dag' retrieved from /home/airflow/.local/lib/python3.12/site-packages/airflow/example_dags/example_sla_dag.py
[2024-05-12T01:14:54.369+0000] {logging_mixin.py:188} INFO - [2024-05-12T01:14:54.369+0000] {dag.py:3096} INFO - Sync 1 DAGs
[2024-05-12T01:14:54.381+0000] {logging_mixin.py:188} INFO - [2024-05-12T01:14:54.381+0000] {dag.py:3954} INFO - Setting next_dagrun for example_sla_dag to 2024-05-12 01:12:00+00:00, run_after=2024-05-12 01:14:00+00:00
[2024-05-12T01:14:54.389+0000] {processor.py:183} INFO - Processing /home/airflow/.local/lib/python3.12/site-packages/airflow/example_dags/example_sla_dag.py took 0.040 seconds
[2024-05-12T01:15:25.343+0000] {processor.py:161} INFO - Started process (PID=13330) to work on /home/airflow/.local/lib/python3.12/site-packages/airflow/example_dags/example_sla_dag.py
[2024-05-12T01:15:25.344+0000] {processor.py:830} INFO - Processing file /home/airflow/.local/lib/python3.12/site-packages/airflow/example_dags/example_sla_dag.py for tasks to queue
[2024-05-12T01:15:25.345+0000] {logging_mixin.py:188} INFO - [2024-05-12T01:15:25.344+0000] {dagbag.py:545} INFO - Filling up the DagBag from /home/airflow/.local/lib/python3.12/site-packages/airflow/example_dags/example_sla_dag.py
[2024-05-12T01:15:25.349+0000] {processor.py:840} INFO - DAG(s) 'example_sla_dag' retrieved from /home/airflow/.local/lib/python3.12/site-packages/airflow/example_dags/example_sla_dag.py
[2024-05-12T01:15:25.359+0000] {logging_mixin.py:188} INFO - [2024-05-12T01:15:25.359+0000] {dag.py:3096} INFO - Sync 1 DAGs
[2024-05-12T01:15:25.371+0000] {logging_mixin.py:188} INFO - [2024-05-12T01:15:25.371+0000] {dag.py:3954} INFO - Setting next_dagrun for example_sla_dag to 2024-05-12 01:12:00+00:00, run_after=2024-05-12 01:14:00+00:00
[2024-05-12T01:15:25.379+0000] {processor.py:183} INFO - Processing /home/airflow/.local/lib/python3.12/site-packages/airflow/example_dags/example_sla_dag.py took 0.040 seconds
[2024-05-12T01:15:56.257+0000] {processor.py:161} INFO - Started process (PID=13592) to work on /home/airflow/.local/lib/python3.12/site-packages/airflow/example_dags/example_sla_dag.py
[2024-05-12T01:15:56.257+0000] {processor.py:830} INFO - Processing file /home/airflow/.local/lib/python3.12/site-packages/airflow/example_dags/example_sla_dag.py for tasks to queue
[2024-05-12T01:15:56.258+0000] {logging_mixin.py:188} INFO - [2024-05-12T01:15:56.258+0000] {dagbag.py:545} INFO - Filling up the DagBag from /home/airflow/.local/lib/python3.12/site-packages/airflow/example_dags/example_sla_dag.py
[2024-05-12T01:15:56.263+0000] {processor.py:840} INFO - DAG(s) 'example_sla_dag' retrieved from /home/airflow/.local/lib/python3.12/site-packages/airflow/example_dags/example_sla_dag.py
[2024-05-12T01:15:56.273+0000] {logging_mixin.py:188} INFO - [2024-05-12T01:15:56.273+0000] {dag.py:3096} INFO - Sync 1 DAGs
[2024-05-12T01:15:56.285+0000] {logging_mixin.py:188} INFO - [2024-05-12T01:15:56.284+0000] {dag.py:3954} INFO - Setting next_dagrun for example_sla_dag to 2024-05-12 01:12:00+00:00, run_after=2024-05-12 01:14:00+00:00
[2024-05-12T01:15:56.293+0000] {processor.py:183} INFO - Processing /home/airflow/.local/lib/python3.12/site-packages/airflow/example_dags/example_sla_dag.py took 0.040 seconds
[2024-05-12T01:16:27.028+0000] {processor.py:161} INFO - Started process (PID=13854) to work on /home/airflow/.local/lib/python3.12/site-packages/airflow/example_dags/example_sla_dag.py
[2024-05-12T01:16:27.028+0000] {processor.py:830} INFO - Processing file /home/airflow/.local/lib/python3.12/site-packages/airflow/example_dags/example_sla_dag.py for tasks to queue
[2024-05-12T01:16:27.029+0000] {logging_mixin.py:188} INFO - [2024-05-12T01:16:27.029+0000] {dagbag.py:545} INFO - Filling up the DagBag from /home/airflow/.local/lib/python3.12/site-packages/airflow/example_dags/example_sla_dag.py
[2024-05-12T01:16:27.034+0000] {processor.py:840} INFO - DAG(s) 'example_sla_dag' retrieved from /home/airflow/.local/lib/python3.12/site-packages/airflow/example_dags/example_sla_dag.py
[2024-05-12T01:16:27.047+0000] {logging_mixin.py:188} INFO - [2024-05-12T01:16:27.047+0000] {dag.py:3096} INFO - Sync 1 DAGs
[2024-05-12T01:16:27.058+0000] {logging_mixin.py:188} INFO - [2024-05-12T01:16:27.058+0000] {dag.py:3954} INFO - Setting next_dagrun for example_sla_dag to 2024-05-12 01:14:00+00:00, run_after=2024-05-12 01:16:00+00:00
[2024-05-12T01:16:27.067+0000] {processor.py:183} INFO - Processing /home/airflow/.local/lib/python3.12/site-packages/airflow/example_dags/example_sla_dag.py took 0.042 seconds
[2024-05-12T01:16:57.756+0000] {processor.py:161} INFO - Started process (PID=14116) to work on /home/airflow/.local/lib/python3.12/site-packages/airflow/example_dags/example_sla_dag.py
[2024-05-12T01:16:57.757+0000] {processor.py:830} INFO - Processing file /home/airflow/.local/lib/python3.12/site-packages/airflow/example_dags/example_sla_dag.py for tasks to queue
[2024-05-12T01:16:57.758+0000] {logging_mixin.py:188} INFO - [2024-05-12T01:16:57.758+0000] {dagbag.py:545} INFO - Filling up the DagBag from /home/airflow/.local/lib/python3.12/site-packages/airflow/example_dags/example_sla_dag.py
[2024-05-12T01:16:57.763+0000] {processor.py:840} INFO - DAG(s) 'example_sla_dag' retrieved from /home/airflow/.local/lib/python3.12/site-packages/airflow/example_dags/example_sla_dag.py
[2024-05-12T01:16:57.773+0000] {logging_mixin.py:188} INFO - [2024-05-12T01:16:57.773+0000] {dag.py:3096} INFO - Sync 1 DAGs
[2024-05-12T01:16:57.784+0000] {logging_mixin.py:188} INFO - [2024-05-12T01:16:57.784+0000] {dag.py:3954} INFO - Setting next_dagrun for example_sla_dag to 2024-05-12 01:14:00+00:00, run_after=2024-05-12 01:16:00+00:00
[2024-05-12T01:16:57.792+0000] {processor.py:183} INFO - Processing /home/airflow/.local/lib/python3.12/site-packages/airflow/example_dags/example_sla_dag.py took 0.039 seconds
[2024-05-12T01:17:28.535+0000] {processor.py:161} INFO - Started process (PID=14378) to work on /home/airflow/.local/lib/python3.12/site-packages/airflow/example_dags/example_sla_dag.py
[2024-05-12T01:17:28.535+0000] {processor.py:830} INFO - Processing file /home/airflow/.local/lib/python3.12/site-packages/airflow/example_dags/example_sla_dag.py for tasks to queue
[2024-05-12T01:17:28.536+0000] {logging_mixin.py:188} INFO - [2024-05-12T01:17:28.536+0000] {dagbag.py:545} INFO - Filling up the DagBag from /home/airflow/.local/lib/python3.12/site-packages/airflow/example_dags/example_sla_dag.py
[2024-05-12T01:17:28.540+0000] {processor.py:840} INFO - DAG(s) 'example_sla_dag' retrieved from /home/airflow/.local/lib/python3.12/site-packages/airflow/example_dags/example_sla_dag.py
[2024-05-12T01:17:28.550+0000] {logging_mixin.py:188} INFO - [2024-05-12T01:17:28.550+0000] {dag.py:3096} INFO - Sync 1 DAGs
[2024-05-12T01:17:28.561+0000] {logging_mixin.py:188} INFO - [2024-05-12T01:17:28.561+0000] {dag.py:3954} INFO - Setting next_dagrun for example_sla_dag to 2024-05-12 01:14:00+00:00, run_after=2024-05-12 01:16:00+00:00
[2024-05-12T01:17:28.569+0000] {processor.py:183} INFO - Processing /home/airflow/.local/lib/python3.12/site-packages/airflow/example_dags/example_sla_dag.py took 0.038 seconds
[2024-05-12T01:17:59.367+0000] {processor.py:161} INFO - Started process (PID=14642) to work on /home/airflow/.local/lib/python3.12/site-packages/airflow/example_dags/example_sla_dag.py
[2024-05-12T01:17:59.367+0000] {processor.py:830} INFO - Processing file /home/airflow/.local/lib/python3.12/site-packages/airflow/example_dags/example_sla_dag.py for tasks to queue
[2024-05-12T01:17:59.368+0000] {logging_mixin.py:188} INFO - [2024-05-12T01:17:59.368+0000] {dagbag.py:545} INFO - Filling up the DagBag from /home/airflow/.local/lib/python3.12/site-packages/airflow/example_dags/example_sla_dag.py
[2024-05-12T01:17:59.372+0000] {processor.py:840} INFO - DAG(s) 'example_sla_dag' retrieved from /home/airflow/.local/lib/python3.12/site-packages/airflow/example_dags/example_sla_dag.py
[2024-05-12T01:17:59.382+0000] {logging_mixin.py:188} INFO - [2024-05-12T01:17:59.381+0000] {dag.py:3096} INFO - Sync 1 DAGs
[2024-05-12T01:17:59.392+0000] {logging_mixin.py:188} INFO - [2024-05-12T01:17:59.392+0000] {dag.py:3954} INFO - Setting next_dagrun for example_sla_dag to 2024-05-12 01:14:00+00:00, run_after=2024-05-12 01:16:00+00:00
[2024-05-12T01:17:59.399+0000] {processor.py:183} INFO - Processing /home/airflow/.local/lib/python3.12/site-packages/airflow/example_dags/example_sla_dag.py took 0.035 seconds
[2024-05-12T01:18:30.253+0000] {processor.py:161} INFO - Started process (PID=14902) to work on /home/airflow/.local/lib/python3.12/site-packages/airflow/example_dags/example_sla_dag.py
[2024-05-12T01:18:30.253+0000] {processor.py:830} INFO - Processing file /home/airflow/.local/lib/python3.12/site-packages/airflow/example_dags/example_sla_dag.py for tasks to queue
[2024-05-12T01:18:30.254+0000] {logging_mixin.py:188} INFO - [2024-05-12T01:18:30.254+0000] {dagbag.py:545} INFO - Filling up the DagBag from /home/airflow/.local/lib/python3.12/site-packages/airflow/example_dags/example_sla_dag.py
[2024-05-12T01:18:30.259+0000] {processor.py:840} INFO - DAG(s) 'example_sla_dag' retrieved from /home/airflow/.local/lib/python3.12/site-packages/airflow/example_dags/example_sla_dag.py
[2024-05-12T01:18:30.269+0000] {logging_mixin.py:188} INFO - [2024-05-12T01:18:30.269+0000] {dag.py:3096} INFO - Sync 1 DAGs
[2024-05-12T01:18:30.279+0000] {logging_mixin.py:188} INFO - [2024-05-12T01:18:30.279+0000] {dag.py:3954} INFO - Setting next_dagrun for example_sla_dag to 2024-05-12 01:16:00+00:00, run_after=2024-05-12 01:18:00+00:00
[2024-05-12T01:18:30.288+0000] {processor.py:183} INFO - Processing /home/airflow/.local/lib/python3.12/site-packages/airflow/example_dags/example_sla_dag.py took 0.038 seconds
[2024-05-12T01:19:01.015+0000] {processor.py:161} INFO - Started process (PID=15164) to work on /home/airflow/.local/lib/python3.12/site-packages/airflow/example_dags/example_sla_dag.py
[2024-05-12T01:19:01.016+0000] {processor.py:830} INFO - Processing file /home/airflow/.local/lib/python3.12/site-packages/airflow/example_dags/example_sla_dag.py for tasks to queue
[2024-05-12T01:19:01.017+0000] {logging_mixin.py:188} INFO - [2024-05-12T01:19:01.016+0000] {dagbag.py:545} INFO - Filling up the DagBag from /home/airflow/.local/lib/python3.12/site-packages/airflow/example_dags/example_sla_dag.py
[2024-05-12T01:19:01.021+0000] {processor.py:840} INFO - DAG(s) 'example_sla_dag' retrieved from /home/airflow/.local/lib/python3.12/site-packages/airflow/example_dags/example_sla_dag.py
[2024-05-12T01:19:01.031+0000] {logging_mixin.py:188} INFO - [2024-05-12T01:19:01.031+0000] {dag.py:3096} INFO - Sync 1 DAGs
[2024-05-12T01:19:01.042+0000] {logging_mixin.py:188} INFO - [2024-05-12T01:19:01.042+0000] {dag.py:3954} INFO - Setting next_dagrun for example_sla_dag to 2024-05-12 01:16:00+00:00, run_after=2024-05-12 01:18:00+00:00
[2024-05-12T01:19:01.052+0000] {processor.py:183} INFO - Processing /home/airflow/.local/lib/python3.12/site-packages/airflow/example_dags/example_sla_dag.py took 0.040 seconds
[2024-05-12T01:19:31.958+0000] {processor.py:161} INFO - Started process (PID=15426) to work on /home/airflow/.local/lib/python3.12/site-packages/airflow/example_dags/example_sla_dag.py
[2024-05-12T01:19:31.958+0000] {processor.py:830} INFO - Processing file /home/airflow/.local/lib/python3.12/site-packages/airflow/example_dags/example_sla_dag.py for tasks to queue
[2024-05-12T01:19:31.959+0000] {logging_mixin.py:188} INFO - [2024-05-12T01:19:31.959+0000] {dagbag.py:545} INFO - Filling up the DagBag from /home/airflow/.local/lib/python3.12/site-packages/airflow/example_dags/example_sla_dag.py
[2024-05-12T01:19:31.964+0000] {processor.py:840} INFO - DAG(s) 'example_sla_dag' retrieved from /home/airflow/.local/lib/python3.12/site-packages/airflow/example_dags/example_sla_dag.py
[2024-05-12T01:19:31.974+0000] {logging_mixin.py:188} INFO - [2024-05-12T01:19:31.974+0000] {dag.py:3096} INFO - Sync 1 DAGs
[2024-05-12T01:19:31.985+0000] {logging_mixin.py:188} INFO - [2024-05-12T01:19:31.985+0000] {dag.py:3954} INFO - Setting next_dagrun for example_sla_dag to 2024-05-12 01:16:00+00:00, run_after=2024-05-12 01:18:00+00:00
[2024-05-12T01:19:31.993+0000] {processor.py:183} INFO - Processing /home/airflow/.local/lib/python3.12/site-packages/airflow/example_dags/example_sla_dag.py took 0.039 seconds
[2024-05-12T01:20:02.752+0000] {processor.py:161} INFO - Started process (PID=15688) to work on /home/airflow/.local/lib/python3.12/site-packages/airflow/example_dags/example_sla_dag.py
[2024-05-12T01:20:02.752+0000] {processor.py:830} INFO - Processing file /home/airflow/.local/lib/python3.12/site-packages/airflow/example_dags/example_sla_dag.py for tasks to queue
[2024-05-12T01:20:02.753+0000] {logging_mixin.py:188} INFO - [2024-05-12T01:20:02.753+0000] {dagbag.py:545} INFO - Filling up the DagBag from /home/airflow/.local/lib/python3.12/site-packages/airflow/example_dags/example_sla_dag.py
[2024-05-12T01:20:02.758+0000] {processor.py:840} INFO - DAG(s) 'example_sla_dag' retrieved from /home/airflow/.local/lib/python3.12/site-packages/airflow/example_dags/example_sla_dag.py
[2024-05-12T01:20:02.768+0000] {logging_mixin.py:188} INFO - [2024-05-12T01:20:02.768+0000] {dag.py:3096} INFO - Sync 1 DAGs
[2024-05-12T01:20:02.780+0000] {logging_mixin.py:188} INFO - [2024-05-12T01:20:02.780+0000] {dag.py:3954} INFO - Setting next_dagrun for example_sla_dag to 2024-05-12 01:18:00+00:00, run_after=2024-05-12 01:20:00+00:00
[2024-05-12T01:20:02.789+0000] {processor.py:183} INFO - Processing /home/airflow/.local/lib/python3.12/site-packages/airflow/example_dags/example_sla_dag.py took 0.041 seconds
[2024-05-12T01:20:33.552+0000] {processor.py:161} INFO - Started process (PID=15950) to work on /home/airflow/.local/lib/python3.12/site-packages/airflow/example_dags/example_sla_dag.py
[2024-05-12T01:20:33.553+0000] {processor.py:830} INFO - Processing file /home/airflow/.local/lib/python3.12/site-packages/airflow/example_dags/example_sla_dag.py for tasks to queue
[2024-05-12T01:20:33.554+0000] {logging_mixin.py:188} INFO - [2024-05-12T01:20:33.553+0000] {dagbag.py:545} INFO - Filling up the DagBag from /home/airflow/.local/lib/python3.12/site-packages/airflow/example_dags/example_sla_dag.py
[2024-05-12T01:20:33.558+0000] {processor.py:840} INFO - DAG(s) 'example_sla_dag' retrieved from /home/airflow/.local/lib/python3.12/site-packages/airflow/example_dags/example_sla_dag.py
[2024-05-12T01:20:33.568+0000] {logging_mixin.py:188} INFO - [2024-05-12T01:20:33.568+0000] {dag.py:3096} INFO - Sync 1 DAGs
[2024-05-12T01:20:33.579+0000] {logging_mixin.py:188} INFO - [2024-05-12T01:20:33.579+0000] {dag.py:3954} INFO - Setting next_dagrun for example_sla_dag to 2024-05-12 01:18:00+00:00, run_after=2024-05-12 01:20:00+00:00
[2024-05-12T01:20:33.587+0000] {processor.py:183} INFO - Processing /home/airflow/.local/lib/python3.12/site-packages/airflow/example_dags/example_sla_dag.py took 0.038 seconds
[2024-05-12T01:21:04.374+0000] {processor.py:161} INFO - Started process (PID=16212) to work on /home/airflow/.local/lib/python3.12/site-packages/airflow/example_dags/example_sla_dag.py
[2024-05-12T01:21:04.375+0000] {processor.py:830} INFO - Processing file /home/airflow/.local/lib/python3.12/site-packages/airflow/example_dags/example_sla_dag.py for tasks to queue
[2024-05-12T01:21:04.376+0000] {logging_mixin.py:188} INFO - [2024-05-12T01:21:04.376+0000] {dagbag.py:545} INFO - Filling up the DagBag from /home/airflow/.local/lib/python3.12/site-packages/airflow/example_dags/example_sla_dag.py
[2024-05-12T01:21:04.380+0000] {processor.py:840} INFO - DAG(s) 'example_sla_dag' retrieved from /home/airflow/.local/lib/python3.12/site-packages/airflow/example_dags/example_sla_dag.py
[2024-05-12T01:21:04.391+0000] {logging_mixin.py:188} INFO - [2024-05-12T01:21:04.391+0000] {dag.py:3096} INFO - Sync 1 DAGs
[2024-05-12T01:21:04.401+0000] {logging_mixin.py:188} INFO - [2024-05-12T01:21:04.401+0000] {dag.py:3954} INFO - Setting next_dagrun for example_sla_dag to 2024-05-12 01:18:00+00:00, run_after=2024-05-12 01:20:00+00:00
[2024-05-12T01:21:04.409+0000] {processor.py:183} INFO - Processing /home/airflow/.local/lib/python3.12/site-packages/airflow/example_dags/example_sla_dag.py took 0.038 seconds
[2024-05-12T01:21:35.336+0000] {processor.py:161} INFO - Started process (PID=16473) to work on /home/airflow/.local/lib/python3.12/site-packages/airflow/example_dags/example_sla_dag.py
[2024-05-12T01:21:35.337+0000] {processor.py:830} INFO - Processing file /home/airflow/.local/lib/python3.12/site-packages/airflow/example_dags/example_sla_dag.py for tasks to queue
[2024-05-12T01:21:35.338+0000] {logging_mixin.py:188} INFO - [2024-05-12T01:21:35.337+0000] {dagbag.py:545} INFO - Filling up the DagBag from /home/airflow/.local/lib/python3.12/site-packages/airflow/example_dags/example_sla_dag.py
[2024-05-12T01:21:35.342+0000] {processor.py:840} INFO - DAG(s) 'example_sla_dag' retrieved from /home/airflow/.local/lib/python3.12/site-packages/airflow/example_dags/example_sla_dag.py
[2024-05-12T01:21:35.353+0000] {logging_mixin.py:188} INFO - [2024-05-12T01:21:35.353+0000] {dag.py:3096} INFO - Sync 1 DAGs
[2024-05-12T01:21:35.368+0000] {logging_mixin.py:188} INFO - [2024-05-12T01:21:35.368+0000] {dag.py:3954} INFO - Setting next_dagrun for example_sla_dag to 2024-05-12 01:18:00+00:00, run_after=2024-05-12 01:20:00+00:00
[2024-05-12T01:21:35.377+0000] {processor.py:183} INFO - Processing /home/airflow/.local/lib/python3.12/site-packages/airflow/example_dags/example_sla_dag.py took 0.044 seconds
[2024-05-12T01:22:06.141+0000] {processor.py:161} INFO - Started process (PID=16735) to work on /home/airflow/.local/lib/python3.12/site-packages/airflow/example_dags/example_sla_dag.py
[2024-05-12T01:22:06.141+0000] {processor.py:830} INFO - Processing file /home/airflow/.local/lib/python3.12/site-packages/airflow/example_dags/example_sla_dag.py for tasks to queue
[2024-05-12T01:22:06.142+0000] {logging_mixin.py:188} INFO - [2024-05-12T01:22:06.142+0000] {dagbag.py:545} INFO - Filling up the DagBag from /home/airflow/.local/lib/python3.12/site-packages/airflow/example_dags/example_sla_dag.py
[2024-05-12T01:22:06.147+0000] {processor.py:840} INFO - DAG(s) 'example_sla_dag' retrieved from /home/airflow/.local/lib/python3.12/site-packages/airflow/example_dags/example_sla_dag.py
[2024-05-12T01:22:06.157+0000] {logging_mixin.py:188} INFO - [2024-05-12T01:22:06.157+0000] {dag.py:3096} INFO - Sync 1 DAGs
[2024-05-12T01:22:06.169+0000] {logging_mixin.py:188} INFO - [2024-05-12T01:22:06.168+0000] {dag.py:3954} INFO - Setting next_dagrun for example_sla_dag to 2024-05-12 01:20:00+00:00, run_after=2024-05-12 01:22:00+00:00
[2024-05-12T01:22:06.176+0000] {processor.py:183} INFO - Processing /home/airflow/.local/lib/python3.12/site-packages/airflow/example_dags/example_sla_dag.py took 0.039 seconds
