[2024-05-12T00:37:43.585+0000] {processor.py:161} INFO - Started process (PID=4440) to work on /home/airflow/.local/lib/python3.12/site-packages/airflow/example_dags/example_latest_only_with_trigger.py
[2024-05-12T00:37:43.586+0000] {processor.py:830} INFO - Processing file /home/airflow/.local/lib/python3.12/site-packages/airflow/example_dags/example_latest_only_with_trigger.py for tasks to queue
[2024-05-12T00:37:43.587+0000] {logging_mixin.py:188} INFO - [2024-05-12T00:37:43.587+0000] {dagbag.py:545} INFO - Filling up the DagBag from /home/airflow/.local/lib/python3.12/site-packages/airflow/example_dags/example_latest_only_with_trigger.py
[2024-05-12T00:37:43.590+0000] {processor.py:840} INFO - DAG(s) 'latest_only_with_trigger' retrieved from /home/airflow/.local/lib/python3.12/site-packages/airflow/example_dags/example_latest_only_with_trigger.py
[2024-05-12T00:37:43.600+0000] {logging_mixin.py:188} INFO - [2024-05-12T00:37:43.600+0000] {dag.py:3096} INFO - Sync 1 DAGs
[2024-05-12T00:37:43.610+0000] {logging_mixin.py:188} INFO - [2024-05-12T00:37:43.610+0000] {dag.py:3954} INFO - Setting next_dagrun for latest_only_with_trigger to 2024-05-11 20:00:00+00:00, run_after=2024-05-12 00:00:00+00:00
[2024-05-12T00:37:43.619+0000] {processor.py:183} INFO - Processing /home/airflow/.local/lib/python3.12/site-packages/airflow/example_dags/example_latest_only_with_trigger.py took 0.037 seconds
[2024-05-12T00:38:14.311+0000] {processor.py:161} INFO - Started process (PID=4702) to work on /home/airflow/.local/lib/python3.12/site-packages/airflow/example_dags/example_latest_only_with_trigger.py
[2024-05-12T00:38:14.312+0000] {processor.py:830} INFO - Processing file /home/airflow/.local/lib/python3.12/site-packages/airflow/example_dags/example_latest_only_with_trigger.py for tasks to queue
[2024-05-12T00:38:14.313+0000] {logging_mixin.py:188} INFO - [2024-05-12T00:38:14.312+0000] {dagbag.py:545} INFO - Filling up the DagBag from /home/airflow/.local/lib/python3.12/site-packages/airflow/example_dags/example_latest_only_with_trigger.py
[2024-05-12T00:38:14.316+0000] {processor.py:840} INFO - DAG(s) 'latest_only_with_trigger' retrieved from /home/airflow/.local/lib/python3.12/site-packages/airflow/example_dags/example_latest_only_with_trigger.py
[2024-05-12T00:38:14.326+0000] {logging_mixin.py:188} INFO - [2024-05-12T00:38:14.326+0000] {dag.py:3096} INFO - Sync 1 DAGs
[2024-05-12T00:38:14.337+0000] {logging_mixin.py:188} INFO - [2024-05-12T00:38:14.337+0000] {dag.py:3954} INFO - Setting next_dagrun for latest_only_with_trigger to 2024-05-11 20:00:00+00:00, run_after=2024-05-12 00:00:00+00:00
[2024-05-12T00:38:14.348+0000] {processor.py:183} INFO - Processing /home/airflow/.local/lib/python3.12/site-packages/airflow/example_dags/example_latest_only_with_trigger.py took 0.040 seconds
[2024-05-12T00:38:44.989+0000] {processor.py:161} INFO - Started process (PID=4964) to work on /home/airflow/.local/lib/python3.12/site-packages/airflow/example_dags/example_latest_only_with_trigger.py
[2024-05-12T00:38:44.990+0000] {processor.py:830} INFO - Processing file /home/airflow/.local/lib/python3.12/site-packages/airflow/example_dags/example_latest_only_with_trigger.py for tasks to queue
[2024-05-12T00:38:44.991+0000] {logging_mixin.py:188} INFO - [2024-05-12T00:38:44.991+0000] {dagbag.py:545} INFO - Filling up the DagBag from /home/airflow/.local/lib/python3.12/site-packages/airflow/example_dags/example_latest_only_with_trigger.py
[2024-05-12T00:38:44.994+0000] {processor.py:840} INFO - DAG(s) 'latest_only_with_trigger' retrieved from /home/airflow/.local/lib/python3.12/site-packages/airflow/example_dags/example_latest_only_with_trigger.py
[2024-05-12T00:38:45.004+0000] {logging_mixin.py:188} INFO - [2024-05-12T00:38:45.004+0000] {dag.py:3096} INFO - Sync 1 DAGs
[2024-05-12T00:38:45.015+0000] {logging_mixin.py:188} INFO - [2024-05-12T00:38:45.015+0000] {dag.py:3954} INFO - Setting next_dagrun for latest_only_with_trigger to 2024-05-11 20:00:00+00:00, run_after=2024-05-12 00:00:00+00:00
[2024-05-12T00:38:45.023+0000] {processor.py:183} INFO - Processing /home/airflow/.local/lib/python3.12/site-packages/airflow/example_dags/example_latest_only_with_trigger.py took 0.038 seconds
[2024-05-12T00:39:15.616+0000] {processor.py:161} INFO - Started process (PID=5225) to work on /home/airflow/.local/lib/python3.12/site-packages/airflow/example_dags/example_latest_only_with_trigger.py
[2024-05-12T00:39:15.617+0000] {processor.py:830} INFO - Processing file /home/airflow/.local/lib/python3.12/site-packages/airflow/example_dags/example_latest_only_with_trigger.py for tasks to queue
[2024-05-12T00:39:15.618+0000] {logging_mixin.py:188} INFO - [2024-05-12T00:39:15.618+0000] {dagbag.py:545} INFO - Filling up the DagBag from /home/airflow/.local/lib/python3.12/site-packages/airflow/example_dags/example_latest_only_with_trigger.py
[2024-05-12T00:39:15.622+0000] {processor.py:840} INFO - DAG(s) 'latest_only_with_trigger' retrieved from /home/airflow/.local/lib/python3.12/site-packages/airflow/example_dags/example_latest_only_with_trigger.py
[2024-05-12T00:39:15.633+0000] {logging_mixin.py:188} INFO - [2024-05-12T00:39:15.633+0000] {dag.py:3096} INFO - Sync 1 DAGs
[2024-05-12T00:39:15.644+0000] {logging_mixin.py:188} INFO - [2024-05-12T00:39:15.644+0000] {dag.py:3954} INFO - Setting next_dagrun for latest_only_with_trigger to 2024-05-11 20:00:00+00:00, run_after=2024-05-12 00:00:00+00:00
[2024-05-12T00:39:15.654+0000] {processor.py:183} INFO - Processing /home/airflow/.local/lib/python3.12/site-packages/airflow/example_dags/example_latest_only_with_trigger.py took 0.040 seconds
[2024-05-12T00:39:46.458+0000] {processor.py:161} INFO - Started process (PID=5486) to work on /home/airflow/.local/lib/python3.12/site-packages/airflow/example_dags/example_latest_only_with_trigger.py
[2024-05-12T00:39:46.459+0000] {processor.py:830} INFO - Processing file /home/airflow/.local/lib/python3.12/site-packages/airflow/example_dags/example_latest_only_with_trigger.py for tasks to queue
[2024-05-12T00:39:46.460+0000] {logging_mixin.py:188} INFO - [2024-05-12T00:39:46.459+0000] {dagbag.py:545} INFO - Filling up the DagBag from /home/airflow/.local/lib/python3.12/site-packages/airflow/example_dags/example_latest_only_with_trigger.py
[2024-05-12T00:39:46.463+0000] {processor.py:840} INFO - DAG(s) 'latest_only_with_trigger' retrieved from /home/airflow/.local/lib/python3.12/site-packages/airflow/example_dags/example_latest_only_with_trigger.py
[2024-05-12T00:39:46.474+0000] {logging_mixin.py:188} INFO - [2024-05-12T00:39:46.474+0000] {dag.py:3096} INFO - Sync 1 DAGs
[2024-05-12T00:39:46.486+0000] {logging_mixin.py:188} INFO - [2024-05-12T00:39:46.486+0000] {dag.py:3954} INFO - Setting next_dagrun for latest_only_with_trigger to 2024-05-11 20:00:00+00:00, run_after=2024-05-12 00:00:00+00:00
[2024-05-12T00:39:46.496+0000] {processor.py:183} INFO - Processing /home/airflow/.local/lib/python3.12/site-packages/airflow/example_dags/example_latest_only_with_trigger.py took 0.041 seconds
[2024-05-12T00:40:17.170+0000] {processor.py:161} INFO - Started process (PID=5748) to work on /home/airflow/.local/lib/python3.12/site-packages/airflow/example_dags/example_latest_only_with_trigger.py
[2024-05-12T00:40:17.170+0000] {processor.py:830} INFO - Processing file /home/airflow/.local/lib/python3.12/site-packages/airflow/example_dags/example_latest_only_with_trigger.py for tasks to queue
[2024-05-12T00:40:17.172+0000] {logging_mixin.py:188} INFO - [2024-05-12T00:40:17.171+0000] {dagbag.py:545} INFO - Filling up the DagBag from /home/airflow/.local/lib/python3.12/site-packages/airflow/example_dags/example_latest_only_with_trigger.py
[2024-05-12T00:40:17.175+0000] {processor.py:840} INFO - DAG(s) 'latest_only_with_trigger' retrieved from /home/airflow/.local/lib/python3.12/site-packages/airflow/example_dags/example_latest_only_with_trigger.py
[2024-05-12T00:40:17.186+0000] {logging_mixin.py:188} INFO - [2024-05-12T00:40:17.186+0000] {dag.py:3096} INFO - Sync 1 DAGs
[2024-05-12T00:40:17.198+0000] {logging_mixin.py:188} INFO - [2024-05-12T00:40:17.197+0000] {dag.py:3954} INFO - Setting next_dagrun for latest_only_with_trigger to 2024-05-11 20:00:00+00:00, run_after=2024-05-12 00:00:00+00:00
[2024-05-12T00:40:17.206+0000] {processor.py:183} INFO - Processing /home/airflow/.local/lib/python3.12/site-packages/airflow/example_dags/example_latest_only_with_trigger.py took 0.039 seconds
[2024-05-12T00:40:47.893+0000] {processor.py:161} INFO - Started process (PID=6012) to work on /home/airflow/.local/lib/python3.12/site-packages/airflow/example_dags/example_latest_only_with_trigger.py
[2024-05-12T00:40:47.894+0000] {processor.py:830} INFO - Processing file /home/airflow/.local/lib/python3.12/site-packages/airflow/example_dags/example_latest_only_with_trigger.py for tasks to queue
[2024-05-12T00:40:47.895+0000] {logging_mixin.py:188} INFO - [2024-05-12T00:40:47.895+0000] {dagbag.py:545} INFO - Filling up the DagBag from /home/airflow/.local/lib/python3.12/site-packages/airflow/example_dags/example_latest_only_with_trigger.py
[2024-05-12T00:40:47.898+0000] {processor.py:840} INFO - DAG(s) 'latest_only_with_trigger' retrieved from /home/airflow/.local/lib/python3.12/site-packages/airflow/example_dags/example_latest_only_with_trigger.py
[2024-05-12T00:40:47.908+0000] {logging_mixin.py:188} INFO - [2024-05-12T00:40:47.908+0000] {dag.py:3096} INFO - Sync 1 DAGs
[2024-05-12T00:40:47.918+0000] {logging_mixin.py:188} INFO - [2024-05-12T00:40:47.917+0000] {dag.py:3954} INFO - Setting next_dagrun for latest_only_with_trigger to 2024-05-11 20:00:00+00:00, run_after=2024-05-12 00:00:00+00:00
[2024-05-12T00:40:47.926+0000] {processor.py:183} INFO - Processing /home/airflow/.local/lib/python3.12/site-packages/airflow/example_dags/example_latest_only_with_trigger.py took 0.036 seconds
[2024-05-12T00:41:18.802+0000] {processor.py:161} INFO - Started process (PID=6272) to work on /home/airflow/.local/lib/python3.12/site-packages/airflow/example_dags/example_latest_only_with_trigger.py
[2024-05-12T00:41:18.802+0000] {processor.py:830} INFO - Processing file /home/airflow/.local/lib/python3.12/site-packages/airflow/example_dags/example_latest_only_with_trigger.py for tasks to queue
[2024-05-12T00:41:18.803+0000] {logging_mixin.py:188} INFO - [2024-05-12T00:41:18.803+0000] {dagbag.py:545} INFO - Filling up the DagBag from /home/airflow/.local/lib/python3.12/site-packages/airflow/example_dags/example_latest_only_with_trigger.py
[2024-05-12T00:41:18.806+0000] {processor.py:840} INFO - DAG(s) 'latest_only_with_trigger' retrieved from /home/airflow/.local/lib/python3.12/site-packages/airflow/example_dags/example_latest_only_with_trigger.py
[2024-05-12T00:41:18.817+0000] {logging_mixin.py:188} INFO - [2024-05-12T00:41:18.817+0000] {dag.py:3096} INFO - Sync 1 DAGs
[2024-05-12T00:41:18.827+0000] {logging_mixin.py:188} INFO - [2024-05-12T00:41:18.827+0000] {dag.py:3954} INFO - Setting next_dagrun for latest_only_with_trigger to 2024-05-11 20:00:00+00:00, run_after=2024-05-12 00:00:00+00:00
[2024-05-12T00:41:18.836+0000] {processor.py:183} INFO - Processing /home/airflow/.local/lib/python3.12/site-packages/airflow/example_dags/example_latest_only_with_trigger.py took 0.037 seconds
[2024-05-12T00:41:49.541+0000] {processor.py:161} INFO - Started process (PID=6534) to work on /home/airflow/.local/lib/python3.12/site-packages/airflow/example_dags/example_latest_only_with_trigger.py
[2024-05-12T00:41:49.542+0000] {processor.py:830} INFO - Processing file /home/airflow/.local/lib/python3.12/site-packages/airflow/example_dags/example_latest_only_with_trigger.py for tasks to queue
[2024-05-12T00:41:49.543+0000] {logging_mixin.py:188} INFO - [2024-05-12T00:41:49.543+0000] {dagbag.py:545} INFO - Filling up the DagBag from /home/airflow/.local/lib/python3.12/site-packages/airflow/example_dags/example_latest_only_with_trigger.py
[2024-05-12T00:41:49.546+0000] {processor.py:840} INFO - DAG(s) 'latest_only_with_trigger' retrieved from /home/airflow/.local/lib/python3.12/site-packages/airflow/example_dags/example_latest_only_with_trigger.py
[2024-05-12T00:41:49.557+0000] {logging_mixin.py:188} INFO - [2024-05-12T00:41:49.557+0000] {dag.py:3096} INFO - Sync 1 DAGs
[2024-05-12T00:41:49.568+0000] {logging_mixin.py:188} INFO - [2024-05-12T00:41:49.568+0000] {dag.py:3954} INFO - Setting next_dagrun for latest_only_with_trigger to 2024-05-11 20:00:00+00:00, run_after=2024-05-12 00:00:00+00:00
[2024-05-12T00:41:49.577+0000] {processor.py:183} INFO - Processing /home/airflow/.local/lib/python3.12/site-packages/airflow/example_dags/example_latest_only_with_trigger.py took 0.040 seconds
[2024-05-12T00:42:20.170+0000] {processor.py:161} INFO - Started process (PID=6796) to work on /home/airflow/.local/lib/python3.12/site-packages/airflow/example_dags/example_latest_only_with_trigger.py
[2024-05-12T00:42:20.170+0000] {processor.py:830} INFO - Processing file /home/airflow/.local/lib/python3.12/site-packages/airflow/example_dags/example_latest_only_with_trigger.py for tasks to queue
[2024-05-12T00:42:20.171+0000] {logging_mixin.py:188} INFO - [2024-05-12T00:42:20.171+0000] {dagbag.py:545} INFO - Filling up the DagBag from /home/airflow/.local/lib/python3.12/site-packages/airflow/example_dags/example_latest_only_with_trigger.py
[2024-05-12T00:42:20.174+0000] {processor.py:840} INFO - DAG(s) 'latest_only_with_trigger' retrieved from /home/airflow/.local/lib/python3.12/site-packages/airflow/example_dags/example_latest_only_with_trigger.py
[2024-05-12T00:42:20.185+0000] {logging_mixin.py:188} INFO - [2024-05-12T00:42:20.184+0000] {dag.py:3096} INFO - Sync 1 DAGs
[2024-05-12T00:42:20.195+0000] {logging_mixin.py:188} INFO - [2024-05-12T00:42:20.195+0000] {dag.py:3954} INFO - Setting next_dagrun for latest_only_with_trigger to 2024-05-11 20:00:00+00:00, run_after=2024-05-12 00:00:00+00:00
[2024-05-12T00:42:20.204+0000] {processor.py:183} INFO - Processing /home/airflow/.local/lib/python3.12/site-packages/airflow/example_dags/example_latest_only_with_trigger.py took 0.037 seconds
[2024-05-12T00:42:50.943+0000] {processor.py:161} INFO - Started process (PID=7058) to work on /home/airflow/.local/lib/python3.12/site-packages/airflow/example_dags/example_latest_only_with_trigger.py
[2024-05-12T00:42:50.944+0000] {processor.py:830} INFO - Processing file /home/airflow/.local/lib/python3.12/site-packages/airflow/example_dags/example_latest_only_with_trigger.py for tasks to queue
[2024-05-12T00:42:50.945+0000] {logging_mixin.py:188} INFO - [2024-05-12T00:42:50.945+0000] {dagbag.py:545} INFO - Filling up the DagBag from /home/airflow/.local/lib/python3.12/site-packages/airflow/example_dags/example_latest_only_with_trigger.py
[2024-05-12T00:42:50.948+0000] {processor.py:840} INFO - DAG(s) 'latest_only_with_trigger' retrieved from /home/airflow/.local/lib/python3.12/site-packages/airflow/example_dags/example_latest_only_with_trigger.py
[2024-05-12T00:42:50.958+0000] {logging_mixin.py:188} INFO - [2024-05-12T00:42:50.958+0000] {dag.py:3096} INFO - Sync 1 DAGs
[2024-05-12T00:42:50.969+0000] {logging_mixin.py:188} INFO - [2024-05-12T00:42:50.969+0000] {dag.py:3954} INFO - Setting next_dagrun for latest_only_with_trigger to 2024-05-11 20:00:00+00:00, run_after=2024-05-12 00:00:00+00:00
[2024-05-12T00:42:50.978+0000] {processor.py:183} INFO - Processing /home/airflow/.local/lib/python3.12/site-packages/airflow/example_dags/example_latest_only_with_trigger.py took 0.037 seconds
[2024-05-12T00:43:21.707+0000] {processor.py:161} INFO - Started process (PID=7320) to work on /home/airflow/.local/lib/python3.12/site-packages/airflow/example_dags/example_latest_only_with_trigger.py
[2024-05-12T00:43:21.707+0000] {processor.py:830} INFO - Processing file /home/airflow/.local/lib/python3.12/site-packages/airflow/example_dags/example_latest_only_with_trigger.py for tasks to queue
[2024-05-12T00:43:21.708+0000] {logging_mixin.py:188} INFO - [2024-05-12T00:43:21.708+0000] {dagbag.py:545} INFO - Filling up the DagBag from /home/airflow/.local/lib/python3.12/site-packages/airflow/example_dags/example_latest_only_with_trigger.py
[2024-05-12T00:43:21.712+0000] {processor.py:840} INFO - DAG(s) 'latest_only_with_trigger' retrieved from /home/airflow/.local/lib/python3.12/site-packages/airflow/example_dags/example_latest_only_with_trigger.py
[2024-05-12T00:43:21.723+0000] {logging_mixin.py:188} INFO - [2024-05-12T00:43:21.723+0000] {dag.py:3096} INFO - Sync 1 DAGs
[2024-05-12T00:43:21.734+0000] {logging_mixin.py:188} INFO - [2024-05-12T00:43:21.734+0000] {dag.py:3954} INFO - Setting next_dagrun for latest_only_with_trigger to 2024-05-11 20:00:00+00:00, run_after=2024-05-12 00:00:00+00:00
[2024-05-12T00:43:21.743+0000] {processor.py:183} INFO - Processing /home/airflow/.local/lib/python3.12/site-packages/airflow/example_dags/example_latest_only_with_trigger.py took 0.040 seconds
[2024-05-12T00:43:52.467+0000] {processor.py:161} INFO - Started process (PID=7582) to work on /home/airflow/.local/lib/python3.12/site-packages/airflow/example_dags/example_latest_only_with_trigger.py
[2024-05-12T00:43:52.467+0000] {processor.py:830} INFO - Processing file /home/airflow/.local/lib/python3.12/site-packages/airflow/example_dags/example_latest_only_with_trigger.py for tasks to queue
[2024-05-12T00:43:52.468+0000] {logging_mixin.py:188} INFO - [2024-05-12T00:43:52.468+0000] {dagbag.py:545} INFO - Filling up the DagBag from /home/airflow/.local/lib/python3.12/site-packages/airflow/example_dags/example_latest_only_with_trigger.py
[2024-05-12T00:43:52.471+0000] {processor.py:840} INFO - DAG(s) 'latest_only_with_trigger' retrieved from /home/airflow/.local/lib/python3.12/site-packages/airflow/example_dags/example_latest_only_with_trigger.py
[2024-05-12T00:43:52.482+0000] {logging_mixin.py:188} INFO - [2024-05-12T00:43:52.481+0000] {dag.py:3096} INFO - Sync 1 DAGs
[2024-05-12T00:43:52.492+0000] {logging_mixin.py:188} INFO - [2024-05-12T00:43:52.492+0000] {dag.py:3954} INFO - Setting next_dagrun for latest_only_with_trigger to 2024-05-11 20:00:00+00:00, run_after=2024-05-12 00:00:00+00:00
[2024-05-12T00:43:52.500+0000] {processor.py:183} INFO - Processing /home/airflow/.local/lib/python3.12/site-packages/airflow/example_dags/example_latest_only_with_trigger.py took 0.037 seconds
[2024-05-12T00:44:23.186+0000] {processor.py:161} INFO - Started process (PID=7843) to work on /home/airflow/.local/lib/python3.12/site-packages/airflow/example_dags/example_latest_only_with_trigger.py
[2024-05-12T00:44:23.186+0000] {processor.py:830} INFO - Processing file /home/airflow/.local/lib/python3.12/site-packages/airflow/example_dags/example_latest_only_with_trigger.py for tasks to queue
[2024-05-12T00:44:23.187+0000] {logging_mixin.py:188} INFO - [2024-05-12T00:44:23.187+0000] {dagbag.py:545} INFO - Filling up the DagBag from /home/airflow/.local/lib/python3.12/site-packages/airflow/example_dags/example_latest_only_with_trigger.py
[2024-05-12T00:44:23.191+0000] {processor.py:840} INFO - DAG(s) 'latest_only_with_trigger' retrieved from /home/airflow/.local/lib/python3.12/site-packages/airflow/example_dags/example_latest_only_with_trigger.py
[2024-05-12T00:44:23.201+0000] {logging_mixin.py:188} INFO - [2024-05-12T00:44:23.201+0000] {dag.py:3096} INFO - Sync 1 DAGs
[2024-05-12T00:44:23.211+0000] {logging_mixin.py:188} INFO - [2024-05-12T00:44:23.211+0000] {dag.py:3954} INFO - Setting next_dagrun for latest_only_with_trigger to 2024-05-11 20:00:00+00:00, run_after=2024-05-12 00:00:00+00:00
[2024-05-12T00:44:23.220+0000] {processor.py:183} INFO - Processing /home/airflow/.local/lib/python3.12/site-packages/airflow/example_dags/example_latest_only_with_trigger.py took 0.037 seconds
[2024-05-12T00:44:53.985+0000] {processor.py:161} INFO - Started process (PID=8105) to work on /home/airflow/.local/lib/python3.12/site-packages/airflow/example_dags/example_latest_only_with_trigger.py
[2024-05-12T00:44:53.986+0000] {processor.py:830} INFO - Processing file /home/airflow/.local/lib/python3.12/site-packages/airflow/example_dags/example_latest_only_with_trigger.py for tasks to queue
[2024-05-12T00:44:53.987+0000] {logging_mixin.py:188} INFO - [2024-05-12T00:44:53.987+0000] {dagbag.py:545} INFO - Filling up the DagBag from /home/airflow/.local/lib/python3.12/site-packages/airflow/example_dags/example_latest_only_with_trigger.py
[2024-05-12T00:44:53.990+0000] {processor.py:840} INFO - DAG(s) 'latest_only_with_trigger' retrieved from /home/airflow/.local/lib/python3.12/site-packages/airflow/example_dags/example_latest_only_with_trigger.py
[2024-05-12T00:44:54.002+0000] {logging_mixin.py:188} INFO - [2024-05-12T00:44:54.002+0000] {dag.py:3096} INFO - Sync 1 DAGs
[2024-05-12T00:44:54.013+0000] {logging_mixin.py:188} INFO - [2024-05-12T00:44:54.013+0000] {dag.py:3954} INFO - Setting next_dagrun for latest_only_with_trigger to 2024-05-11 20:00:00+00:00, run_after=2024-05-12 00:00:00+00:00
[2024-05-12T00:44:54.023+0000] {processor.py:183} INFO - Processing /home/airflow/.local/lib/python3.12/site-packages/airflow/example_dags/example_latest_only_with_trigger.py took 0.041 seconds
[2024-05-12T00:45:24.695+0000] {processor.py:161} INFO - Started process (PID=8366) to work on /home/airflow/.local/lib/python3.12/site-packages/airflow/example_dags/example_latest_only_with_trigger.py
[2024-05-12T00:45:24.696+0000] {processor.py:830} INFO - Processing file /home/airflow/.local/lib/python3.12/site-packages/airflow/example_dags/example_latest_only_with_trigger.py for tasks to queue
[2024-05-12T00:45:24.697+0000] {logging_mixin.py:188} INFO - [2024-05-12T00:45:24.697+0000] {dagbag.py:545} INFO - Filling up the DagBag from /home/airflow/.local/lib/python3.12/site-packages/airflow/example_dags/example_latest_only_with_trigger.py
[2024-05-12T00:45:24.700+0000] {processor.py:840} INFO - DAG(s) 'latest_only_with_trigger' retrieved from /home/airflow/.local/lib/python3.12/site-packages/airflow/example_dags/example_latest_only_with_trigger.py
[2024-05-12T00:45:24.710+0000] {logging_mixin.py:188} INFO - [2024-05-12T00:45:24.710+0000] {dag.py:3096} INFO - Sync 1 DAGs
[2024-05-12T00:45:24.724+0000] {logging_mixin.py:188} INFO - [2024-05-12T00:45:24.724+0000] {dag.py:3954} INFO - Setting next_dagrun for latest_only_with_trigger to 2024-05-11 20:00:00+00:00, run_after=2024-05-12 00:00:00+00:00
[2024-05-12T00:45:24.733+0000] {processor.py:183} INFO - Processing /home/airflow/.local/lib/python3.12/site-packages/airflow/example_dags/example_latest_only_with_trigger.py took 0.041 seconds
[2024-05-12T00:45:55.404+0000] {processor.py:161} INFO - Started process (PID=8628) to work on /home/airflow/.local/lib/python3.12/site-packages/airflow/example_dags/example_latest_only_with_trigger.py
[2024-05-12T00:45:55.404+0000] {processor.py:830} INFO - Processing file /home/airflow/.local/lib/python3.12/site-packages/airflow/example_dags/example_latest_only_with_trigger.py for tasks to queue
[2024-05-12T00:45:55.405+0000] {logging_mixin.py:188} INFO - [2024-05-12T00:45:55.405+0000] {dagbag.py:545} INFO - Filling up the DagBag from /home/airflow/.local/lib/python3.12/site-packages/airflow/example_dags/example_latest_only_with_trigger.py
[2024-05-12T00:45:55.408+0000] {processor.py:840} INFO - DAG(s) 'latest_only_with_trigger' retrieved from /home/airflow/.local/lib/python3.12/site-packages/airflow/example_dags/example_latest_only_with_trigger.py
[2024-05-12T00:45:55.419+0000] {logging_mixin.py:188} INFO - [2024-05-12T00:45:55.419+0000] {dag.py:3096} INFO - Sync 1 DAGs
[2024-05-12T00:45:55.431+0000] {logging_mixin.py:188} INFO - [2024-05-12T00:45:55.431+0000] {dag.py:3954} INFO - Setting next_dagrun for latest_only_with_trigger to 2024-05-11 20:00:00+00:00, run_after=2024-05-12 00:00:00+00:00
[2024-05-12T00:45:55.440+0000] {processor.py:183} INFO - Processing /home/airflow/.local/lib/python3.12/site-packages/airflow/example_dags/example_latest_only_with_trigger.py took 0.039 seconds
[2024-05-12T00:46:26.236+0000] {processor.py:161} INFO - Started process (PID=8890) to work on /home/airflow/.local/lib/python3.12/site-packages/airflow/example_dags/example_latest_only_with_trigger.py
[2024-05-12T00:46:26.237+0000] {processor.py:830} INFO - Processing file /home/airflow/.local/lib/python3.12/site-packages/airflow/example_dags/example_latest_only_with_trigger.py for tasks to queue
[2024-05-12T00:46:26.238+0000] {logging_mixin.py:188} INFO - [2024-05-12T00:46:26.238+0000] {dagbag.py:545} INFO - Filling up the DagBag from /home/airflow/.local/lib/python3.12/site-packages/airflow/example_dags/example_latest_only_with_trigger.py
[2024-05-12T00:46:26.242+0000] {processor.py:840} INFO - DAG(s) 'latest_only_with_trigger' retrieved from /home/airflow/.local/lib/python3.12/site-packages/airflow/example_dags/example_latest_only_with_trigger.py
[2024-05-12T00:46:26.253+0000] {logging_mixin.py:188} INFO - [2024-05-12T00:46:26.253+0000] {dag.py:3096} INFO - Sync 1 DAGs
[2024-05-12T00:46:26.264+0000] {logging_mixin.py:188} INFO - [2024-05-12T00:46:26.264+0000] {dag.py:3954} INFO - Setting next_dagrun for latest_only_with_trigger to 2024-05-11 20:00:00+00:00, run_after=2024-05-12 00:00:00+00:00
[2024-05-12T00:46:26.274+0000] {processor.py:183} INFO - Processing /home/airflow/.local/lib/python3.12/site-packages/airflow/example_dags/example_latest_only_with_trigger.py took 0.041 seconds
[2024-05-12T00:46:57.034+0000] {processor.py:161} INFO - Started process (PID=9154) to work on /home/airflow/.local/lib/python3.12/site-packages/airflow/example_dags/example_latest_only_with_trigger.py
[2024-05-12T00:46:57.035+0000] {processor.py:830} INFO - Processing file /home/airflow/.local/lib/python3.12/site-packages/airflow/example_dags/example_latest_only_with_trigger.py for tasks to queue
[2024-05-12T00:46:57.036+0000] {logging_mixin.py:188} INFO - [2024-05-12T00:46:57.035+0000] {dagbag.py:545} INFO - Filling up the DagBag from /home/airflow/.local/lib/python3.12/site-packages/airflow/example_dags/example_latest_only_with_trigger.py
[2024-05-12T00:46:57.039+0000] {processor.py:840} INFO - DAG(s) 'latest_only_with_trigger' retrieved from /home/airflow/.local/lib/python3.12/site-packages/airflow/example_dags/example_latest_only_with_trigger.py
[2024-05-12T00:46:57.050+0000] {logging_mixin.py:188} INFO - [2024-05-12T00:46:57.050+0000] {dag.py:3096} INFO - Sync 1 DAGs
[2024-05-12T00:46:57.059+0000] {logging_mixin.py:188} INFO - [2024-05-12T00:46:57.059+0000] {dag.py:3954} INFO - Setting next_dagrun for latest_only_with_trigger to 2024-05-11 20:00:00+00:00, run_after=2024-05-12 00:00:00+00:00
[2024-05-12T00:46:57.068+0000] {processor.py:183} INFO - Processing /home/airflow/.local/lib/python3.12/site-packages/airflow/example_dags/example_latest_only_with_trigger.py took 0.037 seconds
[2024-05-12T00:47:27.959+0000] {processor.py:161} INFO - Started process (PID=9413) to work on /home/airflow/.local/lib/python3.12/site-packages/airflow/example_dags/example_latest_only_with_trigger.py
[2024-05-12T00:47:27.960+0000] {processor.py:830} INFO - Processing file /home/airflow/.local/lib/python3.12/site-packages/airflow/example_dags/example_latest_only_with_trigger.py for tasks to queue
[2024-05-12T00:47:27.961+0000] {logging_mixin.py:188} INFO - [2024-05-12T00:47:27.961+0000] {dagbag.py:545} INFO - Filling up the DagBag from /home/airflow/.local/lib/python3.12/site-packages/airflow/example_dags/example_latest_only_with_trigger.py
[2024-05-12T00:47:27.964+0000] {processor.py:840} INFO - DAG(s) 'latest_only_with_trigger' retrieved from /home/airflow/.local/lib/python3.12/site-packages/airflow/example_dags/example_latest_only_with_trigger.py
[2024-05-12T00:47:27.974+0000] {logging_mixin.py:188} INFO - [2024-05-12T00:47:27.974+0000] {dag.py:3096} INFO - Sync 1 DAGs
[2024-05-12T00:47:27.984+0000] {logging_mixin.py:188} INFO - [2024-05-12T00:47:27.984+0000] {dag.py:3954} INFO - Setting next_dagrun for latest_only_with_trigger to 2024-05-11 20:00:00+00:00, run_after=2024-05-12 00:00:00+00:00
[2024-05-12T00:47:27.994+0000] {processor.py:183} INFO - Processing /home/airflow/.local/lib/python3.12/site-packages/airflow/example_dags/example_latest_only_with_trigger.py took 0.038 seconds
[2024-05-12T00:47:58.808+0000] {processor.py:161} INFO - Started process (PID=9675) to work on /home/airflow/.local/lib/python3.12/site-packages/airflow/example_dags/example_latest_only_with_trigger.py
[2024-05-12T00:47:58.809+0000] {processor.py:830} INFO - Processing file /home/airflow/.local/lib/python3.12/site-packages/airflow/example_dags/example_latest_only_with_trigger.py for tasks to queue
[2024-05-12T00:47:58.810+0000] {logging_mixin.py:188} INFO - [2024-05-12T00:47:58.810+0000] {dagbag.py:545} INFO - Filling up the DagBag from /home/airflow/.local/lib/python3.12/site-packages/airflow/example_dags/example_latest_only_with_trigger.py
[2024-05-12T00:47:58.813+0000] {processor.py:840} INFO - DAG(s) 'latest_only_with_trigger' retrieved from /home/airflow/.local/lib/python3.12/site-packages/airflow/example_dags/example_latest_only_with_trigger.py
[2024-05-12T00:47:58.823+0000] {logging_mixin.py:188} INFO - [2024-05-12T00:47:58.823+0000] {dag.py:3096} INFO - Sync 1 DAGs
[2024-05-12T00:47:58.833+0000] {logging_mixin.py:188} INFO - [2024-05-12T00:47:58.833+0000] {dag.py:3954} INFO - Setting next_dagrun for latest_only_with_trigger to 2024-05-11 20:00:00+00:00, run_after=2024-05-12 00:00:00+00:00
[2024-05-12T00:47:58.841+0000] {processor.py:183} INFO - Processing /home/airflow/.local/lib/python3.12/site-packages/airflow/example_dags/example_latest_only_with_trigger.py took 0.036 seconds
[2024-05-12T00:48:29.632+0000] {processor.py:161} INFO - Started process (PID=9937) to work on /home/airflow/.local/lib/python3.12/site-packages/airflow/example_dags/example_latest_only_with_trigger.py
[2024-05-12T00:48:29.632+0000] {processor.py:830} INFO - Processing file /home/airflow/.local/lib/python3.12/site-packages/airflow/example_dags/example_latest_only_with_trigger.py for tasks to queue
[2024-05-12T00:48:29.633+0000] {logging_mixin.py:188} INFO - [2024-05-12T00:48:29.633+0000] {dagbag.py:545} INFO - Filling up the DagBag from /home/airflow/.local/lib/python3.12/site-packages/airflow/example_dags/example_latest_only_with_trigger.py
[2024-05-12T00:48:29.636+0000] {processor.py:840} INFO - DAG(s) 'latest_only_with_trigger' retrieved from /home/airflow/.local/lib/python3.12/site-packages/airflow/example_dags/example_latest_only_with_trigger.py
[2024-05-12T00:48:29.647+0000] {logging_mixin.py:188} INFO - [2024-05-12T00:48:29.646+0000] {dag.py:3096} INFO - Sync 1 DAGs
[2024-05-12T00:48:29.657+0000] {logging_mixin.py:188} INFO - [2024-05-12T00:48:29.657+0000] {dag.py:3954} INFO - Setting next_dagrun for latest_only_with_trigger to 2024-05-11 20:00:00+00:00, run_after=2024-05-12 00:00:00+00:00
[2024-05-12T00:48:29.666+0000] {processor.py:183} INFO - Processing /home/airflow/.local/lib/python3.12/site-packages/airflow/example_dags/example_latest_only_with_trigger.py took 0.037 seconds
[2024-05-12T00:48:59.804+0000] {processor.py:161} INFO - Started process (PID=10199) to work on /home/airflow/.local/lib/python3.12/site-packages/airflow/example_dags/example_latest_only_with_trigger.py
[2024-05-12T00:48:59.804+0000] {processor.py:830} INFO - Processing file /home/airflow/.local/lib/python3.12/site-packages/airflow/example_dags/example_latest_only_with_trigger.py for tasks to queue
[2024-05-12T00:48:59.805+0000] {logging_mixin.py:188} INFO - [2024-05-12T00:48:59.805+0000] {dagbag.py:545} INFO - Filling up the DagBag from /home/airflow/.local/lib/python3.12/site-packages/airflow/example_dags/example_latest_only_with_trigger.py
[2024-05-12T00:48:59.808+0000] {processor.py:840} INFO - DAG(s) 'latest_only_with_trigger' retrieved from /home/airflow/.local/lib/python3.12/site-packages/airflow/example_dags/example_latest_only_with_trigger.py
[2024-05-12T00:48:59.819+0000] {logging_mixin.py:188} INFO - [2024-05-12T00:48:59.818+0000] {dag.py:3096} INFO - Sync 1 DAGs
[2024-05-12T00:48:59.829+0000] {logging_mixin.py:188} INFO - [2024-05-12T00:48:59.828+0000] {dag.py:3954} INFO - Setting next_dagrun for latest_only_with_trigger to 2024-05-11 20:00:00+00:00, run_after=2024-05-12 00:00:00+00:00
[2024-05-12T00:48:59.837+0000] {processor.py:183} INFO - Processing /home/airflow/.local/lib/python3.12/site-packages/airflow/example_dags/example_latest_only_with_trigger.py took 0.036 seconds
[2024-05-12T01:06:45.537+0000] {processor.py:161} INFO - Started process (PID=10461) to work on /home/airflow/.local/lib/python3.12/site-packages/airflow/example_dags/example_latest_only_with_trigger.py
[2024-05-12T01:06:45.538+0000] {processor.py:830} INFO - Processing file /home/airflow/.local/lib/python3.12/site-packages/airflow/example_dags/example_latest_only_with_trigger.py for tasks to queue
[2024-05-12T01:06:45.539+0000] {logging_mixin.py:188} INFO - [2024-05-12T01:06:45.539+0000] {dagbag.py:545} INFO - Filling up the DagBag from /home/airflow/.local/lib/python3.12/site-packages/airflow/example_dags/example_latest_only_with_trigger.py
[2024-05-12T01:06:45.542+0000] {processor.py:840} INFO - DAG(s) 'latest_only_with_trigger' retrieved from /home/airflow/.local/lib/python3.12/site-packages/airflow/example_dags/example_latest_only_with_trigger.py
[2024-05-12T01:06:45.552+0000] {logging_mixin.py:188} INFO - [2024-05-12T01:06:45.552+0000] {dag.py:3096} INFO - Sync 1 DAGs
[2024-05-12T01:06:45.565+0000] {logging_mixin.py:188} INFO - [2024-05-12T01:06:45.565+0000] {dag.py:3954} INFO - Setting next_dagrun for latest_only_with_trigger to 2024-05-11 20:00:00+00:00, run_after=2024-05-12 00:00:00+00:00
[2024-05-12T01:06:45.574+0000] {processor.py:183} INFO - Processing /home/airflow/.local/lib/python3.12/site-packages/airflow/example_dags/example_latest_only_with_trigger.py took 0.039 seconds
[2024-05-12T01:10:17.493+0000] {processor.py:161} INFO - Started process (PID=10722) to work on /home/airflow/.local/lib/python3.12/site-packages/airflow/example_dags/example_latest_only_with_trigger.py
[2024-05-12T01:10:17.494+0000] {processor.py:830} INFO - Processing file /home/airflow/.local/lib/python3.12/site-packages/airflow/example_dags/example_latest_only_with_trigger.py for tasks to queue
[2024-05-12T01:10:17.495+0000] {logging_mixin.py:188} INFO - [2024-05-12T01:10:17.495+0000] {dagbag.py:545} INFO - Filling up the DagBag from /home/airflow/.local/lib/python3.12/site-packages/airflow/example_dags/example_latest_only_with_trigger.py
[2024-05-12T01:10:17.498+0000] {processor.py:840} INFO - DAG(s) 'latest_only_with_trigger' retrieved from /home/airflow/.local/lib/python3.12/site-packages/airflow/example_dags/example_latest_only_with_trigger.py
[2024-05-12T01:10:17.509+0000] {logging_mixin.py:188} INFO - [2024-05-12T01:10:17.509+0000] {dag.py:3096} INFO - Sync 1 DAGs
[2024-05-12T01:10:17.608+0000] {logging_mixin.py:188} INFO - [2024-05-12T01:10:17.608+0000] {dag.py:3954} INFO - Setting next_dagrun for latest_only_with_trigger to 2024-05-11 20:00:00+00:00, run_after=2024-05-12 00:00:00+00:00
[2024-05-12T01:10:17.617+0000] {processor.py:183} INFO - Processing /home/airflow/.local/lib/python3.12/site-packages/airflow/example_dags/example_latest_only_with_trigger.py took 0.128 seconds
[2024-05-12T01:10:48.280+0000] {processor.py:161} INFO - Started process (PID=10984) to work on /home/airflow/.local/lib/python3.12/site-packages/airflow/example_dags/example_latest_only_with_trigger.py
[2024-05-12T01:10:48.281+0000] {processor.py:830} INFO - Processing file /home/airflow/.local/lib/python3.12/site-packages/airflow/example_dags/example_latest_only_with_trigger.py for tasks to queue
[2024-05-12T01:10:48.285+0000] {logging_mixin.py:188} INFO - [2024-05-12T01:10:48.285+0000] {dagbag.py:545} INFO - Filling up the DagBag from /home/airflow/.local/lib/python3.12/site-packages/airflow/example_dags/example_latest_only_with_trigger.py
[2024-05-12T01:10:48.288+0000] {processor.py:840} INFO - DAG(s) 'latest_only_with_trigger' retrieved from /home/airflow/.local/lib/python3.12/site-packages/airflow/example_dags/example_latest_only_with_trigger.py
[2024-05-12T01:10:48.300+0000] {logging_mixin.py:188} INFO - [2024-05-12T01:10:48.299+0000] {dag.py:3096} INFO - Sync 1 DAGs
[2024-05-12T01:10:48.399+0000] {logging_mixin.py:188} INFO - [2024-05-12T01:10:48.399+0000] {dag.py:3954} INFO - Setting next_dagrun for latest_only_with_trigger to 2024-05-11 20:00:00+00:00, run_after=2024-05-12 00:00:00+00:00
[2024-05-12T01:10:48.408+0000] {processor.py:183} INFO - Processing /home/airflow/.local/lib/python3.12/site-packages/airflow/example_dags/example_latest_only_with_trigger.py took 0.132 seconds
[2024-05-12T01:11:18.609+0000] {processor.py:161} INFO - Started process (PID=11246) to work on /home/airflow/.local/lib/python3.12/site-packages/airflow/example_dags/example_latest_only_with_trigger.py
[2024-05-12T01:11:18.610+0000] {processor.py:830} INFO - Processing file /home/airflow/.local/lib/python3.12/site-packages/airflow/example_dags/example_latest_only_with_trigger.py for tasks to queue
[2024-05-12T01:11:18.611+0000] {logging_mixin.py:188} INFO - [2024-05-12T01:11:18.610+0000] {dagbag.py:545} INFO - Filling up the DagBag from /home/airflow/.local/lib/python3.12/site-packages/airflow/example_dags/example_latest_only_with_trigger.py
[2024-05-12T01:11:18.614+0000] {processor.py:840} INFO - DAG(s) 'latest_only_with_trigger' retrieved from /home/airflow/.local/lib/python3.12/site-packages/airflow/example_dags/example_latest_only_with_trigger.py
[2024-05-12T01:11:18.624+0000] {logging_mixin.py:188} INFO - [2024-05-12T01:11:18.624+0000] {dag.py:3096} INFO - Sync 1 DAGs
[2024-05-12T01:11:18.636+0000] {logging_mixin.py:188} INFO - [2024-05-12T01:11:18.636+0000] {dag.py:3954} INFO - Setting next_dagrun for latest_only_with_trigger to 2024-05-11 20:00:00+00:00, run_after=2024-05-12 00:00:00+00:00
[2024-05-12T01:11:18.727+0000] {processor.py:183} INFO - Processing /home/airflow/.local/lib/python3.12/site-packages/airflow/example_dags/example_latest_only_with_trigger.py took 0.121 seconds
[2024-05-12T01:11:48.921+0000] {processor.py:161} INFO - Started process (PID=11508) to work on /home/airflow/.local/lib/python3.12/site-packages/airflow/example_dags/example_latest_only_with_trigger.py
[2024-05-12T01:11:48.921+0000] {processor.py:830} INFO - Processing file /home/airflow/.local/lib/python3.12/site-packages/airflow/example_dags/example_latest_only_with_trigger.py for tasks to queue
[2024-05-12T01:11:48.922+0000] {logging_mixin.py:188} INFO - [2024-05-12T01:11:48.922+0000] {dagbag.py:545} INFO - Filling up the DagBag from /home/airflow/.local/lib/python3.12/site-packages/airflow/example_dags/example_latest_only_with_trigger.py
[2024-05-12T01:11:48.926+0000] {processor.py:840} INFO - DAG(s) 'latest_only_with_trigger' retrieved from /home/airflow/.local/lib/python3.12/site-packages/airflow/example_dags/example_latest_only_with_trigger.py
[2024-05-12T01:11:48.936+0000] {logging_mixin.py:188} INFO - [2024-05-12T01:11:48.936+0000] {dag.py:3096} INFO - Sync 1 DAGs
[2024-05-12T01:11:48.947+0000] {logging_mixin.py:188} INFO - [2024-05-12T01:11:48.947+0000] {dag.py:3954} INFO - Setting next_dagrun for latest_only_with_trigger to 2024-05-11 20:00:00+00:00, run_after=2024-05-12 00:00:00+00:00
[2024-05-12T01:11:48.956+0000] {processor.py:183} INFO - Processing /home/airflow/.local/lib/python3.12/site-packages/airflow/example_dags/example_latest_only_with_trigger.py took 0.038 seconds
[2024-05-12T01:12:19.845+0000] {processor.py:161} INFO - Started process (PID=11770) to work on /home/airflow/.local/lib/python3.12/site-packages/airflow/example_dags/example_latest_only_with_trigger.py
[2024-05-12T01:12:19.845+0000] {processor.py:830} INFO - Processing file /home/airflow/.local/lib/python3.12/site-packages/airflow/example_dags/example_latest_only_with_trigger.py for tasks to queue
[2024-05-12T01:12:19.847+0000] {logging_mixin.py:188} INFO - [2024-05-12T01:12:19.846+0000] {dagbag.py:545} INFO - Filling up the DagBag from /home/airflow/.local/lib/python3.12/site-packages/airflow/example_dags/example_latest_only_with_trigger.py
[2024-05-12T01:12:19.850+0000] {processor.py:840} INFO - DAG(s) 'latest_only_with_trigger' retrieved from /home/airflow/.local/lib/python3.12/site-packages/airflow/example_dags/example_latest_only_with_trigger.py
[2024-05-12T01:12:19.861+0000] {logging_mixin.py:188} INFO - [2024-05-12T01:12:19.861+0000] {dag.py:3096} INFO - Sync 1 DAGs
[2024-05-12T01:12:19.873+0000] {logging_mixin.py:188} INFO - [2024-05-12T01:12:19.872+0000] {dag.py:3954} INFO - Setting next_dagrun for latest_only_with_trigger to 2024-05-11 20:00:00+00:00, run_after=2024-05-12 00:00:00+00:00
[2024-05-12T01:12:19.883+0000] {processor.py:183} INFO - Processing /home/airflow/.local/lib/python3.12/site-packages/airflow/example_dags/example_latest_only_with_trigger.py took 0.041 seconds
[2024-05-12T01:12:50.752+0000] {processor.py:161} INFO - Started process (PID=12032) to work on /home/airflow/.local/lib/python3.12/site-packages/airflow/example_dags/example_latest_only_with_trigger.py
[2024-05-12T01:12:50.753+0000] {processor.py:830} INFO - Processing file /home/airflow/.local/lib/python3.12/site-packages/airflow/example_dags/example_latest_only_with_trigger.py for tasks to queue
[2024-05-12T01:12:50.754+0000] {logging_mixin.py:188} INFO - [2024-05-12T01:12:50.754+0000] {dagbag.py:545} INFO - Filling up the DagBag from /home/airflow/.local/lib/python3.12/site-packages/airflow/example_dags/example_latest_only_with_trigger.py
[2024-05-12T01:12:50.757+0000] {processor.py:840} INFO - DAG(s) 'latest_only_with_trigger' retrieved from /home/airflow/.local/lib/python3.12/site-packages/airflow/example_dags/example_latest_only_with_trigger.py
[2024-05-12T01:12:50.768+0000] {logging_mixin.py:188} INFO - [2024-05-12T01:12:50.768+0000] {dag.py:3096} INFO - Sync 1 DAGs
[2024-05-12T01:12:50.779+0000] {logging_mixin.py:188} INFO - [2024-05-12T01:12:50.779+0000] {dag.py:3954} INFO - Setting next_dagrun for latest_only_with_trigger to 2024-05-11 20:00:00+00:00, run_after=2024-05-12 00:00:00+00:00
[2024-05-12T01:12:50.788+0000] {processor.py:183} INFO - Processing /home/airflow/.local/lib/python3.12/site-packages/airflow/example_dags/example_latest_only_with_trigger.py took 0.039 seconds
[2024-05-12T01:13:21.637+0000] {processor.py:161} INFO - Started process (PID=12293) to work on /home/airflow/.local/lib/python3.12/site-packages/airflow/example_dags/example_latest_only_with_trigger.py
[2024-05-12T01:13:21.638+0000] {processor.py:830} INFO - Processing file /home/airflow/.local/lib/python3.12/site-packages/airflow/example_dags/example_latest_only_with_trigger.py for tasks to queue
[2024-05-12T01:13:21.639+0000] {logging_mixin.py:188} INFO - [2024-05-12T01:13:21.639+0000] {dagbag.py:545} INFO - Filling up the DagBag from /home/airflow/.local/lib/python3.12/site-packages/airflow/example_dags/example_latest_only_with_trigger.py
[2024-05-12T01:13:21.642+0000] {processor.py:840} INFO - DAG(s) 'latest_only_with_trigger' retrieved from /home/airflow/.local/lib/python3.12/site-packages/airflow/example_dags/example_latest_only_with_trigger.py
[2024-05-12T01:13:21.653+0000] {logging_mixin.py:188} INFO - [2024-05-12T01:13:21.653+0000] {dag.py:3096} INFO - Sync 1 DAGs
[2024-05-12T01:13:21.664+0000] {logging_mixin.py:188} INFO - [2024-05-12T01:13:21.664+0000] {dag.py:3954} INFO - Setting next_dagrun for latest_only_with_trigger to 2024-05-11 20:00:00+00:00, run_after=2024-05-12 00:00:00+00:00
[2024-05-12T01:13:21.673+0000] {processor.py:183} INFO - Processing /home/airflow/.local/lib/python3.12/site-packages/airflow/example_dags/example_latest_only_with_trigger.py took 0.039 seconds
[2024-05-12T01:13:52.558+0000] {processor.py:161} INFO - Started process (PID=12555) to work on /home/airflow/.local/lib/python3.12/site-packages/airflow/example_dags/example_latest_only_with_trigger.py
[2024-05-12T01:13:52.559+0000] {processor.py:830} INFO - Processing file /home/airflow/.local/lib/python3.12/site-packages/airflow/example_dags/example_latest_only_with_trigger.py for tasks to queue
[2024-05-12T01:13:52.560+0000] {logging_mixin.py:188} INFO - [2024-05-12T01:13:52.560+0000] {dagbag.py:545} INFO - Filling up the DagBag from /home/airflow/.local/lib/python3.12/site-packages/airflow/example_dags/example_latest_only_with_trigger.py
[2024-05-12T01:13:52.563+0000] {processor.py:840} INFO - DAG(s) 'latest_only_with_trigger' retrieved from /home/airflow/.local/lib/python3.12/site-packages/airflow/example_dags/example_latest_only_with_trigger.py
[2024-05-12T01:13:52.574+0000] {logging_mixin.py:188} INFO - [2024-05-12T01:13:52.574+0000] {dag.py:3096} INFO - Sync 1 DAGs
[2024-05-12T01:13:52.585+0000] {logging_mixin.py:188} INFO - [2024-05-12T01:13:52.585+0000] {dag.py:3954} INFO - Setting next_dagrun for latest_only_with_trigger to 2024-05-11 20:00:00+00:00, run_after=2024-05-12 00:00:00+00:00
[2024-05-12T01:13:52.594+0000] {processor.py:183} INFO - Processing /home/airflow/.local/lib/python3.12/site-packages/airflow/example_dags/example_latest_only_with_trigger.py took 0.039 seconds
[2024-05-12T01:14:23.432+0000] {processor.py:161} INFO - Started process (PID=12816) to work on /home/airflow/.local/lib/python3.12/site-packages/airflow/example_dags/example_latest_only_with_trigger.py
[2024-05-12T01:14:23.432+0000] {processor.py:830} INFO - Processing file /home/airflow/.local/lib/python3.12/site-packages/airflow/example_dags/example_latest_only_with_trigger.py for tasks to queue
[2024-05-12T01:14:23.434+0000] {logging_mixin.py:188} INFO - [2024-05-12T01:14:23.433+0000] {dagbag.py:545} INFO - Filling up the DagBag from /home/airflow/.local/lib/python3.12/site-packages/airflow/example_dags/example_latest_only_with_trigger.py
[2024-05-12T01:14:23.437+0000] {processor.py:840} INFO - DAG(s) 'latest_only_with_trigger' retrieved from /home/airflow/.local/lib/python3.12/site-packages/airflow/example_dags/example_latest_only_with_trigger.py
[2024-05-12T01:14:23.447+0000] {logging_mixin.py:188} INFO - [2024-05-12T01:14:23.447+0000] {dag.py:3096} INFO - Sync 1 DAGs
[2024-05-12T01:14:23.469+0000] {logging_mixin.py:188} INFO - [2024-05-12T01:14:23.467+0000] {dag.py:3954} INFO - Setting next_dagrun for latest_only_with_trigger to 2024-05-11 20:00:00+00:00, run_after=2024-05-12 00:00:00+00:00
[2024-05-12T01:14:23.495+0000] {processor.py:183} INFO - Processing /home/airflow/.local/lib/python3.12/site-packages/airflow/example_dags/example_latest_only_with_trigger.py took 0.066 seconds
[2024-05-12T01:14:54.403+0000] {processor.py:161} INFO - Started process (PID=13078) to work on /home/airflow/.local/lib/python3.12/site-packages/airflow/example_dags/example_latest_only_with_trigger.py
[2024-05-12T01:14:54.404+0000] {processor.py:830} INFO - Processing file /home/airflow/.local/lib/python3.12/site-packages/airflow/example_dags/example_latest_only_with_trigger.py for tasks to queue
[2024-05-12T01:14:54.405+0000] {logging_mixin.py:188} INFO - [2024-05-12T01:14:54.404+0000] {dagbag.py:545} INFO - Filling up the DagBag from /home/airflow/.local/lib/python3.12/site-packages/airflow/example_dags/example_latest_only_with_trigger.py
[2024-05-12T01:14:54.408+0000] {processor.py:840} INFO - DAG(s) 'latest_only_with_trigger' retrieved from /home/airflow/.local/lib/python3.12/site-packages/airflow/example_dags/example_latest_only_with_trigger.py
[2024-05-12T01:14:54.419+0000] {logging_mixin.py:188} INFO - [2024-05-12T01:14:54.418+0000] {dag.py:3096} INFO - Sync 1 DAGs
[2024-05-12T01:14:54.429+0000] {logging_mixin.py:188} INFO - [2024-05-12T01:14:54.429+0000] {dag.py:3954} INFO - Setting next_dagrun for latest_only_with_trigger to 2024-05-11 20:00:00+00:00, run_after=2024-05-12 00:00:00+00:00
[2024-05-12T01:14:54.438+0000] {processor.py:183} INFO - Processing /home/airflow/.local/lib/python3.12/site-packages/airflow/example_dags/example_latest_only_with_trigger.py took 0.038 seconds
[2024-05-12T01:15:25.394+0000] {processor.py:161} INFO - Started process (PID=13340) to work on /home/airflow/.local/lib/python3.12/site-packages/airflow/example_dags/example_latest_only_with_trigger.py
[2024-05-12T01:15:25.394+0000] {processor.py:830} INFO - Processing file /home/airflow/.local/lib/python3.12/site-packages/airflow/example_dags/example_latest_only_with_trigger.py for tasks to queue
[2024-05-12T01:15:25.395+0000] {logging_mixin.py:188} INFO - [2024-05-12T01:15:25.395+0000] {dagbag.py:545} INFO - Filling up the DagBag from /home/airflow/.local/lib/python3.12/site-packages/airflow/example_dags/example_latest_only_with_trigger.py
[2024-05-12T01:15:25.399+0000] {processor.py:840} INFO - DAG(s) 'latest_only_with_trigger' retrieved from /home/airflow/.local/lib/python3.12/site-packages/airflow/example_dags/example_latest_only_with_trigger.py
[2024-05-12T01:15:25.410+0000] {logging_mixin.py:188} INFO - [2024-05-12T01:15:25.409+0000] {dag.py:3096} INFO - Sync 1 DAGs
[2024-05-12T01:15:25.421+0000] {logging_mixin.py:188} INFO - [2024-05-12T01:15:25.421+0000] {dag.py:3954} INFO - Setting next_dagrun for latest_only_with_trigger to 2024-05-11 20:00:00+00:00, run_after=2024-05-12 00:00:00+00:00
[2024-05-12T01:15:25.429+0000] {processor.py:183} INFO - Processing /home/airflow/.local/lib/python3.12/site-packages/airflow/example_dags/example_latest_only_with_trigger.py took 0.039 seconds
[2024-05-12T01:15:56.312+0000] {processor.py:161} INFO - Started process (PID=13602) to work on /home/airflow/.local/lib/python3.12/site-packages/airflow/example_dags/example_latest_only_with_trigger.py
[2024-05-12T01:15:56.312+0000] {processor.py:830} INFO - Processing file /home/airflow/.local/lib/python3.12/site-packages/airflow/example_dags/example_latest_only_with_trigger.py for tasks to queue
[2024-05-12T01:15:56.313+0000] {logging_mixin.py:188} INFO - [2024-05-12T01:15:56.313+0000] {dagbag.py:545} INFO - Filling up the DagBag from /home/airflow/.local/lib/python3.12/site-packages/airflow/example_dags/example_latest_only_with_trigger.py
[2024-05-12T01:15:56.316+0000] {processor.py:840} INFO - DAG(s) 'latest_only_with_trigger' retrieved from /home/airflow/.local/lib/python3.12/site-packages/airflow/example_dags/example_latest_only_with_trigger.py
[2024-05-12T01:15:56.327+0000] {logging_mixin.py:188} INFO - [2024-05-12T01:15:56.327+0000] {dag.py:3096} INFO - Sync 1 DAGs
[2024-05-12T01:15:56.338+0000] {logging_mixin.py:188} INFO - [2024-05-12T01:15:56.338+0000] {dag.py:3954} INFO - Setting next_dagrun for latest_only_with_trigger to 2024-05-11 20:00:00+00:00, run_after=2024-05-12 00:00:00+00:00
[2024-05-12T01:15:56.347+0000] {processor.py:183} INFO - Processing /home/airflow/.local/lib/python3.12/site-packages/airflow/example_dags/example_latest_only_with_trigger.py took 0.038 seconds
[2024-05-12T01:16:27.080+0000] {processor.py:161} INFO - Started process (PID=13864) to work on /home/airflow/.local/lib/python3.12/site-packages/airflow/example_dags/example_latest_only_with_trigger.py
[2024-05-12T01:16:27.081+0000] {processor.py:830} INFO - Processing file /home/airflow/.local/lib/python3.12/site-packages/airflow/example_dags/example_latest_only_with_trigger.py for tasks to queue
[2024-05-12T01:16:27.082+0000] {logging_mixin.py:188} INFO - [2024-05-12T01:16:27.082+0000] {dagbag.py:545} INFO - Filling up the DagBag from /home/airflow/.local/lib/python3.12/site-packages/airflow/example_dags/example_latest_only_with_trigger.py
[2024-05-12T01:16:27.085+0000] {processor.py:840} INFO - DAG(s) 'latest_only_with_trigger' retrieved from /home/airflow/.local/lib/python3.12/site-packages/airflow/example_dags/example_latest_only_with_trigger.py
[2024-05-12T01:16:27.096+0000] {logging_mixin.py:188} INFO - [2024-05-12T01:16:27.096+0000] {dag.py:3096} INFO - Sync 1 DAGs
[2024-05-12T01:16:27.107+0000] {logging_mixin.py:188} INFO - [2024-05-12T01:16:27.107+0000] {dag.py:3954} INFO - Setting next_dagrun for latest_only_with_trigger to 2024-05-11 20:00:00+00:00, run_after=2024-05-12 00:00:00+00:00
[2024-05-12T01:16:27.116+0000] {processor.py:183} INFO - Processing /home/airflow/.local/lib/python3.12/site-packages/airflow/example_dags/example_latest_only_with_trigger.py took 0.039 seconds
[2024-05-12T01:16:57.806+0000] {processor.py:161} INFO - Started process (PID=14126) to work on /home/airflow/.local/lib/python3.12/site-packages/airflow/example_dags/example_latest_only_with_trigger.py
[2024-05-12T01:16:57.806+0000] {processor.py:830} INFO - Processing file /home/airflow/.local/lib/python3.12/site-packages/airflow/example_dags/example_latest_only_with_trigger.py for tasks to queue
[2024-05-12T01:16:57.807+0000] {logging_mixin.py:188} INFO - [2024-05-12T01:16:57.807+0000] {dagbag.py:545} INFO - Filling up the DagBag from /home/airflow/.local/lib/python3.12/site-packages/airflow/example_dags/example_latest_only_with_trigger.py
[2024-05-12T01:16:57.811+0000] {processor.py:840} INFO - DAG(s) 'latest_only_with_trigger' retrieved from /home/airflow/.local/lib/python3.12/site-packages/airflow/example_dags/example_latest_only_with_trigger.py
[2024-05-12T01:16:57.821+0000] {logging_mixin.py:188} INFO - [2024-05-12T01:16:57.821+0000] {dag.py:3096} INFO - Sync 1 DAGs
[2024-05-12T01:16:57.831+0000] {logging_mixin.py:188} INFO - [2024-05-12T01:16:57.831+0000] {dag.py:3954} INFO - Setting next_dagrun for latest_only_with_trigger to 2024-05-11 20:00:00+00:00, run_after=2024-05-12 00:00:00+00:00
[2024-05-12T01:16:57.839+0000] {processor.py:183} INFO - Processing /home/airflow/.local/lib/python3.12/site-packages/airflow/example_dags/example_latest_only_with_trigger.py took 0.037 seconds
[2024-05-12T01:17:28.583+0000] {processor.py:161} INFO - Started process (PID=14388) to work on /home/airflow/.local/lib/python3.12/site-packages/airflow/example_dags/example_latest_only_with_trigger.py
[2024-05-12T01:17:28.584+0000] {processor.py:830} INFO - Processing file /home/airflow/.local/lib/python3.12/site-packages/airflow/example_dags/example_latest_only_with_trigger.py for tasks to queue
[2024-05-12T01:17:28.585+0000] {logging_mixin.py:188} INFO - [2024-05-12T01:17:28.584+0000] {dagbag.py:545} INFO - Filling up the DagBag from /home/airflow/.local/lib/python3.12/site-packages/airflow/example_dags/example_latest_only_with_trigger.py
[2024-05-12T01:17:28.588+0000] {processor.py:840} INFO - DAG(s) 'latest_only_with_trigger' retrieved from /home/airflow/.local/lib/python3.12/site-packages/airflow/example_dags/example_latest_only_with_trigger.py
[2024-05-12T01:17:28.598+0000] {logging_mixin.py:188} INFO - [2024-05-12T01:17:28.598+0000] {dag.py:3096} INFO - Sync 1 DAGs
[2024-05-12T01:17:28.609+0000] {logging_mixin.py:188} INFO - [2024-05-12T01:17:28.609+0000] {dag.py:3954} INFO - Setting next_dagrun for latest_only_with_trigger to 2024-05-11 20:00:00+00:00, run_after=2024-05-12 00:00:00+00:00
[2024-05-12T01:17:28.617+0000] {processor.py:183} INFO - Processing /home/airflow/.local/lib/python3.12/site-packages/airflow/example_dags/example_latest_only_with_trigger.py took 0.037 seconds
[2024-05-12T01:17:59.414+0000] {processor.py:161} INFO - Started process (PID=14650) to work on /home/airflow/.local/lib/python3.12/site-packages/airflow/example_dags/example_latest_only_with_trigger.py
[2024-05-12T01:17:59.414+0000] {processor.py:830} INFO - Processing file /home/airflow/.local/lib/python3.12/site-packages/airflow/example_dags/example_latest_only_with_trigger.py for tasks to queue
[2024-05-12T01:17:59.415+0000] {logging_mixin.py:188} INFO - [2024-05-12T01:17:59.415+0000] {dagbag.py:545} INFO - Filling up the DagBag from /home/airflow/.local/lib/python3.12/site-packages/airflow/example_dags/example_latest_only_with_trigger.py
[2024-05-12T01:17:59.418+0000] {processor.py:840} INFO - DAG(s) 'latest_only_with_trigger' retrieved from /home/airflow/.local/lib/python3.12/site-packages/airflow/example_dags/example_latest_only_with_trigger.py
[2024-05-12T01:17:59.429+0000] {logging_mixin.py:188} INFO - [2024-05-12T01:17:59.429+0000] {dag.py:3096} INFO - Sync 1 DAGs
[2024-05-12T01:17:59.438+0000] {logging_mixin.py:188} INFO - [2024-05-12T01:17:59.438+0000] {dag.py:3954} INFO - Setting next_dagrun for latest_only_with_trigger to 2024-05-11 20:00:00+00:00, run_after=2024-05-12 00:00:00+00:00
[2024-05-12T01:17:59.446+0000] {processor.py:183} INFO - Processing /home/airflow/.local/lib/python3.12/site-packages/airflow/example_dags/example_latest_only_with_trigger.py took 0.035 seconds
[2024-05-12T01:18:30.301+0000] {processor.py:161} INFO - Started process (PID=14912) to work on /home/airflow/.local/lib/python3.12/site-packages/airflow/example_dags/example_latest_only_with_trigger.py
[2024-05-12T01:18:30.304+0000] {processor.py:830} INFO - Processing file /home/airflow/.local/lib/python3.12/site-packages/airflow/example_dags/example_latest_only_with_trigger.py for tasks to queue
[2024-05-12T01:18:30.305+0000] {logging_mixin.py:188} INFO - [2024-05-12T01:18:30.305+0000] {dagbag.py:545} INFO - Filling up the DagBag from /home/airflow/.local/lib/python3.12/site-packages/airflow/example_dags/example_latest_only_with_trigger.py
[2024-05-12T01:18:30.313+0000] {processor.py:840} INFO - DAG(s) 'latest_only_with_trigger' retrieved from /home/airflow/.local/lib/python3.12/site-packages/airflow/example_dags/example_latest_only_with_trigger.py
[2024-05-12T01:18:30.324+0000] {logging_mixin.py:188} INFO - [2024-05-12T01:18:30.324+0000] {dag.py:3096} INFO - Sync 1 DAGs
[2024-05-12T01:18:30.334+0000] {logging_mixin.py:188} INFO - [2024-05-12T01:18:30.334+0000] {dag.py:3954} INFO - Setting next_dagrun for latest_only_with_trigger to 2024-05-11 20:00:00+00:00, run_after=2024-05-12 00:00:00+00:00
[2024-05-12T01:18:30.342+0000] {processor.py:183} INFO - Processing /home/airflow/.local/lib/python3.12/site-packages/airflow/example_dags/example_latest_only_with_trigger.py took 0.044 seconds
[2024-05-12T01:19:01.067+0000] {processor.py:161} INFO - Started process (PID=15174) to work on /home/airflow/.local/lib/python3.12/site-packages/airflow/example_dags/example_latest_only_with_trigger.py
[2024-05-12T01:19:01.067+0000] {processor.py:830} INFO - Processing file /home/airflow/.local/lib/python3.12/site-packages/airflow/example_dags/example_latest_only_with_trigger.py for tasks to queue
[2024-05-12T01:19:01.068+0000] {logging_mixin.py:188} INFO - [2024-05-12T01:19:01.068+0000] {dagbag.py:545} INFO - Filling up the DagBag from /home/airflow/.local/lib/python3.12/site-packages/airflow/example_dags/example_latest_only_with_trigger.py
[2024-05-12T01:19:01.071+0000] {processor.py:840} INFO - DAG(s) 'latest_only_with_trigger' retrieved from /home/airflow/.local/lib/python3.12/site-packages/airflow/example_dags/example_latest_only_with_trigger.py
[2024-05-12T01:19:01.082+0000] {logging_mixin.py:188} INFO - [2024-05-12T01:19:01.082+0000] {dag.py:3096} INFO - Sync 1 DAGs
[2024-05-12T01:19:01.093+0000] {logging_mixin.py:188} INFO - [2024-05-12T01:19:01.093+0000] {dag.py:3954} INFO - Setting next_dagrun for latest_only_with_trigger to 2024-05-11 20:00:00+00:00, run_after=2024-05-12 00:00:00+00:00
[2024-05-12T01:19:01.102+0000] {processor.py:183} INFO - Processing /home/airflow/.local/lib/python3.12/site-packages/airflow/example_dags/example_latest_only_with_trigger.py took 0.039 seconds
[2024-05-12T01:19:32.007+0000] {processor.py:161} INFO - Started process (PID=15436) to work on /home/airflow/.local/lib/python3.12/site-packages/airflow/example_dags/example_latest_only_with_trigger.py
[2024-05-12T01:19:32.007+0000] {processor.py:830} INFO - Processing file /home/airflow/.local/lib/python3.12/site-packages/airflow/example_dags/example_latest_only_with_trigger.py for tasks to queue
[2024-05-12T01:19:32.008+0000] {logging_mixin.py:188} INFO - [2024-05-12T01:19:32.008+0000] {dagbag.py:545} INFO - Filling up the DagBag from /home/airflow/.local/lib/python3.12/site-packages/airflow/example_dags/example_latest_only_with_trigger.py
[2024-05-12T01:19:32.012+0000] {processor.py:840} INFO - DAG(s) 'latest_only_with_trigger' retrieved from /home/airflow/.local/lib/python3.12/site-packages/airflow/example_dags/example_latest_only_with_trigger.py
[2024-05-12T01:19:32.022+0000] {logging_mixin.py:188} INFO - [2024-05-12T01:19:32.021+0000] {dag.py:3096} INFO - Sync 1 DAGs
[2024-05-12T01:19:32.032+0000] {logging_mixin.py:188} INFO - [2024-05-12T01:19:32.032+0000] {dag.py:3954} INFO - Setting next_dagrun for latest_only_with_trigger to 2024-05-11 20:00:00+00:00, run_after=2024-05-12 00:00:00+00:00
[2024-05-12T01:19:32.041+0000] {processor.py:183} INFO - Processing /home/airflow/.local/lib/python3.12/site-packages/airflow/example_dags/example_latest_only_with_trigger.py took 0.037 seconds
[2024-05-12T01:20:02.803+0000] {processor.py:161} INFO - Started process (PID=15698) to work on /home/airflow/.local/lib/python3.12/site-packages/airflow/example_dags/example_latest_only_with_trigger.py
[2024-05-12T01:20:02.803+0000] {processor.py:830} INFO - Processing file /home/airflow/.local/lib/python3.12/site-packages/airflow/example_dags/example_latest_only_with_trigger.py for tasks to queue
[2024-05-12T01:20:02.805+0000] {logging_mixin.py:188} INFO - [2024-05-12T01:20:02.804+0000] {dagbag.py:545} INFO - Filling up the DagBag from /home/airflow/.local/lib/python3.12/site-packages/airflow/example_dags/example_latest_only_with_trigger.py
[2024-05-12T01:20:02.808+0000] {processor.py:840} INFO - DAG(s) 'latest_only_with_trigger' retrieved from /home/airflow/.local/lib/python3.12/site-packages/airflow/example_dags/example_latest_only_with_trigger.py
[2024-05-12T01:20:02.819+0000] {logging_mixin.py:188} INFO - [2024-05-12T01:20:02.819+0000] {dag.py:3096} INFO - Sync 1 DAGs
[2024-05-12T01:20:02.830+0000] {logging_mixin.py:188} INFO - [2024-05-12T01:20:02.830+0000] {dag.py:3954} INFO - Setting next_dagrun for latest_only_with_trigger to 2024-05-11 20:00:00+00:00, run_after=2024-05-12 00:00:00+00:00
[2024-05-12T01:20:02.840+0000] {processor.py:183} INFO - Processing /home/airflow/.local/lib/python3.12/site-packages/airflow/example_dags/example_latest_only_with_trigger.py took 0.040 seconds
[2024-05-12T01:20:33.600+0000] {processor.py:161} INFO - Started process (PID=15960) to work on /home/airflow/.local/lib/python3.12/site-packages/airflow/example_dags/example_latest_only_with_trigger.py
[2024-05-12T01:20:33.601+0000] {processor.py:830} INFO - Processing file /home/airflow/.local/lib/python3.12/site-packages/airflow/example_dags/example_latest_only_with_trigger.py for tasks to queue
[2024-05-12T01:20:33.602+0000] {logging_mixin.py:188} INFO - [2024-05-12T01:20:33.602+0000] {dagbag.py:545} INFO - Filling up the DagBag from /home/airflow/.local/lib/python3.12/site-packages/airflow/example_dags/example_latest_only_with_trigger.py
[2024-05-12T01:20:33.605+0000] {processor.py:840} INFO - DAG(s) 'latest_only_with_trigger' retrieved from /home/airflow/.local/lib/python3.12/site-packages/airflow/example_dags/example_latest_only_with_trigger.py
[2024-05-12T01:20:33.615+0000] {logging_mixin.py:188} INFO - [2024-05-12T01:20:33.615+0000] {dag.py:3096} INFO - Sync 1 DAGs
[2024-05-12T01:20:33.627+0000] {logging_mixin.py:188} INFO - [2024-05-12T01:20:33.627+0000] {dag.py:3954} INFO - Setting next_dagrun for latest_only_with_trigger to 2024-05-11 20:00:00+00:00, run_after=2024-05-12 00:00:00+00:00
[2024-05-12T01:20:33.635+0000] {processor.py:183} INFO - Processing /home/airflow/.local/lib/python3.12/site-packages/airflow/example_dags/example_latest_only_with_trigger.py took 0.038 seconds
[2024-05-12T01:21:04.423+0000] {processor.py:161} INFO - Started process (PID=16222) to work on /home/airflow/.local/lib/python3.12/site-packages/airflow/example_dags/example_latest_only_with_trigger.py
[2024-05-12T01:21:04.423+0000] {processor.py:830} INFO - Processing file /home/airflow/.local/lib/python3.12/site-packages/airflow/example_dags/example_latest_only_with_trigger.py for tasks to queue
[2024-05-12T01:21:04.424+0000] {logging_mixin.py:188} INFO - [2024-05-12T01:21:04.424+0000] {dagbag.py:545} INFO - Filling up the DagBag from /home/airflow/.local/lib/python3.12/site-packages/airflow/example_dags/example_latest_only_with_trigger.py
[2024-05-12T01:21:04.427+0000] {processor.py:840} INFO - DAG(s) 'latest_only_with_trigger' retrieved from /home/airflow/.local/lib/python3.12/site-packages/airflow/example_dags/example_latest_only_with_trigger.py
[2024-05-12T01:21:04.438+0000] {logging_mixin.py:188} INFO - [2024-05-12T01:21:04.437+0000] {dag.py:3096} INFO - Sync 1 DAGs
[2024-05-12T01:21:04.447+0000] {logging_mixin.py:188} INFO - [2024-05-12T01:21:04.447+0000] {dag.py:3954} INFO - Setting next_dagrun for latest_only_with_trigger to 2024-05-11 20:00:00+00:00, run_after=2024-05-12 00:00:00+00:00
[2024-05-12T01:21:04.455+0000] {processor.py:183} INFO - Processing /home/airflow/.local/lib/python3.12/site-packages/airflow/example_dags/example_latest_only_with_trigger.py took 0.035 seconds
[2024-05-12T01:21:35.391+0000] {processor.py:161} INFO - Started process (PID=16483) to work on /home/airflow/.local/lib/python3.12/site-packages/airflow/example_dags/example_latest_only_with_trigger.py
[2024-05-12T01:21:35.392+0000] {processor.py:830} INFO - Processing file /home/airflow/.local/lib/python3.12/site-packages/airflow/example_dags/example_latest_only_with_trigger.py for tasks to queue
[2024-05-12T01:21:35.393+0000] {logging_mixin.py:188} INFO - [2024-05-12T01:21:35.393+0000] {dagbag.py:545} INFO - Filling up the DagBag from /home/airflow/.local/lib/python3.12/site-packages/airflow/example_dags/example_latest_only_with_trigger.py
[2024-05-12T01:21:35.396+0000] {processor.py:840} INFO - DAG(s) 'latest_only_with_trigger' retrieved from /home/airflow/.local/lib/python3.12/site-packages/airflow/example_dags/example_latest_only_with_trigger.py
[2024-05-12T01:21:35.408+0000] {logging_mixin.py:188} INFO - [2024-05-12T01:21:35.407+0000] {dag.py:3096} INFO - Sync 1 DAGs
[2024-05-12T01:21:35.420+0000] {logging_mixin.py:188} INFO - [2024-05-12T01:21:35.420+0000] {dag.py:3954} INFO - Setting next_dagrun for latest_only_with_trigger to 2024-05-11 20:00:00+00:00, run_after=2024-05-12 00:00:00+00:00
[2024-05-12T01:21:35.429+0000] {processor.py:183} INFO - Processing /home/airflow/.local/lib/python3.12/site-packages/airflow/example_dags/example_latest_only_with_trigger.py took 0.041 seconds
[2024-05-12T01:22:06.190+0000] {processor.py:161} INFO - Started process (PID=16745) to work on /home/airflow/.local/lib/python3.12/site-packages/airflow/example_dags/example_latest_only_with_trigger.py
[2024-05-12T01:22:06.190+0000] {processor.py:830} INFO - Processing file /home/airflow/.local/lib/python3.12/site-packages/airflow/example_dags/example_latest_only_with_trigger.py for tasks to queue
[2024-05-12T01:22:06.191+0000] {logging_mixin.py:188} INFO - [2024-05-12T01:22:06.191+0000] {dagbag.py:545} INFO - Filling up the DagBag from /home/airflow/.local/lib/python3.12/site-packages/airflow/example_dags/example_latest_only_with_trigger.py
[2024-05-12T01:22:06.195+0000] {processor.py:840} INFO - DAG(s) 'latest_only_with_trigger' retrieved from /home/airflow/.local/lib/python3.12/site-packages/airflow/example_dags/example_latest_only_with_trigger.py
[2024-05-12T01:22:06.205+0000] {logging_mixin.py:188} INFO - [2024-05-12T01:22:06.205+0000] {dag.py:3096} INFO - Sync 1 DAGs
[2024-05-12T01:22:06.216+0000] {logging_mixin.py:188} INFO - [2024-05-12T01:22:06.215+0000] {dag.py:3954} INFO - Setting next_dagrun for latest_only_with_trigger to 2024-05-11 20:00:00+00:00, run_after=2024-05-12 00:00:00+00:00
[2024-05-12T01:22:06.224+0000] {processor.py:183} INFO - Processing /home/airflow/.local/lib/python3.12/site-packages/airflow/example_dags/example_latest_only_with_trigger.py took 0.037 seconds
