[2024-05-12T00:37:43.321+0000] {processor.py:161} INFO - Started process (PID=4385) to work on /home/airflow/.local/lib/python3.12/site-packages/airflow/example_dags/example_sensors.py
[2024-05-12T00:37:43.322+0000] {processor.py:830} INFO - Processing file /home/airflow/.local/lib/python3.12/site-packages/airflow/example_dags/example_sensors.py for tasks to queue
[2024-05-12T00:37:43.323+0000] {logging_mixin.py:188} INFO - [2024-05-12T00:37:43.323+0000] {dagbag.py:545} INFO - Filling up the DagBag from /home/airflow/.local/lib/python3.12/site-packages/airflow/example_dags/example_sensors.py
[2024-05-12T00:37:43.327+0000] {processor.py:840} INFO - DAG(s) 'example_sensors' retrieved from /home/airflow/.local/lib/python3.12/site-packages/airflow/example_dags/example_sensors.py
[2024-05-12T00:37:43.339+0000] {logging_mixin.py:188} INFO - [2024-05-12T00:37:43.339+0000] {dag.py:3096} INFO - Sync 1 DAGs
[2024-05-12T00:37:43.345+0000] {logging_mixin.py:188} INFO - [2024-05-12T00:37:43.345+0000] {dag.py:3954} INFO - Setting next_dagrun for example_sensors to None, run_after=None
[2024-05-12T00:37:43.354+0000] {processor.py:183} INFO - Processing /home/airflow/.local/lib/python3.12/site-packages/airflow/example_dags/example_sensors.py took 0.036 seconds
[2024-05-12T00:38:14.044+0000] {processor.py:161} INFO - Started process (PID=4647) to work on /home/airflow/.local/lib/python3.12/site-packages/airflow/example_dags/example_sensors.py
[2024-05-12T00:38:14.044+0000] {processor.py:830} INFO - Processing file /home/airflow/.local/lib/python3.12/site-packages/airflow/example_dags/example_sensors.py for tasks to queue
[2024-05-12T00:38:14.045+0000] {logging_mixin.py:188} INFO - [2024-05-12T00:38:14.045+0000] {dagbag.py:545} INFO - Filling up the DagBag from /home/airflow/.local/lib/python3.12/site-packages/airflow/example_dags/example_sensors.py
[2024-05-12T00:38:14.050+0000] {processor.py:840} INFO - DAG(s) 'example_sensors' retrieved from /home/airflow/.local/lib/python3.12/site-packages/airflow/example_dags/example_sensors.py
[2024-05-12T00:38:14.062+0000] {logging_mixin.py:188} INFO - [2024-05-12T00:38:14.061+0000] {dag.py:3096} INFO - Sync 1 DAGs
[2024-05-12T00:38:14.068+0000] {logging_mixin.py:188} INFO - [2024-05-12T00:38:14.068+0000] {dag.py:3954} INFO - Setting next_dagrun for example_sensors to None, run_after=None
[2024-05-12T00:38:14.076+0000] {processor.py:183} INFO - Processing /home/airflow/.local/lib/python3.12/site-packages/airflow/example_dags/example_sensors.py took 0.036 seconds
[2024-05-12T00:38:44.700+0000] {processor.py:161} INFO - Started process (PID=4909) to work on /home/airflow/.local/lib/python3.12/site-packages/airflow/example_dags/example_sensors.py
[2024-05-12T00:38:44.701+0000] {processor.py:830} INFO - Processing file /home/airflow/.local/lib/python3.12/site-packages/airflow/example_dags/example_sensors.py for tasks to queue
[2024-05-12T00:38:44.702+0000] {logging_mixin.py:188} INFO - [2024-05-12T00:38:44.701+0000] {dagbag.py:545} INFO - Filling up the DagBag from /home/airflow/.local/lib/python3.12/site-packages/airflow/example_dags/example_sensors.py
[2024-05-12T00:38:44.706+0000] {processor.py:840} INFO - DAG(s) 'example_sensors' retrieved from /home/airflow/.local/lib/python3.12/site-packages/airflow/example_dags/example_sensors.py
[2024-05-12T00:38:44.718+0000] {logging_mixin.py:188} INFO - [2024-05-12T00:38:44.718+0000] {dag.py:3096} INFO - Sync 1 DAGs
[2024-05-12T00:38:44.725+0000] {logging_mixin.py:188} INFO - [2024-05-12T00:38:44.724+0000] {dag.py:3954} INFO - Setting next_dagrun for example_sensors to None, run_after=None
[2024-05-12T00:38:44.733+0000] {processor.py:183} INFO - Processing /home/airflow/.local/lib/python3.12/site-packages/airflow/example_dags/example_sensors.py took 0.036 seconds
[2024-05-12T00:39:15.316+0000] {processor.py:161} INFO - Started process (PID=5170) to work on /home/airflow/.local/lib/python3.12/site-packages/airflow/example_dags/example_sensors.py
[2024-05-12T00:39:15.317+0000] {processor.py:830} INFO - Processing file /home/airflow/.local/lib/python3.12/site-packages/airflow/example_dags/example_sensors.py for tasks to queue
[2024-05-12T00:39:15.318+0000] {logging_mixin.py:188} INFO - [2024-05-12T00:39:15.318+0000] {dagbag.py:545} INFO - Filling up the DagBag from /home/airflow/.local/lib/python3.12/site-packages/airflow/example_dags/example_sensors.py
[2024-05-12T00:39:15.323+0000] {processor.py:840} INFO - DAG(s) 'example_sensors' retrieved from /home/airflow/.local/lib/python3.12/site-packages/airflow/example_dags/example_sensors.py
[2024-05-12T00:39:15.337+0000] {logging_mixin.py:188} INFO - [2024-05-12T00:39:15.337+0000] {dag.py:3096} INFO - Sync 1 DAGs
[2024-05-12T00:39:15.343+0000] {logging_mixin.py:188} INFO - [2024-05-12T00:39:15.343+0000] {dag.py:3954} INFO - Setting next_dagrun for example_sensors to None, run_after=None
[2024-05-12T00:39:15.353+0000] {processor.py:183} INFO - Processing /home/airflow/.local/lib/python3.12/site-packages/airflow/example_dags/example_sensors.py took 0.039 seconds
[2024-05-12T00:39:46.168+0000] {processor.py:161} INFO - Started process (PID=5431) to work on /home/airflow/.local/lib/python3.12/site-packages/airflow/example_dags/example_sensors.py
[2024-05-12T00:39:46.168+0000] {processor.py:830} INFO - Processing file /home/airflow/.local/lib/python3.12/site-packages/airflow/example_dags/example_sensors.py for tasks to queue
[2024-05-12T00:39:46.169+0000] {logging_mixin.py:188} INFO - [2024-05-12T00:39:46.169+0000] {dagbag.py:545} INFO - Filling up the DagBag from /home/airflow/.local/lib/python3.12/site-packages/airflow/example_dags/example_sensors.py
[2024-05-12T00:39:46.174+0000] {processor.py:840} INFO - DAG(s) 'example_sensors' retrieved from /home/airflow/.local/lib/python3.12/site-packages/airflow/example_dags/example_sensors.py
[2024-05-12T00:39:46.187+0000] {logging_mixin.py:188} INFO - [2024-05-12T00:39:46.186+0000] {dag.py:3096} INFO - Sync 1 DAGs
[2024-05-12T00:39:46.193+0000] {logging_mixin.py:188} INFO - [2024-05-12T00:39:46.193+0000] {dag.py:3954} INFO - Setting next_dagrun for example_sensors to None, run_after=None
[2024-05-12T00:39:46.201+0000] {processor.py:183} INFO - Processing /home/airflow/.local/lib/python3.12/site-packages/airflow/example_dags/example_sensors.py took 0.037 seconds
[2024-05-12T00:40:16.887+0000] {processor.py:161} INFO - Started process (PID=5693) to work on /home/airflow/.local/lib/python3.12/site-packages/airflow/example_dags/example_sensors.py
[2024-05-12T00:40:16.888+0000] {processor.py:830} INFO - Processing file /home/airflow/.local/lib/python3.12/site-packages/airflow/example_dags/example_sensors.py for tasks to queue
[2024-05-12T00:40:16.889+0000] {logging_mixin.py:188} INFO - [2024-05-12T00:40:16.889+0000] {dagbag.py:545} INFO - Filling up the DagBag from /home/airflow/.local/lib/python3.12/site-packages/airflow/example_dags/example_sensors.py
[2024-05-12T00:40:16.894+0000] {processor.py:840} INFO - DAG(s) 'example_sensors' retrieved from /home/airflow/.local/lib/python3.12/site-packages/airflow/example_dags/example_sensors.py
[2024-05-12T00:40:16.909+0000] {logging_mixin.py:188} INFO - [2024-05-12T00:40:16.909+0000] {dag.py:3096} INFO - Sync 1 DAGs
[2024-05-12T00:40:16.916+0000] {logging_mixin.py:188} INFO - [2024-05-12T00:40:16.916+0000] {dag.py:3954} INFO - Setting next_dagrun for example_sensors to None, run_after=None
[2024-05-12T00:40:16.925+0000] {processor.py:183} INFO - Processing /home/airflow/.local/lib/python3.12/site-packages/airflow/example_dags/example_sensors.py took 0.041 seconds
[2024-05-12T00:40:47.580+0000] {processor.py:161} INFO - Started process (PID=5955) to work on /home/airflow/.local/lib/python3.12/site-packages/airflow/example_dags/example_sensors.py
[2024-05-12T00:40:47.581+0000] {processor.py:830} INFO - Processing file /home/airflow/.local/lib/python3.12/site-packages/airflow/example_dags/example_sensors.py for tasks to queue
[2024-05-12T00:40:47.582+0000] {logging_mixin.py:188} INFO - [2024-05-12T00:40:47.582+0000] {dagbag.py:545} INFO - Filling up the DagBag from /home/airflow/.local/lib/python3.12/site-packages/airflow/example_dags/example_sensors.py
[2024-05-12T00:40:47.586+0000] {processor.py:840} INFO - DAG(s) 'example_sensors' retrieved from /home/airflow/.local/lib/python3.12/site-packages/airflow/example_dags/example_sensors.py
[2024-05-12T00:40:47.598+0000] {logging_mixin.py:188} INFO - [2024-05-12T00:40:47.598+0000] {dag.py:3096} INFO - Sync 1 DAGs
[2024-05-12T00:40:47.604+0000] {logging_mixin.py:188} INFO - [2024-05-12T00:40:47.604+0000] {dag.py:3954} INFO - Setting next_dagrun for example_sensors to None, run_after=None
[2024-05-12T00:40:47.613+0000] {processor.py:183} INFO - Processing /home/airflow/.local/lib/python3.12/site-packages/airflow/example_dags/example_sensors.py took 0.036 seconds
[2024-05-12T00:41:18.523+0000] {processor.py:161} INFO - Started process (PID=6217) to work on /home/airflow/.local/lib/python3.12/site-packages/airflow/example_dags/example_sensors.py
[2024-05-12T00:41:18.524+0000] {processor.py:830} INFO - Processing file /home/airflow/.local/lib/python3.12/site-packages/airflow/example_dags/example_sensors.py for tasks to queue
[2024-05-12T00:41:18.525+0000] {logging_mixin.py:188} INFO - [2024-05-12T00:41:18.524+0000] {dagbag.py:545} INFO - Filling up the DagBag from /home/airflow/.local/lib/python3.12/site-packages/airflow/example_dags/example_sensors.py
[2024-05-12T00:41:18.529+0000] {processor.py:840} INFO - DAG(s) 'example_sensors' retrieved from /home/airflow/.local/lib/python3.12/site-packages/airflow/example_dags/example_sensors.py
[2024-05-12T00:41:18.541+0000] {logging_mixin.py:188} INFO - [2024-05-12T00:41:18.541+0000] {dag.py:3096} INFO - Sync 1 DAGs
[2024-05-12T00:41:18.548+0000] {logging_mixin.py:188} INFO - [2024-05-12T00:41:18.548+0000] {dag.py:3954} INFO - Setting next_dagrun for example_sensors to None, run_after=None
[2024-05-12T00:41:18.556+0000] {processor.py:183} INFO - Processing /home/airflow/.local/lib/python3.12/site-packages/airflow/example_dags/example_sensors.py took 0.036 seconds
[2024-05-12T00:41:49.260+0000] {processor.py:161} INFO - Started process (PID=6479) to work on /home/airflow/.local/lib/python3.12/site-packages/airflow/example_dags/example_sensors.py
[2024-05-12T00:41:49.261+0000] {processor.py:830} INFO - Processing file /home/airflow/.local/lib/python3.12/site-packages/airflow/example_dags/example_sensors.py for tasks to queue
[2024-05-12T00:41:49.262+0000] {logging_mixin.py:188} INFO - [2024-05-12T00:41:49.262+0000] {dagbag.py:545} INFO - Filling up the DagBag from /home/airflow/.local/lib/python3.12/site-packages/airflow/example_dags/example_sensors.py
[2024-05-12T00:41:49.266+0000] {processor.py:840} INFO - DAG(s) 'example_sensors' retrieved from /home/airflow/.local/lib/python3.12/site-packages/airflow/example_dags/example_sensors.py
[2024-05-12T00:41:49.279+0000] {logging_mixin.py:188} INFO - [2024-05-12T00:41:49.279+0000] {dag.py:3096} INFO - Sync 1 DAGs
[2024-05-12T00:41:49.285+0000] {logging_mixin.py:188} INFO - [2024-05-12T00:41:49.285+0000] {dag.py:3954} INFO - Setting next_dagrun for example_sensors to None, run_after=None
[2024-05-12T00:41:49.295+0000] {processor.py:183} INFO - Processing /home/airflow/.local/lib/python3.12/site-packages/airflow/example_dags/example_sensors.py took 0.038 seconds
[2024-05-12T00:42:19.896+0000] {processor.py:161} INFO - Started process (PID=6741) to work on /home/airflow/.local/lib/python3.12/site-packages/airflow/example_dags/example_sensors.py
[2024-05-12T00:42:19.899+0000] {processor.py:830} INFO - Processing file /home/airflow/.local/lib/python3.12/site-packages/airflow/example_dags/example_sensors.py for tasks to queue
[2024-05-12T00:42:19.900+0000] {logging_mixin.py:188} INFO - [2024-05-12T00:42:19.900+0000] {dagbag.py:545} INFO - Filling up the DagBag from /home/airflow/.local/lib/python3.12/site-packages/airflow/example_dags/example_sensors.py
[2024-05-12T00:42:19.907+0000] {processor.py:840} INFO - DAG(s) 'example_sensors' retrieved from /home/airflow/.local/lib/python3.12/site-packages/airflow/example_dags/example_sensors.py
[2024-05-12T00:42:19.920+0000] {logging_mixin.py:188} INFO - [2024-05-12T00:42:19.919+0000] {dag.py:3096} INFO - Sync 1 DAGs
[2024-05-12T00:42:19.926+0000] {logging_mixin.py:188} INFO - [2024-05-12T00:42:19.926+0000] {dag.py:3954} INFO - Setting next_dagrun for example_sensors to None, run_after=None
[2024-05-12T00:42:19.935+0000] {processor.py:183} INFO - Processing /home/airflow/.local/lib/python3.12/site-packages/airflow/example_dags/example_sensors.py took 0.043 seconds
[2024-05-12T00:42:50.675+0000] {processor.py:161} INFO - Started process (PID=7003) to work on /home/airflow/.local/lib/python3.12/site-packages/airflow/example_dags/example_sensors.py
[2024-05-12T00:42:50.676+0000] {processor.py:830} INFO - Processing file /home/airflow/.local/lib/python3.12/site-packages/airflow/example_dags/example_sensors.py for tasks to queue
[2024-05-12T00:42:50.677+0000] {logging_mixin.py:188} INFO - [2024-05-12T00:42:50.676+0000] {dagbag.py:545} INFO - Filling up the DagBag from /home/airflow/.local/lib/python3.12/site-packages/airflow/example_dags/example_sensors.py
[2024-05-12T00:42:50.681+0000] {processor.py:840} INFO - DAG(s) 'example_sensors' retrieved from /home/airflow/.local/lib/python3.12/site-packages/airflow/example_dags/example_sensors.py
[2024-05-12T00:42:50.693+0000] {logging_mixin.py:188} INFO - [2024-05-12T00:42:50.692+0000] {dag.py:3096} INFO - Sync 1 DAGs
[2024-05-12T00:42:50.699+0000] {logging_mixin.py:188} INFO - [2024-05-12T00:42:50.698+0000] {dag.py:3954} INFO - Setting next_dagrun for example_sensors to None, run_after=None
[2024-05-12T00:42:50.708+0000] {processor.py:183} INFO - Processing /home/airflow/.local/lib/python3.12/site-packages/airflow/example_dags/example_sensors.py took 0.036 seconds
[2024-05-12T00:43:21.425+0000] {processor.py:161} INFO - Started process (PID=7265) to work on /home/airflow/.local/lib/python3.12/site-packages/airflow/example_dags/example_sensors.py
[2024-05-12T00:43:21.426+0000] {processor.py:830} INFO - Processing file /home/airflow/.local/lib/python3.12/site-packages/airflow/example_dags/example_sensors.py for tasks to queue
[2024-05-12T00:43:21.427+0000] {logging_mixin.py:188} INFO - [2024-05-12T00:43:21.427+0000] {dagbag.py:545} INFO - Filling up the DagBag from /home/airflow/.local/lib/python3.12/site-packages/airflow/example_dags/example_sensors.py
[2024-05-12T00:43:21.432+0000] {processor.py:840} INFO - DAG(s) 'example_sensors' retrieved from /home/airflow/.local/lib/python3.12/site-packages/airflow/example_dags/example_sensors.py
[2024-05-12T00:43:21.444+0000] {logging_mixin.py:188} INFO - [2024-05-12T00:43:21.444+0000] {dag.py:3096} INFO - Sync 1 DAGs
[2024-05-12T00:43:21.451+0000] {logging_mixin.py:188} INFO - [2024-05-12T00:43:21.450+0000] {dag.py:3954} INFO - Setting next_dagrun for example_sensors to None, run_after=None
[2024-05-12T00:43:21.460+0000] {processor.py:183} INFO - Processing /home/airflow/.local/lib/python3.12/site-packages/airflow/example_dags/example_sensors.py took 0.038 seconds
[2024-05-12T00:43:52.205+0000] {processor.py:161} INFO - Started process (PID=7527) to work on /home/airflow/.local/lib/python3.12/site-packages/airflow/example_dags/example_sensors.py
[2024-05-12T00:43:52.206+0000] {processor.py:830} INFO - Processing file /home/airflow/.local/lib/python3.12/site-packages/airflow/example_dags/example_sensors.py for tasks to queue
[2024-05-12T00:43:52.207+0000] {logging_mixin.py:188} INFO - [2024-05-12T00:43:52.206+0000] {dagbag.py:545} INFO - Filling up the DagBag from /home/airflow/.local/lib/python3.12/site-packages/airflow/example_dags/example_sensors.py
[2024-05-12T00:43:52.211+0000] {processor.py:840} INFO - DAG(s) 'example_sensors' retrieved from /home/airflow/.local/lib/python3.12/site-packages/airflow/example_dags/example_sensors.py
[2024-05-12T00:43:52.223+0000] {logging_mixin.py:188} INFO - [2024-05-12T00:43:52.223+0000] {dag.py:3096} INFO - Sync 1 DAGs
[2024-05-12T00:43:52.229+0000] {logging_mixin.py:188} INFO - [2024-05-12T00:43:52.229+0000] {dag.py:3954} INFO - Setting next_dagrun for example_sensors to None, run_after=None
[2024-05-12T00:43:52.238+0000] {processor.py:183} INFO - Processing /home/airflow/.local/lib/python3.12/site-packages/airflow/example_dags/example_sensors.py took 0.036 seconds
[2024-05-12T00:44:22.920+0000] {processor.py:161} INFO - Started process (PID=7788) to work on /home/airflow/.local/lib/python3.12/site-packages/airflow/example_dags/example_sensors.py
[2024-05-12T00:44:22.920+0000] {processor.py:830} INFO - Processing file /home/airflow/.local/lib/python3.12/site-packages/airflow/example_dags/example_sensors.py for tasks to queue
[2024-05-12T00:44:22.921+0000] {logging_mixin.py:188} INFO - [2024-05-12T00:44:22.921+0000] {dagbag.py:545} INFO - Filling up the DagBag from /home/airflow/.local/lib/python3.12/site-packages/airflow/example_dags/example_sensors.py
[2024-05-12T00:44:22.926+0000] {processor.py:840} INFO - DAG(s) 'example_sensors' retrieved from /home/airflow/.local/lib/python3.12/site-packages/airflow/example_dags/example_sensors.py
[2024-05-12T00:44:22.938+0000] {logging_mixin.py:188} INFO - [2024-05-12T00:44:22.938+0000] {dag.py:3096} INFO - Sync 1 DAGs
[2024-05-12T00:44:22.944+0000] {logging_mixin.py:188} INFO - [2024-05-12T00:44:22.944+0000] {dag.py:3954} INFO - Setting next_dagrun for example_sensors to None, run_after=None
[2024-05-12T00:44:22.953+0000] {processor.py:183} INFO - Processing /home/airflow/.local/lib/python3.12/site-packages/airflow/example_dags/example_sensors.py took 0.036 seconds
[2024-05-12T00:44:53.688+0000] {processor.py:161} INFO - Started process (PID=8050) to work on /home/airflow/.local/lib/python3.12/site-packages/airflow/example_dags/example_sensors.py
[2024-05-12T00:44:53.689+0000] {processor.py:830} INFO - Processing file /home/airflow/.local/lib/python3.12/site-packages/airflow/example_dags/example_sensors.py for tasks to queue
[2024-05-12T00:44:53.691+0000] {logging_mixin.py:188} INFO - [2024-05-12T00:44:53.690+0000] {dagbag.py:545} INFO - Filling up the DagBag from /home/airflow/.local/lib/python3.12/site-packages/airflow/example_dags/example_sensors.py
[2024-05-12T00:44:53.695+0000] {processor.py:840} INFO - DAG(s) 'example_sensors' retrieved from /home/airflow/.local/lib/python3.12/site-packages/airflow/example_dags/example_sensors.py
[2024-05-12T00:44:53.708+0000] {logging_mixin.py:188} INFO - [2024-05-12T00:44:53.708+0000] {dag.py:3096} INFO - Sync 1 DAGs
[2024-05-12T00:44:53.715+0000] {logging_mixin.py:188} INFO - [2024-05-12T00:44:53.715+0000] {dag.py:3954} INFO - Setting next_dagrun for example_sensors to None, run_after=None
[2024-05-12T00:44:53.725+0000] {processor.py:183} INFO - Processing /home/airflow/.local/lib/python3.12/site-packages/airflow/example_dags/example_sensors.py took 0.040 seconds
[2024-05-12T00:45:24.417+0000] {processor.py:161} INFO - Started process (PID=8311) to work on /home/airflow/.local/lib/python3.12/site-packages/airflow/example_dags/example_sensors.py
[2024-05-12T00:45:24.417+0000] {processor.py:830} INFO - Processing file /home/airflow/.local/lib/python3.12/site-packages/airflow/example_dags/example_sensors.py for tasks to queue
[2024-05-12T00:45:24.418+0000] {logging_mixin.py:188} INFO - [2024-05-12T00:45:24.418+0000] {dagbag.py:545} INFO - Filling up the DagBag from /home/airflow/.local/lib/python3.12/site-packages/airflow/example_dags/example_sensors.py
[2024-05-12T00:45:24.423+0000] {processor.py:840} INFO - DAG(s) 'example_sensors' retrieved from /home/airflow/.local/lib/python3.12/site-packages/airflow/example_dags/example_sensors.py
[2024-05-12T00:45:24.436+0000] {logging_mixin.py:188} INFO - [2024-05-12T00:45:24.436+0000] {dag.py:3096} INFO - Sync 1 DAGs
[2024-05-12T00:45:24.443+0000] {logging_mixin.py:188} INFO - [2024-05-12T00:45:24.442+0000] {dag.py:3954} INFO - Setting next_dagrun for example_sensors to None, run_after=None
[2024-05-12T00:45:24.451+0000] {processor.py:183} INFO - Processing /home/airflow/.local/lib/python3.12/site-packages/airflow/example_dags/example_sensors.py took 0.038 seconds
[2024-05-12T00:45:55.125+0000] {processor.py:161} INFO - Started process (PID=8573) to work on /home/airflow/.local/lib/python3.12/site-packages/airflow/example_dags/example_sensors.py
[2024-05-12T00:45:55.125+0000] {processor.py:830} INFO - Processing file /home/airflow/.local/lib/python3.12/site-packages/airflow/example_dags/example_sensors.py for tasks to queue
[2024-05-12T00:45:55.126+0000] {logging_mixin.py:188} INFO - [2024-05-12T00:45:55.126+0000] {dagbag.py:545} INFO - Filling up the DagBag from /home/airflow/.local/lib/python3.12/site-packages/airflow/example_dags/example_sensors.py
[2024-05-12T00:45:55.131+0000] {processor.py:840} INFO - DAG(s) 'example_sensors' retrieved from /home/airflow/.local/lib/python3.12/site-packages/airflow/example_dags/example_sensors.py
[2024-05-12T00:45:55.144+0000] {logging_mixin.py:188} INFO - [2024-05-12T00:45:55.143+0000] {dag.py:3096} INFO - Sync 1 DAGs
[2024-05-12T00:45:55.150+0000] {logging_mixin.py:188} INFO - [2024-05-12T00:45:55.150+0000] {dag.py:3954} INFO - Setting next_dagrun for example_sensors to None, run_after=None
[2024-05-12T00:45:55.160+0000] {processor.py:183} INFO - Processing /home/airflow/.local/lib/python3.12/site-packages/airflow/example_dags/example_sensors.py took 0.038 seconds
[2024-05-12T00:46:25.955+0000] {processor.py:161} INFO - Started process (PID=8835) to work on /home/airflow/.local/lib/python3.12/site-packages/airflow/example_dags/example_sensors.py
[2024-05-12T00:46:25.955+0000] {processor.py:830} INFO - Processing file /home/airflow/.local/lib/python3.12/site-packages/airflow/example_dags/example_sensors.py for tasks to queue
[2024-05-12T00:46:25.957+0000] {logging_mixin.py:188} INFO - [2024-05-12T00:46:25.956+0000] {dagbag.py:545} INFO - Filling up the DagBag from /home/airflow/.local/lib/python3.12/site-packages/airflow/example_dags/example_sensors.py
[2024-05-12T00:46:25.961+0000] {processor.py:840} INFO - DAG(s) 'example_sensors' retrieved from /home/airflow/.local/lib/python3.12/site-packages/airflow/example_dags/example_sensors.py
[2024-05-12T00:46:25.973+0000] {logging_mixin.py:188} INFO - [2024-05-12T00:46:25.973+0000] {dag.py:3096} INFO - Sync 1 DAGs
[2024-05-12T00:46:25.980+0000] {logging_mixin.py:188} INFO - [2024-05-12T00:46:25.980+0000] {dag.py:3954} INFO - Setting next_dagrun for example_sensors to None, run_after=None
[2024-05-12T00:46:25.990+0000] {processor.py:183} INFO - Processing /home/airflow/.local/lib/python3.12/site-packages/airflow/example_dags/example_sensors.py took 0.038 seconds
[2024-05-12T00:46:56.754+0000] {processor.py:161} INFO - Started process (PID=9099) to work on /home/airflow/.local/lib/python3.12/site-packages/airflow/example_dags/example_sensors.py
[2024-05-12T00:46:56.754+0000] {processor.py:830} INFO - Processing file /home/airflow/.local/lib/python3.12/site-packages/airflow/example_dags/example_sensors.py for tasks to queue
[2024-05-12T00:46:56.756+0000] {logging_mixin.py:188} INFO - [2024-05-12T00:46:56.755+0000] {dagbag.py:545} INFO - Filling up the DagBag from /home/airflow/.local/lib/python3.12/site-packages/airflow/example_dags/example_sensors.py
[2024-05-12T00:46:56.760+0000] {processor.py:840} INFO - DAG(s) 'example_sensors' retrieved from /home/airflow/.local/lib/python3.12/site-packages/airflow/example_dags/example_sensors.py
[2024-05-12T00:46:56.772+0000] {logging_mixin.py:188} INFO - [2024-05-12T00:46:56.772+0000] {dag.py:3096} INFO - Sync 1 DAGs
[2024-05-12T00:46:56.779+0000] {logging_mixin.py:188} INFO - [2024-05-12T00:46:56.779+0000] {dag.py:3954} INFO - Setting next_dagrun for example_sensors to None, run_after=None
[2024-05-12T00:46:56.787+0000] {processor.py:183} INFO - Processing /home/airflow/.local/lib/python3.12/site-packages/airflow/example_dags/example_sensors.py took 0.037 seconds
[2024-05-12T00:47:27.707+0000] {processor.py:161} INFO - Started process (PID=9358) to work on /home/airflow/.local/lib/python3.12/site-packages/airflow/example_dags/example_sensors.py
[2024-05-12T00:47:27.708+0000] {processor.py:830} INFO - Processing file /home/airflow/.local/lib/python3.12/site-packages/airflow/example_dags/example_sensors.py for tasks to queue
[2024-05-12T00:47:27.710+0000] {logging_mixin.py:188} INFO - [2024-05-12T00:47:27.709+0000] {dagbag.py:545} INFO - Filling up the DagBag from /home/airflow/.local/lib/python3.12/site-packages/airflow/example_dags/example_sensors.py
[2024-05-12T00:47:27.714+0000] {processor.py:840} INFO - DAG(s) 'example_sensors' retrieved from /home/airflow/.local/lib/python3.12/site-packages/airflow/example_dags/example_sensors.py
[2024-05-12T00:47:27.727+0000] {logging_mixin.py:188} INFO - [2024-05-12T00:47:27.727+0000] {dag.py:3096} INFO - Sync 1 DAGs
[2024-05-12T00:47:27.733+0000] {logging_mixin.py:188} INFO - [2024-05-12T00:47:27.732+0000] {dag.py:3954} INFO - Setting next_dagrun for example_sensors to None, run_after=None
[2024-05-12T00:47:27.740+0000] {processor.py:183} INFO - Processing /home/airflow/.local/lib/python3.12/site-packages/airflow/example_dags/example_sensors.py took 0.036 seconds
[2024-05-12T00:47:58.565+0000] {processor.py:161} INFO - Started process (PID=9620) to work on /home/airflow/.local/lib/python3.12/site-packages/airflow/example_dags/example_sensors.py
[2024-05-12T00:47:58.565+0000] {processor.py:830} INFO - Processing file /home/airflow/.local/lib/python3.12/site-packages/airflow/example_dags/example_sensors.py for tasks to queue
[2024-05-12T00:47:58.566+0000] {logging_mixin.py:188} INFO - [2024-05-12T00:47:58.566+0000] {dagbag.py:545} INFO - Filling up the DagBag from /home/airflow/.local/lib/python3.12/site-packages/airflow/example_dags/example_sensors.py
[2024-05-12T00:47:58.571+0000] {processor.py:840} INFO - DAG(s) 'example_sensors' retrieved from /home/airflow/.local/lib/python3.12/site-packages/airflow/example_dags/example_sensors.py
[2024-05-12T00:47:58.583+0000] {logging_mixin.py:188} INFO - [2024-05-12T00:47:58.582+0000] {dag.py:3096} INFO - Sync 1 DAGs
[2024-05-12T00:47:58.588+0000] {logging_mixin.py:188} INFO - [2024-05-12T00:47:58.588+0000] {dag.py:3954} INFO - Setting next_dagrun for example_sensors to None, run_after=None
[2024-05-12T00:47:58.597+0000] {processor.py:183} INFO - Processing /home/airflow/.local/lib/python3.12/site-packages/airflow/example_dags/example_sensors.py took 0.035 seconds
[2024-05-12T00:48:29.360+0000] {processor.py:161} INFO - Started process (PID=9882) to work on /home/airflow/.local/lib/python3.12/site-packages/airflow/example_dags/example_sensors.py
[2024-05-12T00:48:29.361+0000] {processor.py:830} INFO - Processing file /home/airflow/.local/lib/python3.12/site-packages/airflow/example_dags/example_sensors.py for tasks to queue
[2024-05-12T00:48:29.362+0000] {logging_mixin.py:188} INFO - [2024-05-12T00:48:29.361+0000] {dagbag.py:545} INFO - Filling up the DagBag from /home/airflow/.local/lib/python3.12/site-packages/airflow/example_dags/example_sensors.py
[2024-05-12T00:48:29.366+0000] {processor.py:840} INFO - DAG(s) 'example_sensors' retrieved from /home/airflow/.local/lib/python3.12/site-packages/airflow/example_dags/example_sensors.py
[2024-05-12T00:48:29.379+0000] {logging_mixin.py:188} INFO - [2024-05-12T00:48:29.379+0000] {dag.py:3096} INFO - Sync 1 DAGs
[2024-05-12T00:48:29.385+0000] {logging_mixin.py:188} INFO - [2024-05-12T00:48:29.385+0000] {dag.py:3954} INFO - Setting next_dagrun for example_sensors to None, run_after=None
[2024-05-12T00:48:29.395+0000] {processor.py:183} INFO - Processing /home/airflow/.local/lib/python3.12/site-packages/airflow/example_dags/example_sensors.py took 0.038 seconds
[2024-05-12T00:48:59.542+0000] {processor.py:161} INFO - Started process (PID=10144) to work on /home/airflow/.local/lib/python3.12/site-packages/airflow/example_dags/example_sensors.py
[2024-05-12T00:48:59.543+0000] {processor.py:830} INFO - Processing file /home/airflow/.local/lib/python3.12/site-packages/airflow/example_dags/example_sensors.py for tasks to queue
[2024-05-12T00:48:59.544+0000] {logging_mixin.py:188} INFO - [2024-05-12T00:48:59.544+0000] {dagbag.py:545} INFO - Filling up the DagBag from /home/airflow/.local/lib/python3.12/site-packages/airflow/example_dags/example_sensors.py
[2024-05-12T00:48:59.548+0000] {processor.py:840} INFO - DAG(s) 'example_sensors' retrieved from /home/airflow/.local/lib/python3.12/site-packages/airflow/example_dags/example_sensors.py
[2024-05-12T00:48:59.560+0000] {logging_mixin.py:188} INFO - [2024-05-12T00:48:59.560+0000] {dag.py:3096} INFO - Sync 1 DAGs
[2024-05-12T00:48:59.567+0000] {logging_mixin.py:188} INFO - [2024-05-12T00:48:59.567+0000] {dag.py:3954} INFO - Setting next_dagrun for example_sensors to None, run_after=None
[2024-05-12T00:48:59.575+0000] {processor.py:183} INFO - Processing /home/airflow/.local/lib/python3.12/site-packages/airflow/example_dags/example_sensors.py took 0.036 seconds
[2024-05-12T01:06:45.277+0000] {processor.py:161} INFO - Started process (PID=10406) to work on /home/airflow/.local/lib/python3.12/site-packages/airflow/example_dags/example_sensors.py
[2024-05-12T01:06:45.277+0000] {processor.py:830} INFO - Processing file /home/airflow/.local/lib/python3.12/site-packages/airflow/example_dags/example_sensors.py for tasks to queue
[2024-05-12T01:06:45.278+0000] {logging_mixin.py:188} INFO - [2024-05-12T01:06:45.278+0000] {dagbag.py:545} INFO - Filling up the DagBag from /home/airflow/.local/lib/python3.12/site-packages/airflow/example_dags/example_sensors.py
[2024-05-12T01:06:45.283+0000] {processor.py:840} INFO - DAG(s) 'example_sensors' retrieved from /home/airflow/.local/lib/python3.12/site-packages/airflow/example_dags/example_sensors.py
[2024-05-12T01:06:45.295+0000] {logging_mixin.py:188} INFO - [2024-05-12T01:06:45.295+0000] {dag.py:3096} INFO - Sync 1 DAGs
[2024-05-12T01:06:45.301+0000] {logging_mixin.py:188} INFO - [2024-05-12T01:06:45.301+0000] {dag.py:3954} INFO - Setting next_dagrun for example_sensors to None, run_after=None
[2024-05-12T01:06:45.310+0000] {processor.py:183} INFO - Processing /home/airflow/.local/lib/python3.12/site-packages/airflow/example_dags/example_sensors.py took 0.036 seconds
[2024-05-12T01:10:16.665+0000] {processor.py:161} INFO - Started process (PID=10667) to work on /home/airflow/.local/lib/python3.12/site-packages/airflow/example_dags/example_sensors.py
[2024-05-12T01:10:16.665+0000] {processor.py:830} INFO - Processing file /home/airflow/.local/lib/python3.12/site-packages/airflow/example_dags/example_sensors.py for tasks to queue
[2024-05-12T01:10:16.666+0000] {logging_mixin.py:188} INFO - [2024-05-12T01:10:16.666+0000] {dagbag.py:545} INFO - Filling up the DagBag from /home/airflow/.local/lib/python3.12/site-packages/airflow/example_dags/example_sensors.py
[2024-05-12T01:10:16.671+0000] {processor.py:840} INFO - DAG(s) 'example_sensors' retrieved from /home/airflow/.local/lib/python3.12/site-packages/airflow/example_dags/example_sensors.py
[2024-05-12T01:10:16.685+0000] {logging_mixin.py:188} INFO - [2024-05-12T01:10:16.685+0000] {dag.py:3096} INFO - Sync 1 DAGs
[2024-05-12T01:10:16.777+0000] {logging_mixin.py:188} INFO - [2024-05-12T01:10:16.777+0000] {dag.py:3954} INFO - Setting next_dagrun for example_sensors to None, run_after=None
[2024-05-12T01:10:16.787+0000] {processor.py:183} INFO - Processing /home/airflow/.local/lib/python3.12/site-packages/airflow/example_dags/example_sensors.py took 0.126 seconds
[2024-05-12T01:10:47.436+0000] {processor.py:161} INFO - Started process (PID=10929) to work on /home/airflow/.local/lib/python3.12/site-packages/airflow/example_dags/example_sensors.py
[2024-05-12T01:10:47.437+0000] {processor.py:830} INFO - Processing file /home/airflow/.local/lib/python3.12/site-packages/airflow/example_dags/example_sensors.py for tasks to queue
[2024-05-12T01:10:47.438+0000] {logging_mixin.py:188} INFO - [2024-05-12T01:10:47.438+0000] {dagbag.py:545} INFO - Filling up the DagBag from /home/airflow/.local/lib/python3.12/site-packages/airflow/example_dags/example_sensors.py
[2024-05-12T01:10:47.443+0000] {processor.py:840} INFO - DAG(s) 'example_sensors' retrieved from /home/airflow/.local/lib/python3.12/site-packages/airflow/example_dags/example_sensors.py
[2024-05-12T01:10:47.458+0000] {logging_mixin.py:188} INFO - [2024-05-12T01:10:47.458+0000] {dag.py:3096} INFO - Sync 1 DAGs
[2024-05-12T01:10:47.550+0000] {logging_mixin.py:188} INFO - [2024-05-12T01:10:47.550+0000] {dag.py:3954} INFO - Setting next_dagrun for example_sensors to None, run_after=None
[2024-05-12T01:10:47.561+0000] {processor.py:183} INFO - Processing /home/airflow/.local/lib/python3.12/site-packages/airflow/example_dags/example_sensors.py took 0.128 seconds
[2024-05-12T01:11:17.915+0000] {processor.py:161} INFO - Started process (PID=11191) to work on /home/airflow/.local/lib/python3.12/site-packages/airflow/example_dags/example_sensors.py
[2024-05-12T01:11:17.915+0000] {processor.py:830} INFO - Processing file /home/airflow/.local/lib/python3.12/site-packages/airflow/example_dags/example_sensors.py for tasks to queue
[2024-05-12T01:11:17.916+0000] {logging_mixin.py:188} INFO - [2024-05-12T01:11:17.916+0000] {dagbag.py:545} INFO - Filling up the DagBag from /home/airflow/.local/lib/python3.12/site-packages/airflow/example_dags/example_sensors.py
[2024-05-12T01:11:17.921+0000] {processor.py:840} INFO - DAG(s) 'example_sensors' retrieved from /home/airflow/.local/lib/python3.12/site-packages/airflow/example_dags/example_sensors.py
[2024-05-12T01:11:17.934+0000] {logging_mixin.py:188} INFO - [2024-05-12T01:11:17.933+0000] {dag.py:3096} INFO - Sync 1 DAGs
[2024-05-12T01:11:17.940+0000] {logging_mixin.py:188} INFO - [2024-05-12T01:11:17.940+0000] {dag.py:3954} INFO - Setting next_dagrun for example_sensors to None, run_after=None
[2024-05-12T01:11:18.031+0000] {processor.py:183} INFO - Processing /home/airflow/.local/lib/python3.12/site-packages/airflow/example_dags/example_sensors.py took 0.120 seconds
[2024-05-12T01:11:48.643+0000] {processor.py:161} INFO - Started process (PID=11453) to work on /home/airflow/.local/lib/python3.12/site-packages/airflow/example_dags/example_sensors.py
[2024-05-12T01:11:48.643+0000] {processor.py:830} INFO - Processing file /home/airflow/.local/lib/python3.12/site-packages/airflow/example_dags/example_sensors.py for tasks to queue
[2024-05-12T01:11:48.644+0000] {logging_mixin.py:188} INFO - [2024-05-12T01:11:48.644+0000] {dagbag.py:545} INFO - Filling up the DagBag from /home/airflow/.local/lib/python3.12/site-packages/airflow/example_dags/example_sensors.py
[2024-05-12T01:11:48.649+0000] {processor.py:840} INFO - DAG(s) 'example_sensors' retrieved from /home/airflow/.local/lib/python3.12/site-packages/airflow/example_dags/example_sensors.py
[2024-05-12T01:11:48.660+0000] {logging_mixin.py:188} INFO - [2024-05-12T01:11:48.660+0000] {dag.py:3096} INFO - Sync 1 DAGs
[2024-05-12T01:11:48.667+0000] {logging_mixin.py:188} INFO - [2024-05-12T01:11:48.667+0000] {dag.py:3954} INFO - Setting next_dagrun for example_sensors to None, run_after=None
[2024-05-12T01:11:48.677+0000] {processor.py:183} INFO - Processing /home/airflow/.local/lib/python3.12/site-packages/airflow/example_dags/example_sensors.py took 0.037 seconds
[2024-05-12T01:12:19.552+0000] {processor.py:161} INFO - Started process (PID=11715) to work on /home/airflow/.local/lib/python3.12/site-packages/airflow/example_dags/example_sensors.py
[2024-05-12T01:12:19.552+0000] {processor.py:830} INFO - Processing file /home/airflow/.local/lib/python3.12/site-packages/airflow/example_dags/example_sensors.py for tasks to queue
[2024-05-12T01:12:19.554+0000] {logging_mixin.py:188} INFO - [2024-05-12T01:12:19.553+0000] {dagbag.py:545} INFO - Filling up the DagBag from /home/airflow/.local/lib/python3.12/site-packages/airflow/example_dags/example_sensors.py
[2024-05-12T01:12:19.558+0000] {processor.py:840} INFO - DAG(s) 'example_sensors' retrieved from /home/airflow/.local/lib/python3.12/site-packages/airflow/example_dags/example_sensors.py
[2024-05-12T01:12:19.570+0000] {logging_mixin.py:188} INFO - [2024-05-12T01:12:19.570+0000] {dag.py:3096} INFO - Sync 1 DAGs
[2024-05-12T01:12:19.577+0000] {logging_mixin.py:188} INFO - [2024-05-12T01:12:19.577+0000] {dag.py:3954} INFO - Setting next_dagrun for example_sensors to None, run_after=None
[2024-05-12T01:12:19.586+0000] {processor.py:183} INFO - Processing /home/airflow/.local/lib/python3.12/site-packages/airflow/example_dags/example_sensors.py took 0.037 seconds
[2024-05-12T01:12:50.472+0000] {processor.py:161} INFO - Started process (PID=11977) to work on /home/airflow/.local/lib/python3.12/site-packages/airflow/example_dags/example_sensors.py
[2024-05-12T01:12:50.473+0000] {processor.py:830} INFO - Processing file /home/airflow/.local/lib/python3.12/site-packages/airflow/example_dags/example_sensors.py for tasks to queue
[2024-05-12T01:12:50.474+0000] {logging_mixin.py:188} INFO - [2024-05-12T01:12:50.474+0000] {dagbag.py:545} INFO - Filling up the DagBag from /home/airflow/.local/lib/python3.12/site-packages/airflow/example_dags/example_sensors.py
[2024-05-12T01:12:50.479+0000] {processor.py:840} INFO - DAG(s) 'example_sensors' retrieved from /home/airflow/.local/lib/python3.12/site-packages/airflow/example_dags/example_sensors.py
[2024-05-12T01:12:50.492+0000] {logging_mixin.py:188} INFO - [2024-05-12T01:12:50.492+0000] {dag.py:3096} INFO - Sync 1 DAGs
[2024-05-12T01:12:50.498+0000] {logging_mixin.py:188} INFO - [2024-05-12T01:12:50.498+0000] {dag.py:3954} INFO - Setting next_dagrun for example_sensors to None, run_after=None
[2024-05-12T01:12:50.507+0000] {processor.py:183} INFO - Processing /home/airflow/.local/lib/python3.12/site-packages/airflow/example_dags/example_sensors.py took 0.038 seconds
[2024-05-12T01:13:21.356+0000] {processor.py:161} INFO - Started process (PID=12238) to work on /home/airflow/.local/lib/python3.12/site-packages/airflow/example_dags/example_sensors.py
[2024-05-12T01:13:21.357+0000] {processor.py:830} INFO - Processing file /home/airflow/.local/lib/python3.12/site-packages/airflow/example_dags/example_sensors.py for tasks to queue
[2024-05-12T01:13:21.358+0000] {logging_mixin.py:188} INFO - [2024-05-12T01:13:21.358+0000] {dagbag.py:545} INFO - Filling up the DagBag from /home/airflow/.local/lib/python3.12/site-packages/airflow/example_dags/example_sensors.py
[2024-05-12T01:13:21.362+0000] {processor.py:840} INFO - DAG(s) 'example_sensors' retrieved from /home/airflow/.local/lib/python3.12/site-packages/airflow/example_dags/example_sensors.py
[2024-05-12T01:13:21.375+0000] {logging_mixin.py:188} INFO - [2024-05-12T01:13:21.375+0000] {dag.py:3096} INFO - Sync 1 DAGs
[2024-05-12T01:13:21.381+0000] {logging_mixin.py:188} INFO - [2024-05-12T01:13:21.381+0000] {dag.py:3954} INFO - Setting next_dagrun for example_sensors to None, run_after=None
[2024-05-12T01:13:21.391+0000] {processor.py:183} INFO - Processing /home/airflow/.local/lib/python3.12/site-packages/airflow/example_dags/example_sensors.py took 0.038 seconds
[2024-05-12T01:13:52.272+0000] {processor.py:161} INFO - Started process (PID=12500) to work on /home/airflow/.local/lib/python3.12/site-packages/airflow/example_dags/example_sensors.py
[2024-05-12T01:13:52.273+0000] {processor.py:830} INFO - Processing file /home/airflow/.local/lib/python3.12/site-packages/airflow/example_dags/example_sensors.py for tasks to queue
[2024-05-12T01:13:52.273+0000] {logging_mixin.py:188} INFO - [2024-05-12T01:13:52.273+0000] {dagbag.py:545} INFO - Filling up the DagBag from /home/airflow/.local/lib/python3.12/site-packages/airflow/example_dags/example_sensors.py
[2024-05-12T01:13:52.278+0000] {processor.py:840} INFO - DAG(s) 'example_sensors' retrieved from /home/airflow/.local/lib/python3.12/site-packages/airflow/example_dags/example_sensors.py
[2024-05-12T01:13:52.290+0000] {logging_mixin.py:188} INFO - [2024-05-12T01:13:52.290+0000] {dag.py:3096} INFO - Sync 1 DAGs
[2024-05-12T01:13:52.296+0000] {logging_mixin.py:188} INFO - [2024-05-12T01:13:52.296+0000] {dag.py:3954} INFO - Setting next_dagrun for example_sensors to None, run_after=None
[2024-05-12T01:13:52.306+0000] {processor.py:183} INFO - Processing /home/airflow/.local/lib/python3.12/site-packages/airflow/example_dags/example_sensors.py took 0.038 seconds
[2024-05-12T01:14:23.138+0000] {processor.py:161} INFO - Started process (PID=12761) to work on /home/airflow/.local/lib/python3.12/site-packages/airflow/example_dags/example_sensors.py
[2024-05-12T01:14:23.139+0000] {processor.py:830} INFO - Processing file /home/airflow/.local/lib/python3.12/site-packages/airflow/example_dags/example_sensors.py for tasks to queue
[2024-05-12T01:14:23.140+0000] {logging_mixin.py:188} INFO - [2024-05-12T01:14:23.139+0000] {dagbag.py:545} INFO - Filling up the DagBag from /home/airflow/.local/lib/python3.12/site-packages/airflow/example_dags/example_sensors.py
[2024-05-12T01:14:23.144+0000] {processor.py:840} INFO - DAG(s) 'example_sensors' retrieved from /home/airflow/.local/lib/python3.12/site-packages/airflow/example_dags/example_sensors.py
[2024-05-12T01:14:23.157+0000] {logging_mixin.py:188} INFO - [2024-05-12T01:14:23.157+0000] {dag.py:3096} INFO - Sync 1 DAGs
[2024-05-12T01:14:23.163+0000] {logging_mixin.py:188} INFO - [2024-05-12T01:14:23.163+0000] {dag.py:3954} INFO - Setting next_dagrun for example_sensors to None, run_after=None
[2024-05-12T01:14:23.171+0000] {processor.py:183} INFO - Processing /home/airflow/.local/lib/python3.12/site-packages/airflow/example_dags/example_sensors.py took 0.036 seconds
[2024-05-12T01:14:54.117+0000] {processor.py:161} INFO - Started process (PID=13023) to work on /home/airflow/.local/lib/python3.12/site-packages/airflow/example_dags/example_sensors.py
[2024-05-12T01:14:54.117+0000] {processor.py:830} INFO - Processing file /home/airflow/.local/lib/python3.12/site-packages/airflow/example_dags/example_sensors.py for tasks to queue
[2024-05-12T01:14:54.119+0000] {logging_mixin.py:188} INFO - [2024-05-12T01:14:54.118+0000] {dagbag.py:545} INFO - Filling up the DagBag from /home/airflow/.local/lib/python3.12/site-packages/airflow/example_dags/example_sensors.py
[2024-05-12T01:14:54.123+0000] {processor.py:840} INFO - DAG(s) 'example_sensors' retrieved from /home/airflow/.local/lib/python3.12/site-packages/airflow/example_dags/example_sensors.py
[2024-05-12T01:14:54.136+0000] {logging_mixin.py:188} INFO - [2024-05-12T01:14:54.136+0000] {dag.py:3096} INFO - Sync 1 DAGs
[2024-05-12T01:14:54.142+0000] {logging_mixin.py:188} INFO - [2024-05-12T01:14:54.142+0000] {dag.py:3954} INFO - Setting next_dagrun for example_sensors to None, run_after=None
[2024-05-12T01:14:54.152+0000] {processor.py:183} INFO - Processing /home/airflow/.local/lib/python3.12/site-packages/airflow/example_dags/example_sensors.py took 0.038 seconds
[2024-05-12T01:15:25.124+0000] {processor.py:161} INFO - Started process (PID=13285) to work on /home/airflow/.local/lib/python3.12/site-packages/airflow/example_dags/example_sensors.py
[2024-05-12T01:15:25.125+0000] {processor.py:830} INFO - Processing file /home/airflow/.local/lib/python3.12/site-packages/airflow/example_dags/example_sensors.py for tasks to queue
[2024-05-12T01:15:25.126+0000] {logging_mixin.py:188} INFO - [2024-05-12T01:15:25.125+0000] {dagbag.py:545} INFO - Filling up the DagBag from /home/airflow/.local/lib/python3.12/site-packages/airflow/example_dags/example_sensors.py
[2024-05-12T01:15:25.130+0000] {processor.py:840} INFO - DAG(s) 'example_sensors' retrieved from /home/airflow/.local/lib/python3.12/site-packages/airflow/example_dags/example_sensors.py
[2024-05-12T01:15:25.143+0000] {logging_mixin.py:188} INFO - [2024-05-12T01:15:25.143+0000] {dag.py:3096} INFO - Sync 1 DAGs
[2024-05-12T01:15:25.149+0000] {logging_mixin.py:188} INFO - [2024-05-12T01:15:25.149+0000] {dag.py:3954} INFO - Setting next_dagrun for example_sensors to None, run_after=None
[2024-05-12T01:15:25.158+0000] {processor.py:183} INFO - Processing /home/airflow/.local/lib/python3.12/site-packages/airflow/example_dags/example_sensors.py took 0.037 seconds
[2024-05-12T01:15:56.026+0000] {processor.py:161} INFO - Started process (PID=13547) to work on /home/airflow/.local/lib/python3.12/site-packages/airflow/example_dags/example_sensors.py
[2024-05-12T01:15:56.026+0000] {processor.py:830} INFO - Processing file /home/airflow/.local/lib/python3.12/site-packages/airflow/example_dags/example_sensors.py for tasks to queue
[2024-05-12T01:15:56.028+0000] {logging_mixin.py:188} INFO - [2024-05-12T01:15:56.028+0000] {dagbag.py:545} INFO - Filling up the DagBag from /home/airflow/.local/lib/python3.12/site-packages/airflow/example_dags/example_sensors.py
[2024-05-12T01:15:56.033+0000] {processor.py:840} INFO - DAG(s) 'example_sensors' retrieved from /home/airflow/.local/lib/python3.12/site-packages/airflow/example_dags/example_sensors.py
[2024-05-12T01:15:56.047+0000] {logging_mixin.py:188} INFO - [2024-05-12T01:15:56.046+0000] {dag.py:3096} INFO - Sync 1 DAGs
[2024-05-12T01:15:56.053+0000] {logging_mixin.py:188} INFO - [2024-05-12T01:15:56.053+0000] {dag.py:3954} INFO - Setting next_dagrun for example_sensors to None, run_after=None
[2024-05-12T01:15:56.063+0000] {processor.py:183} INFO - Processing /home/airflow/.local/lib/python3.12/site-packages/airflow/example_dags/example_sensors.py took 0.041 seconds
[2024-05-12T01:16:26.813+0000] {processor.py:161} INFO - Started process (PID=13809) to work on /home/airflow/.local/lib/python3.12/site-packages/airflow/example_dags/example_sensors.py
[2024-05-12T01:16:26.813+0000] {processor.py:830} INFO - Processing file /home/airflow/.local/lib/python3.12/site-packages/airflow/example_dags/example_sensors.py for tasks to queue
[2024-05-12T01:16:26.814+0000] {logging_mixin.py:188} INFO - [2024-05-12T01:16:26.814+0000] {dagbag.py:545} INFO - Filling up the DagBag from /home/airflow/.local/lib/python3.12/site-packages/airflow/example_dags/example_sensors.py
[2024-05-12T01:16:26.819+0000] {processor.py:840} INFO - DAG(s) 'example_sensors' retrieved from /home/airflow/.local/lib/python3.12/site-packages/airflow/example_dags/example_sensors.py
[2024-05-12T01:16:26.831+0000] {logging_mixin.py:188} INFO - [2024-05-12T01:16:26.831+0000] {dag.py:3096} INFO - Sync 1 DAGs
[2024-05-12T01:16:26.837+0000] {logging_mixin.py:188} INFO - [2024-05-12T01:16:26.837+0000] {dag.py:3954} INFO - Setting next_dagrun for example_sensors to None, run_after=None
[2024-05-12T01:16:26.846+0000] {processor.py:183} INFO - Processing /home/airflow/.local/lib/python3.12/site-packages/airflow/example_dags/example_sensors.py took 0.036 seconds
[2024-05-12T01:16:57.528+0000] {processor.py:161} INFO - Started process (PID=14071) to work on /home/airflow/.local/lib/python3.12/site-packages/airflow/example_dags/example_sensors.py
[2024-05-12T01:16:57.528+0000] {processor.py:830} INFO - Processing file /home/airflow/.local/lib/python3.12/site-packages/airflow/example_dags/example_sensors.py for tasks to queue
[2024-05-12T01:16:57.529+0000] {logging_mixin.py:188} INFO - [2024-05-12T01:16:57.529+0000] {dagbag.py:545} INFO - Filling up the DagBag from /home/airflow/.local/lib/python3.12/site-packages/airflow/example_dags/example_sensors.py
[2024-05-12T01:16:57.534+0000] {processor.py:840} INFO - DAG(s) 'example_sensors' retrieved from /home/airflow/.local/lib/python3.12/site-packages/airflow/example_dags/example_sensors.py
[2024-05-12T01:16:57.546+0000] {logging_mixin.py:188} INFO - [2024-05-12T01:16:57.546+0000] {dag.py:3096} INFO - Sync 1 DAGs
[2024-05-12T01:16:57.552+0000] {logging_mixin.py:188} INFO - [2024-05-12T01:16:57.552+0000] {dag.py:3954} INFO - Setting next_dagrun for example_sensors to None, run_after=None
[2024-05-12T01:16:57.561+0000] {processor.py:183} INFO - Processing /home/airflow/.local/lib/python3.12/site-packages/airflow/example_dags/example_sensors.py took 0.037 seconds
[2024-05-12T01:17:28.320+0000] {processor.py:161} INFO - Started process (PID=14333) to work on /home/airflow/.local/lib/python3.12/site-packages/airflow/example_dags/example_sensors.py
[2024-05-12T01:17:28.321+0000] {processor.py:830} INFO - Processing file /home/airflow/.local/lib/python3.12/site-packages/airflow/example_dags/example_sensors.py for tasks to queue
[2024-05-12T01:17:28.322+0000] {logging_mixin.py:188} INFO - [2024-05-12T01:17:28.322+0000] {dagbag.py:545} INFO - Filling up the DagBag from /home/airflow/.local/lib/python3.12/site-packages/airflow/example_dags/example_sensors.py
[2024-05-12T01:17:28.326+0000] {processor.py:840} INFO - DAG(s) 'example_sensors' retrieved from /home/airflow/.local/lib/python3.12/site-packages/airflow/example_dags/example_sensors.py
[2024-05-12T01:17:28.339+0000] {logging_mixin.py:188} INFO - [2024-05-12T01:17:28.339+0000] {dag.py:3096} INFO - Sync 1 DAGs
[2024-05-12T01:17:28.345+0000] {logging_mixin.py:188} INFO - [2024-05-12T01:17:28.345+0000] {dag.py:3954} INFO - Setting next_dagrun for example_sensors to None, run_after=None
[2024-05-12T01:17:28.354+0000] {processor.py:183} INFO - Processing /home/airflow/.local/lib/python3.12/site-packages/airflow/example_dags/example_sensors.py took 0.037 seconds
[2024-05-12T01:17:59.141+0000] {processor.py:161} INFO - Started process (PID=14595) to work on /home/airflow/.local/lib/python3.12/site-packages/airflow/example_dags/example_sensors.py
[2024-05-12T01:17:59.141+0000] {processor.py:830} INFO - Processing file /home/airflow/.local/lib/python3.12/site-packages/airflow/example_dags/example_sensors.py for tasks to queue
[2024-05-12T01:17:59.142+0000] {logging_mixin.py:188} INFO - [2024-05-12T01:17:59.142+0000] {dagbag.py:545} INFO - Filling up the DagBag from /home/airflow/.local/lib/python3.12/site-packages/airflow/example_dags/example_sensors.py
[2024-05-12T01:17:59.147+0000] {processor.py:840} INFO - DAG(s) 'example_sensors' retrieved from /home/airflow/.local/lib/python3.12/site-packages/airflow/example_dags/example_sensors.py
[2024-05-12T01:17:59.160+0000] {logging_mixin.py:188} INFO - [2024-05-12T01:17:59.160+0000] {dag.py:3096} INFO - Sync 1 DAGs
[2024-05-12T01:17:59.167+0000] {logging_mixin.py:188} INFO - [2024-05-12T01:17:59.166+0000] {dag.py:3954} INFO - Setting next_dagrun for example_sensors to None, run_after=None
[2024-05-12T01:17:59.175+0000] {processor.py:183} INFO - Processing /home/airflow/.local/lib/python3.12/site-packages/airflow/example_dags/example_sensors.py took 0.038 seconds
[2024-05-12T01:18:30.030+0000] {processor.py:161} INFO - Started process (PID=14857) to work on /home/airflow/.local/lib/python3.12/site-packages/airflow/example_dags/example_sensors.py
[2024-05-12T01:18:30.030+0000] {processor.py:830} INFO - Processing file /home/airflow/.local/lib/python3.12/site-packages/airflow/example_dags/example_sensors.py for tasks to queue
[2024-05-12T01:18:30.031+0000] {logging_mixin.py:188} INFO - [2024-05-12T01:18:30.031+0000] {dagbag.py:545} INFO - Filling up the DagBag from /home/airflow/.local/lib/python3.12/site-packages/airflow/example_dags/example_sensors.py
[2024-05-12T01:18:30.036+0000] {processor.py:840} INFO - DAG(s) 'example_sensors' retrieved from /home/airflow/.local/lib/python3.12/site-packages/airflow/example_dags/example_sensors.py
[2024-05-12T01:18:30.047+0000] {logging_mixin.py:188} INFO - [2024-05-12T01:18:30.047+0000] {dag.py:3096} INFO - Sync 1 DAGs
[2024-05-12T01:18:30.053+0000] {logging_mixin.py:188} INFO - [2024-05-12T01:18:30.053+0000] {dag.py:3954} INFO - Setting next_dagrun for example_sensors to None, run_after=None
[2024-05-12T01:18:30.062+0000] {processor.py:183} INFO - Processing /home/airflow/.local/lib/python3.12/site-packages/airflow/example_dags/example_sensors.py took 0.035 seconds
[2024-05-12T01:19:00.784+0000] {processor.py:161} INFO - Started process (PID=15119) to work on /home/airflow/.local/lib/python3.12/site-packages/airflow/example_dags/example_sensors.py
[2024-05-12T01:19:00.785+0000] {processor.py:830} INFO - Processing file /home/airflow/.local/lib/python3.12/site-packages/airflow/example_dags/example_sensors.py for tasks to queue
[2024-05-12T01:19:00.785+0000] {logging_mixin.py:188} INFO - [2024-05-12T01:19:00.785+0000] {dagbag.py:545} INFO - Filling up the DagBag from /home/airflow/.local/lib/python3.12/site-packages/airflow/example_dags/example_sensors.py
[2024-05-12T01:19:00.790+0000] {processor.py:840} INFO - DAG(s) 'example_sensors' retrieved from /home/airflow/.local/lib/python3.12/site-packages/airflow/example_dags/example_sensors.py
[2024-05-12T01:19:00.803+0000] {logging_mixin.py:188} INFO - [2024-05-12T01:19:00.803+0000] {dag.py:3096} INFO - Sync 1 DAGs
[2024-05-12T01:19:00.810+0000] {logging_mixin.py:188} INFO - [2024-05-12T01:19:00.810+0000] {dag.py:3954} INFO - Setting next_dagrun for example_sensors to None, run_after=None
[2024-05-12T01:19:00.820+0000] {processor.py:183} INFO - Processing /home/airflow/.local/lib/python3.12/site-packages/airflow/example_dags/example_sensors.py took 0.039 seconds
[2024-05-12T01:19:31.735+0000] {processor.py:161} INFO - Started process (PID=15381) to work on /home/airflow/.local/lib/python3.12/site-packages/airflow/example_dags/example_sensors.py
[2024-05-12T01:19:31.736+0000] {processor.py:830} INFO - Processing file /home/airflow/.local/lib/python3.12/site-packages/airflow/example_dags/example_sensors.py for tasks to queue
[2024-05-12T01:19:31.737+0000] {logging_mixin.py:188} INFO - [2024-05-12T01:19:31.737+0000] {dagbag.py:545} INFO - Filling up the DagBag from /home/airflow/.local/lib/python3.12/site-packages/airflow/example_dags/example_sensors.py
[2024-05-12T01:19:31.741+0000] {processor.py:840} INFO - DAG(s) 'example_sensors' retrieved from /home/airflow/.local/lib/python3.12/site-packages/airflow/example_dags/example_sensors.py
[2024-05-12T01:19:31.753+0000] {logging_mixin.py:188} INFO - [2024-05-12T01:19:31.753+0000] {dag.py:3096} INFO - Sync 1 DAGs
[2024-05-12T01:19:31.759+0000] {logging_mixin.py:188} INFO - [2024-05-12T01:19:31.759+0000] {dag.py:3954} INFO - Setting next_dagrun for example_sensors to None, run_after=None
[2024-05-12T01:19:31.768+0000] {processor.py:183} INFO - Processing /home/airflow/.local/lib/python3.12/site-packages/airflow/example_dags/example_sensors.py took 0.035 seconds
[2024-05-12T01:20:02.514+0000] {processor.py:161} INFO - Started process (PID=15643) to work on /home/airflow/.local/lib/python3.12/site-packages/airflow/example_dags/example_sensors.py
[2024-05-12T01:20:02.515+0000] {processor.py:830} INFO - Processing file /home/airflow/.local/lib/python3.12/site-packages/airflow/example_dags/example_sensors.py for tasks to queue
[2024-05-12T01:20:02.516+0000] {logging_mixin.py:188} INFO - [2024-05-12T01:20:02.516+0000] {dagbag.py:545} INFO - Filling up the DagBag from /home/airflow/.local/lib/python3.12/site-packages/airflow/example_dags/example_sensors.py
[2024-05-12T01:20:02.521+0000] {processor.py:840} INFO - DAG(s) 'example_sensors' retrieved from /home/airflow/.local/lib/python3.12/site-packages/airflow/example_dags/example_sensors.py
[2024-05-12T01:20:02.534+0000] {logging_mixin.py:188} INFO - [2024-05-12T01:20:02.534+0000] {dag.py:3096} INFO - Sync 1 DAGs
[2024-05-12T01:20:02.540+0000] {logging_mixin.py:188} INFO - [2024-05-12T01:20:02.540+0000] {dag.py:3954} INFO - Setting next_dagrun for example_sensors to None, run_after=None
[2024-05-12T01:20:02.550+0000] {processor.py:183} INFO - Processing /home/airflow/.local/lib/python3.12/site-packages/airflow/example_dags/example_sensors.py took 0.039 seconds
[2024-05-12T01:20:33.326+0000] {processor.py:161} INFO - Started process (PID=15905) to work on /home/airflow/.local/lib/python3.12/site-packages/airflow/example_dags/example_sensors.py
[2024-05-12T01:20:33.326+0000] {processor.py:830} INFO - Processing file /home/airflow/.local/lib/python3.12/site-packages/airflow/example_dags/example_sensors.py for tasks to queue
[2024-05-12T01:20:33.327+0000] {logging_mixin.py:188} INFO - [2024-05-12T01:20:33.327+0000] {dagbag.py:545} INFO - Filling up the DagBag from /home/airflow/.local/lib/python3.12/site-packages/airflow/example_dags/example_sensors.py
[2024-05-12T01:20:33.332+0000] {processor.py:840} INFO - DAG(s) 'example_sensors' retrieved from /home/airflow/.local/lib/python3.12/site-packages/airflow/example_dags/example_sensors.py
[2024-05-12T01:20:33.344+0000] {logging_mixin.py:188} INFO - [2024-05-12T01:20:33.344+0000] {dag.py:3096} INFO - Sync 1 DAGs
[2024-05-12T01:20:33.350+0000] {logging_mixin.py:188} INFO - [2024-05-12T01:20:33.350+0000] {dag.py:3954} INFO - Setting next_dagrun for example_sensors to None, run_after=None
[2024-05-12T01:20:33.359+0000] {processor.py:183} INFO - Processing /home/airflow/.local/lib/python3.12/site-packages/airflow/example_dags/example_sensors.py took 0.036 seconds
[2024-05-12T01:21:04.152+0000] {processor.py:161} INFO - Started process (PID=16167) to work on /home/airflow/.local/lib/python3.12/site-packages/airflow/example_dags/example_sensors.py
[2024-05-12T01:21:04.152+0000] {processor.py:830} INFO - Processing file /home/airflow/.local/lib/python3.12/site-packages/airflow/example_dags/example_sensors.py for tasks to queue
[2024-05-12T01:21:04.153+0000] {logging_mixin.py:188} INFO - [2024-05-12T01:21:04.153+0000] {dagbag.py:545} INFO - Filling up the DagBag from /home/airflow/.local/lib/python3.12/site-packages/airflow/example_dags/example_sensors.py
[2024-05-12T01:21:04.158+0000] {processor.py:840} INFO - DAG(s) 'example_sensors' retrieved from /home/airflow/.local/lib/python3.12/site-packages/airflow/example_dags/example_sensors.py
[2024-05-12T01:21:04.170+0000] {logging_mixin.py:188} INFO - [2024-05-12T01:21:04.170+0000] {dag.py:3096} INFO - Sync 1 DAGs
[2024-05-12T01:21:04.176+0000] {logging_mixin.py:188} INFO - [2024-05-12T01:21:04.176+0000] {dag.py:3954} INFO - Setting next_dagrun for example_sensors to None, run_after=None
[2024-05-12T01:21:04.185+0000] {processor.py:183} INFO - Processing /home/airflow/.local/lib/python3.12/site-packages/airflow/example_dags/example_sensors.py took 0.037 seconds
[2024-05-12T01:21:35.103+0000] {processor.py:161} INFO - Started process (PID=16428) to work on /home/airflow/.local/lib/python3.12/site-packages/airflow/example_dags/example_sensors.py
[2024-05-12T01:21:35.104+0000] {processor.py:830} INFO - Processing file /home/airflow/.local/lib/python3.12/site-packages/airflow/example_dags/example_sensors.py for tasks to queue
[2024-05-12T01:21:35.105+0000] {logging_mixin.py:188} INFO - [2024-05-12T01:21:35.105+0000] {dagbag.py:545} INFO - Filling up the DagBag from /home/airflow/.local/lib/python3.12/site-packages/airflow/example_dags/example_sensors.py
[2024-05-12T01:21:35.110+0000] {processor.py:840} INFO - DAG(s) 'example_sensors' retrieved from /home/airflow/.local/lib/python3.12/site-packages/airflow/example_dags/example_sensors.py
[2024-05-12T01:21:35.123+0000] {logging_mixin.py:188} INFO - [2024-05-12T01:21:35.123+0000] {dag.py:3096} INFO - Sync 1 DAGs
[2024-05-12T01:21:35.129+0000] {logging_mixin.py:188} INFO - [2024-05-12T01:21:35.129+0000] {dag.py:3954} INFO - Setting next_dagrun for example_sensors to None, run_after=None
[2024-05-12T01:21:35.139+0000] {processor.py:183} INFO - Processing /home/airflow/.local/lib/python3.12/site-packages/airflow/example_dags/example_sensors.py took 0.038 seconds
[2024-05-12T01:22:05.902+0000] {processor.py:161} INFO - Started process (PID=16690) to work on /home/airflow/.local/lib/python3.12/site-packages/airflow/example_dags/example_sensors.py
[2024-05-12T01:22:05.903+0000] {processor.py:830} INFO - Processing file /home/airflow/.local/lib/python3.12/site-packages/airflow/example_dags/example_sensors.py for tasks to queue
[2024-05-12T01:22:05.904+0000] {logging_mixin.py:188} INFO - [2024-05-12T01:22:05.904+0000] {dagbag.py:545} INFO - Filling up the DagBag from /home/airflow/.local/lib/python3.12/site-packages/airflow/example_dags/example_sensors.py
[2024-05-12T01:22:05.909+0000] {processor.py:840} INFO - DAG(s) 'example_sensors' retrieved from /home/airflow/.local/lib/python3.12/site-packages/airflow/example_dags/example_sensors.py
[2024-05-12T01:22:05.921+0000] {logging_mixin.py:188} INFO - [2024-05-12T01:22:05.921+0000] {dag.py:3096} INFO - Sync 1 DAGs
[2024-05-12T01:22:05.927+0000] {logging_mixin.py:188} INFO - [2024-05-12T01:22:05.927+0000] {dag.py:3954} INFO - Setting next_dagrun for example_sensors to None, run_after=None
[2024-05-12T01:22:05.935+0000] {processor.py:183} INFO - Processing /home/airflow/.local/lib/python3.12/site-packages/airflow/example_dags/example_sensors.py took 0.036 seconds
