[2024-05-12T00:37:44.239+0000] {processor.py:161} INFO - Started process (PID=4565) to work on /home/airflow/.local/lib/python3.12/site-packages/airflow/example_dags/example_task_group.py
[2024-05-12T00:37:44.240+0000] {processor.py:830} INFO - Processing file /home/airflow/.local/lib/python3.12/site-packages/airflow/example_dags/example_task_group.py for tasks to queue
[2024-05-12T00:37:44.241+0000] {logging_mixin.py:188} INFO - [2024-05-12T00:37:44.241+0000] {dagbag.py:545} INFO - Filling up the DagBag from /home/airflow/.local/lib/python3.12/site-packages/airflow/example_dags/example_task_group.py
[2024-05-12T00:37:44.245+0000] {processor.py:840} INFO - DAG(s) 'example_task_group' retrieved from /home/airflow/.local/lib/python3.12/site-packages/airflow/example_dags/example_task_group.py
[2024-05-12T00:37:44.255+0000] {logging_mixin.py:188} INFO - [2024-05-12T00:37:44.255+0000] {dag.py:3096} INFO - Sync 1 DAGs
[2024-05-12T00:37:44.265+0000] {logging_mixin.py:188} INFO - [2024-05-12T00:37:44.265+0000] {dag.py:3954} INFO - Setting next_dagrun for example_task_group to 2024-05-11 00:00:00+00:00, run_after=2024-05-12 00:00:00+00:00
[2024-05-12T00:37:44.274+0000] {processor.py:183} INFO - Processing /home/airflow/.local/lib/python3.12/site-packages/airflow/example_dags/example_task_group.py took 0.037 seconds
[2024-05-12T00:38:14.963+0000] {processor.py:161} INFO - Started process (PID=4827) to work on /home/airflow/.local/lib/python3.12/site-packages/airflow/example_dags/example_task_group.py
[2024-05-12T00:38:14.963+0000] {processor.py:830} INFO - Processing file /home/airflow/.local/lib/python3.12/site-packages/airflow/example_dags/example_task_group.py for tasks to queue
[2024-05-12T00:38:14.964+0000] {logging_mixin.py:188} INFO - [2024-05-12T00:38:14.964+0000] {dagbag.py:545} INFO - Filling up the DagBag from /home/airflow/.local/lib/python3.12/site-packages/airflow/example_dags/example_task_group.py
[2024-05-12T00:38:14.967+0000] {processor.py:840} INFO - DAG(s) 'example_task_group' retrieved from /home/airflow/.local/lib/python3.12/site-packages/airflow/example_dags/example_task_group.py
[2024-05-12T00:38:14.979+0000] {logging_mixin.py:188} INFO - [2024-05-12T00:38:14.978+0000] {dag.py:3096} INFO - Sync 1 DAGs
[2024-05-12T00:38:14.988+0000] {logging_mixin.py:188} INFO - [2024-05-12T00:38:14.988+0000] {dag.py:3954} INFO - Setting next_dagrun for example_task_group to 2024-05-11 00:00:00+00:00, run_after=2024-05-12 00:00:00+00:00
[2024-05-12T00:38:14.996+0000] {processor.py:183} INFO - Processing /home/airflow/.local/lib/python3.12/site-packages/airflow/example_dags/example_task_group.py took 0.036 seconds
[2024-05-12T00:38:45.689+0000] {processor.py:161} INFO - Started process (PID=5089) to work on /home/airflow/.local/lib/python3.12/site-packages/airflow/example_dags/example_task_group.py
[2024-05-12T00:38:45.689+0000] {processor.py:830} INFO - Processing file /home/airflow/.local/lib/python3.12/site-packages/airflow/example_dags/example_task_group.py for tasks to queue
[2024-05-12T00:38:45.690+0000] {logging_mixin.py:188} INFO - [2024-05-12T00:38:45.690+0000] {dagbag.py:545} INFO - Filling up the DagBag from /home/airflow/.local/lib/python3.12/site-packages/airflow/example_dags/example_task_group.py
[2024-05-12T00:38:45.694+0000] {processor.py:840} INFO - DAG(s) 'example_task_group' retrieved from /home/airflow/.local/lib/python3.12/site-packages/airflow/example_dags/example_task_group.py
[2024-05-12T00:38:45.705+0000] {logging_mixin.py:188} INFO - [2024-05-12T00:38:45.705+0000] {dag.py:3096} INFO - Sync 1 DAGs
[2024-05-12T00:38:45.715+0000] {logging_mixin.py:188} INFO - [2024-05-12T00:38:45.715+0000] {dag.py:3954} INFO - Setting next_dagrun for example_task_group to 2024-05-11 00:00:00+00:00, run_after=2024-05-12 00:00:00+00:00
[2024-05-12T00:38:45.724+0000] {processor.py:183} INFO - Processing /home/airflow/.local/lib/python3.12/site-packages/airflow/example_dags/example_task_group.py took 0.038 seconds
[2024-05-12T00:39:16.396+0000] {processor.py:161} INFO - Started process (PID=5352) to work on /home/airflow/.local/lib/python3.12/site-packages/airflow/example_dags/example_task_group.py
[2024-05-12T00:39:16.397+0000] {processor.py:830} INFO - Processing file /home/airflow/.local/lib/python3.12/site-packages/airflow/example_dags/example_task_group.py for tasks to queue
[2024-05-12T00:39:16.398+0000] {logging_mixin.py:188} INFO - [2024-05-12T00:39:16.397+0000] {dagbag.py:545} INFO - Filling up the DagBag from /home/airflow/.local/lib/python3.12/site-packages/airflow/example_dags/example_task_group.py
[2024-05-12T00:39:16.401+0000] {processor.py:840} INFO - DAG(s) 'example_task_group' retrieved from /home/airflow/.local/lib/python3.12/site-packages/airflow/example_dags/example_task_group.py
[2024-05-12T00:39:16.413+0000] {logging_mixin.py:188} INFO - [2024-05-12T00:39:16.413+0000] {dag.py:3096} INFO - Sync 1 DAGs
[2024-05-12T00:39:16.426+0000] {logging_mixin.py:188} INFO - [2024-05-12T00:39:16.426+0000] {dag.py:3954} INFO - Setting next_dagrun for example_task_group to 2024-05-11 00:00:00+00:00, run_after=2024-05-12 00:00:00+00:00
[2024-05-12T00:39:16.436+0000] {processor.py:183} INFO - Processing /home/airflow/.local/lib/python3.12/site-packages/airflow/example_dags/example_task_group.py took 0.044 seconds
[2024-05-12T00:39:47.162+0000] {processor.py:161} INFO - Started process (PID=5611) to work on /home/airflow/.local/lib/python3.12/site-packages/airflow/example_dags/example_task_group.py
[2024-05-12T00:39:47.163+0000] {processor.py:830} INFO - Processing file /home/airflow/.local/lib/python3.12/site-packages/airflow/example_dags/example_task_group.py for tasks to queue
[2024-05-12T00:39:47.164+0000] {logging_mixin.py:188} INFO - [2024-05-12T00:39:47.164+0000] {dagbag.py:545} INFO - Filling up the DagBag from /home/airflow/.local/lib/python3.12/site-packages/airflow/example_dags/example_task_group.py
[2024-05-12T00:39:47.167+0000] {processor.py:840} INFO - DAG(s) 'example_task_group' retrieved from /home/airflow/.local/lib/python3.12/site-packages/airflow/example_dags/example_task_group.py
[2024-05-12T00:39:47.178+0000] {logging_mixin.py:188} INFO - [2024-05-12T00:39:47.178+0000] {dag.py:3096} INFO - Sync 1 DAGs
[2024-05-12T00:39:47.189+0000] {logging_mixin.py:188} INFO - [2024-05-12T00:39:47.188+0000] {dag.py:3954} INFO - Setting next_dagrun for example_task_group to 2024-05-11 00:00:00+00:00, run_after=2024-05-12 00:00:00+00:00
[2024-05-12T00:39:47.197+0000] {processor.py:183} INFO - Processing /home/airflow/.local/lib/python3.12/site-packages/airflow/example_dags/example_task_group.py took 0.038 seconds
[2024-05-12T00:40:17.907+0000] {processor.py:161} INFO - Started process (PID=5873) to work on /home/airflow/.local/lib/python3.12/site-packages/airflow/example_dags/example_task_group.py
[2024-05-12T00:40:17.908+0000] {processor.py:830} INFO - Processing file /home/airflow/.local/lib/python3.12/site-packages/airflow/example_dags/example_task_group.py for tasks to queue
[2024-05-12T00:40:17.910+0000] {logging_mixin.py:188} INFO - [2024-05-12T00:40:17.909+0000] {dagbag.py:545} INFO - Filling up the DagBag from /home/airflow/.local/lib/python3.12/site-packages/airflow/example_dags/example_task_group.py
[2024-05-12T00:40:17.914+0000] {processor.py:840} INFO - DAG(s) 'example_task_group' retrieved from /home/airflow/.local/lib/python3.12/site-packages/airflow/example_dags/example_task_group.py
[2024-05-12T00:40:17.926+0000] {logging_mixin.py:188} INFO - [2024-05-12T00:40:17.926+0000] {dag.py:3096} INFO - Sync 1 DAGs
[2024-05-12T00:40:17.936+0000] {logging_mixin.py:188} INFO - [2024-05-12T00:40:17.936+0000] {dag.py:3954} INFO - Setting next_dagrun for example_task_group to 2024-05-11 00:00:00+00:00, run_after=2024-05-12 00:00:00+00:00
[2024-05-12T00:40:17.945+0000] {processor.py:183} INFO - Processing /home/airflow/.local/lib/python3.12/site-packages/airflow/example_dags/example_task_group.py took 0.041 seconds
[2024-05-12T00:40:48.782+0000] {processor.py:161} INFO - Started process (PID=6137) to work on /home/airflow/.local/lib/python3.12/site-packages/airflow/example_dags/example_task_group.py
[2024-05-12T00:40:48.783+0000] {processor.py:830} INFO - Processing file /home/airflow/.local/lib/python3.12/site-packages/airflow/example_dags/example_task_group.py for tasks to queue
[2024-05-12T00:40:48.784+0000] {logging_mixin.py:188} INFO - [2024-05-12T00:40:48.784+0000] {dagbag.py:545} INFO - Filling up the DagBag from /home/airflow/.local/lib/python3.12/site-packages/airflow/example_dags/example_task_group.py
[2024-05-12T00:40:48.788+0000] {processor.py:840} INFO - DAG(s) 'example_task_group' retrieved from /home/airflow/.local/lib/python3.12/site-packages/airflow/example_dags/example_task_group.py
[2024-05-12T00:40:48.800+0000] {logging_mixin.py:188} INFO - [2024-05-12T00:40:48.799+0000] {dag.py:3096} INFO - Sync 1 DAGs
[2024-05-12T00:40:48.810+0000] {logging_mixin.py:188} INFO - [2024-05-12T00:40:48.809+0000] {dag.py:3954} INFO - Setting next_dagrun for example_task_group to 2024-05-11 00:00:00+00:00, run_after=2024-05-12 00:00:00+00:00
[2024-05-12T00:40:48.818+0000] {processor.py:183} INFO - Processing /home/airflow/.local/lib/python3.12/site-packages/airflow/example_dags/example_task_group.py took 0.039 seconds
[2024-05-12T00:41:19.497+0000] {processor.py:161} INFO - Started process (PID=6397) to work on /home/airflow/.local/lib/python3.12/site-packages/airflow/example_dags/example_task_group.py
[2024-05-12T00:41:19.497+0000] {processor.py:830} INFO - Processing file /home/airflow/.local/lib/python3.12/site-packages/airflow/example_dags/example_task_group.py for tasks to queue
[2024-05-12T00:41:19.499+0000] {logging_mixin.py:188} INFO - [2024-05-12T00:41:19.498+0000] {dagbag.py:545} INFO - Filling up the DagBag from /home/airflow/.local/lib/python3.12/site-packages/airflow/example_dags/example_task_group.py
[2024-05-12T00:41:19.502+0000] {processor.py:840} INFO - DAG(s) 'example_task_group' retrieved from /home/airflow/.local/lib/python3.12/site-packages/airflow/example_dags/example_task_group.py
[2024-05-12T00:41:19.513+0000] {logging_mixin.py:188} INFO - [2024-05-12T00:41:19.513+0000] {dag.py:3096} INFO - Sync 1 DAGs
[2024-05-12T00:41:19.524+0000] {logging_mixin.py:188} INFO - [2024-05-12T00:41:19.523+0000] {dag.py:3954} INFO - Setting next_dagrun for example_task_group to 2024-05-11 00:00:00+00:00, run_after=2024-05-12 00:00:00+00:00
[2024-05-12T00:41:19.532+0000] {processor.py:183} INFO - Processing /home/airflow/.local/lib/python3.12/site-packages/airflow/example_dags/example_task_group.py took 0.039 seconds
[2024-05-12T00:41:50.188+0000] {processor.py:161} INFO - Started process (PID=6659) to work on /home/airflow/.local/lib/python3.12/site-packages/airflow/example_dags/example_task_group.py
[2024-05-12T00:41:50.189+0000] {processor.py:830} INFO - Processing file /home/airflow/.local/lib/python3.12/site-packages/airflow/example_dags/example_task_group.py for tasks to queue
[2024-05-12T00:41:50.190+0000] {logging_mixin.py:188} INFO - [2024-05-12T00:41:50.190+0000] {dagbag.py:545} INFO - Filling up the DagBag from /home/airflow/.local/lib/python3.12/site-packages/airflow/example_dags/example_task_group.py
[2024-05-12T00:41:50.193+0000] {processor.py:840} INFO - DAG(s) 'example_task_group' retrieved from /home/airflow/.local/lib/python3.12/site-packages/airflow/example_dags/example_task_group.py
[2024-05-12T00:41:50.204+0000] {logging_mixin.py:188} INFO - [2024-05-12T00:41:50.204+0000] {dag.py:3096} INFO - Sync 1 DAGs
[2024-05-12T00:41:50.214+0000] {logging_mixin.py:188} INFO - [2024-05-12T00:41:50.214+0000] {dag.py:3954} INFO - Setting next_dagrun for example_task_group to 2024-05-11 00:00:00+00:00, run_after=2024-05-12 00:00:00+00:00
[2024-05-12T00:41:50.222+0000] {processor.py:183} INFO - Processing /home/airflow/.local/lib/python3.12/site-packages/airflow/example_dags/example_task_group.py took 0.037 seconds
[2024-05-12T00:42:20.876+0000] {processor.py:161} INFO - Started process (PID=6921) to work on /home/airflow/.local/lib/python3.12/site-packages/airflow/example_dags/example_task_group.py
[2024-05-12T00:42:20.880+0000] {processor.py:830} INFO - Processing file /home/airflow/.local/lib/python3.12/site-packages/airflow/example_dags/example_task_group.py for tasks to queue
[2024-05-12T00:42:20.881+0000] {logging_mixin.py:188} INFO - [2024-05-12T00:42:20.881+0000] {dagbag.py:545} INFO - Filling up the DagBag from /home/airflow/.local/lib/python3.12/site-packages/airflow/example_dags/example_task_group.py
[2024-05-12T00:42:20.885+0000] {processor.py:840} INFO - DAG(s) 'example_task_group' retrieved from /home/airflow/.local/lib/python3.12/site-packages/airflow/example_dags/example_task_group.py
[2024-05-12T00:42:20.896+0000] {logging_mixin.py:188} INFO - [2024-05-12T00:42:20.896+0000] {dag.py:3096} INFO - Sync 1 DAGs
[2024-05-12T00:42:20.908+0000] {logging_mixin.py:188} INFO - [2024-05-12T00:42:20.907+0000] {dag.py:3954} INFO - Setting next_dagrun for example_task_group to 2024-05-11 00:00:00+00:00, run_after=2024-05-12 00:00:00+00:00
[2024-05-12T00:42:20.918+0000] {processor.py:183} INFO - Processing /home/airflow/.local/lib/python3.12/site-packages/airflow/example_dags/example_task_group.py took 0.046 seconds
[2024-05-12T00:42:51.652+0000] {processor.py:161} INFO - Started process (PID=7183) to work on /home/airflow/.local/lib/python3.12/site-packages/airflow/example_dags/example_task_group.py
[2024-05-12T00:42:51.653+0000] {processor.py:830} INFO - Processing file /home/airflow/.local/lib/python3.12/site-packages/airflow/example_dags/example_task_group.py for tasks to queue
[2024-05-12T00:42:51.654+0000] {logging_mixin.py:188} INFO - [2024-05-12T00:42:51.654+0000] {dagbag.py:545} INFO - Filling up the DagBag from /home/airflow/.local/lib/python3.12/site-packages/airflow/example_dags/example_task_group.py
[2024-05-12T00:42:51.657+0000] {processor.py:840} INFO - DAG(s) 'example_task_group' retrieved from /home/airflow/.local/lib/python3.12/site-packages/airflow/example_dags/example_task_group.py
[2024-05-12T00:42:51.668+0000] {logging_mixin.py:188} INFO - [2024-05-12T00:42:51.668+0000] {dag.py:3096} INFO - Sync 1 DAGs
[2024-05-12T00:42:51.678+0000] {logging_mixin.py:188} INFO - [2024-05-12T00:42:51.678+0000] {dag.py:3954} INFO - Setting next_dagrun for example_task_group to 2024-05-11 00:00:00+00:00, run_after=2024-05-12 00:00:00+00:00
[2024-05-12T00:42:51.687+0000] {processor.py:183} INFO - Processing /home/airflow/.local/lib/python3.12/site-packages/airflow/example_dags/example_task_group.py took 0.038 seconds
[2024-05-12T00:43:22.422+0000] {processor.py:161} INFO - Started process (PID=7445) to work on /home/airflow/.local/lib/python3.12/site-packages/airflow/example_dags/example_task_group.py
[2024-05-12T00:43:22.423+0000] {processor.py:830} INFO - Processing file /home/airflow/.local/lib/python3.12/site-packages/airflow/example_dags/example_task_group.py for tasks to queue
[2024-05-12T00:43:22.424+0000] {logging_mixin.py:188} INFO - [2024-05-12T00:43:22.424+0000] {dagbag.py:545} INFO - Filling up the DagBag from /home/airflow/.local/lib/python3.12/site-packages/airflow/example_dags/example_task_group.py
[2024-05-12T00:43:22.428+0000] {processor.py:840} INFO - DAG(s) 'example_task_group' retrieved from /home/airflow/.local/lib/python3.12/site-packages/airflow/example_dags/example_task_group.py
[2024-05-12T00:43:22.439+0000] {logging_mixin.py:188} INFO - [2024-05-12T00:43:22.439+0000] {dag.py:3096} INFO - Sync 1 DAGs
[2024-05-12T00:43:22.451+0000] {logging_mixin.py:188} INFO - [2024-05-12T00:43:22.451+0000] {dag.py:3954} INFO - Setting next_dagrun for example_task_group to 2024-05-11 00:00:00+00:00, run_after=2024-05-12 00:00:00+00:00
[2024-05-12T00:43:22.460+0000] {processor.py:183} INFO - Processing /home/airflow/.local/lib/python3.12/site-packages/airflow/example_dags/example_task_group.py took 0.041 seconds
[2024-05-12T00:43:53.161+0000] {processor.py:161} INFO - Started process (PID=7707) to work on /home/airflow/.local/lib/python3.12/site-packages/airflow/example_dags/example_task_group.py
[2024-05-12T00:43:53.161+0000] {processor.py:830} INFO - Processing file /home/airflow/.local/lib/python3.12/site-packages/airflow/example_dags/example_task_group.py for tasks to queue
[2024-05-12T00:43:53.162+0000] {logging_mixin.py:188} INFO - [2024-05-12T00:43:53.162+0000] {dagbag.py:545} INFO - Filling up the DagBag from /home/airflow/.local/lib/python3.12/site-packages/airflow/example_dags/example_task_group.py
[2024-05-12T00:43:53.166+0000] {processor.py:840} INFO - DAG(s) 'example_task_group' retrieved from /home/airflow/.local/lib/python3.12/site-packages/airflow/example_dags/example_task_group.py
[2024-05-12T00:43:53.177+0000] {logging_mixin.py:188} INFO - [2024-05-12T00:43:53.177+0000] {dag.py:3096} INFO - Sync 1 DAGs
[2024-05-12T00:43:53.187+0000] {logging_mixin.py:188} INFO - [2024-05-12T00:43:53.187+0000] {dag.py:3954} INFO - Setting next_dagrun for example_task_group to 2024-05-11 00:00:00+00:00, run_after=2024-05-12 00:00:00+00:00
[2024-05-12T00:43:53.196+0000] {processor.py:183} INFO - Processing /home/airflow/.local/lib/python3.12/site-packages/airflow/example_dags/example_task_group.py took 0.038 seconds
[2024-05-12T00:44:23.894+0000] {processor.py:161} INFO - Started process (PID=7968) to work on /home/airflow/.local/lib/python3.12/site-packages/airflow/example_dags/example_task_group.py
[2024-05-12T00:44:23.895+0000] {processor.py:830} INFO - Processing file /home/airflow/.local/lib/python3.12/site-packages/airflow/example_dags/example_task_group.py for tasks to queue
[2024-05-12T00:44:23.896+0000] {logging_mixin.py:188} INFO - [2024-05-12T00:44:23.896+0000] {dagbag.py:545} INFO - Filling up the DagBag from /home/airflow/.local/lib/python3.12/site-packages/airflow/example_dags/example_task_group.py
[2024-05-12T00:44:23.900+0000] {processor.py:840} INFO - DAG(s) 'example_task_group' retrieved from /home/airflow/.local/lib/python3.12/site-packages/airflow/example_dags/example_task_group.py
[2024-05-12T00:44:23.911+0000] {logging_mixin.py:188} INFO - [2024-05-12T00:44:23.911+0000] {dag.py:3096} INFO - Sync 1 DAGs
[2024-05-12T00:44:23.922+0000] {logging_mixin.py:188} INFO - [2024-05-12T00:44:23.922+0000] {dag.py:3954} INFO - Setting next_dagrun for example_task_group to 2024-05-11 00:00:00+00:00, run_after=2024-05-12 00:00:00+00:00
[2024-05-12T00:44:23.931+0000] {processor.py:183} INFO - Processing /home/airflow/.local/lib/python3.12/site-packages/airflow/example_dags/example_task_group.py took 0.040 seconds
[2024-05-12T00:44:54.785+0000] {processor.py:161} INFO - Started process (PID=8230) to work on /home/airflow/.local/lib/python3.12/site-packages/airflow/example_dags/example_task_group.py
[2024-05-12T00:44:54.786+0000] {processor.py:830} INFO - Processing file /home/airflow/.local/lib/python3.12/site-packages/airflow/example_dags/example_task_group.py for tasks to queue
[2024-05-12T00:44:54.787+0000] {logging_mixin.py:188} INFO - [2024-05-12T00:44:54.787+0000] {dagbag.py:545} INFO - Filling up the DagBag from /home/airflow/.local/lib/python3.12/site-packages/airflow/example_dags/example_task_group.py
[2024-05-12T00:44:54.791+0000] {processor.py:840} INFO - DAG(s) 'example_task_group' retrieved from /home/airflow/.local/lib/python3.12/site-packages/airflow/example_dags/example_task_group.py
[2024-05-12T00:44:54.803+0000] {logging_mixin.py:188} INFO - [2024-05-12T00:44:54.803+0000] {dag.py:3096} INFO - Sync 1 DAGs
[2024-05-12T00:44:54.814+0000] {logging_mixin.py:188} INFO - [2024-05-12T00:44:54.814+0000] {dag.py:3954} INFO - Setting next_dagrun for example_task_group to 2024-05-11 00:00:00+00:00, run_after=2024-05-12 00:00:00+00:00
[2024-05-12T00:44:54.823+0000] {processor.py:183} INFO - Processing /home/airflow/.local/lib/python3.12/site-packages/airflow/example_dags/example_task_group.py took 0.041 seconds
[2024-05-12T00:45:25.403+0000] {processor.py:161} INFO - Started process (PID=8491) to work on /home/airflow/.local/lib/python3.12/site-packages/airflow/example_dags/example_task_group.py
[2024-05-12T00:45:25.404+0000] {processor.py:830} INFO - Processing file /home/airflow/.local/lib/python3.12/site-packages/airflow/example_dags/example_task_group.py for tasks to queue
[2024-05-12T00:45:25.405+0000] {logging_mixin.py:188} INFO - [2024-05-12T00:45:25.405+0000] {dagbag.py:545} INFO - Filling up the DagBag from /home/airflow/.local/lib/python3.12/site-packages/airflow/example_dags/example_task_group.py
[2024-05-12T00:45:25.409+0000] {processor.py:840} INFO - DAG(s) 'example_task_group' retrieved from /home/airflow/.local/lib/python3.12/site-packages/airflow/example_dags/example_task_group.py
[2024-05-12T00:45:25.419+0000] {logging_mixin.py:188} INFO - [2024-05-12T00:45:25.419+0000] {dag.py:3096} INFO - Sync 1 DAGs
[2024-05-12T00:45:25.429+0000] {logging_mixin.py:188} INFO - [2024-05-12T00:45:25.429+0000] {dag.py:3954} INFO - Setting next_dagrun for example_task_group to 2024-05-11 00:00:00+00:00, run_after=2024-05-12 00:00:00+00:00
[2024-05-12T00:45:25.438+0000] {processor.py:183} INFO - Processing /home/airflow/.local/lib/python3.12/site-packages/airflow/example_dags/example_task_group.py took 0.037 seconds
[2024-05-12T00:45:56.117+0000] {processor.py:161} INFO - Started process (PID=8753) to work on /home/airflow/.local/lib/python3.12/site-packages/airflow/example_dags/example_task_group.py
[2024-05-12T00:45:56.118+0000] {processor.py:830} INFO - Processing file /home/airflow/.local/lib/python3.12/site-packages/airflow/example_dags/example_task_group.py for tasks to queue
[2024-05-12T00:45:56.119+0000] {logging_mixin.py:188} INFO - [2024-05-12T00:45:56.118+0000] {dagbag.py:545} INFO - Filling up the DagBag from /home/airflow/.local/lib/python3.12/site-packages/airflow/example_dags/example_task_group.py
[2024-05-12T00:45:56.122+0000] {processor.py:840} INFO - DAG(s) 'example_task_group' retrieved from /home/airflow/.local/lib/python3.12/site-packages/airflow/example_dags/example_task_group.py
[2024-05-12T00:45:56.133+0000] {logging_mixin.py:188} INFO - [2024-05-12T00:45:56.133+0000] {dag.py:3096} INFO - Sync 1 DAGs
[2024-05-12T00:45:56.144+0000] {logging_mixin.py:188} INFO - [2024-05-12T00:45:56.144+0000] {dag.py:3954} INFO - Setting next_dagrun for example_task_group to 2024-05-11 00:00:00+00:00, run_after=2024-05-12 00:00:00+00:00
[2024-05-12T00:45:56.153+0000] {processor.py:183} INFO - Processing /home/airflow/.local/lib/python3.12/site-packages/airflow/example_dags/example_task_group.py took 0.039 seconds
[2024-05-12T00:46:26.973+0000] {processor.py:161} INFO - Started process (PID=9015) to work on /home/airflow/.local/lib/python3.12/site-packages/airflow/example_dags/example_task_group.py
[2024-05-12T00:46:26.974+0000] {processor.py:830} INFO - Processing file /home/airflow/.local/lib/python3.12/site-packages/airflow/example_dags/example_task_group.py for tasks to queue
[2024-05-12T00:46:26.975+0000] {logging_mixin.py:188} INFO - [2024-05-12T00:46:26.974+0000] {dagbag.py:545} INFO - Filling up the DagBag from /home/airflow/.local/lib/python3.12/site-packages/airflow/example_dags/example_task_group.py
[2024-05-12T00:46:26.978+0000] {processor.py:840} INFO - DAG(s) 'example_task_group' retrieved from /home/airflow/.local/lib/python3.12/site-packages/airflow/example_dags/example_task_group.py
[2024-05-12T00:46:26.990+0000] {logging_mixin.py:188} INFO - [2024-05-12T00:46:26.990+0000] {dag.py:3096} INFO - Sync 1 DAGs
[2024-05-12T00:46:27.000+0000] {logging_mixin.py:188} INFO - [2024-05-12T00:46:27.000+0000] {dag.py:3954} INFO - Setting next_dagrun for example_task_group to 2024-05-11 00:00:00+00:00, run_after=2024-05-12 00:00:00+00:00
[2024-05-12T00:46:27.009+0000] {processor.py:183} INFO - Processing /home/airflow/.local/lib/python3.12/site-packages/airflow/example_dags/example_task_group.py took 0.039 seconds
[2024-05-12T00:46:57.895+0000] {processor.py:161} INFO - Started process (PID=9279) to work on /home/airflow/.local/lib/python3.12/site-packages/airflow/example_dags/example_task_group.py
[2024-05-12T00:46:57.896+0000] {processor.py:830} INFO - Processing file /home/airflow/.local/lib/python3.12/site-packages/airflow/example_dags/example_task_group.py for tasks to queue
[2024-05-12T00:46:57.897+0000] {logging_mixin.py:188} INFO - [2024-05-12T00:46:57.897+0000] {dagbag.py:545} INFO - Filling up the DagBag from /home/airflow/.local/lib/python3.12/site-packages/airflow/example_dags/example_task_group.py
[2024-05-12T00:46:57.901+0000] {processor.py:840} INFO - DAG(s) 'example_task_group' retrieved from /home/airflow/.local/lib/python3.12/site-packages/airflow/example_dags/example_task_group.py
[2024-05-12T00:46:57.911+0000] {logging_mixin.py:188} INFO - [2024-05-12T00:46:57.911+0000] {dag.py:3096} INFO - Sync 1 DAGs
[2024-05-12T00:46:57.921+0000] {logging_mixin.py:188} INFO - [2024-05-12T00:46:57.920+0000] {dag.py:3954} INFO - Setting next_dagrun for example_task_group to 2024-05-11 00:00:00+00:00, run_after=2024-05-12 00:00:00+00:00
[2024-05-12T00:46:57.929+0000] {processor.py:183} INFO - Processing /home/airflow/.local/lib/python3.12/site-packages/airflow/example_dags/example_task_group.py took 0.037 seconds
[2024-05-12T00:47:28.793+0000] {processor.py:161} INFO - Started process (PID=9538) to work on /home/airflow/.local/lib/python3.12/site-packages/airflow/example_dags/example_task_group.py
[2024-05-12T00:47:28.794+0000] {processor.py:830} INFO - Processing file /home/airflow/.local/lib/python3.12/site-packages/airflow/example_dags/example_task_group.py for tasks to queue
[2024-05-12T00:47:28.795+0000] {logging_mixin.py:188} INFO - [2024-05-12T00:47:28.795+0000] {dagbag.py:545} INFO - Filling up the DagBag from /home/airflow/.local/lib/python3.12/site-packages/airflow/example_dags/example_task_group.py
[2024-05-12T00:47:28.798+0000] {processor.py:840} INFO - DAG(s) 'example_task_group' retrieved from /home/airflow/.local/lib/python3.12/site-packages/airflow/example_dags/example_task_group.py
[2024-05-12T00:47:28.809+0000] {logging_mixin.py:188} INFO - [2024-05-12T00:47:28.809+0000] {dag.py:3096} INFO - Sync 1 DAGs
[2024-05-12T00:47:28.820+0000] {logging_mixin.py:188} INFO - [2024-05-12T00:47:28.820+0000] {dag.py:3954} INFO - Setting next_dagrun for example_task_group to 2024-05-11 00:00:00+00:00, run_after=2024-05-12 00:00:00+00:00
[2024-05-12T00:47:28.828+0000] {processor.py:183} INFO - Processing /home/airflow/.local/lib/python3.12/site-packages/airflow/example_dags/example_task_group.py took 0.038 seconds
[2024-05-12T00:47:59.593+0000] {processor.py:161} INFO - Started process (PID=9800) to work on /home/airflow/.local/lib/python3.12/site-packages/airflow/example_dags/example_task_group.py
[2024-05-12T00:47:59.593+0000] {processor.py:830} INFO - Processing file /home/airflow/.local/lib/python3.12/site-packages/airflow/example_dags/example_task_group.py for tasks to queue
[2024-05-12T00:47:59.594+0000] {logging_mixin.py:188} INFO - [2024-05-12T00:47:59.594+0000] {dagbag.py:545} INFO - Filling up the DagBag from /home/airflow/.local/lib/python3.12/site-packages/airflow/example_dags/example_task_group.py
[2024-05-12T00:47:59.598+0000] {processor.py:840} INFO - DAG(s) 'example_task_group' retrieved from /home/airflow/.local/lib/python3.12/site-packages/airflow/example_dags/example_task_group.py
[2024-05-12T00:47:59.608+0000] {logging_mixin.py:188} INFO - [2024-05-12T00:47:59.608+0000] {dag.py:3096} INFO - Sync 1 DAGs
[2024-05-12T00:47:59.619+0000] {logging_mixin.py:188} INFO - [2024-05-12T00:47:59.619+0000] {dag.py:3954} INFO - Setting next_dagrun for example_task_group to 2024-05-11 00:00:00+00:00, run_after=2024-05-12 00:00:00+00:00
[2024-05-12T00:47:59.629+0000] {processor.py:183} INFO - Processing /home/airflow/.local/lib/python3.12/site-packages/airflow/example_dags/example_task_group.py took 0.040 seconds
[2024-05-12T00:48:30.394+0000] {processor.py:161} INFO - Started process (PID=10062) to work on /home/airflow/.local/lib/python3.12/site-packages/airflow/example_dags/example_task_group.py
[2024-05-12T00:48:30.395+0000] {processor.py:830} INFO - Processing file /home/airflow/.local/lib/python3.12/site-packages/airflow/example_dags/example_task_group.py for tasks to queue
[2024-05-12T00:48:30.396+0000] {logging_mixin.py:188} INFO - [2024-05-12T00:48:30.395+0000] {dagbag.py:545} INFO - Filling up the DagBag from /home/airflow/.local/lib/python3.12/site-packages/airflow/example_dags/example_task_group.py
[2024-05-12T00:48:30.399+0000] {processor.py:840} INFO - DAG(s) 'example_task_group' retrieved from /home/airflow/.local/lib/python3.12/site-packages/airflow/example_dags/example_task_group.py
[2024-05-12T00:48:30.410+0000] {logging_mixin.py:188} INFO - [2024-05-12T00:48:30.410+0000] {dag.py:3096} INFO - Sync 1 DAGs
[2024-05-12T00:48:30.420+0000] {logging_mixin.py:188} INFO - [2024-05-12T00:48:30.420+0000] {dag.py:3954} INFO - Setting next_dagrun for example_task_group to 2024-05-11 00:00:00+00:00, run_after=2024-05-12 00:00:00+00:00
[2024-05-12T00:48:30.515+0000] {processor.py:183} INFO - Processing /home/airflow/.local/lib/python3.12/site-packages/airflow/example_dags/example_task_group.py took 0.124 seconds
[2024-05-12T00:49:01.496+0000] {processor.py:161} INFO - Started process (PID=10324) to work on /home/airflow/.local/lib/python3.12/site-packages/airflow/example_dags/example_task_group.py
[2024-05-12T00:49:01.497+0000] {processor.py:830} INFO - Processing file /home/airflow/.local/lib/python3.12/site-packages/airflow/example_dags/example_task_group.py for tasks to queue
[2024-05-12T00:49:01.499+0000] {logging_mixin.py:188} INFO - [2024-05-12T00:49:01.499+0000] {dagbag.py:545} INFO - Filling up the DagBag from /home/airflow/.local/lib/python3.12/site-packages/airflow/example_dags/example_task_group.py
[2024-05-12T00:49:01.504+0000] {processor.py:840} INFO - DAG(s) 'example_task_group' retrieved from /home/airflow/.local/lib/python3.12/site-packages/airflow/example_dags/example_task_group.py
[2024-05-12T00:49:01.518+0000] {logging_mixin.py:188} INFO - [2024-05-12T00:49:01.518+0000] {dag.py:3096} INFO - Sync 1 DAGs
[2024-05-12T00:49:01.530+0000] {logging_mixin.py:188} INFO - [2024-05-12T00:49:01.530+0000] {dag.py:3954} INFO - Setting next_dagrun for example_task_group to 2024-05-11 00:00:00+00:00, run_after=2024-05-12 00:00:00+00:00
[2024-05-12T00:49:01.540+0000] {processor.py:183} INFO - Processing /home/airflow/.local/lib/python3.12/site-packages/airflow/example_dags/example_task_group.py took 0.051 seconds
[2024-05-12T01:06:46.265+0000] {processor.py:161} INFO - Started process (PID=10586) to work on /home/airflow/.local/lib/python3.12/site-packages/airflow/example_dags/example_task_group.py
[2024-05-12T01:06:46.265+0000] {processor.py:830} INFO - Processing file /home/airflow/.local/lib/python3.12/site-packages/airflow/example_dags/example_task_group.py for tasks to queue
[2024-05-12T01:06:46.266+0000] {logging_mixin.py:188} INFO - [2024-05-12T01:06:46.266+0000] {dagbag.py:545} INFO - Filling up the DagBag from /home/airflow/.local/lib/python3.12/site-packages/airflow/example_dags/example_task_group.py
[2024-05-12T01:06:46.270+0000] {processor.py:840} INFO - DAG(s) 'example_task_group' retrieved from /home/airflow/.local/lib/python3.12/site-packages/airflow/example_dags/example_task_group.py
[2024-05-12T01:06:46.280+0000] {logging_mixin.py:188} INFO - [2024-05-12T01:06:46.280+0000] {dag.py:3096} INFO - Sync 1 DAGs
[2024-05-12T01:06:46.290+0000] {logging_mixin.py:188} INFO - [2024-05-12T01:06:46.290+0000] {dag.py:3954} INFO - Setting next_dagrun for example_task_group to 2024-05-11 00:00:00+00:00, run_after=2024-05-12 00:00:00+00:00
[2024-05-12T01:06:46.299+0000] {processor.py:183} INFO - Processing /home/airflow/.local/lib/python3.12/site-packages/airflow/example_dags/example_task_group.py took 0.037 seconds
[2024-05-12T01:10:18.545+0000] {processor.py:161} INFO - Started process (PID=10847) to work on /home/airflow/.local/lib/python3.12/site-packages/airflow/example_dags/example_task_group.py
[2024-05-12T01:10:18.546+0000] {processor.py:830} INFO - Processing file /home/airflow/.local/lib/python3.12/site-packages/airflow/example_dags/example_task_group.py for tasks to queue
[2024-05-12T01:10:18.547+0000] {logging_mixin.py:188} INFO - [2024-05-12T01:10:18.547+0000] {dagbag.py:545} INFO - Filling up the DagBag from /home/airflow/.local/lib/python3.12/site-packages/airflow/example_dags/example_task_group.py
[2024-05-12T01:10:18.551+0000] {processor.py:840} INFO - DAG(s) 'example_task_group' retrieved from /home/airflow/.local/lib/python3.12/site-packages/airflow/example_dags/example_task_group.py
[2024-05-12T01:10:18.563+0000] {logging_mixin.py:188} INFO - [2024-05-12T01:10:18.562+0000] {dag.py:3096} INFO - Sync 1 DAGs
[2024-05-12T01:10:18.574+0000] {logging_mixin.py:188} INFO - [2024-05-12T01:10:18.574+0000] {dag.py:3954} INFO - Setting next_dagrun for example_task_group to 2024-05-11 00:00:00+00:00, run_after=2024-05-12 00:00:00+00:00
[2024-05-12T01:10:18.584+0000] {processor.py:183} INFO - Processing /home/airflow/.local/lib/python3.12/site-packages/airflow/example_dags/example_task_group.py took 0.042 seconds
[2024-05-12T01:10:50.089+0000] {processor.py:161} INFO - Started process (PID=11109) to work on /home/airflow/.local/lib/python3.12/site-packages/airflow/example_dags/example_task_group.py
[2024-05-12T01:10:50.089+0000] {processor.py:830} INFO - Processing file /home/airflow/.local/lib/python3.12/site-packages/airflow/example_dags/example_task_group.py for tasks to queue
[2024-05-12T01:10:50.092+0000] {logging_mixin.py:188} INFO - [2024-05-12T01:10:50.091+0000] {dagbag.py:545} INFO - Filling up the DagBag from /home/airflow/.local/lib/python3.12/site-packages/airflow/example_dags/example_task_group.py
[2024-05-12T01:10:50.096+0000] {processor.py:840} INFO - DAG(s) 'example_task_group' retrieved from /home/airflow/.local/lib/python3.12/site-packages/airflow/example_dags/example_task_group.py
[2024-05-12T01:10:50.108+0000] {logging_mixin.py:188} INFO - [2024-05-12T01:10:50.107+0000] {dag.py:3096} INFO - Sync 1 DAGs
[2024-05-12T01:10:50.120+0000] {logging_mixin.py:188} INFO - [2024-05-12T01:10:50.120+0000] {dag.py:3954} INFO - Setting next_dagrun for example_task_group to 2024-05-11 00:00:00+00:00, run_after=2024-05-12 00:00:00+00:00
[2024-05-12T01:10:50.133+0000] {processor.py:183} INFO - Processing /home/airflow/.local/lib/python3.12/site-packages/airflow/example_dags/example_task_group.py took 0.048 seconds
[2024-05-12T01:11:20.576+0000] {processor.py:161} INFO - Started process (PID=11371) to work on /home/airflow/.local/lib/python3.12/site-packages/airflow/example_dags/example_task_group.py
[2024-05-12T01:11:20.577+0000] {processor.py:830} INFO - Processing file /home/airflow/.local/lib/python3.12/site-packages/airflow/example_dags/example_task_group.py for tasks to queue
[2024-05-12T01:11:20.578+0000] {logging_mixin.py:188} INFO - [2024-05-12T01:11:20.578+0000] {dagbag.py:545} INFO - Filling up the DagBag from /home/airflow/.local/lib/python3.12/site-packages/airflow/example_dags/example_task_group.py
[2024-05-12T01:11:20.583+0000] {processor.py:840} INFO - DAG(s) 'example_task_group' retrieved from /home/airflow/.local/lib/python3.12/site-packages/airflow/example_dags/example_task_group.py
[2024-05-12T01:11:20.696+0000] {logging_mixin.py:188} INFO - [2024-05-12T01:11:20.695+0000] {dag.py:3096} INFO - Sync 1 DAGs
[2024-05-12T01:11:20.705+0000] {logging_mixin.py:188} INFO - [2024-05-12T01:11:20.705+0000] {dag.py:3954} INFO - Setting next_dagrun for example_task_group to 2024-05-11 00:00:00+00:00, run_after=2024-05-12 00:00:00+00:00
[2024-05-12T01:11:20.714+0000] {processor.py:183} INFO - Processing /home/airflow/.local/lib/python3.12/site-packages/airflow/example_dags/example_task_group.py took 0.142 seconds
[2024-05-12T01:11:51.642+0000] {processor.py:161} INFO - Started process (PID=11633) to work on /home/airflow/.local/lib/python3.12/site-packages/airflow/example_dags/example_task_group.py
[2024-05-12T01:11:51.644+0000] {processor.py:830} INFO - Processing file /home/airflow/.local/lib/python3.12/site-packages/airflow/example_dags/example_task_group.py for tasks to queue
[2024-05-12T01:11:51.646+0000] {logging_mixin.py:188} INFO - [2024-05-12T01:11:51.645+0000] {dagbag.py:545} INFO - Filling up the DagBag from /home/airflow/.local/lib/python3.12/site-packages/airflow/example_dags/example_task_group.py
[2024-05-12T01:11:51.652+0000] {processor.py:840} INFO - DAG(s) 'example_task_group' retrieved from /home/airflow/.local/lib/python3.12/site-packages/airflow/example_dags/example_task_group.py
[2024-05-12T01:11:51.667+0000] {logging_mixin.py:188} INFO - [2024-05-12T01:11:51.667+0000] {dag.py:3096} INFO - Sync 1 DAGs
[2024-05-12T01:11:51.680+0000] {logging_mixin.py:188} INFO - [2024-05-12T01:11:51.679+0000] {dag.py:3954} INFO - Setting next_dagrun for example_task_group to 2024-05-11 00:00:00+00:00, run_after=2024-05-12 00:00:00+00:00
[2024-05-12T01:11:51.689+0000] {processor.py:183} INFO - Processing /home/airflow/.local/lib/python3.12/site-packages/airflow/example_dags/example_task_group.py took 0.053 seconds
[2024-05-12T01:12:22.575+0000] {processor.py:161} INFO - Started process (PID=11895) to work on /home/airflow/.local/lib/python3.12/site-packages/airflow/example_dags/example_task_group.py
[2024-05-12T01:12:22.576+0000] {processor.py:830} INFO - Processing file /home/airflow/.local/lib/python3.12/site-packages/airflow/example_dags/example_task_group.py for tasks to queue
[2024-05-12T01:12:22.578+0000] {logging_mixin.py:188} INFO - [2024-05-12T01:12:22.577+0000] {dagbag.py:545} INFO - Filling up the DagBag from /home/airflow/.local/lib/python3.12/site-packages/airflow/example_dags/example_task_group.py
[2024-05-12T01:12:22.584+0000] {processor.py:840} INFO - DAG(s) 'example_task_group' retrieved from /home/airflow/.local/lib/python3.12/site-packages/airflow/example_dags/example_task_group.py
[2024-05-12T01:12:22.598+0000] {logging_mixin.py:188} INFO - [2024-05-12T01:12:22.598+0000] {dag.py:3096} INFO - Sync 1 DAGs
[2024-05-12T01:12:22.610+0000] {logging_mixin.py:188} INFO - [2024-05-12T01:12:22.610+0000] {dag.py:3954} INFO - Setting next_dagrun for example_task_group to 2024-05-11 00:00:00+00:00, run_after=2024-05-12 00:00:00+00:00
[2024-05-12T01:12:22.620+0000] {processor.py:183} INFO - Processing /home/airflow/.local/lib/python3.12/site-packages/airflow/example_dags/example_task_group.py took 0.052 seconds
[2024-05-12T01:12:53.507+0000] {processor.py:161} INFO - Started process (PID=12157) to work on /home/airflow/.local/lib/python3.12/site-packages/airflow/example_dags/example_task_group.py
[2024-05-12T01:12:53.508+0000] {processor.py:830} INFO - Processing file /home/airflow/.local/lib/python3.12/site-packages/airflow/example_dags/example_task_group.py for tasks to queue
[2024-05-12T01:12:53.510+0000] {logging_mixin.py:188} INFO - [2024-05-12T01:12:53.510+0000] {dagbag.py:545} INFO - Filling up the DagBag from /home/airflow/.local/lib/python3.12/site-packages/airflow/example_dags/example_task_group.py
[2024-05-12T01:12:53.516+0000] {processor.py:840} INFO - DAG(s) 'example_task_group' retrieved from /home/airflow/.local/lib/python3.12/site-packages/airflow/example_dags/example_task_group.py
[2024-05-12T01:12:53.532+0000] {logging_mixin.py:188} INFO - [2024-05-12T01:12:53.532+0000] {dag.py:3096} INFO - Sync 1 DAGs
[2024-05-12T01:12:53.544+0000] {logging_mixin.py:188} INFO - [2024-05-12T01:12:53.544+0000] {dag.py:3954} INFO - Setting next_dagrun for example_task_group to 2024-05-11 00:00:00+00:00, run_after=2024-05-12 00:00:00+00:00
[2024-05-12T01:12:53.554+0000] {processor.py:183} INFO - Processing /home/airflow/.local/lib/python3.12/site-packages/airflow/example_dags/example_task_group.py took 0.054 seconds
[2024-05-12T01:13:24.386+0000] {processor.py:161} INFO - Started process (PID=12418) to work on /home/airflow/.local/lib/python3.12/site-packages/airflow/example_dags/example_task_group.py
[2024-05-12T01:13:24.387+0000] {processor.py:830} INFO - Processing file /home/airflow/.local/lib/python3.12/site-packages/airflow/example_dags/example_task_group.py for tasks to queue
[2024-05-12T01:13:24.389+0000] {logging_mixin.py:188} INFO - [2024-05-12T01:13:24.389+0000] {dagbag.py:545} INFO - Filling up the DagBag from /home/airflow/.local/lib/python3.12/site-packages/airflow/example_dags/example_task_group.py
[2024-05-12T01:13:24.397+0000] {processor.py:840} INFO - DAG(s) 'example_task_group' retrieved from /home/airflow/.local/lib/python3.12/site-packages/airflow/example_dags/example_task_group.py
[2024-05-12T01:13:24.412+0000] {logging_mixin.py:188} INFO - [2024-05-12T01:13:24.412+0000] {dag.py:3096} INFO - Sync 1 DAGs
[2024-05-12T01:13:24.424+0000] {logging_mixin.py:188} INFO - [2024-05-12T01:13:24.424+0000] {dag.py:3954} INFO - Setting next_dagrun for example_task_group to 2024-05-11 00:00:00+00:00, run_after=2024-05-12 00:00:00+00:00
[2024-05-12T01:13:24.434+0000] {processor.py:183} INFO - Processing /home/airflow/.local/lib/python3.12/site-packages/airflow/example_dags/example_task_group.py took 0.054 seconds
[2024-05-12T01:13:55.282+0000] {processor.py:161} INFO - Started process (PID=12680) to work on /home/airflow/.local/lib/python3.12/site-packages/airflow/example_dags/example_task_group.py
[2024-05-12T01:13:55.283+0000] {processor.py:830} INFO - Processing file /home/airflow/.local/lib/python3.12/site-packages/airflow/example_dags/example_task_group.py for tasks to queue
[2024-05-12T01:13:55.285+0000] {logging_mixin.py:188} INFO - [2024-05-12T01:13:55.285+0000] {dagbag.py:545} INFO - Filling up the DagBag from /home/airflow/.local/lib/python3.12/site-packages/airflow/example_dags/example_task_group.py
[2024-05-12T01:13:55.292+0000] {processor.py:840} INFO - DAG(s) 'example_task_group' retrieved from /home/airflow/.local/lib/python3.12/site-packages/airflow/example_dags/example_task_group.py
[2024-05-12T01:13:55.307+0000] {logging_mixin.py:188} INFO - [2024-05-12T01:13:55.307+0000] {dag.py:3096} INFO - Sync 1 DAGs
[2024-05-12T01:13:55.319+0000] {logging_mixin.py:188} INFO - [2024-05-12T01:13:55.319+0000] {dag.py:3954} INFO - Setting next_dagrun for example_task_group to 2024-05-11 00:00:00+00:00, run_after=2024-05-12 00:00:00+00:00
[2024-05-12T01:13:55.329+0000] {processor.py:183} INFO - Processing /home/airflow/.local/lib/python3.12/site-packages/airflow/example_dags/example_task_group.py took 0.053 seconds
[2024-05-12T01:14:26.262+0000] {processor.py:161} INFO - Started process (PID=12941) to work on /home/airflow/.local/lib/python3.12/site-packages/airflow/example_dags/example_task_group.py
[2024-05-12T01:14:26.263+0000] {processor.py:830} INFO - Processing file /home/airflow/.local/lib/python3.12/site-packages/airflow/example_dags/example_task_group.py for tasks to queue
[2024-05-12T01:14:26.264+0000] {logging_mixin.py:188} INFO - [2024-05-12T01:14:26.264+0000] {dagbag.py:545} INFO - Filling up the DagBag from /home/airflow/.local/lib/python3.12/site-packages/airflow/example_dags/example_task_group.py
[2024-05-12T01:14:26.269+0000] {processor.py:840} INFO - DAG(s) 'example_task_group' retrieved from /home/airflow/.local/lib/python3.12/site-packages/airflow/example_dags/example_task_group.py
[2024-05-12T01:14:26.284+0000] {logging_mixin.py:188} INFO - [2024-05-12T01:14:26.284+0000] {dag.py:3096} INFO - Sync 1 DAGs
[2024-05-12T01:14:26.296+0000] {logging_mixin.py:188} INFO - [2024-05-12T01:14:26.296+0000] {dag.py:3954} INFO - Setting next_dagrun for example_task_group to 2024-05-11 00:00:00+00:00, run_after=2024-05-12 00:00:00+00:00
[2024-05-12T01:14:26.305+0000] {processor.py:183} INFO - Processing /home/airflow/.local/lib/python3.12/site-packages/airflow/example_dags/example_task_group.py took 0.050 seconds
[2024-05-12T01:14:57.286+0000] {processor.py:161} INFO - Started process (PID=13203) to work on /home/airflow/.local/lib/python3.12/site-packages/airflow/example_dags/example_task_group.py
[2024-05-12T01:14:57.287+0000] {processor.py:830} INFO - Processing file /home/airflow/.local/lib/python3.12/site-packages/airflow/example_dags/example_task_group.py for tasks to queue
[2024-05-12T01:14:57.289+0000] {logging_mixin.py:188} INFO - [2024-05-12T01:14:57.288+0000] {dagbag.py:545} INFO - Filling up the DagBag from /home/airflow/.local/lib/python3.12/site-packages/airflow/example_dags/example_task_group.py
[2024-05-12T01:14:57.294+0000] {processor.py:840} INFO - DAG(s) 'example_task_group' retrieved from /home/airflow/.local/lib/python3.12/site-packages/airflow/example_dags/example_task_group.py
[2024-05-12T01:14:57.309+0000] {logging_mixin.py:188} INFO - [2024-05-12T01:14:57.309+0000] {dag.py:3096} INFO - Sync 1 DAGs
[2024-05-12T01:14:57.321+0000] {logging_mixin.py:188} INFO - [2024-05-12T01:14:57.321+0000] {dag.py:3954} INFO - Setting next_dagrun for example_task_group to 2024-05-11 00:00:00+00:00, run_after=2024-05-12 00:00:00+00:00
[2024-05-12T01:14:57.331+0000] {processor.py:183} INFO - Processing /home/airflow/.local/lib/python3.12/site-packages/airflow/example_dags/example_task_group.py took 0.052 seconds
[2024-05-12T01:15:28.204+0000] {processor.py:161} INFO - Started process (PID=13465) to work on /home/airflow/.local/lib/python3.12/site-packages/airflow/example_dags/example_task_group.py
[2024-05-12T01:15:28.205+0000] {processor.py:830} INFO - Processing file /home/airflow/.local/lib/python3.12/site-packages/airflow/example_dags/example_task_group.py for tasks to queue
[2024-05-12T01:15:28.207+0000] {logging_mixin.py:188} INFO - [2024-05-12T01:15:28.207+0000] {dagbag.py:545} INFO - Filling up the DagBag from /home/airflow/.local/lib/python3.12/site-packages/airflow/example_dags/example_task_group.py
[2024-05-12T01:15:28.215+0000] {processor.py:840} INFO - DAG(s) 'example_task_group' retrieved from /home/airflow/.local/lib/python3.12/site-packages/airflow/example_dags/example_task_group.py
[2024-05-12T01:15:28.229+0000] {logging_mixin.py:188} INFO - [2024-05-12T01:15:28.229+0000] {dag.py:3096} INFO - Sync 1 DAGs
[2024-05-12T01:15:28.242+0000] {logging_mixin.py:188} INFO - [2024-05-12T01:15:28.242+0000] {dag.py:3954} INFO - Setting next_dagrun for example_task_group to 2024-05-11 00:00:00+00:00, run_after=2024-05-12 00:00:00+00:00
[2024-05-12T01:15:28.251+0000] {processor.py:183} INFO - Processing /home/airflow/.local/lib/python3.12/site-packages/airflow/example_dags/example_task_group.py took 0.053 seconds
[2024-05-12T01:15:59.017+0000] {processor.py:161} INFO - Started process (PID=13727) to work on /home/airflow/.local/lib/python3.12/site-packages/airflow/example_dags/example_task_group.py
[2024-05-12T01:15:59.018+0000] {processor.py:830} INFO - Processing file /home/airflow/.local/lib/python3.12/site-packages/airflow/example_dags/example_task_group.py for tasks to queue
[2024-05-12T01:15:59.020+0000] {logging_mixin.py:188} INFO - [2024-05-12T01:15:59.020+0000] {dagbag.py:545} INFO - Filling up the DagBag from /home/airflow/.local/lib/python3.12/site-packages/airflow/example_dags/example_task_group.py
[2024-05-12T01:15:59.026+0000] {processor.py:840} INFO - DAG(s) 'example_task_group' retrieved from /home/airflow/.local/lib/python3.12/site-packages/airflow/example_dags/example_task_group.py
[2024-05-12T01:15:59.044+0000] {logging_mixin.py:188} INFO - [2024-05-12T01:15:59.044+0000] {dag.py:3096} INFO - Sync 1 DAGs
[2024-05-12T01:15:59.058+0000] {logging_mixin.py:188} INFO - [2024-05-12T01:15:59.058+0000] {dag.py:3954} INFO - Setting next_dagrun for example_task_group to 2024-05-11 00:00:00+00:00, run_after=2024-05-12 00:00:00+00:00
[2024-05-12T01:15:59.067+0000] {processor.py:183} INFO - Processing /home/airflow/.local/lib/python3.12/site-packages/airflow/example_dags/example_task_group.py took 0.054 seconds
[2024-05-12T01:16:29.780+0000] {processor.py:161} INFO - Started process (PID=13989) to work on /home/airflow/.local/lib/python3.12/site-packages/airflow/example_dags/example_task_group.py
[2024-05-12T01:16:29.781+0000] {processor.py:830} INFO - Processing file /home/airflow/.local/lib/python3.12/site-packages/airflow/example_dags/example_task_group.py for tasks to queue
[2024-05-12T01:16:29.782+0000] {logging_mixin.py:188} INFO - [2024-05-12T01:16:29.782+0000] {dagbag.py:545} INFO - Filling up the DagBag from /home/airflow/.local/lib/python3.12/site-packages/airflow/example_dags/example_task_group.py
[2024-05-12T01:16:29.789+0000] {processor.py:840} INFO - DAG(s) 'example_task_group' retrieved from /home/airflow/.local/lib/python3.12/site-packages/airflow/example_dags/example_task_group.py
[2024-05-12T01:16:29.804+0000] {logging_mixin.py:188} INFO - [2024-05-12T01:16:29.804+0000] {dag.py:3096} INFO - Sync 1 DAGs
[2024-05-12T01:16:29.816+0000] {logging_mixin.py:188} INFO - [2024-05-12T01:16:29.816+0000] {dag.py:3954} INFO - Setting next_dagrun for example_task_group to 2024-05-11 00:00:00+00:00, run_after=2024-05-12 00:00:00+00:00
[2024-05-12T01:16:29.825+0000] {processor.py:183} INFO - Processing /home/airflow/.local/lib/python3.12/site-packages/airflow/example_dags/example_task_group.py took 0.052 seconds
[2024-05-12T01:17:00.519+0000] {processor.py:161} INFO - Started process (PID=14250) to work on /home/airflow/.local/lib/python3.12/site-packages/airflow/example_dags/example_task_group.py
[2024-05-12T01:17:00.519+0000] {processor.py:830} INFO - Processing file /home/airflow/.local/lib/python3.12/site-packages/airflow/example_dags/example_task_group.py for tasks to queue
[2024-05-12T01:17:00.520+0000] {logging_mixin.py:188} INFO - [2024-05-12T01:17:00.520+0000] {dagbag.py:545} INFO - Filling up the DagBag from /home/airflow/.local/lib/python3.12/site-packages/airflow/example_dags/example_task_group.py
[2024-05-12T01:17:00.524+0000] {processor.py:840} INFO - DAG(s) 'example_task_group' retrieved from /home/airflow/.local/lib/python3.12/site-packages/airflow/example_dags/example_task_group.py
[2024-05-12T01:17:00.536+0000] {logging_mixin.py:188} INFO - [2024-05-12T01:17:00.535+0000] {dag.py:3096} INFO - Sync 1 DAGs
[2024-05-12T01:17:00.549+0000] {logging_mixin.py:188} INFO - [2024-05-12T01:17:00.549+0000] {dag.py:3954} INFO - Setting next_dagrun for example_task_group to 2024-05-11 00:00:00+00:00, run_after=2024-05-12 00:00:00+00:00
[2024-05-12T01:17:00.559+0000] {processor.py:183} INFO - Processing /home/airflow/.local/lib/python3.12/site-packages/airflow/example_dags/example_task_group.py took 0.043 seconds
[2024-05-12T01:17:31.394+0000] {processor.py:161} INFO - Started process (PID=14513) to work on /home/airflow/.local/lib/python3.12/site-packages/airflow/example_dags/example_task_group.py
[2024-05-12T01:17:31.394+0000] {processor.py:830} INFO - Processing file /home/airflow/.local/lib/python3.12/site-packages/airflow/example_dags/example_task_group.py for tasks to queue
[2024-05-12T01:17:31.396+0000] {logging_mixin.py:188} INFO - [2024-05-12T01:17:31.395+0000] {dagbag.py:545} INFO - Filling up the DagBag from /home/airflow/.local/lib/python3.12/site-packages/airflow/example_dags/example_task_group.py
[2024-05-12T01:17:31.401+0000] {processor.py:840} INFO - DAG(s) 'example_task_group' retrieved from /home/airflow/.local/lib/python3.12/site-packages/airflow/example_dags/example_task_group.py
[2024-05-12T01:17:31.415+0000] {logging_mixin.py:188} INFO - [2024-05-12T01:17:31.415+0000] {dag.py:3096} INFO - Sync 1 DAGs
[2024-05-12T01:17:31.426+0000] {logging_mixin.py:188} INFO - [2024-05-12T01:17:31.426+0000] {dag.py:3954} INFO - Setting next_dagrun for example_task_group to 2024-05-11 00:00:00+00:00, run_after=2024-05-12 00:00:00+00:00
[2024-05-12T01:17:31.436+0000] {processor.py:183} INFO - Processing /home/airflow/.local/lib/python3.12/site-packages/airflow/example_dags/example_task_group.py took 0.047 seconds
[2024-05-12T01:18:02.211+0000] {processor.py:161} INFO - Started process (PID=14775) to work on /home/airflow/.local/lib/python3.12/site-packages/airflow/example_dags/example_task_group.py
[2024-05-12T01:18:02.212+0000] {processor.py:830} INFO - Processing file /home/airflow/.local/lib/python3.12/site-packages/airflow/example_dags/example_task_group.py for tasks to queue
[2024-05-12T01:18:02.214+0000] {logging_mixin.py:188} INFO - [2024-05-12T01:18:02.213+0000] {dagbag.py:545} INFO - Filling up the DagBag from /home/airflow/.local/lib/python3.12/site-packages/airflow/example_dags/example_task_group.py
[2024-05-12T01:18:02.221+0000] {processor.py:840} INFO - DAG(s) 'example_task_group' retrieved from /home/airflow/.local/lib/python3.12/site-packages/airflow/example_dags/example_task_group.py
[2024-05-12T01:18:02.236+0000] {logging_mixin.py:188} INFO - [2024-05-12T01:18:02.236+0000] {dag.py:3096} INFO - Sync 1 DAGs
[2024-05-12T01:18:02.249+0000] {logging_mixin.py:188} INFO - [2024-05-12T01:18:02.249+0000] {dag.py:3954} INFO - Setting next_dagrun for example_task_group to 2024-05-11 00:00:00+00:00, run_after=2024-05-12 00:00:00+00:00
[2024-05-12T01:18:02.260+0000] {processor.py:183} INFO - Processing /home/airflow/.local/lib/python3.12/site-packages/airflow/example_dags/example_task_group.py took 0.056 seconds
[2024-05-12T01:18:32.971+0000] {processor.py:161} INFO - Started process (PID=15037) to work on /home/airflow/.local/lib/python3.12/site-packages/airflow/example_dags/example_task_group.py
[2024-05-12T01:18:32.972+0000] {processor.py:830} INFO - Processing file /home/airflow/.local/lib/python3.12/site-packages/airflow/example_dags/example_task_group.py for tasks to queue
[2024-05-12T01:18:32.973+0000] {logging_mixin.py:188} INFO - [2024-05-12T01:18:32.973+0000] {dagbag.py:545} INFO - Filling up the DagBag from /home/airflow/.local/lib/python3.12/site-packages/airflow/example_dags/example_task_group.py
[2024-05-12T01:18:32.976+0000] {processor.py:840} INFO - DAG(s) 'example_task_group' retrieved from /home/airflow/.local/lib/python3.12/site-packages/airflow/example_dags/example_task_group.py
[2024-05-12T01:18:32.988+0000] {logging_mixin.py:188} INFO - [2024-05-12T01:18:32.988+0000] {dag.py:3096} INFO - Sync 1 DAGs
[2024-05-12T01:18:32.998+0000] {logging_mixin.py:188} INFO - [2024-05-12T01:18:32.997+0000] {dag.py:3954} INFO - Setting next_dagrun for example_task_group to 2024-05-11 00:00:00+00:00, run_after=2024-05-12 00:00:00+00:00
[2024-05-12T01:18:33.006+0000] {processor.py:183} INFO - Processing /home/airflow/.local/lib/python3.12/site-packages/airflow/example_dags/example_task_group.py took 0.038 seconds
[2024-05-12T01:19:03.859+0000] {processor.py:161} INFO - Started process (PID=15299) to work on /home/airflow/.local/lib/python3.12/site-packages/airflow/example_dags/example_task_group.py
[2024-05-12T01:19:03.860+0000] {processor.py:830} INFO - Processing file /home/airflow/.local/lib/python3.12/site-packages/airflow/example_dags/example_task_group.py for tasks to queue
[2024-05-12T01:19:03.862+0000] {logging_mixin.py:188} INFO - [2024-05-12T01:19:03.861+0000] {dagbag.py:545} INFO - Filling up the DagBag from /home/airflow/.local/lib/python3.12/site-packages/airflow/example_dags/example_task_group.py
[2024-05-12T01:19:03.868+0000] {processor.py:840} INFO - DAG(s) 'example_task_group' retrieved from /home/airflow/.local/lib/python3.12/site-packages/airflow/example_dags/example_task_group.py
[2024-05-12T01:19:03.883+0000] {logging_mixin.py:188} INFO - [2024-05-12T01:19:03.883+0000] {dag.py:3096} INFO - Sync 1 DAGs
[2024-05-12T01:19:03.896+0000] {logging_mixin.py:188} INFO - [2024-05-12T01:19:03.896+0000] {dag.py:3954} INFO - Setting next_dagrun for example_task_group to 2024-05-11 00:00:00+00:00, run_after=2024-05-12 00:00:00+00:00
[2024-05-12T01:19:03.905+0000] {processor.py:183} INFO - Processing /home/airflow/.local/lib/python3.12/site-packages/airflow/example_dags/example_task_group.py took 0.052 seconds
[2024-05-12T01:19:34.726+0000] {processor.py:161} INFO - Started process (PID=15561) to work on /home/airflow/.local/lib/python3.12/site-packages/airflow/example_dags/example_task_group.py
[2024-05-12T01:19:34.727+0000] {processor.py:830} INFO - Processing file /home/airflow/.local/lib/python3.12/site-packages/airflow/example_dags/example_task_group.py for tasks to queue
[2024-05-12T01:19:34.728+0000] {logging_mixin.py:188} INFO - [2024-05-12T01:19:34.728+0000] {dagbag.py:545} INFO - Filling up the DagBag from /home/airflow/.local/lib/python3.12/site-packages/airflow/example_dags/example_task_group.py
[2024-05-12T01:19:34.733+0000] {processor.py:840} INFO - DAG(s) 'example_task_group' retrieved from /home/airflow/.local/lib/python3.12/site-packages/airflow/example_dags/example_task_group.py
[2024-05-12T01:19:34.748+0000] {logging_mixin.py:188} INFO - [2024-05-12T01:19:34.748+0000] {dag.py:3096} INFO - Sync 1 DAGs
[2024-05-12T01:19:34.760+0000] {logging_mixin.py:188} INFO - [2024-05-12T01:19:34.760+0000] {dag.py:3954} INFO - Setting next_dagrun for example_task_group to 2024-05-11 00:00:00+00:00, run_after=2024-05-12 00:00:00+00:00
[2024-05-12T01:19:34.770+0000] {processor.py:183} INFO - Processing /home/airflow/.local/lib/python3.12/site-packages/airflow/example_dags/example_task_group.py took 0.048 seconds
[2024-05-12T01:20:05.544+0000] {processor.py:161} INFO - Started process (PID=15823) to work on /home/airflow/.local/lib/python3.12/site-packages/airflow/example_dags/example_task_group.py
[2024-05-12T01:20:05.545+0000] {processor.py:830} INFO - Processing file /home/airflow/.local/lib/python3.12/site-packages/airflow/example_dags/example_task_group.py for tasks to queue
[2024-05-12T01:20:05.546+0000] {logging_mixin.py:188} INFO - [2024-05-12T01:20:05.546+0000] {dagbag.py:545} INFO - Filling up the DagBag from /home/airflow/.local/lib/python3.12/site-packages/airflow/example_dags/example_task_group.py
[2024-05-12T01:20:05.553+0000] {processor.py:840} INFO - DAG(s) 'example_task_group' retrieved from /home/airflow/.local/lib/python3.12/site-packages/airflow/example_dags/example_task_group.py
[2024-05-12T01:20:05.568+0000] {logging_mixin.py:188} INFO - [2024-05-12T01:20:05.568+0000] {dag.py:3096} INFO - Sync 1 DAGs
[2024-05-12T01:20:05.581+0000] {logging_mixin.py:188} INFO - [2024-05-12T01:20:05.581+0000] {dag.py:3954} INFO - Setting next_dagrun for example_task_group to 2024-05-11 00:00:00+00:00, run_after=2024-05-12 00:00:00+00:00
[2024-05-12T01:20:05.590+0000] {processor.py:183} INFO - Processing /home/airflow/.local/lib/python3.12/site-packages/airflow/example_dags/example_task_group.py took 0.053 seconds
[2024-05-12T01:20:36.313+0000] {processor.py:161} INFO - Started process (PID=16085) to work on /home/airflow/.local/lib/python3.12/site-packages/airflow/example_dags/example_task_group.py
[2024-05-12T01:20:36.314+0000] {processor.py:830} INFO - Processing file /home/airflow/.local/lib/python3.12/site-packages/airflow/example_dags/example_task_group.py for tasks to queue
[2024-05-12T01:20:36.316+0000] {logging_mixin.py:188} INFO - [2024-05-12T01:20:36.315+0000] {dagbag.py:545} INFO - Filling up the DagBag from /home/airflow/.local/lib/python3.12/site-packages/airflow/example_dags/example_task_group.py
[2024-05-12T01:20:36.321+0000] {processor.py:840} INFO - DAG(s) 'example_task_group' retrieved from /home/airflow/.local/lib/python3.12/site-packages/airflow/example_dags/example_task_group.py
[2024-05-12T01:20:36.338+0000] {logging_mixin.py:188} INFO - [2024-05-12T01:20:36.337+0000] {dag.py:3096} INFO - Sync 1 DAGs
[2024-05-12T01:20:36.351+0000] {logging_mixin.py:188} INFO - [2024-05-12T01:20:36.351+0000] {dag.py:3954} INFO - Setting next_dagrun for example_task_group to 2024-05-11 00:00:00+00:00, run_after=2024-05-12 00:00:00+00:00
[2024-05-12T01:20:36.361+0000] {processor.py:183} INFO - Processing /home/airflow/.local/lib/python3.12/site-packages/airflow/example_dags/example_task_group.py took 0.053 seconds
[2024-05-12T01:21:07.284+0000] {processor.py:161} INFO - Started process (PID=16347) to work on /home/airflow/.local/lib/python3.12/site-packages/airflow/example_dags/example_task_group.py
[2024-05-12T01:21:07.286+0000] {processor.py:830} INFO - Processing file /home/airflow/.local/lib/python3.12/site-packages/airflow/example_dags/example_task_group.py for tasks to queue
[2024-05-12T01:21:07.287+0000] {logging_mixin.py:188} INFO - [2024-05-12T01:21:07.287+0000] {dagbag.py:545} INFO - Filling up the DagBag from /home/airflow/.local/lib/python3.12/site-packages/airflow/example_dags/example_task_group.py
[2024-05-12T01:21:07.291+0000] {processor.py:840} INFO - DAG(s) 'example_task_group' retrieved from /home/airflow/.local/lib/python3.12/site-packages/airflow/example_dags/example_task_group.py
[2024-05-12T01:21:07.306+0000] {logging_mixin.py:188} INFO - [2024-05-12T01:21:07.306+0000] {dag.py:3096} INFO - Sync 1 DAGs
[2024-05-12T01:21:07.321+0000] {logging_mixin.py:188} INFO - [2024-05-12T01:21:07.321+0000] {dag.py:3954} INFO - Setting next_dagrun for example_task_group to 2024-05-11 00:00:00+00:00, run_after=2024-05-12 00:00:00+00:00
[2024-05-12T01:21:07.332+0000] {processor.py:183} INFO - Processing /home/airflow/.local/lib/python3.12/site-packages/airflow/example_dags/example_task_group.py took 0.051 seconds
[2024-05-12T01:21:38.082+0000] {processor.py:161} INFO - Started process (PID=16614) to work on /home/airflow/.local/lib/python3.12/site-packages/airflow/example_dags/example_task_group.py
[2024-05-12T01:21:38.083+0000] {processor.py:830} INFO - Processing file /home/airflow/.local/lib/python3.12/site-packages/airflow/example_dags/example_task_group.py for tasks to queue
[2024-05-12T01:21:38.084+0000] {logging_mixin.py:188} INFO - [2024-05-12T01:21:38.084+0000] {dagbag.py:545} INFO - Filling up the DagBag from /home/airflow/.local/lib/python3.12/site-packages/airflow/example_dags/example_task_group.py
[2024-05-12T01:21:38.089+0000] {processor.py:840} INFO - DAG(s) 'example_task_group' retrieved from /home/airflow/.local/lib/python3.12/site-packages/airflow/example_dags/example_task_group.py
[2024-05-12T01:21:38.105+0000] {logging_mixin.py:188} INFO - [2024-05-12T01:21:38.105+0000] {dag.py:3096} INFO - Sync 1 DAGs
[2024-05-12T01:21:38.120+0000] {logging_mixin.py:188} INFO - [2024-05-12T01:21:38.120+0000] {dag.py:3954} INFO - Setting next_dagrun for example_task_group to 2024-05-11 00:00:00+00:00, run_after=2024-05-12 00:00:00+00:00
[2024-05-12T01:21:38.132+0000] {processor.py:183} INFO - Processing /home/airflow/.local/lib/python3.12/site-packages/airflow/example_dags/example_task_group.py took 0.054 seconds
[2024-05-12T01:22:08.970+0000] {processor.py:161} INFO - Started process (PID=16876) to work on /home/airflow/.local/lib/python3.12/site-packages/airflow/example_dags/example_task_group.py
[2024-05-12T01:22:08.971+0000] {processor.py:830} INFO - Processing file /home/airflow/.local/lib/python3.12/site-packages/airflow/example_dags/example_task_group.py for tasks to queue
[2024-05-12T01:22:08.973+0000] {logging_mixin.py:188} INFO - [2024-05-12T01:22:08.972+0000] {dagbag.py:545} INFO - Filling up the DagBag from /home/airflow/.local/lib/python3.12/site-packages/airflow/example_dags/example_task_group.py
[2024-05-12T01:22:08.979+0000] {processor.py:840} INFO - DAG(s) 'example_task_group' retrieved from /home/airflow/.local/lib/python3.12/site-packages/airflow/example_dags/example_task_group.py
[2024-05-12T01:22:08.995+0000] {logging_mixin.py:188} INFO - [2024-05-12T01:22:08.994+0000] {dag.py:3096} INFO - Sync 1 DAGs
[2024-05-12T01:22:09.007+0000] {logging_mixin.py:188} INFO - [2024-05-12T01:22:09.007+0000] {dag.py:3954} INFO - Setting next_dagrun for example_task_group to 2024-05-11 00:00:00+00:00, run_after=2024-05-12 00:00:00+00:00
[2024-05-12T01:22:09.017+0000] {processor.py:183} INFO - Processing /home/airflow/.local/lib/python3.12/site-packages/airflow/example_dags/example_task_group.py took 0.053 seconds
