[2024-05-12T00:37:44.010+0000] {processor.py:161} INFO - Started process (PID=4520) to work on /home/airflow/.local/lib/python3.12/site-packages/airflow/example_dags/example_external_task_marker_dag.py
[2024-05-12T00:37:44.011+0000] {processor.py:830} INFO - Processing file /home/airflow/.local/lib/python3.12/site-packages/airflow/example_dags/example_external_task_marker_dag.py for tasks to queue
[2024-05-12T00:37:44.012+0000] {logging_mixin.py:188} INFO - [2024-05-12T00:37:44.012+0000] {dagbag.py:545} INFO - Filling up the DagBag from /home/airflow/.local/lib/python3.12/site-packages/airflow/example_dags/example_external_task_marker_dag.py
[2024-05-12T00:37:44.015+0000] {processor.py:840} INFO - DAG(s) 'example_external_task_marker_child', 'example_external_task_marker_parent' retrieved from /home/airflow/.local/lib/python3.12/site-packages/airflow/example_dags/example_external_task_marker_dag.py
[2024-05-12T00:37:44.027+0000] {logging_mixin.py:188} INFO - [2024-05-12T00:37:44.026+0000] {dag.py:3096} INFO - Sync 2 DAGs
[2024-05-12T00:37:44.033+0000] {logging_mixin.py:188} INFO - [2024-05-12T00:37:44.033+0000] {dag.py:3954} INFO - Setting next_dagrun for example_external_task_marker_child to None, run_after=None
[2024-05-12T00:37:44.035+0000] {logging_mixin.py:188} INFO - [2024-05-12T00:37:44.035+0000] {dag.py:3954} INFO - Setting next_dagrun for example_external_task_marker_parent to None, run_after=None
[2024-05-12T00:37:44.043+0000] {processor.py:183} INFO - Processing /home/airflow/.local/lib/python3.12/site-packages/airflow/example_dags/example_external_task_marker_dag.py took 0.036 seconds
[2024-05-12T00:38:14.731+0000] {processor.py:161} INFO - Started process (PID=4782) to work on /home/airflow/.local/lib/python3.12/site-packages/airflow/example_dags/example_external_task_marker_dag.py
[2024-05-12T00:38:14.731+0000] {processor.py:830} INFO - Processing file /home/airflow/.local/lib/python3.12/site-packages/airflow/example_dags/example_external_task_marker_dag.py for tasks to queue
[2024-05-12T00:38:14.732+0000] {logging_mixin.py:188} INFO - [2024-05-12T00:38:14.732+0000] {dagbag.py:545} INFO - Filling up the DagBag from /home/airflow/.local/lib/python3.12/site-packages/airflow/example_dags/example_external_task_marker_dag.py
[2024-05-12T00:38:14.736+0000] {processor.py:840} INFO - DAG(s) 'example_external_task_marker_child', 'example_external_task_marker_parent' retrieved from /home/airflow/.local/lib/python3.12/site-packages/airflow/example_dags/example_external_task_marker_dag.py
[2024-05-12T00:38:14.747+0000] {logging_mixin.py:188} INFO - [2024-05-12T00:38:14.747+0000] {dag.py:3096} INFO - Sync 2 DAGs
[2024-05-12T00:38:14.754+0000] {logging_mixin.py:188} INFO - [2024-05-12T00:38:14.754+0000] {dag.py:3954} INFO - Setting next_dagrun for example_external_task_marker_child to None, run_after=None
[2024-05-12T00:38:14.756+0000] {logging_mixin.py:188} INFO - [2024-05-12T00:38:14.756+0000] {dag.py:3954} INFO - Setting next_dagrun for example_external_task_marker_parent to None, run_after=None
[2024-05-12T00:38:14.763+0000] {processor.py:183} INFO - Processing /home/airflow/.local/lib/python3.12/site-packages/airflow/example_dags/example_external_task_marker_dag.py took 0.036 seconds
[2024-05-12T00:38:45.441+0000] {processor.py:161} INFO - Started process (PID=5044) to work on /home/airflow/.local/lib/python3.12/site-packages/airflow/example_dags/example_external_task_marker_dag.py
[2024-05-12T00:38:45.442+0000] {processor.py:830} INFO - Processing file /home/airflow/.local/lib/python3.12/site-packages/airflow/example_dags/example_external_task_marker_dag.py for tasks to queue
[2024-05-12T00:38:45.443+0000] {logging_mixin.py:188} INFO - [2024-05-12T00:38:45.443+0000] {dagbag.py:545} INFO - Filling up the DagBag from /home/airflow/.local/lib/python3.12/site-packages/airflow/example_dags/example_external_task_marker_dag.py
[2024-05-12T00:38:45.447+0000] {processor.py:840} INFO - DAG(s) 'example_external_task_marker_parent', 'example_external_task_marker_child' retrieved from /home/airflow/.local/lib/python3.12/site-packages/airflow/example_dags/example_external_task_marker_dag.py
[2024-05-12T00:38:45.460+0000] {logging_mixin.py:188} INFO - [2024-05-12T00:38:45.460+0000] {dag.py:3096} INFO - Sync 2 DAGs
[2024-05-12T00:38:45.467+0000] {logging_mixin.py:188} INFO - [2024-05-12T00:38:45.467+0000] {dag.py:3954} INFO - Setting next_dagrun for example_external_task_marker_child to None, run_after=None
[2024-05-12T00:38:45.469+0000] {logging_mixin.py:188} INFO - [2024-05-12T00:38:45.469+0000] {dag.py:3954} INFO - Setting next_dagrun for example_external_task_marker_parent to None, run_after=None
[2024-05-12T00:38:45.479+0000] {processor.py:183} INFO - Processing /home/airflow/.local/lib/python3.12/site-packages/airflow/example_dags/example_external_task_marker_dag.py took 0.041 seconds
[2024-05-12T00:39:16.074+0000] {processor.py:161} INFO - Started process (PID=5305) to work on /home/airflow/.local/lib/python3.12/site-packages/airflow/example_dags/example_external_task_marker_dag.py
[2024-05-12T00:39:16.075+0000] {processor.py:830} INFO - Processing file /home/airflow/.local/lib/python3.12/site-packages/airflow/example_dags/example_external_task_marker_dag.py for tasks to queue
[2024-05-12T00:39:16.076+0000] {logging_mixin.py:188} INFO - [2024-05-12T00:39:16.076+0000] {dagbag.py:545} INFO - Filling up the DagBag from /home/airflow/.local/lib/python3.12/site-packages/airflow/example_dags/example_external_task_marker_dag.py
[2024-05-12T00:39:16.080+0000] {processor.py:840} INFO - DAG(s) 'example_external_task_marker_parent', 'example_external_task_marker_child' retrieved from /home/airflow/.local/lib/python3.12/site-packages/airflow/example_dags/example_external_task_marker_dag.py
[2024-05-12T00:39:16.093+0000] {logging_mixin.py:188} INFO - [2024-05-12T00:39:16.093+0000] {dag.py:3096} INFO - Sync 2 DAGs
[2024-05-12T00:39:16.100+0000] {logging_mixin.py:188} INFO - [2024-05-12T00:39:16.099+0000] {dag.py:3954} INFO - Setting next_dagrun for example_external_task_marker_child to None, run_after=None
[2024-05-12T00:39:16.102+0000] {logging_mixin.py:188} INFO - [2024-05-12T00:39:16.102+0000] {dag.py:3954} INFO - Setting next_dagrun for example_external_task_marker_parent to None, run_after=None
[2024-05-12T00:39:16.111+0000] {processor.py:183} INFO - Processing /home/airflow/.local/lib/python3.12/site-packages/airflow/example_dags/example_external_task_marker_dag.py took 0.040 seconds
[2024-05-12T00:39:46.922+0000] {processor.py:161} INFO - Started process (PID=5566) to work on /home/airflow/.local/lib/python3.12/site-packages/airflow/example_dags/example_external_task_marker_dag.py
[2024-05-12T00:39:46.923+0000] {processor.py:830} INFO - Processing file /home/airflow/.local/lib/python3.12/site-packages/airflow/example_dags/example_external_task_marker_dag.py for tasks to queue
[2024-05-12T00:39:46.924+0000] {logging_mixin.py:188} INFO - [2024-05-12T00:39:46.924+0000] {dagbag.py:545} INFO - Filling up the DagBag from /home/airflow/.local/lib/python3.12/site-packages/airflow/example_dags/example_external_task_marker_dag.py
[2024-05-12T00:39:46.927+0000] {processor.py:840} INFO - DAG(s) 'example_external_task_marker_parent', 'example_external_task_marker_child' retrieved from /home/airflow/.local/lib/python3.12/site-packages/airflow/example_dags/example_external_task_marker_dag.py
[2024-05-12T00:39:46.939+0000] {logging_mixin.py:188} INFO - [2024-05-12T00:39:46.939+0000] {dag.py:3096} INFO - Sync 2 DAGs
[2024-05-12T00:39:46.945+0000] {logging_mixin.py:188} INFO - [2024-05-12T00:39:46.945+0000] {dag.py:3954} INFO - Setting next_dagrun for example_external_task_marker_child to None, run_after=None
[2024-05-12T00:39:46.947+0000] {logging_mixin.py:188} INFO - [2024-05-12T00:39:46.947+0000] {dag.py:3954} INFO - Setting next_dagrun for example_external_task_marker_parent to None, run_after=None
[2024-05-12T00:39:46.955+0000] {processor.py:183} INFO - Processing /home/airflow/.local/lib/python3.12/site-packages/airflow/example_dags/example_external_task_marker_dag.py took 0.036 seconds
[2024-05-12T00:40:17.676+0000] {processor.py:161} INFO - Started process (PID=5828) to work on /home/airflow/.local/lib/python3.12/site-packages/airflow/example_dags/example_external_task_marker_dag.py
[2024-05-12T00:40:17.677+0000] {processor.py:830} INFO - Processing file /home/airflow/.local/lib/python3.12/site-packages/airflow/example_dags/example_external_task_marker_dag.py for tasks to queue
[2024-05-12T00:40:17.678+0000] {logging_mixin.py:188} INFO - [2024-05-12T00:40:17.678+0000] {dagbag.py:545} INFO - Filling up the DagBag from /home/airflow/.local/lib/python3.12/site-packages/airflow/example_dags/example_external_task_marker_dag.py
[2024-05-12T00:40:17.683+0000] {processor.py:840} INFO - DAG(s) 'example_external_task_marker_parent', 'example_external_task_marker_child' retrieved from /home/airflow/.local/lib/python3.12/site-packages/airflow/example_dags/example_external_task_marker_dag.py
[2024-05-12T00:40:17.695+0000] {logging_mixin.py:188} INFO - [2024-05-12T00:40:17.695+0000] {dag.py:3096} INFO - Sync 2 DAGs
[2024-05-12T00:40:17.702+0000] {logging_mixin.py:188} INFO - [2024-05-12T00:40:17.702+0000] {dag.py:3954} INFO - Setting next_dagrun for example_external_task_marker_child to None, run_after=None
[2024-05-12T00:40:17.704+0000] {logging_mixin.py:188} INFO - [2024-05-12T00:40:17.704+0000] {dag.py:3954} INFO - Setting next_dagrun for example_external_task_marker_parent to None, run_after=None
[2024-05-12T00:40:17.711+0000] {processor.py:183} INFO - Processing /home/airflow/.local/lib/python3.12/site-packages/airflow/example_dags/example_external_task_marker_dag.py took 0.039 seconds
[2024-05-12T00:40:48.482+0000] {processor.py:161} INFO - Started process (PID=6092) to work on /home/airflow/.local/lib/python3.12/site-packages/airflow/example_dags/example_external_task_marker_dag.py
[2024-05-12T00:40:48.483+0000] {processor.py:830} INFO - Processing file /home/airflow/.local/lib/python3.12/site-packages/airflow/example_dags/example_external_task_marker_dag.py for tasks to queue
[2024-05-12T00:40:48.484+0000] {logging_mixin.py:188} INFO - [2024-05-12T00:40:48.484+0000] {dagbag.py:545} INFO - Filling up the DagBag from /home/airflow/.local/lib/python3.12/site-packages/airflow/example_dags/example_external_task_marker_dag.py
[2024-05-12T00:40:48.487+0000] {processor.py:840} INFO - DAG(s) 'example_external_task_marker_child', 'example_external_task_marker_parent' retrieved from /home/airflow/.local/lib/python3.12/site-packages/airflow/example_dags/example_external_task_marker_dag.py
[2024-05-12T00:40:48.499+0000] {logging_mixin.py:188} INFO - [2024-05-12T00:40:48.499+0000] {dag.py:3096} INFO - Sync 2 DAGs
[2024-05-12T00:40:48.506+0000] {logging_mixin.py:188} INFO - [2024-05-12T00:40:48.505+0000] {dag.py:3954} INFO - Setting next_dagrun for example_external_task_marker_child to None, run_after=None
[2024-05-12T00:40:48.507+0000] {logging_mixin.py:188} INFO - [2024-05-12T00:40:48.507+0000] {dag.py:3954} INFO - Setting next_dagrun for example_external_task_marker_parent to None, run_after=None
[2024-05-12T00:40:48.515+0000] {processor.py:183} INFO - Processing /home/airflow/.local/lib/python3.12/site-packages/airflow/example_dags/example_external_task_marker_dag.py took 0.035 seconds
[2024-05-12T00:41:19.250+0000] {processor.py:161} INFO - Started process (PID=6352) to work on /home/airflow/.local/lib/python3.12/site-packages/airflow/example_dags/example_external_task_marker_dag.py
[2024-05-12T00:41:19.250+0000] {processor.py:830} INFO - Processing file /home/airflow/.local/lib/python3.12/site-packages/airflow/example_dags/example_external_task_marker_dag.py for tasks to queue
[2024-05-12T00:41:19.251+0000] {logging_mixin.py:188} INFO - [2024-05-12T00:41:19.251+0000] {dagbag.py:545} INFO - Filling up the DagBag from /home/airflow/.local/lib/python3.12/site-packages/airflow/example_dags/example_external_task_marker_dag.py
[2024-05-12T00:41:19.255+0000] {processor.py:840} INFO - DAG(s) 'example_external_task_marker_parent', 'example_external_task_marker_child' retrieved from /home/airflow/.local/lib/python3.12/site-packages/airflow/example_dags/example_external_task_marker_dag.py
[2024-05-12T00:41:19.267+0000] {logging_mixin.py:188} INFO - [2024-05-12T00:41:19.267+0000] {dag.py:3096} INFO - Sync 2 DAGs
[2024-05-12T00:41:19.274+0000] {logging_mixin.py:188} INFO - [2024-05-12T00:41:19.274+0000] {dag.py:3954} INFO - Setting next_dagrun for example_external_task_marker_child to None, run_after=None
[2024-05-12T00:41:19.277+0000] {logging_mixin.py:188} INFO - [2024-05-12T00:41:19.277+0000] {dag.py:3954} INFO - Setting next_dagrun for example_external_task_marker_parent to None, run_after=None
[2024-05-12T00:41:19.287+0000] {processor.py:183} INFO - Processing /home/airflow/.local/lib/python3.12/site-packages/airflow/example_dags/example_external_task_marker_dag.py took 0.041 seconds
[2024-05-12T00:41:49.964+0000] {processor.py:161} INFO - Started process (PID=6614) to work on /home/airflow/.local/lib/python3.12/site-packages/airflow/example_dags/example_external_task_marker_dag.py
[2024-05-12T00:41:49.965+0000] {processor.py:830} INFO - Processing file /home/airflow/.local/lib/python3.12/site-packages/airflow/example_dags/example_external_task_marker_dag.py for tasks to queue
[2024-05-12T00:41:49.966+0000] {logging_mixin.py:188} INFO - [2024-05-12T00:41:49.966+0000] {dagbag.py:545} INFO - Filling up the DagBag from /home/airflow/.local/lib/python3.12/site-packages/airflow/example_dags/example_external_task_marker_dag.py
[2024-05-12T00:41:49.969+0000] {processor.py:840} INFO - DAG(s) 'example_external_task_marker_child', 'example_external_task_marker_parent' retrieved from /home/airflow/.local/lib/python3.12/site-packages/airflow/example_dags/example_external_task_marker_dag.py
[2024-05-12T00:41:49.981+0000] {logging_mixin.py:188} INFO - [2024-05-12T00:41:49.980+0000] {dag.py:3096} INFO - Sync 2 DAGs
[2024-05-12T00:41:49.987+0000] {logging_mixin.py:188} INFO - [2024-05-12T00:41:49.987+0000] {dag.py:3954} INFO - Setting next_dagrun for example_external_task_marker_child to None, run_after=None
[2024-05-12T00:41:49.989+0000] {logging_mixin.py:188} INFO - [2024-05-12T00:41:49.989+0000] {dag.py:3954} INFO - Setting next_dagrun for example_external_task_marker_parent to None, run_after=None
[2024-05-12T00:41:49.996+0000] {processor.py:183} INFO - Processing /home/airflow/.local/lib/python3.12/site-packages/airflow/example_dags/example_external_task_marker_dag.py took 0.035 seconds
[2024-05-12T00:42:20.620+0000] {processor.py:161} INFO - Started process (PID=6878) to work on /home/airflow/.local/lib/python3.12/site-packages/airflow/example_dags/example_external_task_marker_dag.py
[2024-05-12T00:42:20.620+0000] {processor.py:830} INFO - Processing file /home/airflow/.local/lib/python3.12/site-packages/airflow/example_dags/example_external_task_marker_dag.py for tasks to queue
[2024-05-12T00:42:20.621+0000] {logging_mixin.py:188} INFO - [2024-05-12T00:42:20.621+0000] {dagbag.py:545} INFO - Filling up the DagBag from /home/airflow/.local/lib/python3.12/site-packages/airflow/example_dags/example_external_task_marker_dag.py
[2024-05-12T00:42:20.625+0000] {processor.py:840} INFO - DAG(s) 'example_external_task_marker_parent', 'example_external_task_marker_child' retrieved from /home/airflow/.local/lib/python3.12/site-packages/airflow/example_dags/example_external_task_marker_dag.py
[2024-05-12T00:42:20.637+0000] {logging_mixin.py:188} INFO - [2024-05-12T00:42:20.637+0000] {dag.py:3096} INFO - Sync 2 DAGs
[2024-05-12T00:42:20.642+0000] {logging_mixin.py:188} INFO - [2024-05-12T00:42:20.642+0000] {dag.py:3954} INFO - Setting next_dagrun for example_external_task_marker_child to None, run_after=None
[2024-05-12T00:42:20.644+0000] {logging_mixin.py:188} INFO - [2024-05-12T00:42:20.644+0000] {dag.py:3954} INFO - Setting next_dagrun for example_external_task_marker_parent to None, run_after=None
[2024-05-12T00:42:20.651+0000] {processor.py:183} INFO - Processing /home/airflow/.local/lib/python3.12/site-packages/airflow/example_dags/example_external_task_marker_dag.py took 0.034 seconds
[2024-05-12T00:42:51.429+0000] {processor.py:161} INFO - Started process (PID=7138) to work on /home/airflow/.local/lib/python3.12/site-packages/airflow/example_dags/example_external_task_marker_dag.py
[2024-05-12T00:42:51.429+0000] {processor.py:830} INFO - Processing file /home/airflow/.local/lib/python3.12/site-packages/airflow/example_dags/example_external_task_marker_dag.py for tasks to queue
[2024-05-12T00:42:51.430+0000] {logging_mixin.py:188} INFO - [2024-05-12T00:42:51.430+0000] {dagbag.py:545} INFO - Filling up the DagBag from /home/airflow/.local/lib/python3.12/site-packages/airflow/example_dags/example_external_task_marker_dag.py
[2024-05-12T00:42:51.433+0000] {processor.py:840} INFO - DAG(s) 'example_external_task_marker_child', 'example_external_task_marker_parent' retrieved from /home/airflow/.local/lib/python3.12/site-packages/airflow/example_dags/example_external_task_marker_dag.py
[2024-05-12T00:42:51.445+0000] {logging_mixin.py:188} INFO - [2024-05-12T00:42:51.445+0000] {dag.py:3096} INFO - Sync 2 DAGs
[2024-05-12T00:42:51.452+0000] {logging_mixin.py:188} INFO - [2024-05-12T00:42:51.452+0000] {dag.py:3954} INFO - Setting next_dagrun for example_external_task_marker_child to None, run_after=None
[2024-05-12T00:42:51.455+0000] {logging_mixin.py:188} INFO - [2024-05-12T00:42:51.454+0000] {dag.py:3954} INFO - Setting next_dagrun for example_external_task_marker_parent to None, run_after=None
[2024-05-12T00:42:51.462+0000] {processor.py:183} INFO - Processing /home/airflow/.local/lib/python3.12/site-packages/airflow/example_dags/example_external_task_marker_dag.py took 0.037 seconds
[2024-05-12T00:43:22.194+0000] {processor.py:161} INFO - Started process (PID=7400) to work on /home/airflow/.local/lib/python3.12/site-packages/airflow/example_dags/example_external_task_marker_dag.py
[2024-05-12T00:43:22.195+0000] {processor.py:830} INFO - Processing file /home/airflow/.local/lib/python3.12/site-packages/airflow/example_dags/example_external_task_marker_dag.py for tasks to queue
[2024-05-12T00:43:22.196+0000] {logging_mixin.py:188} INFO - [2024-05-12T00:43:22.195+0000] {dagbag.py:545} INFO - Filling up the DagBag from /home/airflow/.local/lib/python3.12/site-packages/airflow/example_dags/example_external_task_marker_dag.py
[2024-05-12T00:43:22.199+0000] {processor.py:840} INFO - DAG(s) 'example_external_task_marker_parent', 'example_external_task_marker_child' retrieved from /home/airflow/.local/lib/python3.12/site-packages/airflow/example_dags/example_external_task_marker_dag.py
[2024-05-12T00:43:22.211+0000] {logging_mixin.py:188} INFO - [2024-05-12T00:43:22.211+0000] {dag.py:3096} INFO - Sync 2 DAGs
[2024-05-12T00:43:22.217+0000] {logging_mixin.py:188} INFO - [2024-05-12T00:43:22.217+0000] {dag.py:3954} INFO - Setting next_dagrun for example_external_task_marker_child to None, run_after=None
[2024-05-12T00:43:22.219+0000] {logging_mixin.py:188} INFO - [2024-05-12T00:43:22.219+0000] {dag.py:3954} INFO - Setting next_dagrun for example_external_task_marker_parent to None, run_after=None
[2024-05-12T00:43:22.227+0000] {processor.py:183} INFO - Processing /home/airflow/.local/lib/python3.12/site-packages/airflow/example_dags/example_external_task_marker_dag.py took 0.037 seconds
[2024-05-12T00:43:52.937+0000] {processor.py:161} INFO - Started process (PID=7662) to work on /home/airflow/.local/lib/python3.12/site-packages/airflow/example_dags/example_external_task_marker_dag.py
[2024-05-12T00:43:52.937+0000] {processor.py:830} INFO - Processing file /home/airflow/.local/lib/python3.12/site-packages/airflow/example_dags/example_external_task_marker_dag.py for tasks to queue
[2024-05-12T00:43:52.938+0000] {logging_mixin.py:188} INFO - [2024-05-12T00:43:52.938+0000] {dagbag.py:545} INFO - Filling up the DagBag from /home/airflow/.local/lib/python3.12/site-packages/airflow/example_dags/example_external_task_marker_dag.py
[2024-05-12T00:43:52.941+0000] {processor.py:840} INFO - DAG(s) 'example_external_task_marker_child', 'example_external_task_marker_parent' retrieved from /home/airflow/.local/lib/python3.12/site-packages/airflow/example_dags/example_external_task_marker_dag.py
[2024-05-12T00:43:52.953+0000] {logging_mixin.py:188} INFO - [2024-05-12T00:43:52.953+0000] {dag.py:3096} INFO - Sync 2 DAGs
[2024-05-12T00:43:52.959+0000] {logging_mixin.py:188} INFO - [2024-05-12T00:43:52.959+0000] {dag.py:3954} INFO - Setting next_dagrun for example_external_task_marker_child to None, run_after=None
[2024-05-12T00:43:52.961+0000] {logging_mixin.py:188} INFO - [2024-05-12T00:43:52.961+0000] {dag.py:3954} INFO - Setting next_dagrun for example_external_task_marker_parent to None, run_after=None
[2024-05-12T00:43:52.968+0000] {processor.py:183} INFO - Processing /home/airflow/.local/lib/python3.12/site-packages/airflow/example_dags/example_external_task_marker_dag.py took 0.035 seconds
[2024-05-12T00:44:23.664+0000] {processor.py:161} INFO - Started process (PID=7923) to work on /home/airflow/.local/lib/python3.12/site-packages/airflow/example_dags/example_external_task_marker_dag.py
[2024-05-12T00:44:23.665+0000] {processor.py:830} INFO - Processing file /home/airflow/.local/lib/python3.12/site-packages/airflow/example_dags/example_external_task_marker_dag.py for tasks to queue
[2024-05-12T00:44:23.666+0000] {logging_mixin.py:188} INFO - [2024-05-12T00:44:23.666+0000] {dagbag.py:545} INFO - Filling up the DagBag from /home/airflow/.local/lib/python3.12/site-packages/airflow/example_dags/example_external_task_marker_dag.py
[2024-05-12T00:44:23.669+0000] {processor.py:840} INFO - DAG(s) 'example_external_task_marker_parent', 'example_external_task_marker_child' retrieved from /home/airflow/.local/lib/python3.12/site-packages/airflow/example_dags/example_external_task_marker_dag.py
[2024-05-12T00:44:23.682+0000] {logging_mixin.py:188} INFO - [2024-05-12T00:44:23.682+0000] {dag.py:3096} INFO - Sync 2 DAGs
[2024-05-12T00:44:23.689+0000] {logging_mixin.py:188} INFO - [2024-05-12T00:44:23.688+0000] {dag.py:3954} INFO - Setting next_dagrun for example_external_task_marker_child to None, run_after=None
[2024-05-12T00:44:23.691+0000] {logging_mixin.py:188} INFO - [2024-05-12T00:44:23.690+0000] {dag.py:3954} INFO - Setting next_dagrun for example_external_task_marker_parent to None, run_after=None
[2024-05-12T00:44:23.699+0000] {processor.py:183} INFO - Processing /home/airflow/.local/lib/python3.12/site-packages/airflow/example_dags/example_external_task_marker_dag.py took 0.038 seconds
[2024-05-12T00:44:54.518+0000] {processor.py:161} INFO - Started process (PID=8187) to work on /home/airflow/.local/lib/python3.12/site-packages/airflow/example_dags/example_external_task_marker_dag.py
[2024-05-12T00:44:54.519+0000] {processor.py:830} INFO - Processing file /home/airflow/.local/lib/python3.12/site-packages/airflow/example_dags/example_external_task_marker_dag.py for tasks to queue
[2024-05-12T00:44:54.520+0000] {logging_mixin.py:188} INFO - [2024-05-12T00:44:54.520+0000] {dagbag.py:545} INFO - Filling up the DagBag from /home/airflow/.local/lib/python3.12/site-packages/airflow/example_dags/example_external_task_marker_dag.py
[2024-05-12T00:44:54.524+0000] {processor.py:840} INFO - DAG(s) 'example_external_task_marker_child', 'example_external_task_marker_parent' retrieved from /home/airflow/.local/lib/python3.12/site-packages/airflow/example_dags/example_external_task_marker_dag.py
[2024-05-12T00:44:54.536+0000] {logging_mixin.py:188} INFO - [2024-05-12T00:44:54.536+0000] {dag.py:3096} INFO - Sync 2 DAGs
[2024-05-12T00:44:54.543+0000] {logging_mixin.py:188} INFO - [2024-05-12T00:44:54.543+0000] {dag.py:3954} INFO - Setting next_dagrun for example_external_task_marker_child to None, run_after=None
[2024-05-12T00:44:54.545+0000] {logging_mixin.py:188} INFO - [2024-05-12T00:44:54.545+0000] {dag.py:3954} INFO - Setting next_dagrun for example_external_task_marker_parent to None, run_after=None
[2024-05-12T00:44:54.554+0000] {processor.py:183} INFO - Processing /home/airflow/.local/lib/python3.12/site-packages/airflow/example_dags/example_external_task_marker_dag.py took 0.039 seconds
[2024-05-12T00:45:25.182+0000] {processor.py:161} INFO - Started process (PID=8446) to work on /home/airflow/.local/lib/python3.12/site-packages/airflow/example_dags/example_external_task_marker_dag.py
[2024-05-12T00:45:25.182+0000] {processor.py:830} INFO - Processing file /home/airflow/.local/lib/python3.12/site-packages/airflow/example_dags/example_external_task_marker_dag.py for tasks to queue
[2024-05-12T00:45:25.183+0000] {logging_mixin.py:188} INFO - [2024-05-12T00:45:25.183+0000] {dagbag.py:545} INFO - Filling up the DagBag from /home/airflow/.local/lib/python3.12/site-packages/airflow/example_dags/example_external_task_marker_dag.py
[2024-05-12T00:45:25.187+0000] {processor.py:840} INFO - DAG(s) 'example_external_task_marker_child', 'example_external_task_marker_parent' retrieved from /home/airflow/.local/lib/python3.12/site-packages/airflow/example_dags/example_external_task_marker_dag.py
[2024-05-12T00:45:25.198+0000] {logging_mixin.py:188} INFO - [2024-05-12T00:45:25.198+0000] {dag.py:3096} INFO - Sync 2 DAGs
[2024-05-12T00:45:25.204+0000] {logging_mixin.py:188} INFO - [2024-05-12T00:45:25.204+0000] {dag.py:3954} INFO - Setting next_dagrun for example_external_task_marker_child to None, run_after=None
[2024-05-12T00:45:25.207+0000] {logging_mixin.py:188} INFO - [2024-05-12T00:45:25.206+0000] {dag.py:3954} INFO - Setting next_dagrun for example_external_task_marker_parent to None, run_after=None
[2024-05-12T00:45:25.214+0000] {processor.py:183} INFO - Processing /home/airflow/.local/lib/python3.12/site-packages/airflow/example_dags/example_external_task_marker_dag.py took 0.035 seconds
[2024-05-12T00:45:55.890+0000] {processor.py:161} INFO - Started process (PID=8708) to work on /home/airflow/.local/lib/python3.12/site-packages/airflow/example_dags/example_external_task_marker_dag.py
[2024-05-12T00:45:55.890+0000] {processor.py:830} INFO - Processing file /home/airflow/.local/lib/python3.12/site-packages/airflow/example_dags/example_external_task_marker_dag.py for tasks to queue
[2024-05-12T00:45:55.891+0000] {logging_mixin.py:188} INFO - [2024-05-12T00:45:55.891+0000] {dagbag.py:545} INFO - Filling up the DagBag from /home/airflow/.local/lib/python3.12/site-packages/airflow/example_dags/example_external_task_marker_dag.py
[2024-05-12T00:45:55.895+0000] {processor.py:840} INFO - DAG(s) 'example_external_task_marker_child', 'example_external_task_marker_parent' retrieved from /home/airflow/.local/lib/python3.12/site-packages/airflow/example_dags/example_external_task_marker_dag.py
[2024-05-12T00:45:55.907+0000] {logging_mixin.py:188} INFO - [2024-05-12T00:45:55.907+0000] {dag.py:3096} INFO - Sync 2 DAGs
[2024-05-12T00:45:55.914+0000] {logging_mixin.py:188} INFO - [2024-05-12T00:45:55.913+0000] {dag.py:3954} INFO - Setting next_dagrun for example_external_task_marker_child to None, run_after=None
[2024-05-12T00:45:55.916+0000] {logging_mixin.py:188} INFO - [2024-05-12T00:45:55.916+0000] {dag.py:3954} INFO - Setting next_dagrun for example_external_task_marker_parent to None, run_after=None
[2024-05-12T00:45:55.923+0000] {processor.py:183} INFO - Processing /home/airflow/.local/lib/python3.12/site-packages/airflow/example_dags/example_external_task_marker_dag.py took 0.037 seconds
[2024-05-12T00:46:26.722+0000] {processor.py:161} INFO - Started process (PID=8970) to work on /home/airflow/.local/lib/python3.12/site-packages/airflow/example_dags/example_external_task_marker_dag.py
[2024-05-12T00:46:26.723+0000] {processor.py:830} INFO - Processing file /home/airflow/.local/lib/python3.12/site-packages/airflow/example_dags/example_external_task_marker_dag.py for tasks to queue
[2024-05-12T00:46:26.724+0000] {logging_mixin.py:188} INFO - [2024-05-12T00:46:26.724+0000] {dagbag.py:545} INFO - Filling up the DagBag from /home/airflow/.local/lib/python3.12/site-packages/airflow/example_dags/example_external_task_marker_dag.py
[2024-05-12T00:46:26.727+0000] {processor.py:840} INFO - DAG(s) 'example_external_task_marker_parent', 'example_external_task_marker_child' retrieved from /home/airflow/.local/lib/python3.12/site-packages/airflow/example_dags/example_external_task_marker_dag.py
[2024-05-12T00:46:26.741+0000] {logging_mixin.py:188} INFO - [2024-05-12T00:46:26.740+0000] {dag.py:3096} INFO - Sync 2 DAGs
[2024-05-12T00:46:26.748+0000] {logging_mixin.py:188} INFO - [2024-05-12T00:46:26.748+0000] {dag.py:3954} INFO - Setting next_dagrun for example_external_task_marker_child to None, run_after=None
[2024-05-12T00:46:26.750+0000] {logging_mixin.py:188} INFO - [2024-05-12T00:46:26.750+0000] {dag.py:3954} INFO - Setting next_dagrun for example_external_task_marker_parent to None, run_after=None
[2024-05-12T00:46:26.758+0000] {processor.py:183} INFO - Processing /home/airflow/.local/lib/python3.12/site-packages/airflow/example_dags/example_external_task_marker_dag.py took 0.039 seconds
[2024-05-12T00:46:57.616+0000] {processor.py:161} INFO - Started process (PID=9234) to work on /home/airflow/.local/lib/python3.12/site-packages/airflow/example_dags/example_external_task_marker_dag.py
[2024-05-12T00:46:57.617+0000] {processor.py:830} INFO - Processing file /home/airflow/.local/lib/python3.12/site-packages/airflow/example_dags/example_external_task_marker_dag.py for tasks to queue
[2024-05-12T00:46:57.618+0000] {logging_mixin.py:188} INFO - [2024-05-12T00:46:57.618+0000] {dagbag.py:545} INFO - Filling up the DagBag from /home/airflow/.local/lib/python3.12/site-packages/airflow/example_dags/example_external_task_marker_dag.py
[2024-05-12T00:46:57.621+0000] {processor.py:840} INFO - DAG(s) 'example_external_task_marker_parent', 'example_external_task_marker_child' retrieved from /home/airflow/.local/lib/python3.12/site-packages/airflow/example_dags/example_external_task_marker_dag.py
[2024-05-12T00:46:57.632+0000] {logging_mixin.py:188} INFO - [2024-05-12T00:46:57.632+0000] {dag.py:3096} INFO - Sync 2 DAGs
[2024-05-12T00:46:57.638+0000] {logging_mixin.py:188} INFO - [2024-05-12T00:46:57.638+0000] {dag.py:3954} INFO - Setting next_dagrun for example_external_task_marker_child to None, run_after=None
[2024-05-12T00:46:57.640+0000] {logging_mixin.py:188} INFO - [2024-05-12T00:46:57.640+0000] {dag.py:3954} INFO - Setting next_dagrun for example_external_task_marker_parent to None, run_after=None
[2024-05-12T00:46:57.646+0000] {processor.py:183} INFO - Processing /home/airflow/.local/lib/python3.12/site-packages/airflow/example_dags/example_external_task_marker_dag.py took 0.033 seconds
[2024-05-12T00:47:28.436+0000] {processor.py:161} INFO - Started process (PID=9495) to work on /home/airflow/.local/lib/python3.12/site-packages/airflow/example_dags/example_external_task_marker_dag.py
[2024-05-12T00:47:28.436+0000] {processor.py:830} INFO - Processing file /home/airflow/.local/lib/python3.12/site-packages/airflow/example_dags/example_external_task_marker_dag.py for tasks to queue
[2024-05-12T00:47:28.437+0000] {logging_mixin.py:188} INFO - [2024-05-12T00:47:28.437+0000] {dagbag.py:545} INFO - Filling up the DagBag from /home/airflow/.local/lib/python3.12/site-packages/airflow/example_dags/example_external_task_marker_dag.py
[2024-05-12T00:47:28.440+0000] {processor.py:840} INFO - DAG(s) 'example_external_task_marker_parent', 'example_external_task_marker_child' retrieved from /home/airflow/.local/lib/python3.12/site-packages/airflow/example_dags/example_external_task_marker_dag.py
[2024-05-12T00:47:28.451+0000] {logging_mixin.py:188} INFO - [2024-05-12T00:47:28.451+0000] {dag.py:3096} INFO - Sync 2 DAGs
[2024-05-12T00:47:28.456+0000] {logging_mixin.py:188} INFO - [2024-05-12T00:47:28.456+0000] {dag.py:3954} INFO - Setting next_dagrun for example_external_task_marker_child to None, run_after=None
[2024-05-12T00:47:28.458+0000] {logging_mixin.py:188} INFO - [2024-05-12T00:47:28.458+0000] {dag.py:3954} INFO - Setting next_dagrun for example_external_task_marker_parent to None, run_after=None
[2024-05-12T00:47:28.465+0000] {processor.py:183} INFO - Processing /home/airflow/.local/lib/python3.12/site-packages/airflow/example_dags/example_external_task_marker_dag.py took 0.031 seconds
[2024-05-12T00:47:59.275+0000] {processor.py:161} INFO - Started process (PID=9755) to work on /home/airflow/.local/lib/python3.12/site-packages/airflow/example_dags/example_external_task_marker_dag.py
[2024-05-12T00:47:59.275+0000] {processor.py:830} INFO - Processing file /home/airflow/.local/lib/python3.12/site-packages/airflow/example_dags/example_external_task_marker_dag.py for tasks to queue
[2024-05-12T00:47:59.276+0000] {logging_mixin.py:188} INFO - [2024-05-12T00:47:59.276+0000] {dagbag.py:545} INFO - Filling up the DagBag from /home/airflow/.local/lib/python3.12/site-packages/airflow/example_dags/example_external_task_marker_dag.py
[2024-05-12T00:47:59.280+0000] {processor.py:840} INFO - DAG(s) 'example_external_task_marker_parent', 'example_external_task_marker_child' retrieved from /home/airflow/.local/lib/python3.12/site-packages/airflow/example_dags/example_external_task_marker_dag.py
[2024-05-12T00:47:59.291+0000] {logging_mixin.py:188} INFO - [2024-05-12T00:47:59.291+0000] {dag.py:3096} INFO - Sync 2 DAGs
[2024-05-12T00:47:59.297+0000] {logging_mixin.py:188} INFO - [2024-05-12T00:47:59.297+0000] {dag.py:3954} INFO - Setting next_dagrun for example_external_task_marker_child to None, run_after=None
[2024-05-12T00:47:59.299+0000] {logging_mixin.py:188} INFO - [2024-05-12T00:47:59.299+0000] {dag.py:3954} INFO - Setting next_dagrun for example_external_task_marker_parent to None, run_after=None
[2024-05-12T00:47:59.306+0000] {processor.py:183} INFO - Processing /home/airflow/.local/lib/python3.12/site-packages/airflow/example_dags/example_external_task_marker_dag.py took 0.035 seconds
[2024-05-12T00:48:30.091+0000] {processor.py:161} INFO - Started process (PID=10017) to work on /home/airflow/.local/lib/python3.12/site-packages/airflow/example_dags/example_external_task_marker_dag.py
[2024-05-12T00:48:30.092+0000] {processor.py:830} INFO - Processing file /home/airflow/.local/lib/python3.12/site-packages/airflow/example_dags/example_external_task_marker_dag.py for tasks to queue
[2024-05-12T00:48:30.093+0000] {logging_mixin.py:188} INFO - [2024-05-12T00:48:30.093+0000] {dagbag.py:545} INFO - Filling up the DagBag from /home/airflow/.local/lib/python3.12/site-packages/airflow/example_dags/example_external_task_marker_dag.py
[2024-05-12T00:48:30.096+0000] {processor.py:840} INFO - DAG(s) 'example_external_task_marker_child', 'example_external_task_marker_parent' retrieved from /home/airflow/.local/lib/python3.12/site-packages/airflow/example_dags/example_external_task_marker_dag.py
[2024-05-12T00:48:30.108+0000] {logging_mixin.py:188} INFO - [2024-05-12T00:48:30.107+0000] {dag.py:3096} INFO - Sync 2 DAGs
[2024-05-12T00:48:30.114+0000] {logging_mixin.py:188} INFO - [2024-05-12T00:48:30.114+0000] {dag.py:3954} INFO - Setting next_dagrun for example_external_task_marker_child to None, run_after=None
[2024-05-12T00:48:30.116+0000] {logging_mixin.py:188} INFO - [2024-05-12T00:48:30.116+0000] {dag.py:3954} INFO - Setting next_dagrun for example_external_task_marker_parent to None, run_after=None
[2024-05-12T00:48:30.123+0000] {processor.py:183} INFO - Processing /home/airflow/.local/lib/python3.12/site-packages/airflow/example_dags/example_external_task_marker_dag.py took 0.035 seconds
[2024-05-12T00:49:00.245+0000] {processor.py:161} INFO - Started process (PID=10279) to work on /home/airflow/.local/lib/python3.12/site-packages/airflow/example_dags/example_external_task_marker_dag.py
[2024-05-12T00:49:00.245+0000] {processor.py:830} INFO - Processing file /home/airflow/.local/lib/python3.12/site-packages/airflow/example_dags/example_external_task_marker_dag.py for tasks to queue
[2024-05-12T00:49:00.250+0000] {logging_mixin.py:188} INFO - [2024-05-12T00:49:00.250+0000] {dagbag.py:545} INFO - Filling up the DagBag from /home/airflow/.local/lib/python3.12/site-packages/airflow/example_dags/example_external_task_marker_dag.py
[2024-05-12T00:49:00.254+0000] {processor.py:840} INFO - DAG(s) 'example_external_task_marker_parent', 'example_external_task_marker_child' retrieved from /home/airflow/.local/lib/python3.12/site-packages/airflow/example_dags/example_external_task_marker_dag.py
[2024-05-12T00:49:00.268+0000] {logging_mixin.py:188} INFO - [2024-05-12T00:49:00.268+0000] {dag.py:3096} INFO - Sync 2 DAGs
[2024-05-12T00:49:00.274+0000] {logging_mixin.py:188} INFO - [2024-05-12T00:49:00.274+0000] {dag.py:3954} INFO - Setting next_dagrun for example_external_task_marker_child to None, run_after=None
[2024-05-12T00:49:00.276+0000] {logging_mixin.py:188} INFO - [2024-05-12T00:49:00.276+0000] {dag.py:3954} INFO - Setting next_dagrun for example_external_task_marker_parent to None, run_after=None
[2024-05-12T00:49:00.283+0000] {processor.py:183} INFO - Processing /home/airflow/.local/lib/python3.12/site-packages/airflow/example_dags/example_external_task_marker_dag.py took 0.041 seconds
[2024-05-12T01:06:46.019+0000] {processor.py:161} INFO - Started process (PID=10541) to work on /home/airflow/.local/lib/python3.12/site-packages/airflow/example_dags/example_external_task_marker_dag.py
[2024-05-12T01:06:46.020+0000] {processor.py:830} INFO - Processing file /home/airflow/.local/lib/python3.12/site-packages/airflow/example_dags/example_external_task_marker_dag.py for tasks to queue
[2024-05-12T01:06:46.021+0000] {logging_mixin.py:188} INFO - [2024-05-12T01:06:46.020+0000] {dagbag.py:545} INFO - Filling up the DagBag from /home/airflow/.local/lib/python3.12/site-packages/airflow/example_dags/example_external_task_marker_dag.py
[2024-05-12T01:06:46.024+0000] {processor.py:840} INFO - DAG(s) 'example_external_task_marker_child', 'example_external_task_marker_parent' retrieved from /home/airflow/.local/lib/python3.12/site-packages/airflow/example_dags/example_external_task_marker_dag.py
[2024-05-12T01:06:46.035+0000] {logging_mixin.py:188} INFO - [2024-05-12T01:06:46.035+0000] {dag.py:3096} INFO - Sync 2 DAGs
[2024-05-12T01:06:46.041+0000] {logging_mixin.py:188} INFO - [2024-05-12T01:06:46.041+0000] {dag.py:3954} INFO - Setting next_dagrun for example_external_task_marker_child to None, run_after=None
[2024-05-12T01:06:46.043+0000] {logging_mixin.py:188} INFO - [2024-05-12T01:06:46.043+0000] {dag.py:3954} INFO - Setting next_dagrun for example_external_task_marker_parent to None, run_after=None
[2024-05-12T01:06:46.050+0000] {processor.py:183} INFO - Processing /home/airflow/.local/lib/python3.12/site-packages/airflow/example_dags/example_external_task_marker_dag.py took 0.033 seconds
[2024-05-12T01:10:18.262+0000] {processor.py:161} INFO - Started process (PID=10804) to work on /home/airflow/.local/lib/python3.12/site-packages/airflow/example_dags/example_external_task_marker_dag.py
[2024-05-12T01:10:18.263+0000] {processor.py:830} INFO - Processing file /home/airflow/.local/lib/python3.12/site-packages/airflow/example_dags/example_external_task_marker_dag.py for tasks to queue
[2024-05-12T01:10:18.264+0000] {logging_mixin.py:188} INFO - [2024-05-12T01:10:18.264+0000] {dagbag.py:545} INFO - Filling up the DagBag from /home/airflow/.local/lib/python3.12/site-packages/airflow/example_dags/example_external_task_marker_dag.py
[2024-05-12T01:10:18.268+0000] {processor.py:840} INFO - DAG(s) 'example_external_task_marker_child', 'example_external_task_marker_parent' retrieved from /home/airflow/.local/lib/python3.12/site-packages/airflow/example_dags/example_external_task_marker_dag.py
[2024-05-12T01:10:18.281+0000] {logging_mixin.py:188} INFO - [2024-05-12T01:10:18.281+0000] {dag.py:3096} INFO - Sync 2 DAGs
[2024-05-12T01:10:18.288+0000] {logging_mixin.py:188} INFO - [2024-05-12T01:10:18.288+0000] {dag.py:3954} INFO - Setting next_dagrun for example_external_task_marker_child to None, run_after=None
[2024-05-12T01:10:18.290+0000] {logging_mixin.py:188} INFO - [2024-05-12T01:10:18.290+0000] {dag.py:3954} INFO - Setting next_dagrun for example_external_task_marker_parent to None, run_after=None
[2024-05-12T01:10:18.299+0000] {processor.py:183} INFO - Processing /home/airflow/.local/lib/python3.12/site-packages/airflow/example_dags/example_external_task_marker_dag.py took 0.040 seconds
[2024-05-12T01:10:49.724+0000] {processor.py:161} INFO - Started process (PID=11066) to work on /home/airflow/.local/lib/python3.12/site-packages/airflow/example_dags/example_external_task_marker_dag.py
[2024-05-12T01:10:49.724+0000] {processor.py:830} INFO - Processing file /home/airflow/.local/lib/python3.12/site-packages/airflow/example_dags/example_external_task_marker_dag.py for tasks to queue
[2024-05-12T01:10:49.726+0000] {logging_mixin.py:188} INFO - [2024-05-12T01:10:49.725+0000] {dagbag.py:545} INFO - Filling up the DagBag from /home/airflow/.local/lib/python3.12/site-packages/airflow/example_dags/example_external_task_marker_dag.py
[2024-05-12T01:10:49.729+0000] {processor.py:840} INFO - DAG(s) 'example_external_task_marker_child', 'example_external_task_marker_parent' retrieved from /home/airflow/.local/lib/python3.12/site-packages/airflow/example_dags/example_external_task_marker_dag.py
[2024-05-12T01:10:49.830+0000] {logging_mixin.py:188} INFO - [2024-05-12T01:10:49.830+0000] {dag.py:3096} INFO - Sync 2 DAGs
[2024-05-12T01:10:49.836+0000] {logging_mixin.py:188} INFO - [2024-05-12T01:10:49.836+0000] {dag.py:3954} INFO - Setting next_dagrun for example_external_task_marker_child to None, run_after=None
[2024-05-12T01:10:49.838+0000] {logging_mixin.py:188} INFO - [2024-05-12T01:10:49.838+0000] {dag.py:3954} INFO - Setting next_dagrun for example_external_task_marker_parent to None, run_after=None
[2024-05-12T01:10:49.847+0000] {processor.py:183} INFO - Processing /home/airflow/.local/lib/python3.12/site-packages/airflow/example_dags/example_external_task_marker_dag.py took 0.126 seconds
[2024-05-12T01:11:19.897+0000] {processor.py:161} INFO - Started process (PID=11326) to work on /home/airflow/.local/lib/python3.12/site-packages/airflow/example_dags/example_external_task_marker_dag.py
[2024-05-12T01:11:19.897+0000] {processor.py:830} INFO - Processing file /home/airflow/.local/lib/python3.12/site-packages/airflow/example_dags/example_external_task_marker_dag.py for tasks to queue
[2024-05-12T01:11:19.898+0000] {logging_mixin.py:188} INFO - [2024-05-12T01:11:19.898+0000] {dagbag.py:545} INFO - Filling up the DagBag from /home/airflow/.local/lib/python3.12/site-packages/airflow/example_dags/example_external_task_marker_dag.py
[2024-05-12T01:11:19.902+0000] {processor.py:840} INFO - DAG(s) 'example_external_task_marker_child', 'example_external_task_marker_parent' retrieved from /home/airflow/.local/lib/python3.12/site-packages/airflow/example_dags/example_external_task_marker_dag.py
[2024-05-12T01:11:19.915+0000] {logging_mixin.py:188} INFO - [2024-05-12T01:11:19.915+0000] {dag.py:3096} INFO - Sync 2 DAGs
[2024-05-12T01:11:20.013+0000] {logging_mixin.py:188} INFO - [2024-05-12T01:11:20.013+0000] {dag.py:3954} INFO - Setting next_dagrun for example_external_task_marker_child to None, run_after=None
[2024-05-12T01:11:20.015+0000] {logging_mixin.py:188} INFO - [2024-05-12T01:11:20.015+0000] {dag.py:3954} INFO - Setting next_dagrun for example_external_task_marker_parent to None, run_after=None
[2024-05-12T01:11:20.023+0000] {processor.py:183} INFO - Processing /home/airflow/.local/lib/python3.12/site-packages/airflow/example_dags/example_external_task_marker_dag.py took 0.129 seconds
[2024-05-12T01:11:50.412+0000] {processor.py:161} INFO - Started process (PID=11588) to work on /home/airflow/.local/lib/python3.12/site-packages/airflow/example_dags/example_external_task_marker_dag.py
[2024-05-12T01:11:50.412+0000] {processor.py:830} INFO - Processing file /home/airflow/.local/lib/python3.12/site-packages/airflow/example_dags/example_external_task_marker_dag.py for tasks to queue
[2024-05-12T01:11:50.413+0000] {logging_mixin.py:188} INFO - [2024-05-12T01:11:50.413+0000] {dagbag.py:545} INFO - Filling up the DagBag from /home/airflow/.local/lib/python3.12/site-packages/airflow/example_dags/example_external_task_marker_dag.py
[2024-05-12T01:11:50.417+0000] {processor.py:840} INFO - DAG(s) 'example_external_task_marker_child', 'example_external_task_marker_parent' retrieved from /home/airflow/.local/lib/python3.12/site-packages/airflow/example_dags/example_external_task_marker_dag.py
[2024-05-12T01:11:50.429+0000] {logging_mixin.py:188} INFO - [2024-05-12T01:11:50.429+0000] {dag.py:3096} INFO - Sync 2 DAGs
[2024-05-12T01:11:50.435+0000] {logging_mixin.py:188} INFO - [2024-05-12T01:11:50.435+0000] {dag.py:3954} INFO - Setting next_dagrun for example_external_task_marker_child to None, run_after=None
[2024-05-12T01:11:50.437+0000] {logging_mixin.py:188} INFO - [2024-05-12T01:11:50.437+0000] {dag.py:3954} INFO - Setting next_dagrun for example_external_task_marker_parent to None, run_after=None
[2024-05-12T01:11:50.445+0000] {processor.py:183} INFO - Processing /home/airflow/.local/lib/python3.12/site-packages/airflow/example_dags/example_external_task_marker_dag.py took 0.037 seconds
[2024-05-12T01:12:21.355+0000] {processor.py:161} INFO - Started process (PID=11850) to work on /home/airflow/.local/lib/python3.12/site-packages/airflow/example_dags/example_external_task_marker_dag.py
[2024-05-12T01:12:21.356+0000] {processor.py:830} INFO - Processing file /home/airflow/.local/lib/python3.12/site-packages/airflow/example_dags/example_external_task_marker_dag.py for tasks to queue
[2024-05-12T01:12:21.357+0000] {logging_mixin.py:188} INFO - [2024-05-12T01:12:21.357+0000] {dagbag.py:545} INFO - Filling up the DagBag from /home/airflow/.local/lib/python3.12/site-packages/airflow/example_dags/example_external_task_marker_dag.py
[2024-05-12T01:12:21.360+0000] {processor.py:840} INFO - DAG(s) 'example_external_task_marker_child', 'example_external_task_marker_parent' retrieved from /home/airflow/.local/lib/python3.12/site-packages/airflow/example_dags/example_external_task_marker_dag.py
[2024-05-12T01:12:21.372+0000] {logging_mixin.py:188} INFO - [2024-05-12T01:12:21.372+0000] {dag.py:3096} INFO - Sync 2 DAGs
[2024-05-12T01:12:21.379+0000] {logging_mixin.py:188} INFO - [2024-05-12T01:12:21.379+0000] {dag.py:3954} INFO - Setting next_dagrun for example_external_task_marker_child to None, run_after=None
[2024-05-12T01:12:21.381+0000] {logging_mixin.py:188} INFO - [2024-05-12T01:12:21.381+0000] {dag.py:3954} INFO - Setting next_dagrun for example_external_task_marker_parent to None, run_after=None
[2024-05-12T01:12:21.390+0000] {processor.py:183} INFO - Processing /home/airflow/.local/lib/python3.12/site-packages/airflow/example_dags/example_external_task_marker_dag.py took 0.038 seconds
[2024-05-12T01:12:52.266+0000] {processor.py:161} INFO - Started process (PID=12112) to work on /home/airflow/.local/lib/python3.12/site-packages/airflow/example_dags/example_external_task_marker_dag.py
[2024-05-12T01:12:52.267+0000] {processor.py:830} INFO - Processing file /home/airflow/.local/lib/python3.12/site-packages/airflow/example_dags/example_external_task_marker_dag.py for tasks to queue
[2024-05-12T01:12:52.268+0000] {logging_mixin.py:188} INFO - [2024-05-12T01:12:52.268+0000] {dagbag.py:545} INFO - Filling up the DagBag from /home/airflow/.local/lib/python3.12/site-packages/airflow/example_dags/example_external_task_marker_dag.py
[2024-05-12T01:12:52.272+0000] {processor.py:840} INFO - DAG(s) 'example_external_task_marker_parent', 'example_external_task_marker_child' retrieved from /home/airflow/.local/lib/python3.12/site-packages/airflow/example_dags/example_external_task_marker_dag.py
[2024-05-12T01:12:52.284+0000] {logging_mixin.py:188} INFO - [2024-05-12T01:12:52.284+0000] {dag.py:3096} INFO - Sync 2 DAGs
[2024-05-12T01:12:52.291+0000] {logging_mixin.py:188} INFO - [2024-05-12T01:12:52.290+0000] {dag.py:3954} INFO - Setting next_dagrun for example_external_task_marker_child to None, run_after=None
[2024-05-12T01:12:52.293+0000] {logging_mixin.py:188} INFO - [2024-05-12T01:12:52.293+0000] {dag.py:3954} INFO - Setting next_dagrun for example_external_task_marker_parent to None, run_after=None
[2024-05-12T01:12:52.301+0000] {processor.py:183} INFO - Processing /home/airflow/.local/lib/python3.12/site-packages/airflow/example_dags/example_external_task_marker_dag.py took 0.038 seconds
[2024-05-12T01:13:23.139+0000] {processor.py:161} INFO - Started process (PID=12373) to work on /home/airflow/.local/lib/python3.12/site-packages/airflow/example_dags/example_external_task_marker_dag.py
[2024-05-12T01:13:23.139+0000] {processor.py:830} INFO - Processing file /home/airflow/.local/lib/python3.12/site-packages/airflow/example_dags/example_external_task_marker_dag.py for tasks to queue
[2024-05-12T01:13:23.141+0000] {logging_mixin.py:188} INFO - [2024-05-12T01:13:23.140+0000] {dagbag.py:545} INFO - Filling up the DagBag from /home/airflow/.local/lib/python3.12/site-packages/airflow/example_dags/example_external_task_marker_dag.py
[2024-05-12T01:13:23.144+0000] {processor.py:840} INFO - DAG(s) 'example_external_task_marker_parent', 'example_external_task_marker_child' retrieved from /home/airflow/.local/lib/python3.12/site-packages/airflow/example_dags/example_external_task_marker_dag.py
[2024-05-12T01:13:23.156+0000] {logging_mixin.py:188} INFO - [2024-05-12T01:13:23.156+0000] {dag.py:3096} INFO - Sync 2 DAGs
[2024-05-12T01:13:23.163+0000] {logging_mixin.py:188} INFO - [2024-05-12T01:13:23.163+0000] {dag.py:3954} INFO - Setting next_dagrun for example_external_task_marker_child to None, run_after=None
[2024-05-12T01:13:23.165+0000] {logging_mixin.py:188} INFO - [2024-05-12T01:13:23.165+0000] {dag.py:3954} INFO - Setting next_dagrun for example_external_task_marker_parent to None, run_after=None
[2024-05-12T01:13:23.173+0000] {processor.py:183} INFO - Processing /home/airflow/.local/lib/python3.12/site-packages/airflow/example_dags/example_external_task_marker_dag.py took 0.037 seconds
[2024-05-12T01:13:54.045+0000] {processor.py:161} INFO - Started process (PID=12635) to work on /home/airflow/.local/lib/python3.12/site-packages/airflow/example_dags/example_external_task_marker_dag.py
[2024-05-12T01:13:54.046+0000] {processor.py:830} INFO - Processing file /home/airflow/.local/lib/python3.12/site-packages/airflow/example_dags/example_external_task_marker_dag.py for tasks to queue
[2024-05-12T01:13:54.047+0000] {logging_mixin.py:188} INFO - [2024-05-12T01:13:54.047+0000] {dagbag.py:545} INFO - Filling up the DagBag from /home/airflow/.local/lib/python3.12/site-packages/airflow/example_dags/example_external_task_marker_dag.py
[2024-05-12T01:13:54.051+0000] {processor.py:840} INFO - DAG(s) 'example_external_task_marker_child', 'example_external_task_marker_parent' retrieved from /home/airflow/.local/lib/python3.12/site-packages/airflow/example_dags/example_external_task_marker_dag.py
[2024-05-12T01:13:54.062+0000] {logging_mixin.py:188} INFO - [2024-05-12T01:13:54.062+0000] {dag.py:3096} INFO - Sync 2 DAGs
[2024-05-12T01:13:54.069+0000] {logging_mixin.py:188} INFO - [2024-05-12T01:13:54.069+0000] {dag.py:3954} INFO - Setting next_dagrun for example_external_task_marker_child to None, run_after=None
[2024-05-12T01:13:54.071+0000] {logging_mixin.py:188} INFO - [2024-05-12T01:13:54.071+0000] {dag.py:3954} INFO - Setting next_dagrun for example_external_task_marker_parent to None, run_after=None
[2024-05-12T01:13:54.079+0000] {processor.py:183} INFO - Processing /home/airflow/.local/lib/python3.12/site-packages/airflow/example_dags/example_external_task_marker_dag.py took 0.037 seconds
[2024-05-12T01:14:25.013+0000] {processor.py:161} INFO - Started process (PID=12896) to work on /home/airflow/.local/lib/python3.12/site-packages/airflow/example_dags/example_external_task_marker_dag.py
[2024-05-12T01:14:25.014+0000] {processor.py:830} INFO - Processing file /home/airflow/.local/lib/python3.12/site-packages/airflow/example_dags/example_external_task_marker_dag.py for tasks to queue
[2024-05-12T01:14:25.015+0000] {logging_mixin.py:188} INFO - [2024-05-12T01:14:25.015+0000] {dagbag.py:545} INFO - Filling up the DagBag from /home/airflow/.local/lib/python3.12/site-packages/airflow/example_dags/example_external_task_marker_dag.py
[2024-05-12T01:14:25.020+0000] {processor.py:840} INFO - DAG(s) 'example_external_task_marker_child', 'example_external_task_marker_parent' retrieved from /home/airflow/.local/lib/python3.12/site-packages/airflow/example_dags/example_external_task_marker_dag.py
[2024-05-12T01:14:25.032+0000] {logging_mixin.py:188} INFO - [2024-05-12T01:14:25.032+0000] {dag.py:3096} INFO - Sync 2 DAGs
[2024-05-12T01:14:25.038+0000] {logging_mixin.py:188} INFO - [2024-05-12T01:14:25.038+0000] {dag.py:3954} INFO - Setting next_dagrun for example_external_task_marker_child to None, run_after=None
[2024-05-12T01:14:25.043+0000] {logging_mixin.py:188} INFO - [2024-05-12T01:14:25.042+0000] {dag.py:3954} INFO - Setting next_dagrun for example_external_task_marker_parent to None, run_after=None
[2024-05-12T01:14:25.053+0000] {processor.py:183} INFO - Processing /home/airflow/.local/lib/python3.12/site-packages/airflow/example_dags/example_external_task_marker_dag.py took 0.042 seconds
[2024-05-12T01:14:56.000+0000] {processor.py:161} INFO - Started process (PID=13160) to work on /home/airflow/.local/lib/python3.12/site-packages/airflow/example_dags/example_external_task_marker_dag.py
[2024-05-12T01:14:56.001+0000] {processor.py:830} INFO - Processing file /home/airflow/.local/lib/python3.12/site-packages/airflow/example_dags/example_external_task_marker_dag.py for tasks to queue
[2024-05-12T01:14:56.002+0000] {logging_mixin.py:188} INFO - [2024-05-12T01:14:56.002+0000] {dagbag.py:545} INFO - Filling up the DagBag from /home/airflow/.local/lib/python3.12/site-packages/airflow/example_dags/example_external_task_marker_dag.py
[2024-05-12T01:14:56.005+0000] {processor.py:840} INFO - DAG(s) 'example_external_task_marker_parent', 'example_external_task_marker_child' retrieved from /home/airflow/.local/lib/python3.12/site-packages/airflow/example_dags/example_external_task_marker_dag.py
[2024-05-12T01:14:56.017+0000] {logging_mixin.py:188} INFO - [2024-05-12T01:14:56.017+0000] {dag.py:3096} INFO - Sync 2 DAGs
[2024-05-12T01:14:56.023+0000] {logging_mixin.py:188} INFO - [2024-05-12T01:14:56.023+0000] {dag.py:3954} INFO - Setting next_dagrun for example_external_task_marker_child to None, run_after=None
[2024-05-12T01:14:56.025+0000] {logging_mixin.py:188} INFO - [2024-05-12T01:14:56.025+0000] {dag.py:3954} INFO - Setting next_dagrun for example_external_task_marker_parent to None, run_after=None
[2024-05-12T01:14:56.032+0000] {processor.py:183} INFO - Processing /home/airflow/.local/lib/python3.12/site-packages/airflow/example_dags/example_external_task_marker_dag.py took 0.035 seconds
[2024-05-12T01:15:26.932+0000] {processor.py:161} INFO - Started process (PID=13420) to work on /home/airflow/.local/lib/python3.12/site-packages/airflow/example_dags/example_external_task_marker_dag.py
[2024-05-12T01:15:26.932+0000] {processor.py:830} INFO - Processing file /home/airflow/.local/lib/python3.12/site-packages/airflow/example_dags/example_external_task_marker_dag.py for tasks to queue
[2024-05-12T01:15:26.933+0000] {logging_mixin.py:188} INFO - [2024-05-12T01:15:26.933+0000] {dagbag.py:545} INFO - Filling up the DagBag from /home/airflow/.local/lib/python3.12/site-packages/airflow/example_dags/example_external_task_marker_dag.py
[2024-05-12T01:15:26.936+0000] {processor.py:840} INFO - DAG(s) 'example_external_task_marker_child', 'example_external_task_marker_parent' retrieved from /home/airflow/.local/lib/python3.12/site-packages/airflow/example_dags/example_external_task_marker_dag.py
[2024-05-12T01:15:26.948+0000] {logging_mixin.py:188} INFO - [2024-05-12T01:15:26.948+0000] {dag.py:3096} INFO - Sync 2 DAGs
[2024-05-12T01:15:26.954+0000] {logging_mixin.py:188} INFO - [2024-05-12T01:15:26.954+0000] {dag.py:3954} INFO - Setting next_dagrun for example_external_task_marker_child to None, run_after=None
[2024-05-12T01:15:26.956+0000] {logging_mixin.py:188} INFO - [2024-05-12T01:15:26.956+0000] {dag.py:3954} INFO - Setting next_dagrun for example_external_task_marker_parent to None, run_after=None
[2024-05-12T01:15:26.963+0000] {processor.py:183} INFO - Processing /home/airflow/.local/lib/python3.12/site-packages/airflow/example_dags/example_external_task_marker_dag.py took 0.035 seconds
[2024-05-12T01:15:57.797+0000] {processor.py:161} INFO - Started process (PID=13682) to work on /home/airflow/.local/lib/python3.12/site-packages/airflow/example_dags/example_external_task_marker_dag.py
[2024-05-12T01:15:57.798+0000] {processor.py:830} INFO - Processing file /home/airflow/.local/lib/python3.12/site-packages/airflow/example_dags/example_external_task_marker_dag.py for tasks to queue
[2024-05-12T01:15:57.799+0000] {logging_mixin.py:188} INFO - [2024-05-12T01:15:57.799+0000] {dagbag.py:545} INFO - Filling up the DagBag from /home/airflow/.local/lib/python3.12/site-packages/airflow/example_dags/example_external_task_marker_dag.py
[2024-05-12T01:15:57.802+0000] {processor.py:840} INFO - DAG(s) 'example_external_task_marker_child', 'example_external_task_marker_parent' retrieved from /home/airflow/.local/lib/python3.12/site-packages/airflow/example_dags/example_external_task_marker_dag.py
[2024-05-12T01:15:57.814+0000] {logging_mixin.py:188} INFO - [2024-05-12T01:15:57.814+0000] {dag.py:3096} INFO - Sync 2 DAGs
[2024-05-12T01:15:57.821+0000] {logging_mixin.py:188} INFO - [2024-05-12T01:15:57.821+0000] {dag.py:3954} INFO - Setting next_dagrun for example_external_task_marker_child to None, run_after=None
[2024-05-12T01:15:57.823+0000] {logging_mixin.py:188} INFO - [2024-05-12T01:15:57.823+0000] {dag.py:3954} INFO - Setting next_dagrun for example_external_task_marker_parent to None, run_after=None
[2024-05-12T01:15:57.830+0000] {processor.py:183} INFO - Processing /home/airflow/.local/lib/python3.12/site-packages/airflow/example_dags/example_external_task_marker_dag.py took 0.036 seconds
[2024-05-12T01:16:28.555+0000] {processor.py:161} INFO - Started process (PID=13944) to work on /home/airflow/.local/lib/python3.12/site-packages/airflow/example_dags/example_external_task_marker_dag.py
[2024-05-12T01:16:28.555+0000] {processor.py:830} INFO - Processing file /home/airflow/.local/lib/python3.12/site-packages/airflow/example_dags/example_external_task_marker_dag.py for tasks to queue
[2024-05-12T01:16:28.556+0000] {logging_mixin.py:188} INFO - [2024-05-12T01:16:28.556+0000] {dagbag.py:545} INFO - Filling up the DagBag from /home/airflow/.local/lib/python3.12/site-packages/airflow/example_dags/example_external_task_marker_dag.py
[2024-05-12T01:16:28.560+0000] {processor.py:840} INFO - DAG(s) 'example_external_task_marker_child', 'example_external_task_marker_parent' retrieved from /home/airflow/.local/lib/python3.12/site-packages/airflow/example_dags/example_external_task_marker_dag.py
[2024-05-12T01:16:28.571+0000] {logging_mixin.py:188} INFO - [2024-05-12T01:16:28.571+0000] {dag.py:3096} INFO - Sync 2 DAGs
[2024-05-12T01:16:28.578+0000] {logging_mixin.py:188} INFO - [2024-05-12T01:16:28.578+0000] {dag.py:3954} INFO - Setting next_dagrun for example_external_task_marker_child to None, run_after=None
[2024-05-12T01:16:28.580+0000] {logging_mixin.py:188} INFO - [2024-05-12T01:16:28.580+0000] {dag.py:3954} INFO - Setting next_dagrun for example_external_task_marker_parent to None, run_after=None
[2024-05-12T01:16:28.588+0000] {processor.py:183} INFO - Processing /home/airflow/.local/lib/python3.12/site-packages/airflow/example_dags/example_external_task_marker_dag.py took 0.037 seconds
[2024-05-12T01:16:59.283+0000] {processor.py:161} INFO - Started process (PID=14206) to work on /home/airflow/.local/lib/python3.12/site-packages/airflow/example_dags/example_external_task_marker_dag.py
[2024-05-12T01:16:59.283+0000] {processor.py:830} INFO - Processing file /home/airflow/.local/lib/python3.12/site-packages/airflow/example_dags/example_external_task_marker_dag.py for tasks to queue
[2024-05-12T01:16:59.288+0000] {logging_mixin.py:188} INFO - [2024-05-12T01:16:59.288+0000] {dagbag.py:545} INFO - Filling up the DagBag from /home/airflow/.local/lib/python3.12/site-packages/airflow/example_dags/example_external_task_marker_dag.py
[2024-05-12T01:16:59.291+0000] {processor.py:840} INFO - DAG(s) 'example_external_task_marker_parent', 'example_external_task_marker_child' retrieved from /home/airflow/.local/lib/python3.12/site-packages/airflow/example_dags/example_external_task_marker_dag.py
[2024-05-12T01:16:59.304+0000] {logging_mixin.py:188} INFO - [2024-05-12T01:16:59.303+0000] {dag.py:3096} INFO - Sync 2 DAGs
[2024-05-12T01:16:59.310+0000] {logging_mixin.py:188} INFO - [2024-05-12T01:16:59.310+0000] {dag.py:3954} INFO - Setting next_dagrun for example_external_task_marker_child to None, run_after=None
[2024-05-12T01:16:59.312+0000] {logging_mixin.py:188} INFO - [2024-05-12T01:16:59.312+0000] {dag.py:3954} INFO - Setting next_dagrun for example_external_task_marker_parent to None, run_after=None
[2024-05-12T01:16:59.321+0000] {processor.py:183} INFO - Processing /home/airflow/.local/lib/python3.12/site-packages/airflow/example_dags/example_external_task_marker_dag.py took 0.041 seconds
[2024-05-12T01:17:30.109+0000] {processor.py:161} INFO - Started process (PID=14468) to work on /home/airflow/.local/lib/python3.12/site-packages/airflow/example_dags/example_external_task_marker_dag.py
[2024-05-12T01:17:30.109+0000] {processor.py:830} INFO - Processing file /home/airflow/.local/lib/python3.12/site-packages/airflow/example_dags/example_external_task_marker_dag.py for tasks to queue
[2024-05-12T01:17:30.110+0000] {logging_mixin.py:188} INFO - [2024-05-12T01:17:30.110+0000] {dagbag.py:545} INFO - Filling up the DagBag from /home/airflow/.local/lib/python3.12/site-packages/airflow/example_dags/example_external_task_marker_dag.py
[2024-05-12T01:17:30.113+0000] {processor.py:840} INFO - DAG(s) 'example_external_task_marker_parent', 'example_external_task_marker_child' retrieved from /home/airflow/.local/lib/python3.12/site-packages/airflow/example_dags/example_external_task_marker_dag.py
[2024-05-12T01:17:30.124+0000] {logging_mixin.py:188} INFO - [2024-05-12T01:17:30.124+0000] {dag.py:3096} INFO - Sync 2 DAGs
[2024-05-12T01:17:30.131+0000] {logging_mixin.py:188} INFO - [2024-05-12T01:17:30.131+0000] {dag.py:3954} INFO - Setting next_dagrun for example_external_task_marker_child to None, run_after=None
[2024-05-12T01:17:30.133+0000] {logging_mixin.py:188} INFO - [2024-05-12T01:17:30.133+0000] {dag.py:3954} INFO - Setting next_dagrun for example_external_task_marker_parent to None, run_after=None
[2024-05-12T01:17:30.141+0000] {processor.py:183} INFO - Processing /home/airflow/.local/lib/python3.12/site-packages/airflow/example_dags/example_external_task_marker_dag.py took 0.036 seconds
[2024-05-12T01:18:00.932+0000] {processor.py:161} INFO - Started process (PID=14730) to work on /home/airflow/.local/lib/python3.12/site-packages/airflow/example_dags/example_external_task_marker_dag.py
[2024-05-12T01:18:00.932+0000] {processor.py:830} INFO - Processing file /home/airflow/.local/lib/python3.12/site-packages/airflow/example_dags/example_external_task_marker_dag.py for tasks to queue
[2024-05-12T01:18:00.933+0000] {logging_mixin.py:188} INFO - [2024-05-12T01:18:00.933+0000] {dagbag.py:545} INFO - Filling up the DagBag from /home/airflow/.local/lib/python3.12/site-packages/airflow/example_dags/example_external_task_marker_dag.py
[2024-05-12T01:18:00.936+0000] {processor.py:840} INFO - DAG(s) 'example_external_task_marker_parent', 'example_external_task_marker_child' retrieved from /home/airflow/.local/lib/python3.12/site-packages/airflow/example_dags/example_external_task_marker_dag.py
[2024-05-12T01:18:00.947+0000] {logging_mixin.py:188} INFO - [2024-05-12T01:18:00.947+0000] {dag.py:3096} INFO - Sync 2 DAGs
[2024-05-12T01:18:00.954+0000] {logging_mixin.py:188} INFO - [2024-05-12T01:18:00.954+0000] {dag.py:3954} INFO - Setting next_dagrun for example_external_task_marker_child to None, run_after=None
[2024-05-12T01:18:00.956+0000] {logging_mixin.py:188} INFO - [2024-05-12T01:18:00.956+0000] {dag.py:3954} INFO - Setting next_dagrun for example_external_task_marker_parent to None, run_after=None
[2024-05-12T01:18:00.965+0000] {processor.py:183} INFO - Processing /home/airflow/.local/lib/python3.12/site-packages/airflow/example_dags/example_external_task_marker_dag.py took 0.036 seconds
[2024-05-12T01:18:31.765+0000] {processor.py:161} INFO - Started process (PID=14994) to work on /home/airflow/.local/lib/python3.12/site-packages/airflow/example_dags/example_external_task_marker_dag.py
[2024-05-12T01:18:31.765+0000] {processor.py:830} INFO - Processing file /home/airflow/.local/lib/python3.12/site-packages/airflow/example_dags/example_external_task_marker_dag.py for tasks to queue
[2024-05-12T01:18:31.767+0000] {logging_mixin.py:188} INFO - [2024-05-12T01:18:31.766+0000] {dagbag.py:545} INFO - Filling up the DagBag from /home/airflow/.local/lib/python3.12/site-packages/airflow/example_dags/example_external_task_marker_dag.py
[2024-05-12T01:18:31.770+0000] {processor.py:840} INFO - DAG(s) 'example_external_task_marker_parent', 'example_external_task_marker_child' retrieved from /home/airflow/.local/lib/python3.12/site-packages/airflow/example_dags/example_external_task_marker_dag.py
[2024-05-12T01:18:31.782+0000] {logging_mixin.py:188} INFO - [2024-05-12T01:18:31.782+0000] {dag.py:3096} INFO - Sync 2 DAGs
[2024-05-12T01:18:31.788+0000] {logging_mixin.py:188} INFO - [2024-05-12T01:18:31.788+0000] {dag.py:3954} INFO - Setting next_dagrun for example_external_task_marker_child to None, run_after=None
[2024-05-12T01:18:31.790+0000] {logging_mixin.py:188} INFO - [2024-05-12T01:18:31.790+0000] {dag.py:3954} INFO - Setting next_dagrun for example_external_task_marker_parent to None, run_after=None
[2024-05-12T01:18:31.797+0000] {processor.py:183} INFO - Processing /home/airflow/.local/lib/python3.12/site-packages/airflow/example_dags/example_external_task_marker_dag.py took 0.035 seconds
[2024-05-12T01:19:02.576+0000] {processor.py:161} INFO - Started process (PID=15254) to work on /home/airflow/.local/lib/python3.12/site-packages/airflow/example_dags/example_external_task_marker_dag.py
[2024-05-12T01:19:02.577+0000] {processor.py:830} INFO - Processing file /home/airflow/.local/lib/python3.12/site-packages/airflow/example_dags/example_external_task_marker_dag.py for tasks to queue
[2024-05-12T01:19:02.578+0000] {logging_mixin.py:188} INFO - [2024-05-12T01:19:02.577+0000] {dagbag.py:545} INFO - Filling up the DagBag from /home/airflow/.local/lib/python3.12/site-packages/airflow/example_dags/example_external_task_marker_dag.py
[2024-05-12T01:19:02.581+0000] {processor.py:840} INFO - DAG(s) 'example_external_task_marker_child', 'example_external_task_marker_parent' retrieved from /home/airflow/.local/lib/python3.12/site-packages/airflow/example_dags/example_external_task_marker_dag.py
[2024-05-12T01:19:02.592+0000] {logging_mixin.py:188} INFO - [2024-05-12T01:19:02.592+0000] {dag.py:3096} INFO - Sync 2 DAGs
[2024-05-12T01:19:02.599+0000] {logging_mixin.py:188} INFO - [2024-05-12T01:19:02.599+0000] {dag.py:3954} INFO - Setting next_dagrun for example_external_task_marker_child to None, run_after=None
[2024-05-12T01:19:02.601+0000] {logging_mixin.py:188} INFO - [2024-05-12T01:19:02.601+0000] {dag.py:3954} INFO - Setting next_dagrun for example_external_task_marker_parent to None, run_after=None
[2024-05-12T01:19:02.608+0000] {processor.py:183} INFO - Processing /home/airflow/.local/lib/python3.12/site-packages/airflow/example_dags/example_external_task_marker_dag.py took 0.035 seconds
[2024-05-12T01:19:33.462+0000] {processor.py:161} INFO - Started process (PID=15516) to work on /home/airflow/.local/lib/python3.12/site-packages/airflow/example_dags/example_external_task_marker_dag.py
[2024-05-12T01:19:33.462+0000] {processor.py:830} INFO - Processing file /home/airflow/.local/lib/python3.12/site-packages/airflow/example_dags/example_external_task_marker_dag.py for tasks to queue
[2024-05-12T01:19:33.463+0000] {logging_mixin.py:188} INFO - [2024-05-12T01:19:33.463+0000] {dagbag.py:545} INFO - Filling up the DagBag from /home/airflow/.local/lib/python3.12/site-packages/airflow/example_dags/example_external_task_marker_dag.py
[2024-05-12T01:19:33.466+0000] {processor.py:840} INFO - DAG(s) 'example_external_task_marker_child', 'example_external_task_marker_parent' retrieved from /home/airflow/.local/lib/python3.12/site-packages/airflow/example_dags/example_external_task_marker_dag.py
[2024-05-12T01:19:33.478+0000] {logging_mixin.py:188} INFO - [2024-05-12T01:19:33.478+0000] {dag.py:3096} INFO - Sync 2 DAGs
[2024-05-12T01:19:33.484+0000] {logging_mixin.py:188} INFO - [2024-05-12T01:19:33.484+0000] {dag.py:3954} INFO - Setting next_dagrun for example_external_task_marker_child to None, run_after=None
[2024-05-12T01:19:33.486+0000] {logging_mixin.py:188} INFO - [2024-05-12T01:19:33.486+0000] {dag.py:3954} INFO - Setting next_dagrun for example_external_task_marker_parent to None, run_after=None
[2024-05-12T01:19:33.494+0000] {processor.py:183} INFO - Processing /home/airflow/.local/lib/python3.12/site-packages/airflow/example_dags/example_external_task_marker_dag.py took 0.035 seconds
[2024-05-12T01:20:04.298+0000] {processor.py:161} INFO - Started process (PID=15778) to work on /home/airflow/.local/lib/python3.12/site-packages/airflow/example_dags/example_external_task_marker_dag.py
[2024-05-12T01:20:04.299+0000] {processor.py:830} INFO - Processing file /home/airflow/.local/lib/python3.12/site-packages/airflow/example_dags/example_external_task_marker_dag.py for tasks to queue
[2024-05-12T01:20:04.300+0000] {logging_mixin.py:188} INFO - [2024-05-12T01:20:04.300+0000] {dagbag.py:545} INFO - Filling up the DagBag from /home/airflow/.local/lib/python3.12/site-packages/airflow/example_dags/example_external_task_marker_dag.py
[2024-05-12T01:20:04.304+0000] {processor.py:840} INFO - DAG(s) 'example_external_task_marker_parent', 'example_external_task_marker_child' retrieved from /home/airflow/.local/lib/python3.12/site-packages/airflow/example_dags/example_external_task_marker_dag.py
[2024-05-12T01:20:04.316+0000] {logging_mixin.py:188} INFO - [2024-05-12T01:20:04.316+0000] {dag.py:3096} INFO - Sync 2 DAGs
[2024-05-12T01:20:04.323+0000] {logging_mixin.py:188} INFO - [2024-05-12T01:20:04.323+0000] {dag.py:3954} INFO - Setting next_dagrun for example_external_task_marker_child to None, run_after=None
[2024-05-12T01:20:04.325+0000] {logging_mixin.py:188} INFO - [2024-05-12T01:20:04.325+0000] {dag.py:3954} INFO - Setting next_dagrun for example_external_task_marker_parent to None, run_after=None
[2024-05-12T01:20:04.333+0000] {processor.py:183} INFO - Processing /home/airflow/.local/lib/python3.12/site-packages/airflow/example_dags/example_external_task_marker_dag.py took 0.039 seconds
[2024-05-12T01:20:35.069+0000] {processor.py:161} INFO - Started process (PID=16040) to work on /home/airflow/.local/lib/python3.12/site-packages/airflow/example_dags/example_external_task_marker_dag.py
[2024-05-12T01:20:35.070+0000] {processor.py:830} INFO - Processing file /home/airflow/.local/lib/python3.12/site-packages/airflow/example_dags/example_external_task_marker_dag.py for tasks to queue
[2024-05-12T01:20:35.071+0000] {logging_mixin.py:188} INFO - [2024-05-12T01:20:35.071+0000] {dagbag.py:545} INFO - Filling up the DagBag from /home/airflow/.local/lib/python3.12/site-packages/airflow/example_dags/example_external_task_marker_dag.py
[2024-05-12T01:20:35.075+0000] {processor.py:840} INFO - DAG(s) 'example_external_task_marker_parent', 'example_external_task_marker_child' retrieved from /home/airflow/.local/lib/python3.12/site-packages/airflow/example_dags/example_external_task_marker_dag.py
[2024-05-12T01:20:35.088+0000] {logging_mixin.py:188} INFO - [2024-05-12T01:20:35.087+0000] {dag.py:3096} INFO - Sync 2 DAGs
[2024-05-12T01:20:35.095+0000] {logging_mixin.py:188} INFO - [2024-05-12T01:20:35.094+0000] {dag.py:3954} INFO - Setting next_dagrun for example_external_task_marker_child to None, run_after=None
[2024-05-12T01:20:35.097+0000] {logging_mixin.py:188} INFO - [2024-05-12T01:20:35.097+0000] {dag.py:3954} INFO - Setting next_dagrun for example_external_task_marker_parent to None, run_after=None
[2024-05-12T01:20:35.105+0000] {processor.py:183} INFO - Processing /home/airflow/.local/lib/python3.12/site-packages/airflow/example_dags/example_external_task_marker_dag.py took 0.039 seconds
[2024-05-12T01:21:06.034+0000] {processor.py:161} INFO - Started process (PID=16304) to work on /home/airflow/.local/lib/python3.12/site-packages/airflow/example_dags/example_external_task_marker_dag.py
[2024-05-12T01:21:06.034+0000] {processor.py:830} INFO - Processing file /home/airflow/.local/lib/python3.12/site-packages/airflow/example_dags/example_external_task_marker_dag.py for tasks to queue
[2024-05-12T01:21:06.035+0000] {logging_mixin.py:188} INFO - [2024-05-12T01:21:06.035+0000] {dagbag.py:545} INFO - Filling up the DagBag from /home/airflow/.local/lib/python3.12/site-packages/airflow/example_dags/example_external_task_marker_dag.py
[2024-05-12T01:21:06.039+0000] {processor.py:840} INFO - DAG(s) 'example_external_task_marker_parent', 'example_external_task_marker_child' retrieved from /home/airflow/.local/lib/python3.12/site-packages/airflow/example_dags/example_external_task_marker_dag.py
[2024-05-12T01:21:06.053+0000] {logging_mixin.py:188} INFO - [2024-05-12T01:21:06.052+0000] {dag.py:3096} INFO - Sync 2 DAGs
[2024-05-12T01:21:06.058+0000] {logging_mixin.py:188} INFO - [2024-05-12T01:21:06.058+0000] {dag.py:3954} INFO - Setting next_dagrun for example_external_task_marker_child to None, run_after=None
[2024-05-12T01:21:06.060+0000] {logging_mixin.py:188} INFO - [2024-05-12T01:21:06.060+0000] {dag.py:3954} INFO - Setting next_dagrun for example_external_task_marker_parent to None, run_after=None
[2024-05-12T01:21:06.069+0000] {processor.py:183} INFO - Processing /home/airflow/.local/lib/python3.12/site-packages/airflow/example_dags/example_external_task_marker_dag.py took 0.038 seconds
[2024-05-12T01:21:36.867+0000] {processor.py:161} INFO - Started process (PID=16563) to work on /home/airflow/.local/lib/python3.12/site-packages/airflow/example_dags/example_external_task_marker_dag.py
[2024-05-12T01:21:36.868+0000] {processor.py:830} INFO - Processing file /home/airflow/.local/lib/python3.12/site-packages/airflow/example_dags/example_external_task_marker_dag.py for tasks to queue
[2024-05-12T01:21:36.869+0000] {logging_mixin.py:188} INFO - [2024-05-12T01:21:36.868+0000] {dagbag.py:545} INFO - Filling up the DagBag from /home/airflow/.local/lib/python3.12/site-packages/airflow/example_dags/example_external_task_marker_dag.py
[2024-05-12T01:21:36.872+0000] {processor.py:840} INFO - DAG(s) 'example_external_task_marker_parent', 'example_external_task_marker_child' retrieved from /home/airflow/.local/lib/python3.12/site-packages/airflow/example_dags/example_external_task_marker_dag.py
[2024-05-12T01:21:36.883+0000] {logging_mixin.py:188} INFO - [2024-05-12T01:21:36.883+0000] {dag.py:3096} INFO - Sync 2 DAGs
[2024-05-12T01:21:36.890+0000] {logging_mixin.py:188} INFO - [2024-05-12T01:21:36.889+0000] {dag.py:3954} INFO - Setting next_dagrun for example_external_task_marker_child to None, run_after=None
[2024-05-12T01:21:36.892+0000] {logging_mixin.py:188} INFO - [2024-05-12T01:21:36.891+0000] {dag.py:3954} INFO - Setting next_dagrun for example_external_task_marker_parent to None, run_after=None
[2024-05-12T01:21:36.900+0000] {processor.py:183} INFO - Processing /home/airflow/.local/lib/python3.12/site-packages/airflow/example_dags/example_external_task_marker_dag.py took 0.035 seconds
[2024-05-12T01:22:07.699+0000] {processor.py:161} INFO - Started process (PID=16825) to work on /home/airflow/.local/lib/python3.12/site-packages/airflow/example_dags/example_external_task_marker_dag.py
[2024-05-12T01:22:07.700+0000] {processor.py:830} INFO - Processing file /home/airflow/.local/lib/python3.12/site-packages/airflow/example_dags/example_external_task_marker_dag.py for tasks to queue
[2024-05-12T01:22:07.700+0000] {logging_mixin.py:188} INFO - [2024-05-12T01:22:07.700+0000] {dagbag.py:545} INFO - Filling up the DagBag from /home/airflow/.local/lib/python3.12/site-packages/airflow/example_dags/example_external_task_marker_dag.py
[2024-05-12T01:22:07.704+0000] {processor.py:840} INFO - DAG(s) 'example_external_task_marker_parent', 'example_external_task_marker_child' retrieved from /home/airflow/.local/lib/python3.12/site-packages/airflow/example_dags/example_external_task_marker_dag.py
[2024-05-12T01:22:07.714+0000] {logging_mixin.py:188} INFO - [2024-05-12T01:22:07.714+0000] {dag.py:3096} INFO - Sync 2 DAGs
[2024-05-12T01:22:07.721+0000] {logging_mixin.py:188} INFO - [2024-05-12T01:22:07.720+0000] {dag.py:3954} INFO - Setting next_dagrun for example_external_task_marker_child to None, run_after=None
[2024-05-12T01:22:07.724+0000] {logging_mixin.py:188} INFO - [2024-05-12T01:22:07.723+0000] {dag.py:3954} INFO - Setting next_dagrun for example_external_task_marker_parent to None, run_after=None
[2024-05-12T01:22:07.734+0000] {processor.py:183} INFO - Processing /home/airflow/.local/lib/python3.12/site-packages/airflow/example_dags/example_external_task_marker_dag.py took 0.038 seconds
