[2024-05-12T00:37:44.057+0000] {processor.py:161} INFO - Started process (PID=4530) to work on /home/airflow/.local/lib/python3.12/site-packages/airflow/example_dags/example_python_operator.py
[2024-05-12T00:37:44.058+0000] {processor.py:830} INFO - Processing file /home/airflow/.local/lib/python3.12/site-packages/airflow/example_dags/example_python_operator.py for tasks to queue
[2024-05-12T00:37:44.059+0000] {logging_mixin.py:188} INFO - [2024-05-12T00:37:44.059+0000] {dagbag.py:545} INFO - Filling up the DagBag from /home/airflow/.local/lib/python3.12/site-packages/airflow/example_dags/example_python_operator.py
[2024-05-12T00:37:44.064+0000] {processor.py:840} INFO - DAG(s) 'example_python_operator' retrieved from /home/airflow/.local/lib/python3.12/site-packages/airflow/example_dags/example_python_operator.py
[2024-05-12T00:37:44.076+0000] {logging_mixin.py:188} INFO - [2024-05-12T00:37:44.075+0000] {dag.py:3096} INFO - Sync 1 DAGs
[2024-05-12T00:37:44.082+0000] {logging_mixin.py:188} INFO - [2024-05-12T00:37:44.081+0000] {dag.py:3954} INFO - Setting next_dagrun for example_python_operator to None, run_after=None
[2024-05-12T00:37:44.091+0000] {processor.py:183} INFO - Processing /home/airflow/.local/lib/python3.12/site-packages/airflow/example_dags/example_python_operator.py took 0.036 seconds
[2024-05-12T00:38:14.778+0000] {processor.py:161} INFO - Started process (PID=4792) to work on /home/airflow/.local/lib/python3.12/site-packages/airflow/example_dags/example_python_operator.py
[2024-05-12T00:38:14.778+0000] {processor.py:830} INFO - Processing file /home/airflow/.local/lib/python3.12/site-packages/airflow/example_dags/example_python_operator.py for tasks to queue
[2024-05-12T00:38:14.779+0000] {logging_mixin.py:188} INFO - [2024-05-12T00:38:14.779+0000] {dagbag.py:545} INFO - Filling up the DagBag from /home/airflow/.local/lib/python3.12/site-packages/airflow/example_dags/example_python_operator.py
[2024-05-12T00:38:14.784+0000] {processor.py:840} INFO - DAG(s) 'example_python_operator' retrieved from /home/airflow/.local/lib/python3.12/site-packages/airflow/example_dags/example_python_operator.py
[2024-05-12T00:38:14.795+0000] {logging_mixin.py:188} INFO - [2024-05-12T00:38:14.795+0000] {dag.py:3096} INFO - Sync 1 DAGs
[2024-05-12T00:38:14.803+0000] {logging_mixin.py:188} INFO - [2024-05-12T00:38:14.803+0000] {dag.py:3954} INFO - Setting next_dagrun for example_python_operator to None, run_after=None
[2024-05-12T00:38:14.811+0000] {processor.py:183} INFO - Processing /home/airflow/.local/lib/python3.12/site-packages/airflow/example_dags/example_python_operator.py took 0.037 seconds
[2024-05-12T00:38:45.495+0000] {processor.py:161} INFO - Started process (PID=5054) to work on /home/airflow/.local/lib/python3.12/site-packages/airflow/example_dags/example_python_operator.py
[2024-05-12T00:38:45.496+0000] {processor.py:830} INFO - Processing file /home/airflow/.local/lib/python3.12/site-packages/airflow/example_dags/example_python_operator.py for tasks to queue
[2024-05-12T00:38:45.497+0000] {logging_mixin.py:188} INFO - [2024-05-12T00:38:45.497+0000] {dagbag.py:545} INFO - Filling up the DagBag from /home/airflow/.local/lib/python3.12/site-packages/airflow/example_dags/example_python_operator.py
[2024-05-12T00:38:45.502+0000] {processor.py:840} INFO - DAG(s) 'example_python_operator' retrieved from /home/airflow/.local/lib/python3.12/site-packages/airflow/example_dags/example_python_operator.py
[2024-05-12T00:38:45.515+0000] {logging_mixin.py:188} INFO - [2024-05-12T00:38:45.514+0000] {dag.py:3096} INFO - Sync 1 DAGs
[2024-05-12T00:38:45.521+0000] {logging_mixin.py:188} INFO - [2024-05-12T00:38:45.521+0000] {dag.py:3954} INFO - Setting next_dagrun for example_python_operator to None, run_after=None
[2024-05-12T00:38:45.531+0000] {processor.py:183} INFO - Processing /home/airflow/.local/lib/python3.12/site-packages/airflow/example_dags/example_python_operator.py took 0.040 seconds
[2024-05-12T00:39:16.127+0000] {processor.py:161} INFO - Started process (PID=5315) to work on /home/airflow/.local/lib/python3.12/site-packages/airflow/example_dags/example_python_operator.py
[2024-05-12T00:39:16.128+0000] {processor.py:830} INFO - Processing file /home/airflow/.local/lib/python3.12/site-packages/airflow/example_dags/example_python_operator.py for tasks to queue
[2024-05-12T00:39:16.129+0000] {logging_mixin.py:188} INFO - [2024-05-12T00:39:16.129+0000] {dagbag.py:545} INFO - Filling up the DagBag from /home/airflow/.local/lib/python3.12/site-packages/airflow/example_dags/example_python_operator.py
[2024-05-12T00:39:16.134+0000] {processor.py:840} INFO - DAG(s) 'example_python_operator' retrieved from /home/airflow/.local/lib/python3.12/site-packages/airflow/example_dags/example_python_operator.py
[2024-05-12T00:39:16.147+0000] {logging_mixin.py:188} INFO - [2024-05-12T00:39:16.147+0000] {dag.py:3096} INFO - Sync 1 DAGs
[2024-05-12T00:39:16.153+0000] {logging_mixin.py:188} INFO - [2024-05-12T00:39:16.153+0000] {dag.py:3954} INFO - Setting next_dagrun for example_python_operator to None, run_after=None
[2024-05-12T00:39:16.164+0000] {processor.py:183} INFO - Processing /home/airflow/.local/lib/python3.12/site-packages/airflow/example_dags/example_python_operator.py took 0.040 seconds
[2024-05-12T00:39:46.970+0000] {processor.py:161} INFO - Started process (PID=5577) to work on /home/airflow/.local/lib/python3.12/site-packages/airflow/example_dags/example_python_operator.py
[2024-05-12T00:39:46.970+0000] {processor.py:830} INFO - Processing file /home/airflow/.local/lib/python3.12/site-packages/airflow/example_dags/example_python_operator.py for tasks to queue
[2024-05-12T00:39:46.971+0000] {logging_mixin.py:188} INFO - [2024-05-12T00:39:46.971+0000] {dagbag.py:545} INFO - Filling up the DagBag from /home/airflow/.local/lib/python3.12/site-packages/airflow/example_dags/example_python_operator.py
[2024-05-12T00:39:46.978+0000] {processor.py:840} INFO - DAG(s) 'example_python_operator' retrieved from /home/airflow/.local/lib/python3.12/site-packages/airflow/example_dags/example_python_operator.py
[2024-05-12T00:39:46.990+0000] {logging_mixin.py:188} INFO - [2024-05-12T00:39:46.990+0000] {dag.py:3096} INFO - Sync 1 DAGs
[2024-05-12T00:39:46.996+0000] {logging_mixin.py:188} INFO - [2024-05-12T00:39:46.996+0000] {dag.py:3954} INFO - Setting next_dagrun for example_python_operator to None, run_after=None
[2024-05-12T00:39:47.005+0000] {processor.py:183} INFO - Processing /home/airflow/.local/lib/python3.12/site-packages/airflow/example_dags/example_python_operator.py took 0.038 seconds
[2024-05-12T00:40:17.726+0000] {processor.py:161} INFO - Started process (PID=5838) to work on /home/airflow/.local/lib/python3.12/site-packages/airflow/example_dags/example_python_operator.py
[2024-05-12T00:40:17.726+0000] {processor.py:830} INFO - Processing file /home/airflow/.local/lib/python3.12/site-packages/airflow/example_dags/example_python_operator.py for tasks to queue
[2024-05-12T00:40:17.728+0000] {logging_mixin.py:188} INFO - [2024-05-12T00:40:17.727+0000] {dagbag.py:545} INFO - Filling up the DagBag from /home/airflow/.local/lib/python3.12/site-packages/airflow/example_dags/example_python_operator.py
[2024-05-12T00:40:17.733+0000] {processor.py:840} INFO - DAG(s) 'example_python_operator' retrieved from /home/airflow/.local/lib/python3.12/site-packages/airflow/example_dags/example_python_operator.py
[2024-05-12T00:40:17.744+0000] {logging_mixin.py:188} INFO - [2024-05-12T00:40:17.744+0000] {dag.py:3096} INFO - Sync 1 DAGs
[2024-05-12T00:40:17.750+0000] {logging_mixin.py:188} INFO - [2024-05-12T00:40:17.750+0000] {dag.py:3954} INFO - Setting next_dagrun for example_python_operator to None, run_after=None
[2024-05-12T00:40:17.759+0000] {processor.py:183} INFO - Processing /home/airflow/.local/lib/python3.12/site-packages/airflow/example_dags/example_python_operator.py took 0.036 seconds
[2024-05-12T00:40:48.530+0000] {processor.py:161} INFO - Started process (PID=6100) to work on /home/airflow/.local/lib/python3.12/site-packages/airflow/example_dags/example_python_operator.py
[2024-05-12T00:40:48.531+0000] {processor.py:830} INFO - Processing file /home/airflow/.local/lib/python3.12/site-packages/airflow/example_dags/example_python_operator.py for tasks to queue
[2024-05-12T00:40:48.532+0000] {logging_mixin.py:188} INFO - [2024-05-12T00:40:48.532+0000] {dagbag.py:545} INFO - Filling up the DagBag from /home/airflow/.local/lib/python3.12/site-packages/airflow/example_dags/example_python_operator.py
[2024-05-12T00:40:48.537+0000] {processor.py:840} INFO - DAG(s) 'example_python_operator' retrieved from /home/airflow/.local/lib/python3.12/site-packages/airflow/example_dags/example_python_operator.py
[2024-05-12T00:40:48.548+0000] {logging_mixin.py:188} INFO - [2024-05-12T00:40:48.548+0000] {dag.py:3096} INFO - Sync 1 DAGs
[2024-05-12T00:40:48.553+0000] {logging_mixin.py:188} INFO - [2024-05-12T00:40:48.553+0000] {dag.py:3954} INFO - Setting next_dagrun for example_python_operator to None, run_after=None
[2024-05-12T00:40:48.562+0000] {processor.py:183} INFO - Processing /home/airflow/.local/lib/python3.12/site-packages/airflow/example_dags/example_python_operator.py took 0.034 seconds
[2024-05-12T00:41:19.302+0000] {processor.py:161} INFO - Started process (PID=6362) to work on /home/airflow/.local/lib/python3.12/site-packages/airflow/example_dags/example_python_operator.py
[2024-05-12T00:41:19.303+0000] {processor.py:830} INFO - Processing file /home/airflow/.local/lib/python3.12/site-packages/airflow/example_dags/example_python_operator.py for tasks to queue
[2024-05-12T00:41:19.304+0000] {logging_mixin.py:188} INFO - [2024-05-12T00:41:19.304+0000] {dagbag.py:545} INFO - Filling up the DagBag from /home/airflow/.local/lib/python3.12/site-packages/airflow/example_dags/example_python_operator.py
[2024-05-12T00:41:19.310+0000] {processor.py:840} INFO - DAG(s) 'example_python_operator' retrieved from /home/airflow/.local/lib/python3.12/site-packages/airflow/example_dags/example_python_operator.py
[2024-05-12T00:41:19.321+0000] {logging_mixin.py:188} INFO - [2024-05-12T00:41:19.321+0000] {dag.py:3096} INFO - Sync 1 DAGs
[2024-05-12T00:41:19.328+0000] {logging_mixin.py:188} INFO - [2024-05-12T00:41:19.328+0000] {dag.py:3954} INFO - Setting next_dagrun for example_python_operator to None, run_after=None
[2024-05-12T00:41:19.338+0000] {processor.py:183} INFO - Processing /home/airflow/.local/lib/python3.12/site-packages/airflow/example_dags/example_python_operator.py took 0.039 seconds
[2024-05-12T00:41:50.010+0000] {processor.py:161} INFO - Started process (PID=6624) to work on /home/airflow/.local/lib/python3.12/site-packages/airflow/example_dags/example_python_operator.py
[2024-05-12T00:41:50.010+0000] {processor.py:830} INFO - Processing file /home/airflow/.local/lib/python3.12/site-packages/airflow/example_dags/example_python_operator.py for tasks to queue
[2024-05-12T00:41:50.011+0000] {logging_mixin.py:188} INFO - [2024-05-12T00:41:50.011+0000] {dagbag.py:545} INFO - Filling up the DagBag from /home/airflow/.local/lib/python3.12/site-packages/airflow/example_dags/example_python_operator.py
[2024-05-12T00:41:50.017+0000] {processor.py:840} INFO - DAG(s) 'example_python_operator' retrieved from /home/airflow/.local/lib/python3.12/site-packages/airflow/example_dags/example_python_operator.py
[2024-05-12T00:41:50.028+0000] {logging_mixin.py:188} INFO - [2024-05-12T00:41:50.027+0000] {dag.py:3096} INFO - Sync 1 DAGs
[2024-05-12T00:41:50.034+0000] {logging_mixin.py:188} INFO - [2024-05-12T00:41:50.034+0000] {dag.py:3954} INFO - Setting next_dagrun for example_python_operator to None, run_after=None
[2024-05-12T00:41:50.042+0000] {processor.py:183} INFO - Processing /home/airflow/.local/lib/python3.12/site-packages/airflow/example_dags/example_python_operator.py took 0.036 seconds
[2024-05-12T00:42:20.663+0000] {processor.py:161} INFO - Started process (PID=6888) to work on /home/airflow/.local/lib/python3.12/site-packages/airflow/example_dags/example_python_operator.py
[2024-05-12T00:42:20.664+0000] {processor.py:830} INFO - Processing file /home/airflow/.local/lib/python3.12/site-packages/airflow/example_dags/example_python_operator.py for tasks to queue
[2024-05-12T00:42:20.665+0000] {logging_mixin.py:188} INFO - [2024-05-12T00:42:20.665+0000] {dagbag.py:545} INFO - Filling up the DagBag from /home/airflow/.local/lib/python3.12/site-packages/airflow/example_dags/example_python_operator.py
[2024-05-12T00:42:20.670+0000] {processor.py:840} INFO - DAG(s) 'example_python_operator' retrieved from /home/airflow/.local/lib/python3.12/site-packages/airflow/example_dags/example_python_operator.py
[2024-05-12T00:42:20.681+0000] {logging_mixin.py:188} INFO - [2024-05-12T00:42:20.681+0000] {dag.py:3096} INFO - Sync 1 DAGs
[2024-05-12T00:42:20.687+0000] {logging_mixin.py:188} INFO - [2024-05-12T00:42:20.686+0000] {dag.py:3954} INFO - Setting next_dagrun for example_python_operator to None, run_after=None
[2024-05-12T00:42:20.694+0000] {processor.py:183} INFO - Processing /home/airflow/.local/lib/python3.12/site-packages/airflow/example_dags/example_python_operator.py took 0.034 seconds
[2024-05-12T00:42:51.477+0000] {processor.py:161} INFO - Started process (PID=7148) to work on /home/airflow/.local/lib/python3.12/site-packages/airflow/example_dags/example_python_operator.py
[2024-05-12T00:42:51.477+0000] {processor.py:830} INFO - Processing file /home/airflow/.local/lib/python3.12/site-packages/airflow/example_dags/example_python_operator.py for tasks to queue
[2024-05-12T00:42:51.478+0000] {logging_mixin.py:188} INFO - [2024-05-12T00:42:51.478+0000] {dagbag.py:545} INFO - Filling up the DagBag from /home/airflow/.local/lib/python3.12/site-packages/airflow/example_dags/example_python_operator.py
[2024-05-12T00:42:51.484+0000] {processor.py:840} INFO - DAG(s) 'example_python_operator' retrieved from /home/airflow/.local/lib/python3.12/site-packages/airflow/example_dags/example_python_operator.py
[2024-05-12T00:42:51.495+0000] {logging_mixin.py:188} INFO - [2024-05-12T00:42:51.495+0000] {dag.py:3096} INFO - Sync 1 DAGs
[2024-05-12T00:42:51.500+0000] {logging_mixin.py:188} INFO - [2024-05-12T00:42:51.500+0000] {dag.py:3954} INFO - Setting next_dagrun for example_python_operator to None, run_after=None
[2024-05-12T00:42:51.509+0000] {processor.py:183} INFO - Processing /home/airflow/.local/lib/python3.12/site-packages/airflow/example_dags/example_python_operator.py took 0.035 seconds
[2024-05-12T00:43:22.248+0000] {processor.py:161} INFO - Started process (PID=7410) to work on /home/airflow/.local/lib/python3.12/site-packages/airflow/example_dags/example_python_operator.py
[2024-05-12T00:43:22.249+0000] {processor.py:830} INFO - Processing file /home/airflow/.local/lib/python3.12/site-packages/airflow/example_dags/example_python_operator.py for tasks to queue
[2024-05-12T00:43:22.250+0000] {logging_mixin.py:188} INFO - [2024-05-12T00:43:22.250+0000] {dagbag.py:545} INFO - Filling up the DagBag from /home/airflow/.local/lib/python3.12/site-packages/airflow/example_dags/example_python_operator.py
[2024-05-12T00:43:22.255+0000] {processor.py:840} INFO - DAG(s) 'example_python_operator' retrieved from /home/airflow/.local/lib/python3.12/site-packages/airflow/example_dags/example_python_operator.py
[2024-05-12T00:43:22.267+0000] {logging_mixin.py:188} INFO - [2024-05-12T00:43:22.266+0000] {dag.py:3096} INFO - Sync 1 DAGs
[2024-05-12T00:43:22.273+0000] {logging_mixin.py:188} INFO - [2024-05-12T00:43:22.272+0000] {dag.py:3954} INFO - Setting next_dagrun for example_python_operator to None, run_after=None
[2024-05-12T00:43:22.281+0000] {processor.py:183} INFO - Processing /home/airflow/.local/lib/python3.12/site-packages/airflow/example_dags/example_python_operator.py took 0.036 seconds
[2024-05-12T00:43:52.985+0000] {processor.py:161} INFO - Started process (PID=7672) to work on /home/airflow/.local/lib/python3.12/site-packages/airflow/example_dags/example_python_operator.py
[2024-05-12T00:43:52.986+0000] {processor.py:830} INFO - Processing file /home/airflow/.local/lib/python3.12/site-packages/airflow/example_dags/example_python_operator.py for tasks to queue
[2024-05-12T00:43:52.987+0000] {logging_mixin.py:188} INFO - [2024-05-12T00:43:52.987+0000] {dagbag.py:545} INFO - Filling up the DagBag from /home/airflow/.local/lib/python3.12/site-packages/airflow/example_dags/example_python_operator.py
[2024-05-12T00:43:52.992+0000] {processor.py:840} INFO - DAG(s) 'example_python_operator' retrieved from /home/airflow/.local/lib/python3.12/site-packages/airflow/example_dags/example_python_operator.py
[2024-05-12T00:43:53.004+0000] {logging_mixin.py:188} INFO - [2024-05-12T00:43:53.004+0000] {dag.py:3096} INFO - Sync 1 DAGs
[2024-05-12T00:43:53.010+0000] {logging_mixin.py:188} INFO - [2024-05-12T00:43:53.010+0000] {dag.py:3954} INFO - Setting next_dagrun for example_python_operator to None, run_after=None
[2024-05-12T00:43:53.018+0000] {processor.py:183} INFO - Processing /home/airflow/.local/lib/python3.12/site-packages/airflow/example_dags/example_python_operator.py took 0.036 seconds
[2024-05-12T00:44:23.713+0000] {processor.py:161} INFO - Started process (PID=7933) to work on /home/airflow/.local/lib/python3.12/site-packages/airflow/example_dags/example_python_operator.py
[2024-05-12T00:44:23.714+0000] {processor.py:830} INFO - Processing file /home/airflow/.local/lib/python3.12/site-packages/airflow/example_dags/example_python_operator.py for tasks to queue
[2024-05-12T00:44:23.715+0000] {logging_mixin.py:188} INFO - [2024-05-12T00:44:23.715+0000] {dagbag.py:545} INFO - Filling up the DagBag from /home/airflow/.local/lib/python3.12/site-packages/airflow/example_dags/example_python_operator.py
[2024-05-12T00:44:23.721+0000] {processor.py:840} INFO - DAG(s) 'example_python_operator' retrieved from /home/airflow/.local/lib/python3.12/site-packages/airflow/example_dags/example_python_operator.py
[2024-05-12T00:44:23.733+0000] {logging_mixin.py:188} INFO - [2024-05-12T00:44:23.733+0000] {dag.py:3096} INFO - Sync 1 DAGs
[2024-05-12T00:44:23.739+0000] {logging_mixin.py:188} INFO - [2024-05-12T00:44:23.739+0000] {dag.py:3954} INFO - Setting next_dagrun for example_python_operator to None, run_after=None
[2024-05-12T00:44:23.748+0000] {processor.py:183} INFO - Processing /home/airflow/.local/lib/python3.12/site-packages/airflow/example_dags/example_python_operator.py took 0.038 seconds
[2024-05-12T00:44:54.571+0000] {processor.py:161} INFO - Started process (PID=8195) to work on /home/airflow/.local/lib/python3.12/site-packages/airflow/example_dags/example_python_operator.py
[2024-05-12T00:44:54.571+0000] {processor.py:830} INFO - Processing file /home/airflow/.local/lib/python3.12/site-packages/airflow/example_dags/example_python_operator.py for tasks to queue
[2024-05-12T00:44:54.572+0000] {logging_mixin.py:188} INFO - [2024-05-12T00:44:54.572+0000] {dagbag.py:545} INFO - Filling up the DagBag from /home/airflow/.local/lib/python3.12/site-packages/airflow/example_dags/example_python_operator.py
[2024-05-12T00:44:54.578+0000] {processor.py:840} INFO - DAG(s) 'example_python_operator' retrieved from /home/airflow/.local/lib/python3.12/site-packages/airflow/example_dags/example_python_operator.py
[2024-05-12T00:44:54.590+0000] {logging_mixin.py:188} INFO - [2024-05-12T00:44:54.590+0000] {dag.py:3096} INFO - Sync 1 DAGs
[2024-05-12T00:44:54.595+0000] {logging_mixin.py:188} INFO - [2024-05-12T00:44:54.595+0000] {dag.py:3954} INFO - Setting next_dagrun for example_python_operator to None, run_after=None
[2024-05-12T00:44:54.605+0000] {processor.py:183} INFO - Processing /home/airflow/.local/lib/python3.12/site-packages/airflow/example_dags/example_python_operator.py took 0.037 seconds
[2024-05-12T00:45:25.228+0000] {processor.py:161} INFO - Started process (PID=8456) to work on /home/airflow/.local/lib/python3.12/site-packages/airflow/example_dags/example_python_operator.py
[2024-05-12T00:45:25.229+0000] {processor.py:830} INFO - Processing file /home/airflow/.local/lib/python3.12/site-packages/airflow/example_dags/example_python_operator.py for tasks to queue
[2024-05-12T00:45:25.230+0000] {logging_mixin.py:188} INFO - [2024-05-12T00:45:25.230+0000] {dagbag.py:545} INFO - Filling up the DagBag from /home/airflow/.local/lib/python3.12/site-packages/airflow/example_dags/example_python_operator.py
[2024-05-12T00:45:25.236+0000] {processor.py:840} INFO - DAG(s) 'example_python_operator' retrieved from /home/airflow/.local/lib/python3.12/site-packages/airflow/example_dags/example_python_operator.py
[2024-05-12T00:45:25.247+0000] {logging_mixin.py:188} INFO - [2024-05-12T00:45:25.246+0000] {dag.py:3096} INFO - Sync 1 DAGs
[2024-05-12T00:45:25.252+0000] {logging_mixin.py:188} INFO - [2024-05-12T00:45:25.252+0000] {dag.py:3954} INFO - Setting next_dagrun for example_python_operator to None, run_after=None
[2024-05-12T00:45:25.261+0000] {processor.py:183} INFO - Processing /home/airflow/.local/lib/python3.12/site-packages/airflow/example_dags/example_python_operator.py took 0.036 seconds
[2024-05-12T00:45:55.938+0000] {processor.py:161} INFO - Started process (PID=8718) to work on /home/airflow/.local/lib/python3.12/site-packages/airflow/example_dags/example_python_operator.py
[2024-05-12T00:45:55.939+0000] {processor.py:830} INFO - Processing file /home/airflow/.local/lib/python3.12/site-packages/airflow/example_dags/example_python_operator.py for tasks to queue
[2024-05-12T00:45:55.940+0000] {logging_mixin.py:188} INFO - [2024-05-12T00:45:55.940+0000] {dagbag.py:545} INFO - Filling up the DagBag from /home/airflow/.local/lib/python3.12/site-packages/airflow/example_dags/example_python_operator.py
[2024-05-12T00:45:55.946+0000] {processor.py:840} INFO - DAG(s) 'example_python_operator' retrieved from /home/airflow/.local/lib/python3.12/site-packages/airflow/example_dags/example_python_operator.py
[2024-05-12T00:45:55.957+0000] {logging_mixin.py:188} INFO - [2024-05-12T00:45:55.957+0000] {dag.py:3096} INFO - Sync 1 DAGs
[2024-05-12T00:45:55.963+0000] {logging_mixin.py:188} INFO - [2024-05-12T00:45:55.963+0000] {dag.py:3954} INFO - Setting next_dagrun for example_python_operator to None, run_after=None
[2024-05-12T00:45:55.972+0000] {processor.py:183} INFO - Processing /home/airflow/.local/lib/python3.12/site-packages/airflow/example_dags/example_python_operator.py took 0.037 seconds
[2024-05-12T00:46:26.773+0000] {processor.py:161} INFO - Started process (PID=8980) to work on /home/airflow/.local/lib/python3.12/site-packages/airflow/example_dags/example_python_operator.py
[2024-05-12T00:46:26.774+0000] {processor.py:830} INFO - Processing file /home/airflow/.local/lib/python3.12/site-packages/airflow/example_dags/example_python_operator.py for tasks to queue
[2024-05-12T00:46:26.775+0000] {logging_mixin.py:188} INFO - [2024-05-12T00:46:26.775+0000] {dagbag.py:545} INFO - Filling up the DagBag from /home/airflow/.local/lib/python3.12/site-packages/airflow/example_dags/example_python_operator.py
[2024-05-12T00:46:26.780+0000] {processor.py:840} INFO - DAG(s) 'example_python_operator' retrieved from /home/airflow/.local/lib/python3.12/site-packages/airflow/example_dags/example_python_operator.py
[2024-05-12T00:46:26.792+0000] {logging_mixin.py:188} INFO - [2024-05-12T00:46:26.792+0000] {dag.py:3096} INFO - Sync 1 DAGs
[2024-05-12T00:46:26.798+0000] {logging_mixin.py:188} INFO - [2024-05-12T00:46:26.798+0000] {dag.py:3954} INFO - Setting next_dagrun for example_python_operator to None, run_after=None
[2024-05-12T00:46:26.807+0000] {processor.py:183} INFO - Processing /home/airflow/.local/lib/python3.12/site-packages/airflow/example_dags/example_python_operator.py took 0.037 seconds
[2024-05-12T00:46:57.661+0000] {processor.py:161} INFO - Started process (PID=9242) to work on /home/airflow/.local/lib/python3.12/site-packages/airflow/example_dags/example_python_operator.py
[2024-05-12T00:46:57.662+0000] {processor.py:830} INFO - Processing file /home/airflow/.local/lib/python3.12/site-packages/airflow/example_dags/example_python_operator.py for tasks to queue
[2024-05-12T00:46:57.663+0000] {logging_mixin.py:188} INFO - [2024-05-12T00:46:57.662+0000] {dagbag.py:545} INFO - Filling up the DagBag from /home/airflow/.local/lib/python3.12/site-packages/airflow/example_dags/example_python_operator.py
[2024-05-12T00:46:57.668+0000] {processor.py:840} INFO - DAG(s) 'example_python_operator' retrieved from /home/airflow/.local/lib/python3.12/site-packages/airflow/example_dags/example_python_operator.py
[2024-05-12T00:46:57.678+0000] {logging_mixin.py:188} INFO - [2024-05-12T00:46:57.678+0000] {dag.py:3096} INFO - Sync 1 DAGs
[2024-05-12T00:46:57.684+0000] {logging_mixin.py:188} INFO - [2024-05-12T00:46:57.683+0000] {dag.py:3954} INFO - Setting next_dagrun for example_python_operator to None, run_after=None
[2024-05-12T00:46:57.692+0000] {processor.py:183} INFO - Processing /home/airflow/.local/lib/python3.12/site-packages/airflow/example_dags/example_python_operator.py took 0.033 seconds
[2024-05-12T00:47:28.479+0000] {processor.py:161} INFO - Started process (PID=9503) to work on /home/airflow/.local/lib/python3.12/site-packages/airflow/example_dags/example_python_operator.py
[2024-05-12T00:47:28.479+0000] {processor.py:830} INFO - Processing file /home/airflow/.local/lib/python3.12/site-packages/airflow/example_dags/example_python_operator.py for tasks to queue
[2024-05-12T00:47:28.480+0000] {logging_mixin.py:188} INFO - [2024-05-12T00:47:28.480+0000] {dagbag.py:545} INFO - Filling up the DagBag from /home/airflow/.local/lib/python3.12/site-packages/airflow/example_dags/example_python_operator.py
[2024-05-12T00:47:28.485+0000] {processor.py:840} INFO - DAG(s) 'example_python_operator' retrieved from /home/airflow/.local/lib/python3.12/site-packages/airflow/example_dags/example_python_operator.py
[2024-05-12T00:47:28.495+0000] {logging_mixin.py:188} INFO - [2024-05-12T00:47:28.495+0000] {dag.py:3096} INFO - Sync 1 DAGs
[2024-05-12T00:47:28.501+0000] {logging_mixin.py:188} INFO - [2024-05-12T00:47:28.501+0000] {dag.py:3954} INFO - Setting next_dagrun for example_python_operator to None, run_after=None
[2024-05-12T00:47:28.509+0000] {processor.py:183} INFO - Processing /home/airflow/.local/lib/python3.12/site-packages/airflow/example_dags/example_python_operator.py took 0.033 seconds
[2024-05-12T00:47:59.321+0000] {processor.py:161} INFO - Started process (PID=9765) to work on /home/airflow/.local/lib/python3.12/site-packages/airflow/example_dags/example_python_operator.py
[2024-05-12T00:47:59.321+0000] {processor.py:830} INFO - Processing file /home/airflow/.local/lib/python3.12/site-packages/airflow/example_dags/example_python_operator.py for tasks to queue
[2024-05-12T00:47:59.322+0000] {logging_mixin.py:188} INFO - [2024-05-12T00:47:59.322+0000] {dagbag.py:545} INFO - Filling up the DagBag from /home/airflow/.local/lib/python3.12/site-packages/airflow/example_dags/example_python_operator.py
[2024-05-12T00:47:59.328+0000] {processor.py:840} INFO - DAG(s) 'example_python_operator' retrieved from /home/airflow/.local/lib/python3.12/site-packages/airflow/example_dags/example_python_operator.py
[2024-05-12T00:47:59.340+0000] {logging_mixin.py:188} INFO - [2024-05-12T00:47:59.340+0000] {dag.py:3096} INFO - Sync 1 DAGs
[2024-05-12T00:47:59.346+0000] {logging_mixin.py:188} INFO - [2024-05-12T00:47:59.346+0000] {dag.py:3954} INFO - Setting next_dagrun for example_python_operator to None, run_after=None
[2024-05-12T00:47:59.356+0000] {processor.py:183} INFO - Processing /home/airflow/.local/lib/python3.12/site-packages/airflow/example_dags/example_python_operator.py took 0.039 seconds
[2024-05-12T00:48:30.137+0000] {processor.py:161} INFO - Started process (PID=10027) to work on /home/airflow/.local/lib/python3.12/site-packages/airflow/example_dags/example_python_operator.py
[2024-05-12T00:48:30.137+0000] {processor.py:830} INFO - Processing file /home/airflow/.local/lib/python3.12/site-packages/airflow/example_dags/example_python_operator.py for tasks to queue
[2024-05-12T00:48:30.138+0000] {logging_mixin.py:188} INFO - [2024-05-12T00:48:30.138+0000] {dagbag.py:545} INFO - Filling up the DagBag from /home/airflow/.local/lib/python3.12/site-packages/airflow/example_dags/example_python_operator.py
[2024-05-12T00:48:30.144+0000] {processor.py:840} INFO - DAG(s) 'example_python_operator' retrieved from /home/airflow/.local/lib/python3.12/site-packages/airflow/example_dags/example_python_operator.py
[2024-05-12T00:48:30.154+0000] {logging_mixin.py:188} INFO - [2024-05-12T00:48:30.154+0000] {dag.py:3096} INFO - Sync 1 DAGs
[2024-05-12T00:48:30.160+0000] {logging_mixin.py:188} INFO - [2024-05-12T00:48:30.160+0000] {dag.py:3954} INFO - Setting next_dagrun for example_python_operator to None, run_after=None
[2024-05-12T00:48:30.169+0000] {processor.py:183} INFO - Processing /home/airflow/.local/lib/python3.12/site-packages/airflow/example_dags/example_python_operator.py took 0.035 seconds
[2024-05-12T00:49:00.309+0000] {processor.py:161} INFO - Started process (PID=10289) to work on /home/airflow/.local/lib/python3.12/site-packages/airflow/example_dags/example_python_operator.py
[2024-05-12T00:49:00.310+0000] {processor.py:830} INFO - Processing file /home/airflow/.local/lib/python3.12/site-packages/airflow/example_dags/example_python_operator.py for tasks to queue
[2024-05-12T00:49:00.311+0000] {logging_mixin.py:188} INFO - [2024-05-12T00:49:00.311+0000] {dagbag.py:545} INFO - Filling up the DagBag from /home/airflow/.local/lib/python3.12/site-packages/airflow/example_dags/example_python_operator.py
[2024-05-12T00:49:00.317+0000] {processor.py:840} INFO - DAG(s) 'example_python_operator' retrieved from /home/airflow/.local/lib/python3.12/site-packages/airflow/example_dags/example_python_operator.py
[2024-05-12T00:49:00.328+0000] {logging_mixin.py:188} INFO - [2024-05-12T00:49:00.327+0000] {dag.py:3096} INFO - Sync 1 DAGs
[2024-05-12T00:49:00.333+0000] {logging_mixin.py:188} INFO - [2024-05-12T00:49:00.333+0000] {dag.py:3954} INFO - Setting next_dagrun for example_python_operator to None, run_after=None
[2024-05-12T00:49:00.344+0000] {processor.py:183} INFO - Processing /home/airflow/.local/lib/python3.12/site-packages/airflow/example_dags/example_python_operator.py took 0.038 seconds
[2024-05-12T01:06:46.102+0000] {processor.py:161} INFO - Started process (PID=10553) to work on /home/airflow/.local/lib/python3.12/site-packages/airflow/example_dags/example_python_operator.py
[2024-05-12T01:06:46.103+0000] {processor.py:830} INFO - Processing file /home/airflow/.local/lib/python3.12/site-packages/airflow/example_dags/example_python_operator.py for tasks to queue
[2024-05-12T01:06:46.104+0000] {logging_mixin.py:188} INFO - [2024-05-12T01:06:46.104+0000] {dagbag.py:545} INFO - Filling up the DagBag from /home/airflow/.local/lib/python3.12/site-packages/airflow/example_dags/example_python_operator.py
[2024-05-12T01:06:46.109+0000] {processor.py:840} INFO - DAG(s) 'example_python_operator' retrieved from /home/airflow/.local/lib/python3.12/site-packages/airflow/example_dags/example_python_operator.py
[2024-05-12T01:06:46.119+0000] {logging_mixin.py:188} INFO - [2024-05-12T01:06:46.119+0000] {dag.py:3096} INFO - Sync 1 DAGs
[2024-05-12T01:06:46.125+0000] {logging_mixin.py:188} INFO - [2024-05-12T01:06:46.125+0000] {dag.py:3954} INFO - Setting next_dagrun for example_python_operator to None, run_after=None
[2024-05-12T01:06:46.133+0000] {processor.py:183} INFO - Processing /home/airflow/.local/lib/python3.12/site-packages/airflow/example_dags/example_python_operator.py took 0.034 seconds
[2024-05-12T01:10:18.316+0000] {processor.py:161} INFO - Started process (PID=10812) to work on /home/airflow/.local/lib/python3.12/site-packages/airflow/example_dags/example_python_operator.py
[2024-05-12T01:10:18.316+0000] {processor.py:830} INFO - Processing file /home/airflow/.local/lib/python3.12/site-packages/airflow/example_dags/example_python_operator.py for tasks to queue
[2024-05-12T01:10:18.318+0000] {logging_mixin.py:188} INFO - [2024-05-12T01:10:18.317+0000] {dagbag.py:545} INFO - Filling up the DagBag from /home/airflow/.local/lib/python3.12/site-packages/airflow/example_dags/example_python_operator.py
[2024-05-12T01:10:18.323+0000] {processor.py:840} INFO - DAG(s) 'example_python_operator' retrieved from /home/airflow/.local/lib/python3.12/site-packages/airflow/example_dags/example_python_operator.py
[2024-05-12T01:10:18.335+0000] {logging_mixin.py:188} INFO - [2024-05-12T01:10:18.335+0000] {dag.py:3096} INFO - Sync 1 DAGs
[2024-05-12T01:10:18.341+0000] {logging_mixin.py:188} INFO - [2024-05-12T01:10:18.341+0000] {dag.py:3954} INFO - Setting next_dagrun for example_python_operator to None, run_after=None
[2024-05-12T01:10:18.351+0000] {processor.py:183} INFO - Processing /home/airflow/.local/lib/python3.12/site-packages/airflow/example_dags/example_python_operator.py took 0.038 seconds
[2024-05-12T01:10:49.864+0000] {processor.py:161} INFO - Started process (PID=11076) to work on /home/airflow/.local/lib/python3.12/site-packages/airflow/example_dags/example_python_operator.py
[2024-05-12T01:10:49.865+0000] {processor.py:830} INFO - Processing file /home/airflow/.local/lib/python3.12/site-packages/airflow/example_dags/example_python_operator.py for tasks to queue
[2024-05-12T01:10:49.866+0000] {logging_mixin.py:188} INFO - [2024-05-12T01:10:49.866+0000] {dagbag.py:545} INFO - Filling up the DagBag from /home/airflow/.local/lib/python3.12/site-packages/airflow/example_dags/example_python_operator.py
[2024-05-12T01:10:49.871+0000] {processor.py:840} INFO - DAG(s) 'example_python_operator' retrieved from /home/airflow/.local/lib/python3.12/site-packages/airflow/example_dags/example_python_operator.py
[2024-05-12T01:10:49.883+0000] {logging_mixin.py:188} INFO - [2024-05-12T01:10:49.883+0000] {dag.py:3096} INFO - Sync 1 DAGs
[2024-05-12T01:10:49.890+0000] {logging_mixin.py:188} INFO - [2024-05-12T01:10:49.890+0000] {dag.py:3954} INFO - Setting next_dagrun for example_python_operator to None, run_after=None
[2024-05-12T01:10:49.900+0000] {processor.py:183} INFO - Processing /home/airflow/.local/lib/python3.12/site-packages/airflow/example_dags/example_python_operator.py took 0.039 seconds
[2024-05-12T01:11:20.043+0000] {processor.py:161} INFO - Started process (PID=11336) to work on /home/airflow/.local/lib/python3.12/site-packages/airflow/example_dags/example_python_operator.py
[2024-05-12T01:11:20.044+0000] {processor.py:830} INFO - Processing file /home/airflow/.local/lib/python3.12/site-packages/airflow/example_dags/example_python_operator.py for tasks to queue
[2024-05-12T01:11:20.045+0000] {logging_mixin.py:188} INFO - [2024-05-12T01:11:20.045+0000] {dagbag.py:545} INFO - Filling up the DagBag from /home/airflow/.local/lib/python3.12/site-packages/airflow/example_dags/example_python_operator.py
[2024-05-12T01:11:20.051+0000] {processor.py:840} INFO - DAG(s) 'example_python_operator' retrieved from /home/airflow/.local/lib/python3.12/site-packages/airflow/example_dags/example_python_operator.py
[2024-05-12T01:11:20.162+0000] {logging_mixin.py:188} INFO - [2024-05-12T01:11:20.162+0000] {dag.py:3096} INFO - Sync 1 DAGs
[2024-05-12T01:11:20.168+0000] {logging_mixin.py:188} INFO - [2024-05-12T01:11:20.168+0000] {dag.py:3954} INFO - Setting next_dagrun for example_python_operator to None, run_after=None
[2024-05-12T01:11:20.178+0000] {processor.py:183} INFO - Processing /home/airflow/.local/lib/python3.12/site-packages/airflow/example_dags/example_python_operator.py took 0.138 seconds
[2024-05-12T01:11:50.460+0000] {processor.py:161} INFO - Started process (PID=11598) to work on /home/airflow/.local/lib/python3.12/site-packages/airflow/example_dags/example_python_operator.py
[2024-05-12T01:11:50.461+0000] {processor.py:830} INFO - Processing file /home/airflow/.local/lib/python3.12/site-packages/airflow/example_dags/example_python_operator.py for tasks to queue
[2024-05-12T01:11:50.462+0000] {logging_mixin.py:188} INFO - [2024-05-12T01:11:50.461+0000] {dagbag.py:545} INFO - Filling up the DagBag from /home/airflow/.local/lib/python3.12/site-packages/airflow/example_dags/example_python_operator.py
[2024-05-12T01:11:50.467+0000] {processor.py:840} INFO - DAG(s) 'example_python_operator' retrieved from /home/airflow/.local/lib/python3.12/site-packages/airflow/example_dags/example_python_operator.py
[2024-05-12T01:11:50.479+0000] {logging_mixin.py:188} INFO - [2024-05-12T01:11:50.479+0000] {dag.py:3096} INFO - Sync 1 DAGs
[2024-05-12T01:11:50.485+0000] {logging_mixin.py:188} INFO - [2024-05-12T01:11:50.485+0000] {dag.py:3954} INFO - Setting next_dagrun for example_python_operator to None, run_after=None
[2024-05-12T01:11:50.494+0000] {processor.py:183} INFO - Processing /home/airflow/.local/lib/python3.12/site-packages/airflow/example_dags/example_python_operator.py took 0.037 seconds
[2024-05-12T01:12:21.405+0000] {processor.py:161} INFO - Started process (PID=11860) to work on /home/airflow/.local/lib/python3.12/site-packages/airflow/example_dags/example_python_operator.py
[2024-05-12T01:12:21.406+0000] {processor.py:830} INFO - Processing file /home/airflow/.local/lib/python3.12/site-packages/airflow/example_dags/example_python_operator.py for tasks to queue
[2024-05-12T01:12:21.407+0000] {logging_mixin.py:188} INFO - [2024-05-12T01:12:21.407+0000] {dagbag.py:545} INFO - Filling up the DagBag from /home/airflow/.local/lib/python3.12/site-packages/airflow/example_dags/example_python_operator.py
[2024-05-12T01:12:21.413+0000] {processor.py:840} INFO - DAG(s) 'example_python_operator' retrieved from /home/airflow/.local/lib/python3.12/site-packages/airflow/example_dags/example_python_operator.py
[2024-05-12T01:12:21.424+0000] {logging_mixin.py:188} INFO - [2024-05-12T01:12:21.424+0000] {dag.py:3096} INFO - Sync 1 DAGs
[2024-05-12T01:12:21.431+0000] {logging_mixin.py:188} INFO - [2024-05-12T01:12:21.431+0000] {dag.py:3954} INFO - Setting next_dagrun for example_python_operator to None, run_after=None
[2024-05-12T01:12:21.440+0000] {processor.py:183} INFO - Processing /home/airflow/.local/lib/python3.12/site-packages/airflow/example_dags/example_python_operator.py took 0.038 seconds
[2024-05-12T01:12:52.316+0000] {processor.py:161} INFO - Started process (PID=12122) to work on /home/airflow/.local/lib/python3.12/site-packages/airflow/example_dags/example_python_operator.py
[2024-05-12T01:12:52.316+0000] {processor.py:830} INFO - Processing file /home/airflow/.local/lib/python3.12/site-packages/airflow/example_dags/example_python_operator.py for tasks to queue
[2024-05-12T01:12:52.317+0000] {logging_mixin.py:188} INFO - [2024-05-12T01:12:52.317+0000] {dagbag.py:545} INFO - Filling up the DagBag from /home/airflow/.local/lib/python3.12/site-packages/airflow/example_dags/example_python_operator.py
[2024-05-12T01:12:52.322+0000] {processor.py:840} INFO - DAG(s) 'example_python_operator' retrieved from /home/airflow/.local/lib/python3.12/site-packages/airflow/example_dags/example_python_operator.py
[2024-05-12T01:12:52.334+0000] {logging_mixin.py:188} INFO - [2024-05-12T01:12:52.334+0000] {dag.py:3096} INFO - Sync 1 DAGs
[2024-05-12T01:12:52.340+0000] {logging_mixin.py:188} INFO - [2024-05-12T01:12:52.340+0000] {dag.py:3954} INFO - Setting next_dagrun for example_python_operator to None, run_after=None
[2024-05-12T01:12:52.350+0000] {processor.py:183} INFO - Processing /home/airflow/.local/lib/python3.12/site-packages/airflow/example_dags/example_python_operator.py took 0.038 seconds
[2024-05-12T01:13:23.189+0000] {processor.py:161} INFO - Started process (PID=12383) to work on /home/airflow/.local/lib/python3.12/site-packages/airflow/example_dags/example_python_operator.py
[2024-05-12T01:13:23.189+0000] {processor.py:830} INFO - Processing file /home/airflow/.local/lib/python3.12/site-packages/airflow/example_dags/example_python_operator.py for tasks to queue
[2024-05-12T01:13:23.190+0000] {logging_mixin.py:188} INFO - [2024-05-12T01:13:23.190+0000] {dagbag.py:545} INFO - Filling up the DagBag from /home/airflow/.local/lib/python3.12/site-packages/airflow/example_dags/example_python_operator.py
[2024-05-12T01:13:23.196+0000] {processor.py:840} INFO - DAG(s) 'example_python_operator' retrieved from /home/airflow/.local/lib/python3.12/site-packages/airflow/example_dags/example_python_operator.py
[2024-05-12T01:13:23.207+0000] {logging_mixin.py:188} INFO - [2024-05-12T01:13:23.207+0000] {dag.py:3096} INFO - Sync 1 DAGs
[2024-05-12T01:13:23.214+0000] {logging_mixin.py:188} INFO - [2024-05-12T01:13:23.214+0000] {dag.py:3954} INFO - Setting next_dagrun for example_python_operator to None, run_after=None
[2024-05-12T01:13:23.223+0000] {processor.py:183} INFO - Processing /home/airflow/.local/lib/python3.12/site-packages/airflow/example_dags/example_python_operator.py took 0.038 seconds
[2024-05-12T01:13:54.095+0000] {processor.py:161} INFO - Started process (PID=12645) to work on /home/airflow/.local/lib/python3.12/site-packages/airflow/example_dags/example_python_operator.py
[2024-05-12T01:13:54.096+0000] {processor.py:830} INFO - Processing file /home/airflow/.local/lib/python3.12/site-packages/airflow/example_dags/example_python_operator.py for tasks to queue
[2024-05-12T01:13:54.097+0000] {logging_mixin.py:188} INFO - [2024-05-12T01:13:54.097+0000] {dagbag.py:545} INFO - Filling up the DagBag from /home/airflow/.local/lib/python3.12/site-packages/airflow/example_dags/example_python_operator.py
[2024-05-12T01:13:54.103+0000] {processor.py:840} INFO - DAG(s) 'example_python_operator' retrieved from /home/airflow/.local/lib/python3.12/site-packages/airflow/example_dags/example_python_operator.py
[2024-05-12T01:13:54.115+0000] {logging_mixin.py:188} INFO - [2024-05-12T01:13:54.115+0000] {dag.py:3096} INFO - Sync 1 DAGs
[2024-05-12T01:13:54.121+0000] {logging_mixin.py:188} INFO - [2024-05-12T01:13:54.121+0000] {dag.py:3954} INFO - Setting next_dagrun for example_python_operator to None, run_after=None
[2024-05-12T01:13:54.130+0000] {processor.py:183} INFO - Processing /home/airflow/.local/lib/python3.12/site-packages/airflow/example_dags/example_python_operator.py took 0.038 seconds
[2024-05-12T01:14:25.067+0000] {processor.py:161} INFO - Started process (PID=12908) to work on /home/airflow/.local/lib/python3.12/site-packages/airflow/example_dags/example_python_operator.py
[2024-05-12T01:14:25.067+0000] {processor.py:830} INFO - Processing file /home/airflow/.local/lib/python3.12/site-packages/airflow/example_dags/example_python_operator.py for tasks to queue
[2024-05-12T01:14:25.068+0000] {logging_mixin.py:188} INFO - [2024-05-12T01:14:25.068+0000] {dagbag.py:545} INFO - Filling up the DagBag from /home/airflow/.local/lib/python3.12/site-packages/airflow/example_dags/example_python_operator.py
[2024-05-12T01:14:25.073+0000] {processor.py:840} INFO - DAG(s) 'example_python_operator' retrieved from /home/airflow/.local/lib/python3.12/site-packages/airflow/example_dags/example_python_operator.py
[2024-05-12T01:14:25.085+0000] {logging_mixin.py:188} INFO - [2024-05-12T01:14:25.084+0000] {dag.py:3096} INFO - Sync 1 DAGs
[2024-05-12T01:14:25.091+0000] {logging_mixin.py:188} INFO - [2024-05-12T01:14:25.090+0000] {dag.py:3954} INFO - Setting next_dagrun for example_python_operator to None, run_after=None
[2024-05-12T01:14:25.098+0000] {processor.py:183} INFO - Processing /home/airflow/.local/lib/python3.12/site-packages/airflow/example_dags/example_python_operator.py took 0.035 seconds
[2024-05-12T01:14:56.049+0000] {processor.py:161} INFO - Started process (PID=13168) to work on /home/airflow/.local/lib/python3.12/site-packages/airflow/example_dags/example_python_operator.py
[2024-05-12T01:14:56.050+0000] {processor.py:830} INFO - Processing file /home/airflow/.local/lib/python3.12/site-packages/airflow/example_dags/example_python_operator.py for tasks to queue
[2024-05-12T01:14:56.051+0000] {logging_mixin.py:188} INFO - [2024-05-12T01:14:56.051+0000] {dagbag.py:545} INFO - Filling up the DagBag from /home/airflow/.local/lib/python3.12/site-packages/airflow/example_dags/example_python_operator.py
[2024-05-12T01:14:56.056+0000] {processor.py:840} INFO - DAG(s) 'example_python_operator' retrieved from /home/airflow/.local/lib/python3.12/site-packages/airflow/example_dags/example_python_operator.py
[2024-05-12T01:14:56.068+0000] {logging_mixin.py:188} INFO - [2024-05-12T01:14:56.068+0000] {dag.py:3096} INFO - Sync 1 DAGs
[2024-05-12T01:14:56.074+0000] {logging_mixin.py:188} INFO - [2024-05-12T01:14:56.074+0000] {dag.py:3954} INFO - Setting next_dagrun for example_python_operator to None, run_after=None
[2024-05-12T01:14:56.082+0000] {processor.py:183} INFO - Processing /home/airflow/.local/lib/python3.12/site-packages/airflow/example_dags/example_python_operator.py took 0.036 seconds
[2024-05-12T01:15:26.979+0000] {processor.py:161} INFO - Started process (PID=13430) to work on /home/airflow/.local/lib/python3.12/site-packages/airflow/example_dags/example_python_operator.py
[2024-05-12T01:15:26.979+0000] {processor.py:830} INFO - Processing file /home/airflow/.local/lib/python3.12/site-packages/airflow/example_dags/example_python_operator.py for tasks to queue
[2024-05-12T01:15:26.980+0000] {logging_mixin.py:188} INFO - [2024-05-12T01:15:26.980+0000] {dagbag.py:545} INFO - Filling up the DagBag from /home/airflow/.local/lib/python3.12/site-packages/airflow/example_dags/example_python_operator.py
[2024-05-12T01:15:26.986+0000] {processor.py:840} INFO - DAG(s) 'example_python_operator' retrieved from /home/airflow/.local/lib/python3.12/site-packages/airflow/example_dags/example_python_operator.py
[2024-05-12T01:15:26.996+0000] {logging_mixin.py:188} INFO - [2024-05-12T01:15:26.996+0000] {dag.py:3096} INFO - Sync 1 DAGs
[2024-05-12T01:15:27.002+0000] {logging_mixin.py:188} INFO - [2024-05-12T01:15:27.002+0000] {dag.py:3954} INFO - Setting next_dagrun for example_python_operator to None, run_after=None
[2024-05-12T01:15:27.011+0000] {processor.py:183} INFO - Processing /home/airflow/.local/lib/python3.12/site-packages/airflow/example_dags/example_python_operator.py took 0.036 seconds
[2024-05-12T01:15:57.845+0000] {processor.py:161} INFO - Started process (PID=13692) to work on /home/airflow/.local/lib/python3.12/site-packages/airflow/example_dags/example_python_operator.py
[2024-05-12T01:15:57.846+0000] {processor.py:830} INFO - Processing file /home/airflow/.local/lib/python3.12/site-packages/airflow/example_dags/example_python_operator.py for tasks to queue
[2024-05-12T01:15:57.847+0000] {logging_mixin.py:188} INFO - [2024-05-12T01:15:57.846+0000] {dagbag.py:545} INFO - Filling up the DagBag from /home/airflow/.local/lib/python3.12/site-packages/airflow/example_dags/example_python_operator.py
[2024-05-12T01:15:57.852+0000] {processor.py:840} INFO - DAG(s) 'example_python_operator' retrieved from /home/airflow/.local/lib/python3.12/site-packages/airflow/example_dags/example_python_operator.py
[2024-05-12T01:15:57.863+0000] {logging_mixin.py:188} INFO - [2024-05-12T01:15:57.863+0000] {dag.py:3096} INFO - Sync 1 DAGs
[2024-05-12T01:15:57.869+0000] {logging_mixin.py:188} INFO - [2024-05-12T01:15:57.869+0000] {dag.py:3954} INFO - Setting next_dagrun for example_python_operator to None, run_after=None
[2024-05-12T01:15:57.878+0000] {processor.py:183} INFO - Processing /home/airflow/.local/lib/python3.12/site-packages/airflow/example_dags/example_python_operator.py took 0.036 seconds
[2024-05-12T01:16:28.603+0000] {processor.py:161} INFO - Started process (PID=13954) to work on /home/airflow/.local/lib/python3.12/site-packages/airflow/example_dags/example_python_operator.py
[2024-05-12T01:16:28.604+0000] {processor.py:830} INFO - Processing file /home/airflow/.local/lib/python3.12/site-packages/airflow/example_dags/example_python_operator.py for tasks to queue
[2024-05-12T01:16:28.605+0000] {logging_mixin.py:188} INFO - [2024-05-12T01:16:28.605+0000] {dagbag.py:545} INFO - Filling up the DagBag from /home/airflow/.local/lib/python3.12/site-packages/airflow/example_dags/example_python_operator.py
[2024-05-12T01:16:28.611+0000] {processor.py:840} INFO - DAG(s) 'example_python_operator' retrieved from /home/airflow/.local/lib/python3.12/site-packages/airflow/example_dags/example_python_operator.py
[2024-05-12T01:16:28.622+0000] {logging_mixin.py:188} INFO - [2024-05-12T01:16:28.622+0000] {dag.py:3096} INFO - Sync 1 DAGs
[2024-05-12T01:16:28.628+0000] {logging_mixin.py:188} INFO - [2024-05-12T01:16:28.628+0000] {dag.py:3954} INFO - Setting next_dagrun for example_python_operator to None, run_after=None
[2024-05-12T01:16:28.638+0000] {processor.py:183} INFO - Processing /home/airflow/.local/lib/python3.12/site-packages/airflow/example_dags/example_python_operator.py took 0.038 seconds
[2024-05-12T01:16:59.335+0000] {processor.py:161} INFO - Started process (PID=14218) to work on /home/airflow/.local/lib/python3.12/site-packages/airflow/example_dags/example_python_operator.py
[2024-05-12T01:16:59.335+0000] {processor.py:830} INFO - Processing file /home/airflow/.local/lib/python3.12/site-packages/airflow/example_dags/example_python_operator.py for tasks to queue
[2024-05-12T01:16:59.336+0000] {logging_mixin.py:188} INFO - [2024-05-12T01:16:59.336+0000] {dagbag.py:545} INFO - Filling up the DagBag from /home/airflow/.local/lib/python3.12/site-packages/airflow/example_dags/example_python_operator.py
[2024-05-12T01:16:59.341+0000] {processor.py:840} INFO - DAG(s) 'example_python_operator' retrieved from /home/airflow/.local/lib/python3.12/site-packages/airflow/example_dags/example_python_operator.py
[2024-05-12T01:16:59.353+0000] {logging_mixin.py:188} INFO - [2024-05-12T01:16:59.353+0000] {dag.py:3096} INFO - Sync 1 DAGs
[2024-05-12T01:16:59.359+0000] {logging_mixin.py:188} INFO - [2024-05-12T01:16:59.359+0000] {dag.py:3954} INFO - Setting next_dagrun for example_python_operator to None, run_after=None
[2024-05-12T01:16:59.368+0000] {processor.py:183} INFO - Processing /home/airflow/.local/lib/python3.12/site-packages/airflow/example_dags/example_python_operator.py took 0.036 seconds
[2024-05-12T01:17:30.157+0000] {processor.py:161} INFO - Started process (PID=14478) to work on /home/airflow/.local/lib/python3.12/site-packages/airflow/example_dags/example_python_operator.py
[2024-05-12T01:17:30.157+0000] {processor.py:830} INFO - Processing file /home/airflow/.local/lib/python3.12/site-packages/airflow/example_dags/example_python_operator.py for tasks to queue
[2024-05-12T01:17:30.158+0000] {logging_mixin.py:188} INFO - [2024-05-12T01:17:30.158+0000] {dagbag.py:545} INFO - Filling up the DagBag from /home/airflow/.local/lib/python3.12/site-packages/airflow/example_dags/example_python_operator.py
[2024-05-12T01:17:30.163+0000] {processor.py:840} INFO - DAG(s) 'example_python_operator' retrieved from /home/airflow/.local/lib/python3.12/site-packages/airflow/example_dags/example_python_operator.py
[2024-05-12T01:17:30.176+0000] {logging_mixin.py:188} INFO - [2024-05-12T01:17:30.176+0000] {dag.py:3096} INFO - Sync 1 DAGs
[2024-05-12T01:17:30.183+0000] {logging_mixin.py:188} INFO - [2024-05-12T01:17:30.183+0000] {dag.py:3954} INFO - Setting next_dagrun for example_python_operator to None, run_after=None
[2024-05-12T01:17:30.195+0000] {processor.py:183} INFO - Processing /home/airflow/.local/lib/python3.12/site-packages/airflow/example_dags/example_python_operator.py took 0.042 seconds
[2024-05-12T01:18:00.979+0000] {processor.py:161} INFO - Started process (PID=14740) to work on /home/airflow/.local/lib/python3.12/site-packages/airflow/example_dags/example_python_operator.py
[2024-05-12T01:18:00.980+0000] {processor.py:830} INFO - Processing file /home/airflow/.local/lib/python3.12/site-packages/airflow/example_dags/example_python_operator.py for tasks to queue
[2024-05-12T01:18:00.981+0000] {logging_mixin.py:188} INFO - [2024-05-12T01:18:00.981+0000] {dagbag.py:545} INFO - Filling up the DagBag from /home/airflow/.local/lib/python3.12/site-packages/airflow/example_dags/example_python_operator.py
[2024-05-12T01:18:00.986+0000] {processor.py:840} INFO - DAG(s) 'example_python_operator' retrieved from /home/airflow/.local/lib/python3.12/site-packages/airflow/example_dags/example_python_operator.py
[2024-05-12T01:18:00.998+0000] {logging_mixin.py:188} INFO - [2024-05-12T01:18:00.997+0000] {dag.py:3096} INFO - Sync 1 DAGs
[2024-05-12T01:18:01.004+0000] {logging_mixin.py:188} INFO - [2024-05-12T01:18:01.004+0000] {dag.py:3954} INFO - Setting next_dagrun for example_python_operator to None, run_after=None
[2024-05-12T01:18:01.013+0000] {processor.py:183} INFO - Processing /home/airflow/.local/lib/python3.12/site-packages/airflow/example_dags/example_python_operator.py took 0.037 seconds
[2024-05-12T01:18:31.811+0000] {processor.py:161} INFO - Started process (PID=15004) to work on /home/airflow/.local/lib/python3.12/site-packages/airflow/example_dags/example_python_operator.py
[2024-05-12T01:18:31.811+0000] {processor.py:830} INFO - Processing file /home/airflow/.local/lib/python3.12/site-packages/airflow/example_dags/example_python_operator.py for tasks to queue
[2024-05-12T01:18:31.812+0000] {logging_mixin.py:188} INFO - [2024-05-12T01:18:31.812+0000] {dagbag.py:545} INFO - Filling up the DagBag from /home/airflow/.local/lib/python3.12/site-packages/airflow/example_dags/example_python_operator.py
[2024-05-12T01:18:31.817+0000] {processor.py:840} INFO - DAG(s) 'example_python_operator' retrieved from /home/airflow/.local/lib/python3.12/site-packages/airflow/example_dags/example_python_operator.py
[2024-05-12T01:18:31.828+0000] {logging_mixin.py:188} INFO - [2024-05-12T01:18:31.828+0000] {dag.py:3096} INFO - Sync 1 DAGs
[2024-05-12T01:18:31.834+0000] {logging_mixin.py:188} INFO - [2024-05-12T01:18:31.834+0000] {dag.py:3954} INFO - Setting next_dagrun for example_python_operator to None, run_after=None
[2024-05-12T01:18:31.842+0000] {processor.py:183} INFO - Processing /home/airflow/.local/lib/python3.12/site-packages/airflow/example_dags/example_python_operator.py took 0.034 seconds
[2024-05-12T01:19:02.623+0000] {processor.py:161} INFO - Started process (PID=15264) to work on /home/airflow/.local/lib/python3.12/site-packages/airflow/example_dags/example_python_operator.py
[2024-05-12T01:19:02.624+0000] {processor.py:830} INFO - Processing file /home/airflow/.local/lib/python3.12/site-packages/airflow/example_dags/example_python_operator.py for tasks to queue
[2024-05-12T01:19:02.625+0000] {logging_mixin.py:188} INFO - [2024-05-12T01:19:02.625+0000] {dagbag.py:545} INFO - Filling up the DagBag from /home/airflow/.local/lib/python3.12/site-packages/airflow/example_dags/example_python_operator.py
[2024-05-12T01:19:02.630+0000] {processor.py:840} INFO - DAG(s) 'example_python_operator' retrieved from /home/airflow/.local/lib/python3.12/site-packages/airflow/example_dags/example_python_operator.py
[2024-05-12T01:19:02.642+0000] {logging_mixin.py:188} INFO - [2024-05-12T01:19:02.641+0000] {dag.py:3096} INFO - Sync 1 DAGs
[2024-05-12T01:19:02.648+0000] {logging_mixin.py:188} INFO - [2024-05-12T01:19:02.648+0000] {dag.py:3954} INFO - Setting next_dagrun for example_python_operator to None, run_after=None
[2024-05-12T01:19:02.657+0000] {processor.py:183} INFO - Processing /home/airflow/.local/lib/python3.12/site-packages/airflow/example_dags/example_python_operator.py took 0.037 seconds
[2024-05-12T01:19:33.508+0000] {processor.py:161} INFO - Started process (PID=15526) to work on /home/airflow/.local/lib/python3.12/site-packages/airflow/example_dags/example_python_operator.py
[2024-05-12T01:19:33.509+0000] {processor.py:830} INFO - Processing file /home/airflow/.local/lib/python3.12/site-packages/airflow/example_dags/example_python_operator.py for tasks to queue
[2024-05-12T01:19:33.509+0000] {logging_mixin.py:188} INFO - [2024-05-12T01:19:33.509+0000] {dagbag.py:545} INFO - Filling up the DagBag from /home/airflow/.local/lib/python3.12/site-packages/airflow/example_dags/example_python_operator.py
[2024-05-12T01:19:33.515+0000] {processor.py:840} INFO - DAG(s) 'example_python_operator' retrieved from /home/airflow/.local/lib/python3.12/site-packages/airflow/example_dags/example_python_operator.py
[2024-05-12T01:19:33.531+0000] {logging_mixin.py:188} INFO - [2024-05-12T01:19:33.531+0000] {dag.py:3096} INFO - Sync 1 DAGs
[2024-05-12T01:19:33.537+0000] {logging_mixin.py:188} INFO - [2024-05-12T01:19:33.537+0000] {dag.py:3954} INFO - Setting next_dagrun for example_python_operator to None, run_after=None
[2024-05-12T01:19:33.546+0000] {processor.py:183} INFO - Processing /home/airflow/.local/lib/python3.12/site-packages/airflow/example_dags/example_python_operator.py took 0.041 seconds
[2024-05-12T01:20:04.348+0000] {processor.py:161} INFO - Started process (PID=15788) to work on /home/airflow/.local/lib/python3.12/site-packages/airflow/example_dags/example_python_operator.py
[2024-05-12T01:20:04.349+0000] {processor.py:830} INFO - Processing file /home/airflow/.local/lib/python3.12/site-packages/airflow/example_dags/example_python_operator.py for tasks to queue
[2024-05-12T01:20:04.350+0000] {logging_mixin.py:188} INFO - [2024-05-12T01:20:04.350+0000] {dagbag.py:545} INFO - Filling up the DagBag from /home/airflow/.local/lib/python3.12/site-packages/airflow/example_dags/example_python_operator.py
[2024-05-12T01:20:04.355+0000] {processor.py:840} INFO - DAG(s) 'example_python_operator' retrieved from /home/airflow/.local/lib/python3.12/site-packages/airflow/example_dags/example_python_operator.py
[2024-05-12T01:20:04.367+0000] {logging_mixin.py:188} INFO - [2024-05-12T01:20:04.367+0000] {dag.py:3096} INFO - Sync 1 DAGs
[2024-05-12T01:20:04.374+0000] {logging_mixin.py:188} INFO - [2024-05-12T01:20:04.374+0000] {dag.py:3954} INFO - Setting next_dagrun for example_python_operator to None, run_after=None
[2024-05-12T01:20:04.384+0000] {processor.py:183} INFO - Processing /home/airflow/.local/lib/python3.12/site-packages/airflow/example_dags/example_python_operator.py took 0.039 seconds
[2024-05-12T01:20:35.121+0000] {processor.py:161} INFO - Started process (PID=16052) to work on /home/airflow/.local/lib/python3.12/site-packages/airflow/example_dags/example_python_operator.py
[2024-05-12T01:20:35.122+0000] {processor.py:830} INFO - Processing file /home/airflow/.local/lib/python3.12/site-packages/airflow/example_dags/example_python_operator.py for tasks to queue
[2024-05-12T01:20:35.123+0000] {logging_mixin.py:188} INFO - [2024-05-12T01:20:35.123+0000] {dagbag.py:545} INFO - Filling up the DagBag from /home/airflow/.local/lib/python3.12/site-packages/airflow/example_dags/example_python_operator.py
[2024-05-12T01:20:35.128+0000] {processor.py:840} INFO - DAG(s) 'example_python_operator' retrieved from /home/airflow/.local/lib/python3.12/site-packages/airflow/example_dags/example_python_operator.py
[2024-05-12T01:20:35.141+0000] {logging_mixin.py:188} INFO - [2024-05-12T01:20:35.141+0000] {dag.py:3096} INFO - Sync 1 DAGs
[2024-05-12T01:20:35.147+0000] {logging_mixin.py:188} INFO - [2024-05-12T01:20:35.147+0000] {dag.py:3954} INFO - Setting next_dagrun for example_python_operator to None, run_after=None
[2024-05-12T01:20:35.157+0000] {processor.py:183} INFO - Processing /home/airflow/.local/lib/python3.12/site-packages/airflow/example_dags/example_python_operator.py took 0.040 seconds
[2024-05-12T01:21:06.082+0000] {processor.py:161} INFO - Started process (PID=16314) to work on /home/airflow/.local/lib/python3.12/site-packages/airflow/example_dags/example_python_operator.py
[2024-05-12T01:21:06.083+0000] {processor.py:830} INFO - Processing file /home/airflow/.local/lib/python3.12/site-packages/airflow/example_dags/example_python_operator.py for tasks to queue
[2024-05-12T01:21:06.084+0000] {logging_mixin.py:188} INFO - [2024-05-12T01:21:06.084+0000] {dagbag.py:545} INFO - Filling up the DagBag from /home/airflow/.local/lib/python3.12/site-packages/airflow/example_dags/example_python_operator.py
[2024-05-12T01:21:06.090+0000] {processor.py:840} INFO - DAG(s) 'example_python_operator' retrieved from /home/airflow/.local/lib/python3.12/site-packages/airflow/example_dags/example_python_operator.py
[2024-05-12T01:21:06.103+0000] {logging_mixin.py:188} INFO - [2024-05-12T01:21:06.102+0000] {dag.py:3096} INFO - Sync 1 DAGs
[2024-05-12T01:21:06.109+0000] {logging_mixin.py:188} INFO - [2024-05-12T01:21:06.108+0000] {dag.py:3954} INFO - Setting next_dagrun for example_python_operator to None, run_after=None
[2024-05-12T01:21:06.119+0000] {processor.py:183} INFO - Processing /home/airflow/.local/lib/python3.12/site-packages/airflow/example_dags/example_python_operator.py took 0.040 seconds
[2024-05-12T01:21:36.914+0000] {processor.py:161} INFO - Started process (PID=16573) to work on /home/airflow/.local/lib/python3.12/site-packages/airflow/example_dags/example_python_operator.py
[2024-05-12T01:21:36.914+0000] {processor.py:830} INFO - Processing file /home/airflow/.local/lib/python3.12/site-packages/airflow/example_dags/example_python_operator.py for tasks to queue
[2024-05-12T01:21:36.916+0000] {logging_mixin.py:188} INFO - [2024-05-12T01:21:36.915+0000] {dagbag.py:545} INFO - Filling up the DagBag from /home/airflow/.local/lib/python3.12/site-packages/airflow/example_dags/example_python_operator.py
[2024-05-12T01:21:36.921+0000] {processor.py:840} INFO - DAG(s) 'example_python_operator' retrieved from /home/airflow/.local/lib/python3.12/site-packages/airflow/example_dags/example_python_operator.py
[2024-05-12T01:21:36.932+0000] {logging_mixin.py:188} INFO - [2024-05-12T01:21:36.932+0000] {dag.py:3096} INFO - Sync 1 DAGs
[2024-05-12T01:21:36.938+0000] {logging_mixin.py:188} INFO - [2024-05-12T01:21:36.938+0000] {dag.py:3954} INFO - Setting next_dagrun for example_python_operator to None, run_after=None
[2024-05-12T01:21:36.946+0000] {processor.py:183} INFO - Processing /home/airflow/.local/lib/python3.12/site-packages/airflow/example_dags/example_python_operator.py took 0.035 seconds
[2024-05-12T01:22:07.751+0000] {processor.py:161} INFO - Started process (PID=16841) to work on /home/airflow/.local/lib/python3.12/site-packages/airflow/example_dags/example_python_operator.py
[2024-05-12T01:22:07.751+0000] {processor.py:830} INFO - Processing file /home/airflow/.local/lib/python3.12/site-packages/airflow/example_dags/example_python_operator.py for tasks to queue
[2024-05-12T01:22:07.752+0000] {logging_mixin.py:188} INFO - [2024-05-12T01:22:07.752+0000] {dagbag.py:545} INFO - Filling up the DagBag from /home/airflow/.local/lib/python3.12/site-packages/airflow/example_dags/example_python_operator.py
[2024-05-12T01:22:07.758+0000] {processor.py:840} INFO - DAG(s) 'example_python_operator' retrieved from /home/airflow/.local/lib/python3.12/site-packages/airflow/example_dags/example_python_operator.py
[2024-05-12T01:22:07.769+0000] {logging_mixin.py:188} INFO - [2024-05-12T01:22:07.769+0000] {dag.py:3096} INFO - Sync 1 DAGs
[2024-05-12T01:22:07.775+0000] {logging_mixin.py:188} INFO - [2024-05-12T01:22:07.775+0000] {dag.py:3954} INFO - Setting next_dagrun for example_python_operator to None, run_after=None
[2024-05-12T01:22:07.784+0000] {processor.py:183} INFO - Processing /home/airflow/.local/lib/python3.12/site-packages/airflow/example_dags/example_python_operator.py took 0.036 seconds
