[2024-05-12T00:37:43.753+0000] {processor.py:161} INFO - Started process (PID=4475) to work on /home/airflow/.local/lib/python3.12/site-packages/airflow/example_dags/example_python_decorator.py
[2024-05-12T00:37:43.754+0000] {processor.py:830} INFO - Processing file /home/airflow/.local/lib/python3.12/site-packages/airflow/example_dags/example_python_decorator.py for tasks to queue
[2024-05-12T00:37:43.755+0000] {logging_mixin.py:188} INFO - [2024-05-12T00:37:43.755+0000] {dagbag.py:545} INFO - Filling up the DagBag from /home/airflow/.local/lib/python3.12/site-packages/airflow/example_dags/example_python_decorator.py
[2024-05-12T00:37:43.762+0000] {processor.py:840} INFO - DAG(s) 'example_python_decorator' retrieved from /home/airflow/.local/lib/python3.12/site-packages/airflow/example_dags/example_python_decorator.py
[2024-05-12T00:37:43.773+0000] {logging_mixin.py:188} INFO - [2024-05-12T00:37:43.773+0000] {dag.py:3096} INFO - Sync 1 DAGs
[2024-05-12T00:37:43.779+0000] {logging_mixin.py:188} INFO - [2024-05-12T00:37:43.779+0000] {dag.py:3954} INFO - Setting next_dagrun for example_python_decorator to None, run_after=None
[2024-05-12T00:37:43.787+0000] {processor.py:183} INFO - Processing /home/airflow/.local/lib/python3.12/site-packages/airflow/example_dags/example_python_decorator.py took 0.037 seconds
[2024-05-12T00:38:14.480+0000] {processor.py:161} INFO - Started process (PID=4737) to work on /home/airflow/.local/lib/python3.12/site-packages/airflow/example_dags/example_python_decorator.py
[2024-05-12T00:38:14.480+0000] {processor.py:830} INFO - Processing file /home/airflow/.local/lib/python3.12/site-packages/airflow/example_dags/example_python_decorator.py for tasks to queue
[2024-05-12T00:38:14.481+0000] {logging_mixin.py:188} INFO - [2024-05-12T00:38:14.481+0000] {dagbag.py:545} INFO - Filling up the DagBag from /home/airflow/.local/lib/python3.12/site-packages/airflow/example_dags/example_python_decorator.py
[2024-05-12T00:38:14.488+0000] {processor.py:840} INFO - DAG(s) 'example_python_decorator' retrieved from /home/airflow/.local/lib/python3.12/site-packages/airflow/example_dags/example_python_decorator.py
[2024-05-12T00:38:14.499+0000] {logging_mixin.py:188} INFO - [2024-05-12T00:38:14.499+0000] {dag.py:3096} INFO - Sync 1 DAGs
[2024-05-12T00:38:14.505+0000] {logging_mixin.py:188} INFO - [2024-05-12T00:38:14.505+0000] {dag.py:3954} INFO - Setting next_dagrun for example_python_decorator to None, run_after=None
[2024-05-12T00:38:14.513+0000] {processor.py:183} INFO - Processing /home/airflow/.local/lib/python3.12/site-packages/airflow/example_dags/example_python_decorator.py took 0.036 seconds
[2024-05-12T00:38:45.164+0000] {processor.py:161} INFO - Started process (PID=4999) to work on /home/airflow/.local/lib/python3.12/site-packages/airflow/example_dags/example_python_decorator.py
[2024-05-12T00:38:45.165+0000] {processor.py:830} INFO - Processing file /home/airflow/.local/lib/python3.12/site-packages/airflow/example_dags/example_python_decorator.py for tasks to queue
[2024-05-12T00:38:45.167+0000] {logging_mixin.py:188} INFO - [2024-05-12T00:38:45.167+0000] {dagbag.py:545} INFO - Filling up the DagBag from /home/airflow/.local/lib/python3.12/site-packages/airflow/example_dags/example_python_decorator.py
[2024-05-12T00:38:45.174+0000] {processor.py:840} INFO - DAG(s) 'example_python_decorator' retrieved from /home/airflow/.local/lib/python3.12/site-packages/airflow/example_dags/example_python_decorator.py
[2024-05-12T00:38:45.185+0000] {logging_mixin.py:188} INFO - [2024-05-12T00:38:45.185+0000] {dag.py:3096} INFO - Sync 1 DAGs
[2024-05-12T00:38:45.191+0000] {logging_mixin.py:188} INFO - [2024-05-12T00:38:45.191+0000] {dag.py:3954} INFO - Setting next_dagrun for example_python_decorator to None, run_after=None
[2024-05-12T00:38:45.200+0000] {processor.py:183} INFO - Processing /home/airflow/.local/lib/python3.12/site-packages/airflow/example_dags/example_python_decorator.py took 0.039 seconds
[2024-05-12T00:39:15.791+0000] {processor.py:161} INFO - Started process (PID=5260) to work on /home/airflow/.local/lib/python3.12/site-packages/airflow/example_dags/example_python_decorator.py
[2024-05-12T00:39:15.792+0000] {processor.py:830} INFO - Processing file /home/airflow/.local/lib/python3.12/site-packages/airflow/example_dags/example_python_decorator.py for tasks to queue
[2024-05-12T00:39:15.793+0000] {logging_mixin.py:188} INFO - [2024-05-12T00:39:15.793+0000] {dagbag.py:545} INFO - Filling up the DagBag from /home/airflow/.local/lib/python3.12/site-packages/airflow/example_dags/example_python_decorator.py
[2024-05-12T00:39:15.799+0000] {processor.py:840} INFO - DAG(s) 'example_python_decorator' retrieved from /home/airflow/.local/lib/python3.12/site-packages/airflow/example_dags/example_python_decorator.py
[2024-05-12T00:39:15.811+0000] {logging_mixin.py:188} INFO - [2024-05-12T00:39:15.811+0000] {dag.py:3096} INFO - Sync 1 DAGs
[2024-05-12T00:39:15.817+0000] {logging_mixin.py:188} INFO - [2024-05-12T00:39:15.817+0000] {dag.py:3954} INFO - Setting next_dagrun for example_python_decorator to None, run_after=None
[2024-05-12T00:39:15.828+0000] {processor.py:183} INFO - Processing /home/airflow/.local/lib/python3.12/site-packages/airflow/example_dags/example_python_decorator.py took 0.041 seconds
[2024-05-12T00:39:46.633+0000] {processor.py:161} INFO - Started process (PID=5521) to work on /home/airflow/.local/lib/python3.12/site-packages/airflow/example_dags/example_python_decorator.py
[2024-05-12T00:39:46.634+0000] {processor.py:830} INFO - Processing file /home/airflow/.local/lib/python3.12/site-packages/airflow/example_dags/example_python_decorator.py for tasks to queue
[2024-05-12T00:39:46.635+0000] {logging_mixin.py:188} INFO - [2024-05-12T00:39:46.635+0000] {dagbag.py:545} INFO - Filling up the DagBag from /home/airflow/.local/lib/python3.12/site-packages/airflow/example_dags/example_python_decorator.py
[2024-05-12T00:39:46.642+0000] {processor.py:840} INFO - DAG(s) 'example_python_decorator' retrieved from /home/airflow/.local/lib/python3.12/site-packages/airflow/example_dags/example_python_decorator.py
[2024-05-12T00:39:46.654+0000] {logging_mixin.py:188} INFO - [2024-05-12T00:39:46.654+0000] {dag.py:3096} INFO - Sync 1 DAGs
[2024-05-12T00:39:46.661+0000] {logging_mixin.py:188} INFO - [2024-05-12T00:39:46.661+0000] {dag.py:3954} INFO - Setting next_dagrun for example_python_decorator to None, run_after=None
[2024-05-12T00:39:46.672+0000] {processor.py:183} INFO - Processing /home/airflow/.local/lib/python3.12/site-packages/airflow/example_dags/example_python_decorator.py took 0.042 seconds
[2024-05-12T00:40:17.343+0000] {processor.py:161} INFO - Started process (PID=5783) to work on /home/airflow/.local/lib/python3.12/site-packages/airflow/example_dags/example_python_decorator.py
[2024-05-12T00:40:17.344+0000] {processor.py:830} INFO - Processing file /home/airflow/.local/lib/python3.12/site-packages/airflow/example_dags/example_python_decorator.py for tasks to queue
[2024-05-12T00:40:17.345+0000] {logging_mixin.py:188} INFO - [2024-05-12T00:40:17.345+0000] {dagbag.py:545} INFO - Filling up the DagBag from /home/airflow/.local/lib/python3.12/site-packages/airflow/example_dags/example_python_decorator.py
[2024-05-12T00:40:17.351+0000] {processor.py:840} INFO - DAG(s) 'example_python_decorator' retrieved from /home/airflow/.local/lib/python3.12/site-packages/airflow/example_dags/example_python_decorator.py
[2024-05-12T00:40:17.363+0000] {logging_mixin.py:188} INFO - [2024-05-12T00:40:17.363+0000] {dag.py:3096} INFO - Sync 1 DAGs
[2024-05-12T00:40:17.369+0000] {logging_mixin.py:188} INFO - [2024-05-12T00:40:17.369+0000] {dag.py:3954} INFO - Setting next_dagrun for example_python_decorator to None, run_after=None
[2024-05-12T00:40:17.378+0000] {processor.py:183} INFO - Processing /home/airflow/.local/lib/python3.12/site-packages/airflow/example_dags/example_python_decorator.py took 0.038 seconds
[2024-05-12T00:40:48.067+0000] {processor.py:161} INFO - Started process (PID=6047) to work on /home/airflow/.local/lib/python3.12/site-packages/airflow/example_dags/example_python_decorator.py
[2024-05-12T00:40:48.068+0000] {processor.py:830} INFO - Processing file /home/airflow/.local/lib/python3.12/site-packages/airflow/example_dags/example_python_decorator.py for tasks to queue
[2024-05-12T00:40:48.069+0000] {logging_mixin.py:188} INFO - [2024-05-12T00:40:48.068+0000] {dagbag.py:545} INFO - Filling up the DagBag from /home/airflow/.local/lib/python3.12/site-packages/airflow/example_dags/example_python_decorator.py
[2024-05-12T00:40:48.075+0000] {processor.py:840} INFO - DAG(s) 'example_python_decorator' retrieved from /home/airflow/.local/lib/python3.12/site-packages/airflow/example_dags/example_python_decorator.py
[2024-05-12T00:40:48.085+0000] {logging_mixin.py:188} INFO - [2024-05-12T00:40:48.085+0000] {dag.py:3096} INFO - Sync 1 DAGs
[2024-05-12T00:40:48.091+0000] {logging_mixin.py:188} INFO - [2024-05-12T00:40:48.090+0000] {dag.py:3954} INFO - Setting next_dagrun for example_python_decorator to None, run_after=None
[2024-05-12T00:40:48.098+0000] {processor.py:183} INFO - Processing /home/airflow/.local/lib/python3.12/site-packages/airflow/example_dags/example_python_decorator.py took 0.034 seconds
[2024-05-12T00:41:18.973+0000] {processor.py:161} INFO - Started process (PID=6307) to work on /home/airflow/.local/lib/python3.12/site-packages/airflow/example_dags/example_python_decorator.py
[2024-05-12T00:41:18.974+0000] {processor.py:830} INFO - Processing file /home/airflow/.local/lib/python3.12/site-packages/airflow/example_dags/example_python_decorator.py for tasks to queue
[2024-05-12T00:41:18.975+0000] {logging_mixin.py:188} INFO - [2024-05-12T00:41:18.975+0000] {dagbag.py:545} INFO - Filling up the DagBag from /home/airflow/.local/lib/python3.12/site-packages/airflow/example_dags/example_python_decorator.py
[2024-05-12T00:41:18.982+0000] {processor.py:840} INFO - DAG(s) 'example_python_decorator' retrieved from /home/airflow/.local/lib/python3.12/site-packages/airflow/example_dags/example_python_decorator.py
[2024-05-12T00:41:18.993+0000] {logging_mixin.py:188} INFO - [2024-05-12T00:41:18.993+0000] {dag.py:3096} INFO - Sync 1 DAGs
[2024-05-12T00:41:19.000+0000] {logging_mixin.py:188} INFO - [2024-05-12T00:41:19.000+0000] {dag.py:3954} INFO - Setting next_dagrun for example_python_decorator to None, run_after=None
[2024-05-12T00:41:19.009+0000] {processor.py:183} INFO - Processing /home/airflow/.local/lib/python3.12/site-packages/airflow/example_dags/example_python_decorator.py took 0.038 seconds
[2024-05-12T00:41:49.708+0000] {processor.py:161} INFO - Started process (PID=6569) to work on /home/airflow/.local/lib/python3.12/site-packages/airflow/example_dags/example_python_decorator.py
[2024-05-12T00:41:49.708+0000] {processor.py:830} INFO - Processing file /home/airflow/.local/lib/python3.12/site-packages/airflow/example_dags/example_python_decorator.py for tasks to queue
[2024-05-12T00:41:49.709+0000] {logging_mixin.py:188} INFO - [2024-05-12T00:41:49.709+0000] {dagbag.py:545} INFO - Filling up the DagBag from /home/airflow/.local/lib/python3.12/site-packages/airflow/example_dags/example_python_decorator.py
[2024-05-12T00:41:49.715+0000] {processor.py:840} INFO - DAG(s) 'example_python_decorator' retrieved from /home/airflow/.local/lib/python3.12/site-packages/airflow/example_dags/example_python_decorator.py
[2024-05-12T00:41:49.726+0000] {logging_mixin.py:188} INFO - [2024-05-12T00:41:49.726+0000] {dag.py:3096} INFO - Sync 1 DAGs
[2024-05-12T00:41:49.732+0000] {logging_mixin.py:188} INFO - [2024-05-12T00:41:49.732+0000] {dag.py:3954} INFO - Setting next_dagrun for example_python_decorator to None, run_after=None
[2024-05-12T00:41:49.741+0000] {processor.py:183} INFO - Processing /home/airflow/.local/lib/python3.12/site-packages/airflow/example_dags/example_python_decorator.py took 0.036 seconds
[2024-05-12T00:42:20.331+0000] {processor.py:161} INFO - Started process (PID=6831) to work on /home/airflow/.local/lib/python3.12/site-packages/airflow/example_dags/example_python_decorator.py
[2024-05-12T00:42:20.332+0000] {processor.py:830} INFO - Processing file /home/airflow/.local/lib/python3.12/site-packages/airflow/example_dags/example_python_decorator.py for tasks to queue
[2024-05-12T00:42:20.332+0000] {logging_mixin.py:188} INFO - [2024-05-12T00:42:20.332+0000] {dagbag.py:545} INFO - Filling up the DagBag from /home/airflow/.local/lib/python3.12/site-packages/airflow/example_dags/example_python_decorator.py
[2024-05-12T00:42:20.339+0000] {processor.py:840} INFO - DAG(s) 'example_python_decorator' retrieved from /home/airflow/.local/lib/python3.12/site-packages/airflow/example_dags/example_python_decorator.py
[2024-05-12T00:42:20.350+0000] {logging_mixin.py:188} INFO - [2024-05-12T00:42:20.349+0000] {dag.py:3096} INFO - Sync 1 DAGs
[2024-05-12T00:42:20.355+0000] {logging_mixin.py:188} INFO - [2024-05-12T00:42:20.355+0000] {dag.py:3954} INFO - Setting next_dagrun for example_python_decorator to None, run_after=None
[2024-05-12T00:42:20.364+0000] {processor.py:183} INFO - Processing /home/airflow/.local/lib/python3.12/site-packages/airflow/example_dags/example_python_decorator.py took 0.036 seconds
[2024-05-12T00:42:51.104+0000] {processor.py:161} INFO - Started process (PID=7093) to work on /home/airflow/.local/lib/python3.12/site-packages/airflow/example_dags/example_python_decorator.py
[2024-05-12T00:42:51.105+0000] {processor.py:830} INFO - Processing file /home/airflow/.local/lib/python3.12/site-packages/airflow/example_dags/example_python_decorator.py for tasks to queue
[2024-05-12T00:42:51.106+0000] {logging_mixin.py:188} INFO - [2024-05-12T00:42:51.106+0000] {dagbag.py:545} INFO - Filling up the DagBag from /home/airflow/.local/lib/python3.12/site-packages/airflow/example_dags/example_python_decorator.py
[2024-05-12T00:42:51.125+0000] {processor.py:840} INFO - DAG(s) 'example_python_decorator' retrieved from /home/airflow/.local/lib/python3.12/site-packages/airflow/example_dags/example_python_decorator.py
[2024-05-12T00:42:51.138+0000] {logging_mixin.py:188} INFO - [2024-05-12T00:42:51.138+0000] {dag.py:3096} INFO - Sync 1 DAGs
[2024-05-12T00:42:51.145+0000] {logging_mixin.py:188} INFO - [2024-05-12T00:42:51.145+0000] {dag.py:3954} INFO - Setting next_dagrun for example_python_decorator to None, run_after=None
[2024-05-12T00:42:51.154+0000] {processor.py:183} INFO - Processing /home/airflow/.local/lib/python3.12/site-packages/airflow/example_dags/example_python_decorator.py took 0.052 seconds
[2024-05-12T00:43:21.876+0000] {processor.py:161} INFO - Started process (PID=7355) to work on /home/airflow/.local/lib/python3.12/site-packages/airflow/example_dags/example_python_decorator.py
[2024-05-12T00:43:21.876+0000] {processor.py:830} INFO - Processing file /home/airflow/.local/lib/python3.12/site-packages/airflow/example_dags/example_python_decorator.py for tasks to queue
[2024-05-12T00:43:21.877+0000] {logging_mixin.py:188} INFO - [2024-05-12T00:43:21.877+0000] {dagbag.py:545} INFO - Filling up the DagBag from /home/airflow/.local/lib/python3.12/site-packages/airflow/example_dags/example_python_decorator.py
[2024-05-12T00:43:21.884+0000] {processor.py:840} INFO - DAG(s) 'example_python_decorator' retrieved from /home/airflow/.local/lib/python3.12/site-packages/airflow/example_dags/example_python_decorator.py
[2024-05-12T00:43:21.896+0000] {logging_mixin.py:188} INFO - [2024-05-12T00:43:21.896+0000] {dag.py:3096} INFO - Sync 1 DAGs
[2024-05-12T00:43:21.902+0000] {logging_mixin.py:188} INFO - [2024-05-12T00:43:21.902+0000] {dag.py:3954} INFO - Setting next_dagrun for example_python_decorator to None, run_after=None
[2024-05-12T00:43:21.912+0000] {processor.py:183} INFO - Processing /home/airflow/.local/lib/python3.12/site-packages/airflow/example_dags/example_python_decorator.py took 0.039 seconds
[2024-05-12T00:43:52.628+0000] {processor.py:161} INFO - Started process (PID=7617) to work on /home/airflow/.local/lib/python3.12/site-packages/airflow/example_dags/example_python_decorator.py
[2024-05-12T00:43:52.629+0000] {processor.py:830} INFO - Processing file /home/airflow/.local/lib/python3.12/site-packages/airflow/example_dags/example_python_decorator.py for tasks to queue
[2024-05-12T00:43:52.630+0000] {logging_mixin.py:188} INFO - [2024-05-12T00:43:52.630+0000] {dagbag.py:545} INFO - Filling up the DagBag from /home/airflow/.local/lib/python3.12/site-packages/airflow/example_dags/example_python_decorator.py
[2024-05-12T00:43:52.637+0000] {processor.py:840} INFO - DAG(s) 'example_python_decorator' retrieved from /home/airflow/.local/lib/python3.12/site-packages/airflow/example_dags/example_python_decorator.py
[2024-05-12T00:43:52.647+0000] {logging_mixin.py:188} INFO - [2024-05-12T00:43:52.647+0000] {dag.py:3096} INFO - Sync 1 DAGs
[2024-05-12T00:43:52.653+0000] {logging_mixin.py:188} INFO - [2024-05-12T00:43:52.653+0000] {dag.py:3954} INFO - Setting next_dagrun for example_python_decorator to None, run_after=None
[2024-05-12T00:43:52.662+0000] {processor.py:183} INFO - Processing /home/airflow/.local/lib/python3.12/site-packages/airflow/example_dags/example_python_decorator.py took 0.037 seconds
[2024-05-12T00:44:23.348+0000] {processor.py:161} INFO - Started process (PID=7878) to work on /home/airflow/.local/lib/python3.12/site-packages/airflow/example_dags/example_python_decorator.py
[2024-05-12T00:44:23.349+0000] {processor.py:830} INFO - Processing file /home/airflow/.local/lib/python3.12/site-packages/airflow/example_dags/example_python_decorator.py for tasks to queue
[2024-05-12T00:44:23.350+0000] {logging_mixin.py:188} INFO - [2024-05-12T00:44:23.350+0000] {dagbag.py:545} INFO - Filling up the DagBag from /home/airflow/.local/lib/python3.12/site-packages/airflow/example_dags/example_python_decorator.py
[2024-05-12T00:44:23.356+0000] {processor.py:840} INFO - DAG(s) 'example_python_decorator' retrieved from /home/airflow/.local/lib/python3.12/site-packages/airflow/example_dags/example_python_decorator.py
[2024-05-12T00:44:23.367+0000] {logging_mixin.py:188} INFO - [2024-05-12T00:44:23.367+0000] {dag.py:3096} INFO - Sync 1 DAGs
[2024-05-12T00:44:23.373+0000] {logging_mixin.py:188} INFO - [2024-05-12T00:44:23.373+0000] {dag.py:3954} INFO - Setting next_dagrun for example_python_decorator to None, run_after=None
[2024-05-12T00:44:23.382+0000] {processor.py:183} INFO - Processing /home/airflow/.local/lib/python3.12/site-packages/airflow/example_dags/example_python_decorator.py took 0.036 seconds
[2024-05-12T00:44:54.180+0000] {processor.py:161} INFO - Started process (PID=8140) to work on /home/airflow/.local/lib/python3.12/site-packages/airflow/example_dags/example_python_decorator.py
[2024-05-12T00:44:54.181+0000] {processor.py:830} INFO - Processing file /home/airflow/.local/lib/python3.12/site-packages/airflow/example_dags/example_python_decorator.py for tasks to queue
[2024-05-12T00:44:54.182+0000] {logging_mixin.py:188} INFO - [2024-05-12T00:44:54.182+0000] {dagbag.py:545} INFO - Filling up the DagBag from /home/airflow/.local/lib/python3.12/site-packages/airflow/example_dags/example_python_decorator.py
[2024-05-12T00:44:54.189+0000] {processor.py:840} INFO - DAG(s) 'example_python_decorator' retrieved from /home/airflow/.local/lib/python3.12/site-packages/airflow/example_dags/example_python_decorator.py
[2024-05-12T00:44:54.201+0000] {logging_mixin.py:188} INFO - [2024-05-12T00:44:54.201+0000] {dag.py:3096} INFO - Sync 1 DAGs
[2024-05-12T00:44:54.208+0000] {logging_mixin.py:188} INFO - [2024-05-12T00:44:54.208+0000] {dag.py:3954} INFO - Setting next_dagrun for example_python_decorator to None, run_after=None
[2024-05-12T00:44:54.218+0000] {processor.py:183} INFO - Processing /home/airflow/.local/lib/python3.12/site-packages/airflow/example_dags/example_python_decorator.py took 0.041 seconds
[2024-05-12T00:45:24.869+0000] {processor.py:161} INFO - Started process (PID=8401) to work on /home/airflow/.local/lib/python3.12/site-packages/airflow/example_dags/example_python_decorator.py
[2024-05-12T00:45:24.869+0000] {processor.py:830} INFO - Processing file /home/airflow/.local/lib/python3.12/site-packages/airflow/example_dags/example_python_decorator.py for tasks to queue
[2024-05-12T00:45:24.871+0000] {logging_mixin.py:188} INFO - [2024-05-12T00:45:24.870+0000] {dagbag.py:545} INFO - Filling up the DagBag from /home/airflow/.local/lib/python3.12/site-packages/airflow/example_dags/example_python_decorator.py
[2024-05-12T00:45:24.877+0000] {processor.py:840} INFO - DAG(s) 'example_python_decorator' retrieved from /home/airflow/.local/lib/python3.12/site-packages/airflow/example_dags/example_python_decorator.py
[2024-05-12T00:45:24.889+0000] {logging_mixin.py:188} INFO - [2024-05-12T00:45:24.889+0000] {dag.py:3096} INFO - Sync 1 DAGs
[2024-05-12T00:45:24.895+0000] {logging_mixin.py:188} INFO - [2024-05-12T00:45:24.895+0000] {dag.py:3954} INFO - Setting next_dagrun for example_python_decorator to None, run_after=None
[2024-05-12T00:45:24.904+0000] {processor.py:183} INFO - Processing /home/airflow/.local/lib/python3.12/site-packages/airflow/example_dags/example_python_decorator.py took 0.038 seconds
[2024-05-12T00:45:55.572+0000] {processor.py:161} INFO - Started process (PID=8663) to work on /home/airflow/.local/lib/python3.12/site-packages/airflow/example_dags/example_python_decorator.py
[2024-05-12T00:45:55.573+0000] {processor.py:830} INFO - Processing file /home/airflow/.local/lib/python3.12/site-packages/airflow/example_dags/example_python_decorator.py for tasks to queue
[2024-05-12T00:45:55.574+0000] {logging_mixin.py:188} INFO - [2024-05-12T00:45:55.574+0000] {dagbag.py:545} INFO - Filling up the DagBag from /home/airflow/.local/lib/python3.12/site-packages/airflow/example_dags/example_python_decorator.py
[2024-05-12T00:45:55.581+0000] {processor.py:840} INFO - DAG(s) 'example_python_decorator' retrieved from /home/airflow/.local/lib/python3.12/site-packages/airflow/example_dags/example_python_decorator.py
[2024-05-12T00:45:55.592+0000] {logging_mixin.py:188} INFO - [2024-05-12T00:45:55.592+0000] {dag.py:3096} INFO - Sync 1 DAGs
[2024-05-12T00:45:55.598+0000] {logging_mixin.py:188} INFO - [2024-05-12T00:45:55.598+0000] {dag.py:3954} INFO - Setting next_dagrun for example_python_decorator to None, run_after=None
[2024-05-12T00:45:55.607+0000] {processor.py:183} INFO - Processing /home/airflow/.local/lib/python3.12/site-packages/airflow/example_dags/example_python_decorator.py took 0.038 seconds
[2024-05-12T00:46:26.411+0000] {processor.py:161} INFO - Started process (PID=8925) to work on /home/airflow/.local/lib/python3.12/site-packages/airflow/example_dags/example_python_decorator.py
[2024-05-12T00:46:26.412+0000] {processor.py:830} INFO - Processing file /home/airflow/.local/lib/python3.12/site-packages/airflow/example_dags/example_python_decorator.py for tasks to queue
[2024-05-12T00:46:26.413+0000] {logging_mixin.py:188} INFO - [2024-05-12T00:46:26.413+0000] {dagbag.py:545} INFO - Filling up the DagBag from /home/airflow/.local/lib/python3.12/site-packages/airflow/example_dags/example_python_decorator.py
[2024-05-12T00:46:26.420+0000] {processor.py:840} INFO - DAG(s) 'example_python_decorator' retrieved from /home/airflow/.local/lib/python3.12/site-packages/airflow/example_dags/example_python_decorator.py
[2024-05-12T00:46:26.431+0000] {logging_mixin.py:188} INFO - [2024-05-12T00:46:26.431+0000] {dag.py:3096} INFO - Sync 1 DAGs
[2024-05-12T00:46:26.438+0000] {logging_mixin.py:188} INFO - [2024-05-12T00:46:26.438+0000] {dag.py:3954} INFO - Setting next_dagrun for example_python_decorator to None, run_after=None
[2024-05-12T00:46:26.448+0000] {processor.py:183} INFO - Processing /home/airflow/.local/lib/python3.12/site-packages/airflow/example_dags/example_python_decorator.py took 0.039 seconds
[2024-05-12T00:46:57.214+0000] {processor.py:161} INFO - Started process (PID=9187) to work on /home/airflow/.local/lib/python3.12/site-packages/airflow/example_dags/example_python_decorator.py
[2024-05-12T00:46:57.215+0000] {processor.py:830} INFO - Processing file /home/airflow/.local/lib/python3.12/site-packages/airflow/example_dags/example_python_decorator.py for tasks to queue
[2024-05-12T00:46:57.216+0000] {logging_mixin.py:188} INFO - [2024-05-12T00:46:57.216+0000] {dagbag.py:545} INFO - Filling up the DagBag from /home/airflow/.local/lib/python3.12/site-packages/airflow/example_dags/example_python_decorator.py
[2024-05-12T00:46:57.223+0000] {processor.py:840} INFO - DAG(s) 'example_python_decorator' retrieved from /home/airflow/.local/lib/python3.12/site-packages/airflow/example_dags/example_python_decorator.py
[2024-05-12T00:46:57.235+0000] {logging_mixin.py:188} INFO - [2024-05-12T00:46:57.235+0000] {dag.py:3096} INFO - Sync 1 DAGs
[2024-05-12T00:46:57.241+0000] {logging_mixin.py:188} INFO - [2024-05-12T00:46:57.241+0000] {dag.py:3954} INFO - Setting next_dagrun for example_python_decorator to None, run_after=None
[2024-05-12T00:46:57.251+0000] {processor.py:183} INFO - Processing /home/airflow/.local/lib/python3.12/site-packages/airflow/example_dags/example_python_decorator.py took 0.040 seconds
[2024-05-12T00:47:28.130+0000] {processor.py:161} INFO - Started process (PID=9448) to work on /home/airflow/.local/lib/python3.12/site-packages/airflow/example_dags/example_python_decorator.py
[2024-05-12T00:47:28.131+0000] {processor.py:830} INFO - Processing file /home/airflow/.local/lib/python3.12/site-packages/airflow/example_dags/example_python_decorator.py for tasks to queue
[2024-05-12T00:47:28.132+0000] {logging_mixin.py:188} INFO - [2024-05-12T00:47:28.132+0000] {dagbag.py:545} INFO - Filling up the DagBag from /home/airflow/.local/lib/python3.12/site-packages/airflow/example_dags/example_python_decorator.py
[2024-05-12T00:47:28.138+0000] {processor.py:840} INFO - DAG(s) 'example_python_decorator' retrieved from /home/airflow/.local/lib/python3.12/site-packages/airflow/example_dags/example_python_decorator.py
[2024-05-12T00:47:28.149+0000] {logging_mixin.py:188} INFO - [2024-05-12T00:47:28.149+0000] {dag.py:3096} INFO - Sync 1 DAGs
[2024-05-12T00:47:28.155+0000] {logging_mixin.py:188} INFO - [2024-05-12T00:47:28.155+0000] {dag.py:3954} INFO - Setting next_dagrun for example_python_decorator to None, run_after=None
[2024-05-12T00:47:28.164+0000] {processor.py:183} INFO - Processing /home/airflow/.local/lib/python3.12/site-packages/airflow/example_dags/example_python_decorator.py took 0.037 seconds
[2024-05-12T00:47:58.982+0000] {processor.py:161} INFO - Started process (PID=9710) to work on /home/airflow/.local/lib/python3.12/site-packages/airflow/example_dags/example_python_decorator.py
[2024-05-12T00:47:58.982+0000] {processor.py:830} INFO - Processing file /home/airflow/.local/lib/python3.12/site-packages/airflow/example_dags/example_python_decorator.py for tasks to queue
[2024-05-12T00:47:58.983+0000] {logging_mixin.py:188} INFO - [2024-05-12T00:47:58.983+0000] {dagbag.py:545} INFO - Filling up the DagBag from /home/airflow/.local/lib/python3.12/site-packages/airflow/example_dags/example_python_decorator.py
[2024-05-12T00:47:58.989+0000] {processor.py:840} INFO - DAG(s) 'example_python_decorator' retrieved from /home/airflow/.local/lib/python3.12/site-packages/airflow/example_dags/example_python_decorator.py
[2024-05-12T00:47:59.000+0000] {logging_mixin.py:188} INFO - [2024-05-12T00:47:59.000+0000] {dag.py:3096} INFO - Sync 1 DAGs
[2024-05-12T00:47:59.005+0000] {logging_mixin.py:188} INFO - [2024-05-12T00:47:59.005+0000] {dag.py:3954} INFO - Setting next_dagrun for example_python_decorator to None, run_after=None
[2024-05-12T00:47:59.014+0000] {processor.py:183} INFO - Processing /home/airflow/.local/lib/python3.12/site-packages/airflow/example_dags/example_python_decorator.py took 0.035 seconds
[2024-05-12T00:48:29.793+0000] {processor.py:161} INFO - Started process (PID=9972) to work on /home/airflow/.local/lib/python3.12/site-packages/airflow/example_dags/example_python_decorator.py
[2024-05-12T00:48:29.793+0000] {processor.py:830} INFO - Processing file /home/airflow/.local/lib/python3.12/site-packages/airflow/example_dags/example_python_decorator.py for tasks to queue
[2024-05-12T00:48:29.794+0000] {logging_mixin.py:188} INFO - [2024-05-12T00:48:29.794+0000] {dagbag.py:545} INFO - Filling up the DagBag from /home/airflow/.local/lib/python3.12/site-packages/airflow/example_dags/example_python_decorator.py
[2024-05-12T00:48:29.801+0000] {processor.py:840} INFO - DAG(s) 'example_python_decorator' retrieved from /home/airflow/.local/lib/python3.12/site-packages/airflow/example_dags/example_python_decorator.py
[2024-05-12T00:48:29.812+0000] {logging_mixin.py:188} INFO - [2024-05-12T00:48:29.811+0000] {dag.py:3096} INFO - Sync 1 DAGs
[2024-05-12T00:48:29.818+0000] {logging_mixin.py:188} INFO - [2024-05-12T00:48:29.817+0000] {dag.py:3954} INFO - Setting next_dagrun for example_python_decorator to None, run_after=None
[2024-05-12T00:48:29.826+0000] {processor.py:183} INFO - Processing /home/airflow/.local/lib/python3.12/site-packages/airflow/example_dags/example_python_decorator.py took 0.036 seconds
[2024-05-12T00:48:59.965+0000] {processor.py:161} INFO - Started process (PID=10234) to work on /home/airflow/.local/lib/python3.12/site-packages/airflow/example_dags/example_python_decorator.py
[2024-05-12T00:48:59.965+0000] {processor.py:830} INFO - Processing file /home/airflow/.local/lib/python3.12/site-packages/airflow/example_dags/example_python_decorator.py for tasks to queue
[2024-05-12T00:48:59.966+0000] {logging_mixin.py:188} INFO - [2024-05-12T00:48:59.966+0000] {dagbag.py:545} INFO - Filling up the DagBag from /home/airflow/.local/lib/python3.12/site-packages/airflow/example_dags/example_python_decorator.py
[2024-05-12T00:48:59.973+0000] {processor.py:840} INFO - DAG(s) 'example_python_decorator' retrieved from /home/airflow/.local/lib/python3.12/site-packages/airflow/example_dags/example_python_decorator.py
[2024-05-12T00:48:59.983+0000] {logging_mixin.py:188} INFO - [2024-05-12T00:48:59.983+0000] {dag.py:3096} INFO - Sync 1 DAGs
[2024-05-12T00:48:59.989+0000] {logging_mixin.py:188} INFO - [2024-05-12T00:48:59.989+0000] {dag.py:3954} INFO - Setting next_dagrun for example_python_decorator to None, run_after=None
[2024-05-12T00:48:59.998+0000] {processor.py:183} INFO - Processing /home/airflow/.local/lib/python3.12/site-packages/airflow/example_dags/example_python_decorator.py took 0.036 seconds
[2024-05-12T01:06:45.709+0000] {processor.py:161} INFO - Started process (PID=10496) to work on /home/airflow/.local/lib/python3.12/site-packages/airflow/example_dags/example_python_decorator.py
[2024-05-12T01:06:45.709+0000] {processor.py:830} INFO - Processing file /home/airflow/.local/lib/python3.12/site-packages/airflow/example_dags/example_python_decorator.py for tasks to queue
[2024-05-12T01:06:45.710+0000] {logging_mixin.py:188} INFO - [2024-05-12T01:06:45.710+0000] {dagbag.py:545} INFO - Filling up the DagBag from /home/airflow/.local/lib/python3.12/site-packages/airflow/example_dags/example_python_decorator.py
[2024-05-12T01:06:45.717+0000] {processor.py:840} INFO - DAG(s) 'example_python_decorator' retrieved from /home/airflow/.local/lib/python3.12/site-packages/airflow/example_dags/example_python_decorator.py
[2024-05-12T01:06:45.730+0000] {logging_mixin.py:188} INFO - [2024-05-12T01:06:45.730+0000] {dag.py:3096} INFO - Sync 1 DAGs
[2024-05-12T01:06:45.736+0000] {logging_mixin.py:188} INFO - [2024-05-12T01:06:45.736+0000] {dag.py:3954} INFO - Setting next_dagrun for example_python_decorator to None, run_after=None
[2024-05-12T01:06:45.744+0000] {processor.py:183} INFO - Processing /home/airflow/.local/lib/python3.12/site-packages/airflow/example_dags/example_python_decorator.py took 0.039 seconds
[2024-05-12T01:10:17.782+0000] {processor.py:161} INFO - Started process (PID=10759) to work on /home/airflow/.local/lib/python3.12/site-packages/airflow/example_dags/example_python_decorator.py
[2024-05-12T01:10:17.783+0000] {processor.py:830} INFO - Processing file /home/airflow/.local/lib/python3.12/site-packages/airflow/example_dags/example_python_decorator.py for tasks to queue
[2024-05-12T01:10:17.784+0000] {logging_mixin.py:188} INFO - [2024-05-12T01:10:17.784+0000] {dagbag.py:545} INFO - Filling up the DagBag from /home/airflow/.local/lib/python3.12/site-packages/airflow/example_dags/example_python_decorator.py
[2024-05-12T01:10:17.791+0000] {processor.py:840} INFO - DAG(s) 'example_python_decorator' retrieved from /home/airflow/.local/lib/python3.12/site-packages/airflow/example_dags/example_python_decorator.py
[2024-05-12T01:10:17.804+0000] {logging_mixin.py:188} INFO - [2024-05-12T01:10:17.803+0000] {dag.py:3096} INFO - Sync 1 DAGs
[2024-05-12T01:10:17.809+0000] {logging_mixin.py:188} INFO - [2024-05-12T01:10:17.809+0000] {dag.py:3954} INFO - Setting next_dagrun for example_python_decorator to None, run_after=None
[2024-05-12T01:10:17.819+0000] {processor.py:183} INFO - Processing /home/airflow/.local/lib/python3.12/site-packages/airflow/example_dags/example_python_decorator.py took 0.040 seconds
[2024-05-12T01:10:48.836+0000] {processor.py:161} INFO - Started process (PID=11021) to work on /home/airflow/.local/lib/python3.12/site-packages/airflow/example_dags/example_python_decorator.py
[2024-05-12T01:10:48.837+0000] {processor.py:830} INFO - Processing file /home/airflow/.local/lib/python3.12/site-packages/airflow/example_dags/example_python_decorator.py for tasks to queue
[2024-05-12T01:10:48.838+0000] {logging_mixin.py:188} INFO - [2024-05-12T01:10:48.838+0000] {dagbag.py:545} INFO - Filling up the DagBag from /home/airflow/.local/lib/python3.12/site-packages/airflow/example_dags/example_python_decorator.py
[2024-05-12T01:10:48.845+0000] {processor.py:840} INFO - DAG(s) 'example_python_decorator' retrieved from /home/airflow/.local/lib/python3.12/site-packages/airflow/example_dags/example_python_decorator.py
[2024-05-12T01:10:48.858+0000] {logging_mixin.py:188} INFO - [2024-05-12T01:10:48.858+0000] {dag.py:3096} INFO - Sync 1 DAGs
[2024-05-12T01:10:48.945+0000] {logging_mixin.py:188} INFO - [2024-05-12T01:10:48.945+0000] {dag.py:3954} INFO - Setting next_dagrun for example_python_decorator to None, run_after=None
[2024-05-12T01:10:48.955+0000] {processor.py:183} INFO - Processing /home/airflow/.local/lib/python3.12/site-packages/airflow/example_dags/example_python_decorator.py took 0.121 seconds
[2024-05-12T01:11:19.223+0000] {processor.py:161} INFO - Started process (PID=11283) to work on /home/airflow/.local/lib/python3.12/site-packages/airflow/example_dags/example_python_decorator.py
[2024-05-12T01:11:19.224+0000] {processor.py:830} INFO - Processing file /home/airflow/.local/lib/python3.12/site-packages/airflow/example_dags/example_python_decorator.py for tasks to queue
[2024-05-12T01:11:19.225+0000] {logging_mixin.py:188} INFO - [2024-05-12T01:11:19.224+0000] {dagbag.py:545} INFO - Filling up the DagBag from /home/airflow/.local/lib/python3.12/site-packages/airflow/example_dags/example_python_decorator.py
[2024-05-12T01:11:19.231+0000] {processor.py:840} INFO - DAG(s) 'example_python_decorator' retrieved from /home/airflow/.local/lib/python3.12/site-packages/airflow/example_dags/example_python_decorator.py
[2024-05-12T01:11:19.241+0000] {logging_mixin.py:188} INFO - [2024-05-12T01:11:19.241+0000] {dag.py:3096} INFO - Sync 1 DAGs
[2024-05-12T01:11:19.329+0000] {logging_mixin.py:188} INFO - [2024-05-12T01:11:19.328+0000] {dag.py:3954} INFO - Setting next_dagrun for example_python_decorator to None, run_after=None
[2024-05-12T01:11:19.336+0000] {processor.py:183} INFO - Processing /home/airflow/.local/lib/python3.12/site-packages/airflow/example_dags/example_python_decorator.py took 0.116 seconds
[2024-05-12T01:11:50.134+0000] {processor.py:161} INFO - Started process (PID=11545) to work on /home/airflow/.local/lib/python3.12/site-packages/airflow/example_dags/example_python_decorator.py
[2024-05-12T01:11:50.134+0000] {processor.py:830} INFO - Processing file /home/airflow/.local/lib/python3.12/site-packages/airflow/example_dags/example_python_decorator.py for tasks to queue
[2024-05-12T01:11:50.135+0000] {logging_mixin.py:188} INFO - [2024-05-12T01:11:50.135+0000] {dagbag.py:545} INFO - Filling up the DagBag from /home/airflow/.local/lib/python3.12/site-packages/airflow/example_dags/example_python_decorator.py
[2024-05-12T01:11:50.142+0000] {processor.py:840} INFO - DAG(s) 'example_python_decorator' retrieved from /home/airflow/.local/lib/python3.12/site-packages/airflow/example_dags/example_python_decorator.py
[2024-05-12T01:11:50.153+0000] {logging_mixin.py:188} INFO - [2024-05-12T01:11:50.153+0000] {dag.py:3096} INFO - Sync 1 DAGs
[2024-05-12T01:11:50.159+0000] {logging_mixin.py:188} INFO - [2024-05-12T01:11:50.159+0000] {dag.py:3954} INFO - Setting next_dagrun for example_python_decorator to None, run_after=None
[2024-05-12T01:11:50.167+0000] {processor.py:183} INFO - Processing /home/airflow/.local/lib/python3.12/site-packages/airflow/example_dags/example_python_decorator.py took 0.036 seconds
[2024-05-12T01:12:21.072+0000] {processor.py:161} INFO - Started process (PID=11807) to work on /home/airflow/.local/lib/python3.12/site-packages/airflow/example_dags/example_python_decorator.py
[2024-05-12T01:12:21.073+0000] {processor.py:830} INFO - Processing file /home/airflow/.local/lib/python3.12/site-packages/airflow/example_dags/example_python_decorator.py for tasks to queue
[2024-05-12T01:12:21.074+0000] {logging_mixin.py:188} INFO - [2024-05-12T01:12:21.074+0000] {dagbag.py:545} INFO - Filling up the DagBag from /home/airflow/.local/lib/python3.12/site-packages/airflow/example_dags/example_python_decorator.py
[2024-05-12T01:12:21.080+0000] {processor.py:840} INFO - DAG(s) 'example_python_decorator' retrieved from /home/airflow/.local/lib/python3.12/site-packages/airflow/example_dags/example_python_decorator.py
[2024-05-12T01:12:21.092+0000] {logging_mixin.py:188} INFO - [2024-05-12T01:12:21.092+0000] {dag.py:3096} INFO - Sync 1 DAGs
[2024-05-12T01:12:21.099+0000] {logging_mixin.py:188} INFO - [2024-05-12T01:12:21.098+0000] {dag.py:3954} INFO - Setting next_dagrun for example_python_decorator to None, run_after=None
[2024-05-12T01:12:21.109+0000] {processor.py:183} INFO - Processing /home/airflow/.local/lib/python3.12/site-packages/airflow/example_dags/example_python_decorator.py took 0.040 seconds
[2024-05-12T01:12:51.978+0000] {processor.py:161} INFO - Started process (PID=12069) to work on /home/airflow/.local/lib/python3.12/site-packages/airflow/example_dags/example_python_decorator.py
[2024-05-12T01:12:51.979+0000] {processor.py:830} INFO - Processing file /home/airflow/.local/lib/python3.12/site-packages/airflow/example_dags/example_python_decorator.py for tasks to queue
[2024-05-12T01:12:51.980+0000] {logging_mixin.py:188} INFO - [2024-05-12T01:12:51.980+0000] {dagbag.py:545} INFO - Filling up the DagBag from /home/airflow/.local/lib/python3.12/site-packages/airflow/example_dags/example_python_decorator.py
[2024-05-12T01:12:51.986+0000] {processor.py:840} INFO - DAG(s) 'example_python_decorator' retrieved from /home/airflow/.local/lib/python3.12/site-packages/airflow/example_dags/example_python_decorator.py
[2024-05-12T01:12:51.998+0000] {logging_mixin.py:188} INFO - [2024-05-12T01:12:51.998+0000] {dag.py:3096} INFO - Sync 1 DAGs
[2024-05-12T01:12:52.004+0000] {logging_mixin.py:188} INFO - [2024-05-12T01:12:52.004+0000] {dag.py:3954} INFO - Setting next_dagrun for example_python_decorator to None, run_after=None
[2024-05-12T01:12:52.015+0000] {processor.py:183} INFO - Processing /home/airflow/.local/lib/python3.12/site-packages/airflow/example_dags/example_python_decorator.py took 0.039 seconds
[2024-05-12T01:13:22.811+0000] {processor.py:161} INFO - Started process (PID=12330) to work on /home/airflow/.local/lib/python3.12/site-packages/airflow/example_dags/example_python_decorator.py
[2024-05-12T01:13:22.811+0000] {processor.py:830} INFO - Processing file /home/airflow/.local/lib/python3.12/site-packages/airflow/example_dags/example_python_decorator.py for tasks to queue
[2024-05-12T01:13:22.812+0000] {logging_mixin.py:188} INFO - [2024-05-12T01:13:22.812+0000] {dagbag.py:545} INFO - Filling up the DagBag from /home/airflow/.local/lib/python3.12/site-packages/airflow/example_dags/example_python_decorator.py
[2024-05-12T01:13:22.819+0000] {processor.py:840} INFO - DAG(s) 'example_python_decorator' retrieved from /home/airflow/.local/lib/python3.12/site-packages/airflow/example_dags/example_python_decorator.py
[2024-05-12T01:13:22.830+0000] {logging_mixin.py:188} INFO - [2024-05-12T01:13:22.830+0000] {dag.py:3096} INFO - Sync 1 DAGs
[2024-05-12T01:13:22.836+0000] {logging_mixin.py:188} INFO - [2024-05-12T01:13:22.836+0000] {dag.py:3954} INFO - Setting next_dagrun for example_python_decorator to None, run_after=None
[2024-05-12T01:13:22.844+0000] {processor.py:183} INFO - Processing /home/airflow/.local/lib/python3.12/site-packages/airflow/example_dags/example_python_decorator.py took 0.036 seconds
[2024-05-12T01:13:53.780+0000] {processor.py:161} INFO - Started process (PID=12590) to work on /home/airflow/.local/lib/python3.12/site-packages/airflow/example_dags/example_python_decorator.py
[2024-05-12T01:13:53.781+0000] {processor.py:830} INFO - Processing file /home/airflow/.local/lib/python3.12/site-packages/airflow/example_dags/example_python_decorator.py for tasks to queue
[2024-05-12T01:13:53.782+0000] {logging_mixin.py:188} INFO - [2024-05-12T01:13:53.782+0000] {dagbag.py:545} INFO - Filling up the DagBag from /home/airflow/.local/lib/python3.12/site-packages/airflow/example_dags/example_python_decorator.py
[2024-05-12T01:13:53.789+0000] {processor.py:840} INFO - DAG(s) 'example_python_decorator' retrieved from /home/airflow/.local/lib/python3.12/site-packages/airflow/example_dags/example_python_decorator.py
[2024-05-12T01:13:53.800+0000] {logging_mixin.py:188} INFO - [2024-05-12T01:13:53.800+0000] {dag.py:3096} INFO - Sync 1 DAGs
[2024-05-12T01:13:53.806+0000] {logging_mixin.py:188} INFO - [2024-05-12T01:13:53.806+0000] {dag.py:3954} INFO - Setting next_dagrun for example_python_decorator to None, run_after=None
[2024-05-12T01:13:53.815+0000] {processor.py:183} INFO - Processing /home/airflow/.local/lib/python3.12/site-packages/airflow/example_dags/example_python_decorator.py took 0.038 seconds
[2024-05-12T01:14:24.750+0000] {processor.py:161} INFO - Started process (PID=12852) to work on /home/airflow/.local/lib/python3.12/site-packages/airflow/example_dags/example_python_decorator.py
[2024-05-12T01:14:24.750+0000] {processor.py:830} INFO - Processing file /home/airflow/.local/lib/python3.12/site-packages/airflow/example_dags/example_python_decorator.py for tasks to queue
[2024-05-12T01:14:24.751+0000] {logging_mixin.py:188} INFO - [2024-05-12T01:14:24.751+0000] {dagbag.py:545} INFO - Filling up the DagBag from /home/airflow/.local/lib/python3.12/site-packages/airflow/example_dags/example_python_decorator.py
[2024-05-12T01:14:24.758+0000] {processor.py:840} INFO - DAG(s) 'example_python_decorator' retrieved from /home/airflow/.local/lib/python3.12/site-packages/airflow/example_dags/example_python_decorator.py
[2024-05-12T01:14:24.769+0000] {logging_mixin.py:188} INFO - [2024-05-12T01:14:24.769+0000] {dag.py:3096} INFO - Sync 1 DAGs
[2024-05-12T01:14:24.775+0000] {logging_mixin.py:188} INFO - [2024-05-12T01:14:24.775+0000] {dag.py:3954} INFO - Setting next_dagrun for example_python_decorator to None, run_after=None
[2024-05-12T01:14:24.784+0000] {processor.py:183} INFO - Processing /home/airflow/.local/lib/python3.12/site-packages/airflow/example_dags/example_python_decorator.py took 0.037 seconds
[2024-05-12T01:14:55.638+0000] {processor.py:161} INFO - Started process (PID=13115) to work on /home/airflow/.local/lib/python3.12/site-packages/airflow/example_dags/example_python_decorator.py
[2024-05-12T01:14:55.639+0000] {processor.py:830} INFO - Processing file /home/airflow/.local/lib/python3.12/site-packages/airflow/example_dags/example_python_decorator.py for tasks to queue
[2024-05-12T01:14:55.640+0000] {logging_mixin.py:188} INFO - [2024-05-12T01:14:55.640+0000] {dagbag.py:545} INFO - Filling up the DagBag from /home/airflow/.local/lib/python3.12/site-packages/airflow/example_dags/example_python_decorator.py
[2024-05-12T01:14:55.646+0000] {processor.py:840} INFO - DAG(s) 'example_python_decorator' retrieved from /home/airflow/.local/lib/python3.12/site-packages/airflow/example_dags/example_python_decorator.py
[2024-05-12T01:14:55.658+0000] {logging_mixin.py:188} INFO - [2024-05-12T01:14:55.658+0000] {dag.py:3096} INFO - Sync 1 DAGs
[2024-05-12T01:14:55.663+0000] {logging_mixin.py:188} INFO - [2024-05-12T01:14:55.663+0000] {dag.py:3954} INFO - Setting next_dagrun for example_python_decorator to None, run_after=None
[2024-05-12T01:14:55.672+0000] {processor.py:183} INFO - Processing /home/airflow/.local/lib/python3.12/site-packages/airflow/example_dags/example_python_decorator.py took 0.037 seconds
[2024-05-12T01:15:26.609+0000] {processor.py:161} INFO - Started process (PID=13377) to work on /home/airflow/.local/lib/python3.12/site-packages/airflow/example_dags/example_python_decorator.py
[2024-05-12T01:15:26.609+0000] {processor.py:830} INFO - Processing file /home/airflow/.local/lib/python3.12/site-packages/airflow/example_dags/example_python_decorator.py for tasks to queue
[2024-05-12T01:15:26.610+0000] {logging_mixin.py:188} INFO - [2024-05-12T01:15:26.610+0000] {dagbag.py:545} INFO - Filling up the DagBag from /home/airflow/.local/lib/python3.12/site-packages/airflow/example_dags/example_python_decorator.py
[2024-05-12T01:15:26.616+0000] {processor.py:840} INFO - DAG(s) 'example_python_decorator' retrieved from /home/airflow/.local/lib/python3.12/site-packages/airflow/example_dags/example_python_decorator.py
[2024-05-12T01:15:26.628+0000] {logging_mixin.py:188} INFO - [2024-05-12T01:15:26.627+0000] {dag.py:3096} INFO - Sync 1 DAGs
[2024-05-12T01:15:26.633+0000] {logging_mixin.py:188} INFO - [2024-05-12T01:15:26.633+0000] {dag.py:3954} INFO - Setting next_dagrun for example_python_decorator to None, run_after=None
[2024-05-12T01:15:26.641+0000] {processor.py:183} INFO - Processing /home/airflow/.local/lib/python3.12/site-packages/airflow/example_dags/example_python_decorator.py took 0.036 seconds
[2024-05-12T01:15:57.528+0000] {processor.py:161} INFO - Started process (PID=13639) to work on /home/airflow/.local/lib/python3.12/site-packages/airflow/example_dags/example_python_decorator.py
[2024-05-12T01:15:57.528+0000] {processor.py:830} INFO - Processing file /home/airflow/.local/lib/python3.12/site-packages/airflow/example_dags/example_python_decorator.py for tasks to queue
[2024-05-12T01:15:57.529+0000] {logging_mixin.py:188} INFO - [2024-05-12T01:15:57.529+0000] {dagbag.py:545} INFO - Filling up the DagBag from /home/airflow/.local/lib/python3.12/site-packages/airflow/example_dags/example_python_decorator.py
[2024-05-12T01:15:57.536+0000] {processor.py:840} INFO - DAG(s) 'example_python_decorator' retrieved from /home/airflow/.local/lib/python3.12/site-packages/airflow/example_dags/example_python_decorator.py
[2024-05-12T01:15:57.547+0000] {logging_mixin.py:188} INFO - [2024-05-12T01:15:57.547+0000] {dag.py:3096} INFO - Sync 1 DAGs
[2024-05-12T01:15:57.553+0000] {logging_mixin.py:188} INFO - [2024-05-12T01:15:57.552+0000] {dag.py:3954} INFO - Setting next_dagrun for example_python_decorator to None, run_after=None
[2024-05-12T01:15:57.560+0000] {processor.py:183} INFO - Processing /home/airflow/.local/lib/python3.12/site-packages/airflow/example_dags/example_python_decorator.py took 0.035 seconds
[2024-05-12T01:16:28.281+0000] {processor.py:161} INFO - Started process (PID=13901) to work on /home/airflow/.local/lib/python3.12/site-packages/airflow/example_dags/example_python_decorator.py
[2024-05-12T01:16:28.281+0000] {processor.py:830} INFO - Processing file /home/airflow/.local/lib/python3.12/site-packages/airflow/example_dags/example_python_decorator.py for tasks to queue
[2024-05-12T01:16:28.282+0000] {logging_mixin.py:188} INFO - [2024-05-12T01:16:28.282+0000] {dagbag.py:545} INFO - Filling up the DagBag from /home/airflow/.local/lib/python3.12/site-packages/airflow/example_dags/example_python_decorator.py
[2024-05-12T01:16:28.288+0000] {processor.py:840} INFO - DAG(s) 'example_python_decorator' retrieved from /home/airflow/.local/lib/python3.12/site-packages/airflow/example_dags/example_python_decorator.py
[2024-05-12T01:16:28.298+0000] {logging_mixin.py:188} INFO - [2024-05-12T01:16:28.298+0000] {dag.py:3096} INFO - Sync 1 DAGs
[2024-05-12T01:16:28.304+0000] {logging_mixin.py:188} INFO - [2024-05-12T01:16:28.304+0000] {dag.py:3954} INFO - Setting next_dagrun for example_python_decorator to None, run_after=None
[2024-05-12T01:16:28.311+0000] {processor.py:183} INFO - Processing /home/airflow/.local/lib/python3.12/site-packages/airflow/example_dags/example_python_decorator.py took 0.034 seconds
[2024-05-12T01:16:58.996+0000] {processor.py:161} INFO - Started process (PID=14163) to work on /home/airflow/.local/lib/python3.12/site-packages/airflow/example_dags/example_python_decorator.py
[2024-05-12T01:16:58.997+0000] {processor.py:830} INFO - Processing file /home/airflow/.local/lib/python3.12/site-packages/airflow/example_dags/example_python_decorator.py for tasks to queue
[2024-05-12T01:16:58.998+0000] {logging_mixin.py:188} INFO - [2024-05-12T01:16:58.998+0000] {dagbag.py:545} INFO - Filling up the DagBag from /home/airflow/.local/lib/python3.12/site-packages/airflow/example_dags/example_python_decorator.py
[2024-05-12T01:16:59.004+0000] {processor.py:840} INFO - DAG(s) 'example_python_decorator' retrieved from /home/airflow/.local/lib/python3.12/site-packages/airflow/example_dags/example_python_decorator.py
[2024-05-12T01:16:59.016+0000] {logging_mixin.py:188} INFO - [2024-05-12T01:16:59.016+0000] {dag.py:3096} INFO - Sync 1 DAGs
[2024-05-12T01:16:59.022+0000] {logging_mixin.py:188} INFO - [2024-05-12T01:16:59.022+0000] {dag.py:3954} INFO - Setting next_dagrun for example_python_decorator to None, run_after=None
[2024-05-12T01:16:59.031+0000] {processor.py:183} INFO - Processing /home/airflow/.local/lib/python3.12/site-packages/airflow/example_dags/example_python_decorator.py took 0.038 seconds
[2024-05-12T01:17:29.802+0000] {processor.py:161} INFO - Started process (PID=14425) to work on /home/airflow/.local/lib/python3.12/site-packages/airflow/example_dags/example_python_decorator.py
[2024-05-12T01:17:29.803+0000] {processor.py:830} INFO - Processing file /home/airflow/.local/lib/python3.12/site-packages/airflow/example_dags/example_python_decorator.py for tasks to queue
[2024-05-12T01:17:29.803+0000] {logging_mixin.py:188} INFO - [2024-05-12T01:17:29.803+0000] {dagbag.py:545} INFO - Filling up the DagBag from /home/airflow/.local/lib/python3.12/site-packages/airflow/example_dags/example_python_decorator.py
[2024-05-12T01:17:29.810+0000] {processor.py:840} INFO - DAG(s) 'example_python_decorator' retrieved from /home/airflow/.local/lib/python3.12/site-packages/airflow/example_dags/example_python_decorator.py
[2024-05-12T01:17:29.821+0000] {logging_mixin.py:188} INFO - [2024-05-12T01:17:29.820+0000] {dag.py:3096} INFO - Sync 1 DAGs
[2024-05-12T01:17:29.826+0000] {logging_mixin.py:188} INFO - [2024-05-12T01:17:29.826+0000] {dag.py:3954} INFO - Setting next_dagrun for example_python_decorator to None, run_after=None
[2024-05-12T01:17:29.834+0000] {processor.py:183} INFO - Processing /home/airflow/.local/lib/python3.12/site-packages/airflow/example_dags/example_python_decorator.py took 0.035 seconds
[2024-05-12T01:18:00.657+0000] {processor.py:161} INFO - Started process (PID=14687) to work on /home/airflow/.local/lib/python3.12/site-packages/airflow/example_dags/example_python_decorator.py
[2024-05-12T01:18:00.657+0000] {processor.py:830} INFO - Processing file /home/airflow/.local/lib/python3.12/site-packages/airflow/example_dags/example_python_decorator.py for tasks to queue
[2024-05-12T01:18:00.658+0000] {logging_mixin.py:188} INFO - [2024-05-12T01:18:00.658+0000] {dagbag.py:545} INFO - Filling up the DagBag from /home/airflow/.local/lib/python3.12/site-packages/airflow/example_dags/example_python_decorator.py
[2024-05-12T01:18:00.664+0000] {processor.py:840} INFO - DAG(s) 'example_python_decorator' retrieved from /home/airflow/.local/lib/python3.12/site-packages/airflow/example_dags/example_python_decorator.py
[2024-05-12T01:18:00.676+0000] {logging_mixin.py:188} INFO - [2024-05-12T01:18:00.676+0000] {dag.py:3096} INFO - Sync 1 DAGs
[2024-05-12T01:18:00.681+0000] {logging_mixin.py:188} INFO - [2024-05-12T01:18:00.681+0000] {dag.py:3954} INFO - Setting next_dagrun for example_python_decorator to None, run_after=None
[2024-05-12T01:18:00.690+0000] {processor.py:183} INFO - Processing /home/airflow/.local/lib/python3.12/site-packages/airflow/example_dags/example_python_decorator.py took 0.037 seconds
[2024-05-12T01:18:31.506+0000] {processor.py:161} INFO - Started process (PID=14949) to work on /home/airflow/.local/lib/python3.12/site-packages/airflow/example_dags/example_python_decorator.py
[2024-05-12T01:18:31.507+0000] {processor.py:830} INFO - Processing file /home/airflow/.local/lib/python3.12/site-packages/airflow/example_dags/example_python_decorator.py for tasks to queue
[2024-05-12T01:18:31.508+0000] {logging_mixin.py:188} INFO - [2024-05-12T01:18:31.508+0000] {dagbag.py:545} INFO - Filling up the DagBag from /home/airflow/.local/lib/python3.12/site-packages/airflow/example_dags/example_python_decorator.py
[2024-05-12T01:18:31.517+0000] {processor.py:840} INFO - DAG(s) 'example_python_decorator' retrieved from /home/airflow/.local/lib/python3.12/site-packages/airflow/example_dags/example_python_decorator.py
[2024-05-12T01:18:31.528+0000] {logging_mixin.py:188} INFO - [2024-05-12T01:18:31.528+0000] {dag.py:3096} INFO - Sync 1 DAGs
[2024-05-12T01:18:31.534+0000] {logging_mixin.py:188} INFO - [2024-05-12T01:18:31.534+0000] {dag.py:3954} INFO - Setting next_dagrun for example_python_decorator to None, run_after=None
[2024-05-12T01:18:31.543+0000] {processor.py:183} INFO - Processing /home/airflow/.local/lib/python3.12/site-packages/airflow/example_dags/example_python_decorator.py took 0.039 seconds
[2024-05-12T01:19:02.299+0000] {processor.py:161} INFO - Started process (PID=15211) to work on /home/airflow/.local/lib/python3.12/site-packages/airflow/example_dags/example_python_decorator.py
[2024-05-12T01:19:02.299+0000] {processor.py:830} INFO - Processing file /home/airflow/.local/lib/python3.12/site-packages/airflow/example_dags/example_python_decorator.py for tasks to queue
[2024-05-12T01:19:02.300+0000] {logging_mixin.py:188} INFO - [2024-05-12T01:19:02.300+0000] {dagbag.py:545} INFO - Filling up the DagBag from /home/airflow/.local/lib/python3.12/site-packages/airflow/example_dags/example_python_decorator.py
[2024-05-12T01:19:02.307+0000] {processor.py:840} INFO - DAG(s) 'example_python_decorator' retrieved from /home/airflow/.local/lib/python3.12/site-packages/airflow/example_dags/example_python_decorator.py
[2024-05-12T01:19:02.317+0000] {logging_mixin.py:188} INFO - [2024-05-12T01:19:02.317+0000] {dag.py:3096} INFO - Sync 1 DAGs
[2024-05-12T01:19:02.324+0000] {logging_mixin.py:188} INFO - [2024-05-12T01:19:02.323+0000] {dag.py:3954} INFO - Setting next_dagrun for example_python_decorator to None, run_after=None
[2024-05-12T01:19:02.332+0000] {processor.py:183} INFO - Processing /home/airflow/.local/lib/python3.12/site-packages/airflow/example_dags/example_python_decorator.py took 0.037 seconds
[2024-05-12T01:19:33.198+0000] {processor.py:161} INFO - Started process (PID=15473) to work on /home/airflow/.local/lib/python3.12/site-packages/airflow/example_dags/example_python_decorator.py
[2024-05-12T01:19:33.199+0000] {processor.py:830} INFO - Processing file /home/airflow/.local/lib/python3.12/site-packages/airflow/example_dags/example_python_decorator.py for tasks to queue
[2024-05-12T01:19:33.199+0000] {logging_mixin.py:188} INFO - [2024-05-12T01:19:33.199+0000] {dagbag.py:545} INFO - Filling up the DagBag from /home/airflow/.local/lib/python3.12/site-packages/airflow/example_dags/example_python_decorator.py
[2024-05-12T01:19:33.206+0000] {processor.py:840} INFO - DAG(s) 'example_python_decorator' retrieved from /home/airflow/.local/lib/python3.12/site-packages/airflow/example_dags/example_python_decorator.py
[2024-05-12T01:19:33.216+0000] {logging_mixin.py:188} INFO - [2024-05-12T01:19:33.216+0000] {dag.py:3096} INFO - Sync 1 DAGs
[2024-05-12T01:19:33.222+0000] {logging_mixin.py:188} INFO - [2024-05-12T01:19:33.222+0000] {dag.py:3954} INFO - Setting next_dagrun for example_python_decorator to None, run_after=None
[2024-05-12T01:19:33.230+0000] {processor.py:183} INFO - Processing /home/airflow/.local/lib/python3.12/site-packages/airflow/example_dags/example_python_decorator.py took 0.035 seconds
[2024-05-12T01:20:04.031+0000] {processor.py:161} INFO - Started process (PID=15735) to work on /home/airflow/.local/lib/python3.12/site-packages/airflow/example_dags/example_python_decorator.py
[2024-05-12T01:20:04.032+0000] {processor.py:830} INFO - Processing file /home/airflow/.local/lib/python3.12/site-packages/airflow/example_dags/example_python_decorator.py for tasks to queue
[2024-05-12T01:20:04.033+0000] {logging_mixin.py:188} INFO - [2024-05-12T01:20:04.032+0000] {dagbag.py:545} INFO - Filling up the DagBag from /home/airflow/.local/lib/python3.12/site-packages/airflow/example_dags/example_python_decorator.py
[2024-05-12T01:20:04.039+0000] {processor.py:840} INFO - DAG(s) 'example_python_decorator' retrieved from /home/airflow/.local/lib/python3.12/site-packages/airflow/example_dags/example_python_decorator.py
[2024-05-12T01:20:04.050+0000] {logging_mixin.py:188} INFO - [2024-05-12T01:20:04.049+0000] {dag.py:3096} INFO - Sync 1 DAGs
[2024-05-12T01:20:04.055+0000] {logging_mixin.py:188} INFO - [2024-05-12T01:20:04.055+0000] {dag.py:3954} INFO - Setting next_dagrun for example_python_decorator to None, run_after=None
[2024-05-12T01:20:04.063+0000] {processor.py:183} INFO - Processing /home/airflow/.local/lib/python3.12/site-packages/airflow/example_dags/example_python_decorator.py took 0.035 seconds
[2024-05-12T01:20:34.798+0000] {processor.py:161} INFO - Started process (PID=15997) to work on /home/airflow/.local/lib/python3.12/site-packages/airflow/example_dags/example_python_decorator.py
[2024-05-12T01:20:34.799+0000] {processor.py:830} INFO - Processing file /home/airflow/.local/lib/python3.12/site-packages/airflow/example_dags/example_python_decorator.py for tasks to queue
[2024-05-12T01:20:34.800+0000] {logging_mixin.py:188} INFO - [2024-05-12T01:20:34.800+0000] {dagbag.py:545} INFO - Filling up the DagBag from /home/airflow/.local/lib/python3.12/site-packages/airflow/example_dags/example_python_decorator.py
[2024-05-12T01:20:34.806+0000] {processor.py:840} INFO - DAG(s) 'example_python_decorator' retrieved from /home/airflow/.local/lib/python3.12/site-packages/airflow/example_dags/example_python_decorator.py
[2024-05-12T01:20:34.818+0000] {logging_mixin.py:188} INFO - [2024-05-12T01:20:34.818+0000] {dag.py:3096} INFO - Sync 1 DAGs
[2024-05-12T01:20:34.824+0000] {logging_mixin.py:188} INFO - [2024-05-12T01:20:34.824+0000] {dag.py:3954} INFO - Setting next_dagrun for example_python_decorator to None, run_after=None
[2024-05-12T01:20:34.832+0000] {processor.py:183} INFO - Processing /home/airflow/.local/lib/python3.12/site-packages/airflow/example_dags/example_python_decorator.py took 0.037 seconds
[2024-05-12T01:21:05.640+0000] {processor.py:161} INFO - Started process (PID=16259) to work on /home/airflow/.local/lib/python3.12/site-packages/airflow/example_dags/example_python_decorator.py
[2024-05-12T01:21:05.641+0000] {processor.py:830} INFO - Processing file /home/airflow/.local/lib/python3.12/site-packages/airflow/example_dags/example_python_decorator.py for tasks to queue
[2024-05-12T01:21:05.642+0000] {logging_mixin.py:188} INFO - [2024-05-12T01:21:05.642+0000] {dagbag.py:545} INFO - Filling up the DagBag from /home/airflow/.local/lib/python3.12/site-packages/airflow/example_dags/example_python_decorator.py
[2024-05-12T01:21:05.649+0000] {processor.py:840} INFO - DAG(s) 'example_python_decorator' retrieved from /home/airflow/.local/lib/python3.12/site-packages/airflow/example_dags/example_python_decorator.py
[2024-05-12T01:21:05.662+0000] {logging_mixin.py:188} INFO - [2024-05-12T01:21:05.662+0000] {dag.py:3096} INFO - Sync 1 DAGs
[2024-05-12T01:21:05.668+0000] {logging_mixin.py:188} INFO - [2024-05-12T01:21:05.668+0000] {dag.py:3954} INFO - Setting next_dagrun for example_python_decorator to None, run_after=None
[2024-05-12T01:21:05.678+0000] {processor.py:183} INFO - Processing /home/airflow/.local/lib/python3.12/site-packages/airflow/example_dags/example_python_decorator.py took 0.041 seconds
[2024-05-12T01:21:36.609+0000] {processor.py:161} INFO - Started process (PID=16518) to work on /home/airflow/.local/lib/python3.12/site-packages/airflow/example_dags/example_python_decorator.py
[2024-05-12T01:21:36.610+0000] {processor.py:830} INFO - Processing file /home/airflow/.local/lib/python3.12/site-packages/airflow/example_dags/example_python_decorator.py for tasks to queue
[2024-05-12T01:21:36.611+0000] {logging_mixin.py:188} INFO - [2024-05-12T01:21:36.611+0000] {dagbag.py:545} INFO - Filling up the DagBag from /home/airflow/.local/lib/python3.12/site-packages/airflow/example_dags/example_python_decorator.py
[2024-05-12T01:21:36.617+0000] {processor.py:840} INFO - DAG(s) 'example_python_decorator' retrieved from /home/airflow/.local/lib/python3.12/site-packages/airflow/example_dags/example_python_decorator.py
[2024-05-12T01:21:36.629+0000] {logging_mixin.py:188} INFO - [2024-05-12T01:21:36.628+0000] {dag.py:3096} INFO - Sync 1 DAGs
[2024-05-12T01:21:36.634+0000] {logging_mixin.py:188} INFO - [2024-05-12T01:21:36.634+0000] {dag.py:3954} INFO - Setting next_dagrun for example_python_decorator to None, run_after=None
[2024-05-12T01:21:36.642+0000] {processor.py:183} INFO - Processing /home/airflow/.local/lib/python3.12/site-packages/airflow/example_dags/example_python_decorator.py took 0.036 seconds
[2024-05-12T01:22:07.381+0000] {processor.py:161} INFO - Started process (PID=16782) to work on /home/airflow/.local/lib/python3.12/site-packages/airflow/example_dags/example_python_decorator.py
[2024-05-12T01:22:07.382+0000] {processor.py:830} INFO - Processing file /home/airflow/.local/lib/python3.12/site-packages/airflow/example_dags/example_python_decorator.py for tasks to queue
[2024-05-12T01:22:07.383+0000] {logging_mixin.py:188} INFO - [2024-05-12T01:22:07.383+0000] {dagbag.py:545} INFO - Filling up the DagBag from /home/airflow/.local/lib/python3.12/site-packages/airflow/example_dags/example_python_decorator.py
[2024-05-12T01:22:07.389+0000] {processor.py:840} INFO - DAG(s) 'example_python_decorator' retrieved from /home/airflow/.local/lib/python3.12/site-packages/airflow/example_dags/example_python_decorator.py
[2024-05-12T01:22:07.399+0000] {logging_mixin.py:188} INFO - [2024-05-12T01:22:07.399+0000] {dag.py:3096} INFO - Sync 1 DAGs
[2024-05-12T01:22:07.406+0000] {logging_mixin.py:188} INFO - [2024-05-12T01:22:07.406+0000] {dag.py:3954} INFO - Setting next_dagrun for example_python_decorator to None, run_after=None
[2024-05-12T01:22:07.416+0000] {processor.py:183} INFO - Processing /home/airflow/.local/lib/python3.12/site-packages/airflow/example_dags/example_python_decorator.py took 0.038 seconds
