[2024-05-12T00:37:44.288+0000] {processor.py:161} INFO - Started process (PID=4575) to work on /home/airflow/.local/lib/python3.12/site-packages/airflow/example_dags/example_branch_labels.py
[2024-05-12T00:37:44.288+0000] {processor.py:830} INFO - Processing file /home/airflow/.local/lib/python3.12/site-packages/airflow/example_dags/example_branch_labels.py for tasks to queue
[2024-05-12T00:37:44.289+0000] {logging_mixin.py:188} INFO - [2024-05-12T00:37:44.289+0000] {dagbag.py:545} INFO - Filling up the DagBag from /home/airflow/.local/lib/python3.12/site-packages/airflow/example_dags/example_branch_labels.py
[2024-05-12T00:37:44.293+0000] {processor.py:840} INFO - DAG(s) 'example_branch_labels' retrieved from /home/airflow/.local/lib/python3.12/site-packages/airflow/example_dags/example_branch_labels.py
[2024-05-12T00:37:44.303+0000] {logging_mixin.py:188} INFO - [2024-05-12T00:37:44.303+0000] {dag.py:3096} INFO - Sync 1 DAGs
[2024-05-12T00:37:44.313+0000] {logging_mixin.py:188} INFO - [2024-05-12T00:37:44.313+0000] {dag.py:3954} INFO - Setting next_dagrun for example_branch_labels to 2024-05-11 00:00:00+00:00, run_after=2024-05-12 00:00:00+00:00
[2024-05-12T00:37:44.323+0000] {processor.py:183} INFO - Processing /home/airflow/.local/lib/python3.12/site-packages/airflow/example_dags/example_branch_labels.py took 0.038 seconds
[2024-05-12T00:38:15.018+0000] {processor.py:161} INFO - Started process (PID=4837) to work on /home/airflow/.local/lib/python3.12/site-packages/airflow/example_dags/example_branch_labels.py
[2024-05-12T00:38:15.019+0000] {processor.py:830} INFO - Processing file /home/airflow/.local/lib/python3.12/site-packages/airflow/example_dags/example_branch_labels.py for tasks to queue
[2024-05-12T00:38:15.020+0000] {logging_mixin.py:188} INFO - [2024-05-12T00:38:15.019+0000] {dagbag.py:545} INFO - Filling up the DagBag from /home/airflow/.local/lib/python3.12/site-packages/airflow/example_dags/example_branch_labels.py
[2024-05-12T00:38:15.023+0000] {processor.py:840} INFO - DAG(s) 'example_branch_labels' retrieved from /home/airflow/.local/lib/python3.12/site-packages/airflow/example_dags/example_branch_labels.py
[2024-05-12T00:38:15.034+0000] {logging_mixin.py:188} INFO - [2024-05-12T00:38:15.034+0000] {dag.py:3096} INFO - Sync 1 DAGs
[2024-05-12T00:38:15.043+0000] {logging_mixin.py:188} INFO - [2024-05-12T00:38:15.043+0000] {dag.py:3954} INFO - Setting next_dagrun for example_branch_labels to 2024-05-11 00:00:00+00:00, run_after=2024-05-12 00:00:00+00:00
[2024-05-12T00:38:15.052+0000] {processor.py:183} INFO - Processing /home/airflow/.local/lib/python3.12/site-packages/airflow/example_dags/example_branch_labels.py took 0.036 seconds
[2024-05-12T00:38:45.738+0000] {processor.py:161} INFO - Started process (PID=5099) to work on /home/airflow/.local/lib/python3.12/site-packages/airflow/example_dags/example_branch_labels.py
[2024-05-12T00:38:45.739+0000] {processor.py:830} INFO - Processing file /home/airflow/.local/lib/python3.12/site-packages/airflow/example_dags/example_branch_labels.py for tasks to queue
[2024-05-12T00:38:45.740+0000] {logging_mixin.py:188} INFO - [2024-05-12T00:38:45.740+0000] {dagbag.py:545} INFO - Filling up the DagBag from /home/airflow/.local/lib/python3.12/site-packages/airflow/example_dags/example_branch_labels.py
[2024-05-12T00:38:45.744+0000] {processor.py:840} INFO - DAG(s) 'example_branch_labels' retrieved from /home/airflow/.local/lib/python3.12/site-packages/airflow/example_dags/example_branch_labels.py
[2024-05-12T00:38:45.755+0000] {logging_mixin.py:188} INFO - [2024-05-12T00:38:45.755+0000] {dag.py:3096} INFO - Sync 1 DAGs
[2024-05-12T00:38:45.765+0000] {logging_mixin.py:188} INFO - [2024-05-12T00:38:45.765+0000] {dag.py:3954} INFO - Setting next_dagrun for example_branch_labels to 2024-05-11 00:00:00+00:00, run_after=2024-05-12 00:00:00+00:00
[2024-05-12T00:38:45.773+0000] {processor.py:183} INFO - Processing /home/airflow/.local/lib/python3.12/site-packages/airflow/example_dags/example_branch_labels.py took 0.038 seconds
[2024-05-12T00:39:16.451+0000] {processor.py:161} INFO - Started process (PID=5362) to work on /home/airflow/.local/lib/python3.12/site-packages/airflow/example_dags/example_branch_labels.py
[2024-05-12T00:39:16.453+0000] {processor.py:830} INFO - Processing file /home/airflow/.local/lib/python3.12/site-packages/airflow/example_dags/example_branch_labels.py for tasks to queue
[2024-05-12T00:39:16.454+0000] {logging_mixin.py:188} INFO - [2024-05-12T00:39:16.454+0000] {dagbag.py:545} INFO - Filling up the DagBag from /home/airflow/.local/lib/python3.12/site-packages/airflow/example_dags/example_branch_labels.py
[2024-05-12T00:39:16.458+0000] {processor.py:840} INFO - DAG(s) 'example_branch_labels' retrieved from /home/airflow/.local/lib/python3.12/site-packages/airflow/example_dags/example_branch_labels.py
[2024-05-12T00:39:16.472+0000] {logging_mixin.py:188} INFO - [2024-05-12T00:39:16.472+0000] {dag.py:3096} INFO - Sync 1 DAGs
[2024-05-12T00:39:16.483+0000] {logging_mixin.py:188} INFO - [2024-05-12T00:39:16.482+0000] {dag.py:3954} INFO - Setting next_dagrun for example_branch_labels to 2024-05-11 00:00:00+00:00, run_after=2024-05-12 00:00:00+00:00
[2024-05-12T00:39:16.492+0000] {processor.py:183} INFO - Processing /home/airflow/.local/lib/python3.12/site-packages/airflow/example_dags/example_branch_labels.py took 0.044 seconds
[2024-05-12T00:39:47.211+0000] {processor.py:161} INFO - Started process (PID=5621) to work on /home/airflow/.local/lib/python3.12/site-packages/airflow/example_dags/example_branch_labels.py
[2024-05-12T00:39:47.211+0000] {processor.py:830} INFO - Processing file /home/airflow/.local/lib/python3.12/site-packages/airflow/example_dags/example_branch_labels.py for tasks to queue
[2024-05-12T00:39:47.212+0000] {logging_mixin.py:188} INFO - [2024-05-12T00:39:47.212+0000] {dagbag.py:545} INFO - Filling up the DagBag from /home/airflow/.local/lib/python3.12/site-packages/airflow/example_dags/example_branch_labels.py
[2024-05-12T00:39:47.217+0000] {processor.py:840} INFO - DAG(s) 'example_branch_labels' retrieved from /home/airflow/.local/lib/python3.12/site-packages/airflow/example_dags/example_branch_labels.py
[2024-05-12T00:39:47.229+0000] {logging_mixin.py:188} INFO - [2024-05-12T00:39:47.228+0000] {dag.py:3096} INFO - Sync 1 DAGs
[2024-05-12T00:39:47.239+0000] {logging_mixin.py:188} INFO - [2024-05-12T00:39:47.239+0000] {dag.py:3954} INFO - Setting next_dagrun for example_branch_labels to 2024-05-11 00:00:00+00:00, run_after=2024-05-12 00:00:00+00:00
[2024-05-12T00:39:47.248+0000] {processor.py:183} INFO - Processing /home/airflow/.local/lib/python3.12/site-packages/airflow/example_dags/example_branch_labels.py took 0.041 seconds
[2024-05-12T00:40:17.960+0000] {processor.py:161} INFO - Started process (PID=5883) to work on /home/airflow/.local/lib/python3.12/site-packages/airflow/example_dags/example_branch_labels.py
[2024-05-12T00:40:17.960+0000] {processor.py:830} INFO - Processing file /home/airflow/.local/lib/python3.12/site-packages/airflow/example_dags/example_branch_labels.py for tasks to queue
[2024-05-12T00:40:17.961+0000] {logging_mixin.py:188} INFO - [2024-05-12T00:40:17.961+0000] {dagbag.py:545} INFO - Filling up the DagBag from /home/airflow/.local/lib/python3.12/site-packages/airflow/example_dags/example_branch_labels.py
[2024-05-12T00:40:17.965+0000] {processor.py:840} INFO - DAG(s) 'example_branch_labels' retrieved from /home/airflow/.local/lib/python3.12/site-packages/airflow/example_dags/example_branch_labels.py
[2024-05-12T00:40:17.977+0000] {logging_mixin.py:188} INFO - [2024-05-12T00:40:17.976+0000] {dag.py:3096} INFO - Sync 1 DAGs
[2024-05-12T00:40:17.988+0000] {logging_mixin.py:188} INFO - [2024-05-12T00:40:17.987+0000] {dag.py:3954} INFO - Setting next_dagrun for example_branch_labels to 2024-05-11 00:00:00+00:00, run_after=2024-05-12 00:00:00+00:00
[2024-05-12T00:40:17.996+0000] {processor.py:183} INFO - Processing /home/airflow/.local/lib/python3.12/site-packages/airflow/example_dags/example_branch_labels.py took 0.040 seconds
[2024-05-12T00:40:48.834+0000] {processor.py:161} INFO - Started process (PID=6145) to work on /home/airflow/.local/lib/python3.12/site-packages/airflow/example_dags/example_branch_labels.py
[2024-05-12T00:40:48.834+0000] {processor.py:830} INFO - Processing file /home/airflow/.local/lib/python3.12/site-packages/airflow/example_dags/example_branch_labels.py for tasks to queue
[2024-05-12T00:40:48.835+0000] {logging_mixin.py:188} INFO - [2024-05-12T00:40:48.835+0000] {dagbag.py:545} INFO - Filling up the DagBag from /home/airflow/.local/lib/python3.12/site-packages/airflow/example_dags/example_branch_labels.py
[2024-05-12T00:40:48.839+0000] {processor.py:840} INFO - DAG(s) 'example_branch_labels' retrieved from /home/airflow/.local/lib/python3.12/site-packages/airflow/example_dags/example_branch_labels.py
[2024-05-12T00:40:48.850+0000] {logging_mixin.py:188} INFO - [2024-05-12T00:40:48.850+0000] {dag.py:3096} INFO - Sync 1 DAGs
[2024-05-12T00:40:48.860+0000] {logging_mixin.py:188} INFO - [2024-05-12T00:40:48.860+0000] {dag.py:3954} INFO - Setting next_dagrun for example_branch_labels to 2024-05-11 00:00:00+00:00, run_after=2024-05-12 00:00:00+00:00
[2024-05-12T00:40:48.868+0000] {processor.py:183} INFO - Processing /home/airflow/.local/lib/python3.12/site-packages/airflow/example_dags/example_branch_labels.py took 0.038 seconds
[2024-05-12T00:41:19.547+0000] {processor.py:161} INFO - Started process (PID=6407) to work on /home/airflow/.local/lib/python3.12/site-packages/airflow/example_dags/example_branch_labels.py
[2024-05-12T00:41:19.547+0000] {processor.py:830} INFO - Processing file /home/airflow/.local/lib/python3.12/site-packages/airflow/example_dags/example_branch_labels.py for tasks to queue
[2024-05-12T00:41:19.548+0000] {logging_mixin.py:188} INFO - [2024-05-12T00:41:19.548+0000] {dagbag.py:545} INFO - Filling up the DagBag from /home/airflow/.local/lib/python3.12/site-packages/airflow/example_dags/example_branch_labels.py
[2024-05-12T00:41:19.552+0000] {processor.py:840} INFO - DAG(s) 'example_branch_labels' retrieved from /home/airflow/.local/lib/python3.12/site-packages/airflow/example_dags/example_branch_labels.py
[2024-05-12T00:41:19.563+0000] {logging_mixin.py:188} INFO - [2024-05-12T00:41:19.563+0000] {dag.py:3096} INFO - Sync 1 DAGs
[2024-05-12T00:41:19.574+0000] {logging_mixin.py:188} INFO - [2024-05-12T00:41:19.574+0000] {dag.py:3954} INFO - Setting next_dagrun for example_branch_labels to 2024-05-11 00:00:00+00:00, run_after=2024-05-12 00:00:00+00:00
[2024-05-12T00:41:19.582+0000] {processor.py:183} INFO - Processing /home/airflow/.local/lib/python3.12/site-packages/airflow/example_dags/example_branch_labels.py took 0.038 seconds
[2024-05-12T00:41:50.236+0000] {processor.py:161} INFO - Started process (PID=6669) to work on /home/airflow/.local/lib/python3.12/site-packages/airflow/example_dags/example_branch_labels.py
[2024-05-12T00:41:50.237+0000] {processor.py:830} INFO - Processing file /home/airflow/.local/lib/python3.12/site-packages/airflow/example_dags/example_branch_labels.py for tasks to queue
[2024-05-12T00:41:50.238+0000] {logging_mixin.py:188} INFO - [2024-05-12T00:41:50.238+0000] {dagbag.py:545} INFO - Filling up the DagBag from /home/airflow/.local/lib/python3.12/site-packages/airflow/example_dags/example_branch_labels.py
[2024-05-12T00:41:50.242+0000] {processor.py:840} INFO - DAG(s) 'example_branch_labels' retrieved from /home/airflow/.local/lib/python3.12/site-packages/airflow/example_dags/example_branch_labels.py
[2024-05-12T00:41:50.252+0000] {logging_mixin.py:188} INFO - [2024-05-12T00:41:50.252+0000] {dag.py:3096} INFO - Sync 1 DAGs
[2024-05-12T00:41:50.263+0000] {logging_mixin.py:188} INFO - [2024-05-12T00:41:50.263+0000] {dag.py:3954} INFO - Setting next_dagrun for example_branch_labels to 2024-05-11 00:00:00+00:00, run_after=2024-05-12 00:00:00+00:00
[2024-05-12T00:41:50.271+0000] {processor.py:183} INFO - Processing /home/airflow/.local/lib/python3.12/site-packages/airflow/example_dags/example_branch_labels.py took 0.038 seconds
[2024-05-12T00:42:20.933+0000] {processor.py:161} INFO - Started process (PID=6931) to work on /home/airflow/.local/lib/python3.12/site-packages/airflow/example_dags/example_branch_labels.py
[2024-05-12T00:42:20.936+0000] {processor.py:830} INFO - Processing file /home/airflow/.local/lib/python3.12/site-packages/airflow/example_dags/example_branch_labels.py for tasks to queue
[2024-05-12T00:42:20.937+0000] {logging_mixin.py:188} INFO - [2024-05-12T00:42:20.937+0000] {dagbag.py:545} INFO - Filling up the DagBag from /home/airflow/.local/lib/python3.12/site-packages/airflow/example_dags/example_branch_labels.py
[2024-05-12T00:42:20.941+0000] {processor.py:840} INFO - DAG(s) 'example_branch_labels' retrieved from /home/airflow/.local/lib/python3.12/site-packages/airflow/example_dags/example_branch_labels.py
[2024-05-12T00:42:20.953+0000] {logging_mixin.py:188} INFO - [2024-05-12T00:42:20.953+0000] {dag.py:3096} INFO - Sync 1 DAGs
[2024-05-12T00:42:20.964+0000] {logging_mixin.py:188} INFO - [2024-05-12T00:42:20.964+0000] {dag.py:3954} INFO - Setting next_dagrun for example_branch_labels to 2024-05-11 00:00:00+00:00, run_after=2024-05-12 00:00:00+00:00
[2024-05-12T00:42:20.973+0000] {processor.py:183} INFO - Processing /home/airflow/.local/lib/python3.12/site-packages/airflow/example_dags/example_branch_labels.py took 0.043 seconds
[2024-05-12T00:42:51.700+0000] {processor.py:161} INFO - Started process (PID=7193) to work on /home/airflow/.local/lib/python3.12/site-packages/airflow/example_dags/example_branch_labels.py
[2024-05-12T00:42:51.701+0000] {processor.py:830} INFO - Processing file /home/airflow/.local/lib/python3.12/site-packages/airflow/example_dags/example_branch_labels.py for tasks to queue
[2024-05-12T00:42:51.702+0000] {logging_mixin.py:188} INFO - [2024-05-12T00:42:51.702+0000] {dagbag.py:545} INFO - Filling up the DagBag from /home/airflow/.local/lib/python3.12/site-packages/airflow/example_dags/example_branch_labels.py
[2024-05-12T00:42:51.706+0000] {processor.py:840} INFO - DAG(s) 'example_branch_labels' retrieved from /home/airflow/.local/lib/python3.12/site-packages/airflow/example_dags/example_branch_labels.py
[2024-05-12T00:42:51.717+0000] {logging_mixin.py:188} INFO - [2024-05-12T00:42:51.717+0000] {dag.py:3096} INFO - Sync 1 DAGs
[2024-05-12T00:42:51.727+0000] {logging_mixin.py:188} INFO - [2024-05-12T00:42:51.727+0000] {dag.py:3954} INFO - Setting next_dagrun for example_branch_labels to 2024-05-11 00:00:00+00:00, run_after=2024-05-12 00:00:00+00:00
[2024-05-12T00:42:51.736+0000] {processor.py:183} INFO - Processing /home/airflow/.local/lib/python3.12/site-packages/airflow/example_dags/example_branch_labels.py took 0.038 seconds
[2024-05-12T00:43:22.476+0000] {processor.py:161} INFO - Started process (PID=7455) to work on /home/airflow/.local/lib/python3.12/site-packages/airflow/example_dags/example_branch_labels.py
[2024-05-12T00:43:22.476+0000] {processor.py:830} INFO - Processing file /home/airflow/.local/lib/python3.12/site-packages/airflow/example_dags/example_branch_labels.py for tasks to queue
[2024-05-12T00:43:22.478+0000] {logging_mixin.py:188} INFO - [2024-05-12T00:43:22.478+0000] {dagbag.py:545} INFO - Filling up the DagBag from /home/airflow/.local/lib/python3.12/site-packages/airflow/example_dags/example_branch_labels.py
[2024-05-12T00:43:22.482+0000] {processor.py:840} INFO - DAG(s) 'example_branch_labels' retrieved from /home/airflow/.local/lib/python3.12/site-packages/airflow/example_dags/example_branch_labels.py
[2024-05-12T00:43:22.494+0000] {logging_mixin.py:188} INFO - [2024-05-12T00:43:22.493+0000] {dag.py:3096} INFO - Sync 1 DAGs
[2024-05-12T00:43:22.504+0000] {logging_mixin.py:188} INFO - [2024-05-12T00:43:22.504+0000] {dag.py:3954} INFO - Setting next_dagrun for example_branch_labels to 2024-05-11 00:00:00+00:00, run_after=2024-05-12 00:00:00+00:00
[2024-05-12T00:43:22.513+0000] {processor.py:183} INFO - Processing /home/airflow/.local/lib/python3.12/site-packages/airflow/example_dags/example_branch_labels.py took 0.040 seconds
[2024-05-12T00:43:53.209+0000] {processor.py:161} INFO - Started process (PID=7717) to work on /home/airflow/.local/lib/python3.12/site-packages/airflow/example_dags/example_branch_labels.py
[2024-05-12T00:43:53.210+0000] {processor.py:830} INFO - Processing file /home/airflow/.local/lib/python3.12/site-packages/airflow/example_dags/example_branch_labels.py for tasks to queue
[2024-05-12T00:43:53.211+0000] {logging_mixin.py:188} INFO - [2024-05-12T00:43:53.211+0000] {dagbag.py:545} INFO - Filling up the DagBag from /home/airflow/.local/lib/python3.12/site-packages/airflow/example_dags/example_branch_labels.py
[2024-05-12T00:43:53.215+0000] {processor.py:840} INFO - DAG(s) 'example_branch_labels' retrieved from /home/airflow/.local/lib/python3.12/site-packages/airflow/example_dags/example_branch_labels.py
[2024-05-12T00:43:53.226+0000] {logging_mixin.py:188} INFO - [2024-05-12T00:43:53.226+0000] {dag.py:3096} INFO - Sync 1 DAGs
[2024-05-12T00:43:53.236+0000] {logging_mixin.py:188} INFO - [2024-05-12T00:43:53.236+0000] {dag.py:3954} INFO - Setting next_dagrun for example_branch_labels to 2024-05-11 00:00:00+00:00, run_after=2024-05-12 00:00:00+00:00
[2024-05-12T00:43:53.245+0000] {processor.py:183} INFO - Processing /home/airflow/.local/lib/python3.12/site-packages/airflow/example_dags/example_branch_labels.py took 0.039 seconds
[2024-05-12T00:44:23.945+0000] {processor.py:161} INFO - Started process (PID=7978) to work on /home/airflow/.local/lib/python3.12/site-packages/airflow/example_dags/example_branch_labels.py
[2024-05-12T00:44:23.945+0000] {processor.py:830} INFO - Processing file /home/airflow/.local/lib/python3.12/site-packages/airflow/example_dags/example_branch_labels.py for tasks to queue
[2024-05-12T00:44:23.947+0000] {logging_mixin.py:188} INFO - [2024-05-12T00:44:23.946+0000] {dagbag.py:545} INFO - Filling up the DagBag from /home/airflow/.local/lib/python3.12/site-packages/airflow/example_dags/example_branch_labels.py
[2024-05-12T00:44:23.951+0000] {processor.py:840} INFO - DAG(s) 'example_branch_labels' retrieved from /home/airflow/.local/lib/python3.12/site-packages/airflow/example_dags/example_branch_labels.py
[2024-05-12T00:44:23.961+0000] {logging_mixin.py:188} INFO - [2024-05-12T00:44:23.961+0000] {dag.py:3096} INFO - Sync 1 DAGs
[2024-05-12T00:44:23.972+0000] {logging_mixin.py:188} INFO - [2024-05-12T00:44:23.972+0000] {dag.py:3954} INFO - Setting next_dagrun for example_branch_labels to 2024-05-11 00:00:00+00:00, run_after=2024-05-12 00:00:00+00:00
[2024-05-12T00:44:23.981+0000] {processor.py:183} INFO - Processing /home/airflow/.local/lib/python3.12/site-packages/airflow/example_dags/example_branch_labels.py took 0.039 seconds
[2024-05-12T00:44:54.838+0000] {processor.py:161} INFO - Started process (PID=8240) to work on /home/airflow/.local/lib/python3.12/site-packages/airflow/example_dags/example_branch_labels.py
[2024-05-12T00:44:54.839+0000] {processor.py:830} INFO - Processing file /home/airflow/.local/lib/python3.12/site-packages/airflow/example_dags/example_branch_labels.py for tasks to queue
[2024-05-12T00:44:54.840+0000] {logging_mixin.py:188} INFO - [2024-05-12T00:44:54.840+0000] {dagbag.py:545} INFO - Filling up the DagBag from /home/airflow/.local/lib/python3.12/site-packages/airflow/example_dags/example_branch_labels.py
[2024-05-12T00:44:54.845+0000] {processor.py:840} INFO - DAG(s) 'example_branch_labels' retrieved from /home/airflow/.local/lib/python3.12/site-packages/airflow/example_dags/example_branch_labels.py
[2024-05-12T00:44:54.858+0000] {logging_mixin.py:188} INFO - [2024-05-12T00:44:54.858+0000] {dag.py:3096} INFO - Sync 1 DAGs
[2024-05-12T00:44:54.869+0000] {logging_mixin.py:188} INFO - [2024-05-12T00:44:54.869+0000] {dag.py:3954} INFO - Setting next_dagrun for example_branch_labels to 2024-05-11 00:00:00+00:00, run_after=2024-05-12 00:00:00+00:00
[2024-05-12T00:44:54.879+0000] {processor.py:183} INFO - Processing /home/airflow/.local/lib/python3.12/site-packages/airflow/example_dags/example_branch_labels.py took 0.044 seconds
[2024-05-12T00:45:25.451+0000] {processor.py:161} INFO - Started process (PID=8501) to work on /home/airflow/.local/lib/python3.12/site-packages/airflow/example_dags/example_branch_labels.py
[2024-05-12T00:45:25.452+0000] {processor.py:830} INFO - Processing file /home/airflow/.local/lib/python3.12/site-packages/airflow/example_dags/example_branch_labels.py for tasks to queue
[2024-05-12T00:45:25.453+0000] {logging_mixin.py:188} INFO - [2024-05-12T00:45:25.453+0000] {dagbag.py:545} INFO - Filling up the DagBag from /home/airflow/.local/lib/python3.12/site-packages/airflow/example_dags/example_branch_labels.py
[2024-05-12T00:45:25.457+0000] {processor.py:840} INFO - DAG(s) 'example_branch_labels' retrieved from /home/airflow/.local/lib/python3.12/site-packages/airflow/example_dags/example_branch_labels.py
[2024-05-12T00:45:25.468+0000] {logging_mixin.py:188} INFO - [2024-05-12T00:45:25.468+0000] {dag.py:3096} INFO - Sync 1 DAGs
[2024-05-12T00:45:25.479+0000] {logging_mixin.py:188} INFO - [2024-05-12T00:45:25.479+0000] {dag.py:3954} INFO - Setting next_dagrun for example_branch_labels to 2024-05-11 00:00:00+00:00, run_after=2024-05-12 00:00:00+00:00
[2024-05-12T00:45:25.487+0000] {processor.py:183} INFO - Processing /home/airflow/.local/lib/python3.12/site-packages/airflow/example_dags/example_branch_labels.py took 0.039 seconds
[2024-05-12T00:45:56.167+0000] {processor.py:161} INFO - Started process (PID=8763) to work on /home/airflow/.local/lib/python3.12/site-packages/airflow/example_dags/example_branch_labels.py
[2024-05-12T00:45:56.167+0000] {processor.py:830} INFO - Processing file /home/airflow/.local/lib/python3.12/site-packages/airflow/example_dags/example_branch_labels.py for tasks to queue
[2024-05-12T00:45:56.168+0000] {logging_mixin.py:188} INFO - [2024-05-12T00:45:56.168+0000] {dagbag.py:545} INFO - Filling up the DagBag from /home/airflow/.local/lib/python3.12/site-packages/airflow/example_dags/example_branch_labels.py
[2024-05-12T00:45:56.172+0000] {processor.py:840} INFO - DAG(s) 'example_branch_labels' retrieved from /home/airflow/.local/lib/python3.12/site-packages/airflow/example_dags/example_branch_labels.py
[2024-05-12T00:45:56.184+0000] {logging_mixin.py:188} INFO - [2024-05-12T00:45:56.184+0000] {dag.py:3096} INFO - Sync 1 DAGs
[2024-05-12T00:45:56.195+0000] {logging_mixin.py:188} INFO - [2024-05-12T00:45:56.195+0000] {dag.py:3954} INFO - Setting next_dagrun for example_branch_labels to 2024-05-11 00:00:00+00:00, run_after=2024-05-12 00:00:00+00:00
[2024-05-12T00:45:56.203+0000] {processor.py:183} INFO - Processing /home/airflow/.local/lib/python3.12/site-packages/airflow/example_dags/example_branch_labels.py took 0.039 seconds
[2024-05-12T00:46:27.024+0000] {processor.py:161} INFO - Started process (PID=9025) to work on /home/airflow/.local/lib/python3.12/site-packages/airflow/example_dags/example_branch_labels.py
[2024-05-12T00:46:27.024+0000] {processor.py:830} INFO - Processing file /home/airflow/.local/lib/python3.12/site-packages/airflow/example_dags/example_branch_labels.py for tasks to queue
[2024-05-12T00:46:27.025+0000] {logging_mixin.py:188} INFO - [2024-05-12T00:46:27.025+0000] {dagbag.py:545} INFO - Filling up the DagBag from /home/airflow/.local/lib/python3.12/site-packages/airflow/example_dags/example_branch_labels.py
[2024-05-12T00:46:27.029+0000] {processor.py:840} INFO - DAG(s) 'example_branch_labels' retrieved from /home/airflow/.local/lib/python3.12/site-packages/airflow/example_dags/example_branch_labels.py
[2024-05-12T00:46:27.041+0000] {logging_mixin.py:188} INFO - [2024-05-12T00:46:27.040+0000] {dag.py:3096} INFO - Sync 1 DAGs
[2024-05-12T00:46:27.051+0000] {logging_mixin.py:188} INFO - [2024-05-12T00:46:27.051+0000] {dag.py:3954} INFO - Setting next_dagrun for example_branch_labels to 2024-05-11 00:00:00+00:00, run_after=2024-05-12 00:00:00+00:00
[2024-05-12T00:46:27.059+0000] {processor.py:183} INFO - Processing /home/airflow/.local/lib/python3.12/site-packages/airflow/example_dags/example_branch_labels.py took 0.039 seconds
[2024-05-12T00:46:57.942+0000] {processor.py:161} INFO - Started process (PID=9289) to work on /home/airflow/.local/lib/python3.12/site-packages/airflow/example_dags/example_branch_labels.py
[2024-05-12T00:46:57.942+0000] {processor.py:830} INFO - Processing file /home/airflow/.local/lib/python3.12/site-packages/airflow/example_dags/example_branch_labels.py for tasks to queue
[2024-05-12T00:46:57.943+0000] {logging_mixin.py:188} INFO - [2024-05-12T00:46:57.943+0000] {dagbag.py:545} INFO - Filling up the DagBag from /home/airflow/.local/lib/python3.12/site-packages/airflow/example_dags/example_branch_labels.py
[2024-05-12T00:46:57.947+0000] {processor.py:840} INFO - DAG(s) 'example_branch_labels' retrieved from /home/airflow/.local/lib/python3.12/site-packages/airflow/example_dags/example_branch_labels.py
[2024-05-12T00:46:57.958+0000] {logging_mixin.py:188} INFO - [2024-05-12T00:46:57.958+0000] {dag.py:3096} INFO - Sync 1 DAGs
[2024-05-12T00:46:57.968+0000] {logging_mixin.py:188} INFO - [2024-05-12T00:46:57.967+0000] {dag.py:3954} INFO - Setting next_dagrun for example_branch_labels to 2024-05-11 00:00:00+00:00, run_after=2024-05-12 00:00:00+00:00
[2024-05-12T00:46:57.975+0000] {processor.py:183} INFO - Processing /home/airflow/.local/lib/python3.12/site-packages/airflow/example_dags/example_branch_labels.py took 0.036 seconds
[2024-05-12T00:47:28.842+0000] {processor.py:161} INFO - Started process (PID=9548) to work on /home/airflow/.local/lib/python3.12/site-packages/airflow/example_dags/example_branch_labels.py
[2024-05-12T00:47:28.842+0000] {processor.py:830} INFO - Processing file /home/airflow/.local/lib/python3.12/site-packages/airflow/example_dags/example_branch_labels.py for tasks to queue
[2024-05-12T00:47:28.843+0000] {logging_mixin.py:188} INFO - [2024-05-12T00:47:28.843+0000] {dagbag.py:545} INFO - Filling up the DagBag from /home/airflow/.local/lib/python3.12/site-packages/airflow/example_dags/example_branch_labels.py
[2024-05-12T00:47:28.847+0000] {processor.py:840} INFO - DAG(s) 'example_branch_labels' retrieved from /home/airflow/.local/lib/python3.12/site-packages/airflow/example_dags/example_branch_labels.py
[2024-05-12T00:47:28.857+0000] {logging_mixin.py:188} INFO - [2024-05-12T00:47:28.857+0000] {dag.py:3096} INFO - Sync 1 DAGs
[2024-05-12T00:47:28.867+0000] {logging_mixin.py:188} INFO - [2024-05-12T00:47:28.867+0000] {dag.py:3954} INFO - Setting next_dagrun for example_branch_labels to 2024-05-11 00:00:00+00:00, run_after=2024-05-12 00:00:00+00:00
[2024-05-12T00:47:28.875+0000] {processor.py:183} INFO - Processing /home/airflow/.local/lib/python3.12/site-packages/airflow/example_dags/example_branch_labels.py took 0.036 seconds
[2024-05-12T00:47:59.646+0000] {processor.py:161} INFO - Started process (PID=9810) to work on /home/airflow/.local/lib/python3.12/site-packages/airflow/example_dags/example_branch_labels.py
[2024-05-12T00:47:59.647+0000] {processor.py:830} INFO - Processing file /home/airflow/.local/lib/python3.12/site-packages/airflow/example_dags/example_branch_labels.py for tasks to queue
[2024-05-12T00:47:59.648+0000] {logging_mixin.py:188} INFO - [2024-05-12T00:47:59.648+0000] {dagbag.py:545} INFO - Filling up the DagBag from /home/airflow/.local/lib/python3.12/site-packages/airflow/example_dags/example_branch_labels.py
[2024-05-12T00:47:59.651+0000] {processor.py:840} INFO - DAG(s) 'example_branch_labels' retrieved from /home/airflow/.local/lib/python3.12/site-packages/airflow/example_dags/example_branch_labels.py
[2024-05-12T00:47:59.662+0000] {logging_mixin.py:188} INFO - [2024-05-12T00:47:59.662+0000] {dag.py:3096} INFO - Sync 1 DAGs
[2024-05-12T00:47:59.673+0000] {logging_mixin.py:188} INFO - [2024-05-12T00:47:59.673+0000] {dag.py:3954} INFO - Setting next_dagrun for example_branch_labels to 2024-05-11 00:00:00+00:00, run_after=2024-05-12 00:00:00+00:00
[2024-05-12T00:47:59.681+0000] {processor.py:183} INFO - Processing /home/airflow/.local/lib/python3.12/site-packages/airflow/example_dags/example_branch_labels.py took 0.038 seconds
[2024-05-12T00:48:30.537+0000] {processor.py:161} INFO - Started process (PID=10072) to work on /home/airflow/.local/lib/python3.12/site-packages/airflow/example_dags/example_branch_labels.py
[2024-05-12T00:48:30.537+0000] {processor.py:830} INFO - Processing file /home/airflow/.local/lib/python3.12/site-packages/airflow/example_dags/example_branch_labels.py for tasks to queue
[2024-05-12T00:48:30.538+0000] {logging_mixin.py:188} INFO - [2024-05-12T00:48:30.538+0000] {dagbag.py:545} INFO - Filling up the DagBag from /home/airflow/.local/lib/python3.12/site-packages/airflow/example_dags/example_branch_labels.py
[2024-05-12T00:48:30.542+0000] {processor.py:840} INFO - DAG(s) 'example_branch_labels' retrieved from /home/airflow/.local/lib/python3.12/site-packages/airflow/example_dags/example_branch_labels.py
[2024-05-12T00:48:30.552+0000] {logging_mixin.py:188} INFO - [2024-05-12T00:48:30.552+0000] {dag.py:3096} INFO - Sync 1 DAGs
[2024-05-12T00:48:30.562+0000] {logging_mixin.py:188} INFO - [2024-05-12T00:48:30.562+0000] {dag.py:3954} INFO - Setting next_dagrun for example_branch_labels to 2024-05-11 00:00:00+00:00, run_after=2024-05-12 00:00:00+00:00
[2024-05-12T00:48:30.655+0000] {processor.py:183} INFO - Processing /home/airflow/.local/lib/python3.12/site-packages/airflow/example_dags/example_branch_labels.py took 0.121 seconds
[2024-05-12T00:49:01.607+0000] {processor.py:161} INFO - Started process (PID=10334) to work on /home/airflow/.local/lib/python3.12/site-packages/airflow/example_dags/example_branch_labels.py
[2024-05-12T00:49:01.608+0000] {processor.py:830} INFO - Processing file /home/airflow/.local/lib/python3.12/site-packages/airflow/example_dags/example_branch_labels.py for tasks to queue
[2024-05-12T00:49:01.609+0000] {logging_mixin.py:188} INFO - [2024-05-12T00:49:01.609+0000] {dagbag.py:545} INFO - Filling up the DagBag from /home/airflow/.local/lib/python3.12/site-packages/airflow/example_dags/example_branch_labels.py
[2024-05-12T00:49:01.613+0000] {processor.py:840} INFO - DAG(s) 'example_branch_labels' retrieved from /home/airflow/.local/lib/python3.12/site-packages/airflow/example_dags/example_branch_labels.py
[2024-05-12T00:49:01.628+0000] {logging_mixin.py:188} INFO - [2024-05-12T00:49:01.628+0000] {dag.py:3096} INFO - Sync 1 DAGs
[2024-05-12T00:49:01.639+0000] {logging_mixin.py:188} INFO - [2024-05-12T00:49:01.639+0000] {dag.py:3954} INFO - Setting next_dagrun for example_branch_labels to 2024-05-11 00:00:00+00:00, run_after=2024-05-12 00:00:00+00:00
[2024-05-12T00:49:01.647+0000] {processor.py:183} INFO - Processing /home/airflow/.local/lib/python3.12/site-packages/airflow/example_dags/example_branch_labels.py took 0.044 seconds
[2024-05-12T01:06:46.313+0000] {processor.py:161} INFO - Started process (PID=10596) to work on /home/airflow/.local/lib/python3.12/site-packages/airflow/example_dags/example_branch_labels.py
[2024-05-12T01:06:46.313+0000] {processor.py:830} INFO - Processing file /home/airflow/.local/lib/python3.12/site-packages/airflow/example_dags/example_branch_labels.py for tasks to queue
[2024-05-12T01:06:46.314+0000] {logging_mixin.py:188} INFO - [2024-05-12T01:06:46.314+0000] {dagbag.py:545} INFO - Filling up the DagBag from /home/airflow/.local/lib/python3.12/site-packages/airflow/example_dags/example_branch_labels.py
[2024-05-12T01:06:46.318+0000] {processor.py:840} INFO - DAG(s) 'example_branch_labels' retrieved from /home/airflow/.local/lib/python3.12/site-packages/airflow/example_dags/example_branch_labels.py
[2024-05-12T01:06:46.329+0000] {logging_mixin.py:188} INFO - [2024-05-12T01:06:46.328+0000] {dag.py:3096} INFO - Sync 1 DAGs
[2024-05-12T01:06:46.340+0000] {logging_mixin.py:188} INFO - [2024-05-12T01:06:46.339+0000] {dag.py:3954} INFO - Setting next_dagrun for example_branch_labels to 2024-05-11 00:00:00+00:00, run_after=2024-05-12 00:00:00+00:00
[2024-05-12T01:06:46.348+0000] {processor.py:183} INFO - Processing /home/airflow/.local/lib/python3.12/site-packages/airflow/example_dags/example_branch_labels.py took 0.039 seconds
[2024-05-12T01:10:18.600+0000] {processor.py:161} INFO - Started process (PID=10857) to work on /home/airflow/.local/lib/python3.12/site-packages/airflow/example_dags/example_branch_labels.py
[2024-05-12T01:10:18.600+0000] {processor.py:830} INFO - Processing file /home/airflow/.local/lib/python3.12/site-packages/airflow/example_dags/example_branch_labels.py for tasks to queue
[2024-05-12T01:10:18.601+0000] {logging_mixin.py:188} INFO - [2024-05-12T01:10:18.601+0000] {dagbag.py:545} INFO - Filling up the DagBag from /home/airflow/.local/lib/python3.12/site-packages/airflow/example_dags/example_branch_labels.py
[2024-05-12T01:10:18.606+0000] {processor.py:840} INFO - DAG(s) 'example_branch_labels' retrieved from /home/airflow/.local/lib/python3.12/site-packages/airflow/example_dags/example_branch_labels.py
[2024-05-12T01:10:18.617+0000] {logging_mixin.py:188} INFO - [2024-05-12T01:10:18.617+0000] {dag.py:3096} INFO - Sync 1 DAGs
[2024-05-12T01:10:18.627+0000] {logging_mixin.py:188} INFO - [2024-05-12T01:10:18.627+0000] {dag.py:3954} INFO - Setting next_dagrun for example_branch_labels to 2024-05-11 00:00:00+00:00, run_after=2024-05-12 00:00:00+00:00
[2024-05-12T01:10:18.637+0000] {processor.py:183} INFO - Processing /home/airflow/.local/lib/python3.12/site-packages/airflow/example_dags/example_branch_labels.py took 0.040 seconds
[2024-05-12T01:10:50.148+0000] {processor.py:161} INFO - Started process (PID=11119) to work on /home/airflow/.local/lib/python3.12/site-packages/airflow/example_dags/example_branch_labels.py
[2024-05-12T01:10:50.149+0000] {processor.py:830} INFO - Processing file /home/airflow/.local/lib/python3.12/site-packages/airflow/example_dags/example_branch_labels.py for tasks to queue
[2024-05-12T01:10:50.150+0000] {logging_mixin.py:188} INFO - [2024-05-12T01:10:50.150+0000] {dagbag.py:545} INFO - Filling up the DagBag from /home/airflow/.local/lib/python3.12/site-packages/airflow/example_dags/example_branch_labels.py
[2024-05-12T01:10:50.154+0000] {processor.py:840} INFO - DAG(s) 'example_branch_labels' retrieved from /home/airflow/.local/lib/python3.12/site-packages/airflow/example_dags/example_branch_labels.py
[2024-05-12T01:10:50.166+0000] {logging_mixin.py:188} INFO - [2024-05-12T01:10:50.166+0000] {dag.py:3096} INFO - Sync 1 DAGs
[2024-05-12T01:10:50.178+0000] {logging_mixin.py:188} INFO - [2024-05-12T01:10:50.178+0000] {dag.py:3954} INFO - Setting next_dagrun for example_branch_labels to 2024-05-11 00:00:00+00:00, run_after=2024-05-12 00:00:00+00:00
[2024-05-12T01:10:50.187+0000] {processor.py:183} INFO - Processing /home/airflow/.local/lib/python3.12/site-packages/airflow/example_dags/example_branch_labels.py took 0.043 seconds
[2024-05-12T01:11:20.731+0000] {processor.py:161} INFO - Started process (PID=11381) to work on /home/airflow/.local/lib/python3.12/site-packages/airflow/example_dags/example_branch_labels.py
[2024-05-12T01:11:20.731+0000] {processor.py:830} INFO - Processing file /home/airflow/.local/lib/python3.12/site-packages/airflow/example_dags/example_branch_labels.py for tasks to queue
[2024-05-12T01:11:20.732+0000] {logging_mixin.py:188} INFO - [2024-05-12T01:11:20.732+0000] {dagbag.py:545} INFO - Filling up the DagBag from /home/airflow/.local/lib/python3.12/site-packages/airflow/example_dags/example_branch_labels.py
[2024-05-12T01:11:20.737+0000] {processor.py:840} INFO - DAG(s) 'example_branch_labels' retrieved from /home/airflow/.local/lib/python3.12/site-packages/airflow/example_dags/example_branch_labels.py
[2024-05-12T01:11:20.856+0000] {logging_mixin.py:188} INFO - [2024-05-12T01:11:20.855+0000] {dag.py:3096} INFO - Sync 1 DAGs
[2024-05-12T01:11:20.866+0000] {logging_mixin.py:188} INFO - [2024-05-12T01:11:20.866+0000] {dag.py:3954} INFO - Setting next_dagrun for example_branch_labels to 2024-05-11 00:00:00+00:00, run_after=2024-05-12 00:00:00+00:00
[2024-05-12T01:11:20.876+0000] {processor.py:183} INFO - Processing /home/airflow/.local/lib/python3.12/site-packages/airflow/example_dags/example_branch_labels.py took 0.148 seconds
[2024-05-12T01:11:51.714+0000] {processor.py:161} INFO - Started process (PID=11643) to work on /home/airflow/.local/lib/python3.12/site-packages/airflow/example_dags/example_branch_labels.py
[2024-05-12T01:11:51.714+0000] {processor.py:830} INFO - Processing file /home/airflow/.local/lib/python3.12/site-packages/airflow/example_dags/example_branch_labels.py for tasks to queue
[2024-05-12T01:11:51.715+0000] {logging_mixin.py:188} INFO - [2024-05-12T01:11:51.715+0000] {dagbag.py:545} INFO - Filling up the DagBag from /home/airflow/.local/lib/python3.12/site-packages/airflow/example_dags/example_branch_labels.py
[2024-05-12T01:11:51.719+0000] {processor.py:840} INFO - DAG(s) 'example_branch_labels' retrieved from /home/airflow/.local/lib/python3.12/site-packages/airflow/example_dags/example_branch_labels.py
[2024-05-12T01:11:51.729+0000] {logging_mixin.py:188} INFO - [2024-05-12T01:11:51.729+0000] {dag.py:3096} INFO - Sync 1 DAGs
[2024-05-12T01:11:51.740+0000] {logging_mixin.py:188} INFO - [2024-05-12T01:11:51.739+0000] {dag.py:3954} INFO - Setting next_dagrun for example_branch_labels to 2024-05-11 00:00:00+00:00, run_after=2024-05-12 00:00:00+00:00
[2024-05-12T01:11:51.748+0000] {processor.py:183} INFO - Processing /home/airflow/.local/lib/python3.12/site-packages/airflow/example_dags/example_branch_labels.py took 0.037 seconds
[2024-05-12T01:12:22.649+0000] {processor.py:161} INFO - Started process (PID=11905) to work on /home/airflow/.local/lib/python3.12/site-packages/airflow/example_dags/example_branch_labels.py
[2024-05-12T01:12:22.649+0000] {processor.py:830} INFO - Processing file /home/airflow/.local/lib/python3.12/site-packages/airflow/example_dags/example_branch_labels.py for tasks to queue
[2024-05-12T01:12:22.650+0000] {logging_mixin.py:188} INFO - [2024-05-12T01:12:22.650+0000] {dagbag.py:545} INFO - Filling up the DagBag from /home/airflow/.local/lib/python3.12/site-packages/airflow/example_dags/example_branch_labels.py
[2024-05-12T01:12:22.654+0000] {processor.py:840} INFO - DAG(s) 'example_branch_labels' retrieved from /home/airflow/.local/lib/python3.12/site-packages/airflow/example_dags/example_branch_labels.py
[2024-05-12T01:12:22.666+0000] {logging_mixin.py:188} INFO - [2024-05-12T01:12:22.665+0000] {dag.py:3096} INFO - Sync 1 DAGs
[2024-05-12T01:12:22.676+0000] {logging_mixin.py:188} INFO - [2024-05-12T01:12:22.675+0000] {dag.py:3954} INFO - Setting next_dagrun for example_branch_labels to 2024-05-11 00:00:00+00:00, run_after=2024-05-12 00:00:00+00:00
[2024-05-12T01:12:22.684+0000] {processor.py:183} INFO - Processing /home/airflow/.local/lib/python3.12/site-packages/airflow/example_dags/example_branch_labels.py took 0.039 seconds
[2024-05-12T01:12:53.575+0000] {processor.py:161} INFO - Started process (PID=12167) to work on /home/airflow/.local/lib/python3.12/site-packages/airflow/example_dags/example_branch_labels.py
[2024-05-12T01:12:53.576+0000] {processor.py:830} INFO - Processing file /home/airflow/.local/lib/python3.12/site-packages/airflow/example_dags/example_branch_labels.py for tasks to queue
[2024-05-12T01:12:53.577+0000] {logging_mixin.py:188} INFO - [2024-05-12T01:12:53.577+0000] {dagbag.py:545} INFO - Filling up the DagBag from /home/airflow/.local/lib/python3.12/site-packages/airflow/example_dags/example_branch_labels.py
[2024-05-12T01:12:53.581+0000] {processor.py:840} INFO - DAG(s) 'example_branch_labels' retrieved from /home/airflow/.local/lib/python3.12/site-packages/airflow/example_dags/example_branch_labels.py
[2024-05-12T01:12:53.591+0000] {logging_mixin.py:188} INFO - [2024-05-12T01:12:53.591+0000] {dag.py:3096} INFO - Sync 1 DAGs
[2024-05-12T01:12:53.601+0000] {logging_mixin.py:188} INFO - [2024-05-12T01:12:53.601+0000] {dag.py:3954} INFO - Setting next_dagrun for example_branch_labels to 2024-05-11 00:00:00+00:00, run_after=2024-05-12 00:00:00+00:00
[2024-05-12T01:12:53.609+0000] {processor.py:183} INFO - Processing /home/airflow/.local/lib/python3.12/site-packages/airflow/example_dags/example_branch_labels.py took 0.038 seconds
[2024-05-12T01:13:24.457+0000] {processor.py:161} INFO - Started process (PID=12428) to work on /home/airflow/.local/lib/python3.12/site-packages/airflow/example_dags/example_branch_labels.py
[2024-05-12T01:13:24.458+0000] {processor.py:830} INFO - Processing file /home/airflow/.local/lib/python3.12/site-packages/airflow/example_dags/example_branch_labels.py for tasks to queue
[2024-05-12T01:13:24.459+0000] {logging_mixin.py:188} INFO - [2024-05-12T01:13:24.458+0000] {dagbag.py:545} INFO - Filling up the DagBag from /home/airflow/.local/lib/python3.12/site-packages/airflow/example_dags/example_branch_labels.py
[2024-05-12T01:13:24.463+0000] {processor.py:840} INFO - DAG(s) 'example_branch_labels' retrieved from /home/airflow/.local/lib/python3.12/site-packages/airflow/example_dags/example_branch_labels.py
[2024-05-12T01:13:24.474+0000] {logging_mixin.py:188} INFO - [2024-05-12T01:13:24.473+0000] {dag.py:3096} INFO - Sync 1 DAGs
[2024-05-12T01:13:24.483+0000] {logging_mixin.py:188} INFO - [2024-05-12T01:13:24.483+0000] {dag.py:3954} INFO - Setting next_dagrun for example_branch_labels to 2024-05-11 00:00:00+00:00, run_after=2024-05-12 00:00:00+00:00
[2024-05-12T01:13:24.491+0000] {processor.py:183} INFO - Processing /home/airflow/.local/lib/python3.12/site-packages/airflow/example_dags/example_branch_labels.py took 0.037 seconds
[2024-05-12T01:13:55.352+0000] {processor.py:161} INFO - Started process (PID=12690) to work on /home/airflow/.local/lib/python3.12/site-packages/airflow/example_dags/example_branch_labels.py
[2024-05-12T01:13:55.352+0000] {processor.py:830} INFO - Processing file /home/airflow/.local/lib/python3.12/site-packages/airflow/example_dags/example_branch_labels.py for tasks to queue
[2024-05-12T01:13:55.353+0000] {logging_mixin.py:188} INFO - [2024-05-12T01:13:55.353+0000] {dagbag.py:545} INFO - Filling up the DagBag from /home/airflow/.local/lib/python3.12/site-packages/airflow/example_dags/example_branch_labels.py
[2024-05-12T01:13:55.357+0000] {processor.py:840} INFO - DAG(s) 'example_branch_labels' retrieved from /home/airflow/.local/lib/python3.12/site-packages/airflow/example_dags/example_branch_labels.py
[2024-05-12T01:13:55.369+0000] {logging_mixin.py:188} INFO - [2024-05-12T01:13:55.368+0000] {dag.py:3096} INFO - Sync 1 DAGs
[2024-05-12T01:13:55.379+0000] {logging_mixin.py:188} INFO - [2024-05-12T01:13:55.379+0000] {dag.py:3954} INFO - Setting next_dagrun for example_branch_labels to 2024-05-11 00:00:00+00:00, run_after=2024-05-12 00:00:00+00:00
[2024-05-12T01:13:55.388+0000] {processor.py:183} INFO - Processing /home/airflow/.local/lib/python3.12/site-packages/airflow/example_dags/example_branch_labels.py took 0.040 seconds
[2024-05-12T01:14:26.326+0000] {processor.py:161} INFO - Started process (PID=12951) to work on /home/airflow/.local/lib/python3.12/site-packages/airflow/example_dags/example_branch_labels.py
[2024-05-12T01:14:26.327+0000] {processor.py:830} INFO - Processing file /home/airflow/.local/lib/python3.12/site-packages/airflow/example_dags/example_branch_labels.py for tasks to queue
[2024-05-12T01:14:26.328+0000] {logging_mixin.py:188} INFO - [2024-05-12T01:14:26.328+0000] {dagbag.py:545} INFO - Filling up the DagBag from /home/airflow/.local/lib/python3.12/site-packages/airflow/example_dags/example_branch_labels.py
[2024-05-12T01:14:26.332+0000] {processor.py:840} INFO - DAG(s) 'example_branch_labels' retrieved from /home/airflow/.local/lib/python3.12/site-packages/airflow/example_dags/example_branch_labels.py
[2024-05-12T01:14:26.343+0000] {logging_mixin.py:188} INFO - [2024-05-12T01:14:26.342+0000] {dag.py:3096} INFO - Sync 1 DAGs
[2024-05-12T01:14:26.352+0000] {logging_mixin.py:188} INFO - [2024-05-12T01:14:26.352+0000] {dag.py:3954} INFO - Setting next_dagrun for example_branch_labels to 2024-05-11 00:00:00+00:00, run_after=2024-05-12 00:00:00+00:00
[2024-05-12T01:14:26.362+0000] {processor.py:183} INFO - Processing /home/airflow/.local/lib/python3.12/site-packages/airflow/example_dags/example_branch_labels.py took 0.039 seconds
[2024-05-12T01:14:57.352+0000] {processor.py:161} INFO - Started process (PID=13213) to work on /home/airflow/.local/lib/python3.12/site-packages/airflow/example_dags/example_branch_labels.py
[2024-05-12T01:14:57.353+0000] {processor.py:830} INFO - Processing file /home/airflow/.local/lib/python3.12/site-packages/airflow/example_dags/example_branch_labels.py for tasks to queue
[2024-05-12T01:14:57.354+0000] {logging_mixin.py:188} INFO - [2024-05-12T01:14:57.354+0000] {dagbag.py:545} INFO - Filling up the DagBag from /home/airflow/.local/lib/python3.12/site-packages/airflow/example_dags/example_branch_labels.py
[2024-05-12T01:14:57.358+0000] {processor.py:840} INFO - DAG(s) 'example_branch_labels' retrieved from /home/airflow/.local/lib/python3.12/site-packages/airflow/example_dags/example_branch_labels.py
[2024-05-12T01:14:57.369+0000] {logging_mixin.py:188} INFO - [2024-05-12T01:14:57.369+0000] {dag.py:3096} INFO - Sync 1 DAGs
[2024-05-12T01:14:57.380+0000] {logging_mixin.py:188} INFO - [2024-05-12T01:14:57.380+0000] {dag.py:3954} INFO - Setting next_dagrun for example_branch_labels to 2024-05-11 00:00:00+00:00, run_after=2024-05-12 00:00:00+00:00
[2024-05-12T01:14:57.390+0000] {processor.py:183} INFO - Processing /home/airflow/.local/lib/python3.12/site-packages/airflow/example_dags/example_branch_labels.py took 0.041 seconds
[2024-05-12T01:15:28.272+0000] {processor.py:161} INFO - Started process (PID=13475) to work on /home/airflow/.local/lib/python3.12/site-packages/airflow/example_dags/example_branch_labels.py
[2024-05-12T01:15:28.273+0000] {processor.py:830} INFO - Processing file /home/airflow/.local/lib/python3.12/site-packages/airflow/example_dags/example_branch_labels.py for tasks to queue
[2024-05-12T01:15:28.274+0000] {logging_mixin.py:188} INFO - [2024-05-12T01:15:28.274+0000] {dagbag.py:545} INFO - Filling up the DagBag from /home/airflow/.local/lib/python3.12/site-packages/airflow/example_dags/example_branch_labels.py
[2024-05-12T01:15:28.278+0000] {processor.py:840} INFO - DAG(s) 'example_branch_labels' retrieved from /home/airflow/.local/lib/python3.12/site-packages/airflow/example_dags/example_branch_labels.py
[2024-05-12T01:15:28.288+0000] {logging_mixin.py:188} INFO - [2024-05-12T01:15:28.288+0000] {dag.py:3096} INFO - Sync 1 DAGs
[2024-05-12T01:15:28.298+0000] {logging_mixin.py:188} INFO - [2024-05-12T01:15:28.298+0000] {dag.py:3954} INFO - Setting next_dagrun for example_branch_labels to 2024-05-11 00:00:00+00:00, run_after=2024-05-12 00:00:00+00:00
[2024-05-12T01:15:28.306+0000] {processor.py:183} INFO - Processing /home/airflow/.local/lib/python3.12/site-packages/airflow/example_dags/example_branch_labels.py took 0.037 seconds
[2024-05-12T01:15:59.089+0000] {processor.py:161} INFO - Started process (PID=13737) to work on /home/airflow/.local/lib/python3.12/site-packages/airflow/example_dags/example_branch_labels.py
[2024-05-12T01:15:59.090+0000] {processor.py:830} INFO - Processing file /home/airflow/.local/lib/python3.12/site-packages/airflow/example_dags/example_branch_labels.py for tasks to queue
[2024-05-12T01:15:59.091+0000] {logging_mixin.py:188} INFO - [2024-05-12T01:15:59.091+0000] {dagbag.py:545} INFO - Filling up the DagBag from /home/airflow/.local/lib/python3.12/site-packages/airflow/example_dags/example_branch_labels.py
[2024-05-12T01:15:59.095+0000] {processor.py:840} INFO - DAG(s) 'example_branch_labels' retrieved from /home/airflow/.local/lib/python3.12/site-packages/airflow/example_dags/example_branch_labels.py
[2024-05-12T01:15:59.105+0000] {logging_mixin.py:188} INFO - [2024-05-12T01:15:59.105+0000] {dag.py:3096} INFO - Sync 1 DAGs
[2024-05-12T01:15:59.116+0000] {logging_mixin.py:188} INFO - [2024-05-12T01:15:59.115+0000] {dag.py:3954} INFO - Setting next_dagrun for example_branch_labels to 2024-05-11 00:00:00+00:00, run_after=2024-05-12 00:00:00+00:00
[2024-05-12T01:15:59.123+0000] {processor.py:183} INFO - Processing /home/airflow/.local/lib/python3.12/site-packages/airflow/example_dags/example_branch_labels.py took 0.037 seconds
[2024-05-12T01:16:29.846+0000] {processor.py:161} INFO - Started process (PID=13999) to work on /home/airflow/.local/lib/python3.12/site-packages/airflow/example_dags/example_branch_labels.py
[2024-05-12T01:16:29.847+0000] {processor.py:830} INFO - Processing file /home/airflow/.local/lib/python3.12/site-packages/airflow/example_dags/example_branch_labels.py for tasks to queue
[2024-05-12T01:16:29.848+0000] {logging_mixin.py:188} INFO - [2024-05-12T01:16:29.848+0000] {dagbag.py:545} INFO - Filling up the DagBag from /home/airflow/.local/lib/python3.12/site-packages/airflow/example_dags/example_branch_labels.py
[2024-05-12T01:16:29.852+0000] {processor.py:840} INFO - DAG(s) 'example_branch_labels' retrieved from /home/airflow/.local/lib/python3.12/site-packages/airflow/example_dags/example_branch_labels.py
[2024-05-12T01:16:29.862+0000] {logging_mixin.py:188} INFO - [2024-05-12T01:16:29.862+0000] {dag.py:3096} INFO - Sync 1 DAGs
[2024-05-12T01:16:29.872+0000] {logging_mixin.py:188} INFO - [2024-05-12T01:16:29.872+0000] {dag.py:3954} INFO - Setting next_dagrun for example_branch_labels to 2024-05-11 00:00:00+00:00, run_after=2024-05-12 00:00:00+00:00
[2024-05-12T01:16:29.880+0000] {processor.py:183} INFO - Processing /home/airflow/.local/lib/python3.12/site-packages/airflow/example_dags/example_branch_labels.py took 0.037 seconds
[2024-05-12T01:17:00.624+0000] {processor.py:161} INFO - Started process (PID=14263) to work on /home/airflow/.local/lib/python3.12/site-packages/airflow/example_dags/example_branch_labels.py
[2024-05-12T01:17:00.625+0000] {processor.py:830} INFO - Processing file /home/airflow/.local/lib/python3.12/site-packages/airflow/example_dags/example_branch_labels.py for tasks to queue
[2024-05-12T01:17:00.626+0000] {logging_mixin.py:188} INFO - [2024-05-12T01:17:00.626+0000] {dagbag.py:545} INFO - Filling up the DagBag from /home/airflow/.local/lib/python3.12/site-packages/airflow/example_dags/example_branch_labels.py
[2024-05-12T01:17:00.630+0000] {processor.py:840} INFO - DAG(s) 'example_branch_labels' retrieved from /home/airflow/.local/lib/python3.12/site-packages/airflow/example_dags/example_branch_labels.py
[2024-05-12T01:17:00.643+0000] {logging_mixin.py:188} INFO - [2024-05-12T01:17:00.643+0000] {dag.py:3096} INFO - Sync 1 DAGs
[2024-05-12T01:17:00.654+0000] {logging_mixin.py:188} INFO - [2024-05-12T01:17:00.654+0000] {dag.py:3954} INFO - Setting next_dagrun for example_branch_labels to 2024-05-11 00:00:00+00:00, run_after=2024-05-12 00:00:00+00:00
[2024-05-12T01:17:00.663+0000] {processor.py:183} INFO - Processing /home/airflow/.local/lib/python3.12/site-packages/airflow/example_dags/example_branch_labels.py took 0.041 seconds
[2024-05-12T01:17:31.456+0000] {processor.py:161} INFO - Started process (PID=14523) to work on /home/airflow/.local/lib/python3.12/site-packages/airflow/example_dags/example_branch_labels.py
[2024-05-12T01:17:31.456+0000] {processor.py:830} INFO - Processing file /home/airflow/.local/lib/python3.12/site-packages/airflow/example_dags/example_branch_labels.py for tasks to queue
[2024-05-12T01:17:31.457+0000] {logging_mixin.py:188} INFO - [2024-05-12T01:17:31.457+0000] {dagbag.py:545} INFO - Filling up the DagBag from /home/airflow/.local/lib/python3.12/site-packages/airflow/example_dags/example_branch_labels.py
[2024-05-12T01:17:31.461+0000] {processor.py:840} INFO - DAG(s) 'example_branch_labels' retrieved from /home/airflow/.local/lib/python3.12/site-packages/airflow/example_dags/example_branch_labels.py
[2024-05-12T01:17:31.472+0000] {logging_mixin.py:188} INFO - [2024-05-12T01:17:31.471+0000] {dag.py:3096} INFO - Sync 1 DAGs
[2024-05-12T01:17:31.481+0000] {logging_mixin.py:188} INFO - [2024-05-12T01:17:31.481+0000] {dag.py:3954} INFO - Setting next_dagrun for example_branch_labels to 2024-05-11 00:00:00+00:00, run_after=2024-05-12 00:00:00+00:00
[2024-05-12T01:17:31.489+0000] {processor.py:183} INFO - Processing /home/airflow/.local/lib/python3.12/site-packages/airflow/example_dags/example_branch_labels.py took 0.036 seconds
[2024-05-12T01:18:02.286+0000] {processor.py:161} INFO - Started process (PID=14785) to work on /home/airflow/.local/lib/python3.12/site-packages/airflow/example_dags/example_branch_labels.py
[2024-05-12T01:18:02.286+0000] {processor.py:830} INFO - Processing file /home/airflow/.local/lib/python3.12/site-packages/airflow/example_dags/example_branch_labels.py for tasks to queue
[2024-05-12T01:18:02.288+0000] {logging_mixin.py:188} INFO - [2024-05-12T01:18:02.287+0000] {dagbag.py:545} INFO - Filling up the DagBag from /home/airflow/.local/lib/python3.12/site-packages/airflow/example_dags/example_branch_labels.py
[2024-05-12T01:18:02.291+0000] {processor.py:840} INFO - DAG(s) 'example_branch_labels' retrieved from /home/airflow/.local/lib/python3.12/site-packages/airflow/example_dags/example_branch_labels.py
[2024-05-12T01:18:02.302+0000] {logging_mixin.py:188} INFO - [2024-05-12T01:18:02.302+0000] {dag.py:3096} INFO - Sync 1 DAGs
[2024-05-12T01:18:02.312+0000] {logging_mixin.py:188} INFO - [2024-05-12T01:18:02.312+0000] {dag.py:3954} INFO - Setting next_dagrun for example_branch_labels to 2024-05-11 00:00:00+00:00, run_after=2024-05-12 00:00:00+00:00
[2024-05-12T01:18:02.321+0000] {processor.py:183} INFO - Processing /home/airflow/.local/lib/python3.12/site-packages/airflow/example_dags/example_branch_labels.py took 0.039 seconds
[2024-05-12T01:18:33.026+0000] {processor.py:161} INFO - Started process (PID=15047) to work on /home/airflow/.local/lib/python3.12/site-packages/airflow/example_dags/example_branch_labels.py
[2024-05-12T01:18:33.026+0000] {processor.py:830} INFO - Processing file /home/airflow/.local/lib/python3.12/site-packages/airflow/example_dags/example_branch_labels.py for tasks to queue
[2024-05-12T01:18:33.027+0000] {logging_mixin.py:188} INFO - [2024-05-12T01:18:33.027+0000] {dagbag.py:545} INFO - Filling up the DagBag from /home/airflow/.local/lib/python3.12/site-packages/airflow/example_dags/example_branch_labels.py
[2024-05-12T01:18:33.031+0000] {processor.py:840} INFO - DAG(s) 'example_branch_labels' retrieved from /home/airflow/.local/lib/python3.12/site-packages/airflow/example_dags/example_branch_labels.py
[2024-05-12T01:18:33.041+0000] {logging_mixin.py:188} INFO - [2024-05-12T01:18:33.041+0000] {dag.py:3096} INFO - Sync 1 DAGs
[2024-05-12T01:18:33.050+0000] {logging_mixin.py:188} INFO - [2024-05-12T01:18:33.050+0000] {dag.py:3954} INFO - Setting next_dagrun for example_branch_labels to 2024-05-11 00:00:00+00:00, run_after=2024-05-12 00:00:00+00:00
[2024-05-12T01:18:33.058+0000] {processor.py:183} INFO - Processing /home/airflow/.local/lib/python3.12/site-packages/airflow/example_dags/example_branch_labels.py took 0.035 seconds
[2024-05-12T01:19:03.929+0000] {processor.py:161} INFO - Started process (PID=15309) to work on /home/airflow/.local/lib/python3.12/site-packages/airflow/example_dags/example_branch_labels.py
[2024-05-12T01:19:03.929+0000] {processor.py:830} INFO - Processing file /home/airflow/.local/lib/python3.12/site-packages/airflow/example_dags/example_branch_labels.py for tasks to queue
[2024-05-12T01:19:03.931+0000] {logging_mixin.py:188} INFO - [2024-05-12T01:19:03.930+0000] {dagbag.py:545} INFO - Filling up the DagBag from /home/airflow/.local/lib/python3.12/site-packages/airflow/example_dags/example_branch_labels.py
[2024-05-12T01:19:03.935+0000] {processor.py:840} INFO - DAG(s) 'example_branch_labels' retrieved from /home/airflow/.local/lib/python3.12/site-packages/airflow/example_dags/example_branch_labels.py
[2024-05-12T01:19:03.946+0000] {logging_mixin.py:188} INFO - [2024-05-12T01:19:03.946+0000] {dag.py:3096} INFO - Sync 1 DAGs
[2024-05-12T01:19:03.956+0000] {logging_mixin.py:188} INFO - [2024-05-12T01:19:03.956+0000] {dag.py:3954} INFO - Setting next_dagrun for example_branch_labels to 2024-05-11 00:00:00+00:00, run_after=2024-05-12 00:00:00+00:00
[2024-05-12T01:19:03.964+0000] {processor.py:183} INFO - Processing /home/airflow/.local/lib/python3.12/site-packages/airflow/example_dags/example_branch_labels.py took 0.039 seconds
[2024-05-12T01:19:34.829+0000] {processor.py:161} INFO - Started process (PID=15573) to work on /home/airflow/.local/lib/python3.12/site-packages/airflow/example_dags/example_branch_labels.py
[2024-05-12T01:19:34.829+0000] {processor.py:830} INFO - Processing file /home/airflow/.local/lib/python3.12/site-packages/airflow/example_dags/example_branch_labels.py for tasks to queue
[2024-05-12T01:19:34.830+0000] {logging_mixin.py:188} INFO - [2024-05-12T01:19:34.830+0000] {dagbag.py:545} INFO - Filling up the DagBag from /home/airflow/.local/lib/python3.12/site-packages/airflow/example_dags/example_branch_labels.py
[2024-05-12T01:19:34.834+0000] {processor.py:840} INFO - DAG(s) 'example_branch_labels' retrieved from /home/airflow/.local/lib/python3.12/site-packages/airflow/example_dags/example_branch_labels.py
[2024-05-12T01:19:34.845+0000] {logging_mixin.py:188} INFO - [2024-05-12T01:19:34.844+0000] {dag.py:3096} INFO - Sync 1 DAGs
[2024-05-12T01:19:34.854+0000] {logging_mixin.py:188} INFO - [2024-05-12T01:19:34.854+0000] {dag.py:3954} INFO - Setting next_dagrun for example_branch_labels to 2024-05-11 00:00:00+00:00, run_after=2024-05-12 00:00:00+00:00
[2024-05-12T01:19:34.863+0000] {processor.py:183} INFO - Processing /home/airflow/.local/lib/python3.12/site-packages/airflow/example_dags/example_branch_labels.py took 0.038 seconds
[2024-05-12T01:20:05.610+0000] {processor.py:161} INFO - Started process (PID=15833) to work on /home/airflow/.local/lib/python3.12/site-packages/airflow/example_dags/example_branch_labels.py
[2024-05-12T01:20:05.610+0000] {processor.py:830} INFO - Processing file /home/airflow/.local/lib/python3.12/site-packages/airflow/example_dags/example_branch_labels.py for tasks to queue
[2024-05-12T01:20:05.612+0000] {logging_mixin.py:188} INFO - [2024-05-12T01:20:05.612+0000] {dagbag.py:545} INFO - Filling up the DagBag from /home/airflow/.local/lib/python3.12/site-packages/airflow/example_dags/example_branch_labels.py
[2024-05-12T01:20:05.618+0000] {processor.py:840} INFO - DAG(s) 'example_branch_labels' retrieved from /home/airflow/.local/lib/python3.12/site-packages/airflow/example_dags/example_branch_labels.py
[2024-05-12T01:20:05.633+0000] {logging_mixin.py:188} INFO - [2024-05-12T01:20:05.633+0000] {dag.py:3096} INFO - Sync 1 DAGs
[2024-05-12T01:20:05.643+0000] {logging_mixin.py:188} INFO - [2024-05-12T01:20:05.642+0000] {dag.py:3954} INFO - Setting next_dagrun for example_branch_labels to 2024-05-11 00:00:00+00:00, run_after=2024-05-12 00:00:00+00:00
[2024-05-12T01:20:05.651+0000] {processor.py:183} INFO - Processing /home/airflow/.local/lib/python3.12/site-packages/airflow/example_dags/example_branch_labels.py took 0.044 seconds
[2024-05-12T01:20:36.384+0000] {processor.py:161} INFO - Started process (PID=16095) to work on /home/airflow/.local/lib/python3.12/site-packages/airflow/example_dags/example_branch_labels.py
[2024-05-12T01:20:36.385+0000] {processor.py:830} INFO - Processing file /home/airflow/.local/lib/python3.12/site-packages/airflow/example_dags/example_branch_labels.py for tasks to queue
[2024-05-12T01:20:36.386+0000] {logging_mixin.py:188} INFO - [2024-05-12T01:20:36.386+0000] {dagbag.py:545} INFO - Filling up the DagBag from /home/airflow/.local/lib/python3.12/site-packages/airflow/example_dags/example_branch_labels.py
[2024-05-12T01:20:36.390+0000] {processor.py:840} INFO - DAG(s) 'example_branch_labels' retrieved from /home/airflow/.local/lib/python3.12/site-packages/airflow/example_dags/example_branch_labels.py
[2024-05-12T01:20:36.401+0000] {logging_mixin.py:188} INFO - [2024-05-12T01:20:36.401+0000] {dag.py:3096} INFO - Sync 1 DAGs
[2024-05-12T01:20:36.411+0000] {logging_mixin.py:188} INFO - [2024-05-12T01:20:36.411+0000] {dag.py:3954} INFO - Setting next_dagrun for example_branch_labels to 2024-05-11 00:00:00+00:00, run_after=2024-05-12 00:00:00+00:00
[2024-05-12T01:20:36.421+0000] {processor.py:183} INFO - Processing /home/airflow/.local/lib/python3.12/site-packages/airflow/example_dags/example_branch_labels.py took 0.039 seconds
[2024-05-12T01:21:07.404+0000] {processor.py:161} INFO - Started process (PID=16359) to work on /home/airflow/.local/lib/python3.12/site-packages/airflow/example_dags/example_branch_labels.py
[2024-05-12T01:21:07.405+0000] {processor.py:830} INFO - Processing file /home/airflow/.local/lib/python3.12/site-packages/airflow/example_dags/example_branch_labels.py for tasks to queue
[2024-05-12T01:21:07.407+0000] {logging_mixin.py:188} INFO - [2024-05-12T01:21:07.406+0000] {dagbag.py:545} INFO - Filling up the DagBag from /home/airflow/.local/lib/python3.12/site-packages/airflow/example_dags/example_branch_labels.py
[2024-05-12T01:21:07.411+0000] {processor.py:840} INFO - DAG(s) 'example_branch_labels' retrieved from /home/airflow/.local/lib/python3.12/site-packages/airflow/example_dags/example_branch_labels.py
[2024-05-12T01:21:07.423+0000] {logging_mixin.py:188} INFO - [2024-05-12T01:21:07.423+0000] {dag.py:3096} INFO - Sync 1 DAGs
[2024-05-12T01:21:07.434+0000] {logging_mixin.py:188} INFO - [2024-05-12T01:21:07.434+0000] {dag.py:3954} INFO - Setting next_dagrun for example_branch_labels to 2024-05-11 00:00:00+00:00, run_after=2024-05-12 00:00:00+00:00
[2024-05-12T01:21:07.444+0000] {processor.py:183} INFO - Processing /home/airflow/.local/lib/python3.12/site-packages/airflow/example_dags/example_branch_labels.py took 0.044 seconds
[2024-05-12T01:21:38.164+0000] {processor.py:161} INFO - Started process (PID=16624) to work on /home/airflow/.local/lib/python3.12/site-packages/airflow/example_dags/example_branch_labels.py
[2024-05-12T01:21:38.165+0000] {processor.py:830} INFO - Processing file /home/airflow/.local/lib/python3.12/site-packages/airflow/example_dags/example_branch_labels.py for tasks to queue
[2024-05-12T01:21:38.166+0000] {logging_mixin.py:188} INFO - [2024-05-12T01:21:38.166+0000] {dagbag.py:545} INFO - Filling up the DagBag from /home/airflow/.local/lib/python3.12/site-packages/airflow/example_dags/example_branch_labels.py
[2024-05-12T01:21:38.171+0000] {processor.py:840} INFO - DAG(s) 'example_branch_labels' retrieved from /home/airflow/.local/lib/python3.12/site-packages/airflow/example_dags/example_branch_labels.py
[2024-05-12T01:21:38.184+0000] {logging_mixin.py:188} INFO - [2024-05-12T01:21:38.183+0000] {dag.py:3096} INFO - Sync 1 DAGs
[2024-05-12T01:21:38.194+0000] {logging_mixin.py:188} INFO - [2024-05-12T01:21:38.194+0000] {dag.py:3954} INFO - Setting next_dagrun for example_branch_labels to 2024-05-11 00:00:00+00:00, run_after=2024-05-12 00:00:00+00:00
[2024-05-12T01:21:38.202+0000] {processor.py:183} INFO - Processing /home/airflow/.local/lib/python3.12/site-packages/airflow/example_dags/example_branch_labels.py took 0.042 seconds
[2024-05-12T01:22:09.039+0000] {processor.py:161} INFO - Started process (PID=16886) to work on /home/airflow/.local/lib/python3.12/site-packages/airflow/example_dags/example_branch_labels.py
[2024-05-12T01:22:09.039+0000] {processor.py:830} INFO - Processing file /home/airflow/.local/lib/python3.12/site-packages/airflow/example_dags/example_branch_labels.py for tasks to queue
[2024-05-12T01:22:09.040+0000] {logging_mixin.py:188} INFO - [2024-05-12T01:22:09.040+0000] {dagbag.py:545} INFO - Filling up the DagBag from /home/airflow/.local/lib/python3.12/site-packages/airflow/example_dags/example_branch_labels.py
[2024-05-12T01:22:09.044+0000] {processor.py:840} INFO - DAG(s) 'example_branch_labels' retrieved from /home/airflow/.local/lib/python3.12/site-packages/airflow/example_dags/example_branch_labels.py
[2024-05-12T01:22:09.055+0000] {logging_mixin.py:188} INFO - [2024-05-12T01:22:09.055+0000] {dag.py:3096} INFO - Sync 1 DAGs
[2024-05-12T01:22:09.065+0000] {logging_mixin.py:188} INFO - [2024-05-12T01:22:09.065+0000] {dag.py:3954} INFO - Setting next_dagrun for example_branch_labels to 2024-05-11 00:00:00+00:00, run_after=2024-05-12 00:00:00+00:00
[2024-05-12T01:22:09.074+0000] {processor.py:183} INFO - Processing /home/airflow/.local/lib/python3.12/site-packages/airflow/example_dags/example_branch_labels.py took 0.038 seconds
