[2024-05-12T00:37:43.958+0000] {processor.py:161} INFO - Started process (PID=4510) to work on /home/airflow/.local/lib/python3.12/site-packages/airflow/example_dags/example_task_group_decorator.py
[2024-05-12T00:37:43.958+0000] {processor.py:830} INFO - Processing file /home/airflow/.local/lib/python3.12/site-packages/airflow/example_dags/example_task_group_decorator.py for tasks to queue
[2024-05-12T00:37:43.959+0000] {logging_mixin.py:188} INFO - [2024-05-12T00:37:43.959+0000] {dagbag.py:545} INFO - Filling up the DagBag from /home/airflow/.local/lib/python3.12/site-packages/airflow/example_dags/example_task_group_decorator.py
[2024-05-12T00:37:43.966+0000] {processor.py:840} INFO - DAG(s) 'example_task_group_decorator' retrieved from /home/airflow/.local/lib/python3.12/site-packages/airflow/example_dags/example_task_group_decorator.py
[2024-05-12T00:37:43.978+0000] {logging_mixin.py:188} INFO - [2024-05-12T00:37:43.978+0000] {dag.py:3096} INFO - Sync 1 DAGs
[2024-05-12T00:37:43.988+0000] {logging_mixin.py:188} INFO - [2024-05-12T00:37:43.988+0000] {dag.py:3954} INFO - Setting next_dagrun for example_task_group_decorator to 2024-05-11 00:00:00+00:00, run_after=2024-05-12 00:00:00+00:00
[2024-05-12T00:37:43.997+0000] {processor.py:183} INFO - Processing /home/airflow/.local/lib/python3.12/site-packages/airflow/example_dags/example_task_group_decorator.py took 0.042 seconds
[2024-05-12T00:38:14.680+0000] {processor.py:161} INFO - Started process (PID=4772) to work on /home/airflow/.local/lib/python3.12/site-packages/airflow/example_dags/example_task_group_decorator.py
[2024-05-12T00:38:14.680+0000] {processor.py:830} INFO - Processing file /home/airflow/.local/lib/python3.12/site-packages/airflow/example_dags/example_task_group_decorator.py for tasks to queue
[2024-05-12T00:38:14.681+0000] {logging_mixin.py:188} INFO - [2024-05-12T00:38:14.681+0000] {dagbag.py:545} INFO - Filling up the DagBag from /home/airflow/.local/lib/python3.12/site-packages/airflow/example_dags/example_task_group_decorator.py
[2024-05-12T00:38:14.687+0000] {processor.py:840} INFO - DAG(s) 'example_task_group_decorator' retrieved from /home/airflow/.local/lib/python3.12/site-packages/airflow/example_dags/example_task_group_decorator.py
[2024-05-12T00:38:14.698+0000] {logging_mixin.py:188} INFO - [2024-05-12T00:38:14.698+0000] {dag.py:3096} INFO - Sync 1 DAGs
[2024-05-12T00:38:14.708+0000] {logging_mixin.py:188} INFO - [2024-05-12T00:38:14.708+0000] {dag.py:3954} INFO - Setting next_dagrun for example_task_group_decorator to 2024-05-11 00:00:00+00:00, run_after=2024-05-12 00:00:00+00:00
[2024-05-12T00:38:14.717+0000] {processor.py:183} INFO - Processing /home/airflow/.local/lib/python3.12/site-packages/airflow/example_dags/example_task_group_decorator.py took 0.040 seconds
[2024-05-12T00:38:45.376+0000] {processor.py:161} INFO - Started process (PID=5034) to work on /home/airflow/.local/lib/python3.12/site-packages/airflow/example_dags/example_task_group_decorator.py
[2024-05-12T00:38:45.377+0000] {processor.py:830} INFO - Processing file /home/airflow/.local/lib/python3.12/site-packages/airflow/example_dags/example_task_group_decorator.py for tasks to queue
[2024-05-12T00:38:45.378+0000] {logging_mixin.py:188} INFO - [2024-05-12T00:38:45.378+0000] {dagbag.py:545} INFO - Filling up the DagBag from /home/airflow/.local/lib/python3.12/site-packages/airflow/example_dags/example_task_group_decorator.py
[2024-05-12T00:38:45.385+0000] {processor.py:840} INFO - DAG(s) 'example_task_group_decorator' retrieved from /home/airflow/.local/lib/python3.12/site-packages/airflow/example_dags/example_task_group_decorator.py
[2024-05-12T00:38:45.400+0000] {logging_mixin.py:188} INFO - [2024-05-12T00:38:45.399+0000] {dag.py:3096} INFO - Sync 1 DAGs
[2024-05-12T00:38:45.415+0000] {logging_mixin.py:188} INFO - [2024-05-12T00:38:45.415+0000] {dag.py:3954} INFO - Setting next_dagrun for example_task_group_decorator to 2024-05-11 00:00:00+00:00, run_after=2024-05-12 00:00:00+00:00
[2024-05-12T00:38:45.426+0000] {processor.py:183} INFO - Processing /home/airflow/.local/lib/python3.12/site-packages/airflow/example_dags/example_task_group_decorator.py took 0.052 seconds
[2024-05-12T00:39:16.016+0000] {processor.py:161} INFO - Started process (PID=5295) to work on /home/airflow/.local/lib/python3.12/site-packages/airflow/example_dags/example_task_group_decorator.py
[2024-05-12T00:39:16.016+0000] {processor.py:830} INFO - Processing file /home/airflow/.local/lib/python3.12/site-packages/airflow/example_dags/example_task_group_decorator.py for tasks to queue
[2024-05-12T00:39:16.017+0000] {logging_mixin.py:188} INFO - [2024-05-12T00:39:16.017+0000] {dagbag.py:545} INFO - Filling up the DagBag from /home/airflow/.local/lib/python3.12/site-packages/airflow/example_dags/example_task_group_decorator.py
[2024-05-12T00:39:16.024+0000] {processor.py:840} INFO - DAG(s) 'example_task_group_decorator' retrieved from /home/airflow/.local/lib/python3.12/site-packages/airflow/example_dags/example_task_group_decorator.py
[2024-05-12T00:39:16.037+0000] {logging_mixin.py:188} INFO - [2024-05-12T00:39:16.037+0000] {dag.py:3096} INFO - Sync 1 DAGs
[2024-05-12T00:39:16.049+0000] {logging_mixin.py:188} INFO - [2024-05-12T00:39:16.049+0000] {dag.py:3954} INFO - Setting next_dagrun for example_task_group_decorator to 2024-05-11 00:00:00+00:00, run_after=2024-05-12 00:00:00+00:00
[2024-05-12T00:39:16.060+0000] {processor.py:183} INFO - Processing /home/airflow/.local/lib/python3.12/site-packages/airflow/example_dags/example_task_group_decorator.py took 0.047 seconds
[2024-05-12T00:39:46.868+0000] {processor.py:161} INFO - Started process (PID=5556) to work on /home/airflow/.local/lib/python3.12/site-packages/airflow/example_dags/example_task_group_decorator.py
[2024-05-12T00:39:46.869+0000] {processor.py:830} INFO - Processing file /home/airflow/.local/lib/python3.12/site-packages/airflow/example_dags/example_task_group_decorator.py for tasks to queue
[2024-05-12T00:39:46.870+0000] {logging_mixin.py:188} INFO - [2024-05-12T00:39:46.870+0000] {dagbag.py:545} INFO - Filling up the DagBag from /home/airflow/.local/lib/python3.12/site-packages/airflow/example_dags/example_task_group_decorator.py
[2024-05-12T00:39:46.877+0000] {processor.py:840} INFO - DAG(s) 'example_task_group_decorator' retrieved from /home/airflow/.local/lib/python3.12/site-packages/airflow/example_dags/example_task_group_decorator.py
[2024-05-12T00:39:46.889+0000] {logging_mixin.py:188} INFO - [2024-05-12T00:39:46.889+0000] {dag.py:3096} INFO - Sync 1 DAGs
[2024-05-12T00:39:46.899+0000] {logging_mixin.py:188} INFO - [2024-05-12T00:39:46.899+0000] {dag.py:3954} INFO - Setting next_dagrun for example_task_group_decorator to 2024-05-11 00:00:00+00:00, run_after=2024-05-12 00:00:00+00:00
[2024-05-12T00:39:46.907+0000] {processor.py:183} INFO - Processing /home/airflow/.local/lib/python3.12/site-packages/airflow/example_dags/example_task_group_decorator.py took 0.042 seconds
[2024-05-12T00:40:17.615+0000] {processor.py:161} INFO - Started process (PID=5818) to work on /home/airflow/.local/lib/python3.12/site-packages/airflow/example_dags/example_task_group_decorator.py
[2024-05-12T00:40:17.616+0000] {processor.py:830} INFO - Processing file /home/airflow/.local/lib/python3.12/site-packages/airflow/example_dags/example_task_group_decorator.py for tasks to queue
[2024-05-12T00:40:17.617+0000] {logging_mixin.py:188} INFO - [2024-05-12T00:40:17.617+0000] {dagbag.py:545} INFO - Filling up the DagBag from /home/airflow/.local/lib/python3.12/site-packages/airflow/example_dags/example_task_group_decorator.py
[2024-05-12T00:40:17.623+0000] {processor.py:840} INFO - DAG(s) 'example_task_group_decorator' retrieved from /home/airflow/.local/lib/python3.12/site-packages/airflow/example_dags/example_task_group_decorator.py
[2024-05-12T00:40:17.636+0000] {logging_mixin.py:188} INFO - [2024-05-12T00:40:17.635+0000] {dag.py:3096} INFO - Sync 1 DAGs
[2024-05-12T00:40:17.646+0000] {logging_mixin.py:188} INFO - [2024-05-12T00:40:17.646+0000] {dag.py:3954} INFO - Setting next_dagrun for example_task_group_decorator to 2024-05-11 00:00:00+00:00, run_after=2024-05-12 00:00:00+00:00
[2024-05-12T00:40:17.656+0000] {processor.py:183} INFO - Processing /home/airflow/.local/lib/python3.12/site-packages/airflow/example_dags/example_task_group_decorator.py took 0.044 seconds
[2024-05-12T00:40:48.434+0000] {processor.py:161} INFO - Started process (PID=6082) to work on /home/airflow/.local/lib/python3.12/site-packages/airflow/example_dags/example_task_group_decorator.py
[2024-05-12T00:40:48.435+0000] {processor.py:830} INFO - Processing file /home/airflow/.local/lib/python3.12/site-packages/airflow/example_dags/example_task_group_decorator.py for tasks to queue
[2024-05-12T00:40:48.436+0000] {logging_mixin.py:188} INFO - [2024-05-12T00:40:48.435+0000] {dagbag.py:545} INFO - Filling up the DagBag from /home/airflow/.local/lib/python3.12/site-packages/airflow/example_dags/example_task_group_decorator.py
[2024-05-12T00:40:48.442+0000] {processor.py:840} INFO - DAG(s) 'example_task_group_decorator' retrieved from /home/airflow/.local/lib/python3.12/site-packages/airflow/example_dags/example_task_group_decorator.py
[2024-05-12T00:40:48.453+0000] {logging_mixin.py:188} INFO - [2024-05-12T00:40:48.453+0000] {dag.py:3096} INFO - Sync 1 DAGs
[2024-05-12T00:40:48.463+0000] {logging_mixin.py:188} INFO - [2024-05-12T00:40:48.463+0000] {dag.py:3954} INFO - Setting next_dagrun for example_task_group_decorator to 2024-05-11 00:00:00+00:00, run_after=2024-05-12 00:00:00+00:00
[2024-05-12T00:40:48.472+0000] {processor.py:183} INFO - Processing /home/airflow/.local/lib/python3.12/site-packages/airflow/example_dags/example_task_group_decorator.py took 0.040 seconds
[2024-05-12T00:41:19.190+0000] {processor.py:161} INFO - Started process (PID=6342) to work on /home/airflow/.local/lib/python3.12/site-packages/airflow/example_dags/example_task_group_decorator.py
[2024-05-12T00:41:19.191+0000] {processor.py:830} INFO - Processing file /home/airflow/.local/lib/python3.12/site-packages/airflow/example_dags/example_task_group_decorator.py for tasks to queue
[2024-05-12T00:41:19.192+0000] {logging_mixin.py:188} INFO - [2024-05-12T00:41:19.192+0000] {dagbag.py:545} INFO - Filling up the DagBag from /home/airflow/.local/lib/python3.12/site-packages/airflow/example_dags/example_task_group_decorator.py
[2024-05-12T00:41:19.198+0000] {processor.py:840} INFO - DAG(s) 'example_task_group_decorator' retrieved from /home/airflow/.local/lib/python3.12/site-packages/airflow/example_dags/example_task_group_decorator.py
[2024-05-12T00:41:19.211+0000] {logging_mixin.py:188} INFO - [2024-05-12T00:41:19.211+0000] {dag.py:3096} INFO - Sync 1 DAGs
[2024-05-12T00:41:19.223+0000] {logging_mixin.py:188} INFO - [2024-05-12T00:41:19.223+0000] {dag.py:3954} INFO - Setting next_dagrun for example_task_group_decorator to 2024-05-11 00:00:00+00:00, run_after=2024-05-12 00:00:00+00:00
[2024-05-12T00:41:19.234+0000] {processor.py:183} INFO - Processing /home/airflow/.local/lib/python3.12/site-packages/airflow/example_dags/example_task_group_decorator.py took 0.047 seconds
[2024-05-12T00:41:49.911+0000] {processor.py:161} INFO - Started process (PID=6604) to work on /home/airflow/.local/lib/python3.12/site-packages/airflow/example_dags/example_task_group_decorator.py
[2024-05-12T00:41:49.912+0000] {processor.py:830} INFO - Processing file /home/airflow/.local/lib/python3.12/site-packages/airflow/example_dags/example_task_group_decorator.py for tasks to queue
[2024-05-12T00:41:49.913+0000] {logging_mixin.py:188} INFO - [2024-05-12T00:41:49.913+0000] {dagbag.py:545} INFO - Filling up the DagBag from /home/airflow/.local/lib/python3.12/site-packages/airflow/example_dags/example_task_group_decorator.py
[2024-05-12T00:41:49.919+0000] {processor.py:840} INFO - DAG(s) 'example_task_group_decorator' retrieved from /home/airflow/.local/lib/python3.12/site-packages/airflow/example_dags/example_task_group_decorator.py
[2024-05-12T00:41:49.931+0000] {logging_mixin.py:188} INFO - [2024-05-12T00:41:49.931+0000] {dag.py:3096} INFO - Sync 1 DAGs
[2024-05-12T00:41:49.941+0000] {logging_mixin.py:188} INFO - [2024-05-12T00:41:49.941+0000] {dag.py:3954} INFO - Setting next_dagrun for example_task_group_decorator to 2024-05-11 00:00:00+00:00, run_after=2024-05-12 00:00:00+00:00
[2024-05-12T00:41:49.951+0000] {processor.py:183} INFO - Processing /home/airflow/.local/lib/python3.12/site-packages/airflow/example_dags/example_task_group_decorator.py took 0.043 seconds
[2024-05-12T00:42:20.568+0000] {processor.py:161} INFO - Started process (PID=6868) to work on /home/airflow/.local/lib/python3.12/site-packages/airflow/example_dags/example_task_group_decorator.py
[2024-05-12T00:42:20.569+0000] {processor.py:830} INFO - Processing file /home/airflow/.local/lib/python3.12/site-packages/airflow/example_dags/example_task_group_decorator.py for tasks to queue
[2024-05-12T00:42:20.570+0000] {logging_mixin.py:188} INFO - [2024-05-12T00:42:20.569+0000] {dagbag.py:545} INFO - Filling up the DagBag from /home/airflow/.local/lib/python3.12/site-packages/airflow/example_dags/example_task_group_decorator.py
[2024-05-12T00:42:20.576+0000] {processor.py:840} INFO - DAG(s) 'example_task_group_decorator' retrieved from /home/airflow/.local/lib/python3.12/site-packages/airflow/example_dags/example_task_group_decorator.py
[2024-05-12T00:42:20.588+0000] {logging_mixin.py:188} INFO - [2024-05-12T00:42:20.588+0000] {dag.py:3096} INFO - Sync 1 DAGs
[2024-05-12T00:42:20.598+0000] {logging_mixin.py:188} INFO - [2024-05-12T00:42:20.598+0000] {dag.py:3954} INFO - Setting next_dagrun for example_task_group_decorator to 2024-05-11 00:00:00+00:00, run_after=2024-05-12 00:00:00+00:00
[2024-05-12T00:42:20.606+0000] {processor.py:183} INFO - Processing /home/airflow/.local/lib/python3.12/site-packages/airflow/example_dags/example_task_group_decorator.py took 0.041 seconds
[2024-05-12T00:42:51.377+0000] {processor.py:161} INFO - Started process (PID=7128) to work on /home/airflow/.local/lib/python3.12/site-packages/airflow/example_dags/example_task_group_decorator.py
[2024-05-12T00:42:51.378+0000] {processor.py:830} INFO - Processing file /home/airflow/.local/lib/python3.12/site-packages/airflow/example_dags/example_task_group_decorator.py for tasks to queue
[2024-05-12T00:42:51.379+0000] {logging_mixin.py:188} INFO - [2024-05-12T00:42:51.379+0000] {dagbag.py:545} INFO - Filling up the DagBag from /home/airflow/.local/lib/python3.12/site-packages/airflow/example_dags/example_task_group_decorator.py
[2024-05-12T00:42:51.385+0000] {processor.py:840} INFO - DAG(s) 'example_task_group_decorator' retrieved from /home/airflow/.local/lib/python3.12/site-packages/airflow/example_dags/example_task_group_decorator.py
[2024-05-12T00:42:51.397+0000] {logging_mixin.py:188} INFO - [2024-05-12T00:42:51.397+0000] {dag.py:3096} INFO - Sync 1 DAGs
[2024-05-12T00:42:51.407+0000] {logging_mixin.py:188} INFO - [2024-05-12T00:42:51.407+0000] {dag.py:3954} INFO - Setting next_dagrun for example_task_group_decorator to 2024-05-11 00:00:00+00:00, run_after=2024-05-12 00:00:00+00:00
[2024-05-12T00:42:51.415+0000] {processor.py:183} INFO - Processing /home/airflow/.local/lib/python3.12/site-packages/airflow/example_dags/example_task_group_decorator.py took 0.041 seconds
[2024-05-12T00:43:22.141+0000] {processor.py:161} INFO - Started process (PID=7390) to work on /home/airflow/.local/lib/python3.12/site-packages/airflow/example_dags/example_task_group_decorator.py
[2024-05-12T00:43:22.141+0000] {processor.py:830} INFO - Processing file /home/airflow/.local/lib/python3.12/site-packages/airflow/example_dags/example_task_group_decorator.py for tasks to queue
[2024-05-12T00:43:22.143+0000] {logging_mixin.py:188} INFO - [2024-05-12T00:43:22.142+0000] {dagbag.py:545} INFO - Filling up the DagBag from /home/airflow/.local/lib/python3.12/site-packages/airflow/example_dags/example_task_group_decorator.py
[2024-05-12T00:43:22.149+0000] {processor.py:840} INFO - DAG(s) 'example_task_group_decorator' retrieved from /home/airflow/.local/lib/python3.12/site-packages/airflow/example_dags/example_task_group_decorator.py
[2024-05-12T00:43:22.161+0000] {logging_mixin.py:188} INFO - [2024-05-12T00:43:22.161+0000] {dag.py:3096} INFO - Sync 1 DAGs
[2024-05-12T00:43:22.172+0000] {logging_mixin.py:188} INFO - [2024-05-12T00:43:22.172+0000] {dag.py:3954} INFO - Setting next_dagrun for example_task_group_decorator to 2024-05-11 00:00:00+00:00, run_after=2024-05-12 00:00:00+00:00
[2024-05-12T00:43:22.180+0000] {processor.py:183} INFO - Processing /home/airflow/.local/lib/python3.12/site-packages/airflow/example_dags/example_task_group_decorator.py took 0.042 seconds
[2024-05-12T00:43:52.885+0000] {processor.py:161} INFO - Started process (PID=7652) to work on /home/airflow/.local/lib/python3.12/site-packages/airflow/example_dags/example_task_group_decorator.py
[2024-05-12T00:43:52.885+0000] {processor.py:830} INFO - Processing file /home/airflow/.local/lib/python3.12/site-packages/airflow/example_dags/example_task_group_decorator.py for tasks to queue
[2024-05-12T00:43:52.886+0000] {logging_mixin.py:188} INFO - [2024-05-12T00:43:52.886+0000] {dagbag.py:545} INFO - Filling up the DagBag from /home/airflow/.local/lib/python3.12/site-packages/airflow/example_dags/example_task_group_decorator.py
[2024-05-12T00:43:52.892+0000] {processor.py:840} INFO - DAG(s) 'example_task_group_decorator' retrieved from /home/airflow/.local/lib/python3.12/site-packages/airflow/example_dags/example_task_group_decorator.py
[2024-05-12T00:43:52.904+0000] {logging_mixin.py:188} INFO - [2024-05-12T00:43:52.904+0000] {dag.py:3096} INFO - Sync 1 DAGs
[2024-05-12T00:43:52.914+0000] {logging_mixin.py:188} INFO - [2024-05-12T00:43:52.914+0000] {dag.py:3954} INFO - Setting next_dagrun for example_task_group_decorator to 2024-05-11 00:00:00+00:00, run_after=2024-05-12 00:00:00+00:00
[2024-05-12T00:43:52.923+0000] {processor.py:183} INFO - Processing /home/airflow/.local/lib/python3.12/site-packages/airflow/example_dags/example_task_group_decorator.py took 0.042 seconds
[2024-05-12T00:44:23.609+0000] {processor.py:161} INFO - Started process (PID=7913) to work on /home/airflow/.local/lib/python3.12/site-packages/airflow/example_dags/example_task_group_decorator.py
[2024-05-12T00:44:23.609+0000] {processor.py:830} INFO - Processing file /home/airflow/.local/lib/python3.12/site-packages/airflow/example_dags/example_task_group_decorator.py for tasks to queue
[2024-05-12T00:44:23.610+0000] {logging_mixin.py:188} INFO - [2024-05-12T00:44:23.610+0000] {dagbag.py:545} INFO - Filling up the DagBag from /home/airflow/.local/lib/python3.12/site-packages/airflow/example_dags/example_task_group_decorator.py
[2024-05-12T00:44:23.617+0000] {processor.py:840} INFO - DAG(s) 'example_task_group_decorator' retrieved from /home/airflow/.local/lib/python3.12/site-packages/airflow/example_dags/example_task_group_decorator.py
[2024-05-12T00:44:23.629+0000] {logging_mixin.py:188} INFO - [2024-05-12T00:44:23.629+0000] {dag.py:3096} INFO - Sync 1 DAGs
[2024-05-12T00:44:23.640+0000] {logging_mixin.py:188} INFO - [2024-05-12T00:44:23.640+0000] {dag.py:3954} INFO - Setting next_dagrun for example_task_group_decorator to 2024-05-11 00:00:00+00:00, run_after=2024-05-12 00:00:00+00:00
[2024-05-12T00:44:23.650+0000] {processor.py:183} INFO - Processing /home/airflow/.local/lib/python3.12/site-packages/airflow/example_dags/example_task_group_decorator.py took 0.045 seconds
[2024-05-12T00:44:54.461+0000] {processor.py:161} INFO - Started process (PID=8177) to work on /home/airflow/.local/lib/python3.12/site-packages/airflow/example_dags/example_task_group_decorator.py
[2024-05-12T00:44:54.462+0000] {processor.py:830} INFO - Processing file /home/airflow/.local/lib/python3.12/site-packages/airflow/example_dags/example_task_group_decorator.py for tasks to queue
[2024-05-12T00:44:54.463+0000] {logging_mixin.py:188} INFO - [2024-05-12T00:44:54.463+0000] {dagbag.py:545} INFO - Filling up the DagBag from /home/airflow/.local/lib/python3.12/site-packages/airflow/example_dags/example_task_group_decorator.py
[2024-05-12T00:44:54.469+0000] {processor.py:840} INFO - DAG(s) 'example_task_group_decorator' retrieved from /home/airflow/.local/lib/python3.12/site-packages/airflow/example_dags/example_task_group_decorator.py
[2024-05-12T00:44:54.482+0000] {logging_mixin.py:188} INFO - [2024-05-12T00:44:54.482+0000] {dag.py:3096} INFO - Sync 1 DAGs
[2024-05-12T00:44:54.493+0000] {logging_mixin.py:188} INFO - [2024-05-12T00:44:54.493+0000] {dag.py:3954} INFO - Setting next_dagrun for example_task_group_decorator to 2024-05-11 00:00:00+00:00, run_after=2024-05-12 00:00:00+00:00
[2024-05-12T00:44:54.502+0000] {processor.py:183} INFO - Processing /home/airflow/.local/lib/python3.12/site-packages/airflow/example_dags/example_task_group_decorator.py took 0.044 seconds
[2024-05-12T00:45:25.128+0000] {processor.py:161} INFO - Started process (PID=8436) to work on /home/airflow/.local/lib/python3.12/site-packages/airflow/example_dags/example_task_group_decorator.py
[2024-05-12T00:45:25.129+0000] {processor.py:830} INFO - Processing file /home/airflow/.local/lib/python3.12/site-packages/airflow/example_dags/example_task_group_decorator.py for tasks to queue
[2024-05-12T00:45:25.129+0000] {logging_mixin.py:188} INFO - [2024-05-12T00:45:25.129+0000] {dagbag.py:545} INFO - Filling up the DagBag from /home/airflow/.local/lib/python3.12/site-packages/airflow/example_dags/example_task_group_decorator.py
[2024-05-12T00:45:25.135+0000] {processor.py:840} INFO - DAG(s) 'example_task_group_decorator' retrieved from /home/airflow/.local/lib/python3.12/site-packages/airflow/example_dags/example_task_group_decorator.py
[2024-05-12T00:45:25.148+0000] {logging_mixin.py:188} INFO - [2024-05-12T00:45:25.148+0000] {dag.py:3096} INFO - Sync 1 DAGs
[2024-05-12T00:45:25.159+0000] {logging_mixin.py:188} INFO - [2024-05-12T00:45:25.159+0000] {dag.py:3954} INFO - Setting next_dagrun for example_task_group_decorator to 2024-05-11 00:00:00+00:00, run_after=2024-05-12 00:00:00+00:00
[2024-05-12T00:45:25.167+0000] {processor.py:183} INFO - Processing /home/airflow/.local/lib/python3.12/site-packages/airflow/example_dags/example_task_group_decorator.py took 0.042 seconds
[2024-05-12T00:45:55.834+0000] {processor.py:161} INFO - Started process (PID=8698) to work on /home/airflow/.local/lib/python3.12/site-packages/airflow/example_dags/example_task_group_decorator.py
[2024-05-12T00:45:55.835+0000] {processor.py:830} INFO - Processing file /home/airflow/.local/lib/python3.12/site-packages/airflow/example_dags/example_task_group_decorator.py for tasks to queue
[2024-05-12T00:45:55.836+0000] {logging_mixin.py:188} INFO - [2024-05-12T00:45:55.836+0000] {dagbag.py:545} INFO - Filling up the DagBag from /home/airflow/.local/lib/python3.12/site-packages/airflow/example_dags/example_task_group_decorator.py
[2024-05-12T00:45:55.843+0000] {processor.py:840} INFO - DAG(s) 'example_task_group_decorator' retrieved from /home/airflow/.local/lib/python3.12/site-packages/airflow/example_dags/example_task_group_decorator.py
[2024-05-12T00:45:55.855+0000] {logging_mixin.py:188} INFO - [2024-05-12T00:45:55.855+0000] {dag.py:3096} INFO - Sync 1 DAGs
[2024-05-12T00:45:55.867+0000] {logging_mixin.py:188} INFO - [2024-05-12T00:45:55.867+0000] {dag.py:3954} INFO - Setting next_dagrun for example_task_group_decorator to 2024-05-11 00:00:00+00:00, run_after=2024-05-12 00:00:00+00:00
[2024-05-12T00:45:55.876+0000] {processor.py:183} INFO - Processing /home/airflow/.local/lib/python3.12/site-packages/airflow/example_dags/example_task_group_decorator.py took 0.044 seconds
[2024-05-12T00:46:26.653+0000] {processor.py:161} INFO - Started process (PID=8960) to work on /home/airflow/.local/lib/python3.12/site-packages/airflow/example_dags/example_task_group_decorator.py
[2024-05-12T00:46:26.654+0000] {processor.py:830} INFO - Processing file /home/airflow/.local/lib/python3.12/site-packages/airflow/example_dags/example_task_group_decorator.py for tasks to queue
[2024-05-12T00:46:26.656+0000] {logging_mixin.py:188} INFO - [2024-05-12T00:46:26.656+0000] {dagbag.py:545} INFO - Filling up the DagBag from /home/airflow/.local/lib/python3.12/site-packages/airflow/example_dags/example_task_group_decorator.py
[2024-05-12T00:46:26.666+0000] {processor.py:840} INFO - DAG(s) 'example_task_group_decorator' retrieved from /home/airflow/.local/lib/python3.12/site-packages/airflow/example_dags/example_task_group_decorator.py
[2024-05-12T00:46:26.677+0000] {logging_mixin.py:188} INFO - [2024-05-12T00:46:26.677+0000] {dag.py:3096} INFO - Sync 1 DAGs
[2024-05-12T00:46:26.688+0000] {logging_mixin.py:188} INFO - [2024-05-12T00:46:26.688+0000] {dag.py:3954} INFO - Setting next_dagrun for example_task_group_decorator to 2024-05-11 00:00:00+00:00, run_after=2024-05-12 00:00:00+00:00
[2024-05-12T00:46:26.696+0000] {processor.py:183} INFO - Processing /home/airflow/.local/lib/python3.12/site-packages/airflow/example_dags/example_task_group_decorator.py took 0.048 seconds
[2024-05-12T00:46:57.569+0000] {processor.py:161} INFO - Started process (PID=9224) to work on /home/airflow/.local/lib/python3.12/site-packages/airflow/example_dags/example_task_group_decorator.py
[2024-05-12T00:46:57.570+0000] {processor.py:830} INFO - Processing file /home/airflow/.local/lib/python3.12/site-packages/airflow/example_dags/example_task_group_decorator.py for tasks to queue
[2024-05-12T00:46:57.571+0000] {logging_mixin.py:188} INFO - [2024-05-12T00:46:57.570+0000] {dagbag.py:545} INFO - Filling up the DagBag from /home/airflow/.local/lib/python3.12/site-packages/airflow/example_dags/example_task_group_decorator.py
[2024-05-12T00:46:57.577+0000] {processor.py:840} INFO - DAG(s) 'example_task_group_decorator' retrieved from /home/airflow/.local/lib/python3.12/site-packages/airflow/example_dags/example_task_group_decorator.py
[2024-05-12T00:46:57.588+0000] {logging_mixin.py:188} INFO - [2024-05-12T00:46:57.588+0000] {dag.py:3096} INFO - Sync 1 DAGs
[2024-05-12T00:46:57.598+0000] {logging_mixin.py:188} INFO - [2024-05-12T00:46:57.598+0000] {dag.py:3954} INFO - Setting next_dagrun for example_task_group_decorator to 2024-05-11 00:00:00+00:00, run_after=2024-05-12 00:00:00+00:00
[2024-05-12T00:46:57.606+0000] {processor.py:183} INFO - Processing /home/airflow/.local/lib/python3.12/site-packages/airflow/example_dags/example_task_group_decorator.py took 0.040 seconds
[2024-05-12T00:47:28.385+0000] {processor.py:161} INFO - Started process (PID=9483) to work on /home/airflow/.local/lib/python3.12/site-packages/airflow/example_dags/example_task_group_decorator.py
[2024-05-12T00:47:28.386+0000] {processor.py:830} INFO - Processing file /home/airflow/.local/lib/python3.12/site-packages/airflow/example_dags/example_task_group_decorator.py for tasks to queue
[2024-05-12T00:47:28.387+0000] {logging_mixin.py:188} INFO - [2024-05-12T00:47:28.387+0000] {dagbag.py:545} INFO - Filling up the DagBag from /home/airflow/.local/lib/python3.12/site-packages/airflow/example_dags/example_task_group_decorator.py
[2024-05-12T00:47:28.393+0000] {processor.py:840} INFO - DAG(s) 'example_task_group_decorator' retrieved from /home/airflow/.local/lib/python3.12/site-packages/airflow/example_dags/example_task_group_decorator.py
[2024-05-12T00:47:28.405+0000] {logging_mixin.py:188} INFO - [2024-05-12T00:47:28.405+0000] {dag.py:3096} INFO - Sync 1 DAGs
[2024-05-12T00:47:28.415+0000] {logging_mixin.py:188} INFO - [2024-05-12T00:47:28.415+0000] {dag.py:3954} INFO - Setting next_dagrun for example_task_group_decorator to 2024-05-11 00:00:00+00:00, run_after=2024-05-12 00:00:00+00:00
[2024-05-12T00:47:28.423+0000] {processor.py:183} INFO - Processing /home/airflow/.local/lib/python3.12/site-packages/airflow/example_dags/example_task_group_decorator.py took 0.041 seconds
[2024-05-12T00:47:59.189+0000] {processor.py:161} INFO - Started process (PID=9745) to work on /home/airflow/.local/lib/python3.12/site-packages/airflow/example_dags/example_task_group_decorator.py
[2024-05-12T00:47:59.190+0000] {processor.py:830} INFO - Processing file /home/airflow/.local/lib/python3.12/site-packages/airflow/example_dags/example_task_group_decorator.py for tasks to queue
[2024-05-12T00:47:59.191+0000] {logging_mixin.py:188} INFO - [2024-05-12T00:47:59.191+0000] {dagbag.py:545} INFO - Filling up the DagBag from /home/airflow/.local/lib/python3.12/site-packages/airflow/example_dags/example_task_group_decorator.py
[2024-05-12T00:47:59.198+0000] {processor.py:840} INFO - DAG(s) 'example_task_group_decorator' retrieved from /home/airflow/.local/lib/python3.12/site-packages/airflow/example_dags/example_task_group_decorator.py
[2024-05-12T00:47:59.210+0000] {logging_mixin.py:188} INFO - [2024-05-12T00:47:59.210+0000] {dag.py:3096} INFO - Sync 1 DAGs
[2024-05-12T00:47:59.223+0000] {logging_mixin.py:188} INFO - [2024-05-12T00:47:59.223+0000] {dag.py:3954} INFO - Setting next_dagrun for example_task_group_decorator to 2024-05-11 00:00:00+00:00, run_after=2024-05-12 00:00:00+00:00
[2024-05-12T00:47:59.232+0000] {processor.py:183} INFO - Processing /home/airflow/.local/lib/python3.12/site-packages/airflow/example_dags/example_task_group_decorator.py took 0.047 seconds
[2024-05-12T00:48:29.990+0000] {processor.py:161} INFO - Started process (PID=10007) to work on /home/airflow/.local/lib/python3.12/site-packages/airflow/example_dags/example_task_group_decorator.py
[2024-05-12T00:48:29.990+0000] {processor.py:830} INFO - Processing file /home/airflow/.local/lib/python3.12/site-packages/airflow/example_dags/example_task_group_decorator.py for tasks to queue
[2024-05-12T00:48:29.991+0000] {logging_mixin.py:188} INFO - [2024-05-12T00:48:29.991+0000] {dagbag.py:545} INFO - Filling up the DagBag from /home/airflow/.local/lib/python3.12/site-packages/airflow/example_dags/example_task_group_decorator.py
[2024-05-12T00:48:29.998+0000] {processor.py:840} INFO - DAG(s) 'example_task_group_decorator' retrieved from /home/airflow/.local/lib/python3.12/site-packages/airflow/example_dags/example_task_group_decorator.py
[2024-05-12T00:48:30.012+0000] {logging_mixin.py:188} INFO - [2024-05-12T00:48:30.011+0000] {dag.py:3096} INFO - Sync 1 DAGs
[2024-05-12T00:48:30.022+0000] {logging_mixin.py:188} INFO - [2024-05-12T00:48:30.022+0000] {dag.py:3954} INFO - Setting next_dagrun for example_task_group_decorator to 2024-05-11 00:00:00+00:00, run_after=2024-05-12 00:00:00+00:00
[2024-05-12T00:48:30.032+0000] {processor.py:183} INFO - Processing /home/airflow/.local/lib/python3.12/site-packages/airflow/example_dags/example_task_group_decorator.py took 0.045 seconds
[2024-05-12T00:49:00.138+0000] {processor.py:161} INFO - Started process (PID=10269) to work on /home/airflow/.local/lib/python3.12/site-packages/airflow/example_dags/example_task_group_decorator.py
[2024-05-12T00:49:00.138+0000] {processor.py:830} INFO - Processing file /home/airflow/.local/lib/python3.12/site-packages/airflow/example_dags/example_task_group_decorator.py for tasks to queue
[2024-05-12T00:49:00.139+0000] {logging_mixin.py:188} INFO - [2024-05-12T00:49:00.139+0000] {dagbag.py:545} INFO - Filling up the DagBag from /home/airflow/.local/lib/python3.12/site-packages/airflow/example_dags/example_task_group_decorator.py
[2024-05-12T00:49:00.146+0000] {processor.py:840} INFO - DAG(s) 'example_task_group_decorator' retrieved from /home/airflow/.local/lib/python3.12/site-packages/airflow/example_dags/example_task_group_decorator.py
[2024-05-12T00:49:00.158+0000] {logging_mixin.py:188} INFO - [2024-05-12T00:49:00.158+0000] {dag.py:3096} INFO - Sync 1 DAGs
[2024-05-12T00:49:00.168+0000] {logging_mixin.py:188} INFO - [2024-05-12T00:49:00.168+0000] {dag.py:3954} INFO - Setting next_dagrun for example_task_group_decorator to 2024-05-11 00:00:00+00:00, run_after=2024-05-12 00:00:00+00:00
[2024-05-12T00:49:00.176+0000] {processor.py:183} INFO - Processing /home/airflow/.local/lib/python3.12/site-packages/airflow/example_dags/example_task_group_decorator.py took 0.042 seconds
[2024-05-12T01:06:45.970+0000] {processor.py:161} INFO - Started process (PID=10533) to work on /home/airflow/.local/lib/python3.12/site-packages/airflow/example_dags/example_task_group_decorator.py
[2024-05-12T01:06:45.970+0000] {processor.py:830} INFO - Processing file /home/airflow/.local/lib/python3.12/site-packages/airflow/example_dags/example_task_group_decorator.py for tasks to queue
[2024-05-12T01:06:45.971+0000] {logging_mixin.py:188} INFO - [2024-05-12T01:06:45.971+0000] {dagbag.py:545} INFO - Filling up the DagBag from /home/airflow/.local/lib/python3.12/site-packages/airflow/example_dags/example_task_group_decorator.py
[2024-05-12T01:06:45.977+0000] {processor.py:840} INFO - DAG(s) 'example_task_group_decorator' retrieved from /home/airflow/.local/lib/python3.12/site-packages/airflow/example_dags/example_task_group_decorator.py
[2024-05-12T01:06:45.989+0000] {logging_mixin.py:188} INFO - [2024-05-12T01:06:45.989+0000] {dag.py:3096} INFO - Sync 1 DAGs
[2024-05-12T01:06:45.998+0000] {logging_mixin.py:188} INFO - [2024-05-12T01:06:45.998+0000] {dag.py:3954} INFO - Setting next_dagrun for example_task_group_decorator to 2024-05-11 00:00:00+00:00, run_after=2024-05-12 00:00:00+00:00
[2024-05-12T01:06:46.005+0000] {processor.py:183} INFO - Processing /home/airflow/.local/lib/python3.12/site-packages/airflow/example_dags/example_task_group_decorator.py took 0.038 seconds
[2024-05-12T01:10:18.207+0000] {processor.py:161} INFO - Started process (PID=10794) to work on /home/airflow/.local/lib/python3.12/site-packages/airflow/example_dags/example_task_group_decorator.py
[2024-05-12T01:10:18.207+0000] {processor.py:830} INFO - Processing file /home/airflow/.local/lib/python3.12/site-packages/airflow/example_dags/example_task_group_decorator.py for tasks to queue
[2024-05-12T01:10:18.209+0000] {logging_mixin.py:188} INFO - [2024-05-12T01:10:18.209+0000] {dagbag.py:545} INFO - Filling up the DagBag from /home/airflow/.local/lib/python3.12/site-packages/airflow/example_dags/example_task_group_decorator.py
[2024-05-12T01:10:18.216+0000] {processor.py:840} INFO - DAG(s) 'example_task_group_decorator' retrieved from /home/airflow/.local/lib/python3.12/site-packages/airflow/example_dags/example_task_group_decorator.py
[2024-05-12T01:10:18.229+0000] {logging_mixin.py:188} INFO - [2024-05-12T01:10:18.229+0000] {dag.py:3096} INFO - Sync 1 DAGs
[2024-05-12T01:10:18.240+0000] {logging_mixin.py:188} INFO - [2024-05-12T01:10:18.239+0000] {dag.py:3954} INFO - Setting next_dagrun for example_task_group_decorator to 2024-05-11 00:00:00+00:00, run_after=2024-05-12 00:00:00+00:00
[2024-05-12T01:10:18.249+0000] {processor.py:183} INFO - Processing /home/airflow/.local/lib/python3.12/site-packages/airflow/example_dags/example_task_group_decorator.py took 0.046 seconds
[2024-05-12T01:10:49.588+0000] {processor.py:161} INFO - Started process (PID=11056) to work on /home/airflow/.local/lib/python3.12/site-packages/airflow/example_dags/example_task_group_decorator.py
[2024-05-12T01:10:49.588+0000] {processor.py:830} INFO - Processing file /home/airflow/.local/lib/python3.12/site-packages/airflow/example_dags/example_task_group_decorator.py for tasks to queue
[2024-05-12T01:10:49.589+0000] {logging_mixin.py:188} INFO - [2024-05-12T01:10:49.589+0000] {dagbag.py:545} INFO - Filling up the DagBag from /home/airflow/.local/lib/python3.12/site-packages/airflow/example_dags/example_task_group_decorator.py
[2024-05-12T01:10:49.596+0000] {processor.py:840} INFO - DAG(s) 'example_task_group_decorator' retrieved from /home/airflow/.local/lib/python3.12/site-packages/airflow/example_dags/example_task_group_decorator.py
[2024-05-12T01:10:49.693+0000] {logging_mixin.py:188} INFO - [2024-05-12T01:10:49.693+0000] {dag.py:3096} INFO - Sync 1 DAGs
[2024-05-12T01:10:49.703+0000] {logging_mixin.py:188} INFO - [2024-05-12T01:10:49.703+0000] {dag.py:3954} INFO - Setting next_dagrun for example_task_group_decorator to 2024-05-11 00:00:00+00:00, run_after=2024-05-12 00:00:00+00:00
[2024-05-12T01:10:49.712+0000] {processor.py:183} INFO - Processing /home/airflow/.local/lib/python3.12/site-packages/airflow/example_dags/example_task_group_decorator.py took 0.128 seconds
[2024-05-12T01:11:19.744+0000] {processor.py:161} INFO - Started process (PID=11316) to work on /home/airflow/.local/lib/python3.12/site-packages/airflow/example_dags/example_task_group_decorator.py
[2024-05-12T01:11:19.745+0000] {processor.py:830} INFO - Processing file /home/airflow/.local/lib/python3.12/site-packages/airflow/example_dags/example_task_group_decorator.py for tasks to queue
[2024-05-12T01:11:19.746+0000] {logging_mixin.py:188} INFO - [2024-05-12T01:11:19.746+0000] {dagbag.py:545} INFO - Filling up the DagBag from /home/airflow/.local/lib/python3.12/site-packages/airflow/example_dags/example_task_group_decorator.py
[2024-05-12T01:11:19.752+0000] {processor.py:840} INFO - DAG(s) 'example_task_group_decorator' retrieved from /home/airflow/.local/lib/python3.12/site-packages/airflow/example_dags/example_task_group_decorator.py
[2024-05-12T01:11:19.766+0000] {logging_mixin.py:188} INFO - [2024-05-12T01:11:19.766+0000] {dag.py:3096} INFO - Sync 1 DAGs
[2024-05-12T01:11:19.872+0000] {logging_mixin.py:188} INFO - [2024-05-12T01:11:19.872+0000] {dag.py:3954} INFO - Setting next_dagrun for example_task_group_decorator to 2024-05-11 00:00:00+00:00, run_after=2024-05-12 00:00:00+00:00
[2024-05-12T01:11:19.880+0000] {processor.py:183} INFO - Processing /home/airflow/.local/lib/python3.12/site-packages/airflow/example_dags/example_task_group_decorator.py took 0.139 seconds
[2024-05-12T01:11:50.357+0000] {processor.py:161} INFO - Started process (PID=11578) to work on /home/airflow/.local/lib/python3.12/site-packages/airflow/example_dags/example_task_group_decorator.py
[2024-05-12T01:11:50.357+0000] {processor.py:830} INFO - Processing file /home/airflow/.local/lib/python3.12/site-packages/airflow/example_dags/example_task_group_decorator.py for tasks to queue
[2024-05-12T01:11:50.358+0000] {logging_mixin.py:188} INFO - [2024-05-12T01:11:50.358+0000] {dagbag.py:545} INFO - Filling up the DagBag from /home/airflow/.local/lib/python3.12/site-packages/airflow/example_dags/example_task_group_decorator.py
[2024-05-12T01:11:50.365+0000] {processor.py:840} INFO - DAG(s) 'example_task_group_decorator' retrieved from /home/airflow/.local/lib/python3.12/site-packages/airflow/example_dags/example_task_group_decorator.py
[2024-05-12T01:11:50.377+0000] {logging_mixin.py:188} INFO - [2024-05-12T01:11:50.377+0000] {dag.py:3096} INFO - Sync 1 DAGs
[2024-05-12T01:11:50.388+0000] {logging_mixin.py:188} INFO - [2024-05-12T01:11:50.388+0000] {dag.py:3954} INFO - Setting next_dagrun for example_task_group_decorator to 2024-05-11 00:00:00+00:00, run_after=2024-05-12 00:00:00+00:00
[2024-05-12T01:11:50.397+0000] {processor.py:183} INFO - Processing /home/airflow/.local/lib/python3.12/site-packages/airflow/example_dags/example_task_group_decorator.py took 0.044 seconds
[2024-05-12T01:12:21.300+0000] {processor.py:161} INFO - Started process (PID=11840) to work on /home/airflow/.local/lib/python3.12/site-packages/airflow/example_dags/example_task_group_decorator.py
[2024-05-12T01:12:21.300+0000] {processor.py:830} INFO - Processing file /home/airflow/.local/lib/python3.12/site-packages/airflow/example_dags/example_task_group_decorator.py for tasks to queue
[2024-05-12T01:12:21.301+0000] {logging_mixin.py:188} INFO - [2024-05-12T01:12:21.301+0000] {dagbag.py:545} INFO - Filling up the DagBag from /home/airflow/.local/lib/python3.12/site-packages/airflow/example_dags/example_task_group_decorator.py
[2024-05-12T01:12:21.308+0000] {processor.py:840} INFO - DAG(s) 'example_task_group_decorator' retrieved from /home/airflow/.local/lib/python3.12/site-packages/airflow/example_dags/example_task_group_decorator.py
[2024-05-12T01:12:21.321+0000] {logging_mixin.py:188} INFO - [2024-05-12T01:12:21.321+0000] {dag.py:3096} INFO - Sync 1 DAGs
[2024-05-12T01:12:21.331+0000] {logging_mixin.py:188} INFO - [2024-05-12T01:12:21.331+0000] {dag.py:3954} INFO - Setting next_dagrun for example_task_group_decorator to 2024-05-11 00:00:00+00:00, run_after=2024-05-12 00:00:00+00:00
[2024-05-12T01:12:21.340+0000] {processor.py:183} INFO - Processing /home/airflow/.local/lib/python3.12/site-packages/airflow/example_dags/example_task_group_decorator.py took 0.044 seconds
[2024-05-12T01:12:52.211+0000] {processor.py:161} INFO - Started process (PID=12102) to work on /home/airflow/.local/lib/python3.12/site-packages/airflow/example_dags/example_task_group_decorator.py
[2024-05-12T01:12:52.211+0000] {processor.py:830} INFO - Processing file /home/airflow/.local/lib/python3.12/site-packages/airflow/example_dags/example_task_group_decorator.py for tasks to queue
[2024-05-12T01:12:52.212+0000] {logging_mixin.py:188} INFO - [2024-05-12T01:12:52.212+0000] {dagbag.py:545} INFO - Filling up the DagBag from /home/airflow/.local/lib/python3.12/site-packages/airflow/example_dags/example_task_group_decorator.py
[2024-05-12T01:12:52.219+0000] {processor.py:840} INFO - DAG(s) 'example_task_group_decorator' retrieved from /home/airflow/.local/lib/python3.12/site-packages/airflow/example_dags/example_task_group_decorator.py
[2024-05-12T01:12:52.231+0000] {logging_mixin.py:188} INFO - [2024-05-12T01:12:52.230+0000] {dag.py:3096} INFO - Sync 1 DAGs
[2024-05-12T01:12:52.241+0000] {logging_mixin.py:188} INFO - [2024-05-12T01:12:52.241+0000] {dag.py:3954} INFO - Setting next_dagrun for example_task_group_decorator to 2024-05-11 00:00:00+00:00, run_after=2024-05-12 00:00:00+00:00
[2024-05-12T01:12:52.251+0000] {processor.py:183} INFO - Processing /home/airflow/.local/lib/python3.12/site-packages/airflow/example_dags/example_task_group_decorator.py took 0.043 seconds
[2024-05-12T01:13:23.083+0000] {processor.py:161} INFO - Started process (PID=12363) to work on /home/airflow/.local/lib/python3.12/site-packages/airflow/example_dags/example_task_group_decorator.py
[2024-05-12T01:13:23.083+0000] {processor.py:830} INFO - Processing file /home/airflow/.local/lib/python3.12/site-packages/airflow/example_dags/example_task_group_decorator.py for tasks to queue
[2024-05-12T01:13:23.084+0000] {logging_mixin.py:188} INFO - [2024-05-12T01:13:23.084+0000] {dagbag.py:545} INFO - Filling up the DagBag from /home/airflow/.local/lib/python3.12/site-packages/airflow/example_dags/example_task_group_decorator.py
[2024-05-12T01:13:23.091+0000] {processor.py:840} INFO - DAG(s) 'example_task_group_decorator' retrieved from /home/airflow/.local/lib/python3.12/site-packages/airflow/example_dags/example_task_group_decorator.py
[2024-05-12T01:13:23.104+0000] {logging_mixin.py:188} INFO - [2024-05-12T01:13:23.104+0000] {dag.py:3096} INFO - Sync 1 DAGs
[2024-05-12T01:13:23.114+0000] {logging_mixin.py:188} INFO - [2024-05-12T01:13:23.114+0000] {dag.py:3954} INFO - Setting next_dagrun for example_task_group_decorator to 2024-05-11 00:00:00+00:00, run_after=2024-05-12 00:00:00+00:00
[2024-05-12T01:13:23.123+0000] {processor.py:183} INFO - Processing /home/airflow/.local/lib/python3.12/site-packages/airflow/example_dags/example_task_group_decorator.py took 0.044 seconds
[2024-05-12T01:13:53.991+0000] {processor.py:161} INFO - Started process (PID=12625) to work on /home/airflow/.local/lib/python3.12/site-packages/airflow/example_dags/example_task_group_decorator.py
[2024-05-12T01:13:53.992+0000] {processor.py:830} INFO - Processing file /home/airflow/.local/lib/python3.12/site-packages/airflow/example_dags/example_task_group_decorator.py for tasks to queue
[2024-05-12T01:13:53.993+0000] {logging_mixin.py:188} INFO - [2024-05-12T01:13:53.993+0000] {dagbag.py:545} INFO - Filling up the DagBag from /home/airflow/.local/lib/python3.12/site-packages/airflow/example_dags/example_task_group_decorator.py
[2024-05-12T01:13:53.999+0000] {processor.py:840} INFO - DAG(s) 'example_task_group_decorator' retrieved from /home/airflow/.local/lib/python3.12/site-packages/airflow/example_dags/example_task_group_decorator.py
[2024-05-12T01:13:54.012+0000] {logging_mixin.py:188} INFO - [2024-05-12T01:13:54.011+0000] {dag.py:3096} INFO - Sync 1 DAGs
[2024-05-12T01:13:54.022+0000] {logging_mixin.py:188} INFO - [2024-05-12T01:13:54.022+0000] {dag.py:3954} INFO - Setting next_dagrun for example_task_group_decorator to 2024-05-11 00:00:00+00:00, run_after=2024-05-12 00:00:00+00:00
[2024-05-12T01:13:54.031+0000] {processor.py:183} INFO - Processing /home/airflow/.local/lib/python3.12/site-packages/airflow/example_dags/example_task_group_decorator.py took 0.043 seconds
[2024-05-12T01:14:24.959+0000] {processor.py:161} INFO - Started process (PID=12886) to work on /home/airflow/.local/lib/python3.12/site-packages/airflow/example_dags/example_task_group_decorator.py
[2024-05-12T01:14:24.960+0000] {processor.py:830} INFO - Processing file /home/airflow/.local/lib/python3.12/site-packages/airflow/example_dags/example_task_group_decorator.py for tasks to queue
[2024-05-12T01:14:24.961+0000] {logging_mixin.py:188} INFO - [2024-05-12T01:14:24.961+0000] {dagbag.py:545} INFO - Filling up the DagBag from /home/airflow/.local/lib/python3.12/site-packages/airflow/example_dags/example_task_group_decorator.py
[2024-05-12T01:14:24.968+0000] {processor.py:840} INFO - DAG(s) 'example_task_group_decorator' retrieved from /home/airflow/.local/lib/python3.12/site-packages/airflow/example_dags/example_task_group_decorator.py
[2024-05-12T01:14:24.980+0000] {logging_mixin.py:188} INFO - [2024-05-12T01:14:24.980+0000] {dag.py:3096} INFO - Sync 1 DAGs
[2024-05-12T01:14:24.990+0000] {logging_mixin.py:188} INFO - [2024-05-12T01:14:24.990+0000] {dag.py:3954} INFO - Setting next_dagrun for example_task_group_decorator to 2024-05-11 00:00:00+00:00, run_after=2024-05-12 00:00:00+00:00
[2024-05-12T01:14:24.999+0000] {processor.py:183} INFO - Processing /home/airflow/.local/lib/python3.12/site-packages/airflow/example_dags/example_task_group_decorator.py took 0.043 seconds
[2024-05-12T01:14:55.951+0000] {processor.py:161} INFO - Started process (PID=13150) to work on /home/airflow/.local/lib/python3.12/site-packages/airflow/example_dags/example_task_group_decorator.py
[2024-05-12T01:14:55.952+0000] {processor.py:830} INFO - Processing file /home/airflow/.local/lib/python3.12/site-packages/airflow/example_dags/example_task_group_decorator.py for tasks to queue
[2024-05-12T01:14:55.953+0000] {logging_mixin.py:188} INFO - [2024-05-12T01:14:55.953+0000] {dagbag.py:545} INFO - Filling up the DagBag from /home/airflow/.local/lib/python3.12/site-packages/airflow/example_dags/example_task_group_decorator.py
[2024-05-12T01:14:55.960+0000] {processor.py:840} INFO - DAG(s) 'example_task_group_decorator' retrieved from /home/airflow/.local/lib/python3.12/site-packages/airflow/example_dags/example_task_group_decorator.py
[2024-05-12T01:14:55.972+0000] {logging_mixin.py:188} INFO - [2024-05-12T01:14:55.972+0000] {dag.py:3096} INFO - Sync 1 DAGs
[2024-05-12T01:14:55.981+0000] {logging_mixin.py:188} INFO - [2024-05-12T01:14:55.981+0000] {dag.py:3954} INFO - Setting next_dagrun for example_task_group_decorator to 2024-05-11 00:00:00+00:00, run_after=2024-05-12 00:00:00+00:00
[2024-05-12T01:14:55.990+0000] {processor.py:183} INFO - Processing /home/airflow/.local/lib/python3.12/site-packages/airflow/example_dags/example_task_group_decorator.py took 0.042 seconds
[2024-05-12T01:15:26.878+0000] {processor.py:161} INFO - Started process (PID=13410) to work on /home/airflow/.local/lib/python3.12/site-packages/airflow/example_dags/example_task_group_decorator.py
[2024-05-12T01:15:26.878+0000] {processor.py:830} INFO - Processing file /home/airflow/.local/lib/python3.12/site-packages/airflow/example_dags/example_task_group_decorator.py for tasks to queue
[2024-05-12T01:15:26.879+0000] {logging_mixin.py:188} INFO - [2024-05-12T01:15:26.879+0000] {dagbag.py:545} INFO - Filling up the DagBag from /home/airflow/.local/lib/python3.12/site-packages/airflow/example_dags/example_task_group_decorator.py
[2024-05-12T01:15:26.886+0000] {processor.py:840} INFO - DAG(s) 'example_task_group_decorator' retrieved from /home/airflow/.local/lib/python3.12/site-packages/airflow/example_dags/example_task_group_decorator.py
[2024-05-12T01:15:26.897+0000] {logging_mixin.py:188} INFO - [2024-05-12T01:15:26.897+0000] {dag.py:3096} INFO - Sync 1 DAGs
[2024-05-12T01:15:26.907+0000] {logging_mixin.py:188} INFO - [2024-05-12T01:15:26.907+0000] {dag.py:3954} INFO - Setting next_dagrun for example_task_group_decorator to 2024-05-11 00:00:00+00:00, run_after=2024-05-12 00:00:00+00:00
[2024-05-12T01:15:26.916+0000] {processor.py:183} INFO - Processing /home/airflow/.local/lib/python3.12/site-packages/airflow/example_dags/example_task_group_decorator.py took 0.041 seconds
[2024-05-12T01:15:57.744+0000] {processor.py:161} INFO - Started process (PID=13672) to work on /home/airflow/.local/lib/python3.12/site-packages/airflow/example_dags/example_task_group_decorator.py
[2024-05-12T01:15:57.745+0000] {processor.py:830} INFO - Processing file /home/airflow/.local/lib/python3.12/site-packages/airflow/example_dags/example_task_group_decorator.py for tasks to queue
[2024-05-12T01:15:57.746+0000] {logging_mixin.py:188} INFO - [2024-05-12T01:15:57.746+0000] {dagbag.py:545} INFO - Filling up the DagBag from /home/airflow/.local/lib/python3.12/site-packages/airflow/example_dags/example_task_group_decorator.py
[2024-05-12T01:15:57.752+0000] {processor.py:840} INFO - DAG(s) 'example_task_group_decorator' retrieved from /home/airflow/.local/lib/python3.12/site-packages/airflow/example_dags/example_task_group_decorator.py
[2024-05-12T01:15:57.764+0000] {logging_mixin.py:188} INFO - [2024-05-12T01:15:57.763+0000] {dag.py:3096} INFO - Sync 1 DAGs
[2024-05-12T01:15:57.774+0000] {logging_mixin.py:188} INFO - [2024-05-12T01:15:57.774+0000] {dag.py:3954} INFO - Setting next_dagrun for example_task_group_decorator to 2024-05-11 00:00:00+00:00, run_after=2024-05-12 00:00:00+00:00
[2024-05-12T01:15:57.783+0000] {processor.py:183} INFO - Processing /home/airflow/.local/lib/python3.12/site-packages/airflow/example_dags/example_task_group_decorator.py took 0.042 seconds
[2024-05-12T01:16:28.500+0000] {processor.py:161} INFO - Started process (PID=13934) to work on /home/airflow/.local/lib/python3.12/site-packages/airflow/example_dags/example_task_group_decorator.py
[2024-05-12T01:16:28.500+0000] {processor.py:830} INFO - Processing file /home/airflow/.local/lib/python3.12/site-packages/airflow/example_dags/example_task_group_decorator.py for tasks to queue
[2024-05-12T01:16:28.502+0000] {logging_mixin.py:188} INFO - [2024-05-12T01:16:28.501+0000] {dagbag.py:545} INFO - Filling up the DagBag from /home/airflow/.local/lib/python3.12/site-packages/airflow/example_dags/example_task_group_decorator.py
[2024-05-12T01:16:28.508+0000] {processor.py:840} INFO - DAG(s) 'example_task_group_decorator' retrieved from /home/airflow/.local/lib/python3.12/site-packages/airflow/example_dags/example_task_group_decorator.py
[2024-05-12T01:16:28.520+0000] {logging_mixin.py:188} INFO - [2024-05-12T01:16:28.520+0000] {dag.py:3096} INFO - Sync 1 DAGs
[2024-05-12T01:16:28.531+0000] {logging_mixin.py:188} INFO - [2024-05-12T01:16:28.531+0000] {dag.py:3954} INFO - Setting next_dagrun for example_task_group_decorator to 2024-05-11 00:00:00+00:00, run_after=2024-05-12 00:00:00+00:00
[2024-05-12T01:16:28.541+0000] {processor.py:183} INFO - Processing /home/airflow/.local/lib/python3.12/site-packages/airflow/example_dags/example_task_group_decorator.py took 0.044 seconds
[2024-05-12T01:16:59.226+0000] {processor.py:161} INFO - Started process (PID=14196) to work on /home/airflow/.local/lib/python3.12/site-packages/airflow/example_dags/example_task_group_decorator.py
[2024-05-12T01:16:59.227+0000] {processor.py:830} INFO - Processing file /home/airflow/.local/lib/python3.12/site-packages/airflow/example_dags/example_task_group_decorator.py for tasks to queue
[2024-05-12T01:16:59.228+0000] {logging_mixin.py:188} INFO - [2024-05-12T01:16:59.228+0000] {dagbag.py:545} INFO - Filling up the DagBag from /home/airflow/.local/lib/python3.12/site-packages/airflow/example_dags/example_task_group_decorator.py
[2024-05-12T01:16:59.235+0000] {processor.py:840} INFO - DAG(s) 'example_task_group_decorator' retrieved from /home/airflow/.local/lib/python3.12/site-packages/airflow/example_dags/example_task_group_decorator.py
[2024-05-12T01:16:59.247+0000] {logging_mixin.py:188} INFO - [2024-05-12T01:16:59.247+0000] {dag.py:3096} INFO - Sync 1 DAGs
[2024-05-12T01:16:59.258+0000] {logging_mixin.py:188} INFO - [2024-05-12T01:16:59.258+0000] {dag.py:3954} INFO - Setting next_dagrun for example_task_group_decorator to 2024-05-11 00:00:00+00:00, run_after=2024-05-12 00:00:00+00:00
[2024-05-12T01:16:59.267+0000] {processor.py:183} INFO - Processing /home/airflow/.local/lib/python3.12/site-packages/airflow/example_dags/example_task_group_decorator.py took 0.044 seconds
[2024-05-12T01:17:30.057+0000] {processor.py:161} INFO - Started process (PID=14458) to work on /home/airflow/.local/lib/python3.12/site-packages/airflow/example_dags/example_task_group_decorator.py
[2024-05-12T01:17:30.058+0000] {processor.py:830} INFO - Processing file /home/airflow/.local/lib/python3.12/site-packages/airflow/example_dags/example_task_group_decorator.py for tasks to queue
[2024-05-12T01:17:30.059+0000] {logging_mixin.py:188} INFO - [2024-05-12T01:17:30.058+0000] {dagbag.py:545} INFO - Filling up the DagBag from /home/airflow/.local/lib/python3.12/site-packages/airflow/example_dags/example_task_group_decorator.py
[2024-05-12T01:17:30.065+0000] {processor.py:840} INFO - DAG(s) 'example_task_group_decorator' retrieved from /home/airflow/.local/lib/python3.12/site-packages/airflow/example_dags/example_task_group_decorator.py
[2024-05-12T01:17:30.076+0000] {logging_mixin.py:188} INFO - [2024-05-12T01:17:30.076+0000] {dag.py:3096} INFO - Sync 1 DAGs
[2024-05-12T01:17:30.086+0000] {logging_mixin.py:188} INFO - [2024-05-12T01:17:30.086+0000] {dag.py:3954} INFO - Setting next_dagrun for example_task_group_decorator to 2024-05-11 00:00:00+00:00, run_after=2024-05-12 00:00:00+00:00
[2024-05-12T01:17:30.094+0000] {processor.py:183} INFO - Processing /home/airflow/.local/lib/python3.12/site-packages/airflow/example_dags/example_task_group_decorator.py took 0.040 seconds
[2024-05-12T01:18:00.874+0000] {processor.py:161} INFO - Started process (PID=14720) to work on /home/airflow/.local/lib/python3.12/site-packages/airflow/example_dags/example_task_group_decorator.py
[2024-05-12T01:18:00.875+0000] {processor.py:830} INFO - Processing file /home/airflow/.local/lib/python3.12/site-packages/airflow/example_dags/example_task_group_decorator.py for tasks to queue
[2024-05-12T01:18:00.876+0000] {logging_mixin.py:188} INFO - [2024-05-12T01:18:00.876+0000] {dagbag.py:545} INFO - Filling up the DagBag from /home/airflow/.local/lib/python3.12/site-packages/airflow/example_dags/example_task_group_decorator.py
[2024-05-12T01:18:00.882+0000] {processor.py:840} INFO - DAG(s) 'example_task_group_decorator' retrieved from /home/airflow/.local/lib/python3.12/site-packages/airflow/example_dags/example_task_group_decorator.py
[2024-05-12T01:18:00.895+0000] {logging_mixin.py:188} INFO - [2024-05-12T01:18:00.895+0000] {dag.py:3096} INFO - Sync 1 DAGs
[2024-05-12T01:18:00.906+0000] {logging_mixin.py:188} INFO - [2024-05-12T01:18:00.906+0000] {dag.py:3954} INFO - Setting next_dagrun for example_task_group_decorator to 2024-05-11 00:00:00+00:00, run_after=2024-05-12 00:00:00+00:00
[2024-05-12T01:18:00.916+0000] {processor.py:183} INFO - Processing /home/airflow/.local/lib/python3.12/site-packages/airflow/example_dags/example_task_group_decorator.py took 0.045 seconds
[2024-05-12T01:18:31.712+0000] {processor.py:161} INFO - Started process (PID=14982) to work on /home/airflow/.local/lib/python3.12/site-packages/airflow/example_dags/example_task_group_decorator.py
[2024-05-12T01:18:31.713+0000] {processor.py:830} INFO - Processing file /home/airflow/.local/lib/python3.12/site-packages/airflow/example_dags/example_task_group_decorator.py for tasks to queue
[2024-05-12T01:18:31.714+0000] {logging_mixin.py:188} INFO - [2024-05-12T01:18:31.714+0000] {dagbag.py:545} INFO - Filling up the DagBag from /home/airflow/.local/lib/python3.12/site-packages/airflow/example_dags/example_task_group_decorator.py
[2024-05-12T01:18:31.721+0000] {processor.py:840} INFO - DAG(s) 'example_task_group_decorator' retrieved from /home/airflow/.local/lib/python3.12/site-packages/airflow/example_dags/example_task_group_decorator.py
[2024-05-12T01:18:31.733+0000] {logging_mixin.py:188} INFO - [2024-05-12T01:18:31.733+0000] {dag.py:3096} INFO - Sync 1 DAGs
[2024-05-12T01:18:31.743+0000] {logging_mixin.py:188} INFO - [2024-05-12T01:18:31.743+0000] {dag.py:3954} INFO - Setting next_dagrun for example_task_group_decorator to 2024-05-11 00:00:00+00:00, run_after=2024-05-12 00:00:00+00:00
[2024-05-12T01:18:31.751+0000] {processor.py:183} INFO - Processing /home/airflow/.local/lib/python3.12/site-packages/airflow/example_dags/example_task_group_decorator.py took 0.042 seconds
[2024-05-12T01:19:02.524+0000] {processor.py:161} INFO - Started process (PID=15244) to work on /home/airflow/.local/lib/python3.12/site-packages/airflow/example_dags/example_task_group_decorator.py
[2024-05-12T01:19:02.524+0000] {processor.py:830} INFO - Processing file /home/airflow/.local/lib/python3.12/site-packages/airflow/example_dags/example_task_group_decorator.py for tasks to queue
[2024-05-12T01:19:02.525+0000] {logging_mixin.py:188} INFO - [2024-05-12T01:19:02.525+0000] {dagbag.py:545} INFO - Filling up the DagBag from /home/airflow/.local/lib/python3.12/site-packages/airflow/example_dags/example_task_group_decorator.py
[2024-05-12T01:19:02.531+0000] {processor.py:840} INFO - DAG(s) 'example_task_group_decorator' retrieved from /home/airflow/.local/lib/python3.12/site-packages/airflow/example_dags/example_task_group_decorator.py
[2024-05-12T01:19:02.543+0000] {logging_mixin.py:188} INFO - [2024-05-12T01:19:02.543+0000] {dag.py:3096} INFO - Sync 1 DAGs
[2024-05-12T01:19:02.553+0000] {logging_mixin.py:188} INFO - [2024-05-12T01:19:02.553+0000] {dag.py:3954} INFO - Setting next_dagrun for example_task_group_decorator to 2024-05-11 00:00:00+00:00, run_after=2024-05-12 00:00:00+00:00
[2024-05-12T01:19:02.562+0000] {processor.py:183} INFO - Processing /home/airflow/.local/lib/python3.12/site-packages/airflow/example_dags/example_task_group_decorator.py took 0.042 seconds
[2024-05-12T01:19:33.410+0000] {processor.py:161} INFO - Started process (PID=15506) to work on /home/airflow/.local/lib/python3.12/site-packages/airflow/example_dags/example_task_group_decorator.py
[2024-05-12T01:19:33.410+0000] {processor.py:830} INFO - Processing file /home/airflow/.local/lib/python3.12/site-packages/airflow/example_dags/example_task_group_decorator.py for tasks to queue
[2024-05-12T01:19:33.411+0000] {logging_mixin.py:188} INFO - [2024-05-12T01:19:33.411+0000] {dagbag.py:545} INFO - Filling up the DagBag from /home/airflow/.local/lib/python3.12/site-packages/airflow/example_dags/example_task_group_decorator.py
[2024-05-12T01:19:33.417+0000] {processor.py:840} INFO - DAG(s) 'example_task_group_decorator' retrieved from /home/airflow/.local/lib/python3.12/site-packages/airflow/example_dags/example_task_group_decorator.py
[2024-05-12T01:19:33.429+0000] {logging_mixin.py:188} INFO - [2024-05-12T01:19:33.429+0000] {dag.py:3096} INFO - Sync 1 DAGs
[2024-05-12T01:19:33.440+0000] {logging_mixin.py:188} INFO - [2024-05-12T01:19:33.439+0000] {dag.py:3954} INFO - Setting next_dagrun for example_task_group_decorator to 2024-05-11 00:00:00+00:00, run_after=2024-05-12 00:00:00+00:00
[2024-05-12T01:19:33.448+0000] {processor.py:183} INFO - Processing /home/airflow/.local/lib/python3.12/site-packages/airflow/example_dags/example_task_group_decorator.py took 0.041 seconds
[2024-05-12T01:20:04.243+0000] {processor.py:161} INFO - Started process (PID=15768) to work on /home/airflow/.local/lib/python3.12/site-packages/airflow/example_dags/example_task_group_decorator.py
[2024-05-12T01:20:04.243+0000] {processor.py:830} INFO - Processing file /home/airflow/.local/lib/python3.12/site-packages/airflow/example_dags/example_task_group_decorator.py for tasks to queue
[2024-05-12T01:20:04.244+0000] {logging_mixin.py:188} INFO - [2024-05-12T01:20:04.244+0000] {dagbag.py:545} INFO - Filling up the DagBag from /home/airflow/.local/lib/python3.12/site-packages/airflow/example_dags/example_task_group_decorator.py
[2024-05-12T01:20:04.250+0000] {processor.py:840} INFO - DAG(s) 'example_task_group_decorator' retrieved from /home/airflow/.local/lib/python3.12/site-packages/airflow/example_dags/example_task_group_decorator.py
[2024-05-12T01:20:04.262+0000] {logging_mixin.py:188} INFO - [2024-05-12T01:20:04.262+0000] {dag.py:3096} INFO - Sync 1 DAGs
[2024-05-12T01:20:04.273+0000] {logging_mixin.py:188} INFO - [2024-05-12T01:20:04.273+0000] {dag.py:3954} INFO - Setting next_dagrun for example_task_group_decorator to 2024-05-11 00:00:00+00:00, run_after=2024-05-12 00:00:00+00:00
[2024-05-12T01:20:04.282+0000] {processor.py:183} INFO - Processing /home/airflow/.local/lib/python3.12/site-packages/airflow/example_dags/example_task_group_decorator.py took 0.043 seconds
[2024-05-12T01:20:35.013+0000] {processor.py:161} INFO - Started process (PID=16030) to work on /home/airflow/.local/lib/python3.12/site-packages/airflow/example_dags/example_task_group_decorator.py
[2024-05-12T01:20:35.013+0000] {processor.py:830} INFO - Processing file /home/airflow/.local/lib/python3.12/site-packages/airflow/example_dags/example_task_group_decorator.py for tasks to queue
[2024-05-12T01:20:35.014+0000] {logging_mixin.py:188} INFO - [2024-05-12T01:20:35.014+0000] {dagbag.py:545} INFO - Filling up the DagBag from /home/airflow/.local/lib/python3.12/site-packages/airflow/example_dags/example_task_group_decorator.py
[2024-05-12T01:20:35.021+0000] {processor.py:840} INFO - DAG(s) 'example_task_group_decorator' retrieved from /home/airflow/.local/lib/python3.12/site-packages/airflow/example_dags/example_task_group_decorator.py
[2024-05-12T01:20:35.034+0000] {logging_mixin.py:188} INFO - [2024-05-12T01:20:35.034+0000] {dag.py:3096} INFO - Sync 1 DAGs
[2024-05-12T01:20:35.045+0000] {logging_mixin.py:188} INFO - [2024-05-12T01:20:35.045+0000] {dag.py:3954} INFO - Setting next_dagrun for example_task_group_decorator to 2024-05-11 00:00:00+00:00, run_after=2024-05-12 00:00:00+00:00
[2024-05-12T01:20:35.054+0000] {processor.py:183} INFO - Processing /home/airflow/.local/lib/python3.12/site-packages/airflow/example_dags/example_task_group_decorator.py took 0.045 seconds
[2024-05-12T01:21:05.977+0000] {processor.py:161} INFO - Started process (PID=16294) to work on /home/airflow/.local/lib/python3.12/site-packages/airflow/example_dags/example_task_group_decorator.py
[2024-05-12T01:21:05.978+0000] {processor.py:830} INFO - Processing file /home/airflow/.local/lib/python3.12/site-packages/airflow/example_dags/example_task_group_decorator.py for tasks to queue
[2024-05-12T01:21:05.979+0000] {logging_mixin.py:188} INFO - [2024-05-12T01:21:05.979+0000] {dagbag.py:545} INFO - Filling up the DagBag from /home/airflow/.local/lib/python3.12/site-packages/airflow/example_dags/example_task_group_decorator.py
[2024-05-12T01:21:05.985+0000] {processor.py:840} INFO - DAG(s) 'example_task_group_decorator' retrieved from /home/airflow/.local/lib/python3.12/site-packages/airflow/example_dags/example_task_group_decorator.py
[2024-05-12T01:21:05.998+0000] {logging_mixin.py:188} INFO - [2024-05-12T01:21:05.997+0000] {dag.py:3096} INFO - Sync 1 DAGs
[2024-05-12T01:21:06.008+0000] {logging_mixin.py:188} INFO - [2024-05-12T01:21:06.008+0000] {dag.py:3954} INFO - Setting next_dagrun for example_task_group_decorator to 2024-05-11 00:00:00+00:00, run_after=2024-05-12 00:00:00+00:00
[2024-05-12T01:21:06.017+0000] {processor.py:183} INFO - Processing /home/airflow/.local/lib/python3.12/site-packages/airflow/example_dags/example_task_group_decorator.py took 0.043 seconds
[2024-05-12T01:21:36.814+0000] {processor.py:161} INFO - Started process (PID=16553) to work on /home/airflow/.local/lib/python3.12/site-packages/airflow/example_dags/example_task_group_decorator.py
[2024-05-12T01:21:36.815+0000] {processor.py:830} INFO - Processing file /home/airflow/.local/lib/python3.12/site-packages/airflow/example_dags/example_task_group_decorator.py for tasks to queue
[2024-05-12T01:21:36.816+0000] {logging_mixin.py:188} INFO - [2024-05-12T01:21:36.816+0000] {dagbag.py:545} INFO - Filling up the DagBag from /home/airflow/.local/lib/python3.12/site-packages/airflow/example_dags/example_task_group_decorator.py
[2024-05-12T01:21:36.822+0000] {processor.py:840} INFO - DAG(s) 'example_task_group_decorator' retrieved from /home/airflow/.local/lib/python3.12/site-packages/airflow/example_dags/example_task_group_decorator.py
[2024-05-12T01:21:36.834+0000] {logging_mixin.py:188} INFO - [2024-05-12T01:21:36.834+0000] {dag.py:3096} INFO - Sync 1 DAGs
[2024-05-12T01:21:36.845+0000] {logging_mixin.py:188} INFO - [2024-05-12T01:21:36.844+0000] {dag.py:3954} INFO - Setting next_dagrun for example_task_group_decorator to 2024-05-11 00:00:00+00:00, run_after=2024-05-12 00:00:00+00:00
[2024-05-12T01:21:36.853+0000] {processor.py:183} INFO - Processing /home/airflow/.local/lib/python3.12/site-packages/airflow/example_dags/example_task_group_decorator.py took 0.042 seconds
[2024-05-12T01:22:07.649+0000] {processor.py:161} INFO - Started process (PID=16815) to work on /home/airflow/.local/lib/python3.12/site-packages/airflow/example_dags/example_task_group_decorator.py
[2024-05-12T01:22:07.650+0000] {processor.py:830} INFO - Processing file /home/airflow/.local/lib/python3.12/site-packages/airflow/example_dags/example_task_group_decorator.py for tasks to queue
[2024-05-12T01:22:07.651+0000] {logging_mixin.py:188} INFO - [2024-05-12T01:22:07.651+0000] {dagbag.py:545} INFO - Filling up the DagBag from /home/airflow/.local/lib/python3.12/site-packages/airflow/example_dags/example_task_group_decorator.py
[2024-05-12T01:22:07.657+0000] {processor.py:840} INFO - DAG(s) 'example_task_group_decorator' retrieved from /home/airflow/.local/lib/python3.12/site-packages/airflow/example_dags/example_task_group_decorator.py
[2024-05-12T01:22:07.668+0000] {logging_mixin.py:188} INFO - [2024-05-12T01:22:07.668+0000] {dag.py:3096} INFO - Sync 1 DAGs
[2024-05-12T01:22:07.678+0000] {logging_mixin.py:188} INFO - [2024-05-12T01:22:07.678+0000] {dag.py:3954} INFO - Setting next_dagrun for example_task_group_decorator to 2024-05-11 00:00:00+00:00, run_after=2024-05-12 00:00:00+00:00
[2024-05-12T01:22:07.686+0000] {processor.py:183} INFO - Processing /home/airflow/.local/lib/python3.12/site-packages/airflow/example_dags/example_task_group_decorator.py took 0.040 seconds
