[2024-05-12T00:37:43.130+0000] {processor.py:161} INFO - Started process (PID=4357) to work on /home/airflow/.local/lib/python3.12/site-packages/airflow/example_dags/example_nested_branch_dag.py
[2024-05-12T00:37:43.131+0000] {processor.py:830} INFO - Processing file /home/airflow/.local/lib/python3.12/site-packages/airflow/example_dags/example_nested_branch_dag.py for tasks to queue
[2024-05-12T00:37:43.132+0000] {logging_mixin.py:188} INFO - [2024-05-12T00:37:43.132+0000] {dagbag.py:545} INFO - Filling up the DagBag from /home/airflow/.local/lib/python3.12/site-packages/airflow/example_dags/example_nested_branch_dag.py
[2024-05-12T00:37:43.140+0000] {processor.py:840} INFO - DAG(s) 'example_nested_branch_dag' retrieved from /home/airflow/.local/lib/python3.12/site-packages/airflow/example_dags/example_nested_branch_dag.py
[2024-05-12T00:37:43.154+0000] {logging_mixin.py:188} INFO - [2024-05-12T00:37:43.154+0000] {dag.py:3096} INFO - Sync 1 DAGs
[2024-05-12T00:37:43.166+0000] {logging_mixin.py:188} INFO - [2024-05-12T00:37:43.166+0000] {dag.py:3954} INFO - Setting next_dagrun for example_nested_branch_dag to 2024-05-11 00:00:00+00:00, run_after=2024-05-12 00:00:00+00:00
[2024-05-12T00:37:43.177+0000] {processor.py:183} INFO - Processing /home/airflow/.local/lib/python3.12/site-packages/airflow/example_dags/example_nested_branch_dag.py took 0.053 seconds
[2024-05-12T00:38:13.874+0000] {processor.py:161} INFO - Started process (PID=4619) to work on /home/airflow/.local/lib/python3.12/site-packages/airflow/example_dags/example_nested_branch_dag.py
[2024-05-12T00:38:13.876+0000] {processor.py:830} INFO - Processing file /home/airflow/.local/lib/python3.12/site-packages/airflow/example_dags/example_nested_branch_dag.py for tasks to queue
[2024-05-12T00:38:13.878+0000] {logging_mixin.py:188} INFO - [2024-05-12T00:38:13.878+0000] {dagbag.py:545} INFO - Filling up the DagBag from /home/airflow/.local/lib/python3.12/site-packages/airflow/example_dags/example_nested_branch_dag.py
[2024-05-12T00:38:13.889+0000] {processor.py:840} INFO - DAG(s) 'example_nested_branch_dag' retrieved from /home/airflow/.local/lib/python3.12/site-packages/airflow/example_dags/example_nested_branch_dag.py
[2024-05-12T00:38:13.905+0000] {logging_mixin.py:188} INFO - [2024-05-12T00:38:13.904+0000] {dag.py:3096} INFO - Sync 1 DAGs
[2024-05-12T00:38:13.916+0000] {logging_mixin.py:188} INFO - [2024-05-12T00:38:13.916+0000] {dag.py:3954} INFO - Setting next_dagrun for example_nested_branch_dag to 2024-05-11 00:00:00+00:00, run_after=2024-05-12 00:00:00+00:00
[2024-05-12T00:38:13.926+0000] {processor.py:183} INFO - Processing /home/airflow/.local/lib/python3.12/site-packages/airflow/example_dags/example_nested_branch_dag.py took 0.059 seconds
[2024-05-12T00:38:44.523+0000] {processor.py:161} INFO - Started process (PID=4881) to work on /home/airflow/.local/lib/python3.12/site-packages/airflow/example_dags/example_nested_branch_dag.py
[2024-05-12T00:38:44.525+0000] {processor.py:830} INFO - Processing file /home/airflow/.local/lib/python3.12/site-packages/airflow/example_dags/example_nested_branch_dag.py for tasks to queue
[2024-05-12T00:38:44.527+0000] {logging_mixin.py:188} INFO - [2024-05-12T00:38:44.527+0000] {dagbag.py:545} INFO - Filling up the DagBag from /home/airflow/.local/lib/python3.12/site-packages/airflow/example_dags/example_nested_branch_dag.py
[2024-05-12T00:38:44.539+0000] {processor.py:840} INFO - DAG(s) 'example_nested_branch_dag' retrieved from /home/airflow/.local/lib/python3.12/site-packages/airflow/example_dags/example_nested_branch_dag.py
[2024-05-12T00:38:44.556+0000] {logging_mixin.py:188} INFO - [2024-05-12T00:38:44.556+0000] {dag.py:3096} INFO - Sync 1 DAGs
[2024-05-12T00:38:44.568+0000] {logging_mixin.py:188} INFO - [2024-05-12T00:38:44.568+0000] {dag.py:3954} INFO - Setting next_dagrun for example_nested_branch_dag to 2024-05-11 00:00:00+00:00, run_after=2024-05-12 00:00:00+00:00
[2024-05-12T00:38:44.578+0000] {processor.py:183} INFO - Processing /home/airflow/.local/lib/python3.12/site-packages/airflow/example_dags/example_nested_branch_dag.py took 0.063 seconds
[2024-05-12T00:39:15.137+0000] {processor.py:161} INFO - Started process (PID=5142) to work on /home/airflow/.local/lib/python3.12/site-packages/airflow/example_dags/example_nested_branch_dag.py
[2024-05-12T00:39:15.138+0000] {processor.py:830} INFO - Processing file /home/airflow/.local/lib/python3.12/site-packages/airflow/example_dags/example_nested_branch_dag.py for tasks to queue
[2024-05-12T00:39:15.139+0000] {logging_mixin.py:188} INFO - [2024-05-12T00:39:15.139+0000] {dagbag.py:545} INFO - Filling up the DagBag from /home/airflow/.local/lib/python3.12/site-packages/airflow/example_dags/example_nested_branch_dag.py
[2024-05-12T00:39:15.145+0000] {processor.py:840} INFO - DAG(s) 'example_nested_branch_dag' retrieved from /home/airflow/.local/lib/python3.12/site-packages/airflow/example_dags/example_nested_branch_dag.py
[2024-05-12T00:39:15.158+0000] {logging_mixin.py:188} INFO - [2024-05-12T00:39:15.158+0000] {dag.py:3096} INFO - Sync 1 DAGs
[2024-05-12T00:39:15.172+0000] {logging_mixin.py:188} INFO - [2024-05-12T00:39:15.172+0000] {dag.py:3954} INFO - Setting next_dagrun for example_nested_branch_dag to 2024-05-11 00:00:00+00:00, run_after=2024-05-12 00:00:00+00:00
[2024-05-12T00:39:15.183+0000] {processor.py:183} INFO - Processing /home/airflow/.local/lib/python3.12/site-packages/airflow/example_dags/example_nested_branch_dag.py took 0.050 seconds
[2024-05-12T00:39:45.984+0000] {processor.py:161} INFO - Started process (PID=5403) to work on /home/airflow/.local/lib/python3.12/site-packages/airflow/example_dags/example_nested_branch_dag.py
[2024-05-12T00:39:45.986+0000] {processor.py:830} INFO - Processing file /home/airflow/.local/lib/python3.12/site-packages/airflow/example_dags/example_nested_branch_dag.py for tasks to queue
[2024-05-12T00:39:45.987+0000] {logging_mixin.py:188} INFO - [2024-05-12T00:39:45.987+0000] {dagbag.py:545} INFO - Filling up the DagBag from /home/airflow/.local/lib/python3.12/site-packages/airflow/example_dags/example_nested_branch_dag.py
[2024-05-12T00:39:45.996+0000] {processor.py:840} INFO - DAG(s) 'example_nested_branch_dag' retrieved from /home/airflow/.local/lib/python3.12/site-packages/airflow/example_dags/example_nested_branch_dag.py
[2024-05-12T00:39:46.012+0000] {logging_mixin.py:188} INFO - [2024-05-12T00:39:46.012+0000] {dag.py:3096} INFO - Sync 1 DAGs
[2024-05-12T00:39:46.026+0000] {logging_mixin.py:188} INFO - [2024-05-12T00:39:46.026+0000] {dag.py:3954} INFO - Setting next_dagrun for example_nested_branch_dag to 2024-05-11 00:00:00+00:00, run_after=2024-05-12 00:00:00+00:00
[2024-05-12T00:39:46.038+0000] {processor.py:183} INFO - Processing /home/airflow/.local/lib/python3.12/site-packages/airflow/example_dags/example_nested_branch_dag.py took 0.062 seconds
[2024-05-12T00:40:16.684+0000] {processor.py:161} INFO - Started process (PID=5665) to work on /home/airflow/.local/lib/python3.12/site-packages/airflow/example_dags/example_nested_branch_dag.py
[2024-05-12T00:40:16.686+0000] {processor.py:830} INFO - Processing file /home/airflow/.local/lib/python3.12/site-packages/airflow/example_dags/example_nested_branch_dag.py for tasks to queue
[2024-05-12T00:40:16.689+0000] {logging_mixin.py:188} INFO - [2024-05-12T00:40:16.689+0000] {dagbag.py:545} INFO - Filling up the DagBag from /home/airflow/.local/lib/python3.12/site-packages/airflow/example_dags/example_nested_branch_dag.py
[2024-05-12T00:40:16.697+0000] {processor.py:840} INFO - DAG(s) 'example_nested_branch_dag' retrieved from /home/airflow/.local/lib/python3.12/site-packages/airflow/example_dags/example_nested_branch_dag.py
[2024-05-12T00:40:16.711+0000] {logging_mixin.py:188} INFO - [2024-05-12T00:40:16.711+0000] {dag.py:3096} INFO - Sync 1 DAGs
[2024-05-12T00:40:16.723+0000] {logging_mixin.py:188} INFO - [2024-05-12T00:40:16.723+0000] {dag.py:3954} INFO - Setting next_dagrun for example_nested_branch_dag to 2024-05-11 00:00:00+00:00, run_after=2024-05-12 00:00:00+00:00
[2024-05-12T00:40:16.734+0000] {processor.py:183} INFO - Processing /home/airflow/.local/lib/python3.12/site-packages/airflow/example_dags/example_nested_branch_dag.py took 0.053 seconds
[2024-05-12T00:40:47.413+0000] {processor.py:161} INFO - Started process (PID=5927) to work on /home/airflow/.local/lib/python3.12/site-packages/airflow/example_dags/example_nested_branch_dag.py
[2024-05-12T00:40:47.414+0000] {processor.py:830} INFO - Processing file /home/airflow/.local/lib/python3.12/site-packages/airflow/example_dags/example_nested_branch_dag.py for tasks to queue
[2024-05-12T00:40:47.415+0000] {logging_mixin.py:188} INFO - [2024-05-12T00:40:47.415+0000] {dagbag.py:545} INFO - Filling up the DagBag from /home/airflow/.local/lib/python3.12/site-packages/airflow/example_dags/example_nested_branch_dag.py
[2024-05-12T00:40:47.423+0000] {processor.py:840} INFO - DAG(s) 'example_nested_branch_dag' retrieved from /home/airflow/.local/lib/python3.12/site-packages/airflow/example_dags/example_nested_branch_dag.py
[2024-05-12T00:40:47.438+0000] {logging_mixin.py:188} INFO - [2024-05-12T00:40:47.438+0000] {dag.py:3096} INFO - Sync 1 DAGs
[2024-05-12T00:40:47.450+0000] {logging_mixin.py:188} INFO - [2024-05-12T00:40:47.450+0000] {dag.py:3954} INFO - Setting next_dagrun for example_nested_branch_dag to 2024-05-11 00:00:00+00:00, run_after=2024-05-12 00:00:00+00:00
[2024-05-12T00:40:47.459+0000] {processor.py:183} INFO - Processing /home/airflow/.local/lib/python3.12/site-packages/airflow/example_dags/example_nested_branch_dag.py took 0.054 seconds
[2024-05-12T00:41:18.353+0000] {processor.py:161} INFO - Started process (PID=6189) to work on /home/airflow/.local/lib/python3.12/site-packages/airflow/example_dags/example_nested_branch_dag.py
[2024-05-12T00:41:18.354+0000] {processor.py:830} INFO - Processing file /home/airflow/.local/lib/python3.12/site-packages/airflow/example_dags/example_nested_branch_dag.py for tasks to queue
[2024-05-12T00:41:18.356+0000] {logging_mixin.py:188} INFO - [2024-05-12T00:41:18.355+0000] {dagbag.py:545} INFO - Filling up the DagBag from /home/airflow/.local/lib/python3.12/site-packages/airflow/example_dags/example_nested_branch_dag.py
[2024-05-12T00:41:18.364+0000] {processor.py:840} INFO - DAG(s) 'example_nested_branch_dag' retrieved from /home/airflow/.local/lib/python3.12/site-packages/airflow/example_dags/example_nested_branch_dag.py
[2024-05-12T00:41:18.379+0000] {logging_mixin.py:188} INFO - [2024-05-12T00:41:18.379+0000] {dag.py:3096} INFO - Sync 1 DAGs
[2024-05-12T00:41:18.391+0000] {logging_mixin.py:188} INFO - [2024-05-12T00:41:18.391+0000] {dag.py:3954} INFO - Setting next_dagrun for example_nested_branch_dag to 2024-05-11 00:00:00+00:00, run_after=2024-05-12 00:00:00+00:00
[2024-05-12T00:41:18.400+0000] {processor.py:183} INFO - Processing /home/airflow/.local/lib/python3.12/site-packages/airflow/example_dags/example_nested_branch_dag.py took 0.054 seconds
[2024-05-12T00:41:49.090+0000] {processor.py:161} INFO - Started process (PID=6451) to work on /home/airflow/.local/lib/python3.12/site-packages/airflow/example_dags/example_nested_branch_dag.py
[2024-05-12T00:41:49.091+0000] {processor.py:830} INFO - Processing file /home/airflow/.local/lib/python3.12/site-packages/airflow/example_dags/example_nested_branch_dag.py for tasks to queue
[2024-05-12T00:41:49.093+0000] {logging_mixin.py:188} INFO - [2024-05-12T00:41:49.093+0000] {dagbag.py:545} INFO - Filling up the DagBag from /home/airflow/.local/lib/python3.12/site-packages/airflow/example_dags/example_nested_branch_dag.py
[2024-05-12T00:41:49.105+0000] {processor.py:840} INFO - DAG(s) 'example_nested_branch_dag' retrieved from /home/airflow/.local/lib/python3.12/site-packages/airflow/example_dags/example_nested_branch_dag.py
[2024-05-12T00:41:49.120+0000] {logging_mixin.py:188} INFO - [2024-05-12T00:41:49.120+0000] {dag.py:3096} INFO - Sync 1 DAGs
[2024-05-12T00:41:49.132+0000] {logging_mixin.py:188} INFO - [2024-05-12T00:41:49.131+0000] {dag.py:3954} INFO - Setting next_dagrun for example_nested_branch_dag to 2024-05-11 00:00:00+00:00, run_after=2024-05-12 00:00:00+00:00
[2024-05-12T00:41:49.141+0000] {processor.py:183} INFO - Processing /home/airflow/.local/lib/python3.12/site-packages/airflow/example_dags/example_nested_branch_dag.py took 0.059 seconds
[2024-05-12T00:42:19.728+0000] {processor.py:161} INFO - Started process (PID=6713) to work on /home/airflow/.local/lib/python3.12/site-packages/airflow/example_dags/example_nested_branch_dag.py
[2024-05-12T00:42:19.729+0000] {processor.py:830} INFO - Processing file /home/airflow/.local/lib/python3.12/site-packages/airflow/example_dags/example_nested_branch_dag.py for tasks to queue
[2024-05-12T00:42:19.730+0000] {logging_mixin.py:188} INFO - [2024-05-12T00:42:19.730+0000] {dagbag.py:545} INFO - Filling up the DagBag from /home/airflow/.local/lib/python3.12/site-packages/airflow/example_dags/example_nested_branch_dag.py
[2024-05-12T00:42:19.737+0000] {processor.py:840} INFO - DAG(s) 'example_nested_branch_dag' retrieved from /home/airflow/.local/lib/python3.12/site-packages/airflow/example_dags/example_nested_branch_dag.py
[2024-05-12T00:42:19.751+0000] {logging_mixin.py:188} INFO - [2024-05-12T00:42:19.751+0000] {dag.py:3096} INFO - Sync 1 DAGs
[2024-05-12T00:42:19.763+0000] {logging_mixin.py:188} INFO - [2024-05-12T00:42:19.762+0000] {dag.py:3954} INFO - Setting next_dagrun for example_nested_branch_dag to 2024-05-11 00:00:00+00:00, run_after=2024-05-12 00:00:00+00:00
[2024-05-12T00:42:19.773+0000] {processor.py:183} INFO - Processing /home/airflow/.local/lib/python3.12/site-packages/airflow/example_dags/example_nested_branch_dag.py took 0.050 seconds
[2024-05-12T00:42:50.496+0000] {processor.py:161} INFO - Started process (PID=6975) to work on /home/airflow/.local/lib/python3.12/site-packages/airflow/example_dags/example_nested_branch_dag.py
[2024-05-12T00:42:50.498+0000] {processor.py:830} INFO - Processing file /home/airflow/.local/lib/python3.12/site-packages/airflow/example_dags/example_nested_branch_dag.py for tasks to queue
[2024-05-12T00:42:50.500+0000] {logging_mixin.py:188} INFO - [2024-05-12T00:42:50.499+0000] {dagbag.py:545} INFO - Filling up the DagBag from /home/airflow/.local/lib/python3.12/site-packages/airflow/example_dags/example_nested_branch_dag.py
[2024-05-12T00:42:50.510+0000] {processor.py:840} INFO - DAG(s) 'example_nested_branch_dag' retrieved from /home/airflow/.local/lib/python3.12/site-packages/airflow/example_dags/example_nested_branch_dag.py
[2024-05-12T00:42:50.529+0000] {logging_mixin.py:188} INFO - [2024-05-12T00:42:50.529+0000] {dag.py:3096} INFO - Sync 1 DAGs
[2024-05-12T00:42:50.543+0000] {logging_mixin.py:188} INFO - [2024-05-12T00:42:50.543+0000] {dag.py:3954} INFO - Setting next_dagrun for example_nested_branch_dag to 2024-05-11 00:00:00+00:00, run_after=2024-05-12 00:00:00+00:00
[2024-05-12T00:42:50.554+0000] {processor.py:183} INFO - Processing /home/airflow/.local/lib/python3.12/site-packages/airflow/example_dags/example_nested_branch_dag.py took 0.064 seconds
[2024-05-12T00:43:21.243+0000] {processor.py:161} INFO - Started process (PID=7237) to work on /home/airflow/.local/lib/python3.12/site-packages/airflow/example_dags/example_nested_branch_dag.py
[2024-05-12T00:43:21.244+0000] {processor.py:830} INFO - Processing file /home/airflow/.local/lib/python3.12/site-packages/airflow/example_dags/example_nested_branch_dag.py for tasks to queue
[2024-05-12T00:43:21.247+0000] {logging_mixin.py:188} INFO - [2024-05-12T00:43:21.246+0000] {dagbag.py:545} INFO - Filling up the DagBag from /home/airflow/.local/lib/python3.12/site-packages/airflow/example_dags/example_nested_branch_dag.py
[2024-05-12T00:43:21.259+0000] {processor.py:840} INFO - DAG(s) 'example_nested_branch_dag' retrieved from /home/airflow/.local/lib/python3.12/site-packages/airflow/example_dags/example_nested_branch_dag.py
[2024-05-12T00:43:21.278+0000] {logging_mixin.py:188} INFO - [2024-05-12T00:43:21.277+0000] {dag.py:3096} INFO - Sync 1 DAGs
[2024-05-12T00:43:21.290+0000] {logging_mixin.py:188} INFO - [2024-05-12T00:43:21.290+0000] {dag.py:3954} INFO - Setting next_dagrun for example_nested_branch_dag to 2024-05-11 00:00:00+00:00, run_after=2024-05-12 00:00:00+00:00
[2024-05-12T00:43:21.300+0000] {processor.py:183} INFO - Processing /home/airflow/.local/lib/python3.12/site-packages/airflow/example_dags/example_nested_branch_dag.py took 0.066 seconds
[2024-05-12T00:43:52.027+0000] {processor.py:161} INFO - Started process (PID=7499) to work on /home/airflow/.local/lib/python3.12/site-packages/airflow/example_dags/example_nested_branch_dag.py
[2024-05-12T00:43:52.029+0000] {processor.py:830} INFO - Processing file /home/airflow/.local/lib/python3.12/site-packages/airflow/example_dags/example_nested_branch_dag.py for tasks to queue
[2024-05-12T00:43:52.032+0000] {logging_mixin.py:188} INFO - [2024-05-12T00:43:52.031+0000] {dagbag.py:545} INFO - Filling up the DagBag from /home/airflow/.local/lib/python3.12/site-packages/airflow/example_dags/example_nested_branch_dag.py
[2024-05-12T00:43:52.044+0000] {processor.py:840} INFO - DAG(s) 'example_nested_branch_dag' retrieved from /home/airflow/.local/lib/python3.12/site-packages/airflow/example_dags/example_nested_branch_dag.py
[2024-05-12T00:43:52.060+0000] {logging_mixin.py:188} INFO - [2024-05-12T00:43:52.059+0000] {dag.py:3096} INFO - Sync 1 DAGs
[2024-05-12T00:43:52.072+0000] {logging_mixin.py:188} INFO - [2024-05-12T00:43:52.072+0000] {dag.py:3954} INFO - Setting next_dagrun for example_nested_branch_dag to 2024-05-11 00:00:00+00:00, run_after=2024-05-12 00:00:00+00:00
[2024-05-12T00:43:52.082+0000] {processor.py:183} INFO - Processing /home/airflow/.local/lib/python3.12/site-packages/airflow/example_dags/example_nested_branch_dag.py took 0.063 seconds
[2024-05-12T00:44:22.744+0000] {processor.py:161} INFO - Started process (PID=7760) to work on /home/airflow/.local/lib/python3.12/site-packages/airflow/example_dags/example_nested_branch_dag.py
[2024-05-12T00:44:22.746+0000] {processor.py:830} INFO - Processing file /home/airflow/.local/lib/python3.12/site-packages/airflow/example_dags/example_nested_branch_dag.py for tasks to queue
[2024-05-12T00:44:22.750+0000] {logging_mixin.py:188} INFO - [2024-05-12T00:44:22.749+0000] {dagbag.py:545} INFO - Filling up the DagBag from /home/airflow/.local/lib/python3.12/site-packages/airflow/example_dags/example_nested_branch_dag.py
[2024-05-12T00:44:22.762+0000] {processor.py:840} INFO - DAG(s) 'example_nested_branch_dag' retrieved from /home/airflow/.local/lib/python3.12/site-packages/airflow/example_dags/example_nested_branch_dag.py
[2024-05-12T00:44:22.777+0000] {logging_mixin.py:188} INFO - [2024-05-12T00:44:22.777+0000] {dag.py:3096} INFO - Sync 1 DAGs
[2024-05-12T00:44:22.789+0000] {logging_mixin.py:188} INFO - [2024-05-12T00:44:22.789+0000] {dag.py:3954} INFO - Setting next_dagrun for example_nested_branch_dag to 2024-05-11 00:00:00+00:00, run_after=2024-05-12 00:00:00+00:00
[2024-05-12T00:44:22.800+0000] {processor.py:183} INFO - Processing /home/airflow/.local/lib/python3.12/site-packages/airflow/example_dags/example_nested_branch_dag.py took 0.064 seconds
[2024-05-12T00:44:53.423+0000] {processor.py:161} INFO - Started process (PID=8022) to work on /home/airflow/.local/lib/python3.12/site-packages/airflow/example_dags/example_nested_branch_dag.py
[2024-05-12T00:44:53.424+0000] {processor.py:830} INFO - Processing file /home/airflow/.local/lib/python3.12/site-packages/airflow/example_dags/example_nested_branch_dag.py for tasks to queue
[2024-05-12T00:44:53.426+0000] {logging_mixin.py:188} INFO - [2024-05-12T00:44:53.425+0000] {dagbag.py:545} INFO - Filling up the DagBag from /home/airflow/.local/lib/python3.12/site-packages/airflow/example_dags/example_nested_branch_dag.py
[2024-05-12T00:44:53.431+0000] {processor.py:840} INFO - DAG(s) 'example_nested_branch_dag' retrieved from /home/airflow/.local/lib/python3.12/site-packages/airflow/example_dags/example_nested_branch_dag.py
[2024-05-12T00:44:53.443+0000] {logging_mixin.py:188} INFO - [2024-05-12T00:44:53.443+0000] {dag.py:3096} INFO - Sync 1 DAGs
[2024-05-12T00:44:53.455+0000] {logging_mixin.py:188} INFO - [2024-05-12T00:44:53.455+0000] {dag.py:3954} INFO - Setting next_dagrun for example_nested_branch_dag to 2024-05-11 00:00:00+00:00, run_after=2024-05-12 00:00:00+00:00
[2024-05-12T00:44:53.510+0000] {processor.py:183} INFO - Processing /home/airflow/.local/lib/python3.12/site-packages/airflow/example_dags/example_nested_branch_dag.py took 0.091 seconds
[2024-05-12T00:45:24.235+0000] {processor.py:161} INFO - Started process (PID=8283) to work on /home/airflow/.local/lib/python3.12/site-packages/airflow/example_dags/example_nested_branch_dag.py
[2024-05-12T00:45:24.236+0000] {processor.py:830} INFO - Processing file /home/airflow/.local/lib/python3.12/site-packages/airflow/example_dags/example_nested_branch_dag.py for tasks to queue
[2024-05-12T00:45:24.237+0000] {logging_mixin.py:188} INFO - [2024-05-12T00:45:24.237+0000] {dagbag.py:545} INFO - Filling up the DagBag from /home/airflow/.local/lib/python3.12/site-packages/airflow/example_dags/example_nested_branch_dag.py
[2024-05-12T00:45:24.244+0000] {processor.py:840} INFO - DAG(s) 'example_nested_branch_dag' retrieved from /home/airflow/.local/lib/python3.12/site-packages/airflow/example_dags/example_nested_branch_dag.py
[2024-05-12T00:45:24.257+0000] {logging_mixin.py:188} INFO - [2024-05-12T00:45:24.257+0000] {dag.py:3096} INFO - Sync 1 DAGs
[2024-05-12T00:45:24.270+0000] {logging_mixin.py:188} INFO - [2024-05-12T00:45:24.269+0000] {dag.py:3954} INFO - Setting next_dagrun for example_nested_branch_dag to 2024-05-11 00:00:00+00:00, run_after=2024-05-12 00:00:00+00:00
[2024-05-12T00:45:24.281+0000] {processor.py:183} INFO - Processing /home/airflow/.local/lib/python3.12/site-packages/airflow/example_dags/example_nested_branch_dag.py took 0.049 seconds
[2024-05-12T00:45:54.941+0000] {processor.py:161} INFO - Started process (PID=8545) to work on /home/airflow/.local/lib/python3.12/site-packages/airflow/example_dags/example_nested_branch_dag.py
[2024-05-12T00:45:54.943+0000] {processor.py:830} INFO - Processing file /home/airflow/.local/lib/python3.12/site-packages/airflow/example_dags/example_nested_branch_dag.py for tasks to queue
[2024-05-12T00:45:54.945+0000] {logging_mixin.py:188} INFO - [2024-05-12T00:45:54.945+0000] {dagbag.py:545} INFO - Filling up the DagBag from /home/airflow/.local/lib/python3.12/site-packages/airflow/example_dags/example_nested_branch_dag.py
[2024-05-12T00:45:54.957+0000] {processor.py:840} INFO - DAG(s) 'example_nested_branch_dag' retrieved from /home/airflow/.local/lib/python3.12/site-packages/airflow/example_dags/example_nested_branch_dag.py
[2024-05-12T00:45:54.976+0000] {logging_mixin.py:188} INFO - [2024-05-12T00:45:54.976+0000] {dag.py:3096} INFO - Sync 1 DAGs
[2024-05-12T00:45:54.989+0000] {logging_mixin.py:188} INFO - [2024-05-12T00:45:54.988+0000] {dag.py:3954} INFO - Setting next_dagrun for example_nested_branch_dag to 2024-05-11 00:00:00+00:00, run_after=2024-05-12 00:00:00+00:00
[2024-05-12T00:45:54.998+0000] {processor.py:183} INFO - Processing /home/airflow/.local/lib/python3.12/site-packages/airflow/example_dags/example_nested_branch_dag.py took 0.065 seconds
[2024-05-12T00:46:25.781+0000] {processor.py:161} INFO - Started process (PID=8807) to work on /home/airflow/.local/lib/python3.12/site-packages/airflow/example_dags/example_nested_branch_dag.py
[2024-05-12T00:46:25.782+0000] {processor.py:830} INFO - Processing file /home/airflow/.local/lib/python3.12/site-packages/airflow/example_dags/example_nested_branch_dag.py for tasks to queue
[2024-05-12T00:46:25.783+0000] {logging_mixin.py:188} INFO - [2024-05-12T00:46:25.783+0000] {dagbag.py:545} INFO - Filling up the DagBag from /home/airflow/.local/lib/python3.12/site-packages/airflow/example_dags/example_nested_branch_dag.py
[2024-05-12T00:46:25.789+0000] {processor.py:840} INFO - DAG(s) 'example_nested_branch_dag' retrieved from /home/airflow/.local/lib/python3.12/site-packages/airflow/example_dags/example_nested_branch_dag.py
[2024-05-12T00:46:25.805+0000] {logging_mixin.py:188} INFO - [2024-05-12T00:46:25.805+0000] {dag.py:3096} INFO - Sync 1 DAGs
[2024-05-12T00:46:25.817+0000] {logging_mixin.py:188} INFO - [2024-05-12T00:46:25.817+0000] {dag.py:3954} INFO - Setting next_dagrun for example_nested_branch_dag to 2024-05-11 00:00:00+00:00, run_after=2024-05-12 00:00:00+00:00
[2024-05-12T00:46:25.826+0000] {processor.py:183} INFO - Processing /home/airflow/.local/lib/python3.12/site-packages/airflow/example_dags/example_nested_branch_dag.py took 0.050 seconds
[2024-05-12T00:46:56.529+0000] {processor.py:161} INFO - Started process (PID=9069) to work on /home/airflow/.local/lib/python3.12/site-packages/airflow/example_dags/example_nested_branch_dag.py
[2024-05-12T00:46:56.530+0000] {processor.py:830} INFO - Processing file /home/airflow/.local/lib/python3.12/site-packages/airflow/example_dags/example_nested_branch_dag.py for tasks to queue
[2024-05-12T00:46:56.531+0000] {logging_mixin.py:188} INFO - [2024-05-12T00:46:56.531+0000] {dagbag.py:545} INFO - Filling up the DagBag from /home/airflow/.local/lib/python3.12/site-packages/airflow/example_dags/example_nested_branch_dag.py
[2024-05-12T00:46:56.538+0000] {processor.py:840} INFO - DAG(s) 'example_nested_branch_dag' retrieved from /home/airflow/.local/lib/python3.12/site-packages/airflow/example_dags/example_nested_branch_dag.py
[2024-05-12T00:46:56.553+0000] {logging_mixin.py:188} INFO - [2024-05-12T00:46:56.553+0000] {dag.py:3096} INFO - Sync 1 DAGs
[2024-05-12T00:46:56.565+0000] {logging_mixin.py:188} INFO - [2024-05-12T00:46:56.565+0000] {dag.py:3954} INFO - Setting next_dagrun for example_nested_branch_dag to 2024-05-11 00:00:00+00:00, run_after=2024-05-12 00:00:00+00:00
[2024-05-12T00:46:56.574+0000] {processor.py:183} INFO - Processing /home/airflow/.local/lib/python3.12/site-packages/airflow/example_dags/example_nested_branch_dag.py took 0.054 seconds
[2024-05-12T00:47:27.482+0000] {processor.py:161} INFO - Started process (PID=9330) to work on /home/airflow/.local/lib/python3.12/site-packages/airflow/example_dags/example_nested_branch_dag.py
[2024-05-12T00:47:27.484+0000] {processor.py:830} INFO - Processing file /home/airflow/.local/lib/python3.12/site-packages/airflow/example_dags/example_nested_branch_dag.py for tasks to queue
[2024-05-12T00:47:27.486+0000] {logging_mixin.py:188} INFO - [2024-05-12T00:47:27.485+0000] {dagbag.py:545} INFO - Filling up the DagBag from /home/airflow/.local/lib/python3.12/site-packages/airflow/example_dags/example_nested_branch_dag.py
[2024-05-12T00:47:27.497+0000] {processor.py:840} INFO - DAG(s) 'example_nested_branch_dag' retrieved from /home/airflow/.local/lib/python3.12/site-packages/airflow/example_dags/example_nested_branch_dag.py
[2024-05-12T00:47:27.514+0000] {logging_mixin.py:188} INFO - [2024-05-12T00:47:27.514+0000] {dag.py:3096} INFO - Sync 1 DAGs
[2024-05-12T00:47:27.526+0000] {logging_mixin.py:188} INFO - [2024-05-12T00:47:27.525+0000] {dag.py:3954} INFO - Setting next_dagrun for example_nested_branch_dag to 2024-05-11 00:00:00+00:00, run_after=2024-05-12 00:00:00+00:00
[2024-05-12T00:47:27.535+0000] {processor.py:183} INFO - Processing /home/airflow/.local/lib/python3.12/site-packages/airflow/example_dags/example_nested_branch_dag.py took 0.061 seconds
[2024-05-12T00:47:58.343+0000] {processor.py:161} INFO - Started process (PID=9592) to work on /home/airflow/.local/lib/python3.12/site-packages/airflow/example_dags/example_nested_branch_dag.py
[2024-05-12T00:47:58.346+0000] {processor.py:830} INFO - Processing file /home/airflow/.local/lib/python3.12/site-packages/airflow/example_dags/example_nested_branch_dag.py for tasks to queue
[2024-05-12T00:47:58.349+0000] {logging_mixin.py:188} INFO - [2024-05-12T00:47:58.348+0000] {dagbag.py:545} INFO - Filling up the DagBag from /home/airflow/.local/lib/python3.12/site-packages/airflow/example_dags/example_nested_branch_dag.py
[2024-05-12T00:47:58.359+0000] {processor.py:840} INFO - DAG(s) 'example_nested_branch_dag' retrieved from /home/airflow/.local/lib/python3.12/site-packages/airflow/example_dags/example_nested_branch_dag.py
[2024-05-12T00:47:58.375+0000] {logging_mixin.py:188} INFO - [2024-05-12T00:47:58.375+0000] {dag.py:3096} INFO - Sync 1 DAGs
[2024-05-12T00:47:58.386+0000] {logging_mixin.py:188} INFO - [2024-05-12T00:47:58.386+0000] {dag.py:3954} INFO - Setting next_dagrun for example_nested_branch_dag to 2024-05-11 00:00:00+00:00, run_after=2024-05-12 00:00:00+00:00
[2024-05-12T00:47:58.395+0000] {processor.py:183} INFO - Processing /home/airflow/.local/lib/python3.12/site-packages/airflow/example_dags/example_nested_branch_dag.py took 0.060 seconds
[2024-05-12T00:48:29.192+0000] {processor.py:161} INFO - Started process (PID=9854) to work on /home/airflow/.local/lib/python3.12/site-packages/airflow/example_dags/example_nested_branch_dag.py
[2024-05-12T00:48:29.193+0000] {processor.py:830} INFO - Processing file /home/airflow/.local/lib/python3.12/site-packages/airflow/example_dags/example_nested_branch_dag.py for tasks to queue
[2024-05-12T00:48:29.195+0000] {logging_mixin.py:188} INFO - [2024-05-12T00:48:29.195+0000] {dagbag.py:545} INFO - Filling up the DagBag from /home/airflow/.local/lib/python3.12/site-packages/airflow/example_dags/example_nested_branch_dag.py
[2024-05-12T00:48:29.206+0000] {processor.py:840} INFO - DAG(s) 'example_nested_branch_dag' retrieved from /home/airflow/.local/lib/python3.12/site-packages/airflow/example_dags/example_nested_branch_dag.py
[2024-05-12T00:48:29.222+0000] {logging_mixin.py:188} INFO - [2024-05-12T00:48:29.221+0000] {dag.py:3096} INFO - Sync 1 DAGs
[2024-05-12T00:48:29.233+0000] {logging_mixin.py:188} INFO - [2024-05-12T00:48:29.233+0000] {dag.py:3954} INFO - Setting next_dagrun for example_nested_branch_dag to 2024-05-11 00:00:00+00:00, run_after=2024-05-12 00:00:00+00:00
[2024-05-12T00:48:29.242+0000] {processor.py:183} INFO - Processing /home/airflow/.local/lib/python3.12/site-packages/airflow/example_dags/example_nested_branch_dag.py took 0.058 seconds
[2024-05-12T00:48:59.365+0000] {processor.py:161} INFO - Started process (PID=10116) to work on /home/airflow/.local/lib/python3.12/site-packages/airflow/example_dags/example_nested_branch_dag.py
[2024-05-12T00:48:59.367+0000] {processor.py:830} INFO - Processing file /home/airflow/.local/lib/python3.12/site-packages/airflow/example_dags/example_nested_branch_dag.py for tasks to queue
[2024-05-12T00:48:59.370+0000] {logging_mixin.py:188} INFO - [2024-05-12T00:48:59.370+0000] {dagbag.py:545} INFO - Filling up the DagBag from /home/airflow/.local/lib/python3.12/site-packages/airflow/example_dags/example_nested_branch_dag.py
[2024-05-12T00:48:59.381+0000] {processor.py:840} INFO - DAG(s) 'example_nested_branch_dag' retrieved from /home/airflow/.local/lib/python3.12/site-packages/airflow/example_dags/example_nested_branch_dag.py
[2024-05-12T00:48:59.397+0000] {logging_mixin.py:188} INFO - [2024-05-12T00:48:59.397+0000] {dag.py:3096} INFO - Sync 1 DAGs
[2024-05-12T00:48:59.410+0000] {logging_mixin.py:188} INFO - [2024-05-12T00:48:59.410+0000] {dag.py:3954} INFO - Setting next_dagrun for example_nested_branch_dag to 2024-05-11 00:00:00+00:00, run_after=2024-05-12 00:00:00+00:00
[2024-05-12T00:48:59.421+0000] {processor.py:183} INFO - Processing /home/airflow/.local/lib/python3.12/site-packages/airflow/example_dags/example_nested_branch_dag.py took 0.064 seconds
[2024-05-12T01:06:45.007+0000] {processor.py:161} INFO - Started process (PID=10378) to work on /home/airflow/.local/lib/python3.12/site-packages/airflow/example_dags/example_nested_branch_dag.py
[2024-05-12T01:06:45.008+0000] {processor.py:830} INFO - Processing file /home/airflow/.local/lib/python3.12/site-packages/airflow/example_dags/example_nested_branch_dag.py for tasks to queue
[2024-05-12T01:06:45.009+0000] {logging_mixin.py:188} INFO - [2024-05-12T01:06:45.009+0000] {dagbag.py:545} INFO - Filling up the DagBag from /home/airflow/.local/lib/python3.12/site-packages/airflow/example_dags/example_nested_branch_dag.py
[2024-05-12T01:06:45.016+0000] {processor.py:840} INFO - DAG(s) 'example_nested_branch_dag' retrieved from /home/airflow/.local/lib/python3.12/site-packages/airflow/example_dags/example_nested_branch_dag.py
[2024-05-12T01:06:45.030+0000] {logging_mixin.py:188} INFO - [2024-05-12T01:06:45.030+0000] {dag.py:3096} INFO - Sync 1 DAGs
[2024-05-12T01:06:45.134+0000] {logging_mixin.py:188} INFO - [2024-05-12T01:06:45.133+0000] {dag.py:3954} INFO - Setting next_dagrun for example_nested_branch_dag to 2024-05-11 00:00:00+00:00, run_after=2024-05-12 00:00:00+00:00
[2024-05-12T01:06:45.143+0000] {processor.py:183} INFO - Processing /home/airflow/.local/lib/python3.12/site-packages/airflow/example_dags/example_nested_branch_dag.py took 0.141 seconds
[2024-05-12T01:10:16.157+0000] {processor.py:161} INFO - Started process (PID=10639) to work on /home/airflow/.local/lib/python3.12/site-packages/airflow/example_dags/example_nested_branch_dag.py
[2024-05-12T01:10:16.158+0000] {processor.py:830} INFO - Processing file /home/airflow/.local/lib/python3.12/site-packages/airflow/example_dags/example_nested_branch_dag.py for tasks to queue
[2024-05-12T01:10:16.160+0000] {logging_mixin.py:188} INFO - [2024-05-12T01:10:16.160+0000] {dagbag.py:545} INFO - Filling up the DagBag from /home/airflow/.local/lib/python3.12/site-packages/airflow/example_dags/example_nested_branch_dag.py
[2024-05-12T01:10:16.170+0000] {processor.py:840} INFO - DAG(s) 'example_nested_branch_dag' retrieved from /home/airflow/.local/lib/python3.12/site-packages/airflow/example_dags/example_nested_branch_dag.py
[2024-05-12T01:10:16.185+0000] {logging_mixin.py:188} INFO - [2024-05-12T01:10:16.185+0000] {dag.py:3096} INFO - Sync 1 DAGs
[2024-05-12T01:10:16.200+0000] {logging_mixin.py:188} INFO - [2024-05-12T01:10:16.200+0000] {dag.py:3954} INFO - Setting next_dagrun for example_nested_branch_dag to 2024-05-11 00:00:00+00:00, run_after=2024-05-12 00:00:00+00:00
[2024-05-12T01:10:16.330+0000] {processor.py:183} INFO - Processing /home/airflow/.local/lib/python3.12/site-packages/airflow/example_dags/example_nested_branch_dag.py took 0.178 seconds
[2024-05-12T01:10:47.071+0000] {processor.py:161} INFO - Started process (PID=10901) to work on /home/airflow/.local/lib/python3.12/site-packages/airflow/example_dags/example_nested_branch_dag.py
[2024-05-12T01:10:47.072+0000] {processor.py:830} INFO - Processing file /home/airflow/.local/lib/python3.12/site-packages/airflow/example_dags/example_nested_branch_dag.py for tasks to queue
[2024-05-12T01:10:47.073+0000] {logging_mixin.py:188} INFO - [2024-05-12T01:10:47.073+0000] {dagbag.py:545} INFO - Filling up the DagBag from /home/airflow/.local/lib/python3.12/site-packages/airflow/example_dags/example_nested_branch_dag.py
[2024-05-12T01:10:47.079+0000] {processor.py:840} INFO - DAG(s) 'example_nested_branch_dag' retrieved from /home/airflow/.local/lib/python3.12/site-packages/airflow/example_dags/example_nested_branch_dag.py
[2024-05-12T01:10:47.094+0000] {logging_mixin.py:188} INFO - [2024-05-12T01:10:47.094+0000] {dag.py:3096} INFO - Sync 1 DAGs
[2024-05-12T01:10:47.106+0000] {logging_mixin.py:188} INFO - [2024-05-12T01:10:47.106+0000] {dag.py:3954} INFO - Setting next_dagrun for example_nested_branch_dag to 2024-05-11 00:00:00+00:00, run_after=2024-05-12 00:00:00+00:00
[2024-05-12T01:10:47.118+0000] {processor.py:183} INFO - Processing /home/airflow/.local/lib/python3.12/site-packages/airflow/example_dags/example_nested_branch_dag.py took 0.051 seconds
[2024-05-12T01:11:17.653+0000] {processor.py:161} INFO - Started process (PID=11163) to work on /home/airflow/.local/lib/python3.12/site-packages/airflow/example_dags/example_nested_branch_dag.py
[2024-05-12T01:11:17.656+0000] {processor.py:830} INFO - Processing file /home/airflow/.local/lib/python3.12/site-packages/airflow/example_dags/example_nested_branch_dag.py for tasks to queue
[2024-05-12T01:11:17.657+0000] {logging_mixin.py:188} INFO - [2024-05-12T01:11:17.657+0000] {dagbag.py:545} INFO - Filling up the DagBag from /home/airflow/.local/lib/python3.12/site-packages/airflow/example_dags/example_nested_branch_dag.py
[2024-05-12T01:11:17.667+0000] {processor.py:840} INFO - DAG(s) 'example_nested_branch_dag' retrieved from /home/airflow/.local/lib/python3.12/site-packages/airflow/example_dags/example_nested_branch_dag.py
[2024-05-12T01:11:17.681+0000] {logging_mixin.py:188} INFO - [2024-05-12T01:11:17.681+0000] {dag.py:3096} INFO - Sync 1 DAGs
[2024-05-12T01:11:17.693+0000] {logging_mixin.py:188} INFO - [2024-05-12T01:11:17.693+0000] {dag.py:3954} INFO - Setting next_dagrun for example_nested_branch_dag to 2024-05-11 00:00:00+00:00, run_after=2024-05-12 00:00:00+00:00
[2024-05-12T01:11:17.702+0000] {processor.py:183} INFO - Processing /home/airflow/.local/lib/python3.12/site-packages/airflow/example_dags/example_nested_branch_dag.py took 0.056 seconds
[2024-05-12T01:11:48.462+0000] {processor.py:161} INFO - Started process (PID=11425) to work on /home/airflow/.local/lib/python3.12/site-packages/airflow/example_dags/example_nested_branch_dag.py
[2024-05-12T01:11:48.463+0000] {processor.py:830} INFO - Processing file /home/airflow/.local/lib/python3.12/site-packages/airflow/example_dags/example_nested_branch_dag.py for tasks to queue
[2024-05-12T01:11:48.464+0000] {logging_mixin.py:188} INFO - [2024-05-12T01:11:48.464+0000] {dagbag.py:545} INFO - Filling up the DagBag from /home/airflow/.local/lib/python3.12/site-packages/airflow/example_dags/example_nested_branch_dag.py
[2024-05-12T01:11:48.470+0000] {processor.py:840} INFO - DAG(s) 'example_nested_branch_dag' retrieved from /home/airflow/.local/lib/python3.12/site-packages/airflow/example_dags/example_nested_branch_dag.py
[2024-05-12T01:11:48.483+0000] {logging_mixin.py:188} INFO - [2024-05-12T01:11:48.483+0000] {dag.py:3096} INFO - Sync 1 DAGs
[2024-05-12T01:11:48.496+0000] {logging_mixin.py:188} INFO - [2024-05-12T01:11:48.496+0000] {dag.py:3954} INFO - Setting next_dagrun for example_nested_branch_dag to 2024-05-11 00:00:00+00:00, run_after=2024-05-12 00:00:00+00:00
[2024-05-12T01:11:48.507+0000] {processor.py:183} INFO - Processing /home/airflow/.local/lib/python3.12/site-packages/airflow/example_dags/example_nested_branch_dag.py took 0.049 seconds
[2024-05-12T01:12:19.369+0000] {processor.py:161} INFO - Started process (PID=11687) to work on /home/airflow/.local/lib/python3.12/site-packages/airflow/example_dags/example_nested_branch_dag.py
[2024-05-12T01:12:19.370+0000] {processor.py:830} INFO - Processing file /home/airflow/.local/lib/python3.12/site-packages/airflow/example_dags/example_nested_branch_dag.py for tasks to queue
[2024-05-12T01:12:19.373+0000] {logging_mixin.py:188} INFO - [2024-05-12T01:12:19.372+0000] {dagbag.py:545} INFO - Filling up the DagBag from /home/airflow/.local/lib/python3.12/site-packages/airflow/example_dags/example_nested_branch_dag.py
[2024-05-12T01:12:19.383+0000] {processor.py:840} INFO - DAG(s) 'example_nested_branch_dag' retrieved from /home/airflow/.local/lib/python3.12/site-packages/airflow/example_dags/example_nested_branch_dag.py
[2024-05-12T01:12:19.399+0000] {logging_mixin.py:188} INFO - [2024-05-12T01:12:19.399+0000] {dag.py:3096} INFO - Sync 1 DAGs
[2024-05-12T01:12:19.411+0000] {logging_mixin.py:188} INFO - [2024-05-12T01:12:19.411+0000] {dag.py:3954} INFO - Setting next_dagrun for example_nested_branch_dag to 2024-05-11 00:00:00+00:00, run_after=2024-05-12 00:00:00+00:00
[2024-05-12T01:12:19.422+0000] {processor.py:183} INFO - Processing /home/airflow/.local/lib/python3.12/site-packages/airflow/example_dags/example_nested_branch_dag.py took 0.062 seconds
[2024-05-12T01:12:50.290+0000] {processor.py:161} INFO - Started process (PID=11949) to work on /home/airflow/.local/lib/python3.12/site-packages/airflow/example_dags/example_nested_branch_dag.py
[2024-05-12T01:12:50.291+0000] {processor.py:830} INFO - Processing file /home/airflow/.local/lib/python3.12/site-packages/airflow/example_dags/example_nested_branch_dag.py for tasks to queue
[2024-05-12T01:12:50.294+0000] {logging_mixin.py:188} INFO - [2024-05-12T01:12:50.293+0000] {dagbag.py:545} INFO - Filling up the DagBag from /home/airflow/.local/lib/python3.12/site-packages/airflow/example_dags/example_nested_branch_dag.py
[2024-05-12T01:12:50.304+0000] {processor.py:840} INFO - DAG(s) 'example_nested_branch_dag' retrieved from /home/airflow/.local/lib/python3.12/site-packages/airflow/example_dags/example_nested_branch_dag.py
[2024-05-12T01:12:50.325+0000] {logging_mixin.py:188} INFO - [2024-05-12T01:12:50.325+0000] {dag.py:3096} INFO - Sync 1 DAGs
[2024-05-12T01:12:50.337+0000] {logging_mixin.py:188} INFO - [2024-05-12T01:12:50.336+0000] {dag.py:3954} INFO - Setting next_dagrun for example_nested_branch_dag to 2024-05-11 00:00:00+00:00, run_after=2024-05-12 00:00:00+00:00
[2024-05-12T01:12:50.346+0000] {processor.py:183} INFO - Processing /home/airflow/.local/lib/python3.12/site-packages/airflow/example_dags/example_nested_branch_dag.py took 0.065 seconds
[2024-05-12T01:13:21.169+0000] {processor.py:161} INFO - Started process (PID=12210) to work on /home/airflow/.local/lib/python3.12/site-packages/airflow/example_dags/example_nested_branch_dag.py
[2024-05-12T01:13:21.171+0000] {processor.py:830} INFO - Processing file /home/airflow/.local/lib/python3.12/site-packages/airflow/example_dags/example_nested_branch_dag.py for tasks to queue
[2024-05-12T01:13:21.174+0000] {logging_mixin.py:188} INFO - [2024-05-12T01:13:21.174+0000] {dagbag.py:545} INFO - Filling up the DagBag from /home/airflow/.local/lib/python3.12/site-packages/airflow/example_dags/example_nested_branch_dag.py
[2024-05-12T01:13:21.186+0000] {processor.py:840} INFO - DAG(s) 'example_nested_branch_dag' retrieved from /home/airflow/.local/lib/python3.12/site-packages/airflow/example_dags/example_nested_branch_dag.py
[2024-05-12T01:13:21.203+0000] {logging_mixin.py:188} INFO - [2024-05-12T01:13:21.203+0000] {dag.py:3096} INFO - Sync 1 DAGs
[2024-05-12T01:13:21.216+0000] {logging_mixin.py:188} INFO - [2024-05-12T01:13:21.216+0000] {dag.py:3954} INFO - Setting next_dagrun for example_nested_branch_dag to 2024-05-11 00:00:00+00:00, run_after=2024-05-12 00:00:00+00:00
[2024-05-12T01:13:21.225+0000] {processor.py:183} INFO - Processing /home/airflow/.local/lib/python3.12/site-packages/airflow/example_dags/example_nested_branch_dag.py took 0.064 seconds
[2024-05-12T01:13:52.074+0000] {processor.py:161} INFO - Started process (PID=12472) to work on /home/airflow/.local/lib/python3.12/site-packages/airflow/example_dags/example_nested_branch_dag.py
[2024-05-12T01:13:52.076+0000] {processor.py:830} INFO - Processing file /home/airflow/.local/lib/python3.12/site-packages/airflow/example_dags/example_nested_branch_dag.py for tasks to queue
[2024-05-12T01:13:52.079+0000] {logging_mixin.py:188} INFO - [2024-05-12T01:13:52.078+0000] {dagbag.py:545} INFO - Filling up the DagBag from /home/airflow/.local/lib/python3.12/site-packages/airflow/example_dags/example_nested_branch_dag.py
[2024-05-12T01:13:52.090+0000] {processor.py:840} INFO - DAG(s) 'example_nested_branch_dag' retrieved from /home/airflow/.local/lib/python3.12/site-packages/airflow/example_dags/example_nested_branch_dag.py
[2024-05-12T01:13:52.112+0000] {logging_mixin.py:188} INFO - [2024-05-12T01:13:52.112+0000] {dag.py:3096} INFO - Sync 1 DAGs
[2024-05-12T01:13:52.126+0000] {logging_mixin.py:188} INFO - [2024-05-12T01:13:52.125+0000] {dag.py:3954} INFO - Setting next_dagrun for example_nested_branch_dag to 2024-05-11 00:00:00+00:00, run_after=2024-05-12 00:00:00+00:00
[2024-05-12T01:13:52.137+0000] {processor.py:183} INFO - Processing /home/airflow/.local/lib/python3.12/site-packages/airflow/example_dags/example_nested_branch_dag.py took 0.071 seconds
[2024-05-12T01:14:22.968+0000] {processor.py:161} INFO - Started process (PID=12733) to work on /home/airflow/.local/lib/python3.12/site-packages/airflow/example_dags/example_nested_branch_dag.py
[2024-05-12T01:14:22.969+0000] {processor.py:830} INFO - Processing file /home/airflow/.local/lib/python3.12/site-packages/airflow/example_dags/example_nested_branch_dag.py for tasks to queue
[2024-05-12T01:14:22.971+0000] {logging_mixin.py:188} INFO - [2024-05-12T01:14:22.971+0000] {dagbag.py:545} INFO - Filling up the DagBag from /home/airflow/.local/lib/python3.12/site-packages/airflow/example_dags/example_nested_branch_dag.py
[2024-05-12T01:14:22.978+0000] {processor.py:840} INFO - DAG(s) 'example_nested_branch_dag' retrieved from /home/airflow/.local/lib/python3.12/site-packages/airflow/example_dags/example_nested_branch_dag.py
[2024-05-12T01:14:22.992+0000] {logging_mixin.py:188} INFO - [2024-05-12T01:14:22.992+0000] {dag.py:3096} INFO - Sync 1 DAGs
[2024-05-12T01:14:23.005+0000] {logging_mixin.py:188} INFO - [2024-05-12T01:14:23.005+0000] {dag.py:3954} INFO - Setting next_dagrun for example_nested_branch_dag to 2024-05-11 00:00:00+00:00, run_after=2024-05-12 00:00:00+00:00
[2024-05-12T01:14:23.014+0000] {processor.py:183} INFO - Processing /home/airflow/.local/lib/python3.12/site-packages/airflow/example_dags/example_nested_branch_dag.py took 0.052 seconds
[2024-05-12T01:14:53.930+0000] {processor.py:161} INFO - Started process (PID=12995) to work on /home/airflow/.local/lib/python3.12/site-packages/airflow/example_dags/example_nested_branch_dag.py
[2024-05-12T01:14:53.932+0000] {processor.py:830} INFO - Processing file /home/airflow/.local/lib/python3.12/site-packages/airflow/example_dags/example_nested_branch_dag.py for tasks to queue
[2024-05-12T01:14:53.934+0000] {logging_mixin.py:188} INFO - [2024-05-12T01:14:53.933+0000] {dagbag.py:545} INFO - Filling up the DagBag from /home/airflow/.local/lib/python3.12/site-packages/airflow/example_dags/example_nested_branch_dag.py
[2024-05-12T01:14:53.945+0000] {processor.py:840} INFO - DAG(s) 'example_nested_branch_dag' retrieved from /home/airflow/.local/lib/python3.12/site-packages/airflow/example_dags/example_nested_branch_dag.py
[2024-05-12T01:14:53.967+0000] {logging_mixin.py:188} INFO - [2024-05-12T01:14:53.967+0000] {dag.py:3096} INFO - Sync 1 DAGs
[2024-05-12T01:14:53.979+0000] {logging_mixin.py:188} INFO - [2024-05-12T01:14:53.979+0000] {dag.py:3954} INFO - Setting next_dagrun for example_nested_branch_dag to 2024-05-11 00:00:00+00:00, run_after=2024-05-12 00:00:00+00:00
[2024-05-12T01:14:53.989+0000] {processor.py:183} INFO - Processing /home/airflow/.local/lib/python3.12/site-packages/airflow/example_dags/example_nested_branch_dag.py took 0.068 seconds
[2024-05-12T01:15:24.941+0000] {processor.py:161} INFO - Started process (PID=13257) to work on /home/airflow/.local/lib/python3.12/site-packages/airflow/example_dags/example_nested_branch_dag.py
[2024-05-12T01:15:24.943+0000] {processor.py:830} INFO - Processing file /home/airflow/.local/lib/python3.12/site-packages/airflow/example_dags/example_nested_branch_dag.py for tasks to queue
[2024-05-12T01:15:24.946+0000] {logging_mixin.py:188} INFO - [2024-05-12T01:15:24.946+0000] {dagbag.py:545} INFO - Filling up the DagBag from /home/airflow/.local/lib/python3.12/site-packages/airflow/example_dags/example_nested_branch_dag.py
[2024-05-12T01:15:24.961+0000] {processor.py:840} INFO - DAG(s) 'example_nested_branch_dag' retrieved from /home/airflow/.local/lib/python3.12/site-packages/airflow/example_dags/example_nested_branch_dag.py
[2024-05-12T01:15:24.977+0000] {logging_mixin.py:188} INFO - [2024-05-12T01:15:24.977+0000] {dag.py:3096} INFO - Sync 1 DAGs
[2024-05-12T01:15:24.989+0000] {logging_mixin.py:188} INFO - [2024-05-12T01:15:24.989+0000] {dag.py:3954} INFO - Setting next_dagrun for example_nested_branch_dag to 2024-05-11 00:00:00+00:00, run_after=2024-05-12 00:00:00+00:00
[2024-05-12T01:15:24.999+0000] {processor.py:183} INFO - Processing /home/airflow/.local/lib/python3.12/site-packages/airflow/example_dags/example_nested_branch_dag.py took 0.070 seconds
[2024-05-12T01:15:55.839+0000] {processor.py:161} INFO - Started process (PID=13519) to work on /home/airflow/.local/lib/python3.12/site-packages/airflow/example_dags/example_nested_branch_dag.py
[2024-05-12T01:15:55.841+0000] {processor.py:830} INFO - Processing file /home/airflow/.local/lib/python3.12/site-packages/airflow/example_dags/example_nested_branch_dag.py for tasks to queue
[2024-05-12T01:15:55.843+0000] {logging_mixin.py:188} INFO - [2024-05-12T01:15:55.843+0000] {dagbag.py:545} INFO - Filling up the DagBag from /home/airflow/.local/lib/python3.12/site-packages/airflow/example_dags/example_nested_branch_dag.py
[2024-05-12T01:15:55.855+0000] {processor.py:840} INFO - DAG(s) 'example_nested_branch_dag' retrieved from /home/airflow/.local/lib/python3.12/site-packages/airflow/example_dags/example_nested_branch_dag.py
[2024-05-12T01:15:55.872+0000] {logging_mixin.py:188} INFO - [2024-05-12T01:15:55.872+0000] {dag.py:3096} INFO - Sync 1 DAGs
[2024-05-12T01:15:55.885+0000] {logging_mixin.py:188} INFO - [2024-05-12T01:15:55.885+0000] {dag.py:3954} INFO - Setting next_dagrun for example_nested_branch_dag to 2024-05-11 00:00:00+00:00, run_after=2024-05-12 00:00:00+00:00
[2024-05-12T01:15:55.895+0000] {processor.py:183} INFO - Processing /home/airflow/.local/lib/python3.12/site-packages/airflow/example_dags/example_nested_branch_dag.py took 0.065 seconds
[2024-05-12T01:16:26.645+0000] {processor.py:161} INFO - Started process (PID=13781) to work on /home/airflow/.local/lib/python3.12/site-packages/airflow/example_dags/example_nested_branch_dag.py
[2024-05-12T01:16:26.646+0000] {processor.py:830} INFO - Processing file /home/airflow/.local/lib/python3.12/site-packages/airflow/example_dags/example_nested_branch_dag.py for tasks to queue
[2024-05-12T01:16:26.649+0000] {logging_mixin.py:188} INFO - [2024-05-12T01:16:26.648+0000] {dagbag.py:545} INFO - Filling up the DagBag from /home/airflow/.local/lib/python3.12/site-packages/airflow/example_dags/example_nested_branch_dag.py
[2024-05-12T01:16:26.659+0000] {processor.py:840} INFO - DAG(s) 'example_nested_branch_dag' retrieved from /home/airflow/.local/lib/python3.12/site-packages/airflow/example_dags/example_nested_branch_dag.py
[2024-05-12T01:16:26.674+0000] {logging_mixin.py:188} INFO - [2024-05-12T01:16:26.673+0000] {dag.py:3096} INFO - Sync 1 DAGs
[2024-05-12T01:16:26.686+0000] {logging_mixin.py:188} INFO - [2024-05-12T01:16:26.686+0000] {dag.py:3954} INFO - Setting next_dagrun for example_nested_branch_dag to 2024-05-11 00:00:00+00:00, run_after=2024-05-12 00:00:00+00:00
[2024-05-12T01:16:26.694+0000] {processor.py:183} INFO - Processing /home/airflow/.local/lib/python3.12/site-packages/airflow/example_dags/example_nested_branch_dag.py took 0.058 seconds
[2024-05-12T01:16:57.353+0000] {processor.py:161} INFO - Started process (PID=14043) to work on /home/airflow/.local/lib/python3.12/site-packages/airflow/example_dags/example_nested_branch_dag.py
[2024-05-12T01:16:57.354+0000] {processor.py:830} INFO - Processing file /home/airflow/.local/lib/python3.12/site-packages/airflow/example_dags/example_nested_branch_dag.py for tasks to queue
[2024-05-12T01:16:57.355+0000] {logging_mixin.py:188} INFO - [2024-05-12T01:16:57.355+0000] {dagbag.py:545} INFO - Filling up the DagBag from /home/airflow/.local/lib/python3.12/site-packages/airflow/example_dags/example_nested_branch_dag.py
[2024-05-12T01:16:57.360+0000] {processor.py:840} INFO - DAG(s) 'example_nested_branch_dag' retrieved from /home/airflow/.local/lib/python3.12/site-packages/airflow/example_dags/example_nested_branch_dag.py
[2024-05-12T01:16:57.374+0000] {logging_mixin.py:188} INFO - [2024-05-12T01:16:57.374+0000] {dag.py:3096} INFO - Sync 1 DAGs
[2024-05-12T01:16:57.386+0000] {logging_mixin.py:188} INFO - [2024-05-12T01:16:57.386+0000] {dag.py:3954} INFO - Setting next_dagrun for example_nested_branch_dag to 2024-05-11 00:00:00+00:00, run_after=2024-05-12 00:00:00+00:00
[2024-05-12T01:16:57.398+0000] {processor.py:183} INFO - Processing /home/airflow/.local/lib/python3.12/site-packages/airflow/example_dags/example_nested_branch_dag.py took 0.051 seconds
[2024-05-12T01:17:28.151+0000] {processor.py:161} INFO - Started process (PID=14305) to work on /home/airflow/.local/lib/python3.12/site-packages/airflow/example_dags/example_nested_branch_dag.py
[2024-05-12T01:17:28.152+0000] {processor.py:830} INFO - Processing file /home/airflow/.local/lib/python3.12/site-packages/airflow/example_dags/example_nested_branch_dag.py for tasks to queue
[2024-05-12T01:17:28.154+0000] {logging_mixin.py:188} INFO - [2024-05-12T01:17:28.154+0000] {dagbag.py:545} INFO - Filling up the DagBag from /home/airflow/.local/lib/python3.12/site-packages/airflow/example_dags/example_nested_branch_dag.py
[2024-05-12T01:17:28.165+0000] {processor.py:840} INFO - DAG(s) 'example_nested_branch_dag' retrieved from /home/airflow/.local/lib/python3.12/site-packages/airflow/example_dags/example_nested_branch_dag.py
[2024-05-12T01:17:28.180+0000] {logging_mixin.py:188} INFO - [2024-05-12T01:17:28.180+0000] {dag.py:3096} INFO - Sync 1 DAGs
[2024-05-12T01:17:28.192+0000] {logging_mixin.py:188} INFO - [2024-05-12T01:17:28.191+0000] {dag.py:3954} INFO - Setting next_dagrun for example_nested_branch_dag to 2024-05-11 00:00:00+00:00, run_after=2024-05-12 00:00:00+00:00
[2024-05-12T01:17:28.201+0000] {processor.py:183} INFO - Processing /home/airflow/.local/lib/python3.12/site-packages/airflow/example_dags/example_nested_branch_dag.py took 0.058 seconds
[2024-05-12T01:17:58.957+0000] {processor.py:161} INFO - Started process (PID=14567) to work on /home/airflow/.local/lib/python3.12/site-packages/airflow/example_dags/example_nested_branch_dag.py
[2024-05-12T01:17:58.959+0000] {processor.py:830} INFO - Processing file /home/airflow/.local/lib/python3.12/site-packages/airflow/example_dags/example_nested_branch_dag.py for tasks to queue
[2024-05-12T01:17:58.961+0000] {logging_mixin.py:188} INFO - [2024-05-12T01:17:58.961+0000] {dagbag.py:545} INFO - Filling up the DagBag from /home/airflow/.local/lib/python3.12/site-packages/airflow/example_dags/example_nested_branch_dag.py
[2024-05-12T01:17:58.972+0000] {processor.py:840} INFO - DAG(s) 'example_nested_branch_dag' retrieved from /home/airflow/.local/lib/python3.12/site-packages/airflow/example_dags/example_nested_branch_dag.py
[2024-05-12T01:17:58.990+0000] {logging_mixin.py:188} INFO - [2024-05-12T01:17:58.990+0000] {dag.py:3096} INFO - Sync 1 DAGs
[2024-05-12T01:17:59.003+0000] {logging_mixin.py:188} INFO - [2024-05-12T01:17:59.003+0000] {dag.py:3954} INFO - Setting next_dagrun for example_nested_branch_dag to 2024-05-11 00:00:00+00:00, run_after=2024-05-12 00:00:00+00:00
[2024-05-12T01:17:59.014+0000] {processor.py:183} INFO - Processing /home/airflow/.local/lib/python3.12/site-packages/airflow/example_dags/example_nested_branch_dag.py took 0.065 seconds
[2024-05-12T01:18:29.871+0000] {processor.py:161} INFO - Started process (PID=14829) to work on /home/airflow/.local/lib/python3.12/site-packages/airflow/example_dags/example_nested_branch_dag.py
[2024-05-12T01:18:29.871+0000] {processor.py:830} INFO - Processing file /home/airflow/.local/lib/python3.12/site-packages/airflow/example_dags/example_nested_branch_dag.py for tasks to queue
[2024-05-12T01:18:29.873+0000] {logging_mixin.py:188} INFO - [2024-05-12T01:18:29.872+0000] {dagbag.py:545} INFO - Filling up the DagBag from /home/airflow/.local/lib/python3.12/site-packages/airflow/example_dags/example_nested_branch_dag.py
[2024-05-12T01:18:29.879+0000] {processor.py:840} INFO - DAG(s) 'example_nested_branch_dag' retrieved from /home/airflow/.local/lib/python3.12/site-packages/airflow/example_dags/example_nested_branch_dag.py
[2024-05-12T01:18:29.893+0000] {logging_mixin.py:188} INFO - [2024-05-12T01:18:29.893+0000] {dag.py:3096} INFO - Sync 1 DAGs
[2024-05-12T01:18:29.904+0000] {logging_mixin.py:188} INFO - [2024-05-12T01:18:29.903+0000] {dag.py:3954} INFO - Setting next_dagrun for example_nested_branch_dag to 2024-05-11 00:00:00+00:00, run_after=2024-05-12 00:00:00+00:00
[2024-05-12T01:18:29.912+0000] {processor.py:183} INFO - Processing /home/airflow/.local/lib/python3.12/site-packages/airflow/example_dags/example_nested_branch_dag.py took 0.047 seconds
[2024-05-12T01:19:00.589+0000] {processor.py:161} INFO - Started process (PID=15091) to work on /home/airflow/.local/lib/python3.12/site-packages/airflow/example_dags/example_nested_branch_dag.py
[2024-05-12T01:19:00.593+0000] {processor.py:830} INFO - Processing file /home/airflow/.local/lib/python3.12/site-packages/airflow/example_dags/example_nested_branch_dag.py for tasks to queue
[2024-05-12T01:19:00.601+0000] {logging_mixin.py:188} INFO - [2024-05-12T01:19:00.601+0000] {dagbag.py:545} INFO - Filling up the DagBag from /home/airflow/.local/lib/python3.12/site-packages/airflow/example_dags/example_nested_branch_dag.py
[2024-05-12T01:19:00.615+0000] {processor.py:840} INFO - DAG(s) 'example_nested_branch_dag' retrieved from /home/airflow/.local/lib/python3.12/site-packages/airflow/example_dags/example_nested_branch_dag.py
[2024-05-12T01:19:00.630+0000] {logging_mixin.py:188} INFO - [2024-05-12T01:19:00.630+0000] {dag.py:3096} INFO - Sync 1 DAGs
[2024-05-12T01:19:00.646+0000] {logging_mixin.py:188} INFO - [2024-05-12T01:19:00.646+0000] {dag.py:3954} INFO - Setting next_dagrun for example_nested_branch_dag to 2024-05-11 00:00:00+00:00, run_after=2024-05-12 00:00:00+00:00
[2024-05-12T01:19:00.656+0000] {processor.py:183} INFO - Processing /home/airflow/.local/lib/python3.12/site-packages/airflow/example_dags/example_nested_branch_dag.py took 0.082 seconds
[2024-05-12T01:19:31.565+0000] {processor.py:161} INFO - Started process (PID=15353) to work on /home/airflow/.local/lib/python3.12/site-packages/airflow/example_dags/example_nested_branch_dag.py
[2024-05-12T01:19:31.566+0000] {processor.py:830} INFO - Processing file /home/airflow/.local/lib/python3.12/site-packages/airflow/example_dags/example_nested_branch_dag.py for tasks to queue
[2024-05-12T01:19:31.568+0000] {logging_mixin.py:188} INFO - [2024-05-12T01:19:31.568+0000] {dagbag.py:545} INFO - Filling up the DagBag from /home/airflow/.local/lib/python3.12/site-packages/airflow/example_dags/example_nested_branch_dag.py
[2024-05-12T01:19:31.579+0000] {processor.py:840} INFO - DAG(s) 'example_nested_branch_dag' retrieved from /home/airflow/.local/lib/python3.12/site-packages/airflow/example_dags/example_nested_branch_dag.py
[2024-05-12T01:19:31.596+0000] {logging_mixin.py:188} INFO - [2024-05-12T01:19:31.596+0000] {dag.py:3096} INFO - Sync 1 DAGs
[2024-05-12T01:19:31.608+0000] {logging_mixin.py:188} INFO - [2024-05-12T01:19:31.608+0000] {dag.py:3954} INFO - Setting next_dagrun for example_nested_branch_dag to 2024-05-11 00:00:00+00:00, run_after=2024-05-12 00:00:00+00:00
[2024-05-12T01:19:31.617+0000] {processor.py:183} INFO - Processing /home/airflow/.local/lib/python3.12/site-packages/airflow/example_dags/example_nested_branch_dag.py took 0.060 seconds
[2024-05-12T01:20:02.345+0000] {processor.py:161} INFO - Started process (PID=15615) to work on /home/airflow/.local/lib/python3.12/site-packages/airflow/example_dags/example_nested_branch_dag.py
[2024-05-12T01:20:02.346+0000] {processor.py:830} INFO - Processing file /home/airflow/.local/lib/python3.12/site-packages/airflow/example_dags/example_nested_branch_dag.py for tasks to queue
[2024-05-12T01:20:02.347+0000] {logging_mixin.py:188} INFO - [2024-05-12T01:20:02.346+0000] {dagbag.py:545} INFO - Filling up the DagBag from /home/airflow/.local/lib/python3.12/site-packages/airflow/example_dags/example_nested_branch_dag.py
[2024-05-12T01:20:02.352+0000] {processor.py:840} INFO - DAG(s) 'example_nested_branch_dag' retrieved from /home/airflow/.local/lib/python3.12/site-packages/airflow/example_dags/example_nested_branch_dag.py
[2024-05-12T01:20:02.365+0000] {logging_mixin.py:188} INFO - [2024-05-12T01:20:02.365+0000] {dag.py:3096} INFO - Sync 1 DAGs
[2024-05-12T01:20:02.376+0000] {logging_mixin.py:188} INFO - [2024-05-12T01:20:02.375+0000] {dag.py:3954} INFO - Setting next_dagrun for example_nested_branch_dag to 2024-05-11 00:00:00+00:00, run_after=2024-05-12 00:00:00+00:00
[2024-05-12T01:20:02.387+0000] {processor.py:183} INFO - Processing /home/airflow/.local/lib/python3.12/site-packages/airflow/example_dags/example_nested_branch_dag.py took 0.045 seconds
[2024-05-12T01:20:33.152+0000] {processor.py:161} INFO - Started process (PID=15877) to work on /home/airflow/.local/lib/python3.12/site-packages/airflow/example_dags/example_nested_branch_dag.py
[2024-05-12T01:20:33.153+0000] {processor.py:830} INFO - Processing file /home/airflow/.local/lib/python3.12/site-packages/airflow/example_dags/example_nested_branch_dag.py for tasks to queue
[2024-05-12T01:20:33.155+0000] {logging_mixin.py:188} INFO - [2024-05-12T01:20:33.154+0000] {dagbag.py:545} INFO - Filling up the DagBag from /home/airflow/.local/lib/python3.12/site-packages/airflow/example_dags/example_nested_branch_dag.py
[2024-05-12T01:20:33.162+0000] {processor.py:840} INFO - DAG(s) 'example_nested_branch_dag' retrieved from /home/airflow/.local/lib/python3.12/site-packages/airflow/example_dags/example_nested_branch_dag.py
[2024-05-12T01:20:33.177+0000] {logging_mixin.py:188} INFO - [2024-05-12T01:20:33.177+0000] {dag.py:3096} INFO - Sync 1 DAGs
[2024-05-12T01:20:33.191+0000] {logging_mixin.py:188} INFO - [2024-05-12T01:20:33.191+0000] {dag.py:3954} INFO - Setting next_dagrun for example_nested_branch_dag to 2024-05-11 00:00:00+00:00, run_after=2024-05-12 00:00:00+00:00
[2024-05-12T01:20:33.204+0000] {processor.py:183} INFO - Processing /home/airflow/.local/lib/python3.12/site-packages/airflow/example_dags/example_nested_branch_dag.py took 0.056 seconds
[2024-05-12T01:21:03.981+0000] {processor.py:161} INFO - Started process (PID=16139) to work on /home/airflow/.local/lib/python3.12/site-packages/airflow/example_dags/example_nested_branch_dag.py
[2024-05-12T01:21:03.982+0000] {processor.py:830} INFO - Processing file /home/airflow/.local/lib/python3.12/site-packages/airflow/example_dags/example_nested_branch_dag.py for tasks to queue
[2024-05-12T01:21:03.983+0000] {logging_mixin.py:188} INFO - [2024-05-12T01:21:03.983+0000] {dagbag.py:545} INFO - Filling up the DagBag from /home/airflow/.local/lib/python3.12/site-packages/airflow/example_dags/example_nested_branch_dag.py
[2024-05-12T01:21:03.990+0000] {processor.py:840} INFO - DAG(s) 'example_nested_branch_dag' retrieved from /home/airflow/.local/lib/python3.12/site-packages/airflow/example_dags/example_nested_branch_dag.py
[2024-05-12T01:21:04.006+0000] {logging_mixin.py:188} INFO - [2024-05-12T01:21:04.006+0000] {dag.py:3096} INFO - Sync 1 DAGs
[2024-05-12T01:21:04.020+0000] {logging_mixin.py:188} INFO - [2024-05-12T01:21:04.020+0000] {dag.py:3954} INFO - Setting next_dagrun for example_nested_branch_dag to 2024-05-11 00:00:00+00:00, run_after=2024-05-12 00:00:00+00:00
[2024-05-12T01:21:04.030+0000] {processor.py:183} INFO - Processing /home/airflow/.local/lib/python3.12/site-packages/airflow/example_dags/example_nested_branch_dag.py took 0.056 seconds
[2024-05-12T01:21:34.921+0000] {processor.py:161} INFO - Started process (PID=16400) to work on /home/airflow/.local/lib/python3.12/site-packages/airflow/example_dags/example_nested_branch_dag.py
[2024-05-12T01:21:34.922+0000] {processor.py:830} INFO - Processing file /home/airflow/.local/lib/python3.12/site-packages/airflow/example_dags/example_nested_branch_dag.py for tasks to queue
[2024-05-12T01:21:34.923+0000] {logging_mixin.py:188} INFO - [2024-05-12T01:21:34.923+0000] {dagbag.py:545} INFO - Filling up the DagBag from /home/airflow/.local/lib/python3.12/site-packages/airflow/example_dags/example_nested_branch_dag.py
[2024-05-12T01:21:34.932+0000] {processor.py:840} INFO - DAG(s) 'example_nested_branch_dag' retrieved from /home/airflow/.local/lib/python3.12/site-packages/airflow/example_dags/example_nested_branch_dag.py
[2024-05-12T01:21:34.949+0000] {logging_mixin.py:188} INFO - [2024-05-12T01:21:34.949+0000] {dag.py:3096} INFO - Sync 1 DAGs
[2024-05-12T01:21:34.963+0000] {logging_mixin.py:188} INFO - [2024-05-12T01:21:34.963+0000] {dag.py:3954} INFO - Setting next_dagrun for example_nested_branch_dag to 2024-05-11 00:00:00+00:00, run_after=2024-05-12 00:00:00+00:00
[2024-05-12T01:21:34.973+0000] {processor.py:183} INFO - Processing /home/airflow/.local/lib/python3.12/site-packages/airflow/example_dags/example_nested_branch_dag.py took 0.058 seconds
[2024-05-12T01:22:05.726+0000] {processor.py:161} INFO - Started process (PID=16662) to work on /home/airflow/.local/lib/python3.12/site-packages/airflow/example_dags/example_nested_branch_dag.py
[2024-05-12T01:22:05.727+0000] {processor.py:830} INFO - Processing file /home/airflow/.local/lib/python3.12/site-packages/airflow/example_dags/example_nested_branch_dag.py for tasks to queue
[2024-05-12T01:22:05.730+0000] {logging_mixin.py:188} INFO - [2024-05-12T01:22:05.729+0000] {dagbag.py:545} INFO - Filling up the DagBag from /home/airflow/.local/lib/python3.12/site-packages/airflow/example_dags/example_nested_branch_dag.py
[2024-05-12T01:22:05.740+0000] {processor.py:840} INFO - DAG(s) 'example_nested_branch_dag' retrieved from /home/airflow/.local/lib/python3.12/site-packages/airflow/example_dags/example_nested_branch_dag.py
[2024-05-12T01:22:05.756+0000] {logging_mixin.py:188} INFO - [2024-05-12T01:22:05.756+0000] {dag.py:3096} INFO - Sync 1 DAGs
[2024-05-12T01:22:05.770+0000] {logging_mixin.py:188} INFO - [2024-05-12T01:22:05.770+0000] {dag.py:3954} INFO - Setting next_dagrun for example_nested_branch_dag to 2024-05-11 00:00:00+00:00, run_after=2024-05-12 00:00:00+00:00
[2024-05-12T01:22:05.779+0000] {processor.py:183} INFO - Processing /home/airflow/.local/lib/python3.12/site-packages/airflow/example_dags/example_nested_branch_dag.py took 0.061 seconds
