[2024-05-12T00:37:43.855+0000] {processor.py:161} INFO - Started process (PID=4495) to work on /home/airflow/.local/lib/python3.12/site-packages/airflow/example_dags/example_bash_operator.py
[2024-05-12T00:37:43.855+0000] {processor.py:830} INFO - Processing file /home/airflow/.local/lib/python3.12/site-packages/airflow/example_dags/example_bash_operator.py for tasks to queue
[2024-05-12T00:37:43.856+0000] {logging_mixin.py:188} INFO - [2024-05-12T00:37:43.856+0000] {dagbag.py:545} INFO - Filling up the DagBag from /home/airflow/.local/lib/python3.12/site-packages/airflow/example_dags/example_bash_operator.py
[2024-05-12T00:37:43.862+0000] {processor.py:840} INFO - DAG(s) 'example_bash_operator' retrieved from /home/airflow/.local/lib/python3.12/site-packages/airflow/example_dags/example_bash_operator.py
[2024-05-12T00:37:43.875+0000] {logging_mixin.py:188} INFO - [2024-05-12T00:37:43.875+0000] {dag.py:3096} INFO - Sync 1 DAGs
[2024-05-12T00:37:43.885+0000] {logging_mixin.py:188} INFO - [2024-05-12T00:37:43.885+0000] {dag.py:3954} INFO - Setting next_dagrun for example_bash_operator to 2024-05-11 00:00:00+00:00, run_after=2024-05-12 00:00:00+00:00
[2024-05-12T00:37:43.893+0000] {processor.py:183} INFO - Processing /home/airflow/.local/lib/python3.12/site-packages/airflow/example_dags/example_bash_operator.py took 0.041 seconds
[2024-05-12T00:38:14.580+0000] {processor.py:161} INFO - Started process (PID=4757) to work on /home/airflow/.local/lib/python3.12/site-packages/airflow/example_dags/example_bash_operator.py
[2024-05-12T00:38:14.580+0000] {processor.py:830} INFO - Processing file /home/airflow/.local/lib/python3.12/site-packages/airflow/example_dags/example_bash_operator.py for tasks to queue
[2024-05-12T00:38:14.581+0000] {logging_mixin.py:188} INFO - [2024-05-12T00:38:14.581+0000] {dagbag.py:545} INFO - Filling up the DagBag from /home/airflow/.local/lib/python3.12/site-packages/airflow/example_dags/example_bash_operator.py
[2024-05-12T00:38:14.587+0000] {processor.py:840} INFO - DAG(s) 'example_bash_operator' retrieved from /home/airflow/.local/lib/python3.12/site-packages/airflow/example_dags/example_bash_operator.py
[2024-05-12T00:38:14.599+0000] {logging_mixin.py:188} INFO - [2024-05-12T00:38:14.599+0000] {dag.py:3096} INFO - Sync 1 DAGs
[2024-05-12T00:38:14.609+0000] {logging_mixin.py:188} INFO - [2024-05-12T00:38:14.609+0000] {dag.py:3954} INFO - Setting next_dagrun for example_bash_operator to 2024-05-11 00:00:00+00:00, run_after=2024-05-12 00:00:00+00:00
[2024-05-12T00:38:14.618+0000] {processor.py:183} INFO - Processing /home/airflow/.local/lib/python3.12/site-packages/airflow/example_dags/example_bash_operator.py took 0.041 seconds
[2024-05-12T00:38:45.269+0000] {processor.py:161} INFO - Started process (PID=5019) to work on /home/airflow/.local/lib/python3.12/site-packages/airflow/example_dags/example_bash_operator.py
[2024-05-12T00:38:45.270+0000] {processor.py:830} INFO - Processing file /home/airflow/.local/lib/python3.12/site-packages/airflow/example_dags/example_bash_operator.py for tasks to queue
[2024-05-12T00:38:45.271+0000] {logging_mixin.py:188} INFO - [2024-05-12T00:38:45.271+0000] {dagbag.py:545} INFO - Filling up the DagBag from /home/airflow/.local/lib/python3.12/site-packages/airflow/example_dags/example_bash_operator.py
[2024-05-12T00:38:45.277+0000] {processor.py:840} INFO - DAG(s) 'example_bash_operator' retrieved from /home/airflow/.local/lib/python3.12/site-packages/airflow/example_dags/example_bash_operator.py
[2024-05-12T00:38:45.290+0000] {logging_mixin.py:188} INFO - [2024-05-12T00:38:45.290+0000] {dag.py:3096} INFO - Sync 1 DAGs
[2024-05-12T00:38:45.300+0000] {logging_mixin.py:188} INFO - [2024-05-12T00:38:45.300+0000] {dag.py:3954} INFO - Setting next_dagrun for example_bash_operator to 2024-05-11 00:00:00+00:00, run_after=2024-05-12 00:00:00+00:00
[2024-05-12T00:38:45.309+0000] {processor.py:183} INFO - Processing /home/airflow/.local/lib/python3.12/site-packages/airflow/example_dags/example_bash_operator.py took 0.042 seconds
[2024-05-12T00:39:15.904+0000] {processor.py:161} INFO - Started process (PID=5280) to work on /home/airflow/.local/lib/python3.12/site-packages/airflow/example_dags/example_bash_operator.py
[2024-05-12T00:39:15.904+0000] {processor.py:830} INFO - Processing file /home/airflow/.local/lib/python3.12/site-packages/airflow/example_dags/example_bash_operator.py for tasks to queue
[2024-05-12T00:39:15.905+0000] {logging_mixin.py:188} INFO - [2024-05-12T00:39:15.905+0000] {dagbag.py:545} INFO - Filling up the DagBag from /home/airflow/.local/lib/python3.12/site-packages/airflow/example_dags/example_bash_operator.py
[2024-05-12T00:39:15.911+0000] {processor.py:840} INFO - DAG(s) 'example_bash_operator' retrieved from /home/airflow/.local/lib/python3.12/site-packages/airflow/example_dags/example_bash_operator.py
[2024-05-12T00:39:15.926+0000] {logging_mixin.py:188} INFO - [2024-05-12T00:39:15.925+0000] {dag.py:3096} INFO - Sync 1 DAGs
[2024-05-12T00:39:15.937+0000] {logging_mixin.py:188} INFO - [2024-05-12T00:39:15.937+0000] {dag.py:3954} INFO - Setting next_dagrun for example_bash_operator to 2024-05-11 00:00:00+00:00, run_after=2024-05-12 00:00:00+00:00
[2024-05-12T00:39:15.947+0000] {processor.py:183} INFO - Processing /home/airflow/.local/lib/python3.12/site-packages/airflow/example_dags/example_bash_operator.py took 0.046 seconds
[2024-05-12T00:39:46.725+0000] {processor.py:161} INFO - Started process (PID=5536) to work on /home/airflow/.local/lib/python3.12/site-packages/airflow/example_dags/example_bash_operator.py
[2024-05-12T00:39:46.726+0000] {processor.py:830} INFO - Processing file /home/airflow/.local/lib/python3.12/site-packages/airflow/example_dags/example_bash_operator.py for tasks to queue
[2024-05-12T00:39:46.727+0000] {logging_mixin.py:188} INFO - [2024-05-12T00:39:46.727+0000] {dagbag.py:545} INFO - Filling up the DagBag from /home/airflow/.local/lib/python3.12/site-packages/airflow/example_dags/example_bash_operator.py
[2024-05-12T00:39:46.733+0000] {processor.py:840} INFO - DAG(s) 'example_bash_operator' retrieved from /home/airflow/.local/lib/python3.12/site-packages/airflow/example_dags/example_bash_operator.py
[2024-05-12T00:39:46.747+0000] {logging_mixin.py:188} INFO - [2024-05-12T00:39:46.747+0000] {dag.py:3096} INFO - Sync 1 DAGs
[2024-05-12T00:39:46.759+0000] {logging_mixin.py:188} INFO - [2024-05-12T00:39:46.759+0000] {dag.py:3954} INFO - Setting next_dagrun for example_bash_operator to 2024-05-11 00:00:00+00:00, run_after=2024-05-12 00:00:00+00:00
[2024-05-12T00:39:46.769+0000] {processor.py:183} INFO - Processing /home/airflow/.local/lib/python3.12/site-packages/airflow/example_dags/example_bash_operator.py took 0.047 seconds
[2024-05-12T00:40:17.449+0000] {processor.py:161} INFO - Started process (PID=5803) to work on /home/airflow/.local/lib/python3.12/site-packages/airflow/example_dags/example_bash_operator.py
[2024-05-12T00:40:17.450+0000] {processor.py:830} INFO - Processing file /home/airflow/.local/lib/python3.12/site-packages/airflow/example_dags/example_bash_operator.py for tasks to queue
[2024-05-12T00:40:17.451+0000] {logging_mixin.py:188} INFO - [2024-05-12T00:40:17.450+0000] {dagbag.py:545} INFO - Filling up the DagBag from /home/airflow/.local/lib/python3.12/site-packages/airflow/example_dags/example_bash_operator.py
[2024-05-12T00:40:17.457+0000] {processor.py:840} INFO - DAG(s) 'example_bash_operator' retrieved from /home/airflow/.local/lib/python3.12/site-packages/airflow/example_dags/example_bash_operator.py
[2024-05-12T00:40:17.469+0000] {logging_mixin.py:188} INFO - [2024-05-12T00:40:17.469+0000] {dag.py:3096} INFO - Sync 1 DAGs
[2024-05-12T00:40:17.481+0000] {logging_mixin.py:188} INFO - [2024-05-12T00:40:17.481+0000] {dag.py:3954} INFO - Setting next_dagrun for example_bash_operator to 2024-05-11 00:00:00+00:00, run_after=2024-05-12 00:00:00+00:00
[2024-05-12T00:40:17.490+0000] {processor.py:183} INFO - Processing /home/airflow/.local/lib/python3.12/site-packages/airflow/example_dags/example_bash_operator.py took 0.044 seconds
[2024-05-12T00:40:48.344+0000] {processor.py:161} INFO - Started process (PID=6067) to work on /home/airflow/.local/lib/python3.12/site-packages/airflow/example_dags/example_bash_operator.py
[2024-05-12T00:40:48.344+0000] {processor.py:830} INFO - Processing file /home/airflow/.local/lib/python3.12/site-packages/airflow/example_dags/example_bash_operator.py for tasks to queue
[2024-05-12T00:40:48.345+0000] {logging_mixin.py:188} INFO - [2024-05-12T00:40:48.345+0000] {dagbag.py:545} INFO - Filling up the DagBag from /home/airflow/.local/lib/python3.12/site-packages/airflow/example_dags/example_bash_operator.py
[2024-05-12T00:40:48.350+0000] {processor.py:840} INFO - DAG(s) 'example_bash_operator' retrieved from /home/airflow/.local/lib/python3.12/site-packages/airflow/example_dags/example_bash_operator.py
[2024-05-12T00:40:48.363+0000] {logging_mixin.py:188} INFO - [2024-05-12T00:40:48.363+0000] {dag.py:3096} INFO - Sync 1 DAGs
[2024-05-12T00:40:48.375+0000] {logging_mixin.py:188} INFO - [2024-05-12T00:40:48.375+0000] {dag.py:3954} INFO - Setting next_dagrun for example_bash_operator to 2024-05-11 00:00:00+00:00, run_after=2024-05-12 00:00:00+00:00
[2024-05-12T00:40:48.383+0000] {processor.py:183} INFO - Processing /home/airflow/.local/lib/python3.12/site-packages/airflow/example_dags/example_bash_operator.py took 0.042 seconds
[2024-05-12T00:41:19.081+0000] {processor.py:161} INFO - Started process (PID=6327) to work on /home/airflow/.local/lib/python3.12/site-packages/airflow/example_dags/example_bash_operator.py
[2024-05-12T00:41:19.081+0000] {processor.py:830} INFO - Processing file /home/airflow/.local/lib/python3.12/site-packages/airflow/example_dags/example_bash_operator.py for tasks to queue
[2024-05-12T00:41:19.082+0000] {logging_mixin.py:188} INFO - [2024-05-12T00:41:19.082+0000] {dagbag.py:545} INFO - Filling up the DagBag from /home/airflow/.local/lib/python3.12/site-packages/airflow/example_dags/example_bash_operator.py
[2024-05-12T00:41:19.088+0000] {processor.py:840} INFO - DAG(s) 'example_bash_operator' retrieved from /home/airflow/.local/lib/python3.12/site-packages/airflow/example_dags/example_bash_operator.py
[2024-05-12T00:41:19.102+0000] {logging_mixin.py:188} INFO - [2024-05-12T00:41:19.102+0000] {dag.py:3096} INFO - Sync 1 DAGs
[2024-05-12T00:41:19.113+0000] {logging_mixin.py:188} INFO - [2024-05-12T00:41:19.113+0000] {dag.py:3954} INFO - Setting next_dagrun for example_bash_operator to 2024-05-11 00:00:00+00:00, run_after=2024-05-12 00:00:00+00:00
[2024-05-12T00:41:19.122+0000] {processor.py:183} INFO - Processing /home/airflow/.local/lib/python3.12/site-packages/airflow/example_dags/example_bash_operator.py took 0.044 seconds
[2024-05-12T00:41:49.809+0000] {processor.py:161} INFO - Started process (PID=6589) to work on /home/airflow/.local/lib/python3.12/site-packages/airflow/example_dags/example_bash_operator.py
[2024-05-12T00:41:49.810+0000] {processor.py:830} INFO - Processing file /home/airflow/.local/lib/python3.12/site-packages/airflow/example_dags/example_bash_operator.py for tasks to queue
[2024-05-12T00:41:49.811+0000] {logging_mixin.py:188} INFO - [2024-05-12T00:41:49.811+0000] {dagbag.py:545} INFO - Filling up the DagBag from /home/airflow/.local/lib/python3.12/site-packages/airflow/example_dags/example_bash_operator.py
[2024-05-12T00:41:49.817+0000] {processor.py:840} INFO - DAG(s) 'example_bash_operator' retrieved from /home/airflow/.local/lib/python3.12/site-packages/airflow/example_dags/example_bash_operator.py
[2024-05-12T00:41:49.829+0000] {logging_mixin.py:188} INFO - [2024-05-12T00:41:49.829+0000] {dag.py:3096} INFO - Sync 1 DAGs
[2024-05-12T00:41:49.840+0000] {logging_mixin.py:188} INFO - [2024-05-12T00:41:49.839+0000] {dag.py:3954} INFO - Setting next_dagrun for example_bash_operator to 2024-05-11 00:00:00+00:00, run_after=2024-05-12 00:00:00+00:00
[2024-05-12T00:41:49.848+0000] {processor.py:183} INFO - Processing /home/airflow/.local/lib/python3.12/site-packages/airflow/example_dags/example_bash_operator.py took 0.042 seconds
[2024-05-12T00:42:20.431+0000] {processor.py:161} INFO - Started process (PID=6851) to work on /home/airflow/.local/lib/python3.12/site-packages/airflow/example_dags/example_bash_operator.py
[2024-05-12T00:42:20.432+0000] {processor.py:830} INFO - Processing file /home/airflow/.local/lib/python3.12/site-packages/airflow/example_dags/example_bash_operator.py for tasks to queue
[2024-05-12T00:42:20.433+0000] {logging_mixin.py:188} INFO - [2024-05-12T00:42:20.433+0000] {dagbag.py:545} INFO - Filling up the DagBag from /home/airflow/.local/lib/python3.12/site-packages/airflow/example_dags/example_bash_operator.py
[2024-05-12T00:42:20.438+0000] {processor.py:840} INFO - DAG(s) 'example_bash_operator' retrieved from /home/airflow/.local/lib/python3.12/site-packages/airflow/example_dags/example_bash_operator.py
[2024-05-12T00:42:20.451+0000] {logging_mixin.py:188} INFO - [2024-05-12T00:42:20.451+0000] {dag.py:3096} INFO - Sync 1 DAGs
[2024-05-12T00:42:20.461+0000] {logging_mixin.py:188} INFO - [2024-05-12T00:42:20.461+0000] {dag.py:3954} INFO - Setting next_dagrun for example_bash_operator to 2024-05-11 00:00:00+00:00, run_after=2024-05-12 00:00:00+00:00
[2024-05-12T00:42:20.470+0000] {processor.py:183} INFO - Processing /home/airflow/.local/lib/python3.12/site-packages/airflow/example_dags/example_bash_operator.py took 0.041 seconds
[2024-05-12T00:42:51.224+0000] {processor.py:161} INFO - Started process (PID=7113) to work on /home/airflow/.local/lib/python3.12/site-packages/airflow/example_dags/example_bash_operator.py
[2024-05-12T00:42:51.225+0000] {processor.py:830} INFO - Processing file /home/airflow/.local/lib/python3.12/site-packages/airflow/example_dags/example_bash_operator.py for tasks to queue
[2024-05-12T00:42:51.226+0000] {logging_mixin.py:188} INFO - [2024-05-12T00:42:51.226+0000] {dagbag.py:545} INFO - Filling up the DagBag from /home/airflow/.local/lib/python3.12/site-packages/airflow/example_dags/example_bash_operator.py
[2024-05-12T00:42:51.232+0000] {processor.py:840} INFO - DAG(s) 'example_bash_operator' retrieved from /home/airflow/.local/lib/python3.12/site-packages/airflow/example_dags/example_bash_operator.py
[2024-05-12T00:42:51.245+0000] {logging_mixin.py:188} INFO - [2024-05-12T00:42:51.244+0000] {dag.py:3096} INFO - Sync 1 DAGs
[2024-05-12T00:42:51.255+0000] {logging_mixin.py:188} INFO - [2024-05-12T00:42:51.255+0000] {dag.py:3954} INFO - Setting next_dagrun for example_bash_operator to 2024-05-11 00:00:00+00:00, run_after=2024-05-12 00:00:00+00:00
[2024-05-12T00:42:51.264+0000] {processor.py:183} INFO - Processing /home/airflow/.local/lib/python3.12/site-packages/airflow/example_dags/example_bash_operator.py took 0.043 seconds
[2024-05-12T00:43:21.982+0000] {processor.py:161} INFO - Started process (PID=7375) to work on /home/airflow/.local/lib/python3.12/site-packages/airflow/example_dags/example_bash_operator.py
[2024-05-12T00:43:21.982+0000] {processor.py:830} INFO - Processing file /home/airflow/.local/lib/python3.12/site-packages/airflow/example_dags/example_bash_operator.py for tasks to queue
[2024-05-12T00:43:21.984+0000] {logging_mixin.py:188} INFO - [2024-05-12T00:43:21.983+0000] {dagbag.py:545} INFO - Filling up the DagBag from /home/airflow/.local/lib/python3.12/site-packages/airflow/example_dags/example_bash_operator.py
[2024-05-12T00:43:21.989+0000] {processor.py:840} INFO - DAG(s) 'example_bash_operator' retrieved from /home/airflow/.local/lib/python3.12/site-packages/airflow/example_dags/example_bash_operator.py
[2024-05-12T00:43:22.003+0000] {logging_mixin.py:188} INFO - [2024-05-12T00:43:22.003+0000] {dag.py:3096} INFO - Sync 1 DAGs
[2024-05-12T00:43:22.013+0000] {logging_mixin.py:188} INFO - [2024-05-12T00:43:22.013+0000] {dag.py:3954} INFO - Setting next_dagrun for example_bash_operator to 2024-05-11 00:00:00+00:00, run_after=2024-05-12 00:00:00+00:00
[2024-05-12T00:43:22.022+0000] {processor.py:183} INFO - Processing /home/airflow/.local/lib/python3.12/site-packages/airflow/example_dags/example_bash_operator.py took 0.043 seconds
[2024-05-12T00:43:52.729+0000] {processor.py:161} INFO - Started process (PID=7637) to work on /home/airflow/.local/lib/python3.12/site-packages/airflow/example_dags/example_bash_operator.py
[2024-05-12T00:43:52.730+0000] {processor.py:830} INFO - Processing file /home/airflow/.local/lib/python3.12/site-packages/airflow/example_dags/example_bash_operator.py for tasks to queue
[2024-05-12T00:43:52.731+0000] {logging_mixin.py:188} INFO - [2024-05-12T00:43:52.730+0000] {dagbag.py:545} INFO - Filling up the DagBag from /home/airflow/.local/lib/python3.12/site-packages/airflow/example_dags/example_bash_operator.py
[2024-05-12T00:43:52.736+0000] {processor.py:840} INFO - DAG(s) 'example_bash_operator' retrieved from /home/airflow/.local/lib/python3.12/site-packages/airflow/example_dags/example_bash_operator.py
[2024-05-12T00:43:52.749+0000] {logging_mixin.py:188} INFO - [2024-05-12T00:43:52.749+0000] {dag.py:3096} INFO - Sync 1 DAGs
[2024-05-12T00:43:52.760+0000] {logging_mixin.py:188} INFO - [2024-05-12T00:43:52.760+0000] {dag.py:3954} INFO - Setting next_dagrun for example_bash_operator to 2024-05-11 00:00:00+00:00, run_after=2024-05-12 00:00:00+00:00
[2024-05-12T00:43:52.768+0000] {processor.py:183} INFO - Processing /home/airflow/.local/lib/python3.12/site-packages/airflow/example_dags/example_bash_operator.py took 0.042 seconds
[2024-05-12T00:44:23.450+0000] {processor.py:161} INFO - Started process (PID=7898) to work on /home/airflow/.local/lib/python3.12/site-packages/airflow/example_dags/example_bash_operator.py
[2024-05-12T00:44:23.451+0000] {processor.py:830} INFO - Processing file /home/airflow/.local/lib/python3.12/site-packages/airflow/example_dags/example_bash_operator.py for tasks to queue
[2024-05-12T00:44:23.452+0000] {logging_mixin.py:188} INFO - [2024-05-12T00:44:23.451+0000] {dagbag.py:545} INFO - Filling up the DagBag from /home/airflow/.local/lib/python3.12/site-packages/airflow/example_dags/example_bash_operator.py
[2024-05-12T00:44:23.457+0000] {processor.py:840} INFO - DAG(s) 'example_bash_operator' retrieved from /home/airflow/.local/lib/python3.12/site-packages/airflow/example_dags/example_bash_operator.py
[2024-05-12T00:44:23.469+0000] {logging_mixin.py:188} INFO - [2024-05-12T00:44:23.469+0000] {dag.py:3096} INFO - Sync 1 DAGs
[2024-05-12T00:44:23.481+0000] {logging_mixin.py:188} INFO - [2024-05-12T00:44:23.481+0000] {dag.py:3954} INFO - Setting next_dagrun for example_bash_operator to 2024-05-11 00:00:00+00:00, run_after=2024-05-12 00:00:00+00:00
[2024-05-12T00:44:23.490+0000] {processor.py:183} INFO - Processing /home/airflow/.local/lib/python3.12/site-packages/airflow/example_dags/example_bash_operator.py took 0.043 seconds
[2024-05-12T00:44:54.293+0000] {processor.py:161} INFO - Started process (PID=8160) to work on /home/airflow/.local/lib/python3.12/site-packages/airflow/example_dags/example_bash_operator.py
[2024-05-12T00:44:54.294+0000] {processor.py:830} INFO - Processing file /home/airflow/.local/lib/python3.12/site-packages/airflow/example_dags/example_bash_operator.py for tasks to queue
[2024-05-12T00:44:54.295+0000] {logging_mixin.py:188} INFO - [2024-05-12T00:44:54.295+0000] {dagbag.py:545} INFO - Filling up the DagBag from /home/airflow/.local/lib/python3.12/site-packages/airflow/example_dags/example_bash_operator.py
[2024-05-12T00:44:54.301+0000] {processor.py:840} INFO - DAG(s) 'example_bash_operator' retrieved from /home/airflow/.local/lib/python3.12/site-packages/airflow/example_dags/example_bash_operator.py
[2024-05-12T00:44:54.314+0000] {logging_mixin.py:188} INFO - [2024-05-12T00:44:54.314+0000] {dag.py:3096} INFO - Sync 1 DAGs
[2024-05-12T00:44:54.325+0000] {logging_mixin.py:188} INFO - [2024-05-12T00:44:54.325+0000] {dag.py:3954} INFO - Setting next_dagrun for example_bash_operator to 2024-05-11 00:00:00+00:00, run_after=2024-05-12 00:00:00+00:00
[2024-05-12T00:44:54.334+0000] {processor.py:183} INFO - Processing /home/airflow/.local/lib/python3.12/site-packages/airflow/example_dags/example_bash_operator.py took 0.044 seconds
[2024-05-12T00:45:24.972+0000] {processor.py:161} INFO - Started process (PID=8421) to work on /home/airflow/.local/lib/python3.12/site-packages/airflow/example_dags/example_bash_operator.py
[2024-05-12T00:45:24.973+0000] {processor.py:830} INFO - Processing file /home/airflow/.local/lib/python3.12/site-packages/airflow/example_dags/example_bash_operator.py for tasks to queue
[2024-05-12T00:45:24.974+0000] {logging_mixin.py:188} INFO - [2024-05-12T00:45:24.974+0000] {dagbag.py:545} INFO - Filling up the DagBag from /home/airflow/.local/lib/python3.12/site-packages/airflow/example_dags/example_bash_operator.py
[2024-05-12T00:45:24.979+0000] {processor.py:840} INFO - DAG(s) 'example_bash_operator' retrieved from /home/airflow/.local/lib/python3.12/site-packages/airflow/example_dags/example_bash_operator.py
[2024-05-12T00:45:24.991+0000] {logging_mixin.py:188} INFO - [2024-05-12T00:45:24.991+0000] {dag.py:3096} INFO - Sync 1 DAGs
[2024-05-12T00:45:25.002+0000] {logging_mixin.py:188} INFO - [2024-05-12T00:45:25.002+0000] {dag.py:3954} INFO - Setting next_dagrun for example_bash_operator to 2024-05-11 00:00:00+00:00, run_after=2024-05-12 00:00:00+00:00
[2024-05-12T00:45:25.010+0000] {processor.py:183} INFO - Processing /home/airflow/.local/lib/python3.12/site-packages/airflow/example_dags/example_bash_operator.py took 0.041 seconds
[2024-05-12T00:45:55.678+0000] {processor.py:161} INFO - Started process (PID=8683) to work on /home/airflow/.local/lib/python3.12/site-packages/airflow/example_dags/example_bash_operator.py
[2024-05-12T00:45:55.678+0000] {processor.py:830} INFO - Processing file /home/airflow/.local/lib/python3.12/site-packages/airflow/example_dags/example_bash_operator.py for tasks to queue
[2024-05-12T00:45:55.679+0000] {logging_mixin.py:188} INFO - [2024-05-12T00:45:55.679+0000] {dagbag.py:545} INFO - Filling up the DagBag from /home/airflow/.local/lib/python3.12/site-packages/airflow/example_dags/example_bash_operator.py
[2024-05-12T00:45:55.685+0000] {processor.py:840} INFO - DAG(s) 'example_bash_operator' retrieved from /home/airflow/.local/lib/python3.12/site-packages/airflow/example_dags/example_bash_operator.py
[2024-05-12T00:45:55.698+0000] {logging_mixin.py:188} INFO - [2024-05-12T00:45:55.698+0000] {dag.py:3096} INFO - Sync 1 DAGs
[2024-05-12T00:45:55.708+0000] {logging_mixin.py:188} INFO - [2024-05-12T00:45:55.708+0000] {dag.py:3954} INFO - Setting next_dagrun for example_bash_operator to 2024-05-11 00:00:00+00:00, run_after=2024-05-12 00:00:00+00:00
[2024-05-12T00:45:55.716+0000] {processor.py:183} INFO - Processing /home/airflow/.local/lib/python3.12/site-packages/airflow/example_dags/example_bash_operator.py took 0.042 seconds
[2024-05-12T00:46:26.496+0000] {processor.py:161} INFO - Started process (PID=8940) to work on /home/airflow/.local/lib/python3.12/site-packages/airflow/example_dags/example_bash_operator.py
[2024-05-12T00:46:26.497+0000] {processor.py:830} INFO - Processing file /home/airflow/.local/lib/python3.12/site-packages/airflow/example_dags/example_bash_operator.py for tasks to queue
[2024-05-12T00:46:26.498+0000] {logging_mixin.py:188} INFO - [2024-05-12T00:46:26.498+0000] {dagbag.py:545} INFO - Filling up the DagBag from /home/airflow/.local/lib/python3.12/site-packages/airflow/example_dags/example_bash_operator.py
[2024-05-12T00:46:26.504+0000] {processor.py:840} INFO - DAG(s) 'example_bash_operator' retrieved from /home/airflow/.local/lib/python3.12/site-packages/airflow/example_dags/example_bash_operator.py
[2024-05-12T00:46:26.517+0000] {logging_mixin.py:188} INFO - [2024-05-12T00:46:26.517+0000] {dag.py:3096} INFO - Sync 1 DAGs
[2024-05-12T00:46:26.528+0000] {logging_mixin.py:188} INFO - [2024-05-12T00:46:26.528+0000] {dag.py:3954} INFO - Setting next_dagrun for example_bash_operator to 2024-05-11 00:00:00+00:00, run_after=2024-05-12 00:00:00+00:00
[2024-05-12T00:46:26.537+0000] {processor.py:183} INFO - Processing /home/airflow/.local/lib/python3.12/site-packages/airflow/example_dags/example_bash_operator.py took 0.044 seconds
[2024-05-12T00:46:57.413+0000] {processor.py:161} INFO - Started process (PID=9207) to work on /home/airflow/.local/lib/python3.12/site-packages/airflow/example_dags/example_bash_operator.py
[2024-05-12T00:46:57.414+0000] {processor.py:830} INFO - Processing file /home/airflow/.local/lib/python3.12/site-packages/airflow/example_dags/example_bash_operator.py for tasks to queue
[2024-05-12T00:46:57.415+0000] {logging_mixin.py:188} INFO - [2024-05-12T00:46:57.415+0000] {dagbag.py:545} INFO - Filling up the DagBag from /home/airflow/.local/lib/python3.12/site-packages/airflow/example_dags/example_bash_operator.py
[2024-05-12T00:46:57.421+0000] {processor.py:840} INFO - DAG(s) 'example_bash_operator' retrieved from /home/airflow/.local/lib/python3.12/site-packages/airflow/example_dags/example_bash_operator.py
[2024-05-12T00:46:57.434+0000] {logging_mixin.py:188} INFO - [2024-05-12T00:46:57.434+0000] {dag.py:3096} INFO - Sync 1 DAGs
[2024-05-12T00:46:57.446+0000] {logging_mixin.py:188} INFO - [2024-05-12T00:46:57.446+0000] {dag.py:3954} INFO - Setting next_dagrun for example_bash_operator to 2024-05-11 00:00:00+00:00, run_after=2024-05-12 00:00:00+00:00
[2024-05-12T00:46:57.455+0000] {processor.py:183} INFO - Processing /home/airflow/.local/lib/python3.12/site-packages/airflow/example_dags/example_bash_operator.py took 0.045 seconds
[2024-05-12T00:47:28.231+0000] {processor.py:161} INFO - Started process (PID=9468) to work on /home/airflow/.local/lib/python3.12/site-packages/airflow/example_dags/example_bash_operator.py
[2024-05-12T00:47:28.232+0000] {processor.py:830} INFO - Processing file /home/airflow/.local/lib/python3.12/site-packages/airflow/example_dags/example_bash_operator.py for tasks to queue
[2024-05-12T00:47:28.232+0000] {logging_mixin.py:188} INFO - [2024-05-12T00:47:28.232+0000] {dagbag.py:545} INFO - Filling up the DagBag from /home/airflow/.local/lib/python3.12/site-packages/airflow/example_dags/example_bash_operator.py
[2024-05-12T00:47:28.238+0000] {processor.py:840} INFO - DAG(s) 'example_bash_operator' retrieved from /home/airflow/.local/lib/python3.12/site-packages/airflow/example_dags/example_bash_operator.py
[2024-05-12T00:47:28.251+0000] {logging_mixin.py:188} INFO - [2024-05-12T00:47:28.251+0000] {dag.py:3096} INFO - Sync 1 DAGs
[2024-05-12T00:47:28.261+0000] {logging_mixin.py:188} INFO - [2024-05-12T00:47:28.261+0000] {dag.py:3954} INFO - Setting next_dagrun for example_bash_operator to 2024-05-11 00:00:00+00:00, run_after=2024-05-12 00:00:00+00:00
[2024-05-12T00:47:28.270+0000] {processor.py:183} INFO - Processing /home/airflow/.local/lib/python3.12/site-packages/airflow/example_dags/example_bash_operator.py took 0.042 seconds
[2024-05-12T00:47:59.044+0000] {processor.py:161} INFO - Started process (PID=9725) to work on /home/airflow/.local/lib/python3.12/site-packages/airflow/example_dags/example_bash_operator.py
[2024-05-12T00:47:59.045+0000] {processor.py:830} INFO - Processing file /home/airflow/.local/lib/python3.12/site-packages/airflow/example_dags/example_bash_operator.py for tasks to queue
[2024-05-12T00:47:59.046+0000] {logging_mixin.py:188} INFO - [2024-05-12T00:47:59.045+0000] {dagbag.py:545} INFO - Filling up the DagBag from /home/airflow/.local/lib/python3.12/site-packages/airflow/example_dags/example_bash_operator.py
[2024-05-12T00:47:59.051+0000] {processor.py:840} INFO - DAG(s) 'example_bash_operator' retrieved from /home/airflow/.local/lib/python3.12/site-packages/airflow/example_dags/example_bash_operator.py
[2024-05-12T00:47:59.064+0000] {logging_mixin.py:188} INFO - [2024-05-12T00:47:59.063+0000] {dag.py:3096} INFO - Sync 1 DAGs
[2024-05-12T00:47:59.074+0000] {logging_mixin.py:188} INFO - [2024-05-12T00:47:59.074+0000] {dag.py:3954} INFO - Setting next_dagrun for example_bash_operator to 2024-05-11 00:00:00+00:00, run_after=2024-05-12 00:00:00+00:00
[2024-05-12T00:47:59.083+0000] {processor.py:183} INFO - Processing /home/airflow/.local/lib/python3.12/site-packages/airflow/example_dags/example_bash_operator.py took 0.042 seconds
[2024-05-12T00:48:29.869+0000] {processor.py:161} INFO - Started process (PID=9987) to work on /home/airflow/.local/lib/python3.12/site-packages/airflow/example_dags/example_bash_operator.py
[2024-05-12T00:48:29.870+0000] {processor.py:830} INFO - Processing file /home/airflow/.local/lib/python3.12/site-packages/airflow/example_dags/example_bash_operator.py for tasks to queue
[2024-05-12T00:48:29.871+0000] {logging_mixin.py:188} INFO - [2024-05-12T00:48:29.871+0000] {dagbag.py:545} INFO - Filling up the DagBag from /home/airflow/.local/lib/python3.12/site-packages/airflow/example_dags/example_bash_operator.py
[2024-05-12T00:48:29.876+0000] {processor.py:840} INFO - DAG(s) 'example_bash_operator' retrieved from /home/airflow/.local/lib/python3.12/site-packages/airflow/example_dags/example_bash_operator.py
[2024-05-12T00:48:29.889+0000] {logging_mixin.py:188} INFO - [2024-05-12T00:48:29.888+0000] {dag.py:3096} INFO - Sync 1 DAGs
[2024-05-12T00:48:29.900+0000] {logging_mixin.py:188} INFO - [2024-05-12T00:48:29.899+0000] {dag.py:3954} INFO - Setting next_dagrun for example_bash_operator to 2024-05-11 00:00:00+00:00, run_after=2024-05-12 00:00:00+00:00
[2024-05-12T00:48:29.908+0000] {processor.py:183} INFO - Processing /home/airflow/.local/lib/python3.12/site-packages/airflow/example_dags/example_bash_operator.py took 0.042 seconds
[2024-05-12T00:49:00.041+0000] {processor.py:161} INFO - Started process (PID=10249) to work on /home/airflow/.local/lib/python3.12/site-packages/airflow/example_dags/example_bash_operator.py
[2024-05-12T00:49:00.042+0000] {processor.py:830} INFO - Processing file /home/airflow/.local/lib/python3.12/site-packages/airflow/example_dags/example_bash_operator.py for tasks to queue
[2024-05-12T00:49:00.043+0000] {logging_mixin.py:188} INFO - [2024-05-12T00:49:00.043+0000] {dagbag.py:545} INFO - Filling up the DagBag from /home/airflow/.local/lib/python3.12/site-packages/airflow/example_dags/example_bash_operator.py
[2024-05-12T00:49:00.048+0000] {processor.py:840} INFO - DAG(s) 'example_bash_operator' retrieved from /home/airflow/.local/lib/python3.12/site-packages/airflow/example_dags/example_bash_operator.py
[2024-05-12T00:49:00.060+0000] {logging_mixin.py:188} INFO - [2024-05-12T00:49:00.060+0000] {dag.py:3096} INFO - Sync 1 DAGs
[2024-05-12T00:49:00.071+0000] {logging_mixin.py:188} INFO - [2024-05-12T00:49:00.071+0000] {dag.py:3954} INFO - Setting next_dagrun for example_bash_operator to 2024-05-11 00:00:00+00:00, run_after=2024-05-12 00:00:00+00:00
[2024-05-12T00:49:00.080+0000] {processor.py:183} INFO - Processing /home/airflow/.local/lib/python3.12/site-packages/airflow/example_dags/example_bash_operator.py took 0.042 seconds
[2024-05-12T01:06:45.812+0000] {processor.py:161} INFO - Started process (PID=10516) to work on /home/airflow/.local/lib/python3.12/site-packages/airflow/example_dags/example_bash_operator.py
[2024-05-12T01:06:45.812+0000] {processor.py:830} INFO - Processing file /home/airflow/.local/lib/python3.12/site-packages/airflow/example_dags/example_bash_operator.py for tasks to queue
[2024-05-12T01:06:45.813+0000] {logging_mixin.py:188} INFO - [2024-05-12T01:06:45.813+0000] {dagbag.py:545} INFO - Filling up the DagBag from /home/airflow/.local/lib/python3.12/site-packages/airflow/example_dags/example_bash_operator.py
[2024-05-12T01:06:45.819+0000] {processor.py:840} INFO - DAG(s) 'example_bash_operator' retrieved from /home/airflow/.local/lib/python3.12/site-packages/airflow/example_dags/example_bash_operator.py
[2024-05-12T01:06:45.834+0000] {logging_mixin.py:188} INFO - [2024-05-12T01:06:45.834+0000] {dag.py:3096} INFO - Sync 1 DAGs
[2024-05-12T01:06:45.845+0000] {logging_mixin.py:188} INFO - [2024-05-12T01:06:45.844+0000] {dag.py:3954} INFO - Setting next_dagrun for example_bash_operator to 2024-05-11 00:00:00+00:00, run_after=2024-05-12 00:00:00+00:00
[2024-05-12T01:06:45.854+0000] {processor.py:183} INFO - Processing /home/airflow/.local/lib/python3.12/site-packages/airflow/example_dags/example_bash_operator.py took 0.045 seconds
[2024-05-12T01:10:18.102+0000] {processor.py:161} INFO - Started process (PID=10779) to work on /home/airflow/.local/lib/python3.12/site-packages/airflow/example_dags/example_bash_operator.py
[2024-05-12T01:10:18.102+0000] {processor.py:830} INFO - Processing file /home/airflow/.local/lib/python3.12/site-packages/airflow/example_dags/example_bash_operator.py for tasks to queue
[2024-05-12T01:10:18.104+0000] {logging_mixin.py:188} INFO - [2024-05-12T01:10:18.103+0000] {dagbag.py:545} INFO - Filling up the DagBag from /home/airflow/.local/lib/python3.12/site-packages/airflow/example_dags/example_bash_operator.py
[2024-05-12T01:10:18.110+0000] {processor.py:840} INFO - DAG(s) 'example_bash_operator' retrieved from /home/airflow/.local/lib/python3.12/site-packages/airflow/example_dags/example_bash_operator.py
[2024-05-12T01:10:18.124+0000] {logging_mixin.py:188} INFO - [2024-05-12T01:10:18.124+0000] {dag.py:3096} INFO - Sync 1 DAGs
[2024-05-12T01:10:18.135+0000] {logging_mixin.py:188} INFO - [2024-05-12T01:10:18.135+0000] {dag.py:3954} INFO - Setting next_dagrun for example_bash_operator to 2024-05-11 00:00:00+00:00, run_after=2024-05-12 00:00:00+00:00
[2024-05-12T01:10:18.144+0000] {processor.py:183} INFO - Processing /home/airflow/.local/lib/python3.12/site-packages/airflow/example_dags/example_bash_operator.py took 0.045 seconds
[2024-05-12T01:10:49.319+0000] {processor.py:161} INFO - Started process (PID=11041) to work on /home/airflow/.local/lib/python3.12/site-packages/airflow/example_dags/example_bash_operator.py
[2024-05-12T01:10:49.319+0000] {processor.py:830} INFO - Processing file /home/airflow/.local/lib/python3.12/site-packages/airflow/example_dags/example_bash_operator.py for tasks to queue
[2024-05-12T01:10:49.321+0000] {logging_mixin.py:188} INFO - [2024-05-12T01:10:49.320+0000] {dagbag.py:545} INFO - Filling up the DagBag from /home/airflow/.local/lib/python3.12/site-packages/airflow/example_dags/example_bash_operator.py
[2024-05-12T01:10:49.326+0000] {processor.py:840} INFO - DAG(s) 'example_bash_operator' retrieved from /home/airflow/.local/lib/python3.12/site-packages/airflow/example_dags/example_bash_operator.py
[2024-05-12T01:10:49.425+0000] {logging_mixin.py:188} INFO - [2024-05-12T01:10:49.425+0000] {dag.py:3096} INFO - Sync 1 DAGs
[2024-05-12T01:10:49.435+0000] {logging_mixin.py:188} INFO - [2024-05-12T01:10:49.435+0000] {dag.py:3954} INFO - Setting next_dagrun for example_bash_operator to 2024-05-11 00:00:00+00:00, run_after=2024-05-12 00:00:00+00:00
[2024-05-12T01:10:49.443+0000] {processor.py:183} INFO - Processing /home/airflow/.local/lib/python3.12/site-packages/airflow/example_dags/example_bash_operator.py took 0.128 seconds
[2024-05-12T01:11:19.474+0000] {processor.py:161} INFO - Started process (PID=11301) to work on /home/airflow/.local/lib/python3.12/site-packages/airflow/example_dags/example_bash_operator.py
[2024-05-12T01:11:19.475+0000] {processor.py:830} INFO - Processing file /home/airflow/.local/lib/python3.12/site-packages/airflow/example_dags/example_bash_operator.py for tasks to queue
[2024-05-12T01:11:19.476+0000] {logging_mixin.py:188} INFO - [2024-05-12T01:11:19.476+0000] {dagbag.py:545} INFO - Filling up the DagBag from /home/airflow/.local/lib/python3.12/site-packages/airflow/example_dags/example_bash_operator.py
[2024-05-12T01:11:19.481+0000] {processor.py:840} INFO - DAG(s) 'example_bash_operator' retrieved from /home/airflow/.local/lib/python3.12/site-packages/airflow/example_dags/example_bash_operator.py
[2024-05-12T01:11:19.494+0000] {logging_mixin.py:188} INFO - [2024-05-12T01:11:19.494+0000] {dag.py:3096} INFO - Sync 1 DAGs
[2024-05-12T01:11:19.584+0000] {logging_mixin.py:188} INFO - [2024-05-12T01:11:19.584+0000] {dag.py:3954} INFO - Setting next_dagrun for example_bash_operator to 2024-05-11 00:00:00+00:00, run_after=2024-05-12 00:00:00+00:00
[2024-05-12T01:11:19.591+0000] {processor.py:183} INFO - Processing /home/airflow/.local/lib/python3.12/site-packages/airflow/example_dags/example_bash_operator.py took 0.120 seconds
[2024-05-12T01:11:50.239+0000] {processor.py:161} INFO - Started process (PID=11563) to work on /home/airflow/.local/lib/python3.12/site-packages/airflow/example_dags/example_bash_operator.py
[2024-05-12T01:11:50.240+0000] {processor.py:830} INFO - Processing file /home/airflow/.local/lib/python3.12/site-packages/airflow/example_dags/example_bash_operator.py for tasks to queue
[2024-05-12T01:11:50.241+0000] {logging_mixin.py:188} INFO - [2024-05-12T01:11:50.241+0000] {dagbag.py:545} INFO - Filling up the DagBag from /home/airflow/.local/lib/python3.12/site-packages/airflow/example_dags/example_bash_operator.py
[2024-05-12T01:11:50.246+0000] {processor.py:840} INFO - DAG(s) 'example_bash_operator' retrieved from /home/airflow/.local/lib/python3.12/site-packages/airflow/example_dags/example_bash_operator.py
[2024-05-12T01:11:50.259+0000] {logging_mixin.py:188} INFO - [2024-05-12T01:11:50.259+0000] {dag.py:3096} INFO - Sync 1 DAGs
[2024-05-12T01:11:50.269+0000] {logging_mixin.py:188} INFO - [2024-05-12T01:11:50.269+0000] {dag.py:3954} INFO - Setting next_dagrun for example_bash_operator to 2024-05-11 00:00:00+00:00, run_after=2024-05-12 00:00:00+00:00
[2024-05-12T01:11:50.279+0000] {processor.py:183} INFO - Processing /home/airflow/.local/lib/python3.12/site-packages/airflow/example_dags/example_bash_operator.py took 0.042 seconds
[2024-05-12T01:12:21.183+0000] {processor.py:161} INFO - Started process (PID=11825) to work on /home/airflow/.local/lib/python3.12/site-packages/airflow/example_dags/example_bash_operator.py
[2024-05-12T01:12:21.183+0000] {processor.py:830} INFO - Processing file /home/airflow/.local/lib/python3.12/site-packages/airflow/example_dags/example_bash_operator.py for tasks to queue
[2024-05-12T01:12:21.184+0000] {logging_mixin.py:188} INFO - [2024-05-12T01:12:21.184+0000] {dagbag.py:545} INFO - Filling up the DagBag from /home/airflow/.local/lib/python3.12/site-packages/airflow/example_dags/example_bash_operator.py
[2024-05-12T01:12:21.190+0000] {processor.py:840} INFO - DAG(s) 'example_bash_operator' retrieved from /home/airflow/.local/lib/python3.12/site-packages/airflow/example_dags/example_bash_operator.py
[2024-05-12T01:12:21.202+0000] {logging_mixin.py:188} INFO - [2024-05-12T01:12:21.202+0000] {dag.py:3096} INFO - Sync 1 DAGs
[2024-05-12T01:12:21.213+0000] {logging_mixin.py:188} INFO - [2024-05-12T01:12:21.213+0000] {dag.py:3954} INFO - Setting next_dagrun for example_bash_operator to 2024-05-11 00:00:00+00:00, run_after=2024-05-12 00:00:00+00:00
[2024-05-12T01:12:21.221+0000] {processor.py:183} INFO - Processing /home/airflow/.local/lib/python3.12/site-packages/airflow/example_dags/example_bash_operator.py took 0.041 seconds
[2024-05-12T01:12:52.092+0000] {processor.py:161} INFO - Started process (PID=12087) to work on /home/airflow/.local/lib/python3.12/site-packages/airflow/example_dags/example_bash_operator.py
[2024-05-12T01:12:52.092+0000] {processor.py:830} INFO - Processing file /home/airflow/.local/lib/python3.12/site-packages/airflow/example_dags/example_bash_operator.py for tasks to queue
[2024-05-12T01:12:52.093+0000] {logging_mixin.py:188} INFO - [2024-05-12T01:12:52.093+0000] {dagbag.py:545} INFO - Filling up the DagBag from /home/airflow/.local/lib/python3.12/site-packages/airflow/example_dags/example_bash_operator.py
[2024-05-12T01:12:52.099+0000] {processor.py:840} INFO - DAG(s) 'example_bash_operator' retrieved from /home/airflow/.local/lib/python3.12/site-packages/airflow/example_dags/example_bash_operator.py
[2024-05-12T01:12:52.112+0000] {logging_mixin.py:188} INFO - [2024-05-12T01:12:52.112+0000] {dag.py:3096} INFO - Sync 1 DAGs
[2024-05-12T01:12:52.122+0000] {logging_mixin.py:188} INFO - [2024-05-12T01:12:52.122+0000] {dag.py:3954} INFO - Setting next_dagrun for example_bash_operator to 2024-05-11 00:00:00+00:00, run_after=2024-05-12 00:00:00+00:00
[2024-05-12T01:12:52.131+0000] {processor.py:183} INFO - Processing /home/airflow/.local/lib/python3.12/site-packages/airflow/example_dags/example_bash_operator.py took 0.042 seconds
[2024-05-12T01:13:23.026+0000] {processor.py:161} INFO - Started process (PID=12350) to work on /home/airflow/.local/lib/python3.12/site-packages/airflow/example_dags/example_bash_operator.py
[2024-05-12T01:13:23.027+0000] {processor.py:830} INFO - Processing file /home/airflow/.local/lib/python3.12/site-packages/airflow/example_dags/example_bash_operator.py for tasks to queue
[2024-05-12T01:13:23.028+0000] {logging_mixin.py:188} INFO - [2024-05-12T01:13:23.027+0000] {dagbag.py:545} INFO - Filling up the DagBag from /home/airflow/.local/lib/python3.12/site-packages/airflow/example_dags/example_bash_operator.py
[2024-05-12T01:13:23.034+0000] {processor.py:840} INFO - DAG(s) 'example_bash_operator' retrieved from /home/airflow/.local/lib/python3.12/site-packages/airflow/example_dags/example_bash_operator.py
[2024-05-12T01:13:23.046+0000] {logging_mixin.py:188} INFO - [2024-05-12T01:13:23.046+0000] {dag.py:3096} INFO - Sync 1 DAGs
[2024-05-12T01:13:23.056+0000] {logging_mixin.py:188} INFO - [2024-05-12T01:13:23.056+0000] {dag.py:3954} INFO - Setting next_dagrun for example_bash_operator to 2024-05-11 00:00:00+00:00, run_after=2024-05-12 00:00:00+00:00
[2024-05-12T01:13:23.064+0000] {processor.py:183} INFO - Processing /home/airflow/.local/lib/python3.12/site-packages/airflow/example_dags/example_bash_operator.py took 0.041 seconds
[2024-05-12T01:13:53.885+0000] {processor.py:161} INFO - Started process (PID=12610) to work on /home/airflow/.local/lib/python3.12/site-packages/airflow/example_dags/example_bash_operator.py
[2024-05-12T01:13:53.886+0000] {processor.py:830} INFO - Processing file /home/airflow/.local/lib/python3.12/site-packages/airflow/example_dags/example_bash_operator.py for tasks to queue
[2024-05-12T01:13:53.887+0000] {logging_mixin.py:188} INFO - [2024-05-12T01:13:53.887+0000] {dagbag.py:545} INFO - Filling up the DagBag from /home/airflow/.local/lib/python3.12/site-packages/airflow/example_dags/example_bash_operator.py
[2024-05-12T01:13:53.893+0000] {processor.py:840} INFO - DAG(s) 'example_bash_operator' retrieved from /home/airflow/.local/lib/python3.12/site-packages/airflow/example_dags/example_bash_operator.py
[2024-05-12T01:13:53.906+0000] {logging_mixin.py:188} INFO - [2024-05-12T01:13:53.906+0000] {dag.py:3096} INFO - Sync 1 DAGs
[2024-05-12T01:13:53.916+0000] {logging_mixin.py:188} INFO - [2024-05-12T01:13:53.916+0000] {dag.py:3954} INFO - Setting next_dagrun for example_bash_operator to 2024-05-11 00:00:00+00:00, run_after=2024-05-12 00:00:00+00:00
[2024-05-12T01:13:53.925+0000] {processor.py:183} INFO - Processing /home/airflow/.local/lib/python3.12/site-packages/airflow/example_dags/example_bash_operator.py took 0.043 seconds
[2024-05-12T01:14:24.854+0000] {processor.py:161} INFO - Started process (PID=12871) to work on /home/airflow/.local/lib/python3.12/site-packages/airflow/example_dags/example_bash_operator.py
[2024-05-12T01:14:24.855+0000] {processor.py:830} INFO - Processing file /home/airflow/.local/lib/python3.12/site-packages/airflow/example_dags/example_bash_operator.py for tasks to queue
[2024-05-12T01:14:24.856+0000] {logging_mixin.py:188} INFO - [2024-05-12T01:14:24.856+0000] {dagbag.py:545} INFO - Filling up the DagBag from /home/airflow/.local/lib/python3.12/site-packages/airflow/example_dags/example_bash_operator.py
[2024-05-12T01:14:24.862+0000] {processor.py:840} INFO - DAG(s) 'example_bash_operator' retrieved from /home/airflow/.local/lib/python3.12/site-packages/airflow/example_dags/example_bash_operator.py
[2024-05-12T01:14:24.874+0000] {logging_mixin.py:188} INFO - [2024-05-12T01:14:24.874+0000] {dag.py:3096} INFO - Sync 1 DAGs
[2024-05-12T01:14:24.884+0000] {logging_mixin.py:188} INFO - [2024-05-12T01:14:24.884+0000] {dag.py:3954} INFO - Setting next_dagrun for example_bash_operator to 2024-05-11 00:00:00+00:00, run_after=2024-05-12 00:00:00+00:00
[2024-05-12T01:14:24.893+0000] {processor.py:183} INFO - Processing /home/airflow/.local/lib/python3.12/site-packages/airflow/example_dags/example_bash_operator.py took 0.042 seconds
[2024-05-12T01:14:55.854+0000] {processor.py:161} INFO - Started process (PID=13135) to work on /home/airflow/.local/lib/python3.12/site-packages/airflow/example_dags/example_bash_operator.py
[2024-05-12T01:14:55.855+0000] {processor.py:830} INFO - Processing file /home/airflow/.local/lib/python3.12/site-packages/airflow/example_dags/example_bash_operator.py for tasks to queue
[2024-05-12T01:14:55.856+0000] {logging_mixin.py:188} INFO - [2024-05-12T01:14:55.856+0000] {dagbag.py:545} INFO - Filling up the DagBag from /home/airflow/.local/lib/python3.12/site-packages/airflow/example_dags/example_bash_operator.py
[2024-05-12T01:14:55.861+0000] {processor.py:840} INFO - DAG(s) 'example_bash_operator' retrieved from /home/airflow/.local/lib/python3.12/site-packages/airflow/example_dags/example_bash_operator.py
[2024-05-12T01:14:55.874+0000] {logging_mixin.py:188} INFO - [2024-05-12T01:14:55.873+0000] {dag.py:3096} INFO - Sync 1 DAGs
[2024-05-12T01:14:55.887+0000] {logging_mixin.py:188} INFO - [2024-05-12T01:14:55.886+0000] {dag.py:3954} INFO - Setting next_dagrun for example_bash_operator to 2024-05-11 00:00:00+00:00, run_after=2024-05-12 00:00:00+00:00
[2024-05-12T01:14:55.895+0000] {processor.py:183} INFO - Processing /home/airflow/.local/lib/python3.12/site-packages/airflow/example_dags/example_bash_operator.py took 0.044 seconds
[2024-05-12T01:15:26.824+0000] {processor.py:161} INFO - Started process (PID=13397) to work on /home/airflow/.local/lib/python3.12/site-packages/airflow/example_dags/example_bash_operator.py
[2024-05-12T01:15:26.824+0000] {processor.py:830} INFO - Processing file /home/airflow/.local/lib/python3.12/site-packages/airflow/example_dags/example_bash_operator.py for tasks to queue
[2024-05-12T01:15:26.826+0000] {logging_mixin.py:188} INFO - [2024-05-12T01:15:26.826+0000] {dagbag.py:545} INFO - Filling up the DagBag from /home/airflow/.local/lib/python3.12/site-packages/airflow/example_dags/example_bash_operator.py
[2024-05-12T01:15:26.832+0000] {processor.py:840} INFO - DAG(s) 'example_bash_operator' retrieved from /home/airflow/.local/lib/python3.12/site-packages/airflow/example_dags/example_bash_operator.py
[2024-05-12T01:15:26.844+0000] {logging_mixin.py:188} INFO - [2024-05-12T01:15:26.844+0000] {dag.py:3096} INFO - Sync 1 DAGs
[2024-05-12T01:15:26.854+0000] {logging_mixin.py:188} INFO - [2024-05-12T01:15:26.854+0000] {dag.py:3954} INFO - Setting next_dagrun for example_bash_operator to 2024-05-11 00:00:00+00:00, run_after=2024-05-12 00:00:00+00:00
[2024-05-12T01:15:26.862+0000] {processor.py:183} INFO - Processing /home/airflow/.local/lib/python3.12/site-packages/airflow/example_dags/example_bash_operator.py took 0.042 seconds
[2024-05-12T01:15:57.631+0000] {processor.py:161} INFO - Started process (PID=13657) to work on /home/airflow/.local/lib/python3.12/site-packages/airflow/example_dags/example_bash_operator.py
[2024-05-12T01:15:57.631+0000] {processor.py:830} INFO - Processing file /home/airflow/.local/lib/python3.12/site-packages/airflow/example_dags/example_bash_operator.py for tasks to queue
[2024-05-12T01:15:57.632+0000] {logging_mixin.py:188} INFO - [2024-05-12T01:15:57.632+0000] {dagbag.py:545} INFO - Filling up the DagBag from /home/airflow/.local/lib/python3.12/site-packages/airflow/example_dags/example_bash_operator.py
[2024-05-12T01:15:57.637+0000] {processor.py:840} INFO - DAG(s) 'example_bash_operator' retrieved from /home/airflow/.local/lib/python3.12/site-packages/airflow/example_dags/example_bash_operator.py
[2024-05-12T01:15:57.650+0000] {logging_mixin.py:188} INFO - [2024-05-12T01:15:57.650+0000] {dag.py:3096} INFO - Sync 1 DAGs
[2024-05-12T01:15:57.661+0000] {logging_mixin.py:188} INFO - [2024-05-12T01:15:57.661+0000] {dag.py:3954} INFO - Setting next_dagrun for example_bash_operator to 2024-05-11 00:00:00+00:00, run_after=2024-05-12 00:00:00+00:00
[2024-05-12T01:15:57.670+0000] {processor.py:183} INFO - Processing /home/airflow/.local/lib/python3.12/site-packages/airflow/example_dags/example_bash_operator.py took 0.043 seconds
[2024-05-12T01:16:28.382+0000] {processor.py:161} INFO - Started process (PID=13919) to work on /home/airflow/.local/lib/python3.12/site-packages/airflow/example_dags/example_bash_operator.py
[2024-05-12T01:16:28.383+0000] {processor.py:830} INFO - Processing file /home/airflow/.local/lib/python3.12/site-packages/airflow/example_dags/example_bash_operator.py for tasks to queue
[2024-05-12T01:16:28.384+0000] {logging_mixin.py:188} INFO - [2024-05-12T01:16:28.384+0000] {dagbag.py:545} INFO - Filling up the DagBag from /home/airflow/.local/lib/python3.12/site-packages/airflow/example_dags/example_bash_operator.py
[2024-05-12T01:16:28.390+0000] {processor.py:840} INFO - DAG(s) 'example_bash_operator' retrieved from /home/airflow/.local/lib/python3.12/site-packages/airflow/example_dags/example_bash_operator.py
[2024-05-12T01:16:28.402+0000] {logging_mixin.py:188} INFO - [2024-05-12T01:16:28.402+0000] {dag.py:3096} INFO - Sync 1 DAGs
[2024-05-12T01:16:28.413+0000] {logging_mixin.py:188} INFO - [2024-05-12T01:16:28.413+0000] {dag.py:3954} INFO - Setting next_dagrun for example_bash_operator to 2024-05-11 00:00:00+00:00, run_after=2024-05-12 00:00:00+00:00
[2024-05-12T01:16:28.423+0000] {processor.py:183} INFO - Processing /home/airflow/.local/lib/python3.12/site-packages/airflow/example_dags/example_bash_operator.py took 0.044 seconds
[2024-05-12T01:16:59.107+0000] {processor.py:161} INFO - Started process (PID=14181) to work on /home/airflow/.local/lib/python3.12/site-packages/airflow/example_dags/example_bash_operator.py
[2024-05-12T01:16:59.108+0000] {processor.py:830} INFO - Processing file /home/airflow/.local/lib/python3.12/site-packages/airflow/example_dags/example_bash_operator.py for tasks to queue
[2024-05-12T01:16:59.109+0000] {logging_mixin.py:188} INFO - [2024-05-12T01:16:59.108+0000] {dagbag.py:545} INFO - Filling up the DagBag from /home/airflow/.local/lib/python3.12/site-packages/airflow/example_dags/example_bash_operator.py
[2024-05-12T01:16:59.114+0000] {processor.py:840} INFO - DAG(s) 'example_bash_operator' retrieved from /home/airflow/.local/lib/python3.12/site-packages/airflow/example_dags/example_bash_operator.py
[2024-05-12T01:16:59.127+0000] {logging_mixin.py:188} INFO - [2024-05-12T01:16:59.127+0000] {dag.py:3096} INFO - Sync 1 DAGs
[2024-05-12T01:16:59.138+0000] {logging_mixin.py:188} INFO - [2024-05-12T01:16:59.138+0000] {dag.py:3954} INFO - Setting next_dagrun for example_bash_operator to 2024-05-11 00:00:00+00:00, run_after=2024-05-12 00:00:00+00:00
[2024-05-12T01:16:59.149+0000] {processor.py:183} INFO - Processing /home/airflow/.local/lib/python3.12/site-packages/airflow/example_dags/example_bash_operator.py took 0.046 seconds
[2024-05-12T01:17:30.006+0000] {processor.py:161} INFO - Started process (PID=14445) to work on /home/airflow/.local/lib/python3.12/site-packages/airflow/example_dags/example_bash_operator.py
[2024-05-12T01:17:30.006+0000] {processor.py:830} INFO - Processing file /home/airflow/.local/lib/python3.12/site-packages/airflow/example_dags/example_bash_operator.py for tasks to queue
[2024-05-12T01:17:30.007+0000] {logging_mixin.py:188} INFO - [2024-05-12T01:17:30.007+0000] {dagbag.py:545} INFO - Filling up the DagBag from /home/airflow/.local/lib/python3.12/site-packages/airflow/example_dags/example_bash_operator.py
[2024-05-12T01:17:30.013+0000] {processor.py:840} INFO - DAG(s) 'example_bash_operator' retrieved from /home/airflow/.local/lib/python3.12/site-packages/airflow/example_dags/example_bash_operator.py
[2024-05-12T01:17:30.025+0000] {logging_mixin.py:188} INFO - [2024-05-12T01:17:30.025+0000] {dag.py:3096} INFO - Sync 1 DAGs
[2024-05-12T01:17:30.034+0000] {logging_mixin.py:188} INFO - [2024-05-12T01:17:30.034+0000] {dag.py:3954} INFO - Setting next_dagrun for example_bash_operator to 2024-05-11 00:00:00+00:00, run_after=2024-05-12 00:00:00+00:00
[2024-05-12T01:17:30.042+0000] {processor.py:183} INFO - Processing /home/airflow/.local/lib/python3.12/site-packages/airflow/example_dags/example_bash_operator.py took 0.039 seconds
[2024-05-12T01:18:00.760+0000] {processor.py:161} INFO - Started process (PID=14705) to work on /home/airflow/.local/lib/python3.12/site-packages/airflow/example_dags/example_bash_operator.py
[2024-05-12T01:18:00.760+0000] {processor.py:830} INFO - Processing file /home/airflow/.local/lib/python3.12/site-packages/airflow/example_dags/example_bash_operator.py for tasks to queue
[2024-05-12T01:18:00.761+0000] {logging_mixin.py:188} INFO - [2024-05-12T01:18:00.761+0000] {dagbag.py:545} INFO - Filling up the DagBag from /home/airflow/.local/lib/python3.12/site-packages/airflow/example_dags/example_bash_operator.py
[2024-05-12T01:18:00.767+0000] {processor.py:840} INFO - DAG(s) 'example_bash_operator' retrieved from /home/airflow/.local/lib/python3.12/site-packages/airflow/example_dags/example_bash_operator.py
[2024-05-12T01:18:00.779+0000] {logging_mixin.py:188} INFO - [2024-05-12T01:18:00.779+0000] {dag.py:3096} INFO - Sync 1 DAGs
[2024-05-12T01:18:00.790+0000] {logging_mixin.py:188} INFO - [2024-05-12T01:18:00.790+0000] {dag.py:3954} INFO - Setting next_dagrun for example_bash_operator to 2024-05-11 00:00:00+00:00, run_after=2024-05-12 00:00:00+00:00
[2024-05-12T01:18:00.799+0000] {processor.py:183} INFO - Processing /home/airflow/.local/lib/python3.12/site-packages/airflow/example_dags/example_bash_operator.py took 0.042 seconds
[2024-05-12T01:18:31.611+0000] {processor.py:161} INFO - Started process (PID=14967) to work on /home/airflow/.local/lib/python3.12/site-packages/airflow/example_dags/example_bash_operator.py
[2024-05-12T01:18:31.612+0000] {processor.py:830} INFO - Processing file /home/airflow/.local/lib/python3.12/site-packages/airflow/example_dags/example_bash_operator.py for tasks to queue
[2024-05-12T01:18:31.613+0000] {logging_mixin.py:188} INFO - [2024-05-12T01:18:31.613+0000] {dagbag.py:545} INFO - Filling up the DagBag from /home/airflow/.local/lib/python3.12/site-packages/airflow/example_dags/example_bash_operator.py
[2024-05-12T01:18:31.618+0000] {processor.py:840} INFO - DAG(s) 'example_bash_operator' retrieved from /home/airflow/.local/lib/python3.12/site-packages/airflow/example_dags/example_bash_operator.py
[2024-05-12T01:18:31.631+0000] {logging_mixin.py:188} INFO - [2024-05-12T01:18:31.631+0000] {dag.py:3096} INFO - Sync 1 DAGs
[2024-05-12T01:18:31.641+0000] {logging_mixin.py:188} INFO - [2024-05-12T01:18:31.641+0000] {dag.py:3954} INFO - Setting next_dagrun for example_bash_operator to 2024-05-11 00:00:00+00:00, run_after=2024-05-12 00:00:00+00:00
[2024-05-12T01:18:31.649+0000] {processor.py:183} INFO - Processing /home/airflow/.local/lib/python3.12/site-packages/airflow/example_dags/example_bash_operator.py took 0.042 seconds
[2024-05-12T01:19:02.406+0000] {processor.py:161} INFO - Started process (PID=15229) to work on /home/airflow/.local/lib/python3.12/site-packages/airflow/example_dags/example_bash_operator.py
[2024-05-12T01:19:02.407+0000] {processor.py:830} INFO - Processing file /home/airflow/.local/lib/python3.12/site-packages/airflow/example_dags/example_bash_operator.py for tasks to queue
[2024-05-12T01:19:02.408+0000] {logging_mixin.py:188} INFO - [2024-05-12T01:19:02.408+0000] {dagbag.py:545} INFO - Filling up the DagBag from /home/airflow/.local/lib/python3.12/site-packages/airflow/example_dags/example_bash_operator.py
[2024-05-12T01:19:02.413+0000] {processor.py:840} INFO - DAG(s) 'example_bash_operator' retrieved from /home/airflow/.local/lib/python3.12/site-packages/airflow/example_dags/example_bash_operator.py
[2024-05-12T01:19:02.426+0000] {logging_mixin.py:188} INFO - [2024-05-12T01:19:02.426+0000] {dag.py:3096} INFO - Sync 1 DAGs
[2024-05-12T01:19:02.441+0000] {logging_mixin.py:188} INFO - [2024-05-12T01:19:02.440+0000] {dag.py:3954} INFO - Setting next_dagrun for example_bash_operator to 2024-05-11 00:00:00+00:00, run_after=2024-05-12 00:00:00+00:00
[2024-05-12T01:19:02.449+0000] {processor.py:183} INFO - Processing /home/airflow/.local/lib/python3.12/site-packages/airflow/example_dags/example_bash_operator.py took 0.045 seconds
[2024-05-12T01:19:33.298+0000] {processor.py:161} INFO - Started process (PID=15491) to work on /home/airflow/.local/lib/python3.12/site-packages/airflow/example_dags/example_bash_operator.py
[2024-05-12T01:19:33.299+0000] {processor.py:830} INFO - Processing file /home/airflow/.local/lib/python3.12/site-packages/airflow/example_dags/example_bash_operator.py for tasks to queue
[2024-05-12T01:19:33.300+0000] {logging_mixin.py:188} INFO - [2024-05-12T01:19:33.300+0000] {dagbag.py:545} INFO - Filling up the DagBag from /home/airflow/.local/lib/python3.12/site-packages/airflow/example_dags/example_bash_operator.py
[2024-05-12T01:19:33.306+0000] {processor.py:840} INFO - DAG(s) 'example_bash_operator' retrieved from /home/airflow/.local/lib/python3.12/site-packages/airflow/example_dags/example_bash_operator.py
[2024-05-12T01:19:33.318+0000] {logging_mixin.py:188} INFO - [2024-05-12T01:19:33.318+0000] {dag.py:3096} INFO - Sync 1 DAGs
[2024-05-12T01:19:33.329+0000] {logging_mixin.py:188} INFO - [2024-05-12T01:19:33.329+0000] {dag.py:3954} INFO - Setting next_dagrun for example_bash_operator to 2024-05-11 00:00:00+00:00, run_after=2024-05-12 00:00:00+00:00
[2024-05-12T01:19:33.337+0000] {processor.py:183} INFO - Processing /home/airflow/.local/lib/python3.12/site-packages/airflow/example_dags/example_bash_operator.py took 0.042 seconds
[2024-05-12T01:20:04.130+0000] {processor.py:161} INFO - Started process (PID=15753) to work on /home/airflow/.local/lib/python3.12/site-packages/airflow/example_dags/example_bash_operator.py
[2024-05-12T01:20:04.131+0000] {processor.py:830} INFO - Processing file /home/airflow/.local/lib/python3.12/site-packages/airflow/example_dags/example_bash_operator.py for tasks to queue
[2024-05-12T01:20:04.132+0000] {logging_mixin.py:188} INFO - [2024-05-12T01:20:04.132+0000] {dagbag.py:545} INFO - Filling up the DagBag from /home/airflow/.local/lib/python3.12/site-packages/airflow/example_dags/example_bash_operator.py
[2024-05-12T01:20:04.137+0000] {processor.py:840} INFO - DAG(s) 'example_bash_operator' retrieved from /home/airflow/.local/lib/python3.12/site-packages/airflow/example_dags/example_bash_operator.py
[2024-05-12T01:20:04.150+0000] {logging_mixin.py:188} INFO - [2024-05-12T01:20:04.150+0000] {dag.py:3096} INFO - Sync 1 DAGs
[2024-05-12T01:20:04.160+0000] {logging_mixin.py:188} INFO - [2024-05-12T01:20:04.160+0000] {dag.py:3954} INFO - Setting next_dagrun for example_bash_operator to 2024-05-11 00:00:00+00:00, run_after=2024-05-12 00:00:00+00:00
[2024-05-12T01:20:04.168+0000] {processor.py:183} INFO - Processing /home/airflow/.local/lib/python3.12/site-packages/airflow/example_dags/example_bash_operator.py took 0.041 seconds
[2024-05-12T01:20:34.904+0000] {processor.py:161} INFO - Started process (PID=16015) to work on /home/airflow/.local/lib/python3.12/site-packages/airflow/example_dags/example_bash_operator.py
[2024-05-12T01:20:34.905+0000] {processor.py:830} INFO - Processing file /home/airflow/.local/lib/python3.12/site-packages/airflow/example_dags/example_bash_operator.py for tasks to queue
[2024-05-12T01:20:34.906+0000] {logging_mixin.py:188} INFO - [2024-05-12T01:20:34.906+0000] {dagbag.py:545} INFO - Filling up the DagBag from /home/airflow/.local/lib/python3.12/site-packages/airflow/example_dags/example_bash_operator.py
[2024-05-12T01:20:34.912+0000] {processor.py:840} INFO - DAG(s) 'example_bash_operator' retrieved from /home/airflow/.local/lib/python3.12/site-packages/airflow/example_dags/example_bash_operator.py
[2024-05-12T01:20:34.925+0000] {logging_mixin.py:188} INFO - [2024-05-12T01:20:34.925+0000] {dag.py:3096} INFO - Sync 1 DAGs
[2024-05-12T01:20:34.935+0000] {logging_mixin.py:188} INFO - [2024-05-12T01:20:34.935+0000] {dag.py:3954} INFO - Setting next_dagrun for example_bash_operator to 2024-05-11 00:00:00+00:00, run_after=2024-05-12 00:00:00+00:00
[2024-05-12T01:20:34.945+0000] {processor.py:183} INFO - Processing /home/airflow/.local/lib/python3.12/site-packages/airflow/example_dags/example_bash_operator.py took 0.044 seconds
[2024-05-12T01:21:05.871+0000] {processor.py:161} INFO - Started process (PID=16279) to work on /home/airflow/.local/lib/python3.12/site-packages/airflow/example_dags/example_bash_operator.py
[2024-05-12T01:21:05.872+0000] {processor.py:830} INFO - Processing file /home/airflow/.local/lib/python3.12/site-packages/airflow/example_dags/example_bash_operator.py for tasks to queue
[2024-05-12T01:21:05.873+0000] {logging_mixin.py:188} INFO - [2024-05-12T01:21:05.872+0000] {dagbag.py:545} INFO - Filling up the DagBag from /home/airflow/.local/lib/python3.12/site-packages/airflow/example_dags/example_bash_operator.py
[2024-05-12T01:21:05.878+0000] {processor.py:840} INFO - DAG(s) 'example_bash_operator' retrieved from /home/airflow/.local/lib/python3.12/site-packages/airflow/example_dags/example_bash_operator.py
[2024-05-12T01:21:05.892+0000] {logging_mixin.py:188} INFO - [2024-05-12T01:21:05.892+0000] {dag.py:3096} INFO - Sync 1 DAGs
[2024-05-12T01:21:05.903+0000] {logging_mixin.py:188} INFO - [2024-05-12T01:21:05.903+0000] {dag.py:3954} INFO - Setting next_dagrun for example_bash_operator to 2024-05-11 00:00:00+00:00, run_after=2024-05-12 00:00:00+00:00
[2024-05-12T01:21:05.912+0000] {processor.py:183} INFO - Processing /home/airflow/.local/lib/python3.12/site-packages/airflow/example_dags/example_bash_operator.py took 0.045 seconds
[2024-05-12T01:21:36.710+0000] {processor.py:161} INFO - Started process (PID=16538) to work on /home/airflow/.local/lib/python3.12/site-packages/airflow/example_dags/example_bash_operator.py
[2024-05-12T01:21:36.711+0000] {processor.py:830} INFO - Processing file /home/airflow/.local/lib/python3.12/site-packages/airflow/example_dags/example_bash_operator.py for tasks to queue
[2024-05-12T01:21:36.712+0000] {logging_mixin.py:188} INFO - [2024-05-12T01:21:36.712+0000] {dagbag.py:545} INFO - Filling up the DagBag from /home/airflow/.local/lib/python3.12/site-packages/airflow/example_dags/example_bash_operator.py
[2024-05-12T01:21:36.717+0000] {processor.py:840} INFO - DAG(s) 'example_bash_operator' retrieved from /home/airflow/.local/lib/python3.12/site-packages/airflow/example_dags/example_bash_operator.py
[2024-05-12T01:21:36.730+0000] {logging_mixin.py:188} INFO - [2024-05-12T01:21:36.730+0000] {dag.py:3096} INFO - Sync 1 DAGs
[2024-05-12T01:21:36.741+0000] {logging_mixin.py:188} INFO - [2024-05-12T01:21:36.741+0000] {dag.py:3954} INFO - Setting next_dagrun for example_bash_operator to 2024-05-11 00:00:00+00:00, run_after=2024-05-12 00:00:00+00:00
[2024-05-12T01:21:36.749+0000] {processor.py:183} INFO - Processing /home/airflow/.local/lib/python3.12/site-packages/airflow/example_dags/example_bash_operator.py took 0.042 seconds
[2024-05-12T01:22:07.597+0000] {processor.py:161} INFO - Started process (PID=16802) to work on /home/airflow/.local/lib/python3.12/site-packages/airflow/example_dags/example_bash_operator.py
[2024-05-12T01:22:07.598+0000] {processor.py:830} INFO - Processing file /home/airflow/.local/lib/python3.12/site-packages/airflow/example_dags/example_bash_operator.py for tasks to queue
[2024-05-12T01:22:07.599+0000] {logging_mixin.py:188} INFO - [2024-05-12T01:22:07.599+0000] {dagbag.py:545} INFO - Filling up the DagBag from /home/airflow/.local/lib/python3.12/site-packages/airflow/example_dags/example_bash_operator.py
[2024-05-12T01:22:07.604+0000] {processor.py:840} INFO - DAG(s) 'example_bash_operator' retrieved from /home/airflow/.local/lib/python3.12/site-packages/airflow/example_dags/example_bash_operator.py
[2024-05-12T01:22:07.617+0000] {logging_mixin.py:188} INFO - [2024-05-12T01:22:07.616+0000] {dag.py:3096} INFO - Sync 1 DAGs
[2024-05-12T01:22:07.626+0000] {logging_mixin.py:188} INFO - [2024-05-12T01:22:07.626+0000] {dag.py:3954} INFO - Setting next_dagrun for example_bash_operator to 2024-05-11 00:00:00+00:00, run_after=2024-05-12 00:00:00+00:00
[2024-05-12T01:22:07.634+0000] {processor.py:183} INFO - Processing /home/airflow/.local/lib/python3.12/site-packages/airflow/example_dags/example_bash_operator.py took 0.039 seconds
