[2024-05-12T00:37:43.391+0000] {processor.py:161} INFO - Started process (PID=4400) to work on /home/airflow/.local/lib/python3.12/site-packages/airflow/example_dags/example_branch_python_dop_operator_3.py
[2024-05-12T00:37:43.392+0000] {processor.py:830} INFO - Processing file /home/airflow/.local/lib/python3.12/site-packages/airflow/example_dags/example_branch_python_dop_operator_3.py for tasks to queue
[2024-05-12T00:37:43.393+0000] {logging_mixin.py:188} INFO - [2024-05-12T00:37:43.393+0000] {dagbag.py:545} INFO - Filling up the DagBag from /home/airflow/.local/lib/python3.12/site-packages/airflow/example_dags/example_branch_python_dop_operator_3.py
[2024-05-12T00:37:43.398+0000] {processor.py:840} INFO - DAG(s) 'example_branch_dop_operator_v3' retrieved from /home/airflow/.local/lib/python3.12/site-packages/airflow/example_dags/example_branch_python_dop_operator_3.py
[2024-05-12T00:37:43.408+0000] {logging_mixin.py:188} INFO - [2024-05-12T00:37:43.407+0000] {dag.py:3096} INFO - Sync 1 DAGs
[2024-05-12T00:37:43.419+0000] {logging_mixin.py:188} INFO - [2024-05-12T00:37:43.419+0000] {dag.py:3954} INFO - Setting next_dagrun for example_branch_dop_operator_v3 to 2024-05-12 00:36:00+00:00, run_after=2024-05-12 00:37:00+00:00
[2024-05-12T00:37:43.427+0000] {processor.py:183} INFO - Processing /home/airflow/.local/lib/python3.12/site-packages/airflow/example_dags/example_branch_python_dop_operator_3.py took 0.039 seconds
[2024-05-12T00:38:14.120+0000] {processor.py:161} INFO - Started process (PID=4662) to work on /home/airflow/.local/lib/python3.12/site-packages/airflow/example_dags/example_branch_python_dop_operator_3.py
[2024-05-12T00:38:14.121+0000] {processor.py:830} INFO - Processing file /home/airflow/.local/lib/python3.12/site-packages/airflow/example_dags/example_branch_python_dop_operator_3.py for tasks to queue
[2024-05-12T00:38:14.122+0000] {logging_mixin.py:188} INFO - [2024-05-12T00:38:14.122+0000] {dagbag.py:545} INFO - Filling up the DagBag from /home/airflow/.local/lib/python3.12/site-packages/airflow/example_dags/example_branch_python_dop_operator_3.py
[2024-05-12T00:38:14.126+0000] {processor.py:840} INFO - DAG(s) 'example_branch_dop_operator_v3' retrieved from /home/airflow/.local/lib/python3.12/site-packages/airflow/example_dags/example_branch_python_dop_operator_3.py
[2024-05-12T00:38:14.136+0000] {logging_mixin.py:188} INFO - [2024-05-12T00:38:14.136+0000] {dag.py:3096} INFO - Sync 1 DAGs
[2024-05-12T00:38:14.148+0000] {logging_mixin.py:188} INFO - [2024-05-12T00:38:14.148+0000] {dag.py:3954} INFO - Setting next_dagrun for example_branch_dop_operator_v3 to 2024-05-12 00:37:00+00:00, run_after=2024-05-12 00:38:00+00:00
[2024-05-12T00:38:14.156+0000] {processor.py:183} INFO - Processing /home/airflow/.local/lib/python3.12/site-packages/airflow/example_dags/example_branch_python_dop_operator_3.py took 0.039 seconds
[2024-05-12T00:38:44.774+0000] {processor.py:161} INFO - Started process (PID=4924) to work on /home/airflow/.local/lib/python3.12/site-packages/airflow/example_dags/example_branch_python_dop_operator_3.py
[2024-05-12T00:38:44.775+0000] {processor.py:830} INFO - Processing file /home/airflow/.local/lib/python3.12/site-packages/airflow/example_dags/example_branch_python_dop_operator_3.py for tasks to queue
[2024-05-12T00:38:44.776+0000] {logging_mixin.py:188} INFO - [2024-05-12T00:38:44.776+0000] {dagbag.py:545} INFO - Filling up the DagBag from /home/airflow/.local/lib/python3.12/site-packages/airflow/example_dags/example_branch_python_dop_operator_3.py
[2024-05-12T00:38:44.781+0000] {processor.py:840} INFO - DAG(s) 'example_branch_dop_operator_v3' retrieved from /home/airflow/.local/lib/python3.12/site-packages/airflow/example_dags/example_branch_python_dop_operator_3.py
[2024-05-12T00:38:44.795+0000] {logging_mixin.py:188} INFO - [2024-05-12T00:38:44.795+0000] {dag.py:3096} INFO - Sync 1 DAGs
[2024-05-12T00:38:44.809+0000] {logging_mixin.py:188} INFO - [2024-05-12T00:38:44.809+0000] {dag.py:3954} INFO - Setting next_dagrun for example_branch_dop_operator_v3 to 2024-05-12 00:37:00+00:00, run_after=2024-05-12 00:38:00+00:00
[2024-05-12T00:38:44.819+0000] {processor.py:183} INFO - Processing /home/airflow/.local/lib/python3.12/site-packages/airflow/example_dags/example_branch_python_dop_operator_3.py took 0.049 seconds
[2024-05-12T00:39:15.407+0000] {processor.py:161} INFO - Started process (PID=5185) to work on /home/airflow/.local/lib/python3.12/site-packages/airflow/example_dags/example_branch_python_dop_operator_3.py
[2024-05-12T00:39:15.407+0000] {processor.py:830} INFO - Processing file /home/airflow/.local/lib/python3.12/site-packages/airflow/example_dags/example_branch_python_dop_operator_3.py for tasks to queue
[2024-05-12T00:39:15.408+0000] {logging_mixin.py:188} INFO - [2024-05-12T00:39:15.408+0000] {dagbag.py:545} INFO - Filling up the DagBag from /home/airflow/.local/lib/python3.12/site-packages/airflow/example_dags/example_branch_python_dop_operator_3.py
[2024-05-12T00:39:15.413+0000] {processor.py:840} INFO - DAG(s) 'example_branch_dop_operator_v3' retrieved from /home/airflow/.local/lib/python3.12/site-packages/airflow/example_dags/example_branch_python_dop_operator_3.py
[2024-05-12T00:39:15.424+0000] {logging_mixin.py:188} INFO - [2024-05-12T00:39:15.424+0000] {dag.py:3096} INFO - Sync 1 DAGs
[2024-05-12T00:39:15.436+0000] {logging_mixin.py:188} INFO - [2024-05-12T00:39:15.436+0000] {dag.py:3954} INFO - Setting next_dagrun for example_branch_dop_operator_v3 to 2024-05-12 00:38:00+00:00, run_after=2024-05-12 00:39:00+00:00
[2024-05-12T00:39:15.447+0000] {processor.py:183} INFO - Processing /home/airflow/.local/lib/python3.12/site-packages/airflow/example_dags/example_branch_python_dop_operator_3.py took 0.043 seconds
[2024-05-12T00:39:46.250+0000] {processor.py:161} INFO - Started process (PID=5446) to work on /home/airflow/.local/lib/python3.12/site-packages/airflow/example_dags/example_branch_python_dop_operator_3.py
[2024-05-12T00:39:46.251+0000] {processor.py:830} INFO - Processing file /home/airflow/.local/lib/python3.12/site-packages/airflow/example_dags/example_branch_python_dop_operator_3.py for tasks to queue
[2024-05-12T00:39:46.253+0000] {logging_mixin.py:188} INFO - [2024-05-12T00:39:46.252+0000] {dagbag.py:545} INFO - Filling up the DagBag from /home/airflow/.local/lib/python3.12/site-packages/airflow/example_dags/example_branch_python_dop_operator_3.py
[2024-05-12T00:39:46.257+0000] {processor.py:840} INFO - DAG(s) 'example_branch_dop_operator_v3' retrieved from /home/airflow/.local/lib/python3.12/site-packages/airflow/example_dags/example_branch_python_dop_operator_3.py
[2024-05-12T00:39:46.268+0000] {logging_mixin.py:188} INFO - [2024-05-12T00:39:46.268+0000] {dag.py:3096} INFO - Sync 1 DAGs
[2024-05-12T00:39:46.280+0000] {logging_mixin.py:188} INFO - [2024-05-12T00:39:46.280+0000] {dag.py:3954} INFO - Setting next_dagrun for example_branch_dop_operator_v3 to 2024-05-12 00:38:00+00:00, run_after=2024-05-12 00:39:00+00:00
[2024-05-12T00:39:46.289+0000] {processor.py:183} INFO - Processing /home/airflow/.local/lib/python3.12/site-packages/airflow/example_dags/example_branch_python_dop_operator_3.py took 0.042 seconds
[2024-05-12T00:40:16.964+0000] {processor.py:161} INFO - Started process (PID=5708) to work on /home/airflow/.local/lib/python3.12/site-packages/airflow/example_dags/example_branch_python_dop_operator_3.py
[2024-05-12T00:40:16.965+0000] {processor.py:830} INFO - Processing file /home/airflow/.local/lib/python3.12/site-packages/airflow/example_dags/example_branch_python_dop_operator_3.py for tasks to queue
[2024-05-12T00:40:16.966+0000] {logging_mixin.py:188} INFO - [2024-05-12T00:40:16.966+0000] {dagbag.py:545} INFO - Filling up the DagBag from /home/airflow/.local/lib/python3.12/site-packages/airflow/example_dags/example_branch_python_dop_operator_3.py
[2024-05-12T00:40:16.971+0000] {processor.py:840} INFO - DAG(s) 'example_branch_dop_operator_v3' retrieved from /home/airflow/.local/lib/python3.12/site-packages/airflow/example_dags/example_branch_python_dop_operator_3.py
[2024-05-12T00:40:16.981+0000] {logging_mixin.py:188} INFO - [2024-05-12T00:40:16.981+0000] {dag.py:3096} INFO - Sync 1 DAGs
[2024-05-12T00:40:16.996+0000] {logging_mixin.py:188} INFO - [2024-05-12T00:40:16.996+0000] {dag.py:3954} INFO - Setting next_dagrun for example_branch_dop_operator_v3 to 2024-05-12 00:39:00+00:00, run_after=2024-05-12 00:40:00+00:00
[2024-05-12T00:40:17.005+0000] {processor.py:183} INFO - Processing /home/airflow/.local/lib/python3.12/site-packages/airflow/example_dags/example_branch_python_dop_operator_3.py took 0.044 seconds
[2024-05-12T00:40:47.663+0000] {processor.py:161} INFO - Started process (PID=5970) to work on /home/airflow/.local/lib/python3.12/site-packages/airflow/example_dags/example_branch_python_dop_operator_3.py
[2024-05-12T00:40:47.664+0000] {processor.py:830} INFO - Processing file /home/airflow/.local/lib/python3.12/site-packages/airflow/example_dags/example_branch_python_dop_operator_3.py for tasks to queue
[2024-05-12T00:40:47.668+0000] {logging_mixin.py:188} INFO - [2024-05-12T00:40:47.667+0000] {dagbag.py:545} INFO - Filling up the DagBag from /home/airflow/.local/lib/python3.12/site-packages/airflow/example_dags/example_branch_python_dop_operator_3.py
[2024-05-12T00:40:47.672+0000] {processor.py:840} INFO - DAG(s) 'example_branch_dop_operator_v3' retrieved from /home/airflow/.local/lib/python3.12/site-packages/airflow/example_dags/example_branch_python_dop_operator_3.py
[2024-05-12T00:40:47.683+0000] {logging_mixin.py:188} INFO - [2024-05-12T00:40:47.682+0000] {dag.py:3096} INFO - Sync 1 DAGs
[2024-05-12T00:40:47.693+0000] {logging_mixin.py:188} INFO - [2024-05-12T00:40:47.693+0000] {dag.py:3954} INFO - Setting next_dagrun for example_branch_dop_operator_v3 to 2024-05-12 00:39:00+00:00, run_after=2024-05-12 00:40:00+00:00
[2024-05-12T00:40:47.702+0000] {processor.py:183} INFO - Processing /home/airflow/.local/lib/python3.12/site-packages/airflow/example_dags/example_branch_python_dop_operator_3.py took 0.041 seconds
[2024-05-12T00:41:18.601+0000] {processor.py:161} INFO - Started process (PID=6232) to work on /home/airflow/.local/lib/python3.12/site-packages/airflow/example_dags/example_branch_python_dop_operator_3.py
[2024-05-12T00:41:18.602+0000] {processor.py:830} INFO - Processing file /home/airflow/.local/lib/python3.12/site-packages/airflow/example_dags/example_branch_python_dop_operator_3.py for tasks to queue
[2024-05-12T00:41:18.603+0000] {logging_mixin.py:188} INFO - [2024-05-12T00:41:18.603+0000] {dagbag.py:545} INFO - Filling up the DagBag from /home/airflow/.local/lib/python3.12/site-packages/airflow/example_dags/example_branch_python_dop_operator_3.py
[2024-05-12T00:41:18.608+0000] {processor.py:840} INFO - DAG(s) 'example_branch_dop_operator_v3' retrieved from /home/airflow/.local/lib/python3.12/site-packages/airflow/example_dags/example_branch_python_dop_operator_3.py
[2024-05-12T00:41:18.618+0000] {logging_mixin.py:188} INFO - [2024-05-12T00:41:18.618+0000] {dag.py:3096} INFO - Sync 1 DAGs
[2024-05-12T00:41:18.630+0000] {logging_mixin.py:188} INFO - [2024-05-12T00:41:18.630+0000] {dag.py:3954} INFO - Setting next_dagrun for example_branch_dop_operator_v3 to 2024-05-12 00:40:00+00:00, run_after=2024-05-12 00:41:00+00:00
[2024-05-12T00:41:18.639+0000] {processor.py:183} INFO - Processing /home/airflow/.local/lib/python3.12/site-packages/airflow/example_dags/example_branch_python_dop_operator_3.py took 0.041 seconds
[2024-05-12T00:41:49.346+0000] {processor.py:161} INFO - Started process (PID=6494) to work on /home/airflow/.local/lib/python3.12/site-packages/airflow/example_dags/example_branch_python_dop_operator_3.py
[2024-05-12T00:41:49.346+0000] {processor.py:830} INFO - Processing file /home/airflow/.local/lib/python3.12/site-packages/airflow/example_dags/example_branch_python_dop_operator_3.py for tasks to queue
[2024-05-12T00:41:49.347+0000] {logging_mixin.py:188} INFO - [2024-05-12T00:41:49.347+0000] {dagbag.py:545} INFO - Filling up the DagBag from /home/airflow/.local/lib/python3.12/site-packages/airflow/example_dags/example_branch_python_dop_operator_3.py
[2024-05-12T00:41:49.352+0000] {processor.py:840} INFO - DAG(s) 'example_branch_dop_operator_v3' retrieved from /home/airflow/.local/lib/python3.12/site-packages/airflow/example_dags/example_branch_python_dop_operator_3.py
[2024-05-12T00:41:49.362+0000] {logging_mixin.py:188} INFO - [2024-05-12T00:41:49.362+0000] {dag.py:3096} INFO - Sync 1 DAGs
[2024-05-12T00:41:49.374+0000] {logging_mixin.py:188} INFO - [2024-05-12T00:41:49.374+0000] {dag.py:3954} INFO - Setting next_dagrun for example_branch_dop_operator_v3 to 2024-05-12 00:40:00+00:00, run_after=2024-05-12 00:41:00+00:00
[2024-05-12T00:41:49.383+0000] {processor.py:183} INFO - Processing /home/airflow/.local/lib/python3.12/site-packages/airflow/example_dags/example_branch_python_dop_operator_3.py took 0.040 seconds
[2024-05-12T00:42:19.976+0000] {processor.py:161} INFO - Started process (PID=6756) to work on /home/airflow/.local/lib/python3.12/site-packages/airflow/example_dags/example_branch_python_dop_operator_3.py
[2024-05-12T00:42:19.976+0000] {processor.py:830} INFO - Processing file /home/airflow/.local/lib/python3.12/site-packages/airflow/example_dags/example_branch_python_dop_operator_3.py for tasks to queue
[2024-05-12T00:42:19.977+0000] {logging_mixin.py:188} INFO - [2024-05-12T00:42:19.977+0000] {dagbag.py:545} INFO - Filling up the DagBag from /home/airflow/.local/lib/python3.12/site-packages/airflow/example_dags/example_branch_python_dop_operator_3.py
[2024-05-12T00:42:19.982+0000] {processor.py:840} INFO - DAG(s) 'example_branch_dop_operator_v3' retrieved from /home/airflow/.local/lib/python3.12/site-packages/airflow/example_dags/example_branch_python_dop_operator_3.py
[2024-05-12T00:42:19.993+0000] {logging_mixin.py:188} INFO - [2024-05-12T00:42:19.992+0000] {dag.py:3096} INFO - Sync 1 DAGs
[2024-05-12T00:42:20.004+0000] {logging_mixin.py:188} INFO - [2024-05-12T00:42:20.004+0000] {dag.py:3954} INFO - Setting next_dagrun for example_branch_dop_operator_v3 to 2024-05-12 00:41:00+00:00, run_after=2024-05-12 00:42:00+00:00
[2024-05-12T00:42:20.013+0000] {processor.py:183} INFO - Processing /home/airflow/.local/lib/python3.12/site-packages/airflow/example_dags/example_branch_python_dop_operator_3.py took 0.041 seconds
[2024-05-12T00:42:50.751+0000] {processor.py:161} INFO - Started process (PID=7018) to work on /home/airflow/.local/lib/python3.12/site-packages/airflow/example_dags/example_branch_python_dop_operator_3.py
[2024-05-12T00:42:50.752+0000] {processor.py:830} INFO - Processing file /home/airflow/.local/lib/python3.12/site-packages/airflow/example_dags/example_branch_python_dop_operator_3.py for tasks to queue
[2024-05-12T00:42:50.753+0000] {logging_mixin.py:188} INFO - [2024-05-12T00:42:50.753+0000] {dagbag.py:545} INFO - Filling up the DagBag from /home/airflow/.local/lib/python3.12/site-packages/airflow/example_dags/example_branch_python_dop_operator_3.py
[2024-05-12T00:42:50.758+0000] {processor.py:840} INFO - DAG(s) 'example_branch_dop_operator_v3' retrieved from /home/airflow/.local/lib/python3.12/site-packages/airflow/example_dags/example_branch_python_dop_operator_3.py
[2024-05-12T00:42:50.768+0000] {logging_mixin.py:188} INFO - [2024-05-12T00:42:50.768+0000] {dag.py:3096} INFO - Sync 1 DAGs
[2024-05-12T00:42:50.780+0000] {logging_mixin.py:188} INFO - [2024-05-12T00:42:50.779+0000] {dag.py:3954} INFO - Setting next_dagrun for example_branch_dop_operator_v3 to 2024-05-12 00:41:00+00:00, run_after=2024-05-12 00:42:00+00:00
[2024-05-12T00:42:50.788+0000] {processor.py:183} INFO - Processing /home/airflow/.local/lib/python3.12/site-packages/airflow/example_dags/example_branch_python_dop_operator_3.py took 0.040 seconds
[2024-05-12T00:43:21.506+0000] {processor.py:161} INFO - Started process (PID=7280) to work on /home/airflow/.local/lib/python3.12/site-packages/airflow/example_dags/example_branch_python_dop_operator_3.py
[2024-05-12T00:43:21.506+0000] {processor.py:830} INFO - Processing file /home/airflow/.local/lib/python3.12/site-packages/airflow/example_dags/example_branch_python_dop_operator_3.py for tasks to queue
[2024-05-12T00:43:21.507+0000] {logging_mixin.py:188} INFO - [2024-05-12T00:43:21.507+0000] {dagbag.py:545} INFO - Filling up the DagBag from /home/airflow/.local/lib/python3.12/site-packages/airflow/example_dags/example_branch_python_dop_operator_3.py
[2024-05-12T00:43:21.512+0000] {processor.py:840} INFO - DAG(s) 'example_branch_dop_operator_v3' retrieved from /home/airflow/.local/lib/python3.12/site-packages/airflow/example_dags/example_branch_python_dop_operator_3.py
[2024-05-12T00:43:21.523+0000] {logging_mixin.py:188} INFO - [2024-05-12T00:43:21.522+0000] {dag.py:3096} INFO - Sync 1 DAGs
[2024-05-12T00:43:21.535+0000] {logging_mixin.py:188} INFO - [2024-05-12T00:43:21.534+0000] {dag.py:3954} INFO - Setting next_dagrun for example_branch_dop_operator_v3 to 2024-05-12 00:42:00+00:00, run_after=2024-05-12 00:43:00+00:00
[2024-05-12T00:43:21.544+0000] {processor.py:183} INFO - Processing /home/airflow/.local/lib/python3.12/site-packages/airflow/example_dags/example_branch_python_dop_operator_3.py took 0.041 seconds
[2024-05-12T00:43:52.279+0000] {processor.py:161} INFO - Started process (PID=7542) to work on /home/airflow/.local/lib/python3.12/site-packages/airflow/example_dags/example_branch_python_dop_operator_3.py
[2024-05-12T00:43:52.279+0000] {processor.py:830} INFO - Processing file /home/airflow/.local/lib/python3.12/site-packages/airflow/example_dags/example_branch_python_dop_operator_3.py for tasks to queue
[2024-05-12T00:43:52.280+0000] {logging_mixin.py:188} INFO - [2024-05-12T00:43:52.280+0000] {dagbag.py:545} INFO - Filling up the DagBag from /home/airflow/.local/lib/python3.12/site-packages/airflow/example_dags/example_branch_python_dop_operator_3.py
[2024-05-12T00:43:52.285+0000] {processor.py:840} INFO - DAG(s) 'example_branch_dop_operator_v3' retrieved from /home/airflow/.local/lib/python3.12/site-packages/airflow/example_dags/example_branch_python_dop_operator_3.py
[2024-05-12T00:43:52.294+0000] {logging_mixin.py:188} INFO - [2024-05-12T00:43:52.294+0000] {dag.py:3096} INFO - Sync 1 DAGs
[2024-05-12T00:43:52.306+0000] {logging_mixin.py:188} INFO - [2024-05-12T00:43:52.306+0000] {dag.py:3954} INFO - Setting next_dagrun for example_branch_dop_operator_v3 to 2024-05-12 00:42:00+00:00, run_after=2024-05-12 00:43:00+00:00
[2024-05-12T00:43:52.314+0000] {processor.py:183} INFO - Processing /home/airflow/.local/lib/python3.12/site-packages/airflow/example_dags/example_branch_python_dop_operator_3.py took 0.038 seconds
[2024-05-12T00:44:22.995+0000] {processor.py:161} INFO - Started process (PID=7803) to work on /home/airflow/.local/lib/python3.12/site-packages/airflow/example_dags/example_branch_python_dop_operator_3.py
[2024-05-12T00:44:22.995+0000] {processor.py:830} INFO - Processing file /home/airflow/.local/lib/python3.12/site-packages/airflow/example_dags/example_branch_python_dop_operator_3.py for tasks to queue
[2024-05-12T00:44:22.996+0000] {logging_mixin.py:188} INFO - [2024-05-12T00:44:22.996+0000] {dagbag.py:545} INFO - Filling up the DagBag from /home/airflow/.local/lib/python3.12/site-packages/airflow/example_dags/example_branch_python_dop_operator_3.py
[2024-05-12T00:44:23.001+0000] {processor.py:840} INFO - DAG(s) 'example_branch_dop_operator_v3' retrieved from /home/airflow/.local/lib/python3.12/site-packages/airflow/example_dags/example_branch_python_dop_operator_3.py
[2024-05-12T00:44:23.011+0000] {logging_mixin.py:188} INFO - [2024-05-12T00:44:23.011+0000] {dag.py:3096} INFO - Sync 1 DAGs
[2024-05-12T00:44:23.022+0000] {logging_mixin.py:188} INFO - [2024-05-12T00:44:23.022+0000] {dag.py:3954} INFO - Setting next_dagrun for example_branch_dop_operator_v3 to 2024-05-12 00:43:00+00:00, run_after=2024-05-12 00:44:00+00:00
[2024-05-12T00:44:23.030+0000] {processor.py:183} INFO - Processing /home/airflow/.local/lib/python3.12/site-packages/airflow/example_dags/example_branch_python_dop_operator_3.py took 0.038 seconds
[2024-05-12T00:44:53.773+0000] {processor.py:161} INFO - Started process (PID=8065) to work on /home/airflow/.local/lib/python3.12/site-packages/airflow/example_dags/example_branch_python_dop_operator_3.py
[2024-05-12T00:44:53.774+0000] {processor.py:830} INFO - Processing file /home/airflow/.local/lib/python3.12/site-packages/airflow/example_dags/example_branch_python_dop_operator_3.py for tasks to queue
[2024-05-12T00:44:53.776+0000] {logging_mixin.py:188} INFO - [2024-05-12T00:44:53.775+0000] {dagbag.py:545} INFO - Filling up the DagBag from /home/airflow/.local/lib/python3.12/site-packages/airflow/example_dags/example_branch_python_dop_operator_3.py
[2024-05-12T00:44:53.780+0000] {processor.py:840} INFO - DAG(s) 'example_branch_dop_operator_v3' retrieved from /home/airflow/.local/lib/python3.12/site-packages/airflow/example_dags/example_branch_python_dop_operator_3.py
[2024-05-12T00:44:53.791+0000] {logging_mixin.py:188} INFO - [2024-05-12T00:44:53.791+0000] {dag.py:3096} INFO - Sync 1 DAGs
[2024-05-12T00:44:53.804+0000] {logging_mixin.py:188} INFO - [2024-05-12T00:44:53.804+0000] {dag.py:3954} INFO - Setting next_dagrun for example_branch_dop_operator_v3 to 2024-05-12 00:43:00+00:00, run_after=2024-05-12 00:44:00+00:00
[2024-05-12T00:44:53.813+0000] {processor.py:183} INFO - Processing /home/airflow/.local/lib/python3.12/site-packages/airflow/example_dags/example_branch_python_dop_operator_3.py took 0.043 seconds
[2024-05-12T00:45:24.495+0000] {processor.py:161} INFO - Started process (PID=8326) to work on /home/airflow/.local/lib/python3.12/site-packages/airflow/example_dags/example_branch_python_dop_operator_3.py
[2024-05-12T00:45:24.495+0000] {processor.py:830} INFO - Processing file /home/airflow/.local/lib/python3.12/site-packages/airflow/example_dags/example_branch_python_dop_operator_3.py for tasks to queue
[2024-05-12T00:45:24.496+0000] {logging_mixin.py:188} INFO - [2024-05-12T00:45:24.496+0000] {dagbag.py:545} INFO - Filling up the DagBag from /home/airflow/.local/lib/python3.12/site-packages/airflow/example_dags/example_branch_python_dop_operator_3.py
[2024-05-12T00:45:24.501+0000] {processor.py:840} INFO - DAG(s) 'example_branch_dop_operator_v3' retrieved from /home/airflow/.local/lib/python3.12/site-packages/airflow/example_dags/example_branch_python_dop_operator_3.py
[2024-05-12T00:45:24.512+0000] {logging_mixin.py:188} INFO - [2024-05-12T00:45:24.511+0000] {dag.py:3096} INFO - Sync 1 DAGs
[2024-05-12T00:45:24.523+0000] {logging_mixin.py:188} INFO - [2024-05-12T00:45:24.523+0000] {dag.py:3954} INFO - Setting next_dagrun for example_branch_dop_operator_v3 to 2024-05-12 00:44:00+00:00, run_after=2024-05-12 00:45:00+00:00
[2024-05-12T00:45:24.532+0000] {processor.py:183} INFO - Processing /home/airflow/.local/lib/python3.12/site-packages/airflow/example_dags/example_branch_python_dop_operator_3.py took 0.040 seconds
[2024-05-12T00:45:55.205+0000] {processor.py:161} INFO - Started process (PID=8588) to work on /home/airflow/.local/lib/python3.12/site-packages/airflow/example_dags/example_branch_python_dop_operator_3.py
[2024-05-12T00:45:55.206+0000] {processor.py:830} INFO - Processing file /home/airflow/.local/lib/python3.12/site-packages/airflow/example_dags/example_branch_python_dop_operator_3.py for tasks to queue
[2024-05-12T00:45:55.207+0000] {logging_mixin.py:188} INFO - [2024-05-12T00:45:55.207+0000] {dagbag.py:545} INFO - Filling up the DagBag from /home/airflow/.local/lib/python3.12/site-packages/airflow/example_dags/example_branch_python_dop_operator_3.py
[2024-05-12T00:45:55.212+0000] {processor.py:840} INFO - DAG(s) 'example_branch_dop_operator_v3' retrieved from /home/airflow/.local/lib/python3.12/site-packages/airflow/example_dags/example_branch_python_dop_operator_3.py
[2024-05-12T00:45:55.222+0000] {logging_mixin.py:188} INFO - [2024-05-12T00:45:55.222+0000] {dag.py:3096} INFO - Sync 1 DAGs
[2024-05-12T00:45:55.234+0000] {logging_mixin.py:188} INFO - [2024-05-12T00:45:55.234+0000] {dag.py:3954} INFO - Setting next_dagrun for example_branch_dop_operator_v3 to 2024-05-12 00:44:00+00:00, run_after=2024-05-12 00:45:00+00:00
[2024-05-12T00:45:55.243+0000] {processor.py:183} INFO - Processing /home/airflow/.local/lib/python3.12/site-packages/airflow/example_dags/example_branch_python_dop_operator_3.py took 0.041 seconds
[2024-05-12T00:46:26.034+0000] {processor.py:161} INFO - Started process (PID=8850) to work on /home/airflow/.local/lib/python3.12/site-packages/airflow/example_dags/example_branch_python_dop_operator_3.py
[2024-05-12T00:46:26.035+0000] {processor.py:830} INFO - Processing file /home/airflow/.local/lib/python3.12/site-packages/airflow/example_dags/example_branch_python_dop_operator_3.py for tasks to queue
[2024-05-12T00:46:26.036+0000] {logging_mixin.py:188} INFO - [2024-05-12T00:46:26.036+0000] {dagbag.py:545} INFO - Filling up the DagBag from /home/airflow/.local/lib/python3.12/site-packages/airflow/example_dags/example_branch_python_dop_operator_3.py
[2024-05-12T00:46:26.041+0000] {processor.py:840} INFO - DAG(s) 'example_branch_dop_operator_v3' retrieved from /home/airflow/.local/lib/python3.12/site-packages/airflow/example_dags/example_branch_python_dop_operator_3.py
[2024-05-12T00:46:26.051+0000] {logging_mixin.py:188} INFO - [2024-05-12T00:46:26.051+0000] {dag.py:3096} INFO - Sync 1 DAGs
[2024-05-12T00:46:26.064+0000] {logging_mixin.py:188} INFO - [2024-05-12T00:46:26.063+0000] {dag.py:3954} INFO - Setting next_dagrun for example_branch_dop_operator_v3 to 2024-05-12 00:45:00+00:00, run_after=2024-05-12 00:46:00+00:00
[2024-05-12T00:46:26.073+0000] {processor.py:183} INFO - Processing /home/airflow/.local/lib/python3.12/site-packages/airflow/example_dags/example_branch_python_dop_operator_3.py took 0.042 seconds
[2024-05-12T00:46:56.805+0000] {processor.py:161} INFO - Started process (PID=9112) to work on /home/airflow/.local/lib/python3.12/site-packages/airflow/example_dags/example_branch_python_dop_operator_3.py
[2024-05-12T00:46:56.806+0000] {processor.py:830} INFO - Processing file /home/airflow/.local/lib/python3.12/site-packages/airflow/example_dags/example_branch_python_dop_operator_3.py for tasks to queue
[2024-05-12T00:46:56.807+0000] {logging_mixin.py:188} INFO - [2024-05-12T00:46:56.807+0000] {dagbag.py:545} INFO - Filling up the DagBag from /home/airflow/.local/lib/python3.12/site-packages/airflow/example_dags/example_branch_python_dop_operator_3.py
[2024-05-12T00:46:56.811+0000] {processor.py:840} INFO - DAG(s) 'example_branch_dop_operator_v3' retrieved from /home/airflow/.local/lib/python3.12/site-packages/airflow/example_dags/example_branch_python_dop_operator_3.py
[2024-05-12T00:46:56.821+0000] {logging_mixin.py:188} INFO - [2024-05-12T00:46:56.821+0000] {dag.py:3096} INFO - Sync 1 DAGs
[2024-05-12T00:46:56.832+0000] {logging_mixin.py:188} INFO - [2024-05-12T00:46:56.832+0000] {dag.py:3954} INFO - Setting next_dagrun for example_branch_dop_operator_v3 to 2024-05-12 00:45:00+00:00, run_after=2024-05-12 00:46:00+00:00
[2024-05-12T00:46:56.840+0000] {processor.py:183} INFO - Processing /home/airflow/.local/lib/python3.12/site-packages/airflow/example_dags/example_branch_python_dop_operator_3.py took 0.038 seconds
[2024-05-12T00:47:27.770+0000] {processor.py:161} INFO - Started process (PID=9373) to work on /home/airflow/.local/lib/python3.12/site-packages/airflow/example_dags/example_branch_python_dop_operator_3.py
[2024-05-12T00:47:27.771+0000] {processor.py:830} INFO - Processing file /home/airflow/.local/lib/python3.12/site-packages/airflow/example_dags/example_branch_python_dop_operator_3.py for tasks to queue
[2024-05-12T00:47:27.772+0000] {logging_mixin.py:188} INFO - [2024-05-12T00:47:27.772+0000] {dagbag.py:545} INFO - Filling up the DagBag from /home/airflow/.local/lib/python3.12/site-packages/airflow/example_dags/example_branch_python_dop_operator_3.py
[2024-05-12T00:47:27.776+0000] {processor.py:840} INFO - DAG(s) 'example_branch_dop_operator_v3' retrieved from /home/airflow/.local/lib/python3.12/site-packages/airflow/example_dags/example_branch_python_dop_operator_3.py
[2024-05-12T00:47:27.786+0000] {logging_mixin.py:188} INFO - [2024-05-12T00:47:27.786+0000] {dag.py:3096} INFO - Sync 1 DAGs
[2024-05-12T00:47:27.798+0000] {logging_mixin.py:188} INFO - [2024-05-12T00:47:27.798+0000] {dag.py:3954} INFO - Setting next_dagrun for example_branch_dop_operator_v3 to 2024-05-12 00:46:00+00:00, run_after=2024-05-12 00:47:00+00:00
[2024-05-12T00:47:27.808+0000] {processor.py:183} INFO - Processing /home/airflow/.local/lib/python3.12/site-packages/airflow/example_dags/example_branch_python_dop_operator_3.py took 0.041 seconds
[2024-05-12T00:47:58.622+0000] {processor.py:161} INFO - Started process (PID=9635) to work on /home/airflow/.local/lib/python3.12/site-packages/airflow/example_dags/example_branch_python_dop_operator_3.py
[2024-05-12T00:47:58.623+0000] {processor.py:830} INFO - Processing file /home/airflow/.local/lib/python3.12/site-packages/airflow/example_dags/example_branch_python_dop_operator_3.py for tasks to queue
[2024-05-12T00:47:58.624+0000] {logging_mixin.py:188} INFO - [2024-05-12T00:47:58.624+0000] {dagbag.py:545} INFO - Filling up the DagBag from /home/airflow/.local/lib/python3.12/site-packages/airflow/example_dags/example_branch_python_dop_operator_3.py
[2024-05-12T00:47:58.628+0000] {processor.py:840} INFO - DAG(s) 'example_branch_dop_operator_v3' retrieved from /home/airflow/.local/lib/python3.12/site-packages/airflow/example_dags/example_branch_python_dop_operator_3.py
[2024-05-12T00:47:58.638+0000] {logging_mixin.py:188} INFO - [2024-05-12T00:47:58.638+0000] {dag.py:3096} INFO - Sync 1 DAGs
[2024-05-12T00:47:58.649+0000] {logging_mixin.py:188} INFO - [2024-05-12T00:47:58.649+0000] {dag.py:3954} INFO - Setting next_dagrun for example_branch_dop_operator_v3 to 2024-05-12 00:46:00+00:00, run_after=2024-05-12 00:47:00+00:00
[2024-05-12T00:47:58.657+0000] {processor.py:183} INFO - Processing /home/airflow/.local/lib/python3.12/site-packages/airflow/example_dags/example_branch_python_dop_operator_3.py took 0.038 seconds
[2024-05-12T00:48:29.445+0000] {processor.py:161} INFO - Started process (PID=9897) to work on /home/airflow/.local/lib/python3.12/site-packages/airflow/example_dags/example_branch_python_dop_operator_3.py
[2024-05-12T00:48:29.445+0000] {processor.py:830} INFO - Processing file /home/airflow/.local/lib/python3.12/site-packages/airflow/example_dags/example_branch_python_dop_operator_3.py for tasks to queue
[2024-05-12T00:48:29.446+0000] {logging_mixin.py:188} INFO - [2024-05-12T00:48:29.446+0000] {dagbag.py:545} INFO - Filling up the DagBag from /home/airflow/.local/lib/python3.12/site-packages/airflow/example_dags/example_branch_python_dop_operator_3.py
[2024-05-12T00:48:29.451+0000] {processor.py:840} INFO - DAG(s) 'example_branch_dop_operator_v3' retrieved from /home/airflow/.local/lib/python3.12/site-packages/airflow/example_dags/example_branch_python_dop_operator_3.py
[2024-05-12T00:48:29.461+0000] {logging_mixin.py:188} INFO - [2024-05-12T00:48:29.461+0000] {dag.py:3096} INFO - Sync 1 DAGs
[2024-05-12T00:48:29.472+0000] {logging_mixin.py:188} INFO - [2024-05-12T00:48:29.472+0000] {dag.py:3954} INFO - Setting next_dagrun for example_branch_dop_operator_v3 to 2024-05-12 00:47:00+00:00, run_after=2024-05-12 00:48:00+00:00
[2024-05-12T00:48:29.482+0000] {processor.py:183} INFO - Processing /home/airflow/.local/lib/python3.12/site-packages/airflow/example_dags/example_branch_python_dop_operator_3.py took 0.040 seconds
[2024-05-12T00:48:59.616+0000] {processor.py:161} INFO - Started process (PID=10159) to work on /home/airflow/.local/lib/python3.12/site-packages/airflow/example_dags/example_branch_python_dop_operator_3.py
[2024-05-12T00:48:59.617+0000] {processor.py:830} INFO - Processing file /home/airflow/.local/lib/python3.12/site-packages/airflow/example_dags/example_branch_python_dop_operator_3.py for tasks to queue
[2024-05-12T00:48:59.618+0000] {logging_mixin.py:188} INFO - [2024-05-12T00:48:59.618+0000] {dagbag.py:545} INFO - Filling up the DagBag from /home/airflow/.local/lib/python3.12/site-packages/airflow/example_dags/example_branch_python_dop_operator_3.py
[2024-05-12T00:48:59.622+0000] {processor.py:840} INFO - DAG(s) 'example_branch_dop_operator_v3' retrieved from /home/airflow/.local/lib/python3.12/site-packages/airflow/example_dags/example_branch_python_dop_operator_3.py
[2024-05-12T00:48:59.632+0000] {logging_mixin.py:188} INFO - [2024-05-12T00:48:59.632+0000] {dag.py:3096} INFO - Sync 1 DAGs
[2024-05-12T00:48:59.643+0000] {logging_mixin.py:188} INFO - [2024-05-12T00:48:59.643+0000] {dag.py:3954} INFO - Setting next_dagrun for example_branch_dop_operator_v3 to 2024-05-12 00:47:00+00:00, run_after=2024-05-12 00:48:00+00:00
[2024-05-12T00:48:59.652+0000] {processor.py:183} INFO - Processing /home/airflow/.local/lib/python3.12/site-packages/airflow/example_dags/example_branch_python_dop_operator_3.py took 0.038 seconds
[2024-05-12T01:06:45.347+0000] {processor.py:161} INFO - Started process (PID=10421) to work on /home/airflow/.local/lib/python3.12/site-packages/airflow/example_dags/example_branch_python_dop_operator_3.py
[2024-05-12T01:06:45.348+0000] {processor.py:830} INFO - Processing file /home/airflow/.local/lib/python3.12/site-packages/airflow/example_dags/example_branch_python_dop_operator_3.py for tasks to queue
[2024-05-12T01:06:45.349+0000] {logging_mixin.py:188} INFO - [2024-05-12T01:06:45.349+0000] {dagbag.py:545} INFO - Filling up the DagBag from /home/airflow/.local/lib/python3.12/site-packages/airflow/example_dags/example_branch_python_dop_operator_3.py
[2024-05-12T01:06:45.354+0000] {processor.py:840} INFO - DAG(s) 'example_branch_dop_operator_v3' retrieved from /home/airflow/.local/lib/python3.12/site-packages/airflow/example_dags/example_branch_python_dop_operator_3.py
[2024-05-12T01:06:45.364+0000] {logging_mixin.py:188} INFO - [2024-05-12T01:06:45.364+0000] {dag.py:3096} INFO - Sync 1 DAGs
[2024-05-12T01:06:45.375+0000] {logging_mixin.py:188} INFO - [2024-05-12T01:06:45.375+0000] {dag.py:3954} INFO - Setting next_dagrun for example_branch_dop_operator_v3 to 2024-05-12 01:05:00+00:00, run_after=2024-05-12 01:06:00+00:00
[2024-05-12T01:06:45.384+0000] {processor.py:183} INFO - Processing /home/airflow/.local/lib/python3.12/site-packages/airflow/example_dags/example_branch_python_dop_operator_3.py took 0.040 seconds
[2024-05-12T01:10:16.924+0000] {processor.py:161} INFO - Started process (PID=10682) to work on /home/airflow/.local/lib/python3.12/site-packages/airflow/example_dags/example_branch_python_dop_operator_3.py
[2024-05-12T01:10:16.924+0000] {processor.py:830} INFO - Processing file /home/airflow/.local/lib/python3.12/site-packages/airflow/example_dags/example_branch_python_dop_operator_3.py for tasks to queue
[2024-05-12T01:10:16.925+0000] {logging_mixin.py:188} INFO - [2024-05-12T01:10:16.925+0000] {dagbag.py:545} INFO - Filling up the DagBag from /home/airflow/.local/lib/python3.12/site-packages/airflow/example_dags/example_branch_python_dop_operator_3.py
[2024-05-12T01:10:16.930+0000] {processor.py:840} INFO - DAG(s) 'example_branch_dop_operator_v3' retrieved from /home/airflow/.local/lib/python3.12/site-packages/airflow/example_dags/example_branch_python_dop_operator_3.py
[2024-05-12T01:10:16.941+0000] {logging_mixin.py:188} INFO - [2024-05-12T01:10:16.941+0000] {dag.py:3096} INFO - Sync 1 DAGs
[2024-05-12T01:10:17.040+0000] {logging_mixin.py:188} INFO - [2024-05-12T01:10:17.040+0000] {dag.py:3954} INFO - Setting next_dagrun for example_branch_dop_operator_v3 to 2024-05-12 01:09:00+00:00, run_after=2024-05-12 01:10:00+00:00
[2024-05-12T01:10:17.054+0000] {processor.py:183} INFO - Processing /home/airflow/.local/lib/python3.12/site-packages/airflow/example_dags/example_branch_python_dop_operator_3.py took 0.133 seconds
[2024-05-12T01:10:47.701+0000] {processor.py:161} INFO - Started process (PID=10944) to work on /home/airflow/.local/lib/python3.12/site-packages/airflow/example_dags/example_branch_python_dop_operator_3.py
[2024-05-12T01:10:47.702+0000] {processor.py:830} INFO - Processing file /home/airflow/.local/lib/python3.12/site-packages/airflow/example_dags/example_branch_python_dop_operator_3.py for tasks to queue
[2024-05-12T01:10:47.703+0000] {logging_mixin.py:188} INFO - [2024-05-12T01:10:47.703+0000] {dagbag.py:545} INFO - Filling up the DagBag from /home/airflow/.local/lib/python3.12/site-packages/airflow/example_dags/example_branch_python_dop_operator_3.py
[2024-05-12T01:10:47.707+0000] {processor.py:840} INFO - DAG(s) 'example_branch_dop_operator_v3' retrieved from /home/airflow/.local/lib/python3.12/site-packages/airflow/example_dags/example_branch_python_dop_operator_3.py
[2024-05-12T01:10:47.719+0000] {logging_mixin.py:188} INFO - [2024-05-12T01:10:47.719+0000] {dag.py:3096} INFO - Sync 1 DAGs
[2024-05-12T01:10:47.820+0000] {logging_mixin.py:188} INFO - [2024-05-12T01:10:47.820+0000] {dag.py:3954} INFO - Setting next_dagrun for example_branch_dop_operator_v3 to 2024-05-12 01:09:00+00:00, run_after=2024-05-12 01:10:00+00:00
[2024-05-12T01:10:47.831+0000] {processor.py:183} INFO - Processing /home/airflow/.local/lib/python3.12/site-packages/airflow/example_dags/example_branch_python_dop_operator_3.py took 0.133 seconds
[2024-05-12T01:11:18.162+0000] {processor.py:161} INFO - Started process (PID=11206) to work on /home/airflow/.local/lib/python3.12/site-packages/airflow/example_dags/example_branch_python_dop_operator_3.py
[2024-05-12T01:11:18.162+0000] {processor.py:830} INFO - Processing file /home/airflow/.local/lib/python3.12/site-packages/airflow/example_dags/example_branch_python_dop_operator_3.py for tasks to queue
[2024-05-12T01:11:18.163+0000] {logging_mixin.py:188} INFO - [2024-05-12T01:11:18.163+0000] {dagbag.py:545} INFO - Filling up the DagBag from /home/airflow/.local/lib/python3.12/site-packages/airflow/example_dags/example_branch_python_dop_operator_3.py
[2024-05-12T01:11:18.168+0000] {processor.py:840} INFO - DAG(s) 'example_branch_dop_operator_v3' retrieved from /home/airflow/.local/lib/python3.12/site-packages/airflow/example_dags/example_branch_python_dop_operator_3.py
[2024-05-12T01:11:18.178+0000] {logging_mixin.py:188} INFO - [2024-05-12T01:11:18.178+0000] {dag.py:3096} INFO - Sync 1 DAGs
[2024-05-12T01:11:18.189+0000] {logging_mixin.py:188} INFO - [2024-05-12T01:11:18.189+0000] {dag.py:3954} INFO - Setting next_dagrun for example_branch_dop_operator_v3 to 2024-05-12 01:10:00+00:00, run_after=2024-05-12 01:11:00+00:00
[2024-05-12T01:11:18.283+0000] {processor.py:183} INFO - Processing /home/airflow/.local/lib/python3.12/site-packages/airflow/example_dags/example_branch_python_dop_operator_3.py took 0.125 seconds
[2024-05-12T01:11:48.724+0000] {processor.py:161} INFO - Started process (PID=11468) to work on /home/airflow/.local/lib/python3.12/site-packages/airflow/example_dags/example_branch_python_dop_operator_3.py
[2024-05-12T01:11:48.725+0000] {processor.py:830} INFO - Processing file /home/airflow/.local/lib/python3.12/site-packages/airflow/example_dags/example_branch_python_dop_operator_3.py for tasks to queue
[2024-05-12T01:11:48.726+0000] {logging_mixin.py:188} INFO - [2024-05-12T01:11:48.726+0000] {dagbag.py:545} INFO - Filling up the DagBag from /home/airflow/.local/lib/python3.12/site-packages/airflow/example_dags/example_branch_python_dop_operator_3.py
[2024-05-12T01:11:48.730+0000] {processor.py:840} INFO - DAG(s) 'example_branch_dop_operator_v3' retrieved from /home/airflow/.local/lib/python3.12/site-packages/airflow/example_dags/example_branch_python_dop_operator_3.py
[2024-05-12T01:11:48.740+0000] {logging_mixin.py:188} INFO - [2024-05-12T01:11:48.740+0000] {dag.py:3096} INFO - Sync 1 DAGs
[2024-05-12T01:11:48.753+0000] {logging_mixin.py:188} INFO - [2024-05-12T01:11:48.753+0000] {dag.py:3954} INFO - Setting next_dagrun for example_branch_dop_operator_v3 to 2024-05-12 01:10:00+00:00, run_after=2024-05-12 01:11:00+00:00
[2024-05-12T01:11:48.761+0000] {processor.py:183} INFO - Processing /home/airflow/.local/lib/python3.12/site-packages/airflow/example_dags/example_branch_python_dop_operator_3.py took 0.040 seconds
[2024-05-12T01:12:19.631+0000] {processor.py:161} INFO - Started process (PID=11730) to work on /home/airflow/.local/lib/python3.12/site-packages/airflow/example_dags/example_branch_python_dop_operator_3.py
[2024-05-12T01:12:19.632+0000] {processor.py:830} INFO - Processing file /home/airflow/.local/lib/python3.12/site-packages/airflow/example_dags/example_branch_python_dop_operator_3.py for tasks to queue
[2024-05-12T01:12:19.633+0000] {logging_mixin.py:188} INFO - [2024-05-12T01:12:19.633+0000] {dagbag.py:545} INFO - Filling up the DagBag from /home/airflow/.local/lib/python3.12/site-packages/airflow/example_dags/example_branch_python_dop_operator_3.py
[2024-05-12T01:12:19.638+0000] {processor.py:840} INFO - DAG(s) 'example_branch_dop_operator_v3' retrieved from /home/airflow/.local/lib/python3.12/site-packages/airflow/example_dags/example_branch_python_dop_operator_3.py
[2024-05-12T01:12:19.648+0000] {logging_mixin.py:188} INFO - [2024-05-12T01:12:19.648+0000] {dag.py:3096} INFO - Sync 1 DAGs
[2024-05-12T01:12:19.660+0000] {logging_mixin.py:188} INFO - [2024-05-12T01:12:19.660+0000] {dag.py:3954} INFO - Setting next_dagrun for example_branch_dop_operator_v3 to 2024-05-12 01:11:00+00:00, run_after=2024-05-12 01:12:00+00:00
[2024-05-12T01:12:19.669+0000] {processor.py:183} INFO - Processing /home/airflow/.local/lib/python3.12/site-packages/airflow/example_dags/example_branch_python_dop_operator_3.py took 0.041 seconds
[2024-05-12T01:12:50.552+0000] {processor.py:161} INFO - Started process (PID=11992) to work on /home/airflow/.local/lib/python3.12/site-packages/airflow/example_dags/example_branch_python_dop_operator_3.py
[2024-05-12T01:12:50.552+0000] {processor.py:830} INFO - Processing file /home/airflow/.local/lib/python3.12/site-packages/airflow/example_dags/example_branch_python_dop_operator_3.py for tasks to queue
[2024-05-12T01:12:50.554+0000] {logging_mixin.py:188} INFO - [2024-05-12T01:12:50.553+0000] {dagbag.py:545} INFO - Filling up the DagBag from /home/airflow/.local/lib/python3.12/site-packages/airflow/example_dags/example_branch_python_dop_operator_3.py
[2024-05-12T01:12:50.559+0000] {processor.py:840} INFO - DAG(s) 'example_branch_dop_operator_v3' retrieved from /home/airflow/.local/lib/python3.12/site-packages/airflow/example_dags/example_branch_python_dop_operator_3.py
[2024-05-12T01:12:50.569+0000] {logging_mixin.py:188} INFO - [2024-05-12T01:12:50.569+0000] {dag.py:3096} INFO - Sync 1 DAGs
[2024-05-12T01:12:50.582+0000] {logging_mixin.py:188} INFO - [2024-05-12T01:12:50.582+0000] {dag.py:3954} INFO - Setting next_dagrun for example_branch_dop_operator_v3 to 2024-05-12 01:11:00+00:00, run_after=2024-05-12 01:12:00+00:00
[2024-05-12T01:12:50.591+0000] {processor.py:183} INFO - Processing /home/airflow/.local/lib/python3.12/site-packages/airflow/example_dags/example_branch_python_dop_operator_3.py took 0.043 seconds
[2024-05-12T01:13:21.437+0000] {processor.py:161} INFO - Started process (PID=12253) to work on /home/airflow/.local/lib/python3.12/site-packages/airflow/example_dags/example_branch_python_dop_operator_3.py
[2024-05-12T01:13:21.438+0000] {processor.py:830} INFO - Processing file /home/airflow/.local/lib/python3.12/site-packages/airflow/example_dags/example_branch_python_dop_operator_3.py for tasks to queue
[2024-05-12T01:13:21.439+0000] {logging_mixin.py:188} INFO - [2024-05-12T01:13:21.438+0000] {dagbag.py:545} INFO - Filling up the DagBag from /home/airflow/.local/lib/python3.12/site-packages/airflow/example_dags/example_branch_python_dop_operator_3.py
[2024-05-12T01:13:21.443+0000] {processor.py:840} INFO - DAG(s) 'example_branch_dop_operator_v3' retrieved from /home/airflow/.local/lib/python3.12/site-packages/airflow/example_dags/example_branch_python_dop_operator_3.py
[2024-05-12T01:13:21.454+0000] {logging_mixin.py:188} INFO - [2024-05-12T01:13:21.453+0000] {dag.py:3096} INFO - Sync 1 DAGs
[2024-05-12T01:13:21.466+0000] {logging_mixin.py:188} INFO - [2024-05-12T01:13:21.466+0000] {dag.py:3954} INFO - Setting next_dagrun for example_branch_dop_operator_v3 to 2024-05-12 01:12:00+00:00, run_after=2024-05-12 01:13:00+00:00
[2024-05-12T01:13:21.475+0000] {processor.py:183} INFO - Processing /home/airflow/.local/lib/python3.12/site-packages/airflow/example_dags/example_branch_python_dop_operator_3.py took 0.041 seconds
[2024-05-12T01:13:52.360+0000] {processor.py:161} INFO - Started process (PID=12515) to work on /home/airflow/.local/lib/python3.12/site-packages/airflow/example_dags/example_branch_python_dop_operator_3.py
[2024-05-12T01:13:52.360+0000] {processor.py:830} INFO - Processing file /home/airflow/.local/lib/python3.12/site-packages/airflow/example_dags/example_branch_python_dop_operator_3.py for tasks to queue
[2024-05-12T01:13:52.362+0000] {logging_mixin.py:188} INFO - [2024-05-12T01:13:52.362+0000] {dagbag.py:545} INFO - Filling up the DagBag from /home/airflow/.local/lib/python3.12/site-packages/airflow/example_dags/example_branch_python_dop_operator_3.py
[2024-05-12T01:13:52.367+0000] {processor.py:840} INFO - DAG(s) 'example_branch_dop_operator_v3' retrieved from /home/airflow/.local/lib/python3.12/site-packages/airflow/example_dags/example_branch_python_dop_operator_3.py
[2024-05-12T01:13:52.377+0000] {logging_mixin.py:188} INFO - [2024-05-12T01:13:52.377+0000] {dag.py:3096} INFO - Sync 1 DAGs
[2024-05-12T01:13:52.389+0000] {logging_mixin.py:188} INFO - [2024-05-12T01:13:52.389+0000] {dag.py:3954} INFO - Setting next_dagrun for example_branch_dop_operator_v3 to 2024-05-12 01:12:00+00:00, run_after=2024-05-12 01:13:00+00:00
[2024-05-12T01:13:52.398+0000] {processor.py:183} INFO - Processing /home/airflow/.local/lib/python3.12/site-packages/airflow/example_dags/example_branch_python_dop_operator_3.py took 0.041 seconds
[2024-05-12T01:14:23.231+0000] {processor.py:161} INFO - Started process (PID=12778) to work on /home/airflow/.local/lib/python3.12/site-packages/airflow/example_dags/example_branch_python_dop_operator_3.py
[2024-05-12T01:14:23.232+0000] {processor.py:830} INFO - Processing file /home/airflow/.local/lib/python3.12/site-packages/airflow/example_dags/example_branch_python_dop_operator_3.py for tasks to queue
[2024-05-12T01:14:23.233+0000] {logging_mixin.py:188} INFO - [2024-05-12T01:14:23.233+0000] {dagbag.py:545} INFO - Filling up the DagBag from /home/airflow/.local/lib/python3.12/site-packages/airflow/example_dags/example_branch_python_dop_operator_3.py
[2024-05-12T01:14:23.238+0000] {processor.py:840} INFO - DAG(s) 'example_branch_dop_operator_v3' retrieved from /home/airflow/.local/lib/python3.12/site-packages/airflow/example_dags/example_branch_python_dop_operator_3.py
[2024-05-12T01:14:23.248+0000] {logging_mixin.py:188} INFO - [2024-05-12T01:14:23.248+0000] {dag.py:3096} INFO - Sync 1 DAGs
[2024-05-12T01:14:23.259+0000] {logging_mixin.py:188} INFO - [2024-05-12T01:14:23.259+0000] {dag.py:3954} INFO - Setting next_dagrun for example_branch_dop_operator_v3 to 2024-05-12 01:13:00+00:00, run_after=2024-05-12 01:14:00+00:00
[2024-05-12T01:14:23.267+0000] {processor.py:183} INFO - Processing /home/airflow/.local/lib/python3.12/site-packages/airflow/example_dags/example_branch_python_dop_operator_3.py took 0.039 seconds
[2024-05-12T01:14:54.196+0000] {processor.py:161} INFO - Started process (PID=13038) to work on /home/airflow/.local/lib/python3.12/site-packages/airflow/example_dags/example_branch_python_dop_operator_3.py
[2024-05-12T01:14:54.197+0000] {processor.py:830} INFO - Processing file /home/airflow/.local/lib/python3.12/site-packages/airflow/example_dags/example_branch_python_dop_operator_3.py for tasks to queue
[2024-05-12T01:14:54.198+0000] {logging_mixin.py:188} INFO - [2024-05-12T01:14:54.197+0000] {dagbag.py:545} INFO - Filling up the DagBag from /home/airflow/.local/lib/python3.12/site-packages/airflow/example_dags/example_branch_python_dop_operator_3.py
[2024-05-12T01:14:54.203+0000] {processor.py:840} INFO - DAG(s) 'example_branch_dop_operator_v3' retrieved from /home/airflow/.local/lib/python3.12/site-packages/airflow/example_dags/example_branch_python_dop_operator_3.py
[2024-05-12T01:14:54.213+0000] {logging_mixin.py:188} INFO - [2024-05-12T01:14:54.213+0000] {dag.py:3096} INFO - Sync 1 DAGs
[2024-05-12T01:14:54.225+0000] {logging_mixin.py:188} INFO - [2024-05-12T01:14:54.225+0000] {dag.py:3954} INFO - Setting next_dagrun for example_branch_dop_operator_v3 to 2024-05-12 01:13:00+00:00, run_after=2024-05-12 01:14:00+00:00
[2024-05-12T01:14:54.234+0000] {processor.py:183} INFO - Processing /home/airflow/.local/lib/python3.12/site-packages/airflow/example_dags/example_branch_python_dop_operator_3.py took 0.041 seconds
[2024-05-12T01:15:25.199+0000] {processor.py:161} INFO - Started process (PID=13300) to work on /home/airflow/.local/lib/python3.12/site-packages/airflow/example_dags/example_branch_python_dop_operator_3.py
[2024-05-12T01:15:25.199+0000] {processor.py:830} INFO - Processing file /home/airflow/.local/lib/python3.12/site-packages/airflow/example_dags/example_branch_python_dop_operator_3.py for tasks to queue
[2024-05-12T01:15:25.200+0000] {logging_mixin.py:188} INFO - [2024-05-12T01:15:25.200+0000] {dagbag.py:545} INFO - Filling up the DagBag from /home/airflow/.local/lib/python3.12/site-packages/airflow/example_dags/example_branch_python_dop_operator_3.py
[2024-05-12T01:15:25.205+0000] {processor.py:840} INFO - DAG(s) 'example_branch_dop_operator_v3' retrieved from /home/airflow/.local/lib/python3.12/site-packages/airflow/example_dags/example_branch_python_dop_operator_3.py
[2024-05-12T01:15:25.215+0000] {logging_mixin.py:188} INFO - [2024-05-12T01:15:25.215+0000] {dag.py:3096} INFO - Sync 1 DAGs
[2024-05-12T01:15:25.227+0000] {logging_mixin.py:188} INFO - [2024-05-12T01:15:25.226+0000] {dag.py:3954} INFO - Setting next_dagrun for example_branch_dop_operator_v3 to 2024-05-12 01:14:00+00:00, run_after=2024-05-12 01:15:00+00:00
[2024-05-12T01:15:25.235+0000] {processor.py:183} INFO - Processing /home/airflow/.local/lib/python3.12/site-packages/airflow/example_dags/example_branch_python_dop_operator_3.py took 0.040 seconds
[2024-05-12T01:15:56.108+0000] {processor.py:161} INFO - Started process (PID=13562) to work on /home/airflow/.local/lib/python3.12/site-packages/airflow/example_dags/example_branch_python_dop_operator_3.py
[2024-05-12T01:15:56.109+0000] {processor.py:830} INFO - Processing file /home/airflow/.local/lib/python3.12/site-packages/airflow/example_dags/example_branch_python_dop_operator_3.py for tasks to queue
[2024-05-12T01:15:56.110+0000] {logging_mixin.py:188} INFO - [2024-05-12T01:15:56.110+0000] {dagbag.py:545} INFO - Filling up the DagBag from /home/airflow/.local/lib/python3.12/site-packages/airflow/example_dags/example_branch_python_dop_operator_3.py
[2024-05-12T01:15:56.115+0000] {processor.py:840} INFO - DAG(s) 'example_branch_dop_operator_v3' retrieved from /home/airflow/.local/lib/python3.12/site-packages/airflow/example_dags/example_branch_python_dop_operator_3.py
[2024-05-12T01:15:56.125+0000] {logging_mixin.py:188} INFO - [2024-05-12T01:15:56.125+0000] {dag.py:3096} INFO - Sync 1 DAGs
[2024-05-12T01:15:56.137+0000] {logging_mixin.py:188} INFO - [2024-05-12T01:15:56.137+0000] {dag.py:3954} INFO - Setting next_dagrun for example_branch_dop_operator_v3 to 2024-05-12 01:14:00+00:00, run_after=2024-05-12 01:15:00+00:00
[2024-05-12T01:15:56.145+0000] {processor.py:183} INFO - Processing /home/airflow/.local/lib/python3.12/site-packages/airflow/example_dags/example_branch_python_dop_operator_3.py took 0.040 seconds
[2024-05-12T01:16:26.887+0000] {processor.py:161} INFO - Started process (PID=13824) to work on /home/airflow/.local/lib/python3.12/site-packages/airflow/example_dags/example_branch_python_dop_operator_3.py
[2024-05-12T01:16:26.888+0000] {processor.py:830} INFO - Processing file /home/airflow/.local/lib/python3.12/site-packages/airflow/example_dags/example_branch_python_dop_operator_3.py for tasks to queue
[2024-05-12T01:16:26.889+0000] {logging_mixin.py:188} INFO - [2024-05-12T01:16:26.889+0000] {dagbag.py:545} INFO - Filling up the DagBag from /home/airflow/.local/lib/python3.12/site-packages/airflow/example_dags/example_branch_python_dop_operator_3.py
[2024-05-12T01:16:26.893+0000] {processor.py:840} INFO - DAG(s) 'example_branch_dop_operator_v3' retrieved from /home/airflow/.local/lib/python3.12/site-packages/airflow/example_dags/example_branch_python_dop_operator_3.py
[2024-05-12T01:16:26.903+0000] {logging_mixin.py:188} INFO - [2024-05-12T01:16:26.903+0000] {dag.py:3096} INFO - Sync 1 DAGs
[2024-05-12T01:16:26.915+0000] {logging_mixin.py:188} INFO - [2024-05-12T01:16:26.915+0000] {dag.py:3954} INFO - Setting next_dagrun for example_branch_dop_operator_v3 to 2024-05-12 01:15:00+00:00, run_after=2024-05-12 01:16:00+00:00
[2024-05-12T01:16:26.923+0000] {processor.py:183} INFO - Processing /home/airflow/.local/lib/python3.12/site-packages/airflow/example_dags/example_branch_python_dop_operator_3.py took 0.039 seconds
[2024-05-12T01:16:57.613+0000] {processor.py:161} INFO - Started process (PID=14086) to work on /home/airflow/.local/lib/python3.12/site-packages/airflow/example_dags/example_branch_python_dop_operator_3.py
[2024-05-12T01:16:57.614+0000] {processor.py:830} INFO - Processing file /home/airflow/.local/lib/python3.12/site-packages/airflow/example_dags/example_branch_python_dop_operator_3.py for tasks to queue
[2024-05-12T01:16:57.615+0000] {logging_mixin.py:188} INFO - [2024-05-12T01:16:57.615+0000] {dagbag.py:545} INFO - Filling up the DagBag from /home/airflow/.local/lib/python3.12/site-packages/airflow/example_dags/example_branch_python_dop_operator_3.py
[2024-05-12T01:16:57.620+0000] {processor.py:840} INFO - DAG(s) 'example_branch_dop_operator_v3' retrieved from /home/airflow/.local/lib/python3.12/site-packages/airflow/example_dags/example_branch_python_dop_operator_3.py
[2024-05-12T01:16:57.630+0000] {logging_mixin.py:188} INFO - [2024-05-12T01:16:57.630+0000] {dag.py:3096} INFO - Sync 1 DAGs
[2024-05-12T01:16:57.641+0000] {logging_mixin.py:188} INFO - [2024-05-12T01:16:57.641+0000] {dag.py:3954} INFO - Setting next_dagrun for example_branch_dop_operator_v3 to 2024-05-12 01:15:00+00:00, run_after=2024-05-12 01:16:00+00:00
[2024-05-12T01:16:57.649+0000] {processor.py:183} INFO - Processing /home/airflow/.local/lib/python3.12/site-packages/airflow/example_dags/example_branch_python_dop_operator_3.py took 0.039 seconds
[2024-05-12T01:17:28.396+0000] {processor.py:161} INFO - Started process (PID=14348) to work on /home/airflow/.local/lib/python3.12/site-packages/airflow/example_dags/example_branch_python_dop_operator_3.py
[2024-05-12T01:17:28.396+0000] {processor.py:830} INFO - Processing file /home/airflow/.local/lib/python3.12/site-packages/airflow/example_dags/example_branch_python_dop_operator_3.py for tasks to queue
[2024-05-12T01:17:28.397+0000] {logging_mixin.py:188} INFO - [2024-05-12T01:17:28.397+0000] {dagbag.py:545} INFO - Filling up the DagBag from /home/airflow/.local/lib/python3.12/site-packages/airflow/example_dags/example_branch_python_dop_operator_3.py
[2024-05-12T01:17:28.402+0000] {processor.py:840} INFO - DAG(s) 'example_branch_dop_operator_v3' retrieved from /home/airflow/.local/lib/python3.12/site-packages/airflow/example_dags/example_branch_python_dop_operator_3.py
[2024-05-12T01:17:28.412+0000] {logging_mixin.py:188} INFO - [2024-05-12T01:17:28.412+0000] {dag.py:3096} INFO - Sync 1 DAGs
[2024-05-12T01:17:28.423+0000] {logging_mixin.py:188} INFO - [2024-05-12T01:17:28.423+0000] {dag.py:3954} INFO - Setting next_dagrun for example_branch_dop_operator_v3 to 2024-05-12 01:16:00+00:00, run_after=2024-05-12 01:17:00+00:00
[2024-05-12T01:17:28.431+0000] {processor.py:183} INFO - Processing /home/airflow/.local/lib/python3.12/site-packages/airflow/example_dags/example_branch_python_dop_operator_3.py took 0.038 seconds
[2024-05-12T01:17:59.224+0000] {processor.py:161} INFO - Started process (PID=14610) to work on /home/airflow/.local/lib/python3.12/site-packages/airflow/example_dags/example_branch_python_dop_operator_3.py
[2024-05-12T01:17:59.225+0000] {processor.py:830} INFO - Processing file /home/airflow/.local/lib/python3.12/site-packages/airflow/example_dags/example_branch_python_dop_operator_3.py for tasks to queue
[2024-05-12T01:17:59.226+0000] {logging_mixin.py:188} INFO - [2024-05-12T01:17:59.226+0000] {dagbag.py:545} INFO - Filling up the DagBag from /home/airflow/.local/lib/python3.12/site-packages/airflow/example_dags/example_branch_python_dop_operator_3.py
[2024-05-12T01:17:59.230+0000] {processor.py:840} INFO - DAG(s) 'example_branch_dop_operator_v3' retrieved from /home/airflow/.local/lib/python3.12/site-packages/airflow/example_dags/example_branch_python_dop_operator_3.py
[2024-05-12T01:17:59.240+0000] {logging_mixin.py:188} INFO - [2024-05-12T01:17:59.240+0000] {dag.py:3096} INFO - Sync 1 DAGs
[2024-05-12T01:17:59.251+0000] {logging_mixin.py:188} INFO - [2024-05-12T01:17:59.251+0000] {dag.py:3954} INFO - Setting next_dagrun for example_branch_dop_operator_v3 to 2024-05-12 01:16:00+00:00, run_after=2024-05-12 01:17:00+00:00
[2024-05-12T01:17:59.259+0000] {processor.py:183} INFO - Processing /home/airflow/.local/lib/python3.12/site-packages/airflow/example_dags/example_branch_python_dop_operator_3.py took 0.038 seconds
[2024-05-12T01:18:30.110+0000] {processor.py:161} INFO - Started process (PID=14872) to work on /home/airflow/.local/lib/python3.12/site-packages/airflow/example_dags/example_branch_python_dop_operator_3.py
[2024-05-12T01:18:30.111+0000] {processor.py:830} INFO - Processing file /home/airflow/.local/lib/python3.12/site-packages/airflow/example_dags/example_branch_python_dop_operator_3.py for tasks to queue
[2024-05-12T01:18:30.112+0000] {logging_mixin.py:188} INFO - [2024-05-12T01:18:30.111+0000] {dagbag.py:545} INFO - Filling up the DagBag from /home/airflow/.local/lib/python3.12/site-packages/airflow/example_dags/example_branch_python_dop_operator_3.py
[2024-05-12T01:18:30.116+0000] {processor.py:840} INFO - DAG(s) 'example_branch_dop_operator_v3' retrieved from /home/airflow/.local/lib/python3.12/site-packages/airflow/example_dags/example_branch_python_dop_operator_3.py
[2024-05-12T01:18:30.126+0000] {logging_mixin.py:188} INFO - [2024-05-12T01:18:30.126+0000] {dag.py:3096} INFO - Sync 1 DAGs
[2024-05-12T01:18:30.137+0000] {logging_mixin.py:188} INFO - [2024-05-12T01:18:30.137+0000] {dag.py:3954} INFO - Setting next_dagrun for example_branch_dop_operator_v3 to 2024-05-12 01:17:00+00:00, run_after=2024-05-12 01:18:00+00:00
[2024-05-12T01:18:30.146+0000] {processor.py:183} INFO - Processing /home/airflow/.local/lib/python3.12/site-packages/airflow/example_dags/example_branch_python_dop_operator_3.py took 0.039 seconds
[2024-05-12T01:19:00.866+0000] {processor.py:161} INFO - Started process (PID=15134) to work on /home/airflow/.local/lib/python3.12/site-packages/airflow/example_dags/example_branch_python_dop_operator_3.py
[2024-05-12T01:19:00.867+0000] {processor.py:830} INFO - Processing file /home/airflow/.local/lib/python3.12/site-packages/airflow/example_dags/example_branch_python_dop_operator_3.py for tasks to queue
[2024-05-12T01:19:00.868+0000] {logging_mixin.py:188} INFO - [2024-05-12T01:19:00.868+0000] {dagbag.py:545} INFO - Filling up the DagBag from /home/airflow/.local/lib/python3.12/site-packages/airflow/example_dags/example_branch_python_dop_operator_3.py
[2024-05-12T01:19:00.873+0000] {processor.py:840} INFO - DAG(s) 'example_branch_dop_operator_v3' retrieved from /home/airflow/.local/lib/python3.12/site-packages/airflow/example_dags/example_branch_python_dop_operator_3.py
[2024-05-12T01:19:00.883+0000] {logging_mixin.py:188} INFO - [2024-05-12T01:19:00.883+0000] {dag.py:3096} INFO - Sync 1 DAGs
[2024-05-12T01:19:00.895+0000] {logging_mixin.py:188} INFO - [2024-05-12T01:19:00.895+0000] {dag.py:3954} INFO - Setting next_dagrun for example_branch_dop_operator_v3 to 2024-05-12 01:18:00+00:00, run_after=2024-05-12 01:19:00+00:00
[2024-05-12T01:19:00.905+0000] {processor.py:183} INFO - Processing /home/airflow/.local/lib/python3.12/site-packages/airflow/example_dags/example_branch_python_dop_operator_3.py took 0.042 seconds
[2024-05-12T01:19:31.817+0000] {processor.py:161} INFO - Started process (PID=15396) to work on /home/airflow/.local/lib/python3.12/site-packages/airflow/example_dags/example_branch_python_dop_operator_3.py
[2024-05-12T01:19:31.818+0000] {processor.py:830} INFO - Processing file /home/airflow/.local/lib/python3.12/site-packages/airflow/example_dags/example_branch_python_dop_operator_3.py for tasks to queue
[2024-05-12T01:19:31.819+0000] {logging_mixin.py:188} INFO - [2024-05-12T01:19:31.819+0000] {dagbag.py:545} INFO - Filling up the DagBag from /home/airflow/.local/lib/python3.12/site-packages/airflow/example_dags/example_branch_python_dop_operator_3.py
[2024-05-12T01:19:31.824+0000] {processor.py:840} INFO - DAG(s) 'example_branch_dop_operator_v3' retrieved from /home/airflow/.local/lib/python3.12/site-packages/airflow/example_dags/example_branch_python_dop_operator_3.py
[2024-05-12T01:19:31.833+0000] {logging_mixin.py:188} INFO - [2024-05-12T01:19:31.833+0000] {dag.py:3096} INFO - Sync 1 DAGs
[2024-05-12T01:19:31.845+0000] {logging_mixin.py:188} INFO - [2024-05-12T01:19:31.845+0000] {dag.py:3954} INFO - Setting next_dagrun for example_branch_dop_operator_v3 to 2024-05-12 01:18:00+00:00, run_after=2024-05-12 01:19:00+00:00
[2024-05-12T01:19:31.853+0000] {processor.py:183} INFO - Processing /home/airflow/.local/lib/python3.12/site-packages/airflow/example_dags/example_branch_python_dop_operator_3.py took 0.039 seconds
[2024-05-12T01:20:02.597+0000] {processor.py:161} INFO - Started process (PID=15658) to work on /home/airflow/.local/lib/python3.12/site-packages/airflow/example_dags/example_branch_python_dop_operator_3.py
[2024-05-12T01:20:02.598+0000] {processor.py:830} INFO - Processing file /home/airflow/.local/lib/python3.12/site-packages/airflow/example_dags/example_branch_python_dop_operator_3.py for tasks to queue
[2024-05-12T01:20:02.599+0000] {logging_mixin.py:188} INFO - [2024-05-12T01:20:02.599+0000] {dagbag.py:545} INFO - Filling up the DagBag from /home/airflow/.local/lib/python3.12/site-packages/airflow/example_dags/example_branch_python_dop_operator_3.py
[2024-05-12T01:20:02.604+0000] {processor.py:840} INFO - DAG(s) 'example_branch_dop_operator_v3' retrieved from /home/airflow/.local/lib/python3.12/site-packages/airflow/example_dags/example_branch_python_dop_operator_3.py
[2024-05-12T01:20:02.614+0000] {logging_mixin.py:188} INFO - [2024-05-12T01:20:02.614+0000] {dag.py:3096} INFO - Sync 1 DAGs
[2024-05-12T01:20:02.627+0000] {logging_mixin.py:188} INFO - [2024-05-12T01:20:02.626+0000] {dag.py:3954} INFO - Setting next_dagrun for example_branch_dop_operator_v3 to 2024-05-12 01:19:00+00:00, run_after=2024-05-12 01:20:00+00:00
[2024-05-12T01:20:02.636+0000] {processor.py:183} INFO - Processing /home/airflow/.local/lib/python3.12/site-packages/airflow/example_dags/example_branch_python_dop_operator_3.py took 0.042 seconds
[2024-05-12T01:20:33.405+0000] {processor.py:161} INFO - Started process (PID=15920) to work on /home/airflow/.local/lib/python3.12/site-packages/airflow/example_dags/example_branch_python_dop_operator_3.py
[2024-05-12T01:20:33.405+0000] {processor.py:830} INFO - Processing file /home/airflow/.local/lib/python3.12/site-packages/airflow/example_dags/example_branch_python_dop_operator_3.py for tasks to queue
[2024-05-12T01:20:33.407+0000] {logging_mixin.py:188} INFO - [2024-05-12T01:20:33.407+0000] {dagbag.py:545} INFO - Filling up the DagBag from /home/airflow/.local/lib/python3.12/site-packages/airflow/example_dags/example_branch_python_dop_operator_3.py
[2024-05-12T01:20:33.414+0000] {processor.py:840} INFO - DAG(s) 'example_branch_dop_operator_v3' retrieved from /home/airflow/.local/lib/python3.12/site-packages/airflow/example_dags/example_branch_python_dop_operator_3.py
[2024-05-12T01:20:33.427+0000] {logging_mixin.py:188} INFO - [2024-05-12T01:20:33.427+0000] {dag.py:3096} INFO - Sync 1 DAGs
[2024-05-12T01:20:33.439+0000] {logging_mixin.py:188} INFO - [2024-05-12T01:20:33.438+0000] {dag.py:3954} INFO - Setting next_dagrun for example_branch_dop_operator_v3 to 2024-05-12 01:19:00+00:00, run_after=2024-05-12 01:20:00+00:00
[2024-05-12T01:20:33.447+0000] {processor.py:183} INFO - Processing /home/airflow/.local/lib/python3.12/site-packages/airflow/example_dags/example_branch_python_dop_operator_3.py took 0.045 seconds
[2024-05-12T01:21:04.232+0000] {processor.py:161} INFO - Started process (PID=16182) to work on /home/airflow/.local/lib/python3.12/site-packages/airflow/example_dags/example_branch_python_dop_operator_3.py
[2024-05-12T01:21:04.232+0000] {processor.py:830} INFO - Processing file /home/airflow/.local/lib/python3.12/site-packages/airflow/example_dags/example_branch_python_dop_operator_3.py for tasks to queue
[2024-05-12T01:21:04.233+0000] {logging_mixin.py:188} INFO - [2024-05-12T01:21:04.233+0000] {dagbag.py:545} INFO - Filling up the DagBag from /home/airflow/.local/lib/python3.12/site-packages/airflow/example_dags/example_branch_python_dop_operator_3.py
[2024-05-12T01:21:04.238+0000] {processor.py:840} INFO - DAG(s) 'example_branch_dop_operator_v3' retrieved from /home/airflow/.local/lib/python3.12/site-packages/airflow/example_dags/example_branch_python_dop_operator_3.py
[2024-05-12T01:21:04.248+0000] {logging_mixin.py:188} INFO - [2024-05-12T01:21:04.248+0000] {dag.py:3096} INFO - Sync 1 DAGs
[2024-05-12T01:21:04.260+0000] {logging_mixin.py:188} INFO - [2024-05-12T01:21:04.260+0000] {dag.py:3954} INFO - Setting next_dagrun for example_branch_dop_operator_v3 to 2024-05-12 01:20:00+00:00, run_after=2024-05-12 01:21:00+00:00
[2024-05-12T01:21:04.269+0000] {processor.py:183} INFO - Processing /home/airflow/.local/lib/python3.12/site-packages/airflow/example_dags/example_branch_python_dop_operator_3.py took 0.040 seconds
[2024-05-12T01:21:35.185+0000] {processor.py:161} INFO - Started process (PID=16443) to work on /home/airflow/.local/lib/python3.12/site-packages/airflow/example_dags/example_branch_python_dop_operator_3.py
[2024-05-12T01:21:35.186+0000] {processor.py:830} INFO - Processing file /home/airflow/.local/lib/python3.12/site-packages/airflow/example_dags/example_branch_python_dop_operator_3.py for tasks to queue
[2024-05-12T01:21:35.187+0000] {logging_mixin.py:188} INFO - [2024-05-12T01:21:35.187+0000] {dagbag.py:545} INFO - Filling up the DagBag from /home/airflow/.local/lib/python3.12/site-packages/airflow/example_dags/example_branch_python_dop_operator_3.py
[2024-05-12T01:21:35.191+0000] {processor.py:840} INFO - DAG(s) 'example_branch_dop_operator_v3' retrieved from /home/airflow/.local/lib/python3.12/site-packages/airflow/example_dags/example_branch_python_dop_operator_3.py
[2024-05-12T01:21:35.202+0000] {logging_mixin.py:188} INFO - [2024-05-12T01:21:35.202+0000] {dag.py:3096} INFO - Sync 1 DAGs
[2024-05-12T01:21:35.215+0000] {logging_mixin.py:188} INFO - [2024-05-12T01:21:35.215+0000] {dag.py:3954} INFO - Setting next_dagrun for example_branch_dop_operator_v3 to 2024-05-12 01:20:00+00:00, run_after=2024-05-12 01:21:00+00:00
[2024-05-12T01:21:35.224+0000] {processor.py:183} INFO - Processing /home/airflow/.local/lib/python3.12/site-packages/airflow/example_dags/example_branch_python_dop_operator_3.py took 0.042 seconds
[2024-05-12T01:22:05.986+0000] {processor.py:161} INFO - Started process (PID=16705) to work on /home/airflow/.local/lib/python3.12/site-packages/airflow/example_dags/example_branch_python_dop_operator_3.py
[2024-05-12T01:22:05.986+0000] {processor.py:830} INFO - Processing file /home/airflow/.local/lib/python3.12/site-packages/airflow/example_dags/example_branch_python_dop_operator_3.py for tasks to queue
[2024-05-12T01:22:05.987+0000] {logging_mixin.py:188} INFO - [2024-05-12T01:22:05.987+0000] {dagbag.py:545} INFO - Filling up the DagBag from /home/airflow/.local/lib/python3.12/site-packages/airflow/example_dags/example_branch_python_dop_operator_3.py
[2024-05-12T01:22:05.992+0000] {processor.py:840} INFO - DAG(s) 'example_branch_dop_operator_v3' retrieved from /home/airflow/.local/lib/python3.12/site-packages/airflow/example_dags/example_branch_python_dop_operator_3.py
[2024-05-12T01:22:06.002+0000] {logging_mixin.py:188} INFO - [2024-05-12T01:22:06.002+0000] {dag.py:3096} INFO - Sync 1 DAGs
[2024-05-12T01:22:06.013+0000] {logging_mixin.py:188} INFO - [2024-05-12T01:22:06.013+0000] {dag.py:3954} INFO - Setting next_dagrun for example_branch_dop_operator_v3 to 2024-05-12 01:21:00+00:00, run_after=2024-05-12 01:22:00+00:00
[2024-05-12T01:22:06.022+0000] {processor.py:183} INFO - Processing /home/airflow/.local/lib/python3.12/site-packages/airflow/example_dags/example_branch_python_dop_operator_3.py took 0.039 seconds
