[2024-05-12T00:37:43.983+0000] {processor.py:161} INFO - Started process (PID=4515) to work on /home/airflow/.local/lib/python3.12/site-packages/airflow/example_dags/example_xcomargs.py
[2024-05-12T00:37:43.984+0000] {processor.py:830} INFO - Processing file /home/airflow/.local/lib/python3.12/site-packages/airflow/example_dags/example_xcomargs.py for tasks to queue
[2024-05-12T00:37:43.985+0000] {logging_mixin.py:188} INFO - [2024-05-12T00:37:43.985+0000] {dagbag.py:545} INFO - Filling up the DagBag from /home/airflow/.local/lib/python3.12/site-packages/airflow/example_dags/example_xcomargs.py
[2024-05-12T00:37:43.989+0000] {processor.py:840} INFO - DAG(s) 'example_xcom_args', 'example_xcom_args_with_operators' retrieved from /home/airflow/.local/lib/python3.12/site-packages/airflow/example_dags/example_xcomargs.py
[2024-05-12T00:37:44.001+0000] {logging_mixin.py:188} INFO - [2024-05-12T00:37:44.001+0000] {dag.py:3096} INFO - Sync 2 DAGs
[2024-05-12T00:37:44.007+0000] {logging_mixin.py:188} INFO - [2024-05-12T00:37:44.007+0000] {dag.py:3954} INFO - Setting next_dagrun for example_xcom_args to None, run_after=None
[2024-05-12T00:37:44.009+0000] {logging_mixin.py:188} INFO - [2024-05-12T00:37:44.009+0000] {dag.py:3954} INFO - Setting next_dagrun for example_xcom_args_with_operators to None, run_after=None
[2024-05-12T00:37:44.017+0000] {processor.py:183} INFO - Processing /home/airflow/.local/lib/python3.12/site-packages/airflow/example_dags/example_xcomargs.py took 0.036 seconds
[2024-05-12T00:38:14.713+0000] {processor.py:161} INFO - Started process (PID=4777) to work on /home/airflow/.local/lib/python3.12/site-packages/airflow/example_dags/example_xcomargs.py
[2024-05-12T00:38:14.713+0000] {processor.py:830} INFO - Processing file /home/airflow/.local/lib/python3.12/site-packages/airflow/example_dags/example_xcomargs.py for tasks to queue
[2024-05-12T00:38:14.714+0000] {logging_mixin.py:188} INFO - [2024-05-12T00:38:14.714+0000] {dagbag.py:545} INFO - Filling up the DagBag from /home/airflow/.local/lib/python3.12/site-packages/airflow/example_dags/example_xcomargs.py
[2024-05-12T00:38:14.718+0000] {processor.py:840} INFO - DAG(s) 'example_xcom_args_with_operators', 'example_xcom_args' retrieved from /home/airflow/.local/lib/python3.12/site-packages/airflow/example_dags/example_xcomargs.py
[2024-05-12T00:38:14.730+0000] {logging_mixin.py:188} INFO - [2024-05-12T00:38:14.730+0000] {dag.py:3096} INFO - Sync 2 DAGs
[2024-05-12T00:38:14.736+0000] {logging_mixin.py:188} INFO - [2024-05-12T00:38:14.736+0000] {dag.py:3954} INFO - Setting next_dagrun for example_xcom_args to None, run_after=None
[2024-05-12T00:38:14.738+0000] {logging_mixin.py:188} INFO - [2024-05-12T00:38:14.738+0000] {dag.py:3954} INFO - Setting next_dagrun for example_xcom_args_with_operators to None, run_after=None
[2024-05-12T00:38:14.746+0000] {processor.py:183} INFO - Processing /home/airflow/.local/lib/python3.12/site-packages/airflow/example_dags/example_xcomargs.py took 0.036 seconds
[2024-05-12T00:38:45.414+0000] {processor.py:161} INFO - Started process (PID=5039) to work on /home/airflow/.local/lib/python3.12/site-packages/airflow/example_dags/example_xcomargs.py
[2024-05-12T00:38:45.415+0000] {processor.py:830} INFO - Processing file /home/airflow/.local/lib/python3.12/site-packages/airflow/example_dags/example_xcomargs.py for tasks to queue
[2024-05-12T00:38:45.416+0000] {logging_mixin.py:188} INFO - [2024-05-12T00:38:45.416+0000] {dagbag.py:545} INFO - Filling up the DagBag from /home/airflow/.local/lib/python3.12/site-packages/airflow/example_dags/example_xcomargs.py
[2024-05-12T00:38:45.420+0000] {processor.py:840} INFO - DAG(s) 'example_xcom_args', 'example_xcom_args_with_operators' retrieved from /home/airflow/.local/lib/python3.12/site-packages/airflow/example_dags/example_xcomargs.py
[2024-05-12T00:38:45.433+0000] {logging_mixin.py:188} INFO - [2024-05-12T00:38:45.433+0000] {dag.py:3096} INFO - Sync 2 DAGs
[2024-05-12T00:38:45.440+0000] {logging_mixin.py:188} INFO - [2024-05-12T00:38:45.440+0000] {dag.py:3954} INFO - Setting next_dagrun for example_xcom_args to None, run_after=None
[2024-05-12T00:38:45.443+0000] {logging_mixin.py:188} INFO - [2024-05-12T00:38:45.443+0000] {dag.py:3954} INFO - Setting next_dagrun for example_xcom_args_with_operators to None, run_after=None
[2024-05-12T00:38:45.452+0000] {processor.py:183} INFO - Processing /home/airflow/.local/lib/python3.12/site-packages/airflow/example_dags/example_xcomargs.py took 0.041 seconds
[2024-05-12T00:39:16.054+0000] {processor.py:161} INFO - Started process (PID=5300) to work on /home/airflow/.local/lib/python3.12/site-packages/airflow/example_dags/example_xcomargs.py
[2024-05-12T00:39:16.054+0000] {processor.py:830} INFO - Processing file /home/airflow/.local/lib/python3.12/site-packages/airflow/example_dags/example_xcomargs.py for tasks to queue
[2024-05-12T00:39:16.055+0000] {logging_mixin.py:188} INFO - [2024-05-12T00:39:16.055+0000] {dagbag.py:545} INFO - Filling up the DagBag from /home/airflow/.local/lib/python3.12/site-packages/airflow/example_dags/example_xcomargs.py
[2024-05-12T00:39:16.060+0000] {processor.py:840} INFO - DAG(s) 'example_xcom_args_with_operators', 'example_xcom_args' retrieved from /home/airflow/.local/lib/python3.12/site-packages/airflow/example_dags/example_xcomargs.py
[2024-05-12T00:39:16.072+0000] {logging_mixin.py:188} INFO - [2024-05-12T00:39:16.072+0000] {dag.py:3096} INFO - Sync 2 DAGs
[2024-05-12T00:39:16.079+0000] {logging_mixin.py:188} INFO - [2024-05-12T00:39:16.078+0000] {dag.py:3954} INFO - Setting next_dagrun for example_xcom_args to None, run_after=None
[2024-05-12T00:39:16.081+0000] {logging_mixin.py:188} INFO - [2024-05-12T00:39:16.081+0000] {dag.py:3954} INFO - Setting next_dagrun for example_xcom_args_with_operators to None, run_after=None
[2024-05-12T00:39:16.090+0000] {processor.py:183} INFO - Processing /home/airflow/.local/lib/python3.12/site-packages/airflow/example_dags/example_xcomargs.py took 0.040 seconds
[2024-05-12T00:39:46.883+0000] {processor.py:161} INFO - Started process (PID=5561) to work on /home/airflow/.local/lib/python3.12/site-packages/airflow/example_dags/example_xcomargs.py
[2024-05-12T00:39:46.884+0000] {processor.py:830} INFO - Processing file /home/airflow/.local/lib/python3.12/site-packages/airflow/example_dags/example_xcomargs.py for tasks to queue
[2024-05-12T00:39:46.885+0000] {logging_mixin.py:188} INFO - [2024-05-12T00:39:46.885+0000] {dagbag.py:545} INFO - Filling up the DagBag from /home/airflow/.local/lib/python3.12/site-packages/airflow/example_dags/example_xcomargs.py
[2024-05-12T00:39:46.890+0000] {processor.py:840} INFO - DAG(s) 'example_xcom_args_with_operators', 'example_xcom_args' retrieved from /home/airflow/.local/lib/python3.12/site-packages/airflow/example_dags/example_xcomargs.py
[2024-05-12T00:39:46.901+0000] {logging_mixin.py:188} INFO - [2024-05-12T00:39:46.901+0000] {dag.py:3096} INFO - Sync 2 DAGs
[2024-05-12T00:39:46.907+0000] {logging_mixin.py:188} INFO - [2024-05-12T00:39:46.907+0000] {dag.py:3954} INFO - Setting next_dagrun for example_xcom_args to None, run_after=None
[2024-05-12T00:39:46.910+0000] {logging_mixin.py:188} INFO - [2024-05-12T00:39:46.909+0000] {dag.py:3954} INFO - Setting next_dagrun for example_xcom_args_with_operators to None, run_after=None
[2024-05-12T00:39:46.918+0000] {processor.py:183} INFO - Processing /home/airflow/.local/lib/python3.12/site-packages/airflow/example_dags/example_xcomargs.py took 0.037 seconds
[2024-05-12T00:40:17.640+0000] {processor.py:161} INFO - Started process (PID=5823) to work on /home/airflow/.local/lib/python3.12/site-packages/airflow/example_dags/example_xcomargs.py
[2024-05-12T00:40:17.641+0000] {processor.py:830} INFO - Processing file /home/airflow/.local/lib/python3.12/site-packages/airflow/example_dags/example_xcomargs.py for tasks to queue
[2024-05-12T00:40:17.642+0000] {logging_mixin.py:188} INFO - [2024-05-12T00:40:17.642+0000] {dagbag.py:545} INFO - Filling up the DagBag from /home/airflow/.local/lib/python3.12/site-packages/airflow/example_dags/example_xcomargs.py
[2024-05-12T00:40:17.646+0000] {processor.py:840} INFO - DAG(s) 'example_xcom_args', 'example_xcom_args_with_operators' retrieved from /home/airflow/.local/lib/python3.12/site-packages/airflow/example_dags/example_xcomargs.py
[2024-05-12T00:40:17.660+0000] {logging_mixin.py:188} INFO - [2024-05-12T00:40:17.659+0000] {dag.py:3096} INFO - Sync 2 DAGs
[2024-05-12T00:40:17.666+0000] {logging_mixin.py:188} INFO - [2024-05-12T00:40:17.666+0000] {dag.py:3954} INFO - Setting next_dagrun for example_xcom_args to None, run_after=None
[2024-05-12T00:40:17.668+0000] {logging_mixin.py:188} INFO - [2024-05-12T00:40:17.668+0000] {dag.py:3954} INFO - Setting next_dagrun for example_xcom_args_with_operators to None, run_after=None
[2024-05-12T00:40:17.676+0000] {processor.py:183} INFO - Processing /home/airflow/.local/lib/python3.12/site-packages/airflow/example_dags/example_xcomargs.py took 0.039 seconds
[2024-05-12T00:40:48.435+0000] {processor.py:161} INFO - Started process (PID=6085) to work on /home/airflow/.local/lib/python3.12/site-packages/airflow/example_dags/example_xcomargs.py
[2024-05-12T00:40:48.436+0000] {processor.py:830} INFO - Processing file /home/airflow/.local/lib/python3.12/site-packages/airflow/example_dags/example_xcomargs.py for tasks to queue
[2024-05-12T00:40:48.437+0000] {logging_mixin.py:188} INFO - [2024-05-12T00:40:48.437+0000] {dagbag.py:545} INFO - Filling up the DagBag from /home/airflow/.local/lib/python3.12/site-packages/airflow/example_dags/example_xcomargs.py
[2024-05-12T00:40:48.441+0000] {processor.py:840} INFO - DAG(s) 'example_xcom_args_with_operators', 'example_xcom_args' retrieved from /home/airflow/.local/lib/python3.12/site-packages/airflow/example_dags/example_xcomargs.py
[2024-05-12T00:40:48.453+0000] {logging_mixin.py:188} INFO - [2024-05-12T00:40:48.453+0000] {dag.py:3096} INFO - Sync 2 DAGs
[2024-05-12T00:40:48.459+0000] {logging_mixin.py:188} INFO - [2024-05-12T00:40:48.459+0000] {dag.py:3954} INFO - Setting next_dagrun for example_xcom_args to None, run_after=None
[2024-05-12T00:40:48.461+0000] {logging_mixin.py:188} INFO - [2024-05-12T00:40:48.461+0000] {dag.py:3954} INFO - Setting next_dagrun for example_xcom_args_with_operators to None, run_after=None
[2024-05-12T00:40:48.469+0000] {processor.py:183} INFO - Processing /home/airflow/.local/lib/python3.12/site-packages/airflow/example_dags/example_xcomargs.py took 0.036 seconds
[2024-05-12T00:41:19.220+0000] {processor.py:161} INFO - Started process (PID=6347) to work on /home/airflow/.local/lib/python3.12/site-packages/airflow/example_dags/example_xcomargs.py
[2024-05-12T00:41:19.221+0000] {processor.py:830} INFO - Processing file /home/airflow/.local/lib/python3.12/site-packages/airflow/example_dags/example_xcomargs.py for tasks to queue
[2024-05-12T00:41:19.222+0000] {logging_mixin.py:188} INFO - [2024-05-12T00:41:19.222+0000] {dagbag.py:545} INFO - Filling up the DagBag from /home/airflow/.local/lib/python3.12/site-packages/airflow/example_dags/example_xcomargs.py
[2024-05-12T00:41:19.227+0000] {processor.py:840} INFO - DAG(s) 'example_xcom_args', 'example_xcom_args_with_operators' retrieved from /home/airflow/.local/lib/python3.12/site-packages/airflow/example_dags/example_xcomargs.py
[2024-05-12T00:41:19.240+0000] {logging_mixin.py:188} INFO - [2024-05-12T00:41:19.240+0000] {dag.py:3096} INFO - Sync 2 DAGs
[2024-05-12T00:41:19.247+0000] {logging_mixin.py:188} INFO - [2024-05-12T00:41:19.247+0000] {dag.py:3954} INFO - Setting next_dagrun for example_xcom_args to None, run_after=None
[2024-05-12T00:41:19.250+0000] {logging_mixin.py:188} INFO - [2024-05-12T00:41:19.250+0000] {dag.py:3954} INFO - Setting next_dagrun for example_xcom_args_with_operators to None, run_after=None
[2024-05-12T00:41:19.259+0000] {processor.py:183} INFO - Processing /home/airflow/.local/lib/python3.12/site-packages/airflow/example_dags/example_xcomargs.py took 0.043 seconds
[2024-05-12T00:41:49.939+0000] {processor.py:161} INFO - Started process (PID=6609) to work on /home/airflow/.local/lib/python3.12/site-packages/airflow/example_dags/example_xcomargs.py
[2024-05-12T00:41:49.939+0000] {processor.py:830} INFO - Processing file /home/airflow/.local/lib/python3.12/site-packages/airflow/example_dags/example_xcomargs.py for tasks to queue
[2024-05-12T00:41:49.940+0000] {logging_mixin.py:188} INFO - [2024-05-12T00:41:49.940+0000] {dagbag.py:545} INFO - Filling up the DagBag from /home/airflow/.local/lib/python3.12/site-packages/airflow/example_dags/example_xcomargs.py
[2024-05-12T00:41:49.944+0000] {processor.py:840} INFO - DAG(s) 'example_xcom_args', 'example_xcom_args_with_operators' retrieved from /home/airflow/.local/lib/python3.12/site-packages/airflow/example_dags/example_xcomargs.py
[2024-05-12T00:41:49.956+0000] {logging_mixin.py:188} INFO - [2024-05-12T00:41:49.956+0000] {dag.py:3096} INFO - Sync 2 DAGs
[2024-05-12T00:41:49.962+0000] {logging_mixin.py:188} INFO - [2024-05-12T00:41:49.962+0000] {dag.py:3954} INFO - Setting next_dagrun for example_xcom_args to None, run_after=None
[2024-05-12T00:41:49.964+0000] {logging_mixin.py:188} INFO - [2024-05-12T00:41:49.964+0000] {dag.py:3954} INFO - Setting next_dagrun for example_xcom_args_with_operators to None, run_after=None
[2024-05-12T00:41:49.972+0000] {processor.py:183} INFO - Processing /home/airflow/.local/lib/python3.12/site-packages/airflow/example_dags/example_xcomargs.py took 0.036 seconds
[2024-05-12T00:42:20.572+0000] {processor.py:161} INFO - Started process (PID=6871) to work on /home/airflow/.local/lib/python3.12/site-packages/airflow/example_dags/example_xcomargs.py
[2024-05-12T00:42:20.573+0000] {processor.py:830} INFO - Processing file /home/airflow/.local/lib/python3.12/site-packages/airflow/example_dags/example_xcomargs.py for tasks to queue
[2024-05-12T00:42:20.574+0000] {logging_mixin.py:188} INFO - [2024-05-12T00:42:20.574+0000] {dagbag.py:545} INFO - Filling up the DagBag from /home/airflow/.local/lib/python3.12/site-packages/airflow/example_dags/example_xcomargs.py
[2024-05-12T00:42:20.578+0000] {processor.py:840} INFO - DAG(s) 'example_xcom_args', 'example_xcom_args_with_operators' retrieved from /home/airflow/.local/lib/python3.12/site-packages/airflow/example_dags/example_xcomargs.py
[2024-05-12T00:42:20.589+0000] {logging_mixin.py:188} INFO - [2024-05-12T00:42:20.589+0000] {dag.py:3096} INFO - Sync 2 DAGs
[2024-05-12T00:42:20.598+0000] {logging_mixin.py:188} INFO - [2024-05-12T00:42:20.598+0000] {dag.py:3954} INFO - Setting next_dagrun for example_xcom_args to None, run_after=None
[2024-05-12T00:42:20.600+0000] {logging_mixin.py:188} INFO - [2024-05-12T00:42:20.600+0000] {dag.py:3954} INFO - Setting next_dagrun for example_xcom_args_with_operators to None, run_after=None
[2024-05-12T00:42:20.607+0000] {processor.py:183} INFO - Processing /home/airflow/.local/lib/python3.12/site-packages/airflow/example_dags/example_xcomargs.py took 0.038 seconds
[2024-05-12T00:42:51.397+0000] {processor.py:161} INFO - Started process (PID=7133) to work on /home/airflow/.local/lib/python3.12/site-packages/airflow/example_dags/example_xcomargs.py
[2024-05-12T00:42:51.397+0000] {processor.py:830} INFO - Processing file /home/airflow/.local/lib/python3.12/site-packages/airflow/example_dags/example_xcomargs.py for tasks to queue
[2024-05-12T00:42:51.398+0000] {logging_mixin.py:188} INFO - [2024-05-12T00:42:51.398+0000] {dagbag.py:545} INFO - Filling up the DagBag from /home/airflow/.local/lib/python3.12/site-packages/airflow/example_dags/example_xcomargs.py
[2024-05-12T00:42:51.402+0000] {processor.py:840} INFO - DAG(s) 'example_xcom_args', 'example_xcom_args_with_operators' retrieved from /home/airflow/.local/lib/python3.12/site-packages/airflow/example_dags/example_xcomargs.py
[2024-05-12T00:42:51.414+0000] {logging_mixin.py:188} INFO - [2024-05-12T00:42:51.414+0000] {dag.py:3096} INFO - Sync 2 DAGs
[2024-05-12T00:42:51.420+0000] {logging_mixin.py:188} INFO - [2024-05-12T00:42:51.420+0000] {dag.py:3954} INFO - Setting next_dagrun for example_xcom_args to None, run_after=None
[2024-05-12T00:42:51.425+0000] {logging_mixin.py:188} INFO - [2024-05-12T00:42:51.425+0000] {dag.py:3954} INFO - Setting next_dagrun for example_xcom_args_with_operators to None, run_after=None
[2024-05-12T00:42:51.432+0000] {processor.py:183} INFO - Processing /home/airflow/.local/lib/python3.12/site-packages/airflow/example_dags/example_xcomargs.py took 0.038 seconds
[2024-05-12T00:43:22.162+0000] {processor.py:161} INFO - Started process (PID=7395) to work on /home/airflow/.local/lib/python3.12/site-packages/airflow/example_dags/example_xcomargs.py
[2024-05-12T00:43:22.162+0000] {processor.py:830} INFO - Processing file /home/airflow/.local/lib/python3.12/site-packages/airflow/example_dags/example_xcomargs.py for tasks to queue
[2024-05-12T00:43:22.163+0000] {logging_mixin.py:188} INFO - [2024-05-12T00:43:22.163+0000] {dagbag.py:545} INFO - Filling up the DagBag from /home/airflow/.local/lib/python3.12/site-packages/airflow/example_dags/example_xcomargs.py
[2024-05-12T00:43:22.167+0000] {processor.py:840} INFO - DAG(s) 'example_xcom_args_with_operators', 'example_xcom_args' retrieved from /home/airflow/.local/lib/python3.12/site-packages/airflow/example_dags/example_xcomargs.py
[2024-05-12T00:43:22.179+0000] {logging_mixin.py:188} INFO - [2024-05-12T00:43:22.179+0000] {dag.py:3096} INFO - Sync 2 DAGs
[2024-05-12T00:43:22.185+0000] {logging_mixin.py:188} INFO - [2024-05-12T00:43:22.185+0000] {dag.py:3954} INFO - Setting next_dagrun for example_xcom_args to None, run_after=None
[2024-05-12T00:43:22.188+0000] {logging_mixin.py:188} INFO - [2024-05-12T00:43:22.188+0000] {dag.py:3954} INFO - Setting next_dagrun for example_xcom_args_with_operators to None, run_after=None
[2024-05-12T00:43:22.196+0000] {processor.py:183} INFO - Processing /home/airflow/.local/lib/python3.12/site-packages/airflow/example_dags/example_xcomargs.py took 0.038 seconds
[2024-05-12T00:43:52.909+0000] {processor.py:161} INFO - Started process (PID=7657) to work on /home/airflow/.local/lib/python3.12/site-packages/airflow/example_dags/example_xcomargs.py
[2024-05-12T00:43:52.909+0000] {processor.py:830} INFO - Processing file /home/airflow/.local/lib/python3.12/site-packages/airflow/example_dags/example_xcomargs.py for tasks to queue
[2024-05-12T00:43:52.910+0000] {logging_mixin.py:188} INFO - [2024-05-12T00:43:52.910+0000] {dagbag.py:545} INFO - Filling up the DagBag from /home/airflow/.local/lib/python3.12/site-packages/airflow/example_dags/example_xcomargs.py
[2024-05-12T00:43:52.915+0000] {processor.py:840} INFO - DAG(s) 'example_xcom_args', 'example_xcom_args_with_operators' retrieved from /home/airflow/.local/lib/python3.12/site-packages/airflow/example_dags/example_xcomargs.py
[2024-05-12T00:43:52.926+0000] {logging_mixin.py:188} INFO - [2024-05-12T00:43:52.926+0000] {dag.py:3096} INFO - Sync 2 DAGs
[2024-05-12T00:43:52.932+0000] {logging_mixin.py:188} INFO - [2024-05-12T00:43:52.932+0000] {dag.py:3954} INFO - Setting next_dagrun for example_xcom_args to None, run_after=None
[2024-05-12T00:43:52.934+0000] {logging_mixin.py:188} INFO - [2024-05-12T00:43:52.934+0000] {dag.py:3954} INFO - Setting next_dagrun for example_xcom_args_with_operators to None, run_after=None
[2024-05-12T00:43:52.942+0000] {processor.py:183} INFO - Processing /home/airflow/.local/lib/python3.12/site-packages/airflow/example_dags/example_xcomargs.py took 0.036 seconds
[2024-05-12T00:44:23.627+0000] {processor.py:161} INFO - Started process (PID=7918) to work on /home/airflow/.local/lib/python3.12/site-packages/airflow/example_dags/example_xcomargs.py
[2024-05-12T00:44:23.628+0000] {processor.py:830} INFO - Processing file /home/airflow/.local/lib/python3.12/site-packages/airflow/example_dags/example_xcomargs.py for tasks to queue
[2024-05-12T00:44:23.629+0000] {logging_mixin.py:188} INFO - [2024-05-12T00:44:23.629+0000] {dagbag.py:545} INFO - Filling up the DagBag from /home/airflow/.local/lib/python3.12/site-packages/airflow/example_dags/example_xcomargs.py
[2024-05-12T00:44:23.633+0000] {processor.py:840} INFO - DAG(s) 'example_xcom_args_with_operators', 'example_xcom_args' retrieved from /home/airflow/.local/lib/python3.12/site-packages/airflow/example_dags/example_xcomargs.py
[2024-05-12T00:44:23.647+0000] {logging_mixin.py:188} INFO - [2024-05-12T00:44:23.647+0000] {dag.py:3096} INFO - Sync 2 DAGs
[2024-05-12T00:44:23.654+0000] {logging_mixin.py:188} INFO - [2024-05-12T00:44:23.653+0000] {dag.py:3954} INFO - Setting next_dagrun for example_xcom_args to None, run_after=None
[2024-05-12T00:44:23.656+0000] {logging_mixin.py:188} INFO - [2024-05-12T00:44:23.656+0000] {dag.py:3954} INFO - Setting next_dagrun for example_xcom_args_with_operators to None, run_after=None
[2024-05-12T00:44:23.664+0000] {processor.py:183} INFO - Processing /home/airflow/.local/lib/python3.12/site-packages/airflow/example_dags/example_xcomargs.py took 0.040 seconds
[2024-05-12T00:44:54.470+0000] {processor.py:161} INFO - Started process (PID=8180) to work on /home/airflow/.local/lib/python3.12/site-packages/airflow/example_dags/example_xcomargs.py
[2024-05-12T00:44:54.471+0000] {processor.py:830} INFO - Processing file /home/airflow/.local/lib/python3.12/site-packages/airflow/example_dags/example_xcomargs.py for tasks to queue
[2024-05-12T00:44:54.472+0000] {logging_mixin.py:188} INFO - [2024-05-12T00:44:54.472+0000] {dagbag.py:545} INFO - Filling up the DagBag from /home/airflow/.local/lib/python3.12/site-packages/airflow/example_dags/example_xcomargs.py
[2024-05-12T00:44:54.476+0000] {processor.py:840} INFO - DAG(s) 'example_xcom_args', 'example_xcom_args_with_operators' retrieved from /home/airflow/.local/lib/python3.12/site-packages/airflow/example_dags/example_xcomargs.py
[2024-05-12T00:44:54.489+0000] {logging_mixin.py:188} INFO - [2024-05-12T00:44:54.488+0000] {dag.py:3096} INFO - Sync 2 DAGs
[2024-05-12T00:44:54.495+0000] {logging_mixin.py:188} INFO - [2024-05-12T00:44:54.495+0000] {dag.py:3954} INFO - Setting next_dagrun for example_xcom_args to None, run_after=None
[2024-05-12T00:44:54.498+0000] {logging_mixin.py:188} INFO - [2024-05-12T00:44:54.497+0000] {dag.py:3954} INFO - Setting next_dagrun for example_xcom_args_with_operators to None, run_after=None
[2024-05-12T00:44:54.506+0000] {processor.py:183} INFO - Processing /home/airflow/.local/lib/python3.12/site-packages/airflow/example_dags/example_xcomargs.py took 0.039 seconds
[2024-05-12T00:45:25.150+0000] {processor.py:161} INFO - Started process (PID=8441) to work on /home/airflow/.local/lib/python3.12/site-packages/airflow/example_dags/example_xcomargs.py
[2024-05-12T00:45:25.150+0000] {processor.py:830} INFO - Processing file /home/airflow/.local/lib/python3.12/site-packages/airflow/example_dags/example_xcomargs.py for tasks to queue
[2024-05-12T00:45:25.151+0000] {logging_mixin.py:188} INFO - [2024-05-12T00:45:25.151+0000] {dagbag.py:545} INFO - Filling up the DagBag from /home/airflow/.local/lib/python3.12/site-packages/airflow/example_dags/example_xcomargs.py
[2024-05-12T00:45:25.155+0000] {processor.py:840} INFO - DAG(s) 'example_xcom_args', 'example_xcom_args_with_operators' retrieved from /home/airflow/.local/lib/python3.12/site-packages/airflow/example_dags/example_xcomargs.py
[2024-05-12T00:45:25.167+0000] {logging_mixin.py:188} INFO - [2024-05-12T00:45:25.167+0000] {dag.py:3096} INFO - Sync 2 DAGs
[2024-05-12T00:45:25.173+0000] {logging_mixin.py:188} INFO - [2024-05-12T00:45:25.173+0000] {dag.py:3954} INFO - Setting next_dagrun for example_xcom_args to None, run_after=None
[2024-05-12T00:45:25.175+0000] {logging_mixin.py:188} INFO - [2024-05-12T00:45:25.175+0000] {dag.py:3954} INFO - Setting next_dagrun for example_xcom_args_with_operators to None, run_after=None
[2024-05-12T00:45:25.183+0000] {processor.py:183} INFO - Processing /home/airflow/.local/lib/python3.12/site-packages/airflow/example_dags/example_xcomargs.py took 0.037 seconds
[2024-05-12T00:45:55.855+0000] {processor.py:161} INFO - Started process (PID=8703) to work on /home/airflow/.local/lib/python3.12/site-packages/airflow/example_dags/example_xcomargs.py
[2024-05-12T00:45:55.856+0000] {processor.py:830} INFO - Processing file /home/airflow/.local/lib/python3.12/site-packages/airflow/example_dags/example_xcomargs.py for tasks to queue
[2024-05-12T00:45:55.857+0000] {logging_mixin.py:188} INFO - [2024-05-12T00:45:55.856+0000] {dagbag.py:545} INFO - Filling up the DagBag from /home/airflow/.local/lib/python3.12/site-packages/airflow/example_dags/example_xcomargs.py
[2024-05-12T00:45:55.861+0000] {processor.py:840} INFO - DAG(s) 'example_xcom_args', 'example_xcom_args_with_operators' retrieved from /home/airflow/.local/lib/python3.12/site-packages/airflow/example_dags/example_xcomargs.py
[2024-05-12T00:45:55.874+0000] {logging_mixin.py:188} INFO - [2024-05-12T00:45:55.874+0000] {dag.py:3096} INFO - Sync 2 DAGs
[2024-05-12T00:45:55.880+0000] {logging_mixin.py:188} INFO - [2024-05-12T00:45:55.880+0000] {dag.py:3954} INFO - Setting next_dagrun for example_xcom_args to None, run_after=None
[2024-05-12T00:45:55.882+0000] {logging_mixin.py:188} INFO - [2024-05-12T00:45:55.882+0000] {dag.py:3954} INFO - Setting next_dagrun for example_xcom_args_with_operators to None, run_after=None
[2024-05-12T00:45:55.891+0000] {processor.py:183} INFO - Processing /home/airflow/.local/lib/python3.12/site-packages/airflow/example_dags/example_xcomargs.py took 0.039 seconds
[2024-05-12T00:46:26.710+0000] {processor.py:161} INFO - Started process (PID=8965) to work on /home/airflow/.local/lib/python3.12/site-packages/airflow/example_dags/example_xcomargs.py
[2024-05-12T00:46:26.711+0000] {processor.py:830} INFO - Processing file /home/airflow/.local/lib/python3.12/site-packages/airflow/example_dags/example_xcomargs.py for tasks to queue
[2024-05-12T00:46:26.712+0000] {logging_mixin.py:188} INFO - [2024-05-12T00:46:26.712+0000] {dagbag.py:545} INFO - Filling up the DagBag from /home/airflow/.local/lib/python3.12/site-packages/airflow/example_dags/example_xcomargs.py
[2024-05-12T00:46:26.716+0000] {processor.py:840} INFO - DAG(s) 'example_xcom_args_with_operators', 'example_xcom_args' retrieved from /home/airflow/.local/lib/python3.12/site-packages/airflow/example_dags/example_xcomargs.py
[2024-05-12T00:46:26.728+0000] {logging_mixin.py:188} INFO - [2024-05-12T00:46:26.728+0000] {dag.py:3096} INFO - Sync 2 DAGs
[2024-05-12T00:46:26.736+0000] {logging_mixin.py:188} INFO - [2024-05-12T00:46:26.735+0000] {dag.py:3954} INFO - Setting next_dagrun for example_xcom_args to None, run_after=None
[2024-05-12T00:46:26.738+0000] {logging_mixin.py:188} INFO - [2024-05-12T00:46:26.738+0000] {dag.py:3954} INFO - Setting next_dagrun for example_xcom_args_with_operators to None, run_after=None
[2024-05-12T00:46:26.749+0000] {processor.py:183} INFO - Processing /home/airflow/.local/lib/python3.12/site-packages/airflow/example_dags/example_xcomargs.py took 0.042 seconds
[2024-05-12T00:46:57.571+0000] {processor.py:161} INFO - Started process (PID=9227) to work on /home/airflow/.local/lib/python3.12/site-packages/airflow/example_dags/example_xcomargs.py
[2024-05-12T00:46:57.572+0000] {processor.py:830} INFO - Processing file /home/airflow/.local/lib/python3.12/site-packages/airflow/example_dags/example_xcomargs.py for tasks to queue
[2024-05-12T00:46:57.573+0000] {logging_mixin.py:188} INFO - [2024-05-12T00:46:57.573+0000] {dagbag.py:545} INFO - Filling up the DagBag from /home/airflow/.local/lib/python3.12/site-packages/airflow/example_dags/example_xcomargs.py
[2024-05-12T00:46:57.577+0000] {processor.py:840} INFO - DAG(s) 'example_xcom_args_with_operators', 'example_xcom_args' retrieved from /home/airflow/.local/lib/python3.12/site-packages/airflow/example_dags/example_xcomargs.py
[2024-05-12T00:46:57.588+0000] {logging_mixin.py:188} INFO - [2024-05-12T00:46:57.588+0000] {dag.py:3096} INFO - Sync 2 DAGs
[2024-05-12T00:46:57.594+0000] {logging_mixin.py:188} INFO - [2024-05-12T00:46:57.594+0000] {dag.py:3954} INFO - Setting next_dagrun for example_xcom_args to None, run_after=None
[2024-05-12T00:46:57.596+0000] {logging_mixin.py:188} INFO - [2024-05-12T00:46:57.596+0000] {dag.py:3954} INFO - Setting next_dagrun for example_xcom_args_with_operators to None, run_after=None
[2024-05-12T00:46:57.603+0000] {processor.py:183} INFO - Processing /home/airflow/.local/lib/python3.12/site-packages/airflow/example_dags/example_xcomargs.py took 0.035 seconds
[2024-05-12T00:47:28.395+0000] {processor.py:161} INFO - Started process (PID=9488) to work on /home/airflow/.local/lib/python3.12/site-packages/airflow/example_dags/example_xcomargs.py
[2024-05-12T00:47:28.396+0000] {processor.py:830} INFO - Processing file /home/airflow/.local/lib/python3.12/site-packages/airflow/example_dags/example_xcomargs.py for tasks to queue
[2024-05-12T00:47:28.397+0000] {logging_mixin.py:188} INFO - [2024-05-12T00:47:28.397+0000] {dagbag.py:545} INFO - Filling up the DagBag from /home/airflow/.local/lib/python3.12/site-packages/airflow/example_dags/example_xcomargs.py
[2024-05-12T00:47:28.401+0000] {processor.py:840} INFO - DAG(s) 'example_xcom_args_with_operators', 'example_xcom_args' retrieved from /home/airflow/.local/lib/python3.12/site-packages/airflow/example_dags/example_xcomargs.py
[2024-05-12T00:47:28.412+0000] {logging_mixin.py:188} INFO - [2024-05-12T00:47:28.412+0000] {dag.py:3096} INFO - Sync 2 DAGs
[2024-05-12T00:47:28.418+0000] {logging_mixin.py:188} INFO - [2024-05-12T00:47:28.417+0000] {dag.py:3954} INFO - Setting next_dagrun for example_xcom_args to None, run_after=None
[2024-05-12T00:47:28.419+0000] {logging_mixin.py:188} INFO - [2024-05-12T00:47:28.419+0000] {dag.py:3954} INFO - Setting next_dagrun for example_xcom_args_with_operators to None, run_after=None
[2024-05-12T00:47:28.426+0000] {processor.py:183} INFO - Processing /home/airflow/.local/lib/python3.12/site-packages/airflow/example_dags/example_xcomargs.py took 0.034 seconds
[2024-05-12T00:47:59.246+0000] {processor.py:161} INFO - Started process (PID=9750) to work on /home/airflow/.local/lib/python3.12/site-packages/airflow/example_dags/example_xcomargs.py
[2024-05-12T00:47:59.246+0000] {processor.py:830} INFO - Processing file /home/airflow/.local/lib/python3.12/site-packages/airflow/example_dags/example_xcomargs.py for tasks to queue
[2024-05-12T00:47:59.247+0000] {logging_mixin.py:188} INFO - [2024-05-12T00:47:59.247+0000] {dagbag.py:545} INFO - Filling up the DagBag from /home/airflow/.local/lib/python3.12/site-packages/airflow/example_dags/example_xcomargs.py
[2024-05-12T00:47:59.251+0000] {processor.py:840} INFO - DAG(s) 'example_xcom_args', 'example_xcom_args_with_operators' retrieved from /home/airflow/.local/lib/python3.12/site-packages/airflow/example_dags/example_xcomargs.py
[2024-05-12T00:47:59.263+0000] {logging_mixin.py:188} INFO - [2024-05-12T00:47:59.263+0000] {dag.py:3096} INFO - Sync 2 DAGs
[2024-05-12T00:47:59.269+0000] {logging_mixin.py:188} INFO - [2024-05-12T00:47:59.269+0000] {dag.py:3954} INFO - Setting next_dagrun for example_xcom_args to None, run_after=None
[2024-05-12T00:47:59.271+0000] {logging_mixin.py:188} INFO - [2024-05-12T00:47:59.271+0000] {dag.py:3954} INFO - Setting next_dagrun for example_xcom_args_with_operators to None, run_after=None
[2024-05-12T00:47:59.279+0000] {processor.py:183} INFO - Processing /home/airflow/.local/lib/python3.12/site-packages/airflow/example_dags/example_xcomargs.py took 0.036 seconds
[2024-05-12T00:48:30.047+0000] {processor.py:161} INFO - Started process (PID=10012) to work on /home/airflow/.local/lib/python3.12/site-packages/airflow/example_dags/example_xcomargs.py
[2024-05-12T00:48:30.048+0000] {processor.py:830} INFO - Processing file /home/airflow/.local/lib/python3.12/site-packages/airflow/example_dags/example_xcomargs.py for tasks to queue
[2024-05-12T00:48:30.049+0000] {logging_mixin.py:188} INFO - [2024-05-12T00:48:30.049+0000] {dagbag.py:545} INFO - Filling up the DagBag from /home/airflow/.local/lib/python3.12/site-packages/airflow/example_dags/example_xcomargs.py
[2024-05-12T00:48:30.053+0000] {processor.py:840} INFO - DAG(s) 'example_xcom_args', 'example_xcom_args_with_operators' retrieved from /home/airflow/.local/lib/python3.12/site-packages/airflow/example_dags/example_xcomargs.py
[2024-05-12T00:48:30.064+0000] {logging_mixin.py:188} INFO - [2024-05-12T00:48:30.064+0000] {dag.py:3096} INFO - Sync 2 DAGs
[2024-05-12T00:48:30.070+0000] {logging_mixin.py:188} INFO - [2024-05-12T00:48:30.070+0000] {dag.py:3954} INFO - Setting next_dagrun for example_xcom_args to None, run_after=None
[2024-05-12T00:48:30.072+0000] {logging_mixin.py:188} INFO - [2024-05-12T00:48:30.071+0000] {dag.py:3954} INFO - Setting next_dagrun for example_xcom_args_with_operators to None, run_after=None
[2024-05-12T00:48:30.079+0000] {processor.py:183} INFO - Processing /home/airflow/.local/lib/python3.12/site-packages/airflow/example_dags/example_xcomargs.py took 0.034 seconds
[2024-05-12T00:49:00.191+0000] {processor.py:161} INFO - Started process (PID=10274) to work on /home/airflow/.local/lib/python3.12/site-packages/airflow/example_dags/example_xcomargs.py
[2024-05-12T00:49:00.191+0000] {processor.py:830} INFO - Processing file /home/airflow/.local/lib/python3.12/site-packages/airflow/example_dags/example_xcomargs.py for tasks to queue
[2024-05-12T00:49:00.192+0000] {logging_mixin.py:188} INFO - [2024-05-12T00:49:00.192+0000] {dagbag.py:545} INFO - Filling up the DagBag from /home/airflow/.local/lib/python3.12/site-packages/airflow/example_dags/example_xcomargs.py
[2024-05-12T00:49:00.197+0000] {processor.py:840} INFO - DAG(s) 'example_xcom_args', 'example_xcom_args_with_operators' retrieved from /home/airflow/.local/lib/python3.12/site-packages/airflow/example_dags/example_xcomargs.py
[2024-05-12T00:49:00.210+0000] {logging_mixin.py:188} INFO - [2024-05-12T00:49:00.210+0000] {dag.py:3096} INFO - Sync 2 DAGs
[2024-05-12T00:49:00.217+0000] {logging_mixin.py:188} INFO - [2024-05-12T00:49:00.217+0000] {dag.py:3954} INFO - Setting next_dagrun for example_xcom_args to None, run_after=None
[2024-05-12T00:49:00.219+0000] {logging_mixin.py:188} INFO - [2024-05-12T00:49:00.219+0000] {dag.py:3954} INFO - Setting next_dagrun for example_xcom_args_with_operators to None, run_after=None
[2024-05-12T00:49:00.227+0000] {processor.py:183} INFO - Processing /home/airflow/.local/lib/python3.12/site-packages/airflow/example_dags/example_xcomargs.py took 0.040 seconds
[2024-05-12T01:06:46.019+0000] {processor.py:161} INFO - Started process (PID=10538) to work on /home/airflow/.local/lib/python3.12/site-packages/airflow/example_dags/example_xcomargs.py
[2024-05-12T01:06:46.019+0000] {processor.py:830} INFO - Processing file /home/airflow/.local/lib/python3.12/site-packages/airflow/example_dags/example_xcomargs.py for tasks to queue
[2024-05-12T01:06:46.020+0000] {logging_mixin.py:188} INFO - [2024-05-12T01:06:46.020+0000] {dagbag.py:545} INFO - Filling up the DagBag from /home/airflow/.local/lib/python3.12/site-packages/airflow/example_dags/example_xcomargs.py
[2024-05-12T01:06:46.024+0000] {processor.py:840} INFO - DAG(s) 'example_xcom_args_with_operators', 'example_xcom_args' retrieved from /home/airflow/.local/lib/python3.12/site-packages/airflow/example_dags/example_xcomargs.py
[2024-05-12T01:06:46.035+0000] {logging_mixin.py:188} INFO - [2024-05-12T01:06:46.035+0000] {dag.py:3096} INFO - Sync 2 DAGs
[2024-05-12T01:06:46.041+0000] {logging_mixin.py:188} INFO - [2024-05-12T01:06:46.041+0000] {dag.py:3954} INFO - Setting next_dagrun for example_xcom_args to None, run_after=None
[2024-05-12T01:06:46.043+0000] {logging_mixin.py:188} INFO - [2024-05-12T01:06:46.043+0000] {dag.py:3954} INFO - Setting next_dagrun for example_xcom_args_with_operators to None, run_after=None
[2024-05-12T01:06:46.050+0000] {processor.py:183} INFO - Processing /home/airflow/.local/lib/python3.12/site-packages/airflow/example_dags/example_xcomargs.py took 0.034 seconds
[2024-05-12T01:10:18.208+0000] {processor.py:161} INFO - Started process (PID=10797) to work on /home/airflow/.local/lib/python3.12/site-packages/airflow/example_dags/example_xcomargs.py
[2024-05-12T01:10:18.209+0000] {processor.py:830} INFO - Processing file /home/airflow/.local/lib/python3.12/site-packages/airflow/example_dags/example_xcomargs.py for tasks to queue
[2024-05-12T01:10:18.210+0000] {logging_mixin.py:188} INFO - [2024-05-12T01:10:18.210+0000] {dagbag.py:545} INFO - Filling up the DagBag from /home/airflow/.local/lib/python3.12/site-packages/airflow/example_dags/example_xcomargs.py
[2024-05-12T01:10:18.216+0000] {processor.py:840} INFO - DAG(s) 'example_xcom_args_with_operators', 'example_xcom_args' retrieved from /home/airflow/.local/lib/python3.12/site-packages/airflow/example_dags/example_xcomargs.py
[2024-05-12T01:10:18.229+0000] {logging_mixin.py:188} INFO - [2024-05-12T01:10:18.229+0000] {dag.py:3096} INFO - Sync 2 DAGs
[2024-05-12T01:10:18.236+0000] {logging_mixin.py:188} INFO - [2024-05-12T01:10:18.236+0000] {dag.py:3954} INFO - Setting next_dagrun for example_xcom_args to None, run_after=None
[2024-05-12T01:10:18.238+0000] {logging_mixin.py:188} INFO - [2024-05-12T01:10:18.238+0000] {dag.py:3954} INFO - Setting next_dagrun for example_xcom_args_with_operators to None, run_after=None
[2024-05-12T01:10:18.248+0000] {processor.py:183} INFO - Processing /home/airflow/.local/lib/python3.12/site-packages/airflow/example_dags/example_xcomargs.py took 0.042 seconds
[2024-05-12T01:10:49.589+0000] {processor.py:161} INFO - Started process (PID=11059) to work on /home/airflow/.local/lib/python3.12/site-packages/airflow/example_dags/example_xcomargs.py
[2024-05-12T01:10:49.590+0000] {processor.py:830} INFO - Processing file /home/airflow/.local/lib/python3.12/site-packages/airflow/example_dags/example_xcomargs.py for tasks to queue
[2024-05-12T01:10:49.591+0000] {logging_mixin.py:188} INFO - [2024-05-12T01:10:49.591+0000] {dagbag.py:545} INFO - Filling up the DagBag from /home/airflow/.local/lib/python3.12/site-packages/airflow/example_dags/example_xcomargs.py
[2024-05-12T01:10:49.595+0000] {processor.py:840} INFO - DAG(s) 'example_xcom_args', 'example_xcom_args_with_operators' retrieved from /home/airflow/.local/lib/python3.12/site-packages/airflow/example_dags/example_xcomargs.py
[2024-05-12T01:10:49.691+0000] {logging_mixin.py:188} INFO - [2024-05-12T01:10:49.691+0000] {dag.py:3096} INFO - Sync 2 DAGs
[2024-05-12T01:10:49.697+0000] {logging_mixin.py:188} INFO - [2024-05-12T01:10:49.697+0000] {dag.py:3954} INFO - Setting next_dagrun for example_xcom_args to None, run_after=None
[2024-05-12T01:10:49.699+0000] {logging_mixin.py:188} INFO - [2024-05-12T01:10:49.699+0000] {dag.py:3954} INFO - Setting next_dagrun for example_xcom_args_with_operators to None, run_after=None
[2024-05-12T01:10:49.707+0000] {processor.py:183} INFO - Processing /home/airflow/.local/lib/python3.12/site-packages/airflow/example_dags/example_xcomargs.py took 0.121 seconds
[2024-05-12T01:11:19.809+0000] {processor.py:161} INFO - Started process (PID=11321) to work on /home/airflow/.local/lib/python3.12/site-packages/airflow/example_dags/example_xcomargs.py
[2024-05-12T01:11:19.809+0000] {processor.py:830} INFO - Processing file /home/airflow/.local/lib/python3.12/site-packages/airflow/example_dags/example_xcomargs.py for tasks to queue
[2024-05-12T01:11:19.810+0000] {logging_mixin.py:188} INFO - [2024-05-12T01:11:19.810+0000] {dagbag.py:545} INFO - Filling up the DagBag from /home/airflow/.local/lib/python3.12/site-packages/airflow/example_dags/example_xcomargs.py
[2024-05-12T01:11:19.815+0000] {processor.py:840} INFO - DAG(s) 'example_xcom_args_with_operators', 'example_xcom_args' retrieved from /home/airflow/.local/lib/python3.12/site-packages/airflow/example_dags/example_xcomargs.py
[2024-05-12T01:11:19.828+0000] {logging_mixin.py:188} INFO - [2024-05-12T01:11:19.828+0000] {dag.py:3096} INFO - Sync 2 DAGs
[2024-05-12T01:11:19.929+0000] {logging_mixin.py:188} INFO - [2024-05-12T01:11:19.929+0000] {dag.py:3954} INFO - Setting next_dagrun for example_xcom_args to None, run_after=None
[2024-05-12T01:11:19.931+0000] {logging_mixin.py:188} INFO - [2024-05-12T01:11:19.931+0000] {dag.py:3954} INFO - Setting next_dagrun for example_xcom_args_with_operators to None, run_after=None
[2024-05-12T01:11:19.938+0000] {processor.py:183} INFO - Processing /home/airflow/.local/lib/python3.12/site-packages/airflow/example_dags/example_xcomargs.py took 0.133 seconds
[2024-05-12T01:11:50.389+0000] {processor.py:161} INFO - Started process (PID=11583) to work on /home/airflow/.local/lib/python3.12/site-packages/airflow/example_dags/example_xcomargs.py
[2024-05-12T01:11:50.389+0000] {processor.py:830} INFO - Processing file /home/airflow/.local/lib/python3.12/site-packages/airflow/example_dags/example_xcomargs.py for tasks to queue
[2024-05-12T01:11:50.390+0000] {logging_mixin.py:188} INFO - [2024-05-12T01:11:50.390+0000] {dagbag.py:545} INFO - Filling up the DagBag from /home/airflow/.local/lib/python3.12/site-packages/airflow/example_dags/example_xcomargs.py
[2024-05-12T01:11:50.394+0000] {processor.py:840} INFO - DAG(s) 'example_xcom_args_with_operators', 'example_xcom_args' retrieved from /home/airflow/.local/lib/python3.12/site-packages/airflow/example_dags/example_xcomargs.py
[2024-05-12T01:11:50.407+0000] {logging_mixin.py:188} INFO - [2024-05-12T01:11:50.407+0000] {dag.py:3096} INFO - Sync 2 DAGs
[2024-05-12T01:11:50.413+0000] {logging_mixin.py:188} INFO - [2024-05-12T01:11:50.413+0000] {dag.py:3954} INFO - Setting next_dagrun for example_xcom_args to None, run_after=None
[2024-05-12T01:11:50.415+0000] {logging_mixin.py:188} INFO - [2024-05-12T01:11:50.415+0000] {dag.py:3954} INFO - Setting next_dagrun for example_xcom_args_with_operators to None, run_after=None
[2024-05-12T01:11:50.423+0000] {processor.py:183} INFO - Processing /home/airflow/.local/lib/python3.12/site-packages/airflow/example_dags/example_xcomargs.py took 0.038 seconds
[2024-05-12T01:12:21.332+0000] {processor.py:161} INFO - Started process (PID=11845) to work on /home/airflow/.local/lib/python3.12/site-packages/airflow/example_dags/example_xcomargs.py
[2024-05-12T01:12:21.333+0000] {processor.py:830} INFO - Processing file /home/airflow/.local/lib/python3.12/site-packages/airflow/example_dags/example_xcomargs.py for tasks to queue
[2024-05-12T01:12:21.334+0000] {logging_mixin.py:188} INFO - [2024-05-12T01:12:21.334+0000] {dagbag.py:545} INFO - Filling up the DagBag from /home/airflow/.local/lib/python3.12/site-packages/airflow/example_dags/example_xcomargs.py
[2024-05-12T01:12:21.338+0000] {processor.py:840} INFO - DAG(s) 'example_xcom_args', 'example_xcom_args_with_operators' retrieved from /home/airflow/.local/lib/python3.12/site-packages/airflow/example_dags/example_xcomargs.py
[2024-05-12T01:12:21.351+0000] {logging_mixin.py:188} INFO - [2024-05-12T01:12:21.351+0000] {dag.py:3096} INFO - Sync 2 DAGs
[2024-05-12T01:12:21.357+0000] {logging_mixin.py:188} INFO - [2024-05-12T01:12:21.357+0000] {dag.py:3954} INFO - Setting next_dagrun for example_xcom_args to None, run_after=None
[2024-05-12T01:12:21.360+0000] {logging_mixin.py:188} INFO - [2024-05-12T01:12:21.359+0000] {dag.py:3954} INFO - Setting next_dagrun for example_xcom_args_with_operators to None, run_after=None
[2024-05-12T01:12:21.367+0000] {processor.py:183} INFO - Processing /home/airflow/.local/lib/python3.12/site-packages/airflow/example_dags/example_xcomargs.py took 0.039 seconds
[2024-05-12T01:12:52.244+0000] {processor.py:161} INFO - Started process (PID=12107) to work on /home/airflow/.local/lib/python3.12/site-packages/airflow/example_dags/example_xcomargs.py
[2024-05-12T01:12:52.244+0000] {processor.py:830} INFO - Processing file /home/airflow/.local/lib/python3.12/site-packages/airflow/example_dags/example_xcomargs.py for tasks to queue
[2024-05-12T01:12:52.245+0000] {logging_mixin.py:188} INFO - [2024-05-12T01:12:52.245+0000] {dagbag.py:545} INFO - Filling up the DagBag from /home/airflow/.local/lib/python3.12/site-packages/airflow/example_dags/example_xcomargs.py
[2024-05-12T01:12:52.250+0000] {processor.py:840} INFO - DAG(s) 'example_xcom_args', 'example_xcom_args_with_operators' retrieved from /home/airflow/.local/lib/python3.12/site-packages/airflow/example_dags/example_xcomargs.py
[2024-05-12T01:12:52.263+0000] {logging_mixin.py:188} INFO - [2024-05-12T01:12:52.262+0000] {dag.py:3096} INFO - Sync 2 DAGs
[2024-05-12T01:12:52.270+0000] {logging_mixin.py:188} INFO - [2024-05-12T01:12:52.270+0000] {dag.py:3954} INFO - Setting next_dagrun for example_xcom_args to None, run_after=None
[2024-05-12T01:12:52.272+0000] {logging_mixin.py:188} INFO - [2024-05-12T01:12:52.272+0000] {dag.py:3954} INFO - Setting next_dagrun for example_xcom_args_with_operators to None, run_after=None
[2024-05-12T01:12:52.280+0000] {processor.py:183} INFO - Processing /home/airflow/.local/lib/python3.12/site-packages/airflow/example_dags/example_xcomargs.py took 0.040 seconds
[2024-05-12T01:13:23.128+0000] {processor.py:161} INFO - Started process (PID=12368) to work on /home/airflow/.local/lib/python3.12/site-packages/airflow/example_dags/example_xcomargs.py
[2024-05-12T01:13:23.129+0000] {processor.py:830} INFO - Processing file /home/airflow/.local/lib/python3.12/site-packages/airflow/example_dags/example_xcomargs.py for tasks to queue
[2024-05-12T01:13:23.130+0000] {logging_mixin.py:188} INFO - [2024-05-12T01:13:23.129+0000] {dagbag.py:545} INFO - Filling up the DagBag from /home/airflow/.local/lib/python3.12/site-packages/airflow/example_dags/example_xcomargs.py
[2024-05-12T01:13:23.134+0000] {processor.py:840} INFO - DAG(s) 'example_xcom_args', 'example_xcom_args_with_operators' retrieved from /home/airflow/.local/lib/python3.12/site-packages/airflow/example_dags/example_xcomargs.py
[2024-05-12T01:13:23.146+0000] {logging_mixin.py:188} INFO - [2024-05-12T01:13:23.146+0000] {dag.py:3096} INFO - Sync 2 DAGs
[2024-05-12T01:13:23.153+0000] {logging_mixin.py:188} INFO - [2024-05-12T01:13:23.153+0000] {dag.py:3954} INFO - Setting next_dagrun for example_xcom_args to None, run_after=None
[2024-05-12T01:13:23.155+0000] {logging_mixin.py:188} INFO - [2024-05-12T01:13:23.155+0000] {dag.py:3954} INFO - Setting next_dagrun for example_xcom_args_with_operators to None, run_after=None
[2024-05-12T01:13:23.162+0000] {processor.py:183} INFO - Processing /home/airflow/.local/lib/python3.12/site-packages/airflow/example_dags/example_xcomargs.py took 0.038 seconds
[2024-05-12T01:13:54.010+0000] {processor.py:161} INFO - Started process (PID=12630) to work on /home/airflow/.local/lib/python3.12/site-packages/airflow/example_dags/example_xcomargs.py
[2024-05-12T01:13:54.011+0000] {processor.py:830} INFO - Processing file /home/airflow/.local/lib/python3.12/site-packages/airflow/example_dags/example_xcomargs.py for tasks to queue
[2024-05-12T01:13:54.012+0000] {logging_mixin.py:188} INFO - [2024-05-12T01:13:54.012+0000] {dagbag.py:545} INFO - Filling up the DagBag from /home/airflow/.local/lib/python3.12/site-packages/airflow/example_dags/example_xcomargs.py
[2024-05-12T01:13:54.016+0000] {processor.py:840} INFO - DAG(s) 'example_xcom_args', 'example_xcom_args_with_operators' retrieved from /home/airflow/.local/lib/python3.12/site-packages/airflow/example_dags/example_xcomargs.py
[2024-05-12T01:13:54.028+0000] {logging_mixin.py:188} INFO - [2024-05-12T01:13:54.027+0000] {dag.py:3096} INFO - Sync 2 DAGs
[2024-05-12T01:13:54.034+0000] {logging_mixin.py:188} INFO - [2024-05-12T01:13:54.034+0000] {dag.py:3954} INFO - Setting next_dagrun for example_xcom_args to None, run_after=None
[2024-05-12T01:13:54.036+0000] {logging_mixin.py:188} INFO - [2024-05-12T01:13:54.036+0000] {dag.py:3954} INFO - Setting next_dagrun for example_xcom_args_with_operators to None, run_after=None
[2024-05-12T01:13:54.044+0000] {processor.py:183} INFO - Processing /home/airflow/.local/lib/python3.12/site-packages/airflow/example_dags/example_xcomargs.py took 0.037 seconds
[2024-05-12T01:14:24.977+0000] {processor.py:161} INFO - Started process (PID=12891) to work on /home/airflow/.local/lib/python3.12/site-packages/airflow/example_dags/example_xcomargs.py
[2024-05-12T01:14:24.978+0000] {processor.py:830} INFO - Processing file /home/airflow/.local/lib/python3.12/site-packages/airflow/example_dags/example_xcomargs.py for tasks to queue
[2024-05-12T01:14:24.979+0000] {logging_mixin.py:188} INFO - [2024-05-12T01:14:24.979+0000] {dagbag.py:545} INFO - Filling up the DagBag from /home/airflow/.local/lib/python3.12/site-packages/airflow/example_dags/example_xcomargs.py
[2024-05-12T01:14:24.983+0000] {processor.py:840} INFO - DAG(s) 'example_xcom_args', 'example_xcom_args_with_operators' retrieved from /home/airflow/.local/lib/python3.12/site-packages/airflow/example_dags/example_xcomargs.py
[2024-05-12T01:14:24.995+0000] {logging_mixin.py:188} INFO - [2024-05-12T01:14:24.995+0000] {dag.py:3096} INFO - Sync 2 DAGs
[2024-05-12T01:14:25.001+0000] {logging_mixin.py:188} INFO - [2024-05-12T01:14:25.001+0000] {dag.py:3954} INFO - Setting next_dagrun for example_xcom_args to None, run_after=None
[2024-05-12T01:14:25.003+0000] {logging_mixin.py:188} INFO - [2024-05-12T01:14:25.003+0000] {dag.py:3954} INFO - Setting next_dagrun for example_xcom_args_with_operators to None, run_after=None
[2024-05-12T01:14:25.011+0000] {processor.py:183} INFO - Processing /home/airflow/.local/lib/python3.12/site-packages/airflow/example_dags/example_xcomargs.py took 0.038 seconds
[2024-05-12T01:14:55.953+0000] {processor.py:161} INFO - Started process (PID=13153) to work on /home/airflow/.local/lib/python3.12/site-packages/airflow/example_dags/example_xcomargs.py
[2024-05-12T01:14:55.953+0000] {processor.py:830} INFO - Processing file /home/airflow/.local/lib/python3.12/site-packages/airflow/example_dags/example_xcomargs.py for tasks to queue
[2024-05-12T01:14:55.954+0000] {logging_mixin.py:188} INFO - [2024-05-12T01:14:55.954+0000] {dagbag.py:545} INFO - Filling up the DagBag from /home/airflow/.local/lib/python3.12/site-packages/airflow/example_dags/example_xcomargs.py
[2024-05-12T01:14:55.958+0000] {processor.py:840} INFO - DAG(s) 'example_xcom_args_with_operators', 'example_xcom_args' retrieved from /home/airflow/.local/lib/python3.12/site-packages/airflow/example_dags/example_xcomargs.py
[2024-05-12T01:14:55.970+0000] {logging_mixin.py:188} INFO - [2024-05-12T01:14:55.970+0000] {dag.py:3096} INFO - Sync 2 DAGs
[2024-05-12T01:14:55.977+0000] {logging_mixin.py:188} INFO - [2024-05-12T01:14:55.977+0000] {dag.py:3954} INFO - Setting next_dagrun for example_xcom_args to None, run_after=None
[2024-05-12T01:14:55.978+0000] {logging_mixin.py:188} INFO - [2024-05-12T01:14:55.978+0000] {dag.py:3954} INFO - Setting next_dagrun for example_xcom_args_with_operators to None, run_after=None
[2024-05-12T01:14:55.986+0000] {processor.py:183} INFO - Processing /home/airflow/.local/lib/python3.12/site-packages/airflow/example_dags/example_xcomargs.py took 0.037 seconds
[2024-05-12T01:15:26.920+0000] {processor.py:161} INFO - Started process (PID=13415) to work on /home/airflow/.local/lib/python3.12/site-packages/airflow/example_dags/example_xcomargs.py
[2024-05-12T01:15:26.920+0000] {processor.py:830} INFO - Processing file /home/airflow/.local/lib/python3.12/site-packages/airflow/example_dags/example_xcomargs.py for tasks to queue
[2024-05-12T01:15:26.922+0000] {logging_mixin.py:188} INFO - [2024-05-12T01:15:26.921+0000] {dagbag.py:545} INFO - Filling up the DagBag from /home/airflow/.local/lib/python3.12/site-packages/airflow/example_dags/example_xcomargs.py
[2024-05-12T01:15:26.926+0000] {processor.py:840} INFO - DAG(s) 'example_xcom_args', 'example_xcom_args_with_operators' retrieved from /home/airflow/.local/lib/python3.12/site-packages/airflow/example_dags/example_xcomargs.py
[2024-05-12T01:15:26.937+0000] {logging_mixin.py:188} INFO - [2024-05-12T01:15:26.937+0000] {dag.py:3096} INFO - Sync 2 DAGs
[2024-05-12T01:15:26.944+0000] {logging_mixin.py:188} INFO - [2024-05-12T01:15:26.944+0000] {dag.py:3954} INFO - Setting next_dagrun for example_xcom_args to None, run_after=None
[2024-05-12T01:15:26.946+0000] {logging_mixin.py:188} INFO - [2024-05-12T01:15:26.946+0000] {dag.py:3954} INFO - Setting next_dagrun for example_xcom_args_with_operators to None, run_after=None
[2024-05-12T01:15:26.953+0000] {processor.py:183} INFO - Processing /home/airflow/.local/lib/python3.12/site-packages/airflow/example_dags/example_xcomargs.py took 0.037 seconds
[2024-05-12T01:15:57.779+0000] {processor.py:161} INFO - Started process (PID=13677) to work on /home/airflow/.local/lib/python3.12/site-packages/airflow/example_dags/example_xcomargs.py
[2024-05-12T01:15:57.779+0000] {processor.py:830} INFO - Processing file /home/airflow/.local/lib/python3.12/site-packages/airflow/example_dags/example_xcomargs.py for tasks to queue
[2024-05-12T01:15:57.781+0000] {logging_mixin.py:188} INFO - [2024-05-12T01:15:57.780+0000] {dagbag.py:545} INFO - Filling up the DagBag from /home/airflow/.local/lib/python3.12/site-packages/airflow/example_dags/example_xcomargs.py
[2024-05-12T01:15:57.785+0000] {processor.py:840} INFO - DAG(s) 'example_xcom_args', 'example_xcom_args_with_operators' retrieved from /home/airflow/.local/lib/python3.12/site-packages/airflow/example_dags/example_xcomargs.py
[2024-05-12T01:15:57.797+0000] {logging_mixin.py:188} INFO - [2024-05-12T01:15:57.796+0000] {dag.py:3096} INFO - Sync 2 DAGs
[2024-05-12T01:15:57.803+0000] {logging_mixin.py:188} INFO - [2024-05-12T01:15:57.803+0000] {dag.py:3954} INFO - Setting next_dagrun for example_xcom_args to None, run_after=None
[2024-05-12T01:15:57.805+0000] {logging_mixin.py:188} INFO - [2024-05-12T01:15:57.805+0000] {dag.py:3954} INFO - Setting next_dagrun for example_xcom_args_with_operators to None, run_after=None
[2024-05-12T01:15:57.812+0000] {processor.py:183} INFO - Processing /home/airflow/.local/lib/python3.12/site-packages/airflow/example_dags/example_xcomargs.py took 0.036 seconds
[2024-05-12T01:16:28.535+0000] {processor.py:161} INFO - Started process (PID=13939) to work on /home/airflow/.local/lib/python3.12/site-packages/airflow/example_dags/example_xcomargs.py
[2024-05-12T01:16:28.536+0000] {processor.py:830} INFO - Processing file /home/airflow/.local/lib/python3.12/site-packages/airflow/example_dags/example_xcomargs.py for tasks to queue
[2024-05-12T01:16:28.537+0000] {logging_mixin.py:188} INFO - [2024-05-12T01:16:28.537+0000] {dagbag.py:545} INFO - Filling up the DagBag from /home/airflow/.local/lib/python3.12/site-packages/airflow/example_dags/example_xcomargs.py
[2024-05-12T01:16:28.541+0000] {processor.py:840} INFO - DAG(s) 'example_xcom_args_with_operators', 'example_xcom_args' retrieved from /home/airflow/.local/lib/python3.12/site-packages/airflow/example_dags/example_xcomargs.py
[2024-05-12T01:16:28.553+0000] {logging_mixin.py:188} INFO - [2024-05-12T01:16:28.553+0000] {dag.py:3096} INFO - Sync 2 DAGs
[2024-05-12T01:16:28.559+0000] {logging_mixin.py:188} INFO - [2024-05-12T01:16:28.559+0000] {dag.py:3954} INFO - Setting next_dagrun for example_xcom_args to None, run_after=None
[2024-05-12T01:16:28.561+0000] {logging_mixin.py:188} INFO - [2024-05-12T01:16:28.561+0000] {dag.py:3954} INFO - Setting next_dagrun for example_xcom_args_with_operators to None, run_after=None
[2024-05-12T01:16:28.569+0000] {processor.py:183} INFO - Processing /home/airflow/.local/lib/python3.12/site-packages/airflow/example_dags/example_xcomargs.py took 0.037 seconds
[2024-05-12T01:16:59.239+0000] {processor.py:161} INFO - Started process (PID=14201) to work on /home/airflow/.local/lib/python3.12/site-packages/airflow/example_dags/example_xcomargs.py
[2024-05-12T01:16:59.239+0000] {processor.py:830} INFO - Processing file /home/airflow/.local/lib/python3.12/site-packages/airflow/example_dags/example_xcomargs.py for tasks to queue
[2024-05-12T01:16:59.241+0000] {logging_mixin.py:188} INFO - [2024-05-12T01:16:59.241+0000] {dagbag.py:545} INFO - Filling up the DagBag from /home/airflow/.local/lib/python3.12/site-packages/airflow/example_dags/example_xcomargs.py
[2024-05-12T01:16:59.249+0000] {processor.py:840} INFO - DAG(s) 'example_xcom_args', 'example_xcom_args_with_operators' retrieved from /home/airflow/.local/lib/python3.12/site-packages/airflow/example_dags/example_xcomargs.py
[2024-05-12T01:16:59.262+0000] {logging_mixin.py:188} INFO - [2024-05-12T01:16:59.262+0000] {dag.py:3096} INFO - Sync 2 DAGs
[2024-05-12T01:16:59.269+0000] {logging_mixin.py:188} INFO - [2024-05-12T01:16:59.268+0000] {dag.py:3954} INFO - Setting next_dagrun for example_xcom_args to None, run_after=None
[2024-05-12T01:16:59.271+0000] {logging_mixin.py:188} INFO - [2024-05-12T01:16:59.271+0000] {dag.py:3954} INFO - Setting next_dagrun for example_xcom_args_with_operators to None, run_after=None
[2024-05-12T01:16:59.279+0000] {processor.py:183} INFO - Processing /home/airflow/.local/lib/python3.12/site-packages/airflow/example_dags/example_xcomargs.py took 0.044 seconds
[2024-05-12T01:17:30.099+0000] {processor.py:161} INFO - Started process (PID=14463) to work on /home/airflow/.local/lib/python3.12/site-packages/airflow/example_dags/example_xcomargs.py
[2024-05-12T01:17:30.099+0000] {processor.py:830} INFO - Processing file /home/airflow/.local/lib/python3.12/site-packages/airflow/example_dags/example_xcomargs.py for tasks to queue
[2024-05-12T01:17:30.100+0000] {logging_mixin.py:188} INFO - [2024-05-12T01:17:30.100+0000] {dagbag.py:545} INFO - Filling up the DagBag from /home/airflow/.local/lib/python3.12/site-packages/airflow/example_dags/example_xcomargs.py
[2024-05-12T01:17:30.105+0000] {processor.py:840} INFO - DAG(s) 'example_xcom_args_with_operators', 'example_xcom_args' retrieved from /home/airflow/.local/lib/python3.12/site-packages/airflow/example_dags/example_xcomargs.py
[2024-05-12T01:17:30.116+0000] {logging_mixin.py:188} INFO - [2024-05-12T01:17:30.116+0000] {dag.py:3096} INFO - Sync 2 DAGs
[2024-05-12T01:17:30.122+0000] {logging_mixin.py:188} INFO - [2024-05-12T01:17:30.122+0000] {dag.py:3954} INFO - Setting next_dagrun for example_xcom_args to None, run_after=None
[2024-05-12T01:17:30.124+0000] {logging_mixin.py:188} INFO - [2024-05-12T01:17:30.124+0000] {dag.py:3954} INFO - Setting next_dagrun for example_xcom_args_with_operators to None, run_after=None
[2024-05-12T01:17:30.133+0000] {processor.py:183} INFO - Processing /home/airflow/.local/lib/python3.12/site-packages/airflow/example_dags/example_xcomargs.py took 0.038 seconds
[2024-05-12T01:18:00.914+0000] {processor.py:161} INFO - Started process (PID=14725) to work on /home/airflow/.local/lib/python3.12/site-packages/airflow/example_dags/example_xcomargs.py
[2024-05-12T01:18:00.915+0000] {processor.py:830} INFO - Processing file /home/airflow/.local/lib/python3.12/site-packages/airflow/example_dags/example_xcomargs.py for tasks to queue
[2024-05-12T01:18:00.916+0000] {logging_mixin.py:188} INFO - [2024-05-12T01:18:00.915+0000] {dagbag.py:545} INFO - Filling up the DagBag from /home/airflow/.local/lib/python3.12/site-packages/airflow/example_dags/example_xcomargs.py
[2024-05-12T01:18:00.920+0000] {processor.py:840} INFO - DAG(s) 'example_xcom_args', 'example_xcom_args_with_operators' retrieved from /home/airflow/.local/lib/python3.12/site-packages/airflow/example_dags/example_xcomargs.py
[2024-05-12T01:18:00.933+0000] {logging_mixin.py:188} INFO - [2024-05-12T01:18:00.933+0000] {dag.py:3096} INFO - Sync 2 DAGs
[2024-05-12T01:18:00.939+0000] {logging_mixin.py:188} INFO - [2024-05-12T01:18:00.939+0000] {dag.py:3954} INFO - Setting next_dagrun for example_xcom_args to None, run_after=None
[2024-05-12T01:18:00.941+0000] {logging_mixin.py:188} INFO - [2024-05-12T01:18:00.941+0000] {dag.py:3954} INFO - Setting next_dagrun for example_xcom_args_with_operators to None, run_after=None
[2024-05-12T01:18:00.949+0000] {processor.py:183} INFO - Processing /home/airflow/.local/lib/python3.12/site-packages/airflow/example_dags/example_xcomargs.py took 0.038 seconds
[2024-05-12T01:18:31.725+0000] {processor.py:161} INFO - Started process (PID=14987) to work on /home/airflow/.local/lib/python3.12/site-packages/airflow/example_dags/example_xcomargs.py
[2024-05-12T01:18:31.725+0000] {processor.py:830} INFO - Processing file /home/airflow/.local/lib/python3.12/site-packages/airflow/example_dags/example_xcomargs.py for tasks to queue
[2024-05-12T01:18:31.726+0000] {logging_mixin.py:188} INFO - [2024-05-12T01:18:31.726+0000] {dagbag.py:545} INFO - Filling up the DagBag from /home/airflow/.local/lib/python3.12/site-packages/airflow/example_dags/example_xcomargs.py
[2024-05-12T01:18:31.730+0000] {processor.py:840} INFO - DAG(s) 'example_xcom_args_with_operators', 'example_xcom_args' retrieved from /home/airflow/.local/lib/python3.12/site-packages/airflow/example_dags/example_xcomargs.py
[2024-05-12T01:18:31.741+0000] {logging_mixin.py:188} INFO - [2024-05-12T01:18:31.741+0000] {dag.py:3096} INFO - Sync 2 DAGs
[2024-05-12T01:18:31.748+0000] {logging_mixin.py:188} INFO - [2024-05-12T01:18:31.747+0000] {dag.py:3954} INFO - Setting next_dagrun for example_xcom_args to None, run_after=None
[2024-05-12T01:18:31.749+0000] {logging_mixin.py:188} INFO - [2024-05-12T01:18:31.749+0000] {dag.py:3954} INFO - Setting next_dagrun for example_xcom_args_with_operators to None, run_after=None
[2024-05-12T01:18:31.757+0000] {processor.py:183} INFO - Processing /home/airflow/.local/lib/python3.12/site-packages/airflow/example_dags/example_xcomargs.py took 0.035 seconds
[2024-05-12T01:19:02.559+0000] {processor.py:161} INFO - Started process (PID=15249) to work on /home/airflow/.local/lib/python3.12/site-packages/airflow/example_dags/example_xcomargs.py
[2024-05-12T01:19:02.560+0000] {processor.py:830} INFO - Processing file /home/airflow/.local/lib/python3.12/site-packages/airflow/example_dags/example_xcomargs.py for tasks to queue
[2024-05-12T01:19:02.561+0000] {logging_mixin.py:188} INFO - [2024-05-12T01:19:02.561+0000] {dagbag.py:545} INFO - Filling up the DagBag from /home/airflow/.local/lib/python3.12/site-packages/airflow/example_dags/example_xcomargs.py
[2024-05-12T01:19:02.565+0000] {processor.py:840} INFO - DAG(s) 'example_xcom_args_with_operators', 'example_xcom_args' retrieved from /home/airflow/.local/lib/python3.12/site-packages/airflow/example_dags/example_xcomargs.py
[2024-05-12T01:19:02.577+0000] {logging_mixin.py:188} INFO - [2024-05-12T01:19:02.577+0000] {dag.py:3096} INFO - Sync 2 DAGs
[2024-05-12T01:19:02.584+0000] {logging_mixin.py:188} INFO - [2024-05-12T01:19:02.584+0000] {dag.py:3954} INFO - Setting next_dagrun for example_xcom_args to None, run_after=None
[2024-05-12T01:19:02.586+0000] {logging_mixin.py:188} INFO - [2024-05-12T01:19:02.585+0000] {dag.py:3954} INFO - Setting next_dagrun for example_xcom_args_with_operators to None, run_after=None
[2024-05-12T01:19:02.593+0000] {processor.py:183} INFO - Processing /home/airflow/.local/lib/python3.12/site-packages/airflow/example_dags/example_xcomargs.py took 0.037 seconds
[2024-05-12T01:19:33.443+0000] {processor.py:161} INFO - Started process (PID=15511) to work on /home/airflow/.local/lib/python3.12/site-packages/airflow/example_dags/example_xcomargs.py
[2024-05-12T01:19:33.444+0000] {processor.py:830} INFO - Processing file /home/airflow/.local/lib/python3.12/site-packages/airflow/example_dags/example_xcomargs.py for tasks to queue
[2024-05-12T01:19:33.445+0000] {logging_mixin.py:188} INFO - [2024-05-12T01:19:33.445+0000] {dagbag.py:545} INFO - Filling up the DagBag from /home/airflow/.local/lib/python3.12/site-packages/airflow/example_dags/example_xcomargs.py
[2024-05-12T01:19:33.449+0000] {processor.py:840} INFO - DAG(s) 'example_xcom_args_with_operators', 'example_xcom_args' retrieved from /home/airflow/.local/lib/python3.12/site-packages/airflow/example_dags/example_xcomargs.py
[2024-05-12T01:19:33.460+0000] {logging_mixin.py:188} INFO - [2024-05-12T01:19:33.460+0000] {dag.py:3096} INFO - Sync 2 DAGs
[2024-05-12T01:19:33.467+0000] {logging_mixin.py:188} INFO - [2024-05-12T01:19:33.466+0000] {dag.py:3954} INFO - Setting next_dagrun for example_xcom_args to None, run_after=None
[2024-05-12T01:19:33.468+0000] {logging_mixin.py:188} INFO - [2024-05-12T01:19:33.468+0000] {dag.py:3954} INFO - Setting next_dagrun for example_xcom_args_with_operators to None, run_after=None
[2024-05-12T01:19:33.476+0000] {processor.py:183} INFO - Processing /home/airflow/.local/lib/python3.12/site-packages/airflow/example_dags/example_xcomargs.py took 0.035 seconds
[2024-05-12T01:20:04.275+0000] {processor.py:161} INFO - Started process (PID=15773) to work on /home/airflow/.local/lib/python3.12/site-packages/airflow/example_dags/example_xcomargs.py
[2024-05-12T01:20:04.276+0000] {processor.py:830} INFO - Processing file /home/airflow/.local/lib/python3.12/site-packages/airflow/example_dags/example_xcomargs.py for tasks to queue
[2024-05-12T01:20:04.277+0000] {logging_mixin.py:188} INFO - [2024-05-12T01:20:04.277+0000] {dagbag.py:545} INFO - Filling up the DagBag from /home/airflow/.local/lib/python3.12/site-packages/airflow/example_dags/example_xcomargs.py
[2024-05-12T01:20:04.281+0000] {processor.py:840} INFO - DAG(s) 'example_xcom_args', 'example_xcom_args_with_operators' retrieved from /home/airflow/.local/lib/python3.12/site-packages/airflow/example_dags/example_xcomargs.py
[2024-05-12T01:20:04.293+0000] {logging_mixin.py:188} INFO - [2024-05-12T01:20:04.293+0000] {dag.py:3096} INFO - Sync 2 DAGs
[2024-05-12T01:20:04.300+0000] {logging_mixin.py:188} INFO - [2024-05-12T01:20:04.300+0000] {dag.py:3954} INFO - Setting next_dagrun for example_xcom_args to None, run_after=None
[2024-05-12T01:20:04.302+0000] {logging_mixin.py:188} INFO - [2024-05-12T01:20:04.302+0000] {dag.py:3954} INFO - Setting next_dagrun for example_xcom_args_with_operators to None, run_after=None
[2024-05-12T01:20:04.310+0000] {processor.py:183} INFO - Processing /home/airflow/.local/lib/python3.12/site-packages/airflow/example_dags/example_xcomargs.py took 0.038 seconds
[2024-05-12T01:20:35.029+0000] {processor.py:161} INFO - Started process (PID=16035) to work on /home/airflow/.local/lib/python3.12/site-packages/airflow/example_dags/example_xcomargs.py
[2024-05-12T01:20:35.029+0000] {processor.py:830} INFO - Processing file /home/airflow/.local/lib/python3.12/site-packages/airflow/example_dags/example_xcomargs.py for tasks to queue
[2024-05-12T01:20:35.030+0000] {logging_mixin.py:188} INFO - [2024-05-12T01:20:35.030+0000] {dagbag.py:545} INFO - Filling up the DagBag from /home/airflow/.local/lib/python3.12/site-packages/airflow/example_dags/example_xcomargs.py
[2024-05-12T01:20:35.035+0000] {processor.py:840} INFO - DAG(s) 'example_xcom_args', 'example_xcom_args_with_operators' retrieved from /home/airflow/.local/lib/python3.12/site-packages/airflow/example_dags/example_xcomargs.py
[2024-05-12T01:20:35.047+0000] {logging_mixin.py:188} INFO - [2024-05-12T01:20:35.047+0000] {dag.py:3096} INFO - Sync 2 DAGs
[2024-05-12T01:20:35.054+0000] {logging_mixin.py:188} INFO - [2024-05-12T01:20:35.053+0000] {dag.py:3954} INFO - Setting next_dagrun for example_xcom_args to None, run_after=None
[2024-05-12T01:20:35.055+0000] {logging_mixin.py:188} INFO - [2024-05-12T01:20:35.055+0000] {dag.py:3954} INFO - Setting next_dagrun for example_xcom_args_with_operators to None, run_after=None
[2024-05-12T01:20:35.064+0000] {processor.py:183} INFO - Processing /home/airflow/.local/lib/python3.12/site-packages/airflow/example_dags/example_xcomargs.py took 0.038 seconds
[2024-05-12T01:21:05.979+0000] {processor.py:161} INFO - Started process (PID=16297) to work on /home/airflow/.local/lib/python3.12/site-packages/airflow/example_dags/example_xcomargs.py
[2024-05-12T01:21:05.979+0000] {processor.py:830} INFO - Processing file /home/airflow/.local/lib/python3.12/site-packages/airflow/example_dags/example_xcomargs.py for tasks to queue
[2024-05-12T01:21:05.980+0000] {logging_mixin.py:188} INFO - [2024-05-12T01:21:05.980+0000] {dagbag.py:545} INFO - Filling up the DagBag from /home/airflow/.local/lib/python3.12/site-packages/airflow/example_dags/example_xcomargs.py
[2024-05-12T01:21:05.985+0000] {processor.py:840} INFO - DAG(s) 'example_xcom_args_with_operators', 'example_xcom_args' retrieved from /home/airflow/.local/lib/python3.12/site-packages/airflow/example_dags/example_xcomargs.py
[2024-05-12T01:21:05.998+0000] {logging_mixin.py:188} INFO - [2024-05-12T01:21:05.998+0000] {dag.py:3096} INFO - Sync 2 DAGs
[2024-05-12T01:21:06.008+0000] {logging_mixin.py:188} INFO - [2024-05-12T01:21:06.008+0000] {dag.py:3954} INFO - Setting next_dagrun for example_xcom_args to None, run_after=None
[2024-05-12T01:21:06.010+0000] {logging_mixin.py:188} INFO - [2024-05-12T01:21:06.010+0000] {dag.py:3954} INFO - Setting next_dagrun for example_xcom_args_with_operators to None, run_after=None
[2024-05-12T01:21:06.018+0000] {processor.py:183} INFO - Processing /home/airflow/.local/lib/python3.12/site-packages/airflow/example_dags/example_xcomargs.py took 0.042 seconds
[2024-05-12T01:21:36.837+0000] {processor.py:161} INFO - Started process (PID=16558) to work on /home/airflow/.local/lib/python3.12/site-packages/airflow/example_dags/example_xcomargs.py
[2024-05-12T01:21:36.838+0000] {processor.py:830} INFO - Processing file /home/airflow/.local/lib/python3.12/site-packages/airflow/example_dags/example_xcomargs.py for tasks to queue
[2024-05-12T01:21:36.839+0000] {logging_mixin.py:188} INFO - [2024-05-12T01:21:36.839+0000] {dagbag.py:545} INFO - Filling up the DagBag from /home/airflow/.local/lib/python3.12/site-packages/airflow/example_dags/example_xcomargs.py
[2024-05-12T01:21:36.843+0000] {processor.py:840} INFO - DAG(s) 'example_xcom_args', 'example_xcom_args_with_operators' retrieved from /home/airflow/.local/lib/python3.12/site-packages/airflow/example_dags/example_xcomargs.py
[2024-05-12T01:21:36.855+0000] {logging_mixin.py:188} INFO - [2024-05-12T01:21:36.855+0000] {dag.py:3096} INFO - Sync 2 DAGs
[2024-05-12T01:21:36.862+0000] {logging_mixin.py:188} INFO - [2024-05-12T01:21:36.862+0000] {dag.py:3954} INFO - Setting next_dagrun for example_xcom_args to None, run_after=None
[2024-05-12T01:21:36.864+0000] {logging_mixin.py:188} INFO - [2024-05-12T01:21:36.864+0000] {dag.py:3954} INFO - Setting next_dagrun for example_xcom_args_with_operators to None, run_after=None
[2024-05-12T01:21:36.871+0000] {processor.py:183} INFO - Processing /home/airflow/.local/lib/python3.12/site-packages/airflow/example_dags/example_xcomargs.py took 0.037 seconds
[2024-05-12T01:22:07.691+0000] {processor.py:161} INFO - Started process (PID=16820) to work on /home/airflow/.local/lib/python3.12/site-packages/airflow/example_dags/example_xcomargs.py
[2024-05-12T01:22:07.692+0000] {processor.py:830} INFO - Processing file /home/airflow/.local/lib/python3.12/site-packages/airflow/example_dags/example_xcomargs.py for tasks to queue
[2024-05-12T01:22:07.693+0000] {logging_mixin.py:188} INFO - [2024-05-12T01:22:07.693+0000] {dagbag.py:545} INFO - Filling up the DagBag from /home/airflow/.local/lib/python3.12/site-packages/airflow/example_dags/example_xcomargs.py
[2024-05-12T01:22:07.697+0000] {processor.py:840} INFO - DAG(s) 'example_xcom_args_with_operators', 'example_xcom_args' retrieved from /home/airflow/.local/lib/python3.12/site-packages/airflow/example_dags/example_xcomargs.py
[2024-05-12T01:22:07.708+0000] {logging_mixin.py:188} INFO - [2024-05-12T01:22:07.708+0000] {dag.py:3096} INFO - Sync 2 DAGs
[2024-05-12T01:22:07.714+0000] {logging_mixin.py:188} INFO - [2024-05-12T01:22:07.714+0000] {dag.py:3954} INFO - Setting next_dagrun for example_xcom_args to None, run_after=None
[2024-05-12T01:22:07.715+0000] {logging_mixin.py:188} INFO - [2024-05-12T01:22:07.715+0000] {dag.py:3954} INFO - Setting next_dagrun for example_xcom_args_with_operators to None, run_after=None
[2024-05-12T01:22:07.725+0000] {processor.py:183} INFO - Processing /home/airflow/.local/lib/python3.12/site-packages/airflow/example_dags/example_xcomargs.py took 0.037 seconds
