[2024-05-12T00:37:43.660+0000] {processor.py:161} INFO - Started process (PID=4455) to work on /home/airflow/.local/lib/python3.12/site-packages/airflow/example_dags/tutorial_dag.py
[2024-05-12T00:37:43.661+0000] {processor.py:830} INFO - Processing file /home/airflow/.local/lib/python3.12/site-packages/airflow/example_dags/tutorial_dag.py for tasks to queue
[2024-05-12T00:37:43.662+0000] {logging_mixin.py:188} INFO - [2024-05-12T00:37:43.662+0000] {dagbag.py:545} INFO - Filling up the DagBag from /home/airflow/.local/lib/python3.12/site-packages/airflow/example_dags/tutorial_dag.py
[2024-05-12T00:37:43.665+0000] {processor.py:840} INFO - DAG(s) 'tutorial_dag' retrieved from /home/airflow/.local/lib/python3.12/site-packages/airflow/example_dags/tutorial_dag.py
[2024-05-12T00:37:43.675+0000] {logging_mixin.py:188} INFO - [2024-05-12T00:37:43.675+0000] {dag.py:3096} INFO - Sync 1 DAGs
[2024-05-12T00:37:43.681+0000] {logging_mixin.py:188} INFO - [2024-05-12T00:37:43.681+0000] {dag.py:3954} INFO - Setting next_dagrun for tutorial_dag to None, run_after=None
[2024-05-12T00:37:43.690+0000] {processor.py:183} INFO - Processing /home/airflow/.local/lib/python3.12/site-packages/airflow/example_dags/tutorial_dag.py took 0.032 seconds
[2024-05-12T00:38:14.384+0000] {processor.py:161} INFO - Started process (PID=4717) to work on /home/airflow/.local/lib/python3.12/site-packages/airflow/example_dags/tutorial_dag.py
[2024-05-12T00:38:14.385+0000] {processor.py:830} INFO - Processing file /home/airflow/.local/lib/python3.12/site-packages/airflow/example_dags/tutorial_dag.py for tasks to queue
[2024-05-12T00:38:14.386+0000] {logging_mixin.py:188} INFO - [2024-05-12T00:38:14.386+0000] {dagbag.py:545} INFO - Filling up the DagBag from /home/airflow/.local/lib/python3.12/site-packages/airflow/example_dags/tutorial_dag.py
[2024-05-12T00:38:14.389+0000] {processor.py:840} INFO - DAG(s) 'tutorial_dag' retrieved from /home/airflow/.local/lib/python3.12/site-packages/airflow/example_dags/tutorial_dag.py
[2024-05-12T00:38:14.400+0000] {logging_mixin.py:188} INFO - [2024-05-12T00:38:14.399+0000] {dag.py:3096} INFO - Sync 1 DAGs
[2024-05-12T00:38:14.406+0000] {logging_mixin.py:188} INFO - [2024-05-12T00:38:14.405+0000] {dag.py:3954} INFO - Setting next_dagrun for tutorial_dag to None, run_after=None
[2024-05-12T00:38:14.415+0000] {processor.py:183} INFO - Processing /home/airflow/.local/lib/python3.12/site-packages/airflow/example_dags/tutorial_dag.py took 0.034 seconds
[2024-05-12T00:38:45.066+0000] {processor.py:161} INFO - Started process (PID=4979) to work on /home/airflow/.local/lib/python3.12/site-packages/airflow/example_dags/tutorial_dag.py
[2024-05-12T00:38:45.066+0000] {processor.py:830} INFO - Processing file /home/airflow/.local/lib/python3.12/site-packages/airflow/example_dags/tutorial_dag.py for tasks to queue
[2024-05-12T00:38:45.068+0000] {logging_mixin.py:188} INFO - [2024-05-12T00:38:45.067+0000] {dagbag.py:545} INFO - Filling up the DagBag from /home/airflow/.local/lib/python3.12/site-packages/airflow/example_dags/tutorial_dag.py
[2024-05-12T00:38:45.071+0000] {processor.py:840} INFO - DAG(s) 'tutorial_dag' retrieved from /home/airflow/.local/lib/python3.12/site-packages/airflow/example_dags/tutorial_dag.py
[2024-05-12T00:38:45.082+0000] {logging_mixin.py:188} INFO - [2024-05-12T00:38:45.082+0000] {dag.py:3096} INFO - Sync 1 DAGs
[2024-05-12T00:38:45.088+0000] {logging_mixin.py:188} INFO - [2024-05-12T00:38:45.088+0000] {dag.py:3954} INFO - Setting next_dagrun for tutorial_dag to None, run_after=None
[2024-05-12T00:38:45.098+0000] {processor.py:183} INFO - Processing /home/airflow/.local/lib/python3.12/site-packages/airflow/example_dags/tutorial_dag.py took 0.035 seconds
[2024-05-12T00:39:15.688+0000] {processor.py:161} INFO - Started process (PID=5240) to work on /home/airflow/.local/lib/python3.12/site-packages/airflow/example_dags/tutorial_dag.py
[2024-05-12T00:39:15.689+0000] {processor.py:830} INFO - Processing file /home/airflow/.local/lib/python3.12/site-packages/airflow/example_dags/tutorial_dag.py for tasks to queue
[2024-05-12T00:39:15.690+0000] {logging_mixin.py:188} INFO - [2024-05-12T00:39:15.690+0000] {dagbag.py:545} INFO - Filling up the DagBag from /home/airflow/.local/lib/python3.12/site-packages/airflow/example_dags/tutorial_dag.py
[2024-05-12T00:39:15.693+0000] {processor.py:840} INFO - DAG(s) 'tutorial_dag' retrieved from /home/airflow/.local/lib/python3.12/site-packages/airflow/example_dags/tutorial_dag.py
[2024-05-12T00:39:15.703+0000] {logging_mixin.py:188} INFO - [2024-05-12T00:39:15.703+0000] {dag.py:3096} INFO - Sync 1 DAGs
[2024-05-12T00:39:15.710+0000] {logging_mixin.py:188} INFO - [2024-05-12T00:39:15.710+0000] {dag.py:3954} INFO - Setting next_dagrun for tutorial_dag to None, run_after=None
[2024-05-12T00:39:15.720+0000] {processor.py:183} INFO - Processing /home/airflow/.local/lib/python3.12/site-packages/airflow/example_dags/tutorial_dag.py took 0.036 seconds
[2024-05-12T00:39:46.531+0000] {processor.py:161} INFO - Started process (PID=5501) to work on /home/airflow/.local/lib/python3.12/site-packages/airflow/example_dags/tutorial_dag.py
[2024-05-12T00:39:46.531+0000] {processor.py:830} INFO - Processing file /home/airflow/.local/lib/python3.12/site-packages/airflow/example_dags/tutorial_dag.py for tasks to queue
[2024-05-12T00:39:46.532+0000] {logging_mixin.py:188} INFO - [2024-05-12T00:39:46.532+0000] {dagbag.py:545} INFO - Filling up the DagBag from /home/airflow/.local/lib/python3.12/site-packages/airflow/example_dags/tutorial_dag.py
[2024-05-12T00:39:46.535+0000] {processor.py:840} INFO - DAG(s) 'tutorial_dag' retrieved from /home/airflow/.local/lib/python3.12/site-packages/airflow/example_dags/tutorial_dag.py
[2024-05-12T00:39:46.546+0000] {logging_mixin.py:188} INFO - [2024-05-12T00:39:46.546+0000] {dag.py:3096} INFO - Sync 1 DAGs
[2024-05-12T00:39:46.552+0000] {logging_mixin.py:188} INFO - [2024-05-12T00:39:46.552+0000] {dag.py:3954} INFO - Setting next_dagrun for tutorial_dag to None, run_after=None
[2024-05-12T00:39:46.561+0000] {processor.py:183} INFO - Processing /home/airflow/.local/lib/python3.12/site-packages/airflow/example_dags/tutorial_dag.py took 0.034 seconds
[2024-05-12T00:40:17.244+0000] {processor.py:161} INFO - Started process (PID=5763) to work on /home/airflow/.local/lib/python3.12/site-packages/airflow/example_dags/tutorial_dag.py
[2024-05-12T00:40:17.244+0000] {processor.py:830} INFO - Processing file /home/airflow/.local/lib/python3.12/site-packages/airflow/example_dags/tutorial_dag.py for tasks to queue
[2024-05-12T00:40:17.245+0000] {logging_mixin.py:188} INFO - [2024-05-12T00:40:17.245+0000] {dagbag.py:545} INFO - Filling up the DagBag from /home/airflow/.local/lib/python3.12/site-packages/airflow/example_dags/tutorial_dag.py
[2024-05-12T00:40:17.249+0000] {processor.py:840} INFO - DAG(s) 'tutorial_dag' retrieved from /home/airflow/.local/lib/python3.12/site-packages/airflow/example_dags/tutorial_dag.py
[2024-05-12T00:40:17.259+0000] {logging_mixin.py:188} INFO - [2024-05-12T00:40:17.259+0000] {dag.py:3096} INFO - Sync 1 DAGs
[2024-05-12T00:40:17.266+0000] {logging_mixin.py:188} INFO - [2024-05-12T00:40:17.266+0000] {dag.py:3954} INFO - Setting next_dagrun for tutorial_dag to None, run_after=None
[2024-05-12T00:40:17.276+0000] {processor.py:183} INFO - Processing /home/airflow/.local/lib/python3.12/site-packages/airflow/example_dags/tutorial_dag.py took 0.035 seconds
[2024-05-12T00:40:47.941+0000] {processor.py:161} INFO - Started process (PID=6025) to work on /home/airflow/.local/lib/python3.12/site-packages/airflow/example_dags/tutorial_dag.py
[2024-05-12T00:40:47.942+0000] {processor.py:830} INFO - Processing file /home/airflow/.local/lib/python3.12/site-packages/airflow/example_dags/tutorial_dag.py for tasks to queue
[2024-05-12T00:40:47.943+0000] {logging_mixin.py:188} INFO - [2024-05-12T00:40:47.942+0000] {dagbag.py:545} INFO - Filling up the DagBag from /home/airflow/.local/lib/python3.12/site-packages/airflow/example_dags/tutorial_dag.py
[2024-05-12T00:40:47.945+0000] {processor.py:840} INFO - DAG(s) 'tutorial_dag' retrieved from /home/airflow/.local/lib/python3.12/site-packages/airflow/example_dags/tutorial_dag.py
[2024-05-12T00:40:47.955+0000] {logging_mixin.py:188} INFO - [2024-05-12T00:40:47.955+0000] {dag.py:3096} INFO - Sync 1 DAGs
[2024-05-12T00:40:47.961+0000] {logging_mixin.py:188} INFO - [2024-05-12T00:40:47.961+0000] {dag.py:3954} INFO - Setting next_dagrun for tutorial_dag to None, run_after=None
[2024-05-12T00:40:47.970+0000] {processor.py:183} INFO - Processing /home/airflow/.local/lib/python3.12/site-packages/airflow/example_dags/tutorial_dag.py took 0.031 seconds
[2024-05-12T00:41:18.874+0000] {processor.py:161} INFO - Started process (PID=6287) to work on /home/airflow/.local/lib/python3.12/site-packages/airflow/example_dags/tutorial_dag.py
[2024-05-12T00:41:18.875+0000] {processor.py:830} INFO - Processing file /home/airflow/.local/lib/python3.12/site-packages/airflow/example_dags/tutorial_dag.py for tasks to queue
[2024-05-12T00:41:18.875+0000] {logging_mixin.py:188} INFO - [2024-05-12T00:41:18.875+0000] {dagbag.py:545} INFO - Filling up the DagBag from /home/airflow/.local/lib/python3.12/site-packages/airflow/example_dags/tutorial_dag.py
[2024-05-12T00:41:18.878+0000] {processor.py:840} INFO - DAG(s) 'tutorial_dag' retrieved from /home/airflow/.local/lib/python3.12/site-packages/airflow/example_dags/tutorial_dag.py
[2024-05-12T00:41:18.889+0000] {logging_mixin.py:188} INFO - [2024-05-12T00:41:18.889+0000] {dag.py:3096} INFO - Sync 1 DAGs
[2024-05-12T00:41:18.895+0000] {logging_mixin.py:188} INFO - [2024-05-12T00:41:18.895+0000] {dag.py:3954} INFO - Setting next_dagrun for tutorial_dag to None, run_after=None
[2024-05-12T00:41:18.905+0000] {processor.py:183} INFO - Processing /home/airflow/.local/lib/python3.12/site-packages/airflow/example_dags/tutorial_dag.py took 0.034 seconds
[2024-05-12T00:41:49.616+0000] {processor.py:161} INFO - Started process (PID=6549) to work on /home/airflow/.local/lib/python3.12/site-packages/airflow/example_dags/tutorial_dag.py
[2024-05-12T00:41:49.616+0000] {processor.py:830} INFO - Processing file /home/airflow/.local/lib/python3.12/site-packages/airflow/example_dags/tutorial_dag.py for tasks to queue
[2024-05-12T00:41:49.617+0000] {logging_mixin.py:188} INFO - [2024-05-12T00:41:49.617+0000] {dagbag.py:545} INFO - Filling up the DagBag from /home/airflow/.local/lib/python3.12/site-packages/airflow/example_dags/tutorial_dag.py
[2024-05-12T00:41:49.620+0000] {processor.py:840} INFO - DAG(s) 'tutorial_dag' retrieved from /home/airflow/.local/lib/python3.12/site-packages/airflow/example_dags/tutorial_dag.py
[2024-05-12T00:41:49.630+0000] {logging_mixin.py:188} INFO - [2024-05-12T00:41:49.630+0000] {dag.py:3096} INFO - Sync 1 DAGs
[2024-05-12T00:41:49.637+0000] {logging_mixin.py:188} INFO - [2024-05-12T00:41:49.637+0000] {dag.py:3954} INFO - Setting next_dagrun for tutorial_dag to None, run_after=None
[2024-05-12T00:41:49.645+0000] {processor.py:183} INFO - Processing /home/airflow/.local/lib/python3.12/site-packages/airflow/example_dags/tutorial_dag.py took 0.033 seconds
[2024-05-12T00:42:20.240+0000] {processor.py:161} INFO - Started process (PID=6811) to work on /home/airflow/.local/lib/python3.12/site-packages/airflow/example_dags/tutorial_dag.py
[2024-05-12T00:42:20.240+0000] {processor.py:830} INFO - Processing file /home/airflow/.local/lib/python3.12/site-packages/airflow/example_dags/tutorial_dag.py for tasks to queue
[2024-05-12T00:42:20.241+0000] {logging_mixin.py:188} INFO - [2024-05-12T00:42:20.241+0000] {dagbag.py:545} INFO - Filling up the DagBag from /home/airflow/.local/lib/python3.12/site-packages/airflow/example_dags/tutorial_dag.py
[2024-05-12T00:42:20.244+0000] {processor.py:840} INFO - DAG(s) 'tutorial_dag' retrieved from /home/airflow/.local/lib/python3.12/site-packages/airflow/example_dags/tutorial_dag.py
[2024-05-12T00:42:20.254+0000] {logging_mixin.py:188} INFO - [2024-05-12T00:42:20.254+0000] {dag.py:3096} INFO - Sync 1 DAGs
[2024-05-12T00:42:20.260+0000] {logging_mixin.py:188} INFO - [2024-05-12T00:42:20.260+0000] {dag.py:3954} INFO - Setting next_dagrun for tutorial_dag to None, run_after=None
[2024-05-12T00:42:20.269+0000] {processor.py:183} INFO - Processing /home/airflow/.local/lib/python3.12/site-packages/airflow/example_dags/tutorial_dag.py took 0.032 seconds
[2024-05-12T00:42:51.010+0000] {processor.py:161} INFO - Started process (PID=7073) to work on /home/airflow/.local/lib/python3.12/site-packages/airflow/example_dags/tutorial_dag.py
[2024-05-12T00:42:51.011+0000] {processor.py:830} INFO - Processing file /home/airflow/.local/lib/python3.12/site-packages/airflow/example_dags/tutorial_dag.py for tasks to queue
[2024-05-12T00:42:51.012+0000] {logging_mixin.py:188} INFO - [2024-05-12T00:42:51.012+0000] {dagbag.py:545} INFO - Filling up the DagBag from /home/airflow/.local/lib/python3.12/site-packages/airflow/example_dags/tutorial_dag.py
[2024-05-12T00:42:51.015+0000] {processor.py:840} INFO - DAG(s) 'tutorial_dag' retrieved from /home/airflow/.local/lib/python3.12/site-packages/airflow/example_dags/tutorial_dag.py
[2024-05-12T00:42:51.025+0000] {logging_mixin.py:188} INFO - [2024-05-12T00:42:51.024+0000] {dag.py:3096} INFO - Sync 1 DAGs
[2024-05-12T00:42:51.031+0000] {logging_mixin.py:188} INFO - [2024-05-12T00:42:51.031+0000] {dag.py:3954} INFO - Setting next_dagrun for tutorial_dag to None, run_after=None
[2024-05-12T00:42:51.039+0000] {processor.py:183} INFO - Processing /home/airflow/.local/lib/python3.12/site-packages/airflow/example_dags/tutorial_dag.py took 0.032 seconds
[2024-05-12T00:43:21.779+0000] {processor.py:161} INFO - Started process (PID=7335) to work on /home/airflow/.local/lib/python3.12/site-packages/airflow/example_dags/tutorial_dag.py
[2024-05-12T00:43:21.779+0000] {processor.py:830} INFO - Processing file /home/airflow/.local/lib/python3.12/site-packages/airflow/example_dags/tutorial_dag.py for tasks to queue
[2024-05-12T00:43:21.780+0000] {logging_mixin.py:188} INFO - [2024-05-12T00:43:21.780+0000] {dagbag.py:545} INFO - Filling up the DagBag from /home/airflow/.local/lib/python3.12/site-packages/airflow/example_dags/tutorial_dag.py
[2024-05-12T00:43:21.783+0000] {processor.py:840} INFO - DAG(s) 'tutorial_dag' retrieved from /home/airflow/.local/lib/python3.12/site-packages/airflow/example_dags/tutorial_dag.py
[2024-05-12T00:43:21.794+0000] {logging_mixin.py:188} INFO - [2024-05-12T00:43:21.794+0000] {dag.py:3096} INFO - Sync 1 DAGs
[2024-05-12T00:43:21.800+0000] {logging_mixin.py:188} INFO - [2024-05-12T00:43:21.800+0000] {dag.py:3954} INFO - Setting next_dagrun for tutorial_dag to None, run_after=None
[2024-05-12T00:43:21.810+0000] {processor.py:183} INFO - Processing /home/airflow/.local/lib/python3.12/site-packages/airflow/example_dags/tutorial_dag.py took 0.034 seconds
[2024-05-12T00:43:52.534+0000] {processor.py:161} INFO - Started process (PID=7597) to work on /home/airflow/.local/lib/python3.12/site-packages/airflow/example_dags/tutorial_dag.py
[2024-05-12T00:43:52.535+0000] {processor.py:830} INFO - Processing file /home/airflow/.local/lib/python3.12/site-packages/airflow/example_dags/tutorial_dag.py for tasks to queue
[2024-05-12T00:43:52.536+0000] {logging_mixin.py:188} INFO - [2024-05-12T00:43:52.536+0000] {dagbag.py:545} INFO - Filling up the DagBag from /home/airflow/.local/lib/python3.12/site-packages/airflow/example_dags/tutorial_dag.py
[2024-05-12T00:43:52.539+0000] {processor.py:840} INFO - DAG(s) 'tutorial_dag' retrieved from /home/airflow/.local/lib/python3.12/site-packages/airflow/example_dags/tutorial_dag.py
[2024-05-12T00:43:52.549+0000] {logging_mixin.py:188} INFO - [2024-05-12T00:43:52.549+0000] {dag.py:3096} INFO - Sync 1 DAGs
[2024-05-12T00:43:52.554+0000] {logging_mixin.py:188} INFO - [2024-05-12T00:43:52.554+0000] {dag.py:3954} INFO - Setting next_dagrun for tutorial_dag to None, run_after=None
[2024-05-12T00:43:52.565+0000] {processor.py:183} INFO - Processing /home/airflow/.local/lib/python3.12/site-packages/airflow/example_dags/tutorial_dag.py took 0.034 seconds
[2024-05-12T00:44:23.256+0000] {processor.py:161} INFO - Started process (PID=7858) to work on /home/airflow/.local/lib/python3.12/site-packages/airflow/example_dags/tutorial_dag.py
[2024-05-12T00:44:23.256+0000] {processor.py:830} INFO - Processing file /home/airflow/.local/lib/python3.12/site-packages/airflow/example_dags/tutorial_dag.py for tasks to queue
[2024-05-12T00:44:23.257+0000] {logging_mixin.py:188} INFO - [2024-05-12T00:44:23.257+0000] {dagbag.py:545} INFO - Filling up the DagBag from /home/airflow/.local/lib/python3.12/site-packages/airflow/example_dags/tutorial_dag.py
[2024-05-12T00:44:23.260+0000] {processor.py:840} INFO - DAG(s) 'tutorial_dag' retrieved from /home/airflow/.local/lib/python3.12/site-packages/airflow/example_dags/tutorial_dag.py
[2024-05-12T00:44:23.271+0000] {logging_mixin.py:188} INFO - [2024-05-12T00:44:23.270+0000] {dag.py:3096} INFO - Sync 1 DAGs
[2024-05-12T00:44:23.277+0000] {logging_mixin.py:188} INFO - [2024-05-12T00:44:23.276+0000] {dag.py:3954} INFO - Setting next_dagrun for tutorial_dag to None, run_after=None
[2024-05-12T00:44:23.286+0000] {processor.py:183} INFO - Processing /home/airflow/.local/lib/python3.12/site-packages/airflow/example_dags/tutorial_dag.py took 0.033 seconds
[2024-05-12T00:44:54.068+0000] {processor.py:161} INFO - Started process (PID=8120) to work on /home/airflow/.local/lib/python3.12/site-packages/airflow/example_dags/tutorial_dag.py
[2024-05-12T00:44:54.069+0000] {processor.py:830} INFO - Processing file /home/airflow/.local/lib/python3.12/site-packages/airflow/example_dags/tutorial_dag.py for tasks to queue
[2024-05-12T00:44:54.070+0000] {logging_mixin.py:188} INFO - [2024-05-12T00:44:54.070+0000] {dagbag.py:545} INFO - Filling up the DagBag from /home/airflow/.local/lib/python3.12/site-packages/airflow/example_dags/tutorial_dag.py
[2024-05-12T00:44:54.074+0000] {processor.py:840} INFO - DAG(s) 'tutorial_dag' retrieved from /home/airflow/.local/lib/python3.12/site-packages/airflow/example_dags/tutorial_dag.py
[2024-05-12T00:44:54.086+0000] {logging_mixin.py:188} INFO - [2024-05-12T00:44:54.085+0000] {dag.py:3096} INFO - Sync 1 DAGs
[2024-05-12T00:44:54.093+0000] {logging_mixin.py:188} INFO - [2024-05-12T00:44:54.093+0000] {dag.py:3954} INFO - Setting next_dagrun for tutorial_dag to None, run_after=None
[2024-05-12T00:44:54.104+0000] {processor.py:183} INFO - Processing /home/airflow/.local/lib/python3.12/site-packages/airflow/example_dags/tutorial_dag.py took 0.039 seconds
[2024-05-12T00:45:24.771+0000] {processor.py:161} INFO - Started process (PID=8381) to work on /home/airflow/.local/lib/python3.12/site-packages/airflow/example_dags/tutorial_dag.py
[2024-05-12T00:45:24.771+0000] {processor.py:830} INFO - Processing file /home/airflow/.local/lib/python3.12/site-packages/airflow/example_dags/tutorial_dag.py for tasks to queue
[2024-05-12T00:45:24.772+0000] {logging_mixin.py:188} INFO - [2024-05-12T00:45:24.772+0000] {dagbag.py:545} INFO - Filling up the DagBag from /home/airflow/.local/lib/python3.12/site-packages/airflow/example_dags/tutorial_dag.py
[2024-05-12T00:45:24.775+0000] {processor.py:840} INFO - DAG(s) 'tutorial_dag' retrieved from /home/airflow/.local/lib/python3.12/site-packages/airflow/example_dags/tutorial_dag.py
[2024-05-12T00:45:24.786+0000] {logging_mixin.py:188} INFO - [2024-05-12T00:45:24.786+0000] {dag.py:3096} INFO - Sync 1 DAGs
[2024-05-12T00:45:24.792+0000] {logging_mixin.py:188} INFO - [2024-05-12T00:45:24.792+0000] {dag.py:3954} INFO - Setting next_dagrun for tutorial_dag to None, run_after=None
[2024-05-12T00:45:24.801+0000] {processor.py:183} INFO - Processing /home/airflow/.local/lib/python3.12/site-packages/airflow/example_dags/tutorial_dag.py took 0.034 seconds
[2024-05-12T00:45:55.475+0000] {processor.py:161} INFO - Started process (PID=8643) to work on /home/airflow/.local/lib/python3.12/site-packages/airflow/example_dags/tutorial_dag.py
[2024-05-12T00:45:55.476+0000] {processor.py:830} INFO - Processing file /home/airflow/.local/lib/python3.12/site-packages/airflow/example_dags/tutorial_dag.py for tasks to queue
[2024-05-12T00:45:55.477+0000] {logging_mixin.py:188} INFO - [2024-05-12T00:45:55.477+0000] {dagbag.py:545} INFO - Filling up the DagBag from /home/airflow/.local/lib/python3.12/site-packages/airflow/example_dags/tutorial_dag.py
[2024-05-12T00:45:55.480+0000] {processor.py:840} INFO - DAG(s) 'tutorial_dag' retrieved from /home/airflow/.local/lib/python3.12/site-packages/airflow/example_dags/tutorial_dag.py
[2024-05-12T00:45:55.491+0000] {logging_mixin.py:188} INFO - [2024-05-12T00:45:55.491+0000] {dag.py:3096} INFO - Sync 1 DAGs
[2024-05-12T00:45:55.497+0000] {logging_mixin.py:188} INFO - [2024-05-12T00:45:55.497+0000] {dag.py:3954} INFO - Setting next_dagrun for tutorial_dag to None, run_after=None
[2024-05-12T00:45:55.507+0000] {processor.py:183} INFO - Processing /home/airflow/.local/lib/python3.12/site-packages/airflow/example_dags/tutorial_dag.py took 0.034 seconds
[2024-05-12T00:46:26.313+0000] {processor.py:161} INFO - Started process (PID=8905) to work on /home/airflow/.local/lib/python3.12/site-packages/airflow/example_dags/tutorial_dag.py
[2024-05-12T00:46:26.314+0000] {processor.py:830} INFO - Processing file /home/airflow/.local/lib/python3.12/site-packages/airflow/example_dags/tutorial_dag.py for tasks to queue
[2024-05-12T00:46:26.315+0000] {logging_mixin.py:188} INFO - [2024-05-12T00:46:26.314+0000] {dagbag.py:545} INFO - Filling up the DagBag from /home/airflow/.local/lib/python3.12/site-packages/airflow/example_dags/tutorial_dag.py
[2024-05-12T00:46:26.317+0000] {processor.py:840} INFO - DAG(s) 'tutorial_dag' retrieved from /home/airflow/.local/lib/python3.12/site-packages/airflow/example_dags/tutorial_dag.py
[2024-05-12T00:46:26.328+0000] {logging_mixin.py:188} INFO - [2024-05-12T00:46:26.328+0000] {dag.py:3096} INFO - Sync 1 DAGs
[2024-05-12T00:46:26.335+0000] {logging_mixin.py:188} INFO - [2024-05-12T00:46:26.334+0000] {dag.py:3954} INFO - Setting next_dagrun for tutorial_dag to None, run_after=None
[2024-05-12T00:46:26.344+0000] {processor.py:183} INFO - Processing /home/airflow/.local/lib/python3.12/site-packages/airflow/example_dags/tutorial_dag.py took 0.034 seconds
[2024-05-12T00:46:57.127+0000] {processor.py:161} INFO - Started process (PID=9169) to work on /home/airflow/.local/lib/python3.12/site-packages/airflow/example_dags/tutorial_dag.py
[2024-05-12T00:46:57.127+0000] {processor.py:830} INFO - Processing file /home/airflow/.local/lib/python3.12/site-packages/airflow/example_dags/tutorial_dag.py for tasks to queue
[2024-05-12T00:46:57.128+0000] {logging_mixin.py:188} INFO - [2024-05-12T00:46:57.128+0000] {dagbag.py:545} INFO - Filling up the DagBag from /home/airflow/.local/lib/python3.12/site-packages/airflow/example_dags/tutorial_dag.py
[2024-05-12T00:46:57.131+0000] {processor.py:840} INFO - DAG(s) 'tutorial_dag' retrieved from /home/airflow/.local/lib/python3.12/site-packages/airflow/example_dags/tutorial_dag.py
[2024-05-12T00:46:57.142+0000] {logging_mixin.py:188} INFO - [2024-05-12T00:46:57.141+0000] {dag.py:3096} INFO - Sync 1 DAGs
[2024-05-12T00:46:57.147+0000] {logging_mixin.py:188} INFO - [2024-05-12T00:46:57.147+0000] {dag.py:3954} INFO - Setting next_dagrun for tutorial_dag to None, run_after=None
[2024-05-12T00:46:57.155+0000] {processor.py:183} INFO - Processing /home/airflow/.local/lib/python3.12/site-packages/airflow/example_dags/tutorial_dag.py took 0.031 seconds
[2024-05-12T00:47:28.039+0000] {processor.py:161} INFO - Started process (PID=9428) to work on /home/airflow/.local/lib/python3.12/site-packages/airflow/example_dags/tutorial_dag.py
[2024-05-12T00:47:28.039+0000] {processor.py:830} INFO - Processing file /home/airflow/.local/lib/python3.12/site-packages/airflow/example_dags/tutorial_dag.py for tasks to queue
[2024-05-12T00:47:28.040+0000] {logging_mixin.py:188} INFO - [2024-05-12T00:47:28.040+0000] {dagbag.py:545} INFO - Filling up the DagBag from /home/airflow/.local/lib/python3.12/site-packages/airflow/example_dags/tutorial_dag.py
[2024-05-12T00:47:28.043+0000] {processor.py:840} INFO - DAG(s) 'tutorial_dag' retrieved from /home/airflow/.local/lib/python3.12/site-packages/airflow/example_dags/tutorial_dag.py
[2024-05-12T00:47:28.053+0000] {logging_mixin.py:188} INFO - [2024-05-12T00:47:28.053+0000] {dag.py:3096} INFO - Sync 1 DAGs
[2024-05-12T00:47:28.059+0000] {logging_mixin.py:188} INFO - [2024-05-12T00:47:28.059+0000] {dag.py:3954} INFO - Setting next_dagrun for tutorial_dag to None, run_after=None
[2024-05-12T00:47:28.068+0000] {processor.py:183} INFO - Processing /home/airflow/.local/lib/python3.12/site-packages/airflow/example_dags/tutorial_dag.py took 0.032 seconds
[2024-05-12T00:47:58.891+0000] {processor.py:161} INFO - Started process (PID=9690) to work on /home/airflow/.local/lib/python3.12/site-packages/airflow/example_dags/tutorial_dag.py
[2024-05-12T00:47:58.892+0000] {processor.py:830} INFO - Processing file /home/airflow/.local/lib/python3.12/site-packages/airflow/example_dags/tutorial_dag.py for tasks to queue
[2024-05-12T00:47:58.893+0000] {logging_mixin.py:188} INFO - [2024-05-12T00:47:58.893+0000] {dagbag.py:545} INFO - Filling up the DagBag from /home/airflow/.local/lib/python3.12/site-packages/airflow/example_dags/tutorial_dag.py
[2024-05-12T00:47:58.896+0000] {processor.py:840} INFO - DAG(s) 'tutorial_dag' retrieved from /home/airflow/.local/lib/python3.12/site-packages/airflow/example_dags/tutorial_dag.py
[2024-05-12T00:47:58.906+0000] {logging_mixin.py:188} INFO - [2024-05-12T00:47:58.905+0000] {dag.py:3096} INFO - Sync 1 DAGs
[2024-05-12T00:47:58.911+0000] {logging_mixin.py:188} INFO - [2024-05-12T00:47:58.911+0000] {dag.py:3954} INFO - Setting next_dagrun for tutorial_dag to None, run_after=None
[2024-05-12T00:47:58.919+0000] {processor.py:183} INFO - Processing /home/airflow/.local/lib/python3.12/site-packages/airflow/example_dags/tutorial_dag.py took 0.031 seconds
[2024-05-12T00:48:29.701+0000] {processor.py:161} INFO - Started process (PID=9952) to work on /home/airflow/.local/lib/python3.12/site-packages/airflow/example_dags/tutorial_dag.py
[2024-05-12T00:48:29.702+0000] {processor.py:830} INFO - Processing file /home/airflow/.local/lib/python3.12/site-packages/airflow/example_dags/tutorial_dag.py for tasks to queue
[2024-05-12T00:48:29.703+0000] {logging_mixin.py:188} INFO - [2024-05-12T00:48:29.703+0000] {dagbag.py:545} INFO - Filling up the DagBag from /home/airflow/.local/lib/python3.12/site-packages/airflow/example_dags/tutorial_dag.py
[2024-05-12T00:48:29.706+0000] {processor.py:840} INFO - DAG(s) 'tutorial_dag' retrieved from /home/airflow/.local/lib/python3.12/site-packages/airflow/example_dags/tutorial_dag.py
[2024-05-12T00:48:29.716+0000] {logging_mixin.py:188} INFO - [2024-05-12T00:48:29.716+0000] {dag.py:3096} INFO - Sync 1 DAGs
[2024-05-12T00:48:29.722+0000] {logging_mixin.py:188} INFO - [2024-05-12T00:48:29.722+0000] {dag.py:3954} INFO - Setting next_dagrun for tutorial_dag to None, run_after=None
[2024-05-12T00:48:29.731+0000] {processor.py:183} INFO - Processing /home/airflow/.local/lib/python3.12/site-packages/airflow/example_dags/tutorial_dag.py took 0.032 seconds
[2024-05-12T00:48:59.872+0000] {processor.py:161} INFO - Started process (PID=10214) to work on /home/airflow/.local/lib/python3.12/site-packages/airflow/example_dags/tutorial_dag.py
[2024-05-12T00:48:59.872+0000] {processor.py:830} INFO - Processing file /home/airflow/.local/lib/python3.12/site-packages/airflow/example_dags/tutorial_dag.py for tasks to queue
[2024-05-12T00:48:59.873+0000] {logging_mixin.py:188} INFO - [2024-05-12T00:48:59.873+0000] {dagbag.py:545} INFO - Filling up the DagBag from /home/airflow/.local/lib/python3.12/site-packages/airflow/example_dags/tutorial_dag.py
[2024-05-12T00:48:59.876+0000] {processor.py:840} INFO - DAG(s) 'tutorial_dag' retrieved from /home/airflow/.local/lib/python3.12/site-packages/airflow/example_dags/tutorial_dag.py
[2024-05-12T00:48:59.886+0000] {logging_mixin.py:188} INFO - [2024-05-12T00:48:59.886+0000] {dag.py:3096} INFO - Sync 1 DAGs
[2024-05-12T00:48:59.892+0000] {logging_mixin.py:188} INFO - [2024-05-12T00:48:59.892+0000] {dag.py:3954} INFO - Setting next_dagrun for tutorial_dag to None, run_after=None
[2024-05-12T00:48:59.902+0000] {processor.py:183} INFO - Processing /home/airflow/.local/lib/python3.12/site-packages/airflow/example_dags/tutorial_dag.py took 0.033 seconds
[2024-05-12T01:06:45.617+0000] {processor.py:161} INFO - Started process (PID=10476) to work on /home/airflow/.local/lib/python3.12/site-packages/airflow/example_dags/tutorial_dag.py
[2024-05-12T01:06:45.617+0000] {processor.py:830} INFO - Processing file /home/airflow/.local/lib/python3.12/site-packages/airflow/example_dags/tutorial_dag.py for tasks to queue
[2024-05-12T01:06:45.618+0000] {logging_mixin.py:188} INFO - [2024-05-12T01:06:45.618+0000] {dagbag.py:545} INFO - Filling up the DagBag from /home/airflow/.local/lib/python3.12/site-packages/airflow/example_dags/tutorial_dag.py
[2024-05-12T01:06:45.621+0000] {processor.py:840} INFO - DAG(s) 'tutorial_dag' retrieved from /home/airflow/.local/lib/python3.12/site-packages/airflow/example_dags/tutorial_dag.py
[2024-05-12T01:06:45.631+0000] {logging_mixin.py:188} INFO - [2024-05-12T01:06:45.631+0000] {dag.py:3096} INFO - Sync 1 DAGs
[2024-05-12T01:06:45.637+0000] {logging_mixin.py:188} INFO - [2024-05-12T01:06:45.637+0000] {dag.py:3954} INFO - Setting next_dagrun for tutorial_dag to None, run_after=None
[2024-05-12T01:06:45.646+0000] {processor.py:183} INFO - Processing /home/airflow/.local/lib/python3.12/site-packages/airflow/example_dags/tutorial_dag.py took 0.032 seconds
[2024-05-12T01:10:17.644+0000] {processor.py:161} INFO - Started process (PID=10737) to work on /home/airflow/.local/lib/python3.12/site-packages/airflow/example_dags/tutorial_dag.py
[2024-05-12T01:10:17.645+0000] {processor.py:830} INFO - Processing file /home/airflow/.local/lib/python3.12/site-packages/airflow/example_dags/tutorial_dag.py for tasks to queue
[2024-05-12T01:10:17.646+0000] {logging_mixin.py:188} INFO - [2024-05-12T01:10:17.645+0000] {dagbag.py:545} INFO - Filling up the DagBag from /home/airflow/.local/lib/python3.12/site-packages/airflow/example_dags/tutorial_dag.py
[2024-05-12T01:10:17.649+0000] {processor.py:840} INFO - DAG(s) 'tutorial_dag' retrieved from /home/airflow/.local/lib/python3.12/site-packages/airflow/example_dags/tutorial_dag.py
[2024-05-12T01:10:17.659+0000] {logging_mixin.py:188} INFO - [2024-05-12T01:10:17.659+0000] {dag.py:3096} INFO - Sync 1 DAGs
[2024-05-12T01:10:17.665+0000] {logging_mixin.py:188} INFO - [2024-05-12T01:10:17.665+0000] {dag.py:3954} INFO - Setting next_dagrun for tutorial_dag to None, run_after=None
[2024-05-12T01:10:17.675+0000] {processor.py:183} INFO - Processing /home/airflow/.local/lib/python3.12/site-packages/airflow/example_dags/tutorial_dag.py took 0.034 seconds
[2024-05-12T01:10:48.431+0000] {processor.py:161} INFO - Started process (PID=10999) to work on /home/airflow/.local/lib/python3.12/site-packages/airflow/example_dags/tutorial_dag.py
[2024-05-12T01:10:48.432+0000] {processor.py:830} INFO - Processing file /home/airflow/.local/lib/python3.12/site-packages/airflow/example_dags/tutorial_dag.py for tasks to queue
[2024-05-12T01:10:48.433+0000] {logging_mixin.py:188} INFO - [2024-05-12T01:10:48.433+0000] {dagbag.py:545} INFO - Filling up the DagBag from /home/airflow/.local/lib/python3.12/site-packages/airflow/example_dags/tutorial_dag.py
[2024-05-12T01:10:48.436+0000] {processor.py:840} INFO - DAG(s) 'tutorial_dag' retrieved from /home/airflow/.local/lib/python3.12/site-packages/airflow/example_dags/tutorial_dag.py
[2024-05-12T01:10:48.447+0000] {logging_mixin.py:188} INFO - [2024-05-12T01:10:48.446+0000] {dag.py:3096} INFO - Sync 1 DAGs
[2024-05-12T01:10:48.539+0000] {logging_mixin.py:188} INFO - [2024-05-12T01:10:48.539+0000] {dag.py:3954} INFO - Setting next_dagrun for tutorial_dag to None, run_after=None
[2024-05-12T01:10:48.548+0000] {processor.py:183} INFO - Processing /home/airflow/.local/lib/python3.12/site-packages/airflow/example_dags/tutorial_dag.py took 0.121 seconds
[2024-05-12T01:11:18.864+0000] {processor.py:161} INFO - Started process (PID=11261) to work on /home/airflow/.local/lib/python3.12/site-packages/airflow/example_dags/tutorial_dag.py
[2024-05-12T01:11:18.864+0000] {processor.py:830} INFO - Processing file /home/airflow/.local/lib/python3.12/site-packages/airflow/example_dags/tutorial_dag.py for tasks to queue
[2024-05-12T01:11:18.866+0000] {logging_mixin.py:188} INFO - [2024-05-12T01:11:18.865+0000] {dagbag.py:545} INFO - Filling up the DagBag from /home/airflow/.local/lib/python3.12/site-packages/airflow/example_dags/tutorial_dag.py
[2024-05-12T01:11:18.868+0000] {processor.py:840} INFO - DAG(s) 'tutorial_dag' retrieved from /home/airflow/.local/lib/python3.12/site-packages/airflow/example_dags/tutorial_dag.py
[2024-05-12T01:11:18.879+0000] {logging_mixin.py:188} INFO - [2024-05-12T01:11:18.878+0000] {dag.py:3096} INFO - Sync 1 DAGs
[2024-05-12T01:11:18.885+0000] {logging_mixin.py:188} INFO - [2024-05-12T01:11:18.884+0000] {dag.py:3954} INFO - Setting next_dagrun for tutorial_dag to None, run_after=None
[2024-05-12T01:11:18.977+0000] {processor.py:183} INFO - Processing /home/airflow/.local/lib/python3.12/site-packages/airflow/example_dags/tutorial_dag.py took 0.116 seconds
[2024-05-12T01:11:48.995+0000] {processor.py:161} INFO - Started process (PID=11523) to work on /home/airflow/.local/lib/python3.12/site-packages/airflow/example_dags/tutorial_dag.py
[2024-05-12T01:11:48.996+0000] {processor.py:830} INFO - Processing file /home/airflow/.local/lib/python3.12/site-packages/airflow/example_dags/tutorial_dag.py for tasks to queue
[2024-05-12T01:11:48.997+0000] {logging_mixin.py:188} INFO - [2024-05-12T01:11:48.997+0000] {dagbag.py:545} INFO - Filling up the DagBag from /home/airflow/.local/lib/python3.12/site-packages/airflow/example_dags/tutorial_dag.py
[2024-05-12T01:11:49.000+0000] {processor.py:840} INFO - DAG(s) 'tutorial_dag' retrieved from /home/airflow/.local/lib/python3.12/site-packages/airflow/example_dags/tutorial_dag.py
[2024-05-12T01:11:49.011+0000] {logging_mixin.py:188} INFO - [2024-05-12T01:11:49.011+0000] {dag.py:3096} INFO - Sync 1 DAGs
[2024-05-12T01:11:49.017+0000] {logging_mixin.py:188} INFO - [2024-05-12T01:11:49.017+0000] {dag.py:3954} INFO - Setting next_dagrun for tutorial_dag to None, run_after=None
[2024-05-12T01:11:49.027+0000] {processor.py:183} INFO - Processing /home/airflow/.local/lib/python3.12/site-packages/airflow/example_dags/tutorial_dag.py took 0.035 seconds
[2024-05-12T01:12:19.918+0000] {processor.py:161} INFO - Started process (PID=11785) to work on /home/airflow/.local/lib/python3.12/site-packages/airflow/example_dags/tutorial_dag.py
[2024-05-12T01:12:19.919+0000] {processor.py:830} INFO - Processing file /home/airflow/.local/lib/python3.12/site-packages/airflow/example_dags/tutorial_dag.py for tasks to queue
[2024-05-12T01:12:19.920+0000] {logging_mixin.py:188} INFO - [2024-05-12T01:12:19.920+0000] {dagbag.py:545} INFO - Filling up the DagBag from /home/airflow/.local/lib/python3.12/site-packages/airflow/example_dags/tutorial_dag.py
[2024-05-12T01:12:19.922+0000] {processor.py:840} INFO - DAG(s) 'tutorial_dag' retrieved from /home/airflow/.local/lib/python3.12/site-packages/airflow/example_dags/tutorial_dag.py
[2024-05-12T01:12:19.933+0000] {logging_mixin.py:188} INFO - [2024-05-12T01:12:19.932+0000] {dag.py:3096} INFO - Sync 1 DAGs
[2024-05-12T01:12:19.940+0000] {logging_mixin.py:188} INFO - [2024-05-12T01:12:19.940+0000] {dag.py:3954} INFO - Setting next_dagrun for tutorial_dag to None, run_after=None
[2024-05-12T01:12:19.949+0000] {processor.py:183} INFO - Processing /home/airflow/.local/lib/python3.12/site-packages/airflow/example_dags/tutorial_dag.py took 0.034 seconds
[2024-05-12T01:12:50.826+0000] {processor.py:161} INFO - Started process (PID=12047) to work on /home/airflow/.local/lib/python3.12/site-packages/airflow/example_dags/tutorial_dag.py
[2024-05-12T01:12:50.827+0000] {processor.py:830} INFO - Processing file /home/airflow/.local/lib/python3.12/site-packages/airflow/example_dags/tutorial_dag.py for tasks to queue
[2024-05-12T01:12:50.828+0000] {logging_mixin.py:188} INFO - [2024-05-12T01:12:50.828+0000] {dagbag.py:545} INFO - Filling up the DagBag from /home/airflow/.local/lib/python3.12/site-packages/airflow/example_dags/tutorial_dag.py
[2024-05-12T01:12:50.831+0000] {processor.py:840} INFO - DAG(s) 'tutorial_dag' retrieved from /home/airflow/.local/lib/python3.12/site-packages/airflow/example_dags/tutorial_dag.py
[2024-05-12T01:12:50.842+0000] {logging_mixin.py:188} INFO - [2024-05-12T01:12:50.841+0000] {dag.py:3096} INFO - Sync 1 DAGs
[2024-05-12T01:12:50.848+0000] {logging_mixin.py:188} INFO - [2024-05-12T01:12:50.848+0000] {dag.py:3954} INFO - Setting next_dagrun for tutorial_dag to None, run_after=None
[2024-05-12T01:12:50.858+0000] {processor.py:183} INFO - Processing /home/airflow/.local/lib/python3.12/site-packages/airflow/example_dags/tutorial_dag.py took 0.035 seconds
[2024-05-12T01:13:21.708+0000] {processor.py:161} INFO - Started process (PID=12308) to work on /home/airflow/.local/lib/python3.12/site-packages/airflow/example_dags/tutorial_dag.py
[2024-05-12T01:13:21.709+0000] {processor.py:830} INFO - Processing file /home/airflow/.local/lib/python3.12/site-packages/airflow/example_dags/tutorial_dag.py for tasks to queue
[2024-05-12T01:13:21.710+0000] {logging_mixin.py:188} INFO - [2024-05-12T01:13:21.710+0000] {dagbag.py:545} INFO - Filling up the DagBag from /home/airflow/.local/lib/python3.12/site-packages/airflow/example_dags/tutorial_dag.py
[2024-05-12T01:13:21.713+0000] {processor.py:840} INFO - DAG(s) 'tutorial_dag' retrieved from /home/airflow/.local/lib/python3.12/site-packages/airflow/example_dags/tutorial_dag.py
[2024-05-12T01:13:21.723+0000] {logging_mixin.py:188} INFO - [2024-05-12T01:13:21.723+0000] {dag.py:3096} INFO - Sync 1 DAGs
[2024-05-12T01:13:21.730+0000] {logging_mixin.py:188} INFO - [2024-05-12T01:13:21.730+0000] {dag.py:3954} INFO - Setting next_dagrun for tutorial_dag to None, run_after=None
[2024-05-12T01:13:21.739+0000] {processor.py:183} INFO - Processing /home/airflow/.local/lib/python3.12/site-packages/airflow/example_dags/tutorial_dag.py took 0.034 seconds
[2024-05-12T01:13:52.636+0000] {processor.py:161} INFO - Started process (PID=12570) to work on /home/airflow/.local/lib/python3.12/site-packages/airflow/example_dags/tutorial_dag.py
[2024-05-12T01:13:52.636+0000] {processor.py:830} INFO - Processing file /home/airflow/.local/lib/python3.12/site-packages/airflow/example_dags/tutorial_dag.py for tasks to queue
[2024-05-12T01:13:52.638+0000] {logging_mixin.py:188} INFO - [2024-05-12T01:13:52.637+0000] {dagbag.py:545} INFO - Filling up the DagBag from /home/airflow/.local/lib/python3.12/site-packages/airflow/example_dags/tutorial_dag.py
[2024-05-12T01:13:52.640+0000] {processor.py:840} INFO - DAG(s) 'tutorial_dag' retrieved from /home/airflow/.local/lib/python3.12/site-packages/airflow/example_dags/tutorial_dag.py
[2024-05-12T01:13:52.651+0000] {logging_mixin.py:188} INFO - [2024-05-12T01:13:52.651+0000] {dag.py:3096} INFO - Sync 1 DAGs
[2024-05-12T01:13:52.657+0000] {logging_mixin.py:188} INFO - [2024-05-12T01:13:52.657+0000] {dag.py:3954} INFO - Setting next_dagrun for tutorial_dag to None, run_after=None
[2024-05-12T01:13:52.666+0000] {processor.py:183} INFO - Processing /home/airflow/.local/lib/python3.12/site-packages/airflow/example_dags/tutorial_dag.py took 0.034 seconds
[2024-05-12T01:14:23.588+0000] {processor.py:161} INFO - Started process (PID=12831) to work on /home/airflow/.local/lib/python3.12/site-packages/airflow/example_dags/tutorial_dag.py
[2024-05-12T01:14:23.589+0000] {processor.py:830} INFO - Processing file /home/airflow/.local/lib/python3.12/site-packages/airflow/example_dags/tutorial_dag.py for tasks to queue
[2024-05-12T01:14:23.590+0000] {logging_mixin.py:188} INFO - [2024-05-12T01:14:23.590+0000] {dagbag.py:545} INFO - Filling up the DagBag from /home/airflow/.local/lib/python3.12/site-packages/airflow/example_dags/tutorial_dag.py
[2024-05-12T01:14:23.592+0000] {processor.py:840} INFO - DAG(s) 'tutorial_dag' retrieved from /home/airflow/.local/lib/python3.12/site-packages/airflow/example_dags/tutorial_dag.py
[2024-05-12T01:14:23.603+0000] {logging_mixin.py:188} INFO - [2024-05-12T01:14:23.603+0000] {dag.py:3096} INFO - Sync 1 DAGs
[2024-05-12T01:14:23.610+0000] {logging_mixin.py:188} INFO - [2024-05-12T01:14:23.610+0000] {dag.py:3954} INFO - Setting next_dagrun for tutorial_dag to None, run_after=None
[2024-05-12T01:14:23.619+0000] {processor.py:183} INFO - Processing /home/airflow/.local/lib/python3.12/site-packages/airflow/example_dags/tutorial_dag.py took 0.034 seconds
[2024-05-12T01:14:54.469+0000] {processor.py:161} INFO - Started process (PID=13093) to work on /home/airflow/.local/lib/python3.12/site-packages/airflow/example_dags/tutorial_dag.py
[2024-05-12T01:14:54.469+0000] {processor.py:830} INFO - Processing file /home/airflow/.local/lib/python3.12/site-packages/airflow/example_dags/tutorial_dag.py for tasks to queue
[2024-05-12T01:14:54.470+0000] {logging_mixin.py:188} INFO - [2024-05-12T01:14:54.470+0000] {dagbag.py:545} INFO - Filling up the DagBag from /home/airflow/.local/lib/python3.12/site-packages/airflow/example_dags/tutorial_dag.py
[2024-05-12T01:14:54.473+0000] {processor.py:840} INFO - DAG(s) 'tutorial_dag' retrieved from /home/airflow/.local/lib/python3.12/site-packages/airflow/example_dags/tutorial_dag.py
[2024-05-12T01:14:54.484+0000] {logging_mixin.py:188} INFO - [2024-05-12T01:14:54.484+0000] {dag.py:3096} INFO - Sync 1 DAGs
[2024-05-12T01:14:54.490+0000] {logging_mixin.py:188} INFO - [2024-05-12T01:14:54.490+0000] {dag.py:3954} INFO - Setting next_dagrun for tutorial_dag to None, run_after=None
[2024-05-12T01:14:54.499+0000] {processor.py:183} INFO - Processing /home/airflow/.local/lib/python3.12/site-packages/airflow/example_dags/tutorial_dag.py took 0.034 seconds
[2024-05-12T01:15:25.468+0000] {processor.py:161} INFO - Started process (PID=13355) to work on /home/airflow/.local/lib/python3.12/site-packages/airflow/example_dags/tutorial_dag.py
[2024-05-12T01:15:25.468+0000] {processor.py:830} INFO - Processing file /home/airflow/.local/lib/python3.12/site-packages/airflow/example_dags/tutorial_dag.py for tasks to queue
[2024-05-12T01:15:25.469+0000] {logging_mixin.py:188} INFO - [2024-05-12T01:15:25.469+0000] {dagbag.py:545} INFO - Filling up the DagBag from /home/airflow/.local/lib/python3.12/site-packages/airflow/example_dags/tutorial_dag.py
[2024-05-12T01:15:25.473+0000] {processor.py:840} INFO - DAG(s) 'tutorial_dag' retrieved from /home/airflow/.local/lib/python3.12/site-packages/airflow/example_dags/tutorial_dag.py
[2024-05-12T01:15:25.483+0000] {logging_mixin.py:188} INFO - [2024-05-12T01:15:25.483+0000] {dag.py:3096} INFO - Sync 1 DAGs
[2024-05-12T01:15:25.490+0000] {logging_mixin.py:188} INFO - [2024-05-12T01:15:25.490+0000] {dag.py:3954} INFO - Setting next_dagrun for tutorial_dag to None, run_after=None
[2024-05-12T01:15:25.499+0000] {processor.py:183} INFO - Processing /home/airflow/.local/lib/python3.12/site-packages/airflow/example_dags/tutorial_dag.py took 0.034 seconds
[2024-05-12T01:15:56.382+0000] {processor.py:161} INFO - Started process (PID=13617) to work on /home/airflow/.local/lib/python3.12/site-packages/airflow/example_dags/tutorial_dag.py
[2024-05-12T01:15:56.383+0000] {processor.py:830} INFO - Processing file /home/airflow/.local/lib/python3.12/site-packages/airflow/example_dags/tutorial_dag.py for tasks to queue
[2024-05-12T01:15:56.384+0000] {logging_mixin.py:188} INFO - [2024-05-12T01:15:56.384+0000] {dagbag.py:545} INFO - Filling up the DagBag from /home/airflow/.local/lib/python3.12/site-packages/airflow/example_dags/tutorial_dag.py
[2024-05-12T01:15:56.387+0000] {processor.py:840} INFO - DAG(s) 'tutorial_dag' retrieved from /home/airflow/.local/lib/python3.12/site-packages/airflow/example_dags/tutorial_dag.py
[2024-05-12T01:15:56.397+0000] {logging_mixin.py:188} INFO - [2024-05-12T01:15:56.397+0000] {dag.py:3096} INFO - Sync 1 DAGs
[2024-05-12T01:15:56.404+0000] {logging_mixin.py:188} INFO - [2024-05-12T01:15:56.404+0000] {dag.py:3954} INFO - Setting next_dagrun for tutorial_dag to None, run_after=None
[2024-05-12T01:15:56.412+0000] {processor.py:183} INFO - Processing /home/airflow/.local/lib/python3.12/site-packages/airflow/example_dags/tutorial_dag.py took 0.033 seconds
[2024-05-12T01:16:27.154+0000] {processor.py:161} INFO - Started process (PID=13879) to work on /home/airflow/.local/lib/python3.12/site-packages/airflow/example_dags/tutorial_dag.py
[2024-05-12T01:16:27.155+0000] {processor.py:830} INFO - Processing file /home/airflow/.local/lib/python3.12/site-packages/airflow/example_dags/tutorial_dag.py for tasks to queue
[2024-05-12T01:16:27.156+0000] {logging_mixin.py:188} INFO - [2024-05-12T01:16:27.156+0000] {dagbag.py:545} INFO - Filling up the DagBag from /home/airflow/.local/lib/python3.12/site-packages/airflow/example_dags/tutorial_dag.py
[2024-05-12T01:16:27.159+0000] {processor.py:840} INFO - DAG(s) 'tutorial_dag' retrieved from /home/airflow/.local/lib/python3.12/site-packages/airflow/example_dags/tutorial_dag.py
[2024-05-12T01:16:27.169+0000] {logging_mixin.py:188} INFO - [2024-05-12T01:16:27.169+0000] {dag.py:3096} INFO - Sync 1 DAGs
[2024-05-12T01:16:27.176+0000] {logging_mixin.py:188} INFO - [2024-05-12T01:16:27.176+0000] {dag.py:3954} INFO - Setting next_dagrun for tutorial_dag to None, run_after=None
[2024-05-12T01:16:27.185+0000] {processor.py:183} INFO - Processing /home/airflow/.local/lib/python3.12/site-packages/airflow/example_dags/tutorial_dag.py took 0.034 seconds
[2024-05-12T01:16:57.864+0000] {processor.py:161} INFO - Started process (PID=14141) to work on /home/airflow/.local/lib/python3.12/site-packages/airflow/example_dags/tutorial_dag.py
[2024-05-12T01:16:57.864+0000] {processor.py:830} INFO - Processing file /home/airflow/.local/lib/python3.12/site-packages/airflow/example_dags/tutorial_dag.py for tasks to queue
[2024-05-12T01:16:57.865+0000] {logging_mixin.py:188} INFO - [2024-05-12T01:16:57.865+0000] {dagbag.py:545} INFO - Filling up the DagBag from /home/airflow/.local/lib/python3.12/site-packages/airflow/example_dags/tutorial_dag.py
[2024-05-12T01:16:57.868+0000] {processor.py:840} INFO - DAG(s) 'tutorial_dag' retrieved from /home/airflow/.local/lib/python3.12/site-packages/airflow/example_dags/tutorial_dag.py
[2024-05-12T01:16:57.878+0000] {logging_mixin.py:188} INFO - [2024-05-12T01:16:57.878+0000] {dag.py:3096} INFO - Sync 1 DAGs
[2024-05-12T01:16:57.884+0000] {logging_mixin.py:188} INFO - [2024-05-12T01:16:57.884+0000] {dag.py:3954} INFO - Setting next_dagrun for tutorial_dag to None, run_after=None
[2024-05-12T01:16:57.892+0000] {processor.py:183} INFO - Processing /home/airflow/.local/lib/python3.12/site-packages/airflow/example_dags/tutorial_dag.py took 0.031 seconds
[2024-05-12T01:17:28.654+0000] {processor.py:161} INFO - Started process (PID=14403) to work on /home/airflow/.local/lib/python3.12/site-packages/airflow/example_dags/tutorial_dag.py
[2024-05-12T01:17:28.654+0000] {processor.py:830} INFO - Processing file /home/airflow/.local/lib/python3.12/site-packages/airflow/example_dags/tutorial_dag.py for tasks to queue
[2024-05-12T01:17:28.655+0000] {logging_mixin.py:188} INFO - [2024-05-12T01:17:28.655+0000] {dagbag.py:545} INFO - Filling up the DagBag from /home/airflow/.local/lib/python3.12/site-packages/airflow/example_dags/tutorial_dag.py
[2024-05-12T01:17:28.658+0000] {processor.py:840} INFO - DAG(s) 'tutorial_dag' retrieved from /home/airflow/.local/lib/python3.12/site-packages/airflow/example_dags/tutorial_dag.py
[2024-05-12T01:17:28.668+0000] {logging_mixin.py:188} INFO - [2024-05-12T01:17:28.668+0000] {dag.py:3096} INFO - Sync 1 DAGs
[2024-05-12T01:17:28.674+0000] {logging_mixin.py:188} INFO - [2024-05-12T01:17:28.674+0000] {dag.py:3954} INFO - Setting next_dagrun for tutorial_dag to None, run_after=None
[2024-05-12T01:17:28.683+0000] {processor.py:183} INFO - Processing /home/airflow/.local/lib/python3.12/site-packages/airflow/example_dags/tutorial_dag.py took 0.032 seconds
[2024-05-12T01:17:59.508+0000] {processor.py:161} INFO - Started process (PID=14665) to work on /home/airflow/.local/lib/python3.12/site-packages/airflow/example_dags/tutorial_dag.py
[2024-05-12T01:17:59.508+0000] {processor.py:830} INFO - Processing file /home/airflow/.local/lib/python3.12/site-packages/airflow/example_dags/tutorial_dag.py for tasks to queue
[2024-05-12T01:17:59.509+0000] {logging_mixin.py:188} INFO - [2024-05-12T01:17:59.509+0000] {dagbag.py:545} INFO - Filling up the DagBag from /home/airflow/.local/lib/python3.12/site-packages/airflow/example_dags/tutorial_dag.py
[2024-05-12T01:17:59.512+0000] {processor.py:840} INFO - DAG(s) 'tutorial_dag' retrieved from /home/airflow/.local/lib/python3.12/site-packages/airflow/example_dags/tutorial_dag.py
[2024-05-12T01:17:59.522+0000] {logging_mixin.py:188} INFO - [2024-05-12T01:17:59.522+0000] {dag.py:3096} INFO - Sync 1 DAGs
[2024-05-12T01:17:59.528+0000] {logging_mixin.py:188} INFO - [2024-05-12T01:17:59.528+0000] {dag.py:3954} INFO - Setting next_dagrun for tutorial_dag to None, run_after=None
[2024-05-12T01:17:59.536+0000] {processor.py:183} INFO - Processing /home/airflow/.local/lib/python3.12/site-packages/airflow/example_dags/tutorial_dag.py took 0.031 seconds
[2024-05-12T01:18:30.368+0000] {processor.py:161} INFO - Started process (PID=14927) to work on /home/airflow/.local/lib/python3.12/site-packages/airflow/example_dags/tutorial_dag.py
[2024-05-12T01:18:30.369+0000] {processor.py:830} INFO - Processing file /home/airflow/.local/lib/python3.12/site-packages/airflow/example_dags/tutorial_dag.py for tasks to queue
[2024-05-12T01:18:30.370+0000] {logging_mixin.py:188} INFO - [2024-05-12T01:18:30.370+0000] {dagbag.py:545} INFO - Filling up the DagBag from /home/airflow/.local/lib/python3.12/site-packages/airflow/example_dags/tutorial_dag.py
[2024-05-12T01:18:30.372+0000] {processor.py:840} INFO - DAG(s) 'tutorial_dag' retrieved from /home/airflow/.local/lib/python3.12/site-packages/airflow/example_dags/tutorial_dag.py
[2024-05-12T01:18:30.383+0000] {logging_mixin.py:188} INFO - [2024-05-12T01:18:30.382+0000] {dag.py:3096} INFO - Sync 1 DAGs
[2024-05-12T01:18:30.388+0000] {logging_mixin.py:188} INFO - [2024-05-12T01:18:30.388+0000] {dag.py:3954} INFO - Setting next_dagrun for tutorial_dag to None, run_after=None
[2024-05-12T01:18:30.397+0000] {processor.py:183} INFO - Processing /home/airflow/.local/lib/python3.12/site-packages/airflow/example_dags/tutorial_dag.py took 0.032 seconds
[2024-05-12T01:19:01.138+0000] {processor.py:161} INFO - Started process (PID=15189) to work on /home/airflow/.local/lib/python3.12/site-packages/airflow/example_dags/tutorial_dag.py
[2024-05-12T01:19:01.138+0000] {processor.py:830} INFO - Processing file /home/airflow/.local/lib/python3.12/site-packages/airflow/example_dags/tutorial_dag.py for tasks to queue
[2024-05-12T01:19:01.139+0000] {logging_mixin.py:188} INFO - [2024-05-12T01:19:01.139+0000] {dagbag.py:545} INFO - Filling up the DagBag from /home/airflow/.local/lib/python3.12/site-packages/airflow/example_dags/tutorial_dag.py
[2024-05-12T01:19:01.142+0000] {processor.py:840} INFO - DAG(s) 'tutorial_dag' retrieved from /home/airflow/.local/lib/python3.12/site-packages/airflow/example_dags/tutorial_dag.py
[2024-05-12T01:19:01.153+0000] {logging_mixin.py:188} INFO - [2024-05-12T01:19:01.152+0000] {dag.py:3096} INFO - Sync 1 DAGs
[2024-05-12T01:19:01.159+0000] {logging_mixin.py:188} INFO - [2024-05-12T01:19:01.158+0000] {dag.py:3954} INFO - Setting next_dagrun for tutorial_dag to None, run_after=None
[2024-05-12T01:19:01.168+0000] {processor.py:183} INFO - Processing /home/airflow/.local/lib/python3.12/site-packages/airflow/example_dags/tutorial_dag.py took 0.034 seconds
[2024-05-12T01:19:32.071+0000] {processor.py:161} INFO - Started process (PID=15451) to work on /home/airflow/.local/lib/python3.12/site-packages/airflow/example_dags/tutorial_dag.py
[2024-05-12T01:19:32.072+0000] {processor.py:830} INFO - Processing file /home/airflow/.local/lib/python3.12/site-packages/airflow/example_dags/tutorial_dag.py for tasks to queue
[2024-05-12T01:19:32.073+0000] {logging_mixin.py:188} INFO - [2024-05-12T01:19:32.072+0000] {dagbag.py:545} INFO - Filling up the DagBag from /home/airflow/.local/lib/python3.12/site-packages/airflow/example_dags/tutorial_dag.py
[2024-05-12T01:19:32.076+0000] {processor.py:840} INFO - DAG(s) 'tutorial_dag' retrieved from /home/airflow/.local/lib/python3.12/site-packages/airflow/example_dags/tutorial_dag.py
[2024-05-12T01:19:32.086+0000] {logging_mixin.py:188} INFO - [2024-05-12T01:19:32.086+0000] {dag.py:3096} INFO - Sync 1 DAGs
[2024-05-12T01:19:32.092+0000] {logging_mixin.py:188} INFO - [2024-05-12T01:19:32.092+0000] {dag.py:3954} INFO - Setting next_dagrun for tutorial_dag to None, run_after=None
[2024-05-12T01:19:32.101+0000] {processor.py:183} INFO - Processing /home/airflow/.local/lib/python3.12/site-packages/airflow/example_dags/tutorial_dag.py took 0.033 seconds
[2024-05-12T01:20:02.876+0000] {processor.py:161} INFO - Started process (PID=15713) to work on /home/airflow/.local/lib/python3.12/site-packages/airflow/example_dags/tutorial_dag.py
[2024-05-12T01:20:02.877+0000] {processor.py:830} INFO - Processing file /home/airflow/.local/lib/python3.12/site-packages/airflow/example_dags/tutorial_dag.py for tasks to queue
[2024-05-12T01:20:02.878+0000] {logging_mixin.py:188} INFO - [2024-05-12T01:20:02.878+0000] {dagbag.py:545} INFO - Filling up the DagBag from /home/airflow/.local/lib/python3.12/site-packages/airflow/example_dags/tutorial_dag.py
[2024-05-12T01:20:02.880+0000] {processor.py:840} INFO - DAG(s) 'tutorial_dag' retrieved from /home/airflow/.local/lib/python3.12/site-packages/airflow/example_dags/tutorial_dag.py
[2024-05-12T01:20:02.892+0000] {logging_mixin.py:188} INFO - [2024-05-12T01:20:02.892+0000] {dag.py:3096} INFO - Sync 1 DAGs
[2024-05-12T01:20:02.899+0000] {logging_mixin.py:188} INFO - [2024-05-12T01:20:02.899+0000] {dag.py:3954} INFO - Setting next_dagrun for tutorial_dag to None, run_after=None
[2024-05-12T01:20:02.909+0000] {processor.py:183} INFO - Processing /home/airflow/.local/lib/python3.12/site-packages/airflow/example_dags/tutorial_dag.py took 0.036 seconds
[2024-05-12T01:20:33.668+0000] {processor.py:161} INFO - Started process (PID=15975) to work on /home/airflow/.local/lib/python3.12/site-packages/airflow/example_dags/tutorial_dag.py
[2024-05-12T01:20:33.669+0000] {processor.py:830} INFO - Processing file /home/airflow/.local/lib/python3.12/site-packages/airflow/example_dags/tutorial_dag.py for tasks to queue
[2024-05-12T01:20:33.670+0000] {logging_mixin.py:188} INFO - [2024-05-12T01:20:33.670+0000] {dagbag.py:545} INFO - Filling up the DagBag from /home/airflow/.local/lib/python3.12/site-packages/airflow/example_dags/tutorial_dag.py
[2024-05-12T01:20:33.673+0000] {processor.py:840} INFO - DAG(s) 'tutorial_dag' retrieved from /home/airflow/.local/lib/python3.12/site-packages/airflow/example_dags/tutorial_dag.py
[2024-05-12T01:20:33.683+0000] {logging_mixin.py:188} INFO - [2024-05-12T01:20:33.682+0000] {dag.py:3096} INFO - Sync 1 DAGs
[2024-05-12T01:20:33.689+0000] {logging_mixin.py:188} INFO - [2024-05-12T01:20:33.688+0000] {dag.py:3954} INFO - Setting next_dagrun for tutorial_dag to None, run_after=None
[2024-05-12T01:20:33.697+0000] {processor.py:183} INFO - Processing /home/airflow/.local/lib/python3.12/site-packages/airflow/example_dags/tutorial_dag.py took 0.032 seconds
[2024-05-12T01:21:04.512+0000] {processor.py:161} INFO - Started process (PID=16239) to work on /home/airflow/.local/lib/python3.12/site-packages/airflow/example_dags/tutorial_dag.py
[2024-05-12T01:21:04.513+0000] {processor.py:830} INFO - Processing file /home/airflow/.local/lib/python3.12/site-packages/airflow/example_dags/tutorial_dag.py for tasks to queue
[2024-05-12T01:21:04.514+0000] {logging_mixin.py:188} INFO - [2024-05-12T01:21:04.514+0000] {dagbag.py:545} INFO - Filling up the DagBag from /home/airflow/.local/lib/python3.12/site-packages/airflow/example_dags/tutorial_dag.py
[2024-05-12T01:21:04.517+0000] {processor.py:840} INFO - DAG(s) 'tutorial_dag' retrieved from /home/airflow/.local/lib/python3.12/site-packages/airflow/example_dags/tutorial_dag.py
[2024-05-12T01:21:04.527+0000] {logging_mixin.py:188} INFO - [2024-05-12T01:21:04.527+0000] {dag.py:3096} INFO - Sync 1 DAGs
[2024-05-12T01:21:04.533+0000] {logging_mixin.py:188} INFO - [2024-05-12T01:21:04.533+0000] {dag.py:3954} INFO - Setting next_dagrun for tutorial_dag to None, run_after=None
[2024-05-12T01:21:04.541+0000] {processor.py:183} INFO - Processing /home/airflow/.local/lib/python3.12/site-packages/airflow/example_dags/tutorial_dag.py took 0.031 seconds
[2024-05-12T01:21:35.466+0000] {processor.py:161} INFO - Started process (PID=16498) to work on /home/airflow/.local/lib/python3.12/site-packages/airflow/example_dags/tutorial_dag.py
[2024-05-12T01:21:35.466+0000] {processor.py:830} INFO - Processing file /home/airflow/.local/lib/python3.12/site-packages/airflow/example_dags/tutorial_dag.py for tasks to queue
[2024-05-12T01:21:35.467+0000] {logging_mixin.py:188} INFO - [2024-05-12T01:21:35.467+0000] {dagbag.py:545} INFO - Filling up the DagBag from /home/airflow/.local/lib/python3.12/site-packages/airflow/example_dags/tutorial_dag.py
[2024-05-12T01:21:35.470+0000] {processor.py:840} INFO - DAG(s) 'tutorial_dag' retrieved from /home/airflow/.local/lib/python3.12/site-packages/airflow/example_dags/tutorial_dag.py
[2024-05-12T01:21:35.480+0000] {logging_mixin.py:188} INFO - [2024-05-12T01:21:35.480+0000] {dag.py:3096} INFO - Sync 1 DAGs
[2024-05-12T01:21:35.486+0000] {logging_mixin.py:188} INFO - [2024-05-12T01:21:35.486+0000] {dag.py:3954} INFO - Setting next_dagrun for tutorial_dag to None, run_after=None
[2024-05-12T01:21:35.496+0000] {processor.py:183} INFO - Processing /home/airflow/.local/lib/python3.12/site-packages/airflow/example_dags/tutorial_dag.py took 0.034 seconds
[2024-05-12T01:22:06.258+0000] {processor.py:161} INFO - Started process (PID=16760) to work on /home/airflow/.local/lib/python3.12/site-packages/airflow/example_dags/tutorial_dag.py
[2024-05-12T01:22:06.259+0000] {processor.py:830} INFO - Processing file /home/airflow/.local/lib/python3.12/site-packages/airflow/example_dags/tutorial_dag.py for tasks to queue
[2024-05-12T01:22:06.260+0000] {logging_mixin.py:188} INFO - [2024-05-12T01:22:06.260+0000] {dagbag.py:545} INFO - Filling up the DagBag from /home/airflow/.local/lib/python3.12/site-packages/airflow/example_dags/tutorial_dag.py
[2024-05-12T01:22:06.263+0000] {processor.py:840} INFO - DAG(s) 'tutorial_dag' retrieved from /home/airflow/.local/lib/python3.12/site-packages/airflow/example_dags/tutorial_dag.py
[2024-05-12T01:22:06.273+0000] {logging_mixin.py:188} INFO - [2024-05-12T01:22:06.273+0000] {dag.py:3096} INFO - Sync 1 DAGs
[2024-05-12T01:22:06.279+0000] {logging_mixin.py:188} INFO - [2024-05-12T01:22:06.279+0000] {dag.py:3954} INFO - Setting next_dagrun for tutorial_dag to None, run_after=None
[2024-05-12T01:22:06.292+0000] {processor.py:183} INFO - Processing /home/airflow/.local/lib/python3.12/site-packages/airflow/example_dags/tutorial_dag.py took 0.036 seconds
