[2024-05-12T00:37:44.149+0000] {processor.py:161} INFO - Started process (PID=4550) to work on /home/airflow/.local/lib/python3.12/site-packages/airflow/example_dags/tutorial_objectstorage.py
[2024-05-12T00:37:44.149+0000] {processor.py:830} INFO - Processing file /home/airflow/.local/lib/python3.12/site-packages/airflow/example_dags/tutorial_objectstorage.py for tasks to queue
[2024-05-12T00:37:44.150+0000] {logging_mixin.py:188} INFO - [2024-05-12T00:37:44.150+0000] {dagbag.py:545} INFO - Filling up the DagBag from /home/airflow/.local/lib/python3.12/site-packages/airflow/example_dags/tutorial_objectstorage.py
[2024-05-12T00:37:44.154+0000] {processor.py:840} INFO - DAG(s) 'tutorial_objectstorage' retrieved from /home/airflow/.local/lib/python3.12/site-packages/airflow/example_dags/tutorial_objectstorage.py
[2024-05-12T00:37:44.164+0000] {logging_mixin.py:188} INFO - [2024-05-12T00:37:44.164+0000] {dag.py:3096} INFO - Sync 1 DAGs
[2024-05-12T00:37:44.170+0000] {logging_mixin.py:188} INFO - [2024-05-12T00:37:44.169+0000] {dag.py:3954} INFO - Setting next_dagrun for tutorial_objectstorage to None, run_after=None
[2024-05-12T00:37:44.178+0000] {processor.py:183} INFO - Processing /home/airflow/.local/lib/python3.12/site-packages/airflow/example_dags/tutorial_objectstorage.py took 0.033 seconds
[2024-05-12T00:38:14.869+0000] {processor.py:161} INFO - Started process (PID=4812) to work on /home/airflow/.local/lib/python3.12/site-packages/airflow/example_dags/tutorial_objectstorage.py
[2024-05-12T00:38:14.869+0000] {processor.py:830} INFO - Processing file /home/airflow/.local/lib/python3.12/site-packages/airflow/example_dags/tutorial_objectstorage.py for tasks to queue
[2024-05-12T00:38:14.870+0000] {logging_mixin.py:188} INFO - [2024-05-12T00:38:14.870+0000] {dagbag.py:545} INFO - Filling up the DagBag from /home/airflow/.local/lib/python3.12/site-packages/airflow/example_dags/tutorial_objectstorage.py
[2024-05-12T00:38:14.874+0000] {processor.py:840} INFO - DAG(s) 'tutorial_objectstorage' retrieved from /home/airflow/.local/lib/python3.12/site-packages/airflow/example_dags/tutorial_objectstorage.py
[2024-05-12T00:38:14.884+0000] {logging_mixin.py:188} INFO - [2024-05-12T00:38:14.884+0000] {dag.py:3096} INFO - Sync 1 DAGs
[2024-05-12T00:38:14.889+0000] {logging_mixin.py:188} INFO - [2024-05-12T00:38:14.889+0000] {dag.py:3954} INFO - Setting next_dagrun for tutorial_objectstorage to None, run_after=None
[2024-05-12T00:38:14.898+0000] {processor.py:183} INFO - Processing /home/airflow/.local/lib/python3.12/site-packages/airflow/example_dags/tutorial_objectstorage.py took 0.032 seconds
[2024-05-12T00:38:45.595+0000] {processor.py:161} INFO - Started process (PID=5074) to work on /home/airflow/.local/lib/python3.12/site-packages/airflow/example_dags/tutorial_objectstorage.py
[2024-05-12T00:38:45.595+0000] {processor.py:830} INFO - Processing file /home/airflow/.local/lib/python3.12/site-packages/airflow/example_dags/tutorial_objectstorage.py for tasks to queue
[2024-05-12T00:38:45.597+0000] {logging_mixin.py:188} INFO - [2024-05-12T00:38:45.596+0000] {dagbag.py:545} INFO - Filling up the DagBag from /home/airflow/.local/lib/python3.12/site-packages/airflow/example_dags/tutorial_objectstorage.py
[2024-05-12T00:38:45.600+0000] {processor.py:840} INFO - DAG(s) 'tutorial_objectstorage' retrieved from /home/airflow/.local/lib/python3.12/site-packages/airflow/example_dags/tutorial_objectstorage.py
[2024-05-12T00:38:45.611+0000] {logging_mixin.py:188} INFO - [2024-05-12T00:38:45.610+0000] {dag.py:3096} INFO - Sync 1 DAGs
[2024-05-12T00:38:45.617+0000] {logging_mixin.py:188} INFO - [2024-05-12T00:38:45.617+0000] {dag.py:3954} INFO - Setting next_dagrun for tutorial_objectstorage to None, run_after=None
[2024-05-12T00:38:45.626+0000] {processor.py:183} INFO - Processing /home/airflow/.local/lib/python3.12/site-packages/airflow/example_dags/tutorial_objectstorage.py took 0.035 seconds
[2024-05-12T00:39:16.228+0000] {processor.py:161} INFO - Started process (PID=5335) to work on /home/airflow/.local/lib/python3.12/site-packages/airflow/example_dags/tutorial_objectstorage.py
[2024-05-12T00:39:16.228+0000] {processor.py:830} INFO - Processing file /home/airflow/.local/lib/python3.12/site-packages/airflow/example_dags/tutorial_objectstorage.py for tasks to queue
[2024-05-12T00:39:16.229+0000] {logging_mixin.py:188} INFO - [2024-05-12T00:39:16.229+0000] {dagbag.py:545} INFO - Filling up the DagBag from /home/airflow/.local/lib/python3.12/site-packages/airflow/example_dags/tutorial_objectstorage.py
[2024-05-12T00:39:16.233+0000] {processor.py:840} INFO - DAG(s) 'tutorial_objectstorage' retrieved from /home/airflow/.local/lib/python3.12/site-packages/airflow/example_dags/tutorial_objectstorage.py
[2024-05-12T00:39:16.244+0000] {logging_mixin.py:188} INFO - [2024-05-12T00:39:16.244+0000] {dag.py:3096} INFO - Sync 1 DAGs
[2024-05-12T00:39:16.250+0000] {logging_mixin.py:188} INFO - [2024-05-12T00:39:16.250+0000] {dag.py:3954} INFO - Setting next_dagrun for tutorial_objectstorage to None, run_after=None
[2024-05-12T00:39:16.259+0000] {processor.py:183} INFO - Processing /home/airflow/.local/lib/python3.12/site-packages/airflow/example_dags/tutorial_objectstorage.py took 0.035 seconds
[2024-05-12T00:39:47.077+0000] {processor.py:161} INFO - Started process (PID=5596) to work on /home/airflow/.local/lib/python3.12/site-packages/airflow/example_dags/tutorial_objectstorage.py
[2024-05-12T00:39:47.078+0000] {processor.py:830} INFO - Processing file /home/airflow/.local/lib/python3.12/site-packages/airflow/example_dags/tutorial_objectstorage.py for tasks to queue
[2024-05-12T00:39:47.079+0000] {logging_mixin.py:188} INFO - [2024-05-12T00:39:47.079+0000] {dagbag.py:545} INFO - Filling up the DagBag from /home/airflow/.local/lib/python3.12/site-packages/airflow/example_dags/tutorial_objectstorage.py
[2024-05-12T00:39:47.083+0000] {processor.py:840} INFO - DAG(s) 'tutorial_objectstorage' retrieved from /home/airflow/.local/lib/python3.12/site-packages/airflow/example_dags/tutorial_objectstorage.py
[2024-05-12T00:39:47.094+0000] {logging_mixin.py:188} INFO - [2024-05-12T00:39:47.094+0000] {dag.py:3096} INFO - Sync 1 DAGs
[2024-05-12T00:39:47.100+0000] {logging_mixin.py:188} INFO - [2024-05-12T00:39:47.100+0000] {dag.py:3954} INFO - Setting next_dagrun for tutorial_objectstorage to None, run_after=None
[2024-05-12T00:39:47.111+0000] {processor.py:183} INFO - Processing /home/airflow/.local/lib/python3.12/site-packages/airflow/example_dags/tutorial_objectstorage.py took 0.038 seconds
[2024-05-12T00:40:17.817+0000] {processor.py:161} INFO - Started process (PID=5858) to work on /home/airflow/.local/lib/python3.12/site-packages/airflow/example_dags/tutorial_objectstorage.py
[2024-05-12T00:40:17.818+0000] {processor.py:830} INFO - Processing file /home/airflow/.local/lib/python3.12/site-packages/airflow/example_dags/tutorial_objectstorage.py for tasks to queue
[2024-05-12T00:40:17.819+0000] {logging_mixin.py:188} INFO - [2024-05-12T00:40:17.819+0000] {dagbag.py:545} INFO - Filling up the DagBag from /home/airflow/.local/lib/python3.12/site-packages/airflow/example_dags/tutorial_objectstorage.py
[2024-05-12T00:40:17.823+0000] {processor.py:840} INFO - DAG(s) 'tutorial_objectstorage' retrieved from /home/airflow/.local/lib/python3.12/site-packages/airflow/example_dags/tutorial_objectstorage.py
[2024-05-12T00:40:17.833+0000] {logging_mixin.py:188} INFO - [2024-05-12T00:40:17.833+0000] {dag.py:3096} INFO - Sync 1 DAGs
[2024-05-12T00:40:17.840+0000] {logging_mixin.py:188} INFO - [2024-05-12T00:40:17.840+0000] {dag.py:3954} INFO - Setting next_dagrun for tutorial_objectstorage to None, run_after=None
[2024-05-12T00:40:17.852+0000] {processor.py:183} INFO - Processing /home/airflow/.local/lib/python3.12/site-packages/airflow/example_dags/tutorial_objectstorage.py took 0.038 seconds
[2024-05-12T00:40:48.679+0000] {processor.py:161} INFO - Started process (PID=6122) to work on /home/airflow/.local/lib/python3.12/site-packages/airflow/example_dags/tutorial_objectstorage.py
[2024-05-12T00:40:48.680+0000] {processor.py:830} INFO - Processing file /home/airflow/.local/lib/python3.12/site-packages/airflow/example_dags/tutorial_objectstorage.py for tasks to queue
[2024-05-12T00:40:48.681+0000] {logging_mixin.py:188} INFO - [2024-05-12T00:40:48.681+0000] {dagbag.py:545} INFO - Filling up the DagBag from /home/airflow/.local/lib/python3.12/site-packages/airflow/example_dags/tutorial_objectstorage.py
[2024-05-12T00:40:48.685+0000] {processor.py:840} INFO - DAG(s) 'tutorial_objectstorage' retrieved from /home/airflow/.local/lib/python3.12/site-packages/airflow/example_dags/tutorial_objectstorage.py
[2024-05-12T00:40:48.695+0000] {logging_mixin.py:188} INFO - [2024-05-12T00:40:48.695+0000] {dag.py:3096} INFO - Sync 1 DAGs
[2024-05-12T00:40:48.701+0000] {logging_mixin.py:188} INFO - [2024-05-12T00:40:48.701+0000] {dag.py:3954} INFO - Setting next_dagrun for tutorial_objectstorage to None, run_after=None
[2024-05-12T00:40:48.710+0000] {processor.py:183} INFO - Processing /home/airflow/.local/lib/python3.12/site-packages/airflow/example_dags/tutorial_objectstorage.py took 0.034 seconds
[2024-05-12T00:41:19.401+0000] {processor.py:161} INFO - Started process (PID=6382) to work on /home/airflow/.local/lib/python3.12/site-packages/airflow/example_dags/tutorial_objectstorage.py
[2024-05-12T00:41:19.402+0000] {processor.py:830} INFO - Processing file /home/airflow/.local/lib/python3.12/site-packages/airflow/example_dags/tutorial_objectstorage.py for tasks to queue
[2024-05-12T00:41:19.403+0000] {logging_mixin.py:188} INFO - [2024-05-12T00:41:19.403+0000] {dagbag.py:545} INFO - Filling up the DagBag from /home/airflow/.local/lib/python3.12/site-packages/airflow/example_dags/tutorial_objectstorage.py
[2024-05-12T00:41:19.407+0000] {processor.py:840} INFO - DAG(s) 'tutorial_objectstorage' retrieved from /home/airflow/.local/lib/python3.12/site-packages/airflow/example_dags/tutorial_objectstorage.py
[2024-05-12T00:41:19.418+0000] {logging_mixin.py:188} INFO - [2024-05-12T00:41:19.418+0000] {dag.py:3096} INFO - Sync 1 DAGs
[2024-05-12T00:41:19.424+0000] {logging_mixin.py:188} INFO - [2024-05-12T00:41:19.424+0000] {dag.py:3954} INFO - Setting next_dagrun for tutorial_objectstorage to None, run_after=None
[2024-05-12T00:41:19.435+0000] {processor.py:183} INFO - Processing /home/airflow/.local/lib/python3.12/site-packages/airflow/example_dags/tutorial_objectstorage.py took 0.037 seconds
[2024-05-12T00:41:50.098+0000] {processor.py:161} INFO - Started process (PID=6644) to work on /home/airflow/.local/lib/python3.12/site-packages/airflow/example_dags/tutorial_objectstorage.py
[2024-05-12T00:41:50.099+0000] {processor.py:830} INFO - Processing file /home/airflow/.local/lib/python3.12/site-packages/airflow/example_dags/tutorial_objectstorage.py for tasks to queue
[2024-05-12T00:41:50.100+0000] {logging_mixin.py:188} INFO - [2024-05-12T00:41:50.100+0000] {dagbag.py:545} INFO - Filling up the DagBag from /home/airflow/.local/lib/python3.12/site-packages/airflow/example_dags/tutorial_objectstorage.py
[2024-05-12T00:41:50.103+0000] {processor.py:840} INFO - DAG(s) 'tutorial_objectstorage' retrieved from /home/airflow/.local/lib/python3.12/site-packages/airflow/example_dags/tutorial_objectstorage.py
[2024-05-12T00:41:50.113+0000] {logging_mixin.py:188} INFO - [2024-05-12T00:41:50.113+0000] {dag.py:3096} INFO - Sync 1 DAGs
[2024-05-12T00:41:50.119+0000] {logging_mixin.py:188} INFO - [2024-05-12T00:41:50.119+0000] {dag.py:3954} INFO - Setting next_dagrun for tutorial_objectstorage to None, run_after=None
[2024-05-12T00:41:50.127+0000] {processor.py:183} INFO - Processing /home/airflow/.local/lib/python3.12/site-packages/airflow/example_dags/tutorial_objectstorage.py took 0.032 seconds
[2024-05-12T00:42:20.773+0000] {processor.py:161} INFO - Started process (PID=6906) to work on /home/airflow/.local/lib/python3.12/site-packages/airflow/example_dags/tutorial_objectstorage.py
[2024-05-12T00:42:20.774+0000] {processor.py:830} INFO - Processing file /home/airflow/.local/lib/python3.12/site-packages/airflow/example_dags/tutorial_objectstorage.py for tasks to queue
[2024-05-12T00:42:20.774+0000] {logging_mixin.py:188} INFO - [2024-05-12T00:42:20.774+0000] {dagbag.py:545} INFO - Filling up the DagBag from /home/airflow/.local/lib/python3.12/site-packages/airflow/example_dags/tutorial_objectstorage.py
[2024-05-12T00:42:20.778+0000] {processor.py:840} INFO - DAG(s) 'tutorial_objectstorage' retrieved from /home/airflow/.local/lib/python3.12/site-packages/airflow/example_dags/tutorial_objectstorage.py
[2024-05-12T00:42:20.789+0000] {logging_mixin.py:188} INFO - [2024-05-12T00:42:20.788+0000] {dag.py:3096} INFO - Sync 1 DAGs
[2024-05-12T00:42:20.794+0000] {logging_mixin.py:188} INFO - [2024-05-12T00:42:20.794+0000] {dag.py:3954} INFO - Setting next_dagrun for tutorial_objectstorage to None, run_after=None
[2024-05-12T00:42:20.803+0000] {processor.py:183} INFO - Processing /home/airflow/.local/lib/python3.12/site-packages/airflow/example_dags/tutorial_objectstorage.py took 0.034 seconds
[2024-05-12T00:42:51.566+0000] {processor.py:161} INFO - Started process (PID=7168) to work on /home/airflow/.local/lib/python3.12/site-packages/airflow/example_dags/tutorial_objectstorage.py
[2024-05-12T00:42:51.567+0000] {processor.py:830} INFO - Processing file /home/airflow/.local/lib/python3.12/site-packages/airflow/example_dags/tutorial_objectstorage.py for tasks to queue
[2024-05-12T00:42:51.568+0000] {logging_mixin.py:188} INFO - [2024-05-12T00:42:51.567+0000] {dagbag.py:545} INFO - Filling up the DagBag from /home/airflow/.local/lib/python3.12/site-packages/airflow/example_dags/tutorial_objectstorage.py
[2024-05-12T00:42:51.572+0000] {processor.py:840} INFO - DAG(s) 'tutorial_objectstorage' retrieved from /home/airflow/.local/lib/python3.12/site-packages/airflow/example_dags/tutorial_objectstorage.py
[2024-05-12T00:42:51.581+0000] {logging_mixin.py:188} INFO - [2024-05-12T00:42:51.581+0000] {dag.py:3096} INFO - Sync 1 DAGs
[2024-05-12T00:42:51.587+0000] {logging_mixin.py:188} INFO - [2024-05-12T00:42:51.587+0000] {dag.py:3954} INFO - Setting next_dagrun for tutorial_objectstorage to None, run_after=None
[2024-05-12T00:42:51.595+0000] {processor.py:183} INFO - Processing /home/airflow/.local/lib/python3.12/site-packages/airflow/example_dags/tutorial_objectstorage.py took 0.032 seconds
[2024-05-12T00:43:22.339+0000] {processor.py:161} INFO - Started process (PID=7430) to work on /home/airflow/.local/lib/python3.12/site-packages/airflow/example_dags/tutorial_objectstorage.py
[2024-05-12T00:43:22.340+0000] {processor.py:830} INFO - Processing file /home/airflow/.local/lib/python3.12/site-packages/airflow/example_dags/tutorial_objectstorage.py for tasks to queue
[2024-05-12T00:43:22.341+0000] {logging_mixin.py:188} INFO - [2024-05-12T00:43:22.340+0000] {dagbag.py:545} INFO - Filling up the DagBag from /home/airflow/.local/lib/python3.12/site-packages/airflow/example_dags/tutorial_objectstorage.py
[2024-05-12T00:43:22.345+0000] {processor.py:840} INFO - DAG(s) 'tutorial_objectstorage' retrieved from /home/airflow/.local/lib/python3.12/site-packages/airflow/example_dags/tutorial_objectstorage.py
[2024-05-12T00:43:22.355+0000] {logging_mixin.py:188} INFO - [2024-05-12T00:43:22.355+0000] {dag.py:3096} INFO - Sync 1 DAGs
[2024-05-12T00:43:22.361+0000] {logging_mixin.py:188} INFO - [2024-05-12T00:43:22.361+0000] {dag.py:3954} INFO - Setting next_dagrun for tutorial_objectstorage to None, run_after=None
[2024-05-12T00:43:22.370+0000] {processor.py:183} INFO - Processing /home/airflow/.local/lib/python3.12/site-packages/airflow/example_dags/tutorial_objectstorage.py took 0.034 seconds
[2024-05-12T00:43:53.075+0000] {processor.py:161} INFO - Started process (PID=7692) to work on /home/airflow/.local/lib/python3.12/site-packages/airflow/example_dags/tutorial_objectstorage.py
[2024-05-12T00:43:53.075+0000] {processor.py:830} INFO - Processing file /home/airflow/.local/lib/python3.12/site-packages/airflow/example_dags/tutorial_objectstorage.py for tasks to queue
[2024-05-12T00:43:53.076+0000] {logging_mixin.py:188} INFO - [2024-05-12T00:43:53.076+0000] {dagbag.py:545} INFO - Filling up the DagBag from /home/airflow/.local/lib/python3.12/site-packages/airflow/example_dags/tutorial_objectstorage.py
[2024-05-12T00:43:53.081+0000] {processor.py:840} INFO - DAG(s) 'tutorial_objectstorage' retrieved from /home/airflow/.local/lib/python3.12/site-packages/airflow/example_dags/tutorial_objectstorage.py
[2024-05-12T00:43:53.090+0000] {logging_mixin.py:188} INFO - [2024-05-12T00:43:53.090+0000] {dag.py:3096} INFO - Sync 1 DAGs
[2024-05-12T00:43:53.096+0000] {logging_mixin.py:188} INFO - [2024-05-12T00:43:53.096+0000] {dag.py:3954} INFO - Setting next_dagrun for tutorial_objectstorage to None, run_after=None
[2024-05-12T00:43:53.107+0000] {processor.py:183} INFO - Processing /home/airflow/.local/lib/python3.12/site-packages/airflow/example_dags/tutorial_objectstorage.py took 0.035 seconds
[2024-05-12T00:44:23.808+0000] {processor.py:161} INFO - Started process (PID=7953) to work on /home/airflow/.local/lib/python3.12/site-packages/airflow/example_dags/tutorial_objectstorage.py
[2024-05-12T00:44:23.809+0000] {processor.py:830} INFO - Processing file /home/airflow/.local/lib/python3.12/site-packages/airflow/example_dags/tutorial_objectstorage.py for tasks to queue
[2024-05-12T00:44:23.810+0000] {logging_mixin.py:188} INFO - [2024-05-12T00:44:23.810+0000] {dagbag.py:545} INFO - Filling up the DagBag from /home/airflow/.local/lib/python3.12/site-packages/airflow/example_dags/tutorial_objectstorage.py
[2024-05-12T00:44:23.814+0000] {processor.py:840} INFO - DAG(s) 'tutorial_objectstorage' retrieved from /home/airflow/.local/lib/python3.12/site-packages/airflow/example_dags/tutorial_objectstorage.py
[2024-05-12T00:44:23.824+0000] {logging_mixin.py:188} INFO - [2024-05-12T00:44:23.824+0000] {dag.py:3096} INFO - Sync 1 DAGs
[2024-05-12T00:44:23.830+0000] {logging_mixin.py:188} INFO - [2024-05-12T00:44:23.830+0000] {dag.py:3954} INFO - Setting next_dagrun for tutorial_objectstorage to None, run_after=None
[2024-05-12T00:44:23.840+0000] {processor.py:183} INFO - Processing /home/airflow/.local/lib/python3.12/site-packages/airflow/example_dags/tutorial_objectstorage.py took 0.035 seconds
[2024-05-12T00:44:54.685+0000] {processor.py:161} INFO - Started process (PID=8215) to work on /home/airflow/.local/lib/python3.12/site-packages/airflow/example_dags/tutorial_objectstorage.py
[2024-05-12T00:44:54.686+0000] {processor.py:830} INFO - Processing file /home/airflow/.local/lib/python3.12/site-packages/airflow/example_dags/tutorial_objectstorage.py for tasks to queue
[2024-05-12T00:44:54.687+0000] {logging_mixin.py:188} INFO - [2024-05-12T00:44:54.687+0000] {dagbag.py:545} INFO - Filling up the DagBag from /home/airflow/.local/lib/python3.12/site-packages/airflow/example_dags/tutorial_objectstorage.py
[2024-05-12T00:44:54.691+0000] {processor.py:840} INFO - DAG(s) 'tutorial_objectstorage' retrieved from /home/airflow/.local/lib/python3.12/site-packages/airflow/example_dags/tutorial_objectstorage.py
[2024-05-12T00:44:54.703+0000] {logging_mixin.py:188} INFO - [2024-05-12T00:44:54.703+0000] {dag.py:3096} INFO - Sync 1 DAGs
[2024-05-12T00:44:54.709+0000] {logging_mixin.py:188} INFO - [2024-05-12T00:44:54.709+0000] {dag.py:3954} INFO - Setting next_dagrun for tutorial_objectstorage to None, run_after=None
[2024-05-12T00:44:54.719+0000] {processor.py:183} INFO - Processing /home/airflow/.local/lib/python3.12/site-packages/airflow/example_dags/tutorial_objectstorage.py took 0.037 seconds
[2024-05-12T00:45:25.319+0000] {processor.py:161} INFO - Started process (PID=8476) to work on /home/airflow/.local/lib/python3.12/site-packages/airflow/example_dags/tutorial_objectstorage.py
[2024-05-12T00:45:25.320+0000] {processor.py:830} INFO - Processing file /home/airflow/.local/lib/python3.12/site-packages/airflow/example_dags/tutorial_objectstorage.py for tasks to queue
[2024-05-12T00:45:25.321+0000] {logging_mixin.py:188} INFO - [2024-05-12T00:45:25.321+0000] {dagbag.py:545} INFO - Filling up the DagBag from /home/airflow/.local/lib/python3.12/site-packages/airflow/example_dags/tutorial_objectstorage.py
[2024-05-12T00:45:25.325+0000] {processor.py:840} INFO - DAG(s) 'tutorial_objectstorage' retrieved from /home/airflow/.local/lib/python3.12/site-packages/airflow/example_dags/tutorial_objectstorage.py
[2024-05-12T00:45:25.335+0000] {logging_mixin.py:188} INFO - [2024-05-12T00:45:25.335+0000] {dag.py:3096} INFO - Sync 1 DAGs
[2024-05-12T00:45:25.341+0000] {logging_mixin.py:188} INFO - [2024-05-12T00:45:25.341+0000] {dag.py:3954} INFO - Setting next_dagrun for tutorial_objectstorage to None, run_after=None
[2024-05-12T00:45:25.350+0000] {processor.py:183} INFO - Processing /home/airflow/.local/lib/python3.12/site-packages/airflow/example_dags/tutorial_objectstorage.py took 0.034 seconds
[2024-05-12T00:45:56.031+0000] {processor.py:161} INFO - Started process (PID=8738) to work on /home/airflow/.local/lib/python3.12/site-packages/airflow/example_dags/tutorial_objectstorage.py
[2024-05-12T00:45:56.032+0000] {processor.py:830} INFO - Processing file /home/airflow/.local/lib/python3.12/site-packages/airflow/example_dags/tutorial_objectstorage.py for tasks to queue
[2024-05-12T00:45:56.033+0000] {logging_mixin.py:188} INFO - [2024-05-12T00:45:56.033+0000] {dagbag.py:545} INFO - Filling up the DagBag from /home/airflow/.local/lib/python3.12/site-packages/airflow/example_dags/tutorial_objectstorage.py
[2024-05-12T00:45:56.037+0000] {processor.py:840} INFO - DAG(s) 'tutorial_objectstorage' retrieved from /home/airflow/.local/lib/python3.12/site-packages/airflow/example_dags/tutorial_objectstorage.py
[2024-05-12T00:45:56.047+0000] {logging_mixin.py:188} INFO - [2024-05-12T00:45:56.047+0000] {dag.py:3096} INFO - Sync 1 DAGs
[2024-05-12T00:45:56.053+0000] {logging_mixin.py:188} INFO - [2024-05-12T00:45:56.053+0000] {dag.py:3954} INFO - Setting next_dagrun for tutorial_objectstorage to None, run_after=None
[2024-05-12T00:45:56.062+0000] {processor.py:183} INFO - Processing /home/airflow/.local/lib/python3.12/site-packages/airflow/example_dags/tutorial_objectstorage.py took 0.034 seconds
[2024-05-12T00:46:26.911+0000] {processor.py:161} INFO - Started process (PID=9002) to work on /home/airflow/.local/lib/python3.12/site-packages/airflow/example_dags/tutorial_objectstorage.py
[2024-05-12T00:46:26.912+0000] {processor.py:830} INFO - Processing file /home/airflow/.local/lib/python3.12/site-packages/airflow/example_dags/tutorial_objectstorage.py for tasks to queue
[2024-05-12T00:46:26.913+0000] {logging_mixin.py:188} INFO - [2024-05-12T00:46:26.913+0000] {dagbag.py:545} INFO - Filling up the DagBag from /home/airflow/.local/lib/python3.12/site-packages/airflow/example_dags/tutorial_objectstorage.py
[2024-05-12T00:46:26.917+0000] {processor.py:840} INFO - DAG(s) 'tutorial_objectstorage' retrieved from /home/airflow/.local/lib/python3.12/site-packages/airflow/example_dags/tutorial_objectstorage.py
[2024-05-12T00:46:26.928+0000] {logging_mixin.py:188} INFO - [2024-05-12T00:46:26.928+0000] {dag.py:3096} INFO - Sync 1 DAGs
[2024-05-12T00:46:26.934+0000] {logging_mixin.py:188} INFO - [2024-05-12T00:46:26.934+0000] {dag.py:3954} INFO - Setting next_dagrun for tutorial_objectstorage to None, run_after=None
[2024-05-12T00:46:26.942+0000] {processor.py:183} INFO - Processing /home/airflow/.local/lib/python3.12/site-packages/airflow/example_dags/tutorial_objectstorage.py took 0.034 seconds
[2024-05-12T00:46:57.799+0000] {processor.py:161} INFO - Started process (PID=9264) to work on /home/airflow/.local/lib/python3.12/site-packages/airflow/example_dags/tutorial_objectstorage.py
[2024-05-12T00:46:57.800+0000] {processor.py:830} INFO - Processing file /home/airflow/.local/lib/python3.12/site-packages/airflow/example_dags/tutorial_objectstorage.py for tasks to queue
[2024-05-12T00:46:57.801+0000] {logging_mixin.py:188} INFO - [2024-05-12T00:46:57.800+0000] {dagbag.py:545} INFO - Filling up the DagBag from /home/airflow/.local/lib/python3.12/site-packages/airflow/example_dags/tutorial_objectstorage.py
[2024-05-12T00:46:57.804+0000] {processor.py:840} INFO - DAG(s) 'tutorial_objectstorage' retrieved from /home/airflow/.local/lib/python3.12/site-packages/airflow/example_dags/tutorial_objectstorage.py
[2024-05-12T00:46:57.814+0000] {logging_mixin.py:188} INFO - [2024-05-12T00:46:57.814+0000] {dag.py:3096} INFO - Sync 1 DAGs
[2024-05-12T00:46:57.820+0000] {logging_mixin.py:188} INFO - [2024-05-12T00:46:57.820+0000] {dag.py:3954} INFO - Setting next_dagrun for tutorial_objectstorage to None, run_after=None
[2024-05-12T00:46:57.827+0000] {processor.py:183} INFO - Processing /home/airflow/.local/lib/python3.12/site-packages/airflow/example_dags/tutorial_objectstorage.py took 0.031 seconds
[2024-05-12T00:47:28.685+0000] {processor.py:161} INFO - Started process (PID=9523) to work on /home/airflow/.local/lib/python3.12/site-packages/airflow/example_dags/tutorial_objectstorage.py
[2024-05-12T00:47:28.686+0000] {processor.py:830} INFO - Processing file /home/airflow/.local/lib/python3.12/site-packages/airflow/example_dags/tutorial_objectstorage.py for tasks to queue
[2024-05-12T00:47:28.687+0000] {logging_mixin.py:188} INFO - [2024-05-12T00:47:28.687+0000] {dagbag.py:545} INFO - Filling up the DagBag from /home/airflow/.local/lib/python3.12/site-packages/airflow/example_dags/tutorial_objectstorage.py
[2024-05-12T00:47:28.691+0000] {processor.py:840} INFO - DAG(s) 'tutorial_objectstorage' retrieved from /home/airflow/.local/lib/python3.12/site-packages/airflow/example_dags/tutorial_objectstorage.py
[2024-05-12T00:47:28.702+0000] {logging_mixin.py:188} INFO - [2024-05-12T00:47:28.701+0000] {dag.py:3096} INFO - Sync 1 DAGs
[2024-05-12T00:47:28.708+0000] {logging_mixin.py:188} INFO - [2024-05-12T00:47:28.708+0000] {dag.py:3954} INFO - Setting next_dagrun for tutorial_objectstorage to None, run_after=None
[2024-05-12T00:47:28.717+0000] {processor.py:183} INFO - Processing /home/airflow/.local/lib/python3.12/site-packages/airflow/example_dags/tutorial_objectstorage.py took 0.035 seconds
[2024-05-12T00:47:59.485+0000] {processor.py:161} INFO - Started process (PID=9785) to work on /home/airflow/.local/lib/python3.12/site-packages/airflow/example_dags/tutorial_objectstorage.py
[2024-05-12T00:47:59.486+0000] {processor.py:830} INFO - Processing file /home/airflow/.local/lib/python3.12/site-packages/airflow/example_dags/tutorial_objectstorage.py for tasks to queue
[2024-05-12T00:47:59.487+0000] {logging_mixin.py:188} INFO - [2024-05-12T00:47:59.487+0000] {dagbag.py:545} INFO - Filling up the DagBag from /home/airflow/.local/lib/python3.12/site-packages/airflow/example_dags/tutorial_objectstorage.py
[2024-05-12T00:47:59.491+0000] {processor.py:840} INFO - DAG(s) 'tutorial_objectstorage' retrieved from /home/airflow/.local/lib/python3.12/site-packages/airflow/example_dags/tutorial_objectstorage.py
[2024-05-12T00:47:59.501+0000] {logging_mixin.py:188} INFO - [2024-05-12T00:47:59.501+0000] {dag.py:3096} INFO - Sync 1 DAGs
[2024-05-12T00:47:59.508+0000] {logging_mixin.py:188} INFO - [2024-05-12T00:47:59.508+0000] {dag.py:3954} INFO - Setting next_dagrun for tutorial_objectstorage to None, run_after=None
[2024-05-12T00:47:59.517+0000] {processor.py:183} INFO - Processing /home/airflow/.local/lib/python3.12/site-packages/airflow/example_dags/tutorial_objectstorage.py took 0.036 seconds
[2024-05-12T00:48:30.225+0000] {processor.py:161} INFO - Started process (PID=10047) to work on /home/airflow/.local/lib/python3.12/site-packages/airflow/example_dags/tutorial_objectstorage.py
[2024-05-12T00:48:30.226+0000] {processor.py:830} INFO - Processing file /home/airflow/.local/lib/python3.12/site-packages/airflow/example_dags/tutorial_objectstorage.py for tasks to queue
[2024-05-12T00:48:30.227+0000] {logging_mixin.py:188} INFO - [2024-05-12T00:48:30.226+0000] {dagbag.py:545} INFO - Filling up the DagBag from /home/airflow/.local/lib/python3.12/site-packages/airflow/example_dags/tutorial_objectstorage.py
[2024-05-12T00:48:30.230+0000] {processor.py:840} INFO - DAG(s) 'tutorial_objectstorage' retrieved from /home/airflow/.local/lib/python3.12/site-packages/airflow/example_dags/tutorial_objectstorage.py
[2024-05-12T00:48:30.240+0000] {logging_mixin.py:188} INFO - [2024-05-12T00:48:30.240+0000] {dag.py:3096} INFO - Sync 1 DAGs
[2024-05-12T00:48:30.245+0000] {logging_mixin.py:188} INFO - [2024-05-12T00:48:30.245+0000] {dag.py:3954} INFO - Setting next_dagrun for tutorial_objectstorage to None, run_after=None
[2024-05-12T00:48:30.254+0000] {processor.py:183} INFO - Processing /home/airflow/.local/lib/python3.12/site-packages/airflow/example_dags/tutorial_objectstorage.py took 0.032 seconds
[2024-05-12T00:49:00.409+0000] {processor.py:161} INFO - Started process (PID=10309) to work on /home/airflow/.local/lib/python3.12/site-packages/airflow/example_dags/tutorial_objectstorage.py
[2024-05-12T00:49:00.410+0000] {processor.py:830} INFO - Processing file /home/airflow/.local/lib/python3.12/site-packages/airflow/example_dags/tutorial_objectstorage.py for tasks to queue
[2024-05-12T00:49:00.411+0000] {logging_mixin.py:188} INFO - [2024-05-12T00:49:00.411+0000] {dagbag.py:545} INFO - Filling up the DagBag from /home/airflow/.local/lib/python3.12/site-packages/airflow/example_dags/tutorial_objectstorage.py
[2024-05-12T00:49:00.415+0000] {processor.py:840} INFO - DAG(s) 'tutorial_objectstorage' retrieved from /home/airflow/.local/lib/python3.12/site-packages/airflow/example_dags/tutorial_objectstorage.py
[2024-05-12T00:49:00.425+0000] {logging_mixin.py:188} INFO - [2024-05-12T00:49:00.425+0000] {dag.py:3096} INFO - Sync 1 DAGs
[2024-05-12T00:49:00.431+0000] {logging_mixin.py:188} INFO - [2024-05-12T00:49:00.431+0000] {dag.py:3954} INFO - Setting next_dagrun for tutorial_objectstorage to None, run_after=None
[2024-05-12T00:49:00.440+0000] {processor.py:183} INFO - Processing /home/airflow/.local/lib/python3.12/site-packages/airflow/example_dags/tutorial_objectstorage.py took 0.034 seconds
[2024-05-12T01:06:46.188+0000] {processor.py:161} INFO - Started process (PID=10571) to work on /home/airflow/.local/lib/python3.12/site-packages/airflow/example_dags/tutorial_objectstorage.py
[2024-05-12T01:06:46.189+0000] {processor.py:830} INFO - Processing file /home/airflow/.local/lib/python3.12/site-packages/airflow/example_dags/tutorial_objectstorage.py for tasks to queue
[2024-05-12T01:06:46.190+0000] {logging_mixin.py:188} INFO - [2024-05-12T01:06:46.190+0000] {dagbag.py:545} INFO - Filling up the DagBag from /home/airflow/.local/lib/python3.12/site-packages/airflow/example_dags/tutorial_objectstorage.py
[2024-05-12T01:06:46.195+0000] {processor.py:840} INFO - DAG(s) 'tutorial_objectstorage' retrieved from /home/airflow/.local/lib/python3.12/site-packages/airflow/example_dags/tutorial_objectstorage.py
[2024-05-12T01:06:46.205+0000] {logging_mixin.py:188} INFO - [2024-05-12T01:06:46.205+0000] {dag.py:3096} INFO - Sync 1 DAGs
[2024-05-12T01:06:46.211+0000] {logging_mixin.py:188} INFO - [2024-05-12T01:06:46.211+0000] {dag.py:3954} INFO - Setting next_dagrun for tutorial_objectstorage to None, run_after=None
[2024-05-12T01:06:46.219+0000] {processor.py:183} INFO - Processing /home/airflow/.local/lib/python3.12/site-packages/airflow/example_dags/tutorial_objectstorage.py took 0.034 seconds
[2024-05-12T01:10:18.477+0000] {processor.py:161} INFO - Started process (PID=10834) to work on /home/airflow/.local/lib/python3.12/site-packages/airflow/example_dags/tutorial_objectstorage.py
[2024-05-12T01:10:18.477+0000] {processor.py:830} INFO - Processing file /home/airflow/.local/lib/python3.12/site-packages/airflow/example_dags/tutorial_objectstorage.py for tasks to queue
[2024-05-12T01:10:18.478+0000] {logging_mixin.py:188} INFO - [2024-05-12T01:10:18.478+0000] {dagbag.py:545} INFO - Filling up the DagBag from /home/airflow/.local/lib/python3.12/site-packages/airflow/example_dags/tutorial_objectstorage.py
[2024-05-12T01:10:18.483+0000] {processor.py:840} INFO - DAG(s) 'tutorial_objectstorage' retrieved from /home/airflow/.local/lib/python3.12/site-packages/airflow/example_dags/tutorial_objectstorage.py
[2024-05-12T01:10:18.493+0000] {logging_mixin.py:188} INFO - [2024-05-12T01:10:18.493+0000] {dag.py:3096} INFO - Sync 1 DAGs
[2024-05-12T01:10:18.499+0000] {logging_mixin.py:188} INFO - [2024-05-12T01:10:18.499+0000] {dag.py:3954} INFO - Setting next_dagrun for tutorial_objectstorage to None, run_after=None
[2024-05-12T01:10:18.509+0000] {processor.py:183} INFO - Processing /home/airflow/.local/lib/python3.12/site-packages/airflow/example_dags/tutorial_objectstorage.py took 0.035 seconds
[2024-05-12T01:10:49.985+0000] {processor.py:161} INFO - Started process (PID=11094) to work on /home/airflow/.local/lib/python3.12/site-packages/airflow/example_dags/tutorial_objectstorage.py
[2024-05-12T01:10:49.985+0000] {processor.py:830} INFO - Processing file /home/airflow/.local/lib/python3.12/site-packages/airflow/example_dags/tutorial_objectstorage.py for tasks to queue
[2024-05-12T01:10:49.987+0000] {logging_mixin.py:188} INFO - [2024-05-12T01:10:49.986+0000] {dagbag.py:545} INFO - Filling up the DagBag from /home/airflow/.local/lib/python3.12/site-packages/airflow/example_dags/tutorial_objectstorage.py
[2024-05-12T01:10:49.991+0000] {processor.py:840} INFO - DAG(s) 'tutorial_objectstorage' retrieved from /home/airflow/.local/lib/python3.12/site-packages/airflow/example_dags/tutorial_objectstorage.py
[2024-05-12T01:10:50.002+0000] {logging_mixin.py:188} INFO - [2024-05-12T01:10:50.002+0000] {dag.py:3096} INFO - Sync 1 DAGs
[2024-05-12T01:10:50.009+0000] {logging_mixin.py:188} INFO - [2024-05-12T01:10:50.009+0000] {dag.py:3954} INFO - Setting next_dagrun for tutorial_objectstorage to None, run_after=None
[2024-05-12T01:10:50.023+0000] {processor.py:183} INFO - Processing /home/airflow/.local/lib/python3.12/site-packages/airflow/example_dags/tutorial_objectstorage.py took 0.042 seconds
[2024-05-12T01:11:20.342+0000] {processor.py:161} INFO - Started process (PID=11356) to work on /home/airflow/.local/lib/python3.12/site-packages/airflow/example_dags/tutorial_objectstorage.py
[2024-05-12T01:11:20.343+0000] {processor.py:830} INFO - Processing file /home/airflow/.local/lib/python3.12/site-packages/airflow/example_dags/tutorial_objectstorage.py for tasks to queue
[2024-05-12T01:11:20.343+0000] {logging_mixin.py:188} INFO - [2024-05-12T01:11:20.343+0000] {dagbag.py:545} INFO - Filling up the DagBag from /home/airflow/.local/lib/python3.12/site-packages/airflow/example_dags/tutorial_objectstorage.py
[2024-05-12T01:11:20.348+0000] {processor.py:840} INFO - DAG(s) 'tutorial_objectstorage' retrieved from /home/airflow/.local/lib/python3.12/site-packages/airflow/example_dags/tutorial_objectstorage.py
[2024-05-12T01:11:20.459+0000] {logging_mixin.py:188} INFO - [2024-05-12T01:11:20.459+0000] {dag.py:3096} INFO - Sync 1 DAGs
[2024-05-12T01:11:20.464+0000] {logging_mixin.py:188} INFO - [2024-05-12T01:11:20.464+0000] {dag.py:3954} INFO - Setting next_dagrun for tutorial_objectstorage to None, run_after=None
[2024-05-12T01:11:20.473+0000] {processor.py:183} INFO - Processing /home/airflow/.local/lib/python3.12/site-packages/airflow/example_dags/tutorial_objectstorage.py took 0.134 seconds
[2024-05-12T01:11:50.554+0000] {processor.py:161} INFO - Started process (PID=11618) to work on /home/airflow/.local/lib/python3.12/site-packages/airflow/example_dags/tutorial_objectstorage.py
[2024-05-12T01:11:50.555+0000] {processor.py:830} INFO - Processing file /home/airflow/.local/lib/python3.12/site-packages/airflow/example_dags/tutorial_objectstorage.py for tasks to queue
[2024-05-12T01:11:50.556+0000] {logging_mixin.py:188} INFO - [2024-05-12T01:11:50.556+0000] {dagbag.py:545} INFO - Filling up the DagBag from /home/airflow/.local/lib/python3.12/site-packages/airflow/example_dags/tutorial_objectstorage.py
[2024-05-12T01:11:50.560+0000] {processor.py:840} INFO - DAG(s) 'tutorial_objectstorage' retrieved from /home/airflow/.local/lib/python3.12/site-packages/airflow/example_dags/tutorial_objectstorage.py
[2024-05-12T01:11:50.570+0000] {logging_mixin.py:188} INFO - [2024-05-12T01:11:50.570+0000] {dag.py:3096} INFO - Sync 1 DAGs
[2024-05-12T01:11:50.576+0000] {logging_mixin.py:188} INFO - [2024-05-12T01:11:50.576+0000] {dag.py:3954} INFO - Setting next_dagrun for tutorial_objectstorage to None, run_after=None
[2024-05-12T01:11:50.584+0000] {processor.py:183} INFO - Processing /home/airflow/.local/lib/python3.12/site-packages/airflow/example_dags/tutorial_objectstorage.py took 0.033 seconds
[2024-05-12T01:12:21.503+0000] {processor.py:161} INFO - Started process (PID=11880) to work on /home/airflow/.local/lib/python3.12/site-packages/airflow/example_dags/tutorial_objectstorage.py
[2024-05-12T01:12:21.503+0000] {processor.py:830} INFO - Processing file /home/airflow/.local/lib/python3.12/site-packages/airflow/example_dags/tutorial_objectstorage.py for tasks to queue
[2024-05-12T01:12:21.504+0000] {logging_mixin.py:188} INFO - [2024-05-12T01:12:21.504+0000] {dagbag.py:545} INFO - Filling up the DagBag from /home/airflow/.local/lib/python3.12/site-packages/airflow/example_dags/tutorial_objectstorage.py
[2024-05-12T01:12:21.508+0000] {processor.py:840} INFO - DAG(s) 'tutorial_objectstorage' retrieved from /home/airflow/.local/lib/python3.12/site-packages/airflow/example_dags/tutorial_objectstorage.py
[2024-05-12T01:12:21.518+0000] {logging_mixin.py:188} INFO - [2024-05-12T01:12:21.518+0000] {dag.py:3096} INFO - Sync 1 DAGs
[2024-05-12T01:12:21.524+0000] {logging_mixin.py:188} INFO - [2024-05-12T01:12:21.524+0000] {dag.py:3954} INFO - Setting next_dagrun for tutorial_objectstorage to None, run_after=None
[2024-05-12T01:12:21.533+0000] {processor.py:183} INFO - Processing /home/airflow/.local/lib/python3.12/site-packages/airflow/example_dags/tutorial_objectstorage.py took 0.034 seconds
[2024-05-12T01:12:52.411+0000] {processor.py:161} INFO - Started process (PID=12142) to work on /home/airflow/.local/lib/python3.12/site-packages/airflow/example_dags/tutorial_objectstorage.py
[2024-05-12T01:12:52.412+0000] {processor.py:830} INFO - Processing file /home/airflow/.local/lib/python3.12/site-packages/airflow/example_dags/tutorial_objectstorage.py for tasks to queue
[2024-05-12T01:12:52.412+0000] {logging_mixin.py:188} INFO - [2024-05-12T01:12:52.412+0000] {dagbag.py:545} INFO - Filling up the DagBag from /home/airflow/.local/lib/python3.12/site-packages/airflow/example_dags/tutorial_objectstorage.py
[2024-05-12T01:12:52.416+0000] {processor.py:840} INFO - DAG(s) 'tutorial_objectstorage' retrieved from /home/airflow/.local/lib/python3.12/site-packages/airflow/example_dags/tutorial_objectstorage.py
[2024-05-12T01:12:52.426+0000] {logging_mixin.py:188} INFO - [2024-05-12T01:12:52.426+0000] {dag.py:3096} INFO - Sync 1 DAGs
[2024-05-12T01:12:52.432+0000] {logging_mixin.py:188} INFO - [2024-05-12T01:12:52.432+0000] {dag.py:3954} INFO - Setting next_dagrun for tutorial_objectstorage to None, run_after=None
[2024-05-12T01:12:52.441+0000] {processor.py:183} INFO - Processing /home/airflow/.local/lib/python3.12/site-packages/airflow/example_dags/tutorial_objectstorage.py took 0.033 seconds
[2024-05-12T01:13:23.288+0000] {processor.py:161} INFO - Started process (PID=12403) to work on /home/airflow/.local/lib/python3.12/site-packages/airflow/example_dags/tutorial_objectstorage.py
[2024-05-12T01:13:23.288+0000] {processor.py:830} INFO - Processing file /home/airflow/.local/lib/python3.12/site-packages/airflow/example_dags/tutorial_objectstorage.py for tasks to queue
[2024-05-12T01:13:23.289+0000] {logging_mixin.py:188} INFO - [2024-05-12T01:13:23.289+0000] {dagbag.py:545} INFO - Filling up the DagBag from /home/airflow/.local/lib/python3.12/site-packages/airflow/example_dags/tutorial_objectstorage.py
[2024-05-12T01:13:23.294+0000] {processor.py:840} INFO - DAG(s) 'tutorial_objectstorage' retrieved from /home/airflow/.local/lib/python3.12/site-packages/airflow/example_dags/tutorial_objectstorage.py
[2024-05-12T01:13:23.303+0000] {logging_mixin.py:188} INFO - [2024-05-12T01:13:23.303+0000] {dag.py:3096} INFO - Sync 1 DAGs
[2024-05-12T01:13:23.309+0000] {logging_mixin.py:188} INFO - [2024-05-12T01:13:23.309+0000] {dag.py:3954} INFO - Setting next_dagrun for tutorial_objectstorage to None, run_after=None
[2024-05-12T01:13:23.318+0000] {processor.py:183} INFO - Processing /home/airflow/.local/lib/python3.12/site-packages/airflow/example_dags/tutorial_objectstorage.py took 0.033 seconds
[2024-05-12T01:13:54.190+0000] {processor.py:161} INFO - Started process (PID=12665) to work on /home/airflow/.local/lib/python3.12/site-packages/airflow/example_dags/tutorial_objectstorage.py
[2024-05-12T01:13:54.191+0000] {processor.py:830} INFO - Processing file /home/airflow/.local/lib/python3.12/site-packages/airflow/example_dags/tutorial_objectstorage.py for tasks to queue
[2024-05-12T01:13:54.192+0000] {logging_mixin.py:188} INFO - [2024-05-12T01:13:54.192+0000] {dagbag.py:545} INFO - Filling up the DagBag from /home/airflow/.local/lib/python3.12/site-packages/airflow/example_dags/tutorial_objectstorage.py
[2024-05-12T01:13:54.196+0000] {processor.py:840} INFO - DAG(s) 'tutorial_objectstorage' retrieved from /home/airflow/.local/lib/python3.12/site-packages/airflow/example_dags/tutorial_objectstorage.py
[2024-05-12T01:13:54.206+0000] {logging_mixin.py:188} INFO - [2024-05-12T01:13:54.206+0000] {dag.py:3096} INFO - Sync 1 DAGs
[2024-05-12T01:13:54.213+0000] {logging_mixin.py:188} INFO - [2024-05-12T01:13:54.213+0000] {dag.py:3954} INFO - Setting next_dagrun for tutorial_objectstorage to None, run_after=None
[2024-05-12T01:13:54.222+0000] {processor.py:183} INFO - Processing /home/airflow/.local/lib/python3.12/site-packages/airflow/example_dags/tutorial_objectstorage.py took 0.035 seconds
[2024-05-12T01:14:25.175+0000] {processor.py:161} INFO - Started process (PID=12926) to work on /home/airflow/.local/lib/python3.12/site-packages/airflow/example_dags/tutorial_objectstorage.py
[2024-05-12T01:14:25.176+0000] {processor.py:830} INFO - Processing file /home/airflow/.local/lib/python3.12/site-packages/airflow/example_dags/tutorial_objectstorage.py for tasks to queue
[2024-05-12T01:14:25.177+0000] {logging_mixin.py:188} INFO - [2024-05-12T01:14:25.176+0000] {dagbag.py:545} INFO - Filling up the DagBag from /home/airflow/.local/lib/python3.12/site-packages/airflow/example_dags/tutorial_objectstorage.py
[2024-05-12T01:14:25.180+0000] {processor.py:840} INFO - DAG(s) 'tutorial_objectstorage' retrieved from /home/airflow/.local/lib/python3.12/site-packages/airflow/example_dags/tutorial_objectstorage.py
[2024-05-12T01:14:25.190+0000] {logging_mixin.py:188} INFO - [2024-05-12T01:14:25.190+0000] {dag.py:3096} INFO - Sync 1 DAGs
[2024-05-12T01:14:25.196+0000] {logging_mixin.py:188} INFO - [2024-05-12T01:14:25.196+0000] {dag.py:3954} INFO - Setting next_dagrun for tutorial_objectstorage to None, run_after=None
[2024-05-12T01:14:25.206+0000] {processor.py:183} INFO - Processing /home/airflow/.local/lib/python3.12/site-packages/airflow/example_dags/tutorial_objectstorage.py took 0.034 seconds
[2024-05-12T01:14:56.198+0000] {processor.py:161} INFO - Started process (PID=13190) to work on /home/airflow/.local/lib/python3.12/site-packages/airflow/example_dags/tutorial_objectstorage.py
[2024-05-12T01:14:56.199+0000] {processor.py:830} INFO - Processing file /home/airflow/.local/lib/python3.12/site-packages/airflow/example_dags/tutorial_objectstorage.py for tasks to queue
[2024-05-12T01:14:56.200+0000] {logging_mixin.py:188} INFO - [2024-05-12T01:14:56.200+0000] {dagbag.py:545} INFO - Filling up the DagBag from /home/airflow/.local/lib/python3.12/site-packages/airflow/example_dags/tutorial_objectstorage.py
[2024-05-12T01:14:56.204+0000] {processor.py:840} INFO - DAG(s) 'tutorial_objectstorage' retrieved from /home/airflow/.local/lib/python3.12/site-packages/airflow/example_dags/tutorial_objectstorage.py
[2024-05-12T01:14:56.214+0000] {logging_mixin.py:188} INFO - [2024-05-12T01:14:56.214+0000] {dag.py:3096} INFO - Sync 1 DAGs
[2024-05-12T01:14:56.221+0000] {logging_mixin.py:188} INFO - [2024-05-12T01:14:56.220+0000] {dag.py:3954} INFO - Setting next_dagrun for tutorial_objectstorage to None, run_after=None
[2024-05-12T01:14:56.229+0000] {processor.py:183} INFO - Processing /home/airflow/.local/lib/python3.12/site-packages/airflow/example_dags/tutorial_objectstorage.py took 0.034 seconds
[2024-05-12T01:15:27.116+0000] {processor.py:161} INFO - Started process (PID=13452) to work on /home/airflow/.local/lib/python3.12/site-packages/airflow/example_dags/tutorial_objectstorage.py
[2024-05-12T01:15:27.116+0000] {processor.py:830} INFO - Processing file /home/airflow/.local/lib/python3.12/site-packages/airflow/example_dags/tutorial_objectstorage.py for tasks to queue
[2024-05-12T01:15:27.118+0000] {logging_mixin.py:188} INFO - [2024-05-12T01:15:27.118+0000] {dagbag.py:545} INFO - Filling up the DagBag from /home/airflow/.local/lib/python3.12/site-packages/airflow/example_dags/tutorial_objectstorage.py
[2024-05-12T01:15:27.122+0000] {processor.py:840} INFO - DAG(s) 'tutorial_objectstorage' retrieved from /home/airflow/.local/lib/python3.12/site-packages/airflow/example_dags/tutorial_objectstorage.py
[2024-05-12T01:15:27.131+0000] {logging_mixin.py:188} INFO - [2024-05-12T01:15:27.131+0000] {dag.py:3096} INFO - Sync 1 DAGs
[2024-05-12T01:15:27.138+0000] {logging_mixin.py:188} INFO - [2024-05-12T01:15:27.138+0000] {dag.py:3954} INFO - Setting next_dagrun for tutorial_objectstorage to None, run_after=None
[2024-05-12T01:15:27.146+0000] {processor.py:183} INFO - Processing /home/airflow/.local/lib/python3.12/site-packages/airflow/example_dags/tutorial_objectstorage.py took 0.033 seconds
[2024-05-12T01:15:57.935+0000] {processor.py:161} INFO - Started process (PID=13712) to work on /home/airflow/.local/lib/python3.12/site-packages/airflow/example_dags/tutorial_objectstorage.py
[2024-05-12T01:15:57.935+0000] {processor.py:830} INFO - Processing file /home/airflow/.local/lib/python3.12/site-packages/airflow/example_dags/tutorial_objectstorage.py for tasks to queue
[2024-05-12T01:15:57.936+0000] {logging_mixin.py:188} INFO - [2024-05-12T01:15:57.936+0000] {dagbag.py:545} INFO - Filling up the DagBag from /home/airflow/.local/lib/python3.12/site-packages/airflow/example_dags/tutorial_objectstorage.py
[2024-05-12T01:15:57.940+0000] {processor.py:840} INFO - DAG(s) 'tutorial_objectstorage' retrieved from /home/airflow/.local/lib/python3.12/site-packages/airflow/example_dags/tutorial_objectstorage.py
[2024-05-12T01:15:57.949+0000] {logging_mixin.py:188} INFO - [2024-05-12T01:15:57.949+0000] {dag.py:3096} INFO - Sync 1 DAGs
[2024-05-12T01:15:57.954+0000] {logging_mixin.py:188} INFO - [2024-05-12T01:15:57.954+0000] {dag.py:3954} INFO - Setting next_dagrun for tutorial_objectstorage to None, run_after=None
[2024-05-12T01:15:57.963+0000] {processor.py:183} INFO - Processing /home/airflow/.local/lib/python3.12/site-packages/airflow/example_dags/tutorial_objectstorage.py took 0.031 seconds
[2024-05-12T01:16:28.698+0000] {processor.py:161} INFO - Started process (PID=13974) to work on /home/airflow/.local/lib/python3.12/site-packages/airflow/example_dags/tutorial_objectstorage.py
[2024-05-12T01:16:28.698+0000] {processor.py:830} INFO - Processing file /home/airflow/.local/lib/python3.12/site-packages/airflow/example_dags/tutorial_objectstorage.py for tasks to queue
[2024-05-12T01:16:28.699+0000] {logging_mixin.py:188} INFO - [2024-05-12T01:16:28.699+0000] {dagbag.py:545} INFO - Filling up the DagBag from /home/airflow/.local/lib/python3.12/site-packages/airflow/example_dags/tutorial_objectstorage.py
[2024-05-12T01:16:28.703+0000] {processor.py:840} INFO - DAG(s) 'tutorial_objectstorage' retrieved from /home/airflow/.local/lib/python3.12/site-packages/airflow/example_dags/tutorial_objectstorage.py
[2024-05-12T01:16:28.713+0000] {logging_mixin.py:188} INFO - [2024-05-12T01:16:28.713+0000] {dag.py:3096} INFO - Sync 1 DAGs
[2024-05-12T01:16:28.719+0000] {logging_mixin.py:188} INFO - [2024-05-12T01:16:28.719+0000] {dag.py:3954} INFO - Setting next_dagrun for tutorial_objectstorage to None, run_after=None
[2024-05-12T01:16:28.728+0000] {processor.py:183} INFO - Processing /home/airflow/.local/lib/python3.12/site-packages/airflow/example_dags/tutorial_objectstorage.py took 0.034 seconds
[2024-05-12T01:16:59.443+0000] {processor.py:161} INFO - Started process (PID=14236) to work on /home/airflow/.local/lib/python3.12/site-packages/airflow/example_dags/tutorial_objectstorage.py
[2024-05-12T01:16:59.444+0000] {processor.py:830} INFO - Processing file /home/airflow/.local/lib/python3.12/site-packages/airflow/example_dags/tutorial_objectstorage.py for tasks to queue
[2024-05-12T01:16:59.445+0000] {logging_mixin.py:188} INFO - [2024-05-12T01:16:59.445+0000] {dagbag.py:545} INFO - Filling up the DagBag from /home/airflow/.local/lib/python3.12/site-packages/airflow/example_dags/tutorial_objectstorage.py
[2024-05-12T01:16:59.449+0000] {processor.py:840} INFO - DAG(s) 'tutorial_objectstorage' retrieved from /home/airflow/.local/lib/python3.12/site-packages/airflow/example_dags/tutorial_objectstorage.py
[2024-05-12T01:16:59.459+0000] {logging_mixin.py:188} INFO - [2024-05-12T01:16:59.459+0000] {dag.py:3096} INFO - Sync 1 DAGs
[2024-05-12T01:16:59.465+0000] {logging_mixin.py:188} INFO - [2024-05-12T01:16:59.465+0000] {dag.py:3954} INFO - Setting next_dagrun for tutorial_objectstorage to None, run_after=None
[2024-05-12T01:16:59.473+0000] {processor.py:183} INFO - Processing /home/airflow/.local/lib/python3.12/site-packages/airflow/example_dags/tutorial_objectstorage.py took 0.033 seconds
[2024-05-12T01:17:30.319+0000] {processor.py:161} INFO - Started process (PID=14500) to work on /home/airflow/.local/lib/python3.12/site-packages/airflow/example_dags/tutorial_objectstorage.py
[2024-05-12T01:17:30.319+0000] {processor.py:830} INFO - Processing file /home/airflow/.local/lib/python3.12/site-packages/airflow/example_dags/tutorial_objectstorage.py for tasks to queue
[2024-05-12T01:17:30.320+0000] {logging_mixin.py:188} INFO - [2024-05-12T01:17:30.320+0000] {dagbag.py:545} INFO - Filling up the DagBag from /home/airflow/.local/lib/python3.12/site-packages/airflow/example_dags/tutorial_objectstorage.py
[2024-05-12T01:17:30.324+0000] {processor.py:840} INFO - DAG(s) 'tutorial_objectstorage' retrieved from /home/airflow/.local/lib/python3.12/site-packages/airflow/example_dags/tutorial_objectstorage.py
[2024-05-12T01:17:30.334+0000] {logging_mixin.py:188} INFO - [2024-05-12T01:17:30.334+0000] {dag.py:3096} INFO - Sync 1 DAGs
[2024-05-12T01:17:30.341+0000] {logging_mixin.py:188} INFO - [2024-05-12T01:17:30.340+0000] {dag.py:3954} INFO - Setting next_dagrun for tutorial_objectstorage to None, run_after=None
[2024-05-12T01:17:30.350+0000] {processor.py:183} INFO - Processing /home/airflow/.local/lib/python3.12/site-packages/airflow/example_dags/tutorial_objectstorage.py took 0.034 seconds
[2024-05-12T01:18:01.115+0000] {processor.py:161} INFO - Started process (PID=14762) to work on /home/airflow/.local/lib/python3.12/site-packages/airflow/example_dags/tutorial_objectstorage.py
[2024-05-12T01:18:01.115+0000] {processor.py:830} INFO - Processing file /home/airflow/.local/lib/python3.12/site-packages/airflow/example_dags/tutorial_objectstorage.py for tasks to queue
[2024-05-12T01:18:01.116+0000] {logging_mixin.py:188} INFO - [2024-05-12T01:18:01.116+0000] {dagbag.py:545} INFO - Filling up the DagBag from /home/airflow/.local/lib/python3.12/site-packages/airflow/example_dags/tutorial_objectstorage.py
[2024-05-12T01:18:01.120+0000] {processor.py:840} INFO - DAG(s) 'tutorial_objectstorage' retrieved from /home/airflow/.local/lib/python3.12/site-packages/airflow/example_dags/tutorial_objectstorage.py
[2024-05-12T01:18:01.131+0000] {logging_mixin.py:188} INFO - [2024-05-12T01:18:01.130+0000] {dag.py:3096} INFO - Sync 1 DAGs
[2024-05-12T01:18:01.137+0000] {logging_mixin.py:188} INFO - [2024-05-12T01:18:01.137+0000] {dag.py:3954} INFO - Setting next_dagrun for tutorial_objectstorage to None, run_after=None
[2024-05-12T01:18:01.145+0000] {processor.py:183} INFO - Processing /home/airflow/.local/lib/python3.12/site-packages/airflow/example_dags/tutorial_objectstorage.py took 0.034 seconds
[2024-05-12T01:18:31.913+0000] {processor.py:161} INFO - Started process (PID=15022) to work on /home/airflow/.local/lib/python3.12/site-packages/airflow/example_dags/tutorial_objectstorage.py
[2024-05-12T01:18:31.913+0000] {processor.py:830} INFO - Processing file /home/airflow/.local/lib/python3.12/site-packages/airflow/example_dags/tutorial_objectstorage.py for tasks to queue
[2024-05-12T01:18:31.914+0000] {logging_mixin.py:188} INFO - [2024-05-12T01:18:31.914+0000] {dagbag.py:545} INFO - Filling up the DagBag from /home/airflow/.local/lib/python3.12/site-packages/airflow/example_dags/tutorial_objectstorage.py
[2024-05-12T01:18:31.918+0000] {processor.py:840} INFO - DAG(s) 'tutorial_objectstorage' retrieved from /home/airflow/.local/lib/python3.12/site-packages/airflow/example_dags/tutorial_objectstorage.py
[2024-05-12T01:18:31.927+0000] {logging_mixin.py:188} INFO - [2024-05-12T01:18:31.927+0000] {dag.py:3096} INFO - Sync 1 DAGs
[2024-05-12T01:18:31.933+0000] {logging_mixin.py:188} INFO - [2024-05-12T01:18:31.933+0000] {dag.py:3954} INFO - Setting next_dagrun for tutorial_objectstorage to None, run_after=None
[2024-05-12T01:18:31.941+0000] {processor.py:183} INFO - Processing /home/airflow/.local/lib/python3.12/site-packages/airflow/example_dags/tutorial_objectstorage.py took 0.032 seconds
[2024-05-12T01:19:02.763+0000] {processor.py:161} INFO - Started process (PID=15286) to work on /home/airflow/.local/lib/python3.12/site-packages/airflow/example_dags/tutorial_objectstorage.py
[2024-05-12T01:19:02.764+0000] {processor.py:830} INFO - Processing file /home/airflow/.local/lib/python3.12/site-packages/airflow/example_dags/tutorial_objectstorage.py for tasks to queue
[2024-05-12T01:19:02.765+0000] {logging_mixin.py:188} INFO - [2024-05-12T01:19:02.765+0000] {dagbag.py:545} INFO - Filling up the DagBag from /home/airflow/.local/lib/python3.12/site-packages/airflow/example_dags/tutorial_objectstorage.py
[2024-05-12T01:19:02.770+0000] {processor.py:840} INFO - DAG(s) 'tutorial_objectstorage' retrieved from /home/airflow/.local/lib/python3.12/site-packages/airflow/example_dags/tutorial_objectstorage.py
[2024-05-12T01:19:02.781+0000] {logging_mixin.py:188} INFO - [2024-05-12T01:19:02.781+0000] {dag.py:3096} INFO - Sync 1 DAGs
[2024-05-12T01:19:02.787+0000] {logging_mixin.py:188} INFO - [2024-05-12T01:19:02.787+0000] {dag.py:3954} INFO - Setting next_dagrun for tutorial_objectstorage to None, run_after=None
[2024-05-12T01:19:02.798+0000] {processor.py:183} INFO - Processing /home/airflow/.local/lib/python3.12/site-packages/airflow/example_dags/tutorial_objectstorage.py took 0.039 seconds
[2024-05-12T01:19:33.642+0000] {processor.py:161} INFO - Started process (PID=15548) to work on /home/airflow/.local/lib/python3.12/site-packages/airflow/example_dags/tutorial_objectstorage.py
[2024-05-12T01:19:33.643+0000] {processor.py:830} INFO - Processing file /home/airflow/.local/lib/python3.12/site-packages/airflow/example_dags/tutorial_objectstorage.py for tasks to queue
[2024-05-12T01:19:33.644+0000] {logging_mixin.py:188} INFO - [2024-05-12T01:19:33.644+0000] {dagbag.py:545} INFO - Filling up the DagBag from /home/airflow/.local/lib/python3.12/site-packages/airflow/example_dags/tutorial_objectstorage.py
[2024-05-12T01:19:33.648+0000] {processor.py:840} INFO - DAG(s) 'tutorial_objectstorage' retrieved from /home/airflow/.local/lib/python3.12/site-packages/airflow/example_dags/tutorial_objectstorage.py
[2024-05-12T01:19:33.658+0000] {logging_mixin.py:188} INFO - [2024-05-12T01:19:33.658+0000] {dag.py:3096} INFO - Sync 1 DAGs
[2024-05-12T01:19:33.664+0000] {logging_mixin.py:188} INFO - [2024-05-12T01:19:33.664+0000] {dag.py:3954} INFO - Setting next_dagrun for tutorial_objectstorage to None, run_after=None
[2024-05-12T01:19:33.673+0000] {processor.py:183} INFO - Processing /home/airflow/.local/lib/python3.12/site-packages/airflow/example_dags/tutorial_objectstorage.py took 0.034 seconds
[2024-05-12T01:20:04.452+0000] {processor.py:161} INFO - Started process (PID=15808) to work on /home/airflow/.local/lib/python3.12/site-packages/airflow/example_dags/tutorial_objectstorage.py
[2024-05-12T01:20:04.455+0000] {processor.py:830} INFO - Processing file /home/airflow/.local/lib/python3.12/site-packages/airflow/example_dags/tutorial_objectstorage.py for tasks to queue
[2024-05-12T01:20:04.456+0000] {logging_mixin.py:188} INFO - [2024-05-12T01:20:04.456+0000] {dagbag.py:545} INFO - Filling up the DagBag from /home/airflow/.local/lib/python3.12/site-packages/airflow/example_dags/tutorial_objectstorage.py
[2024-05-12T01:20:04.460+0000] {processor.py:840} INFO - DAG(s) 'tutorial_objectstorage' retrieved from /home/airflow/.local/lib/python3.12/site-packages/airflow/example_dags/tutorial_objectstorage.py
[2024-05-12T01:20:04.471+0000] {logging_mixin.py:188} INFO - [2024-05-12T01:20:04.471+0000] {dag.py:3096} INFO - Sync 1 DAGs
[2024-05-12T01:20:04.478+0000] {logging_mixin.py:188} INFO - [2024-05-12T01:20:04.477+0000] {dag.py:3954} INFO - Setting next_dagrun for tutorial_objectstorage to None, run_after=None
[2024-05-12T01:20:04.487+0000] {processor.py:183} INFO - Processing /home/airflow/.local/lib/python3.12/site-packages/airflow/example_dags/tutorial_objectstorage.py took 0.038 seconds
[2024-05-12T01:20:35.222+0000] {processor.py:161} INFO - Started process (PID=16070) to work on /home/airflow/.local/lib/python3.12/site-packages/airflow/example_dags/tutorial_objectstorage.py
[2024-05-12T01:20:35.222+0000] {processor.py:830} INFO - Processing file /home/airflow/.local/lib/python3.12/site-packages/airflow/example_dags/tutorial_objectstorage.py for tasks to queue
[2024-05-12T01:20:35.224+0000] {logging_mixin.py:188} INFO - [2024-05-12T01:20:35.223+0000] {dagbag.py:545} INFO - Filling up the DagBag from /home/airflow/.local/lib/python3.12/site-packages/airflow/example_dags/tutorial_objectstorage.py
[2024-05-12T01:20:35.228+0000] {processor.py:840} INFO - DAG(s) 'tutorial_objectstorage' retrieved from /home/airflow/.local/lib/python3.12/site-packages/airflow/example_dags/tutorial_objectstorage.py
[2024-05-12T01:20:35.238+0000] {logging_mixin.py:188} INFO - [2024-05-12T01:20:35.238+0000] {dag.py:3096} INFO - Sync 1 DAGs
[2024-05-12T01:20:35.244+0000] {logging_mixin.py:188} INFO - [2024-05-12T01:20:35.244+0000] {dag.py:3954} INFO - Setting next_dagrun for tutorial_objectstorage to None, run_after=None
[2024-05-12T01:20:35.254+0000] {processor.py:183} INFO - Processing /home/airflow/.local/lib/python3.12/site-packages/airflow/example_dags/tutorial_objectstorage.py took 0.035 seconds
[2024-05-12T01:21:06.205+0000] {processor.py:161} INFO - Started process (PID=16332) to work on /home/airflow/.local/lib/python3.12/site-packages/airflow/example_dags/tutorial_objectstorage.py
[2024-05-12T01:21:06.206+0000] {processor.py:830} INFO - Processing file /home/airflow/.local/lib/python3.12/site-packages/airflow/example_dags/tutorial_objectstorage.py for tasks to queue
[2024-05-12T01:21:06.207+0000] {logging_mixin.py:188} INFO - [2024-05-12T01:21:06.207+0000] {dagbag.py:545} INFO - Filling up the DagBag from /home/airflow/.local/lib/python3.12/site-packages/airflow/example_dags/tutorial_objectstorage.py
[2024-05-12T01:21:06.212+0000] {processor.py:840} INFO - DAG(s) 'tutorial_objectstorage' retrieved from /home/airflow/.local/lib/python3.12/site-packages/airflow/example_dags/tutorial_objectstorage.py
[2024-05-12T01:21:06.224+0000] {logging_mixin.py:188} INFO - [2024-05-12T01:21:06.223+0000] {dag.py:3096} INFO - Sync 1 DAGs
[2024-05-12T01:21:06.230+0000] {logging_mixin.py:188} INFO - [2024-05-12T01:21:06.230+0000] {dag.py:3954} INFO - Setting next_dagrun for tutorial_objectstorage to None, run_after=None
[2024-05-12T01:21:06.240+0000] {processor.py:183} INFO - Processing /home/airflow/.local/lib/python3.12/site-packages/airflow/example_dags/tutorial_objectstorage.py took 0.039 seconds
[2024-05-12T01:21:37.005+0000] {processor.py:161} INFO - Started process (PID=16593) to work on /home/airflow/.local/lib/python3.12/site-packages/airflow/example_dags/tutorial_objectstorage.py
[2024-05-12T01:21:37.006+0000] {processor.py:830} INFO - Processing file /home/airflow/.local/lib/python3.12/site-packages/airflow/example_dags/tutorial_objectstorage.py for tasks to queue
[2024-05-12T01:21:37.007+0000] {logging_mixin.py:188} INFO - [2024-05-12T01:21:37.007+0000] {dagbag.py:545} INFO - Filling up the DagBag from /home/airflow/.local/lib/python3.12/site-packages/airflow/example_dags/tutorial_objectstorage.py
[2024-05-12T01:21:37.011+0000] {processor.py:840} INFO - DAG(s) 'tutorial_objectstorage' retrieved from /home/airflow/.local/lib/python3.12/site-packages/airflow/example_dags/tutorial_objectstorage.py
[2024-05-12T01:21:37.021+0000] {logging_mixin.py:188} INFO - [2024-05-12T01:21:37.021+0000] {dag.py:3096} INFO - Sync 1 DAGs
[2024-05-12T01:21:37.027+0000] {logging_mixin.py:188} INFO - [2024-05-12T01:21:37.027+0000] {dag.py:3954} INFO - Setting next_dagrun for tutorial_objectstorage to None, run_after=None
[2024-05-12T01:21:37.036+0000] {processor.py:183} INFO - Processing /home/airflow/.local/lib/python3.12/site-packages/airflow/example_dags/tutorial_objectstorage.py took 0.033 seconds
[2024-05-12T01:22:07.885+0000] {processor.py:161} INFO - Started process (PID=16863) to work on /home/airflow/.local/lib/python3.12/site-packages/airflow/example_dags/tutorial_objectstorage.py
[2024-05-12T01:22:07.886+0000] {processor.py:830} INFO - Processing file /home/airflow/.local/lib/python3.12/site-packages/airflow/example_dags/tutorial_objectstorage.py for tasks to queue
[2024-05-12T01:22:07.887+0000] {logging_mixin.py:188} INFO - [2024-05-12T01:22:07.887+0000] {dagbag.py:545} INFO - Filling up the DagBag from /home/airflow/.local/lib/python3.12/site-packages/airflow/example_dags/tutorial_objectstorage.py
[2024-05-12T01:22:07.891+0000] {processor.py:840} INFO - DAG(s) 'tutorial_objectstorage' retrieved from /home/airflow/.local/lib/python3.12/site-packages/airflow/example_dags/tutorial_objectstorage.py
[2024-05-12T01:22:07.902+0000] {logging_mixin.py:188} INFO - [2024-05-12T01:22:07.902+0000] {dag.py:3096} INFO - Sync 1 DAGs
[2024-05-12T01:22:07.908+0000] {logging_mixin.py:188} INFO - [2024-05-12T01:22:07.908+0000] {dag.py:3954} INFO - Setting next_dagrun for tutorial_objectstorage to None, run_after=None
[2024-05-12T01:22:07.916+0000] {processor.py:183} INFO - Processing /home/airflow/.local/lib/python3.12/site-packages/airflow/example_dags/tutorial_objectstorage.py took 0.034 seconds
