[2024-05-12T00:37:43.415+0000] {processor.py:161} INFO - Started process (PID=4405) to work on /home/airflow/.local/lib/python3.12/site-packages/airflow/example_dags/tutorial.py
[2024-05-12T00:37:43.415+0000] {processor.py:830} INFO - Processing file /home/airflow/.local/lib/python3.12/site-packages/airflow/example_dags/tutorial.py for tasks to queue
[2024-05-12T00:37:43.416+0000] {logging_mixin.py:188} INFO - [2024-05-12T00:37:43.416+0000] {dagbag.py:545} INFO - Filling up the DagBag from /home/airflow/.local/lib/python3.12/site-packages/airflow/example_dags/tutorial.py
[2024-05-12T00:37:43.419+0000] {processor.py:840} INFO - DAG(s) 'tutorial' retrieved from /home/airflow/.local/lib/python3.12/site-packages/airflow/example_dags/tutorial.py
[2024-05-12T00:37:43.429+0000] {logging_mixin.py:188} INFO - [2024-05-12T00:37:43.429+0000] {dag.py:3096} INFO - Sync 1 DAGs
[2024-05-12T00:37:43.440+0000] {logging_mixin.py:188} INFO - [2024-05-12T00:37:43.440+0000] {dag.py:3954} INFO - Setting next_dagrun for tutorial to 2024-05-11 00:00:00+00:00, run_after=2024-05-12 00:00:00+00:00
[2024-05-12T00:37:43.449+0000] {processor.py:183} INFO - Processing /home/airflow/.local/lib/python3.12/site-packages/airflow/example_dags/tutorial.py took 0.037 seconds
[2024-05-12T00:38:14.136+0000] {processor.py:161} INFO - Started process (PID=4667) to work on /home/airflow/.local/lib/python3.12/site-packages/airflow/example_dags/tutorial.py
[2024-05-12T00:38:14.137+0000] {processor.py:830} INFO - Processing file /home/airflow/.local/lib/python3.12/site-packages/airflow/example_dags/tutorial.py for tasks to queue
[2024-05-12T00:38:14.138+0000] {logging_mixin.py:188} INFO - [2024-05-12T00:38:14.138+0000] {dagbag.py:545} INFO - Filling up the DagBag from /home/airflow/.local/lib/python3.12/site-packages/airflow/example_dags/tutorial.py
[2024-05-12T00:38:14.141+0000] {processor.py:840} INFO - DAG(s) 'tutorial' retrieved from /home/airflow/.local/lib/python3.12/site-packages/airflow/example_dags/tutorial.py
[2024-05-12T00:38:14.151+0000] {logging_mixin.py:188} INFO - [2024-05-12T00:38:14.151+0000] {dag.py:3096} INFO - Sync 1 DAGs
[2024-05-12T00:38:14.161+0000] {logging_mixin.py:188} INFO - [2024-05-12T00:38:14.161+0000] {dag.py:3954} INFO - Setting next_dagrun for tutorial to 2024-05-11 00:00:00+00:00, run_after=2024-05-12 00:00:00+00:00
[2024-05-12T00:38:14.170+0000] {processor.py:183} INFO - Processing /home/airflow/.local/lib/python3.12/site-packages/airflow/example_dags/tutorial.py took 0.037 seconds
[2024-05-12T00:38:44.806+0000] {processor.py:161} INFO - Started process (PID=4929) to work on /home/airflow/.local/lib/python3.12/site-packages/airflow/example_dags/tutorial.py
[2024-05-12T00:38:44.806+0000] {processor.py:830} INFO - Processing file /home/airflow/.local/lib/python3.12/site-packages/airflow/example_dags/tutorial.py for tasks to queue
[2024-05-12T00:38:44.808+0000] {logging_mixin.py:188} INFO - [2024-05-12T00:38:44.807+0000] {dagbag.py:545} INFO - Filling up the DagBag from /home/airflow/.local/lib/python3.12/site-packages/airflow/example_dags/tutorial.py
[2024-05-12T00:38:44.811+0000] {processor.py:840} INFO - DAG(s) 'tutorial' retrieved from /home/airflow/.local/lib/python3.12/site-packages/airflow/example_dags/tutorial.py
[2024-05-12T00:38:44.822+0000] {logging_mixin.py:188} INFO - [2024-05-12T00:38:44.822+0000] {dag.py:3096} INFO - Sync 1 DAGs
[2024-05-12T00:38:44.833+0000] {logging_mixin.py:188} INFO - [2024-05-12T00:38:44.833+0000] {dag.py:3954} INFO - Setting next_dagrun for tutorial to 2024-05-11 00:00:00+00:00, run_after=2024-05-12 00:00:00+00:00
[2024-05-12T00:38:44.844+0000] {processor.py:183} INFO - Processing /home/airflow/.local/lib/python3.12/site-packages/airflow/example_dags/tutorial.py took 0.042 seconds
[2024-05-12T00:39:15.421+0000] {processor.py:161} INFO - Started process (PID=5190) to work on /home/airflow/.local/lib/python3.12/site-packages/airflow/example_dags/tutorial.py
[2024-05-12T00:39:15.422+0000] {processor.py:830} INFO - Processing file /home/airflow/.local/lib/python3.12/site-packages/airflow/example_dags/tutorial.py for tasks to queue
[2024-05-12T00:39:15.423+0000] {logging_mixin.py:188} INFO - [2024-05-12T00:39:15.423+0000] {dagbag.py:545} INFO - Filling up the DagBag from /home/airflow/.local/lib/python3.12/site-packages/airflow/example_dags/tutorial.py
[2024-05-12T00:39:15.426+0000] {processor.py:840} INFO - DAG(s) 'tutorial' retrieved from /home/airflow/.local/lib/python3.12/site-packages/airflow/example_dags/tutorial.py
[2024-05-12T00:39:15.437+0000] {logging_mixin.py:188} INFO - [2024-05-12T00:39:15.437+0000] {dag.py:3096} INFO - Sync 1 DAGs
[2024-05-12T00:39:15.448+0000] {logging_mixin.py:188} INFO - [2024-05-12T00:39:15.448+0000] {dag.py:3954} INFO - Setting next_dagrun for tutorial to 2024-05-11 00:00:00+00:00, run_after=2024-05-12 00:00:00+00:00
[2024-05-12T00:39:15.458+0000] {processor.py:183} INFO - Processing /home/airflow/.local/lib/python3.12/site-packages/airflow/example_dags/tutorial.py took 0.041 seconds
[2024-05-12T00:39:46.266+0000] {processor.py:161} INFO - Started process (PID=5451) to work on /home/airflow/.local/lib/python3.12/site-packages/airflow/example_dags/tutorial.py
[2024-05-12T00:39:46.267+0000] {processor.py:830} INFO - Processing file /home/airflow/.local/lib/python3.12/site-packages/airflow/example_dags/tutorial.py for tasks to queue
[2024-05-12T00:39:46.268+0000] {logging_mixin.py:188} INFO - [2024-05-12T00:39:46.268+0000] {dagbag.py:545} INFO - Filling up the DagBag from /home/airflow/.local/lib/python3.12/site-packages/airflow/example_dags/tutorial.py
[2024-05-12T00:39:46.271+0000] {processor.py:840} INFO - DAG(s) 'tutorial' retrieved from /home/airflow/.local/lib/python3.12/site-packages/airflow/example_dags/tutorial.py
[2024-05-12T00:39:46.282+0000] {logging_mixin.py:188} INFO - [2024-05-12T00:39:46.282+0000] {dag.py:3096} INFO - Sync 1 DAGs
[2024-05-12T00:39:46.293+0000] {logging_mixin.py:188} INFO - [2024-05-12T00:39:46.293+0000] {dag.py:3954} INFO - Setting next_dagrun for tutorial to 2024-05-11 00:00:00+00:00, run_after=2024-05-12 00:00:00+00:00
[2024-05-12T00:39:46.302+0000] {processor.py:183} INFO - Processing /home/airflow/.local/lib/python3.12/site-packages/airflow/example_dags/tutorial.py took 0.039 seconds
[2024-05-12T00:40:16.989+0000] {processor.py:161} INFO - Started process (PID=5713) to work on /home/airflow/.local/lib/python3.12/site-packages/airflow/example_dags/tutorial.py
[2024-05-12T00:40:16.990+0000] {processor.py:830} INFO - Processing file /home/airflow/.local/lib/python3.12/site-packages/airflow/example_dags/tutorial.py for tasks to queue
[2024-05-12T00:40:16.991+0000] {logging_mixin.py:188} INFO - [2024-05-12T00:40:16.991+0000] {dagbag.py:545} INFO - Filling up the DagBag from /home/airflow/.local/lib/python3.12/site-packages/airflow/example_dags/tutorial.py
[2024-05-12T00:40:16.994+0000] {processor.py:840} INFO - DAG(s) 'tutorial' retrieved from /home/airflow/.local/lib/python3.12/site-packages/airflow/example_dags/tutorial.py
[2024-05-12T00:40:17.004+0000] {logging_mixin.py:188} INFO - [2024-05-12T00:40:17.004+0000] {dag.py:3096} INFO - Sync 1 DAGs
[2024-05-12T00:40:17.016+0000] {logging_mixin.py:188} INFO - [2024-05-12T00:40:17.016+0000] {dag.py:3954} INFO - Setting next_dagrun for tutorial to 2024-05-11 00:00:00+00:00, run_after=2024-05-12 00:00:00+00:00
[2024-05-12T00:40:17.025+0000] {processor.py:183} INFO - Processing /home/airflow/.local/lib/python3.12/site-packages/airflow/example_dags/tutorial.py took 0.039 seconds
[2024-05-12T00:40:47.673+0000] {processor.py:161} INFO - Started process (PID=5975) to work on /home/airflow/.local/lib/python3.12/site-packages/airflow/example_dags/tutorial.py
[2024-05-12T00:40:47.673+0000] {processor.py:830} INFO - Processing file /home/airflow/.local/lib/python3.12/site-packages/airflow/example_dags/tutorial.py for tasks to queue
[2024-05-12T00:40:47.674+0000] {logging_mixin.py:188} INFO - [2024-05-12T00:40:47.674+0000] {dagbag.py:545} INFO - Filling up the DagBag from /home/airflow/.local/lib/python3.12/site-packages/airflow/example_dags/tutorial.py
[2024-05-12T00:40:47.677+0000] {processor.py:840} INFO - DAG(s) 'tutorial' retrieved from /home/airflow/.local/lib/python3.12/site-packages/airflow/example_dags/tutorial.py
[2024-05-12T00:40:47.687+0000] {logging_mixin.py:188} INFO - [2024-05-12T00:40:47.687+0000] {dag.py:3096} INFO - Sync 1 DAGs
[2024-05-12T00:40:47.696+0000] {logging_mixin.py:188} INFO - [2024-05-12T00:40:47.696+0000] {dag.py:3954} INFO - Setting next_dagrun for tutorial to 2024-05-11 00:00:00+00:00, run_after=2024-05-12 00:00:00+00:00
[2024-05-12T00:40:47.705+0000] {processor.py:183} INFO - Processing /home/airflow/.local/lib/python3.12/site-packages/airflow/example_dags/tutorial.py took 0.035 seconds
[2024-05-12T00:41:18.619+0000] {processor.py:161} INFO - Started process (PID=6237) to work on /home/airflow/.local/lib/python3.12/site-packages/airflow/example_dags/tutorial.py
[2024-05-12T00:41:18.620+0000] {processor.py:830} INFO - Processing file /home/airflow/.local/lib/python3.12/site-packages/airflow/example_dags/tutorial.py for tasks to queue
[2024-05-12T00:41:18.620+0000] {logging_mixin.py:188} INFO - [2024-05-12T00:41:18.620+0000] {dagbag.py:545} INFO - Filling up the DagBag from /home/airflow/.local/lib/python3.12/site-packages/airflow/example_dags/tutorial.py
[2024-05-12T00:41:18.624+0000] {processor.py:840} INFO - DAG(s) 'tutorial' retrieved from /home/airflow/.local/lib/python3.12/site-packages/airflow/example_dags/tutorial.py
[2024-05-12T00:41:18.634+0000] {logging_mixin.py:188} INFO - [2024-05-12T00:41:18.634+0000] {dag.py:3096} INFO - Sync 1 DAGs
[2024-05-12T00:41:18.644+0000] {logging_mixin.py:188} INFO - [2024-05-12T00:41:18.644+0000] {dag.py:3954} INFO - Setting next_dagrun for tutorial to 2024-05-11 00:00:00+00:00, run_after=2024-05-12 00:00:00+00:00
[2024-05-12T00:41:18.653+0000] {processor.py:183} INFO - Processing /home/airflow/.local/lib/python3.12/site-packages/airflow/example_dags/tutorial.py took 0.037 seconds
[2024-05-12T00:41:49.361+0000] {processor.py:161} INFO - Started process (PID=6499) to work on /home/airflow/.local/lib/python3.12/site-packages/airflow/example_dags/tutorial.py
[2024-05-12T00:41:49.362+0000] {processor.py:830} INFO - Processing file /home/airflow/.local/lib/python3.12/site-packages/airflow/example_dags/tutorial.py for tasks to queue
[2024-05-12T00:41:49.366+0000] {logging_mixin.py:188} INFO - [2024-05-12T00:41:49.366+0000] {dagbag.py:545} INFO - Filling up the DagBag from /home/airflow/.local/lib/python3.12/site-packages/airflow/example_dags/tutorial.py
[2024-05-12T00:41:49.369+0000] {processor.py:840} INFO - DAG(s) 'tutorial' retrieved from /home/airflow/.local/lib/python3.12/site-packages/airflow/example_dags/tutorial.py
[2024-05-12T00:41:49.380+0000] {logging_mixin.py:188} INFO - [2024-05-12T00:41:49.380+0000] {dag.py:3096} INFO - Sync 1 DAGs
[2024-05-12T00:41:49.391+0000] {logging_mixin.py:188} INFO - [2024-05-12T00:41:49.391+0000] {dag.py:3954} INFO - Setting next_dagrun for tutorial to 2024-05-11 00:00:00+00:00, run_after=2024-05-12 00:00:00+00:00
[2024-05-12T00:41:49.400+0000] {processor.py:183} INFO - Processing /home/airflow/.local/lib/python3.12/site-packages/airflow/example_dags/tutorial.py took 0.042 seconds
[2024-05-12T00:42:19.998+0000] {processor.py:161} INFO - Started process (PID=6761) to work on /home/airflow/.local/lib/python3.12/site-packages/airflow/example_dags/tutorial.py
[2024-05-12T00:42:19.999+0000] {processor.py:830} INFO - Processing file /home/airflow/.local/lib/python3.12/site-packages/airflow/example_dags/tutorial.py for tasks to queue
[2024-05-12T00:42:20.000+0000] {logging_mixin.py:188} INFO - [2024-05-12T00:42:20.000+0000] {dagbag.py:545} INFO - Filling up the DagBag from /home/airflow/.local/lib/python3.12/site-packages/airflow/example_dags/tutorial.py
[2024-05-12T00:42:20.003+0000] {processor.py:840} INFO - DAG(s) 'tutorial' retrieved from /home/airflow/.local/lib/python3.12/site-packages/airflow/example_dags/tutorial.py
[2024-05-12T00:42:20.013+0000] {logging_mixin.py:188} INFO - [2024-05-12T00:42:20.013+0000] {dag.py:3096} INFO - Sync 1 DAGs
[2024-05-12T00:42:20.023+0000] {logging_mixin.py:188} INFO - [2024-05-12T00:42:20.023+0000] {dag.py:3954} INFO - Setting next_dagrun for tutorial to 2024-05-11 00:00:00+00:00, run_after=2024-05-12 00:00:00+00:00
[2024-05-12T00:42:20.031+0000] {processor.py:183} INFO - Processing /home/airflow/.local/lib/python3.12/site-packages/airflow/example_dags/tutorial.py took 0.036 seconds
[2024-05-12T00:42:50.768+0000] {processor.py:161} INFO - Started process (PID=7023) to work on /home/airflow/.local/lib/python3.12/site-packages/airflow/example_dags/tutorial.py
[2024-05-12T00:42:50.769+0000] {processor.py:830} INFO - Processing file /home/airflow/.local/lib/python3.12/site-packages/airflow/example_dags/tutorial.py for tasks to queue
[2024-05-12T00:42:50.770+0000] {logging_mixin.py:188} INFO - [2024-05-12T00:42:50.770+0000] {dagbag.py:545} INFO - Filling up the DagBag from /home/airflow/.local/lib/python3.12/site-packages/airflow/example_dags/tutorial.py
[2024-05-12T00:42:50.773+0000] {processor.py:840} INFO - DAG(s) 'tutorial' retrieved from /home/airflow/.local/lib/python3.12/site-packages/airflow/example_dags/tutorial.py
[2024-05-12T00:42:50.783+0000] {logging_mixin.py:188} INFO - [2024-05-12T00:42:50.783+0000] {dag.py:3096} INFO - Sync 1 DAGs
[2024-05-12T00:42:50.793+0000] {logging_mixin.py:188} INFO - [2024-05-12T00:42:50.793+0000] {dag.py:3954} INFO - Setting next_dagrun for tutorial to 2024-05-11 00:00:00+00:00, run_after=2024-05-12 00:00:00+00:00
[2024-05-12T00:42:50.804+0000] {processor.py:183} INFO - Processing /home/airflow/.local/lib/python3.12/site-packages/airflow/example_dags/tutorial.py took 0.039 seconds
[2024-05-12T00:43:21.524+0000] {processor.py:161} INFO - Started process (PID=7285) to work on /home/airflow/.local/lib/python3.12/site-packages/airflow/example_dags/tutorial.py
[2024-05-12T00:43:21.524+0000] {processor.py:830} INFO - Processing file /home/airflow/.local/lib/python3.12/site-packages/airflow/example_dags/tutorial.py for tasks to queue
[2024-05-12T00:43:21.525+0000] {logging_mixin.py:188} INFO - [2024-05-12T00:43:21.525+0000] {dagbag.py:545} INFO - Filling up the DagBag from /home/airflow/.local/lib/python3.12/site-packages/airflow/example_dags/tutorial.py
[2024-05-12T00:43:21.528+0000] {processor.py:840} INFO - DAG(s) 'tutorial' retrieved from /home/airflow/.local/lib/python3.12/site-packages/airflow/example_dags/tutorial.py
[2024-05-12T00:43:21.539+0000] {logging_mixin.py:188} INFO - [2024-05-12T00:43:21.538+0000] {dag.py:3096} INFO - Sync 1 DAGs
[2024-05-12T00:43:21.549+0000] {logging_mixin.py:188} INFO - [2024-05-12T00:43:21.549+0000] {dag.py:3954} INFO - Setting next_dagrun for tutorial to 2024-05-11 00:00:00+00:00, run_after=2024-05-12 00:00:00+00:00
[2024-05-12T00:43:21.558+0000] {processor.py:183} INFO - Processing /home/airflow/.local/lib/python3.12/site-packages/airflow/example_dags/tutorial.py took 0.038 seconds
[2024-05-12T00:43:52.298+0000] {processor.py:161} INFO - Started process (PID=7547) to work on /home/airflow/.local/lib/python3.12/site-packages/airflow/example_dags/tutorial.py
[2024-05-12T00:43:52.298+0000] {processor.py:830} INFO - Processing file /home/airflow/.local/lib/python3.12/site-packages/airflow/example_dags/tutorial.py for tasks to queue
[2024-05-12T00:43:52.299+0000] {logging_mixin.py:188} INFO - [2024-05-12T00:43:52.299+0000] {dagbag.py:545} INFO - Filling up the DagBag from /home/airflow/.local/lib/python3.12/site-packages/airflow/example_dags/tutorial.py
[2024-05-12T00:43:52.303+0000] {processor.py:840} INFO - DAG(s) 'tutorial' retrieved from /home/airflow/.local/lib/python3.12/site-packages/airflow/example_dags/tutorial.py
[2024-05-12T00:43:52.313+0000] {logging_mixin.py:188} INFO - [2024-05-12T00:43:52.313+0000] {dag.py:3096} INFO - Sync 1 DAGs
[2024-05-12T00:43:52.323+0000] {logging_mixin.py:188} INFO - [2024-05-12T00:43:52.323+0000] {dag.py:3954} INFO - Setting next_dagrun for tutorial to 2024-05-11 00:00:00+00:00, run_after=2024-05-12 00:00:00+00:00
[2024-05-12T00:43:52.331+0000] {processor.py:183} INFO - Processing /home/airflow/.local/lib/python3.12/site-packages/airflow/example_dags/tutorial.py took 0.037 seconds
[2024-05-12T00:44:23.012+0000] {processor.py:161} INFO - Started process (PID=7808) to work on /home/airflow/.local/lib/python3.12/site-packages/airflow/example_dags/tutorial.py
[2024-05-12T00:44:23.013+0000] {processor.py:830} INFO - Processing file /home/airflow/.local/lib/python3.12/site-packages/airflow/example_dags/tutorial.py for tasks to queue
[2024-05-12T00:44:23.014+0000] {logging_mixin.py:188} INFO - [2024-05-12T00:44:23.014+0000] {dagbag.py:545} INFO - Filling up the DagBag from /home/airflow/.local/lib/python3.12/site-packages/airflow/example_dags/tutorial.py
[2024-05-12T00:44:23.017+0000] {processor.py:840} INFO - DAG(s) 'tutorial' retrieved from /home/airflow/.local/lib/python3.12/site-packages/airflow/example_dags/tutorial.py
[2024-05-12T00:44:23.027+0000] {logging_mixin.py:188} INFO - [2024-05-12T00:44:23.027+0000] {dag.py:3096} INFO - Sync 1 DAGs
[2024-05-12T00:44:23.037+0000] {logging_mixin.py:188} INFO - [2024-05-12T00:44:23.037+0000] {dag.py:3954} INFO - Setting next_dagrun for tutorial to 2024-05-11 00:00:00+00:00, run_after=2024-05-12 00:00:00+00:00
[2024-05-12T00:44:23.046+0000] {processor.py:183} INFO - Processing /home/airflow/.local/lib/python3.12/site-packages/airflow/example_dags/tutorial.py took 0.036 seconds
[2024-05-12T00:44:53.793+0000] {processor.py:161} INFO - Started process (PID=8070) to work on /home/airflow/.local/lib/python3.12/site-packages/airflow/example_dags/tutorial.py
[2024-05-12T00:44:53.794+0000] {processor.py:830} INFO - Processing file /home/airflow/.local/lib/python3.12/site-packages/airflow/example_dags/tutorial.py for tasks to queue
[2024-05-12T00:44:53.795+0000] {logging_mixin.py:188} INFO - [2024-05-12T00:44:53.794+0000] {dagbag.py:545} INFO - Filling up the DagBag from /home/airflow/.local/lib/python3.12/site-packages/airflow/example_dags/tutorial.py
[2024-05-12T00:44:53.798+0000] {processor.py:840} INFO - DAG(s) 'tutorial' retrieved from /home/airflow/.local/lib/python3.12/site-packages/airflow/example_dags/tutorial.py
[2024-05-12T00:44:53.810+0000] {logging_mixin.py:188} INFO - [2024-05-12T00:44:53.809+0000] {dag.py:3096} INFO - Sync 1 DAGs
[2024-05-12T00:44:53.820+0000] {logging_mixin.py:188} INFO - [2024-05-12T00:44:53.820+0000] {dag.py:3954} INFO - Setting next_dagrun for tutorial to 2024-05-11 00:00:00+00:00, run_after=2024-05-12 00:00:00+00:00
[2024-05-12T00:44:53.830+0000] {processor.py:183} INFO - Processing /home/airflow/.local/lib/python3.12/site-packages/airflow/example_dags/tutorial.py took 0.040 seconds
[2024-05-12T00:45:24.516+0000] {processor.py:161} INFO - Started process (PID=8331) to work on /home/airflow/.local/lib/python3.12/site-packages/airflow/example_dags/tutorial.py
[2024-05-12T00:45:24.517+0000] {processor.py:830} INFO - Processing file /home/airflow/.local/lib/python3.12/site-packages/airflow/example_dags/tutorial.py for tasks to queue
[2024-05-12T00:45:24.518+0000] {logging_mixin.py:188} INFO - [2024-05-12T00:45:24.518+0000] {dagbag.py:545} INFO - Filling up the DagBag from /home/airflow/.local/lib/python3.12/site-packages/airflow/example_dags/tutorial.py
[2024-05-12T00:45:24.521+0000] {processor.py:840} INFO - DAG(s) 'tutorial' retrieved from /home/airflow/.local/lib/python3.12/site-packages/airflow/example_dags/tutorial.py
[2024-05-12T00:45:24.531+0000] {logging_mixin.py:188} INFO - [2024-05-12T00:45:24.531+0000] {dag.py:3096} INFO - Sync 1 DAGs
[2024-05-12T00:45:24.545+0000] {logging_mixin.py:188} INFO - [2024-05-12T00:45:24.545+0000] {dag.py:3954} INFO - Setting next_dagrun for tutorial to 2024-05-11 00:00:00+00:00, run_after=2024-05-12 00:00:00+00:00
[2024-05-12T00:45:24.554+0000] {processor.py:183} INFO - Processing /home/airflow/.local/lib/python3.12/site-packages/airflow/example_dags/tutorial.py took 0.040 seconds
[2024-05-12T00:45:55.224+0000] {processor.py:161} INFO - Started process (PID=8593) to work on /home/airflow/.local/lib/python3.12/site-packages/airflow/example_dags/tutorial.py
[2024-05-12T00:45:55.224+0000] {processor.py:830} INFO - Processing file /home/airflow/.local/lib/python3.12/site-packages/airflow/example_dags/tutorial.py for tasks to queue
[2024-05-12T00:45:55.225+0000] {logging_mixin.py:188} INFO - [2024-05-12T00:45:55.225+0000] {dagbag.py:545} INFO - Filling up the DagBag from /home/airflow/.local/lib/python3.12/site-packages/airflow/example_dags/tutorial.py
[2024-05-12T00:45:55.228+0000] {processor.py:840} INFO - DAG(s) 'tutorial' retrieved from /home/airflow/.local/lib/python3.12/site-packages/airflow/example_dags/tutorial.py
[2024-05-12T00:45:55.239+0000] {logging_mixin.py:188} INFO - [2024-05-12T00:45:55.239+0000] {dag.py:3096} INFO - Sync 1 DAGs
[2024-05-12T00:45:55.250+0000] {logging_mixin.py:188} INFO - [2024-05-12T00:45:55.250+0000] {dag.py:3954} INFO - Setting next_dagrun for tutorial to 2024-05-11 00:00:00+00:00, run_after=2024-05-12 00:00:00+00:00
[2024-05-12T00:45:55.259+0000] {processor.py:183} INFO - Processing /home/airflow/.local/lib/python3.12/site-packages/airflow/example_dags/tutorial.py took 0.039 seconds
[2024-05-12T00:46:26.054+0000] {processor.py:161} INFO - Started process (PID=8855) to work on /home/airflow/.local/lib/python3.12/site-packages/airflow/example_dags/tutorial.py
[2024-05-12T00:46:26.054+0000] {processor.py:830} INFO - Processing file /home/airflow/.local/lib/python3.12/site-packages/airflow/example_dags/tutorial.py for tasks to queue
[2024-05-12T00:46:26.055+0000] {logging_mixin.py:188} INFO - [2024-05-12T00:46:26.055+0000] {dagbag.py:545} INFO - Filling up the DagBag from /home/airflow/.local/lib/python3.12/site-packages/airflow/example_dags/tutorial.py
[2024-05-12T00:46:26.058+0000] {processor.py:840} INFO - DAG(s) 'tutorial' retrieved from /home/airflow/.local/lib/python3.12/site-packages/airflow/example_dags/tutorial.py
[2024-05-12T00:46:26.069+0000] {logging_mixin.py:188} INFO - [2024-05-12T00:46:26.069+0000] {dag.py:3096} INFO - Sync 1 DAGs
[2024-05-12T00:46:26.079+0000] {logging_mixin.py:188} INFO - [2024-05-12T00:46:26.079+0000] {dag.py:3954} INFO - Setting next_dagrun for tutorial to 2024-05-11 00:00:00+00:00, run_after=2024-05-12 00:00:00+00:00
[2024-05-12T00:46:26.091+0000] {processor.py:183} INFO - Processing /home/airflow/.local/lib/python3.12/site-packages/airflow/example_dags/tutorial.py took 0.041 seconds
[2024-05-12T00:46:56.847+0000] {processor.py:161} INFO - Started process (PID=9118) to work on /home/airflow/.local/lib/python3.12/site-packages/airflow/example_dags/tutorial.py
[2024-05-12T00:46:56.847+0000] {processor.py:830} INFO - Processing file /home/airflow/.local/lib/python3.12/site-packages/airflow/example_dags/tutorial.py for tasks to queue
[2024-05-12T00:46:56.848+0000] {logging_mixin.py:188} INFO - [2024-05-12T00:46:56.848+0000] {dagbag.py:545} INFO - Filling up the DagBag from /home/airflow/.local/lib/python3.12/site-packages/airflow/example_dags/tutorial.py
[2024-05-12T00:46:56.851+0000] {processor.py:840} INFO - DAG(s) 'tutorial' retrieved from /home/airflow/.local/lib/python3.12/site-packages/airflow/example_dags/tutorial.py
[2024-05-12T00:46:56.861+0000] {logging_mixin.py:188} INFO - [2024-05-12T00:46:56.861+0000] {dag.py:3096} INFO - Sync 1 DAGs
[2024-05-12T00:46:56.871+0000] {logging_mixin.py:188} INFO - [2024-05-12T00:46:56.871+0000] {dag.py:3954} INFO - Setting next_dagrun for tutorial to 2024-05-11 00:00:00+00:00, run_after=2024-05-12 00:00:00+00:00
[2024-05-12T00:46:56.880+0000] {processor.py:183} INFO - Processing /home/airflow/.local/lib/python3.12/site-packages/airflow/example_dags/tutorial.py took 0.036 seconds
[2024-05-12T00:47:27.799+0000] {processor.py:161} INFO - Started process (PID=9378) to work on /home/airflow/.local/lib/python3.12/site-packages/airflow/example_dags/tutorial.py
[2024-05-12T00:47:27.799+0000] {processor.py:830} INFO - Processing file /home/airflow/.local/lib/python3.12/site-packages/airflow/example_dags/tutorial.py for tasks to queue
[2024-05-12T00:47:27.801+0000] {logging_mixin.py:188} INFO - [2024-05-12T00:47:27.801+0000] {dagbag.py:545} INFO - Filling up the DagBag from /home/airflow/.local/lib/python3.12/site-packages/airflow/example_dags/tutorial.py
[2024-05-12T00:47:27.805+0000] {processor.py:840} INFO - DAG(s) 'tutorial' retrieved from /home/airflow/.local/lib/python3.12/site-packages/airflow/example_dags/tutorial.py
[2024-05-12T00:47:27.815+0000] {logging_mixin.py:188} INFO - [2024-05-12T00:47:27.815+0000] {dag.py:3096} INFO - Sync 1 DAGs
[2024-05-12T00:47:27.826+0000] {logging_mixin.py:188} INFO - [2024-05-12T00:47:27.826+0000] {dag.py:3954} INFO - Setting next_dagrun for tutorial to 2024-05-11 00:00:00+00:00, run_after=2024-05-12 00:00:00+00:00
[2024-05-12T00:47:27.835+0000] {processor.py:183} INFO - Processing /home/airflow/.local/lib/python3.12/site-packages/airflow/example_dags/tutorial.py took 0.039 seconds
[2024-05-12T00:47:58.656+0000] {processor.py:161} INFO - Started process (PID=9640) to work on /home/airflow/.local/lib/python3.12/site-packages/airflow/example_dags/tutorial.py
[2024-05-12T00:47:58.656+0000] {processor.py:830} INFO - Processing file /home/airflow/.local/lib/python3.12/site-packages/airflow/example_dags/tutorial.py for tasks to queue
[2024-05-12T00:47:58.657+0000] {logging_mixin.py:188} INFO - [2024-05-12T00:47:58.657+0000] {dagbag.py:545} INFO - Filling up the DagBag from /home/airflow/.local/lib/python3.12/site-packages/airflow/example_dags/tutorial.py
[2024-05-12T00:47:58.661+0000] {processor.py:840} INFO - DAG(s) 'tutorial' retrieved from /home/airflow/.local/lib/python3.12/site-packages/airflow/example_dags/tutorial.py
[2024-05-12T00:47:58.670+0000] {logging_mixin.py:188} INFO - [2024-05-12T00:47:58.670+0000] {dag.py:3096} INFO - Sync 1 DAGs
[2024-05-12T00:47:58.681+0000] {logging_mixin.py:188} INFO - [2024-05-12T00:47:58.680+0000] {dag.py:3954} INFO - Setting next_dagrun for tutorial to 2024-05-11 00:00:00+00:00, run_after=2024-05-12 00:00:00+00:00
[2024-05-12T00:47:58.689+0000] {processor.py:183} INFO - Processing /home/airflow/.local/lib/python3.12/site-packages/airflow/example_dags/tutorial.py took 0.036 seconds
[2024-05-12T00:48:29.463+0000] {processor.py:161} INFO - Started process (PID=9902) to work on /home/airflow/.local/lib/python3.12/site-packages/airflow/example_dags/tutorial.py
[2024-05-12T00:48:29.464+0000] {processor.py:830} INFO - Processing file /home/airflow/.local/lib/python3.12/site-packages/airflow/example_dags/tutorial.py for tasks to queue
[2024-05-12T00:48:29.465+0000] {logging_mixin.py:188} INFO - [2024-05-12T00:48:29.465+0000] {dagbag.py:545} INFO - Filling up the DagBag from /home/airflow/.local/lib/python3.12/site-packages/airflow/example_dags/tutorial.py
[2024-05-12T00:48:29.468+0000] {processor.py:840} INFO - DAG(s) 'tutorial' retrieved from /home/airflow/.local/lib/python3.12/site-packages/airflow/example_dags/tutorial.py
[2024-05-12T00:48:29.478+0000] {logging_mixin.py:188} INFO - [2024-05-12T00:48:29.478+0000] {dag.py:3096} INFO - Sync 1 DAGs
[2024-05-12T00:48:29.488+0000] {logging_mixin.py:188} INFO - [2024-05-12T00:48:29.488+0000] {dag.py:3954} INFO - Setting next_dagrun for tutorial to 2024-05-11 00:00:00+00:00, run_after=2024-05-12 00:00:00+00:00
[2024-05-12T00:48:29.496+0000] {processor.py:183} INFO - Processing /home/airflow/.local/lib/python3.12/site-packages/airflow/example_dags/tutorial.py took 0.036 seconds
[2024-05-12T00:48:59.635+0000] {processor.py:161} INFO - Started process (PID=10164) to work on /home/airflow/.local/lib/python3.12/site-packages/airflow/example_dags/tutorial.py
[2024-05-12T00:48:59.635+0000] {processor.py:830} INFO - Processing file /home/airflow/.local/lib/python3.12/site-packages/airflow/example_dags/tutorial.py for tasks to queue
[2024-05-12T00:48:59.636+0000] {logging_mixin.py:188} INFO - [2024-05-12T00:48:59.636+0000] {dagbag.py:545} INFO - Filling up the DagBag from /home/airflow/.local/lib/python3.12/site-packages/airflow/example_dags/tutorial.py
[2024-05-12T00:48:59.639+0000] {processor.py:840} INFO - DAG(s) 'tutorial' retrieved from /home/airflow/.local/lib/python3.12/site-packages/airflow/example_dags/tutorial.py
[2024-05-12T00:48:59.649+0000] {logging_mixin.py:188} INFO - [2024-05-12T00:48:59.649+0000] {dag.py:3096} INFO - Sync 1 DAGs
[2024-05-12T00:48:59.659+0000] {logging_mixin.py:188} INFO - [2024-05-12T00:48:59.659+0000] {dag.py:3954} INFO - Setting next_dagrun for tutorial to 2024-05-11 00:00:00+00:00, run_after=2024-05-12 00:00:00+00:00
[2024-05-12T00:48:59.667+0000] {processor.py:183} INFO - Processing /home/airflow/.local/lib/python3.12/site-packages/airflow/example_dags/tutorial.py took 0.036 seconds
[2024-05-12T01:06:45.370+0000] {processor.py:161} INFO - Started process (PID=10426) to work on /home/airflow/.local/lib/python3.12/site-packages/airflow/example_dags/tutorial.py
[2024-05-12T01:06:45.370+0000] {processor.py:830} INFO - Processing file /home/airflow/.local/lib/python3.12/site-packages/airflow/example_dags/tutorial.py for tasks to queue
[2024-05-12T01:06:45.371+0000] {logging_mixin.py:188} INFO - [2024-05-12T01:06:45.371+0000] {dagbag.py:545} INFO - Filling up the DagBag from /home/airflow/.local/lib/python3.12/site-packages/airflow/example_dags/tutorial.py
[2024-05-12T01:06:45.375+0000] {processor.py:840} INFO - DAG(s) 'tutorial' retrieved from /home/airflow/.local/lib/python3.12/site-packages/airflow/example_dags/tutorial.py
[2024-05-12T01:06:45.384+0000] {logging_mixin.py:188} INFO - [2024-05-12T01:06:45.384+0000] {dag.py:3096} INFO - Sync 1 DAGs
[2024-05-12T01:06:45.394+0000] {logging_mixin.py:188} INFO - [2024-05-12T01:06:45.394+0000] {dag.py:3954} INFO - Setting next_dagrun for tutorial to 2024-05-11 00:00:00+00:00, run_after=2024-05-12 00:00:00+00:00
[2024-05-12T01:06:45.404+0000] {processor.py:183} INFO - Processing /home/airflow/.local/lib/python3.12/site-packages/airflow/example_dags/tutorial.py took 0.037 seconds
[2024-05-12T01:10:16.944+0000] {processor.py:161} INFO - Started process (PID=10687) to work on /home/airflow/.local/lib/python3.12/site-packages/airflow/example_dags/tutorial.py
[2024-05-12T01:10:16.944+0000] {processor.py:830} INFO - Processing file /home/airflow/.local/lib/python3.12/site-packages/airflow/example_dags/tutorial.py for tasks to queue
[2024-05-12T01:10:16.945+0000] {logging_mixin.py:188} INFO - [2024-05-12T01:10:16.945+0000] {dagbag.py:545} INFO - Filling up the DagBag from /home/airflow/.local/lib/python3.12/site-packages/airflow/example_dags/tutorial.py
[2024-05-12T01:10:16.949+0000] {processor.py:840} INFO - DAG(s) 'tutorial' retrieved from /home/airflow/.local/lib/python3.12/site-packages/airflow/example_dags/tutorial.py
[2024-05-12T01:10:16.961+0000] {logging_mixin.py:188} INFO - [2024-05-12T01:10:16.961+0000] {dag.py:3096} INFO - Sync 1 DAGs
[2024-05-12T01:10:17.058+0000] {logging_mixin.py:188} INFO - [2024-05-12T01:10:17.058+0000] {dag.py:3954} INFO - Setting next_dagrun for tutorial to 2024-05-11 00:00:00+00:00, run_after=2024-05-12 00:00:00+00:00
[2024-05-12T01:10:17.067+0000] {processor.py:183} INFO - Processing /home/airflow/.local/lib/python3.12/site-packages/airflow/example_dags/tutorial.py took 0.126 seconds
[2024-05-12T01:10:47.721+0000] {processor.py:161} INFO - Started process (PID=10949) to work on /home/airflow/.local/lib/python3.12/site-packages/airflow/example_dags/tutorial.py
[2024-05-12T01:10:47.721+0000] {processor.py:830} INFO - Processing file /home/airflow/.local/lib/python3.12/site-packages/airflow/example_dags/tutorial.py for tasks to queue
[2024-05-12T01:10:47.722+0000] {logging_mixin.py:188} INFO - [2024-05-12T01:10:47.722+0000] {dagbag.py:545} INFO - Filling up the DagBag from /home/airflow/.local/lib/python3.12/site-packages/airflow/example_dags/tutorial.py
[2024-05-12T01:10:47.726+0000] {processor.py:840} INFO - DAG(s) 'tutorial' retrieved from /home/airflow/.local/lib/python3.12/site-packages/airflow/example_dags/tutorial.py
[2024-05-12T01:10:47.738+0000] {logging_mixin.py:188} INFO - [2024-05-12T01:10:47.738+0000] {dag.py:3096} INFO - Sync 1 DAGs
[2024-05-12T01:10:47.835+0000] {logging_mixin.py:188} INFO - [2024-05-12T01:10:47.835+0000] {dag.py:3954} INFO - Setting next_dagrun for tutorial to 2024-05-11 00:00:00+00:00, run_after=2024-05-12 00:00:00+00:00
[2024-05-12T01:10:47.845+0000] {processor.py:183} INFO - Processing /home/airflow/.local/lib/python3.12/site-packages/airflow/example_dags/tutorial.py took 0.127 seconds
[2024-05-12T01:11:18.174+0000] {processor.py:161} INFO - Started process (PID=11211) to work on /home/airflow/.local/lib/python3.12/site-packages/airflow/example_dags/tutorial.py
[2024-05-12T01:11:18.174+0000] {processor.py:830} INFO - Processing file /home/airflow/.local/lib/python3.12/site-packages/airflow/example_dags/tutorial.py for tasks to queue
[2024-05-12T01:11:18.175+0000] {logging_mixin.py:188} INFO - [2024-05-12T01:11:18.175+0000] {dagbag.py:545} INFO - Filling up the DagBag from /home/airflow/.local/lib/python3.12/site-packages/airflow/example_dags/tutorial.py
[2024-05-12T01:11:18.178+0000] {processor.py:840} INFO - DAG(s) 'tutorial' retrieved from /home/airflow/.local/lib/python3.12/site-packages/airflow/example_dags/tutorial.py
[2024-05-12T01:11:18.188+0000] {logging_mixin.py:188} INFO - [2024-05-12T01:11:18.188+0000] {dag.py:3096} INFO - Sync 1 DAGs
[2024-05-12T01:11:18.198+0000] {logging_mixin.py:188} INFO - [2024-05-12T01:11:18.198+0000] {dag.py:3954} INFO - Setting next_dagrun for tutorial to 2024-05-11 00:00:00+00:00, run_after=2024-05-12 00:00:00+00:00
[2024-05-12T01:11:18.291+0000] {processor.py:183} INFO - Processing /home/airflow/.local/lib/python3.12/site-packages/airflow/example_dags/tutorial.py took 0.121 seconds
[2024-05-12T01:11:48.741+0000] {processor.py:161} INFO - Started process (PID=11473) to work on /home/airflow/.local/lib/python3.12/site-packages/airflow/example_dags/tutorial.py
[2024-05-12T01:11:48.741+0000] {processor.py:830} INFO - Processing file /home/airflow/.local/lib/python3.12/site-packages/airflow/example_dags/tutorial.py for tasks to queue
[2024-05-12T01:11:48.743+0000] {logging_mixin.py:188} INFO - [2024-05-12T01:11:48.742+0000] {dagbag.py:545} INFO - Filling up the DagBag from /home/airflow/.local/lib/python3.12/site-packages/airflow/example_dags/tutorial.py
[2024-05-12T01:11:48.746+0000] {processor.py:840} INFO - DAG(s) 'tutorial' retrieved from /home/airflow/.local/lib/python3.12/site-packages/airflow/example_dags/tutorial.py
[2024-05-12T01:11:48.757+0000] {logging_mixin.py:188} INFO - [2024-05-12T01:11:48.756+0000] {dag.py:3096} INFO - Sync 1 DAGs
[2024-05-12T01:11:48.768+0000] {logging_mixin.py:188} INFO - [2024-05-12T01:11:48.767+0000] {dag.py:3954} INFO - Setting next_dagrun for tutorial to 2024-05-11 00:00:00+00:00, run_after=2024-05-12 00:00:00+00:00
[2024-05-12T01:11:48.777+0000] {processor.py:183} INFO - Processing /home/airflow/.local/lib/python3.12/site-packages/airflow/example_dags/tutorial.py took 0.040 seconds
[2024-05-12T01:12:19.660+0000] {processor.py:161} INFO - Started process (PID=11735) to work on /home/airflow/.local/lib/python3.12/site-packages/airflow/example_dags/tutorial.py
[2024-05-12T01:12:19.662+0000] {processor.py:830} INFO - Processing file /home/airflow/.local/lib/python3.12/site-packages/airflow/example_dags/tutorial.py for tasks to queue
[2024-05-12T01:12:19.663+0000] {logging_mixin.py:188} INFO - [2024-05-12T01:12:19.663+0000] {dagbag.py:545} INFO - Filling up the DagBag from /home/airflow/.local/lib/python3.12/site-packages/airflow/example_dags/tutorial.py
[2024-05-12T01:12:19.667+0000] {processor.py:840} INFO - DAG(s) 'tutorial' retrieved from /home/airflow/.local/lib/python3.12/site-packages/airflow/example_dags/tutorial.py
[2024-05-12T01:12:19.678+0000] {logging_mixin.py:188} INFO - [2024-05-12T01:12:19.678+0000] {dag.py:3096} INFO - Sync 1 DAGs
[2024-05-12T01:12:19.689+0000] {logging_mixin.py:188} INFO - [2024-05-12T01:12:19.689+0000] {dag.py:3954} INFO - Setting next_dagrun for tutorial to 2024-05-11 00:00:00+00:00, run_after=2024-05-12 00:00:00+00:00
[2024-05-12T01:12:19.698+0000] {processor.py:183} INFO - Processing /home/airflow/.local/lib/python3.12/site-packages/airflow/example_dags/tutorial.py took 0.041 seconds
[2024-05-12T01:12:50.572+0000] {processor.py:161} INFO - Started process (PID=11997) to work on /home/airflow/.local/lib/python3.12/site-packages/airflow/example_dags/tutorial.py
[2024-05-12T01:12:50.572+0000] {processor.py:830} INFO - Processing file /home/airflow/.local/lib/python3.12/site-packages/airflow/example_dags/tutorial.py for tasks to queue
[2024-05-12T01:12:50.573+0000] {logging_mixin.py:188} INFO - [2024-05-12T01:12:50.573+0000] {dagbag.py:545} INFO - Filling up the DagBag from /home/airflow/.local/lib/python3.12/site-packages/airflow/example_dags/tutorial.py
[2024-05-12T01:12:50.577+0000] {processor.py:840} INFO - DAG(s) 'tutorial' retrieved from /home/airflow/.local/lib/python3.12/site-packages/airflow/example_dags/tutorial.py
[2024-05-12T01:12:50.587+0000] {logging_mixin.py:188} INFO - [2024-05-12T01:12:50.587+0000] {dag.py:3096} INFO - Sync 1 DAGs
[2024-05-12T01:12:50.598+0000] {logging_mixin.py:188} INFO - [2024-05-12T01:12:50.598+0000] {dag.py:3954} INFO - Setting next_dagrun for tutorial to 2024-05-11 00:00:00+00:00, run_after=2024-05-12 00:00:00+00:00
[2024-05-12T01:12:50.607+0000] {processor.py:183} INFO - Processing /home/airflow/.local/lib/python3.12/site-packages/airflow/example_dags/tutorial.py took 0.039 seconds
[2024-05-12T01:13:21.455+0000] {processor.py:161} INFO - Started process (PID=12258) to work on /home/airflow/.local/lib/python3.12/site-packages/airflow/example_dags/tutorial.py
[2024-05-12T01:13:21.455+0000] {processor.py:830} INFO - Processing file /home/airflow/.local/lib/python3.12/site-packages/airflow/example_dags/tutorial.py for tasks to queue
[2024-05-12T01:13:21.457+0000] {logging_mixin.py:188} INFO - [2024-05-12T01:13:21.456+0000] {dagbag.py:545} INFO - Filling up the DagBag from /home/airflow/.local/lib/python3.12/site-packages/airflow/example_dags/tutorial.py
[2024-05-12T01:13:21.460+0000] {processor.py:840} INFO - DAG(s) 'tutorial' retrieved from /home/airflow/.local/lib/python3.12/site-packages/airflow/example_dags/tutorial.py
[2024-05-12T01:13:21.471+0000] {logging_mixin.py:188} INFO - [2024-05-12T01:13:21.470+0000] {dag.py:3096} INFO - Sync 1 DAGs
[2024-05-12T01:13:21.481+0000] {logging_mixin.py:188} INFO - [2024-05-12T01:13:21.481+0000] {dag.py:3954} INFO - Setting next_dagrun for tutorial to 2024-05-11 00:00:00+00:00, run_after=2024-05-12 00:00:00+00:00
[2024-05-12T01:13:21.490+0000] {processor.py:183} INFO - Processing /home/airflow/.local/lib/python3.12/site-packages/airflow/example_dags/tutorial.py took 0.038 seconds
[2024-05-12T01:13:52.373+0000] {processor.py:161} INFO - Started process (PID=12520) to work on /home/airflow/.local/lib/python3.12/site-packages/airflow/example_dags/tutorial.py
[2024-05-12T01:13:52.373+0000] {processor.py:830} INFO - Processing file /home/airflow/.local/lib/python3.12/site-packages/airflow/example_dags/tutorial.py for tasks to queue
[2024-05-12T01:13:52.375+0000] {logging_mixin.py:188} INFO - [2024-05-12T01:13:52.374+0000] {dagbag.py:545} INFO - Filling up the DagBag from /home/airflow/.local/lib/python3.12/site-packages/airflow/example_dags/tutorial.py
[2024-05-12T01:13:52.378+0000] {processor.py:840} INFO - DAG(s) 'tutorial' retrieved from /home/airflow/.local/lib/python3.12/site-packages/airflow/example_dags/tutorial.py
[2024-05-12T01:13:52.388+0000] {logging_mixin.py:188} INFO - [2024-05-12T01:13:52.388+0000] {dag.py:3096} INFO - Sync 1 DAGs
[2024-05-12T01:13:52.398+0000] {logging_mixin.py:188} INFO - [2024-05-12T01:13:52.398+0000] {dag.py:3954} INFO - Setting next_dagrun for tutorial to 2024-05-11 00:00:00+00:00, run_after=2024-05-12 00:00:00+00:00
[2024-05-12T01:13:52.409+0000] {processor.py:183} INFO - Processing /home/airflow/.local/lib/python3.12/site-packages/airflow/example_dags/tutorial.py took 0.039 seconds
[2024-05-12T01:14:23.281+0000] {processor.py:161} INFO - Started process (PID=12783) to work on /home/airflow/.local/lib/python3.12/site-packages/airflow/example_dags/tutorial.py
[2024-05-12T01:14:23.282+0000] {processor.py:830} INFO - Processing file /home/airflow/.local/lib/python3.12/site-packages/airflow/example_dags/tutorial.py for tasks to queue
[2024-05-12T01:14:23.283+0000] {logging_mixin.py:188} INFO - [2024-05-12T01:14:23.283+0000] {dagbag.py:545} INFO - Filling up the DagBag from /home/airflow/.local/lib/python3.12/site-packages/airflow/example_dags/tutorial.py
[2024-05-12T01:14:23.286+0000] {processor.py:840} INFO - DAG(s) 'tutorial' retrieved from /home/airflow/.local/lib/python3.12/site-packages/airflow/example_dags/tutorial.py
[2024-05-12T01:14:23.298+0000] {logging_mixin.py:188} INFO - [2024-05-12T01:14:23.297+0000] {dag.py:3096} INFO - Sync 1 DAGs
[2024-05-12T01:14:23.308+0000] {logging_mixin.py:188} INFO - [2024-05-12T01:14:23.308+0000] {dag.py:3954} INFO - Setting next_dagrun for tutorial to 2024-05-11 00:00:00+00:00, run_after=2024-05-12 00:00:00+00:00
[2024-05-12T01:14:23.317+0000] {processor.py:183} INFO - Processing /home/airflow/.local/lib/python3.12/site-packages/airflow/example_dags/tutorial.py took 0.038 seconds
[2024-05-12T01:14:54.216+0000] {processor.py:161} INFO - Started process (PID=13043) to work on /home/airflow/.local/lib/python3.12/site-packages/airflow/example_dags/tutorial.py
[2024-05-12T01:14:54.217+0000] {processor.py:830} INFO - Processing file /home/airflow/.local/lib/python3.12/site-packages/airflow/example_dags/tutorial.py for tasks to queue
[2024-05-12T01:14:54.218+0000] {logging_mixin.py:188} INFO - [2024-05-12T01:14:54.218+0000] {dagbag.py:545} INFO - Filling up the DagBag from /home/airflow/.local/lib/python3.12/site-packages/airflow/example_dags/tutorial.py
[2024-05-12T01:14:54.221+0000] {processor.py:840} INFO - DAG(s) 'tutorial' retrieved from /home/airflow/.local/lib/python3.12/site-packages/airflow/example_dags/tutorial.py
[2024-05-12T01:14:54.232+0000] {logging_mixin.py:188} INFO - [2024-05-12T01:14:54.232+0000] {dag.py:3096} INFO - Sync 1 DAGs
[2024-05-12T01:14:54.243+0000] {logging_mixin.py:188} INFO - [2024-05-12T01:14:54.242+0000] {dag.py:3954} INFO - Setting next_dagrun for tutorial to 2024-05-11 00:00:00+00:00, run_after=2024-05-12 00:00:00+00:00
[2024-05-12T01:14:54.252+0000] {processor.py:183} INFO - Processing /home/airflow/.local/lib/python3.12/site-packages/airflow/example_dags/tutorial.py took 0.039 seconds
[2024-05-12T01:15:25.219+0000] {processor.py:161} INFO - Started process (PID=13305) to work on /home/airflow/.local/lib/python3.12/site-packages/airflow/example_dags/tutorial.py
[2024-05-12T01:15:25.220+0000] {processor.py:830} INFO - Processing file /home/airflow/.local/lib/python3.12/site-packages/airflow/example_dags/tutorial.py for tasks to queue
[2024-05-12T01:15:25.221+0000] {logging_mixin.py:188} INFO - [2024-05-12T01:15:25.221+0000] {dagbag.py:545} INFO - Filling up the DagBag from /home/airflow/.local/lib/python3.12/site-packages/airflow/example_dags/tutorial.py
[2024-05-12T01:15:25.224+0000] {processor.py:840} INFO - DAG(s) 'tutorial' retrieved from /home/airflow/.local/lib/python3.12/site-packages/airflow/example_dags/tutorial.py
[2024-05-12T01:15:25.234+0000] {logging_mixin.py:188} INFO - [2024-05-12T01:15:25.234+0000] {dag.py:3096} INFO - Sync 1 DAGs
[2024-05-12T01:15:25.244+0000] {logging_mixin.py:188} INFO - [2024-05-12T01:15:25.244+0000] {dag.py:3954} INFO - Setting next_dagrun for tutorial to 2024-05-11 00:00:00+00:00, run_after=2024-05-12 00:00:00+00:00
[2024-05-12T01:15:25.253+0000] {processor.py:183} INFO - Processing /home/airflow/.local/lib/python3.12/site-packages/airflow/example_dags/tutorial.py took 0.037 seconds
[2024-05-12T01:15:56.128+0000] {processor.py:161} INFO - Started process (PID=13567) to work on /home/airflow/.local/lib/python3.12/site-packages/airflow/example_dags/tutorial.py
[2024-05-12T01:15:56.129+0000] {processor.py:830} INFO - Processing file /home/airflow/.local/lib/python3.12/site-packages/airflow/example_dags/tutorial.py for tasks to queue
[2024-05-12T01:15:56.130+0000] {logging_mixin.py:188} INFO - [2024-05-12T01:15:56.130+0000] {dagbag.py:545} INFO - Filling up the DagBag from /home/airflow/.local/lib/python3.12/site-packages/airflow/example_dags/tutorial.py
[2024-05-12T01:15:56.133+0000] {processor.py:840} INFO - DAG(s) 'tutorial' retrieved from /home/airflow/.local/lib/python3.12/site-packages/airflow/example_dags/tutorial.py
[2024-05-12T01:15:56.143+0000] {logging_mixin.py:188} INFO - [2024-05-12T01:15:56.143+0000] {dag.py:3096} INFO - Sync 1 DAGs
[2024-05-12T01:15:56.154+0000] {logging_mixin.py:188} INFO - [2024-05-12T01:15:56.154+0000] {dag.py:3954} INFO - Setting next_dagrun for tutorial to 2024-05-11 00:00:00+00:00, run_after=2024-05-12 00:00:00+00:00
[2024-05-12T01:15:56.164+0000] {processor.py:183} INFO - Processing /home/airflow/.local/lib/python3.12/site-packages/airflow/example_dags/tutorial.py took 0.039 seconds
[2024-05-12T01:16:26.906+0000] {processor.py:161} INFO - Started process (PID=13829) to work on /home/airflow/.local/lib/python3.12/site-packages/airflow/example_dags/tutorial.py
[2024-05-12T01:16:26.906+0000] {processor.py:830} INFO - Processing file /home/airflow/.local/lib/python3.12/site-packages/airflow/example_dags/tutorial.py for tasks to queue
[2024-05-12T01:16:26.907+0000] {logging_mixin.py:188} INFO - [2024-05-12T01:16:26.907+0000] {dagbag.py:545} INFO - Filling up the DagBag from /home/airflow/.local/lib/python3.12/site-packages/airflow/example_dags/tutorial.py
[2024-05-12T01:16:26.910+0000] {processor.py:840} INFO - DAG(s) 'tutorial' retrieved from /home/airflow/.local/lib/python3.12/site-packages/airflow/example_dags/tutorial.py
[2024-05-12T01:16:26.920+0000] {logging_mixin.py:188} INFO - [2024-05-12T01:16:26.920+0000] {dag.py:3096} INFO - Sync 1 DAGs
[2024-05-12T01:16:26.930+0000] {logging_mixin.py:188} INFO - [2024-05-12T01:16:26.930+0000] {dag.py:3954} INFO - Setting next_dagrun for tutorial to 2024-05-11 00:00:00+00:00, run_after=2024-05-12 00:00:00+00:00
[2024-05-12T01:16:26.938+0000] {processor.py:183} INFO - Processing /home/airflow/.local/lib/python3.12/site-packages/airflow/example_dags/tutorial.py took 0.036 seconds
[2024-05-12T01:16:57.625+0000] {processor.py:161} INFO - Started process (PID=14091) to work on /home/airflow/.local/lib/python3.12/site-packages/airflow/example_dags/tutorial.py
[2024-05-12T01:16:57.625+0000] {processor.py:830} INFO - Processing file /home/airflow/.local/lib/python3.12/site-packages/airflow/example_dags/tutorial.py for tasks to queue
[2024-05-12T01:16:57.626+0000] {logging_mixin.py:188} INFO - [2024-05-12T01:16:57.626+0000] {dagbag.py:545} INFO - Filling up the DagBag from /home/airflow/.local/lib/python3.12/site-packages/airflow/example_dags/tutorial.py
[2024-05-12T01:16:57.629+0000] {processor.py:840} INFO - DAG(s) 'tutorial' retrieved from /home/airflow/.local/lib/python3.12/site-packages/airflow/example_dags/tutorial.py
[2024-05-12T01:16:57.639+0000] {logging_mixin.py:188} INFO - [2024-05-12T01:16:57.639+0000] {dag.py:3096} INFO - Sync 1 DAGs
[2024-05-12T01:16:57.648+0000] {logging_mixin.py:188} INFO - [2024-05-12T01:16:57.648+0000] {dag.py:3954} INFO - Setting next_dagrun for tutorial to 2024-05-11 00:00:00+00:00, run_after=2024-05-12 00:00:00+00:00
[2024-05-12T01:16:57.656+0000] {processor.py:183} INFO - Processing /home/airflow/.local/lib/python3.12/site-packages/airflow/example_dags/tutorial.py took 0.035 seconds
[2024-05-12T01:17:28.415+0000] {processor.py:161} INFO - Started process (PID=14353) to work on /home/airflow/.local/lib/python3.12/site-packages/airflow/example_dags/tutorial.py
[2024-05-12T01:17:28.415+0000] {processor.py:830} INFO - Processing file /home/airflow/.local/lib/python3.12/site-packages/airflow/example_dags/tutorial.py for tasks to queue
[2024-05-12T01:17:28.416+0000] {logging_mixin.py:188} INFO - [2024-05-12T01:17:28.416+0000] {dagbag.py:545} INFO - Filling up the DagBag from /home/airflow/.local/lib/python3.12/site-packages/airflow/example_dags/tutorial.py
[2024-05-12T01:17:28.419+0000] {processor.py:840} INFO - DAG(s) 'tutorial' retrieved from /home/airflow/.local/lib/python3.12/site-packages/airflow/example_dags/tutorial.py
[2024-05-12T01:17:28.429+0000] {logging_mixin.py:188} INFO - [2024-05-12T01:17:28.429+0000] {dag.py:3096} INFO - Sync 1 DAGs
[2024-05-12T01:17:28.439+0000] {logging_mixin.py:188} INFO - [2024-05-12T01:17:28.439+0000] {dag.py:3954} INFO - Setting next_dagrun for tutorial to 2024-05-11 00:00:00+00:00, run_after=2024-05-12 00:00:00+00:00
[2024-05-12T01:17:28.447+0000] {processor.py:183} INFO - Processing /home/airflow/.local/lib/python3.12/site-packages/airflow/example_dags/tutorial.py took 0.036 seconds
[2024-05-12T01:17:59.235+0000] {processor.py:161} INFO - Started process (PID=14615) to work on /home/airflow/.local/lib/python3.12/site-packages/airflow/example_dags/tutorial.py
[2024-05-12T01:17:59.236+0000] {processor.py:830} INFO - Processing file /home/airflow/.local/lib/python3.12/site-packages/airflow/example_dags/tutorial.py for tasks to queue
[2024-05-12T01:17:59.236+0000] {logging_mixin.py:188} INFO - [2024-05-12T01:17:59.236+0000] {dagbag.py:545} INFO - Filling up the DagBag from /home/airflow/.local/lib/python3.12/site-packages/airflow/example_dags/tutorial.py
[2024-05-12T01:17:59.239+0000] {processor.py:840} INFO - DAG(s) 'tutorial' retrieved from /home/airflow/.local/lib/python3.12/site-packages/airflow/example_dags/tutorial.py
[2024-05-12T01:17:59.249+0000] {logging_mixin.py:188} INFO - [2024-05-12T01:17:59.249+0000] {dag.py:3096} INFO - Sync 1 DAGs
[2024-05-12T01:17:59.258+0000] {logging_mixin.py:188} INFO - [2024-05-12T01:17:59.258+0000] {dag.py:3954} INFO - Setting next_dagrun for tutorial to 2024-05-11 00:00:00+00:00, run_after=2024-05-12 00:00:00+00:00
[2024-05-12T01:17:59.266+0000] {processor.py:183} INFO - Processing /home/airflow/.local/lib/python3.12/site-packages/airflow/example_dags/tutorial.py took 0.034 seconds
[2024-05-12T01:18:30.123+0000] {processor.py:161} INFO - Started process (PID=14877) to work on /home/airflow/.local/lib/python3.12/site-packages/airflow/example_dags/tutorial.py
[2024-05-12T01:18:30.123+0000] {processor.py:830} INFO - Processing file /home/airflow/.local/lib/python3.12/site-packages/airflow/example_dags/tutorial.py for tasks to queue
[2024-05-12T01:18:30.124+0000] {logging_mixin.py:188} INFO - [2024-05-12T01:18:30.124+0000] {dagbag.py:545} INFO - Filling up the DagBag from /home/airflow/.local/lib/python3.12/site-packages/airflow/example_dags/tutorial.py
[2024-05-12T01:18:30.127+0000] {processor.py:840} INFO - DAG(s) 'tutorial' retrieved from /home/airflow/.local/lib/python3.12/site-packages/airflow/example_dags/tutorial.py
[2024-05-12T01:18:30.137+0000] {logging_mixin.py:188} INFO - [2024-05-12T01:18:30.137+0000] {dag.py:3096} INFO - Sync 1 DAGs
[2024-05-12T01:18:30.147+0000] {logging_mixin.py:188} INFO - [2024-05-12T01:18:30.147+0000] {dag.py:3954} INFO - Setting next_dagrun for tutorial to 2024-05-11 00:00:00+00:00, run_after=2024-05-12 00:00:00+00:00
[2024-05-12T01:18:30.156+0000] {processor.py:183} INFO - Processing /home/airflow/.local/lib/python3.12/site-packages/airflow/example_dags/tutorial.py took 0.036 seconds
[2024-05-12T01:19:00.885+0000] {processor.py:161} INFO - Started process (PID=15139) to work on /home/airflow/.local/lib/python3.12/site-packages/airflow/example_dags/tutorial.py
[2024-05-12T01:19:00.885+0000] {processor.py:830} INFO - Processing file /home/airflow/.local/lib/python3.12/site-packages/airflow/example_dags/tutorial.py for tasks to queue
[2024-05-12T01:19:00.886+0000] {logging_mixin.py:188} INFO - [2024-05-12T01:19:00.886+0000] {dagbag.py:545} INFO - Filling up the DagBag from /home/airflow/.local/lib/python3.12/site-packages/airflow/example_dags/tutorial.py
[2024-05-12T01:19:00.890+0000] {processor.py:840} INFO - DAG(s) 'tutorial' retrieved from /home/airflow/.local/lib/python3.12/site-packages/airflow/example_dags/tutorial.py
[2024-05-12T01:19:00.900+0000] {logging_mixin.py:188} INFO - [2024-05-12T01:19:00.900+0000] {dag.py:3096} INFO - Sync 1 DAGs
[2024-05-12T01:19:00.911+0000] {logging_mixin.py:188} INFO - [2024-05-12T01:19:00.911+0000] {dag.py:3954} INFO - Setting next_dagrun for tutorial to 2024-05-11 00:00:00+00:00, run_after=2024-05-12 00:00:00+00:00
[2024-05-12T01:19:00.921+0000] {processor.py:183} INFO - Processing /home/airflow/.local/lib/python3.12/site-packages/airflow/example_dags/tutorial.py took 0.039 seconds
[2024-05-12T01:19:31.828+0000] {processor.py:161} INFO - Started process (PID=15401) to work on /home/airflow/.local/lib/python3.12/site-packages/airflow/example_dags/tutorial.py
[2024-05-12T01:19:31.829+0000] {processor.py:830} INFO - Processing file /home/airflow/.local/lib/python3.12/site-packages/airflow/example_dags/tutorial.py for tasks to queue
[2024-05-12T01:19:31.830+0000] {logging_mixin.py:188} INFO - [2024-05-12T01:19:31.829+0000] {dagbag.py:545} INFO - Filling up the DagBag from /home/airflow/.local/lib/python3.12/site-packages/airflow/example_dags/tutorial.py
[2024-05-12T01:19:31.833+0000] {processor.py:840} INFO - DAG(s) 'tutorial' retrieved from /home/airflow/.local/lib/python3.12/site-packages/airflow/example_dags/tutorial.py
[2024-05-12T01:19:31.843+0000] {logging_mixin.py:188} INFO - [2024-05-12T01:19:31.843+0000] {dag.py:3096} INFO - Sync 1 DAGs
[2024-05-12T01:19:31.853+0000] {logging_mixin.py:188} INFO - [2024-05-12T01:19:31.853+0000] {dag.py:3954} INFO - Setting next_dagrun for tutorial to 2024-05-11 00:00:00+00:00, run_after=2024-05-12 00:00:00+00:00
[2024-05-12T01:19:31.862+0000] {processor.py:183} INFO - Processing /home/airflow/.local/lib/python3.12/site-packages/airflow/example_dags/tutorial.py took 0.037 seconds
[2024-05-12T01:20:02.615+0000] {processor.py:161} INFO - Started process (PID=15663) to work on /home/airflow/.local/lib/python3.12/site-packages/airflow/example_dags/tutorial.py
[2024-05-12T01:20:02.616+0000] {processor.py:830} INFO - Processing file /home/airflow/.local/lib/python3.12/site-packages/airflow/example_dags/tutorial.py for tasks to queue
[2024-05-12T01:20:02.617+0000] {logging_mixin.py:188} INFO - [2024-05-12T01:20:02.617+0000] {dagbag.py:545} INFO - Filling up the DagBag from /home/airflow/.local/lib/python3.12/site-packages/airflow/example_dags/tutorial.py
[2024-05-12T01:20:02.620+0000] {processor.py:840} INFO - DAG(s) 'tutorial' retrieved from /home/airflow/.local/lib/python3.12/site-packages/airflow/example_dags/tutorial.py
[2024-05-12T01:20:02.631+0000] {logging_mixin.py:188} INFO - [2024-05-12T01:20:02.631+0000] {dag.py:3096} INFO - Sync 1 DAGs
[2024-05-12T01:20:02.643+0000] {logging_mixin.py:188} INFO - [2024-05-12T01:20:02.642+0000] {dag.py:3954} INFO - Setting next_dagrun for tutorial to 2024-05-11 00:00:00+00:00, run_after=2024-05-12 00:00:00+00:00
[2024-05-12T01:20:02.652+0000] {processor.py:183} INFO - Processing /home/airflow/.local/lib/python3.12/site-packages/airflow/example_dags/tutorial.py took 0.040 seconds
[2024-05-12T01:20:33.426+0000] {processor.py:161} INFO - Started process (PID=15925) to work on /home/airflow/.local/lib/python3.12/site-packages/airflow/example_dags/tutorial.py
[2024-05-12T01:20:33.427+0000] {processor.py:830} INFO - Processing file /home/airflow/.local/lib/python3.12/site-packages/airflow/example_dags/tutorial.py for tasks to queue
[2024-05-12T01:20:33.428+0000] {logging_mixin.py:188} INFO - [2024-05-12T01:20:33.428+0000] {dagbag.py:545} INFO - Filling up the DagBag from /home/airflow/.local/lib/python3.12/site-packages/airflow/example_dags/tutorial.py
[2024-05-12T01:20:33.431+0000] {processor.py:840} INFO - DAG(s) 'tutorial' retrieved from /home/airflow/.local/lib/python3.12/site-packages/airflow/example_dags/tutorial.py
[2024-05-12T01:20:33.441+0000] {logging_mixin.py:188} INFO - [2024-05-12T01:20:33.441+0000] {dag.py:3096} INFO - Sync 1 DAGs
[2024-05-12T01:20:33.452+0000] {logging_mixin.py:188} INFO - [2024-05-12T01:20:33.452+0000] {dag.py:3954} INFO - Setting next_dagrun for tutorial to 2024-05-11 00:00:00+00:00, run_after=2024-05-12 00:00:00+00:00
[2024-05-12T01:20:33.460+0000] {processor.py:183} INFO - Processing /home/airflow/.local/lib/python3.12/site-packages/airflow/example_dags/tutorial.py took 0.038 seconds
[2024-05-12T01:21:04.263+0000] {processor.py:161} INFO - Started process (PID=16187) to work on /home/airflow/.local/lib/python3.12/site-packages/airflow/example_dags/tutorial.py
[2024-05-12T01:21:04.265+0000] {processor.py:830} INFO - Processing file /home/airflow/.local/lib/python3.12/site-packages/airflow/example_dags/tutorial.py for tasks to queue
[2024-05-12T01:21:04.266+0000] {logging_mixin.py:188} INFO - [2024-05-12T01:21:04.265+0000] {dagbag.py:545} INFO - Filling up the DagBag from /home/airflow/.local/lib/python3.12/site-packages/airflow/example_dags/tutorial.py
[2024-05-12T01:21:04.269+0000] {processor.py:840} INFO - DAG(s) 'tutorial' retrieved from /home/airflow/.local/lib/python3.12/site-packages/airflow/example_dags/tutorial.py
[2024-05-12T01:21:04.280+0000] {logging_mixin.py:188} INFO - [2024-05-12T01:21:04.279+0000] {dag.py:3096} INFO - Sync 1 DAGs
[2024-05-12T01:21:04.294+0000] {logging_mixin.py:188} INFO - [2024-05-12T01:21:04.294+0000] {dag.py:3954} INFO - Setting next_dagrun for tutorial to 2024-05-11 00:00:00+00:00, run_after=2024-05-12 00:00:00+00:00
[2024-05-12T01:21:04.305+0000] {processor.py:183} INFO - Processing /home/airflow/.local/lib/python3.12/site-packages/airflow/example_dags/tutorial.py took 0.045 seconds
[2024-05-12T01:21:35.205+0000] {processor.py:161} INFO - Started process (PID=16448) to work on /home/airflow/.local/lib/python3.12/site-packages/airflow/example_dags/tutorial.py
[2024-05-12T01:21:35.205+0000] {processor.py:830} INFO - Processing file /home/airflow/.local/lib/python3.12/site-packages/airflow/example_dags/tutorial.py for tasks to queue
[2024-05-12T01:21:35.206+0000] {logging_mixin.py:188} INFO - [2024-05-12T01:21:35.206+0000] {dagbag.py:545} INFO - Filling up the DagBag from /home/airflow/.local/lib/python3.12/site-packages/airflow/example_dags/tutorial.py
[2024-05-12T01:21:35.210+0000] {processor.py:840} INFO - DAG(s) 'tutorial' retrieved from /home/airflow/.local/lib/python3.12/site-packages/airflow/example_dags/tutorial.py
[2024-05-12T01:21:35.221+0000] {logging_mixin.py:188} INFO - [2024-05-12T01:21:35.220+0000] {dag.py:3096} INFO - Sync 1 DAGs
[2024-05-12T01:21:35.231+0000] {logging_mixin.py:188} INFO - [2024-05-12T01:21:35.231+0000] {dag.py:3954} INFO - Setting next_dagrun for tutorial to 2024-05-11 00:00:00+00:00, run_after=2024-05-12 00:00:00+00:00
[2024-05-12T01:21:35.242+0000] {processor.py:183} INFO - Processing /home/airflow/.local/lib/python3.12/site-packages/airflow/example_dags/tutorial.py took 0.041 seconds
[2024-05-12T01:22:05.998+0000] {processor.py:161} INFO - Started process (PID=16710) to work on /home/airflow/.local/lib/python3.12/site-packages/airflow/example_dags/tutorial.py
[2024-05-12T01:22:05.998+0000] {processor.py:830} INFO - Processing file /home/airflow/.local/lib/python3.12/site-packages/airflow/example_dags/tutorial.py for tasks to queue
[2024-05-12T01:22:05.999+0000] {logging_mixin.py:188} INFO - [2024-05-12T01:22:05.999+0000] {dagbag.py:545} INFO - Filling up the DagBag from /home/airflow/.local/lib/python3.12/site-packages/airflow/example_dags/tutorial.py
[2024-05-12T01:22:06.002+0000] {processor.py:840} INFO - DAG(s) 'tutorial' retrieved from /home/airflow/.local/lib/python3.12/site-packages/airflow/example_dags/tutorial.py
[2024-05-12T01:22:06.012+0000] {logging_mixin.py:188} INFO - [2024-05-12T01:22:06.012+0000] {dag.py:3096} INFO - Sync 1 DAGs
[2024-05-12T01:22:06.023+0000] {logging_mixin.py:188} INFO - [2024-05-12T01:22:06.023+0000] {dag.py:3954} INFO - Setting next_dagrun for tutorial to 2024-05-11 00:00:00+00:00, run_after=2024-05-12 00:00:00+00:00
[2024-05-12T01:22:06.032+0000] {processor.py:183} INFO - Processing /home/airflow/.local/lib/python3.12/site-packages/airflow/example_dags/tutorial.py took 0.037 seconds
