[2024-05-11T16:14:48.996+0000] {local_task_job_runner.py:120} INFO - ::group::Pre task execution logs
[2024-05-11T16:14:49.007+0000] {taskinstance.py:2076} INFO - Dependencies all met for dep_context=non-requeueable deps ti=<TaskInstance: example_bash_operator.this_will_skip scheduled__2024-05-10T00:00:00+00:00 [queued]>
[2024-05-11T16:14:49.012+0000] {taskinstance.py:2076} INFO - Dependencies all met for dep_context=requeueable deps ti=<TaskInstance: example_bash_operator.this_will_skip scheduled__2024-05-10T00:00:00+00:00 [queued]>
[2024-05-11T16:14:49.014+0000] {taskinstance.py:2306} INFO - Starting attempt 1 of 1
[2024-05-11T16:14:49.022+0000] {taskinstance.py:2330} INFO - Executing <Task(BashOperator): this_will_skip> on 2024-05-10 00:00:00+00:00
[2024-05-11T16:14:49.028+0000] {warnings.py:110} WARNING - /home/***/.local/lib/python3.12/site-packages/***/task/task_runner/standard_task_runner.py:61: DeprecationWarning: This process (pid=94) is multi-threaded, use of fork() may lead to deadlocks in the child.
  pid = os.fork()

[2024-05-11T16:14:49.031+0000] {standard_task_runner.py:63} INFO - Started process 107 to run task
[2024-05-11T16:14:49.031+0000] {standard_task_runner.py:90} INFO - Running: ['***', 'tasks', 'run', 'example_bash_operator', 'this_will_skip', 'scheduled__2024-05-10T00:00:00+00:00', '--job-id', '5', '--raw', '--subdir', '/home/***/.local/lib/python3.12/site-packages/***/example_dags/example_bash_operator.py', '--cfg-path', '/tmp/tmp91wrdzmp']
[2024-05-11T16:14:49.034+0000] {standard_task_runner.py:91} INFO - Job 5: Subtask this_will_skip
[2024-05-11T16:14:49.076+0000] {task_command.py:426} INFO - Running <TaskInstance: example_bash_operator.this_will_skip scheduled__2024-05-10T00:00:00+00:00 [running]> on host 3dbbf41cb70c
[2024-05-11T16:14:49.138+0000] {taskinstance.py:2648} INFO - Exporting env vars: AIRFLOW_CTX_DAG_OWNER='***' AIRFLOW_CTX_DAG_ID='example_bash_operator' AIRFLOW_CTX_TASK_ID='this_will_skip' AIRFLOW_CTX_EXECUTION_DATE='2024-05-10T00:00:00+00:00' AIRFLOW_CTX_TRY_NUMBER='1' AIRFLOW_CTX_DAG_RUN_ID='scheduled__2024-05-10T00:00:00+00:00'
[2024-05-11T16:14:49.139+0000] {taskinstance.py:430} INFO - ::endgroup::
[2024-05-11T16:14:49.140+0000] {subprocess.py:63} INFO - Tmp dir root location: /tmp
[2024-05-11T16:14:49.141+0000] {subprocess.py:75} INFO - Running command: ['/usr/bin/bash', '-c', 'echo "hello world"; exit 99;']
[2024-05-11T16:14:49.148+0000] {subprocess.py:86} INFO - Output:
[2024-05-11T16:14:49.148+0000] {subprocess.py:93} INFO - hello world
[2024-05-11T16:14:49.149+0000] {subprocess.py:97} INFO - Command exited with return code 99
[2024-05-11T16:14:49.149+0000] {taskinstance.py:441} INFO - ::group::Post task execution logs
[2024-05-11T16:14:49.150+0000] {taskinstance.py:2506} INFO - Bash command returned exit code 99. Skipping.
[2024-05-11T16:14:49.156+0000] {taskinstance.py:1206} INFO - Marking task as SKIPPED. dag_id=example_bash_operator, task_id=this_will_skip, run_id=scheduled__2024-05-10T00:00:00+00:00, execution_date=20240510T000000, start_date=20240511T161449, end_date=20240511T161449
[2024-05-11T16:14:49.171+0000] {local_task_job_runner.py:240} INFO - Task exited with return code 0
[2024-05-11T16:14:49.185+0000] {taskinstance.py:3498} INFO - 0 downstream tasks scheduled from follow-on schedule check
[2024-05-11T16:14:49.187+0000] {local_task_job_runner.py:222} INFO - ::endgroup::
