[2024-05-12T01:55:29.163+0000] {local_task_job_runner.py:120} INFO - ::group::Pre task execution logs
[2024-05-12T01:55:29.183+0000] {taskinstance.py:2076} INFO - Dependencies all met for dep_context=non-requeueable deps ti=<TaskInstance: tutorial.first_task scheduled__2024-05-11T00:00:00+00:00 [queued]>
[2024-05-12T01:55:29.189+0000] {taskinstance.py:2076} INFO - Dependencies all met for dep_context=requeueable deps ti=<TaskInstance: tutorial.first_task scheduled__2024-05-11T00:00:00+00:00 [queued]>
[2024-05-12T01:55:29.189+0000] {taskinstance.py:2306} INFO - Starting attempt 1 of 6
[2024-05-12T01:55:29.196+0000] {taskinstance.py:2330} INFO - Executing <Task(BashOperator): first_task> on 2024-05-11 00:00:00+00:00
[2024-05-12T01:55:29.203+0000] {logging_mixin.py:188} WARNING - /home/***/.local/lib/python3.12/site-packages/***/task/task_runner/standard_task_runner.py:61 DeprecationWarning: This process (pid=697) is multi-threaded, use of fork() may lead to deadlocks in the child.
[2024-05-12T01:55:29.200+0000] {standard_task_runner.py:90} INFO - Running: ['***', 'tasks', 'run', 'tutorial', 'first_task', 'scheduled__2024-05-11T00:00:00+00:00', '--job-id', '4', '--raw', '--subdir', 'DAGS_FOLDER/our_first_dag.py', '--cfg-path', '/tmp/tmpxksdqmju']
[2024-05-12T01:55:29.206+0000] {standard_task_runner.py:63} INFO - Started process 698 to run task
[2024-05-12T01:55:29.206+0000] {standard_task_runner.py:91} INFO - Job 4: Subtask first_task
[2024-05-12T01:55:29.264+0000] {task_command.py:426} INFO - Running <TaskInstance: tutorial.first_task scheduled__2024-05-11T00:00:00+00:00 [running]> on host e768b7f5ee51
[2024-05-12T01:55:29.316+0000] {taskinstance.py:2648} INFO - Exporting env vars: AIRFLOW_CTX_DAG_OWNER='tony arianto' AIRFLOW_CTX_DAG_ID='tutorial' AIRFLOW_CTX_TASK_ID='first_task' AIRFLOW_CTX_EXECUTION_DATE='2024-05-11T00:00:00+00:00' AIRFLOW_CTX_TRY_NUMBER='1' AIRFLOW_CTX_DAG_RUN_ID='scheduled__2024-05-11T00:00:00+00:00'
[2024-05-12T01:55:29.317+0000] {taskinstance.py:430} INFO - ::endgroup::
[2024-05-12T01:55:29.337+0000] {subprocess.py:63} INFO - Tmp dir root location: /tmp
[2024-05-12T01:55:29.337+0000] {subprocess.py:75} INFO - Running command: ['/usr/bin/bash', '-c', 'echo Hello World, this if the first task!']
[2024-05-12T01:55:29.341+0000] {subprocess.py:86} INFO - Output:
[2024-05-12T01:55:29.342+0000] {subprocess.py:93} INFO - Hello World, this if the first task!
[2024-05-12T01:55:29.343+0000] {subprocess.py:97} INFO - Command exited with return code 0
[2024-05-12T01:55:29.343+0000] {taskinstance.py:441} INFO - ::group::Post task execution logs
[2024-05-12T01:55:29.356+0000] {taskinstance.py:1206} INFO - Marking task as SUCCESS. dag_id=tutorial, task_id=first_task, run_id=scheduled__2024-05-11T00:00:00+00:00, execution_date=20240511T000000, start_date=20240512T015529, end_date=20240512T015529
[2024-05-12T01:55:29.401+0000] {local_task_job_runner.py:240} INFO - Task exited with return code 0
[2024-05-12T01:55:29.409+0000] {taskinstance.py:3498} INFO - 0 downstream tasks scheduled from follow-on schedule check
[2024-05-12T01:55:29.410+0000] {local_task_job_runner.py:222} INFO - ::endgroup::
