[2024-05-12T02:11:15.337+0000] {local_task_job_runner.py:120} INFO - ::group::Pre task execution logs
[2024-05-12T02:11:15.351+0000] {taskinstance.py:2076} INFO - Dependencies all met for dep_context=non-requeueable deps ti=<TaskInstance: tutorial_v3.first_task manual__2024-05-12T02:11:14.703287+00:00 [queued]>
[2024-05-12T02:11:15.354+0000] {taskinstance.py:2076} INFO - Dependencies all met for dep_context=requeueable deps ti=<TaskInstance: tutorial_v3.first_task manual__2024-05-12T02:11:14.703287+00:00 [queued]>
[2024-05-12T02:11:15.354+0000] {taskinstance.py:2306} INFO - Starting attempt 1 of 6
[2024-05-12T02:11:15.359+0000] {taskinstance.py:2330} INFO - Executing <Task(BashOperator): first_task> on 2024-05-12 02:11:14.703287+00:00
[2024-05-12T02:11:15.363+0000] {standard_task_runner.py:90} INFO - Running: ['***', 'tasks', 'run', 'tutorial_v3', 'first_task', 'manual__2024-05-12T02:11:14.703287+00:00', '--job-id', '10', '--raw', '--subdir', 'DAGS_FOLDER/our_first_dag.py', '--cfg-path', '/tmp/tmpwjvuqqkp']
[2024-05-12T02:11:15.364+0000] {logging_mixin.py:188} WARNING - /home/***/.local/lib/python3.12/site-packages/***/task/task_runner/standard_task_runner.py:61 DeprecationWarning: This process (pid=1078) is multi-threaded, use of fork() may lead to deadlocks in the child.
[2024-05-12T02:11:15.364+0000] {standard_task_runner.py:91} INFO - Job 10: Subtask first_task
[2024-05-12T02:11:15.364+0000] {standard_task_runner.py:63} INFO - Started process 1079 to run task
[2024-05-12T02:11:15.383+0000] {task_command.py:426} INFO - Running <TaskInstance: tutorial_v3.first_task manual__2024-05-12T02:11:14.703287+00:00 [running]> on host e768b7f5ee51
[2024-05-12T02:11:15.422+0000] {taskinstance.py:2648} INFO - Exporting env vars: AIRFLOW_CTX_DAG_OWNER='tony arianto' AIRFLOW_CTX_DAG_ID='tutorial_v3' AIRFLOW_CTX_TASK_ID='first_task' AIRFLOW_CTX_EXECUTION_DATE='2024-05-12T02:11:14.703287+00:00' AIRFLOW_CTX_TRY_NUMBER='1' AIRFLOW_CTX_DAG_RUN_ID='manual__2024-05-12T02:11:14.703287+00:00'
[2024-05-12T02:11:15.423+0000] {taskinstance.py:430} INFO - ::endgroup::
[2024-05-12T02:11:15.430+0000] {subprocess.py:63} INFO - Tmp dir root location: /tmp
[2024-05-12T02:11:15.431+0000] {subprocess.py:75} INFO - Running command: ['/usr/bin/bash', '-c', 'echo Hello World, this if the first task!']
[2024-05-12T02:11:15.435+0000] {subprocess.py:86} INFO - Output:
[2024-05-12T02:11:15.436+0000] {subprocess.py:93} INFO - Hello World, this if the first task!
[2024-05-12T02:11:15.436+0000] {subprocess.py:97} INFO - Command exited with return code 0
[2024-05-12T02:11:15.436+0000] {taskinstance.py:441} INFO - ::group::Post task execution logs
[2024-05-12T02:11:15.449+0000] {taskinstance.py:1206} INFO - Marking task as SUCCESS. dag_id=tutorial_v3, task_id=first_task, run_id=manual__2024-05-12T02:11:14.703287+00:00, execution_date=20240512T021114, start_date=20240512T021115, end_date=20240512T021115
[2024-05-12T02:11:15.466+0000] {local_task_job_runner.py:240} INFO - Task exited with return code 0
[2024-05-12T02:11:15.476+0000] {taskinstance.py:3498} INFO - 1 downstream tasks scheduled from follow-on schedule check
[2024-05-12T02:11:15.477+0000] {local_task_job_runner.py:222} INFO - ::endgroup::
